2024-10-14 18:47:24,904 : INFO : root : Loading config.
2024-10-14 18:47:24,908 : INFO : YamlMultifileConfigLoader : Machine config file #1: config.yaml
2024-10-14 18:47:24,908 : INFO : ConfigProcessor : Loading config from cache: /var/folders/l2/q8hj_6s91xnb2jxg1sqm0h7r0000gn/T/fb4db0341b09a4be02e1d6b8eab00179.mpf_cache
2024-10-14 18:47:24,930 : INFO : ConfigProcessor : Loading config from cache: /var/folders/l2/q8hj_6s91xnb2jxg1sqm0h7r0000gn/T/c7af4841f7c2cabb0f971746daddf284.mpf_cache
2024-10-14 18:47:24,931 : INFO : ConfigProcessor : Loading config from cache: /var/folders/l2/q8hj_6s91xnb2jxg1sqm0h7r0000gn/T/edcc5f1d3215b377c9faab88c62e4ce0.mpf_cache
2024-10-14 18:47:24,931 : INFO : Machine : Mission Pinball Framework Core Engine v0.57.1.dev3
2024-10-14 18:47:24,931 : INFO : Machine : Command line arguments: {'no_load_cache': False, 'create_config_cache': True, 'bcp': False, 'configfile': ['config.yaml'], 'force_assets_load': False, 'platform_integration_test': False, 'jsonlogging': False, 'logfile': 'logs/2024-10-14-18-47-24-mpf-Tanners-Laptop.local.log', 'pause': False, 'production': False, 'text_ui': True, 'loglevel': 15, 'consoleloglevel': 20, 'force_platform': None, 'syslog_address': None, 'mc_file_name': None, 'no_sound': False}
2024-10-14 18:47:24,931 : INFO : Machine : MPF path: /Library/Frameworks/Python.framework/Versions/3.9/lib/python3.9/site-packages/mpf
2024-10-14 18:47:24,931 : INFO : Machine : Machine path: /Users/tannerpetch/Documents/GitHub/trashland_4
2024-10-14 18:47:24,931 : INFO : Machine : Platform: darwin
2024-10-14 18:47:24,931 : INFO : Machine : Python executable location: /Library/Frameworks/Python.framework/Versions/3.9/bin/python3.9
2024-10-14 18:47:24,931 : INFO : Machine : Python version: 3.9.13 (64-bit)
2024-10-14 18:47:24,931 : INFO : Machine : Initializing MPF...
2024-10-14 18:47:24,959 : INFO : FAST [NET] : Trying to connect to /dev/tty.usbmodem1401 at 921600bps
2024-10-14 18:47:24,966 : INFO : FAST [NET] : Connected to /dev/tty.usbmodem1401 at 921600bps
2024-10-14 18:47:24,968 : INFO : FAST [NET] : Connected to FP-CPU-2000 with firmware v02.21
2024-10-14 18:47:24,969 : INFO : FAST [NET] : Registered I/O Board 0: Model: FP-I/O-0804, Firmware: 01.10, Switches: 8, Drivers: 4
2024-10-14 18:47:24,970 : INFO : FAST [NET] : Registered I/O Board 1: Model: FP-I/O-0804, Firmware: 01.10, Switches: 8, Drivers: 4
2024-10-14 18:47:24,971 : INFO : FAST [NET] : Registered I/O Board 2: Model: FP-I/O-3208, Firmware: 01.10, Switches: 32, Drivers: 8
2024-10-14 18:47:24,972 : INFO : FAST [NET] : Registered I/O Board 3: Model: FP-I/O-1616, Firmware: 01.10, Switches: 16, Drivers: 16
2024-10-14 18:47:24,973 : INFO : FAST [NET] : Registered I/O Board 4: Model: FP-I/O-3208, Firmware: 01.10, Switches: 32, Drivers: 8
2024-10-14 18:47:24,973 : INFO : EventManager : Event: ======'machine_var_credits_string'====== Args={'value': 'FREE PLAY', 'prev_value': None, 'change': True}
2024-10-14 18:47:24,985 : INFO : EventManager : Event: ======'machine_var_master_volume'====== Args={'value': 0.5, 'prev_value': None, 'change': True}
2024-10-14 18:47:24,985 : INFO : EventManager : Event: ======'machine_var_mpf_version'====== Args={'value': 'Mission Pinball Framework v0.57.1.dev3', 'prev_value': None, 'change': True}
2024-10-14 18:47:24,985 : INFO : EventManager : Event: ======'machine_var_mpf_extended_version'====== Args={'value': 'Mission Pinball Framework v0.57.1.dev3, Config version:6, Show version: 6, BCP version:1.1', 'prev_value': None, 'change': True}
2024-10-14 18:47:24,985 : INFO : EventManager : Event: ======'machine_var_python_version'====== Args={'value': '3.9.13', 'prev_value': None, 'change': True}
2024-10-14 18:47:24,991 : INFO : EventManager : Event: ======'machine_var_platform'====== Args={'value': 'macOS-14.3-arm64-arm-64bit', 'prev_value': None, 'change': True}
2024-10-14 18:47:24,991 : INFO : EventManager : Event: ======'machine_var_platform_system'====== Args={'value': 'Darwin', 'prev_value': None, 'change': True}
2024-10-14 18:47:24,991 : INFO : EventManager : Event: ======'machine_var_platform_release'====== Args={'value': '23.3.0', 'prev_value': None, 'change': True}
2024-10-14 18:47:24,991 : INFO : EventManager : Event: ======'machine_var_platform_version'====== Args={'value': 'Darwin Kernel Version 23.3.0: Thu Dec 21 02:29:41 PST 2023; root:xnu-10002.81.5~11/RELEASE_ARM64_T8122', 'prev_value': None, 'change': True}
2024-10-14 18:47:24,991 : INFO : EventManager : Event: ======'machine_var_platform_machine'====== Args={'value': 'arm64', 'prev_value': None, 'change': True}
2024-10-14 18:47:24,991 : INFO : EventManager : Event: ======'init_phase_1'====== Args={}
2024-10-14 18:47:25,087 : WARNING : Machine : Iterating device collections directly is deprecated and will be removed. Access by value(): device_collections[switches] -> device_collections['switches'].values()
2024-10-14 18:47:25,087 : INFO : SwitchController : <<<<<<< 's_outlane_l' active >>>>>>>
2024-10-14 18:47:25,087 : INFO : SwitchController : <<<<<<< 's_trough_1' active >>>>>>>
2024-10-14 18:47:25,087 : INFO : SwitchController : <<<<<<< 's_drop_m' active >>>>>>>
2024-10-14 18:47:25,087 : INFO : SwitchController : <<<<<<< 's_drop_l' active >>>>>>>
2024-10-14 18:47:25,087 : INFO : SwitchController : <<<<<<< 's_drop_single' active >>>>>>>
2024-10-14 18:47:25,087 : INFO : EventManager : Event: ======'init_phase_2'====== Args={}
2024-10-14 18:47:25,088 : INFO : SwitchController : Found active switch: (16, [FAST Platform Interface]) <switch.s_outlane_l>
2024-10-14 18:47:25,088 : INFO : SwitchController : Found active switch: (30, [FAST Platform Interface]) <switch.s_trough_1>
2024-10-14 18:47:25,088 : INFO : SwitchController : Found active switch: (50, [FAST Platform Interface]) <switch.s_drop_m>
2024-10-14 18:47:25,088 : INFO : SwitchController : Found active switch: (51, [FAST Platform Interface]) <switch.s_drop_l>
2024-10-14 18:47:25,088 : INFO : SwitchController : Found active switch: (57, [FAST Platform Interface]) <switch.s_drop_single>
2024-10-14 18:47:25,089 : INFO : ball_device.bd_middle_scoop : BCH: Initial count: 0
2024-10-14 18:47:25,089 : INFO : ball_device.bd_middle_scoop : State: idle
2024-10-14 18:47:25,589 : INFO : ball_device.bd_trough : BCH: Initial count: 1
2024-10-14 18:47:25,590 : INFO : ball_device.bd_trough : State: idle
2024-10-14 18:47:25,591 : INFO : ball_device.bd_autolauncher : BCH: Initial count: 0
2024-10-14 18:47:25,591 : INFO : ball_device.bd_autolauncher : State: idle
2024-10-14 18:47:25,592 : INFO : ball_device.bd_kicker_orbit : BCH: Initial count: 0
2024-10-14 18:47:25,592 : INFO : ball_device.bd_kicker_orbit : State: idle
2024-10-14 18:47:25,600 : INFO : EventManager : Event: ======'init_phase_3'====== Args={}
2024-10-14 18:47:25,602 : INFO : EventManager : Event: ======'init_phase_4'====== Args={}
2024-10-14 18:47:25,603 : INFO : BallController : Initial balls found: 1
2024-10-14 18:47:25,604 : INFO : EventManager : Event: ======'machine_var_audits_switches_s_flipper_but_l_2'====== Args={'value': 0, 'prev_value': None, 'change': True}
2024-10-14 18:47:25,604 : INFO : EventManager : Event: ======'machine_var_audits_switches_s_outlane_l'====== Args={'value': 0, 'prev_value': None, 'change': True}
2024-10-14 18:47:25,604 : INFO : EventManager : Event: ======'machine_var_audits_switches_s_trough_2'====== Args={'value': 0, 'prev_value': None, 'change': True}
2024-10-14 18:47:25,604 : INFO : EventManager : Event: ======'machine_var_audits_switches_s_start'====== Args={'value': 0, 'prev_value': None, 'change': True}
2024-10-14 18:47:25,604 : INFO : EventManager : Event: ======'machine_var_audits_switches_s_trough_5'====== Args={'value': 0, 'prev_value': None, 'change': True}
2024-10-14 18:47:25,604 : INFO : EventManager : Event: ======'machine_var_audits_switches_s_lower_orbit'====== Args={'value': 0, 'prev_value': None, 'change': True}
2024-10-14 18:47:25,604 : INFO : EventManager : Event: ======'machine_var_audits_switches_s_top'====== Args={'value': 0, 'prev_value': None, 'change': True}
2024-10-14 18:47:25,605 : INFO : EventManager : Event: ======'machine_var_audits_switches_s_flipper_but_r_2'====== Args={'value': 0, 'prev_value': None, 'change': True}
2024-10-14 18:47:25,605 : INFO : EventManager : Event: ======'machine_var_audits_switches_s_flipper_r'====== Args={'value': 0, 'prev_value': None, 'change': True}
2024-10-14 18:47:25,605 : INFO : EventManager : Event: ======'machine_var_audits_switches_s_kicker_orbit'====== Args={'value': 0, 'prev_value': None, 'change': True}
2024-10-14 18:47:25,605 : INFO : EventManager : Event: ======'machine_var_audits_switches_s_trough_6'====== Args={'value': 0, 'prev_value': None, 'change': True}
2024-10-14 18:47:25,605 : INFO : EventManager : Event: ======'machine_var_audits_switches_s_tilt'====== Args={'value': 0, 'prev_value': None, 'change': True}
2024-10-14 18:47:25,605 : INFO : EventManager : Event: ======'machine_var_audits_switches_s_flipper_but_l_1'====== Args={'value': 0, 'prev_value': None, 'change': True}
2024-10-14 18:47:25,605 : INFO : EventManager : Event: ======'machine_var_audits_switches_s_trough_4'====== Args={'value': 0, 'prev_value': None, 'change': True}
2024-10-14 18:47:25,605 : INFO : EventManager : Event: ======'machine_var_audits_switches_s_sling_l'====== Args={'value': 0, 'prev_value': None, 'change': True}
2024-10-14 18:47:25,605 : INFO : EventManager : Event: ======'machine_var_audits_switches_s_stationary_l'====== Args={'value': 0, 'prev_value': None, 'change': True}
2024-10-14 18:47:25,605 : INFO : EventManager : Event: ======'machine_var_audits_switches_s_pop'====== Args={'value': 0, 'prev_value': None, 'change': True}
2024-10-14 18:47:25,605 : INFO : EventManager : Event: ======'machine_var_audits_switches_s_drop_r'====== Args={'value': 0, 'prev_value': None, 'change': True}
2024-10-14 18:47:25,605 : INFO : EventManager : Event: ======'machine_var_audits_switches_s_stationary_m'====== Args={'value': 0, 'prev_value': None, 'change': True}
2024-10-14 18:47:25,605 : INFO : EventManager : Event: ======'machine_var_audits_switches_s_trough_3'====== Args={'value': 0, 'prev_value': None, 'change': True}
2024-10-14 18:47:25,606 : INFO : EventManager : Event: ======'machine_var_audits_switches_s_stationary_r'====== Args={'value': 0, 'prev_value': None, 'change': True}
2024-10-14 18:47:25,606 : INFO : EventManager : Event: ======'machine_var_audits_switches_s_trough_1'====== Args={'value': 0, 'prev_value': None, 'change': True}
2024-10-14 18:47:25,606 : INFO : EventManager : Event: ======'machine_var_audits_switches_s_bot_mid'====== Args={'value': 0, 'prev_value': None, 'change': True}
2024-10-14 18:47:25,606 : INFO : EventManager : Event: ======'machine_var_audits_switches_s_flipper_upper_l'====== Args={'value': 0, 'prev_value': None, 'change': True}
2024-10-14 18:47:25,606 : INFO : EventManager : Event: ======'machine_var_audits_switches_s_inlane_r'====== Args={'value': 0, 'prev_value': None, 'change': True}
2024-10-14 18:47:25,606 : INFO : EventManager : Event: ======'machine_var_audits_switches_s_scissor_save'====== Args={'value': 0, 'prev_value': None, 'change': True}
2024-10-14 18:47:25,606 : INFO : EventManager : Event: ======'machine_var_audits_switches_s_drop_l'====== Args={'value': 0, 'prev_value': None, 'change': True}
2024-10-14 18:47:25,606 : INFO : EventManager : Event: ======'machine_var_audits_switches_s_bot'====== Args={'value': 0, 'prev_value': None, 'change': True}
2024-10-14 18:47:25,606 : INFO : EventManager : Event: ======'machine_var_audits_switches_s_kicking_target'====== Args={'value': 0, 'prev_value': None, 'change': True}
2024-10-14 18:47:25,606 : INFO : EventManager : Event: ======'machine_var_audits_switches_s_drop_m'====== Args={'value': 0, 'prev_value': None, 'change': True}
2024-10-14 18:47:25,606 : INFO : EventManager : Event: ======'machine_var_audits_switches_s_flipper_but_r_1'====== Args={'value': 0, 'prev_value': None, 'change': True}
2024-10-14 18:47:25,606 : INFO : EventManager : Event: ======'machine_var_audits_switches_s_launch'====== Args={'value': 0, 'prev_value': None, 'change': True}
2024-10-14 18:47:25,606 : INFO : EventManager : Event: ======'machine_var_audits_switches_s_drop_single'====== Args={'value': 0, 'prev_value': None, 'change': True}
2024-10-14 18:47:25,606 : INFO : EventManager : Event: ======'machine_var_audits_switches_s_inlane_l'====== Args={'value': 0, 'prev_value': None, 'change': True}
2024-10-14 18:47:25,606 : INFO : EventManager : Event: ======'machine_var_audits_switches_s_top_mid'====== Args={'value': 0, 'prev_value': None, 'change': True}
2024-10-14 18:47:25,606 : INFO : EventManager : Event: ======'machine_var_audits_switches_s_orbit_small_r'====== Args={'value': 0, 'prev_value': None, 'change': True}
2024-10-14 18:47:25,607 : INFO : EventManager : Event: ======'machine_var_audits_switches_s_lower_transfer'====== Args={'value': 0, 'prev_value': None, 'change': True}
2024-10-14 18:47:25,607 : INFO : EventManager : Event: ======'machine_var_audits_switches_s_lower_sling'====== Args={'value': 0, 'prev_value': None, 'change': True}
2024-10-14 18:47:25,607 : INFO : EventManager : Event: ======'machine_var_audits_switches_s_orbit_small_l'====== Args={'value': 0, 'prev_value': None, 'change': True}
2024-10-14 18:47:25,607 : INFO : EventManager : Event: ======'machine_var_audits_switches_s_middle_scoop'====== Args={'value': 0, 'prev_value': None, 'change': True}
2024-10-14 18:47:25,607 : INFO : EventManager : Event: ======'machine_var_audits_switches_s_outlane_r'====== Args={'value': 0, 'prev_value': None, 'change': True}
2024-10-14 18:47:25,607 : INFO : EventManager : Event: ======'machine_var_audits_switches_s_subway'====== Args={'value': 0, 'prev_value': None, 'change': True}
2024-10-14 18:47:25,607 : INFO : EventManager : Event: ======'machine_var_audits_switches_s_captive_l'====== Args={'value': 0, 'prev_value': None, 'change': True}
2024-10-14 18:47:25,607 : INFO : EventManager : Event: ======'machine_var_audits_switches_s_lower_single'====== Args={'value': 0, 'prev_value': None, 'change': True}
2024-10-14 18:47:25,607 : INFO : EventManager : Event: ======'machine_var_audits_switches_s_flipper_l'====== Args={'value': 0, 'prev_value': None, 'change': True}
2024-10-14 18:47:25,607 : INFO : EventManager : Event: ======'machine_var_audits_switches_s_captive_r'====== Args={'value': 0, 'prev_value': None, 'change': True}
2024-10-14 18:47:25,607 : INFO : EventManager : Event: ======'machine_var_audits_switches_s_lower_vuk'====== Args={'value': 0, 'prev_value': None, 'change': True}
2024-10-14 18:47:25,607 : INFO : EventManager : Event: ======'machine_var_audits_switches_s_autolauncher'====== Args={'value': 0, 'prev_value': None, 'change': True}
2024-10-14 18:47:25,607 : INFO : EventManager : Event: ======'machine_var_audits_switches_s_trough_jam'====== Args={'value': 0, 'prev_value': None, 'change': True}
2024-10-14 18:47:25,607 : INFO : EventManager : Event: ======'machine_var_audits_events_game_started'====== Args={'value': 0, 'prev_value': None, 'change': True}
2024-10-14 18:47:25,608 : INFO : EventManager : Event: ======'machine_var_audits_events_game_ended'====== Args={'value': 0, 'prev_value': None, 'change': True}
2024-10-14 18:47:25,608 : INFO : EventManager : Event: ======'machine_var_audits_player_score'====== Args={'value': {'top': [], 'average': 0, 'total': 0}, 'prev_value': None, 'change': True}
2024-10-14 18:47:25,608 : INFO : EventManager : Event: ======'init_phase_5'====== Args={}
2024-10-14 18:47:25,608 : INFO : EventManager : Event: ======'init_done'====== Args={}
2024-10-14 18:47:25,608 : INFO : EventManager : Event: ======'machine_reset_phase_1'====== Args={}
2024-10-14 18:47:25,609 : INFO : EventManager : Event: ======'machine_reset_phase_2'====== Args={}
2024-10-14 18:47:25,609 : INFO : EventManager : Event: ======'machine_reset_phase_3'====== Args={}
2024-10-14 18:47:25,609 : INFO : EventManager : Event: ======'reset_complete'====== Args={}
2024-10-14 18:47:25,609 : INFO : EventManager : Event: ======'mode_attract_will_start'====== Args={}
2024-10-14 18:47:25,609 : INFO : EventManager : Event: ======'mode_attract_starting'====== Args={}
2024-10-14 18:47:25,609 : INFO : Mode.attract : Started. Priority: 10
2024-10-14 18:47:25,609 : INFO : EventManager : Event: ======'modes_active_modes_changed'====== Args={}
2024-10-14 18:47:25,609 : INFO : EventManager : Event: ======'mode_attract_started'====== Args={}
2024-10-14 18:47:25,609 : INFO : EventManager : Event: ======'collecting_balls_complete'====== Args={}
2024-10-14 18:47:25,609 : INFO : Machine : Starting the main run loop.
2024-10-14 18:47:27,192 : INFO : SwitchController : <<<<<<< 's_start' active >>>>>>>
2024-10-14 18:47:27,375 : INFO : SwitchController : <<<<<<< 's_start' inactive >>>>>>>
2024-10-14 18:47:27,375 : INFO : EventManager : Event: ======'request_to_start_game'====== Args={}
2024-10-14 18:47:27,376 : INFO : EventManager : Event: ======'game_start'====== Args={'buttons': [], 'hold_time': 0.1833606670000001}
2024-10-14 18:47:27,376 : INFO : EventManager : Event: ======'mode_game_will_start'====== Args={'buttons': [], 'hold_time': 0.1833606670000001}
2024-10-14 18:47:27,377 : INFO : EventManager : Event: ======'mode_game_starting'====== Args={'buttons': [], 'hold_time': 0.1833606670000001}
2024-10-14 18:47:27,377 : INFO : EventManager : Event: ======'mode_attract_will_stop'====== Args={}
2024-10-14 18:47:27,377 : INFO : EventManager : Event: ======'mode_attract_stopping'====== Args={}
2024-10-14 18:47:27,377 : INFO : Mode.attract : Stopped.
2024-10-14 18:47:27,377 : INFO : EventManager : Event: ======'modes_active_modes_changed'====== Args={}
2024-10-14 18:47:27,377 : INFO : EventManager : Event: ======'mode_attract_stopped'====== Args={}
2024-10-14 18:47:27,377 : INFO : EventManager : Event: ======'clear'====== Args={'key': 'attract'}
2024-10-14 18:47:27,377 : INFO : Mode.game : Started. Priority: 20
2024-10-14 18:47:27,378 : INFO : EventManager : Event: ======'modes_active_modes_changed'====== Args={}
2024-10-14 18:47:27,378 : INFO : EventManager : Event: ======'mode_game_started'====== Args={'buttons': [], 'hold_time': 0.1833606670000001}
2024-10-14 18:47:27,378 : INFO : EventManager : Event: ======'game_will_start'====== Args={}
2024-10-14 18:47:27,379 : INFO : EventManager : Event: ======'game_starting'====== Args={'game': <Mode.game>}
2024-10-14 18:47:27,381 : INFO : EventManager : Unordered handler for class <Auditor> on event game_ended with priority 1. Handlers: [RegisteredHandler(callback=<bound method Auditor.disable of <Auditor>>, priority=1, kwargs={}, key=UUID('ad6580ec-19a0-4e79-9457-88a8f0c4996d'), condition=None, blocking_facility=None), RegisteredHandler(callback=<bound method Auditor._save_audits of <Auditor>>, priority=1, kwargs={}, key=UUID('fc0dc490-7c81-4edf-8959-e5c61949daf9'), condition=None, blocking_facility=None)]. The order of those handlers is not defined and they will be executed in random order. This might lead to race conditions and potential bugs.
2024-10-14 18:47:27,381 : INFO : EventManager : Event: ======'player_add_request'====== Args={}
2024-10-14 18:47:27,381 : INFO : EventManager : Event: ======'player_will_add'====== Args={'number': 1}
2024-10-14 18:47:27,381 : INFO : EventManager : Event: ======'player_adding'====== Args={'player': <Player 1>, 'number': 1}
2024-10-14 18:47:27,381 : INFO : EventManager : Event: ======'player_added'====== Args={'player': <Player 1>, 'num': 1}
2024-10-14 18:47:27,381 : INFO : Mode.game : Player added successfully. Total players: 1
2024-10-14 18:47:27,381 : INFO : EventManager : Event: ======'player_index'====== Args={'value': 0, 'prev_value': 0, 'change': 0, 'player_num': 1}
2024-10-14 18:47:27,381 : INFO : EventManager : Event: ======'player_number'====== Args={'value': 1, 'prev_value': 1, 'change': 0, 'player_num': 1}
2024-10-14 18:47:27,381 : INFO : EventManager : Event: ======'player_score'====== Args={'value': 0, 'prev_value': 0, 'change': 0, 'player_num': 1}
2024-10-14 18:47:27,382 : INFO : EventManager : Event: ======'game_started'====== Args={}
2024-10-14 18:47:27,383 : INFO : EventManager : Event: ======'player_turn_will_start'====== Args={'player': <Player 1>, 'number': 1}
2024-10-14 18:47:27,383 : INFO : EventManager : Event: ======'player_turn_starting'====== Args={'player': <Player 1>, 'number': 1}
2024-10-14 18:47:27,384 : INFO : EventManager : Event: ======'player_ball'====== Args={'value': 1, 'prev_value': 0, 'change': 1, 'player_num': 1}
2024-10-14 18:47:27,384 : INFO : EventManager : Event: ======'player_turn_started'====== Args={'player': <Player 1>, 'number': 1}
2024-10-14 18:47:27,394 : INFO : EventManager : Event: ======'ball_will_start'====== Args={'player': 1, 'ball': 1, 'balls_remaining': 2, 'is_extra_ball': False}
2024-10-14 18:47:27,394 : INFO : EventManager : Event: ======'ball_starting'====== Args={'player': 1, 'ball': 1, 'balls_remaining': 2, 'is_extra_ball': False}
2024-10-14 18:47:27,394 : INFO : EventManager : Event: ======'balls_in_play'====== Args={'balls': 1}
2024-10-14 18:47:27,394 : INFO : EventManager : Event: ======'ball_started'====== Args={'player': 1, 'ball': 1, 'balls_remaining': 2, 'is_extra_ball': False}
2024-10-14 18:47:27,395 : INFO : EventManager : Event: ======'single_player_ball_started'====== Args={}
2024-10-14 18:47:27,395 : INFO : EventManager : Event: ======'ball_start_target'====== Args={'target': 'playfield'}
2024-10-14 18:47:27,395 : INFO : ball_device.bd_autolauncher : Setting up player-controlled eject. Balls: 1, Target: <playfield.playfield>, player_controlled_eject_event: sw_launch
2024-10-14 18:47:27,395 : INFO : EventManager : Event: ======'balldevice_balls_available'====== Args={}
2024-10-14 18:47:27,395 : INFO : ball_device.bd_trough : State: waiting_for_target_ready
2024-10-14 18:47:27,395 : INFO : EventManager : Event: ======'balldevice_bd_trough_ball_eject_attempt'====== Args={'balls': 1, 'target': <ball_device.bd_autolauncher>, 'source': <ball_device.bd_trough>, 'mechanical_eject': True, 'num_attempts': 0}
2024-10-14 18:47:27,395 : INFO : ball_device.bd_autolauncher : State: waiting_for_ball
2024-10-14 18:47:27,395 : INFO : ball_device.bd_trough : State: ejecting
2024-10-14 18:47:27,396 : INFO : ball_device.bd_trough : Ejecting ball to <ball_device.bd_autolauncher>
2024-10-14 18:47:27,396 : INFO : EventManager : Event: ======'balldevice_bd_trough_ejecting_ball'====== Args={'balls': 1, 'target': <ball_device.bd_autolauncher>, 'source': <ball_device.bd_trough>, 'mechanical_eject': True, 'num_attempts': 0}
2024-10-14 18:47:27,396 : INFO : ball_device.bd_trough : Wait for ball to leave device
2024-10-14 18:47:27,396 : INFO : coil.c_trough : Pulsing Driver for 15ms (1.0 pulse_power)
2024-10-14 18:47:28,398 : INFO : EventManager : Event: ======'balldevice_bd_trough_ball_eject_failed'====== Args={'target': <ball_device.bd_autolauncher>, 'balls': 1, 'retry': True, 'num_attempts': 1}
2024-10-14 18:47:28,400 : INFO : ball_device.bd_trough : State: waiting_for_target_ready
2024-10-14 18:47:28,400 : INFO : EventManager : Event: ======'balldevice_bd_trough_ball_eject_attempt'====== Args={'balls': 1, 'target': <ball_device.bd_autolauncher>, 'source': <ball_device.bd_trough>, 'mechanical_eject': True, 'num_attempts': 1}
2024-10-14 18:47:28,401 : INFO : ball_device.bd_trough : State: ejecting
2024-10-14 18:47:28,401 : INFO : ball_device.bd_trough : Ejecting ball to <ball_device.bd_autolauncher>
2024-10-14 18:47:28,401 : INFO : EventManager : Event: ======'balldevice_bd_trough_ejecting_ball'====== Args={'balls': 1, 'target': <ball_device.bd_autolauncher>, 'source': <ball_device.bd_trough>, 'mechanical_eject': True, 'num_attempts': 1}
2024-10-14 18:47:28,402 : INFO : ball_device.bd_trough : Wait for ball to leave device
2024-10-14 18:47:28,403 : INFO : coil.c_trough : Pulsing Driver for 15ms (1.0 pulse_power)
2024-10-14 18:47:29,405 : INFO : EventManager : Event: ======'balldevice_bd_trough_ball_eject_failed'====== Args={'target': <ball_device.bd_autolauncher>, 'balls': 1, 'retry': True, 'num_attempts': 2}
2024-10-14 18:47:29,406 : INFO : ball_device.bd_trough : State: waiting_for_target_ready
2024-10-14 18:47:29,407 : INFO : EventManager : Event: ======'balldevice_bd_trough_ball_eject_attempt'====== Args={'balls': 1, 'target': <ball_device.bd_autolauncher>, 'source': <ball_device.bd_trough>, 'mechanical_eject': True, 'num_attempts': 2}
2024-10-14 18:47:29,407 : INFO : ball_device.bd_trough : State: ejecting
2024-10-14 18:47:29,407 : INFO : ball_device.bd_trough : Ejecting ball to <ball_device.bd_autolauncher>
2024-10-14 18:47:29,408 : INFO : EventManager : Event: ======'balldevice_bd_trough_ejecting_ball'====== Args={'balls': 1, 'target': <ball_device.bd_autolauncher>, 'source': <ball_device.bd_trough>, 'mechanical_eject': True, 'num_attempts': 2}
2024-10-14 18:47:29,409 : INFO : ball_device.bd_trough : Wait for ball to leave device
2024-10-14 18:47:29,409 : INFO : coil.c_trough : Pulsing Driver for 15ms (1.0 pulse_power)
2024-10-14 18:47:30,411 : INFO : EventManager : Event: ======'balldevice_bd_trough_ball_eject_failed'====== Args={'target': <ball_device.bd_autolauncher>, 'balls': 1, 'retry': True, 'num_attempts': 3}
2024-10-14 18:47:30,413 : INFO : ball_device.bd_trough : State: waiting_for_target_ready
2024-10-14 18:47:30,413 : INFO : EventManager : Event: ======'balldevice_bd_trough_ball_eject_attempt'====== Args={'balls': 1, 'target': <ball_device.bd_autolauncher>, 'source': <ball_device.bd_trough>, 'mechanical_eject': True, 'num_attempts': 3}
2024-10-14 18:47:30,414 : INFO : ball_device.bd_trough : State: ejecting
2024-10-14 18:47:30,415 : INFO : ball_device.bd_trough : Ejecting ball to <ball_device.bd_autolauncher>
2024-10-14 18:47:30,415 : INFO : EventManager : Event: ======'balldevice_bd_trough_ejecting_ball'====== Args={'balls': 1, 'target': <ball_device.bd_autolauncher>, 'source': <ball_device.bd_trough>, 'mechanical_eject': True, 'num_attempts': 3}
2024-10-14 18:47:30,416 : INFO : ball_device.bd_trough : Wait for ball to leave device
2024-10-14 18:47:30,416 : INFO : coil.c_trough : Pulsing Driver for 15ms (1.0 pulse_power)
2024-10-14 18:47:31,357 : INFO : Machine : Shutting down...
2024-10-14 18:47:31,357 : INFO : EventManager : Event: ======'shutdown'====== Args={}
2024-10-14 18:47:31,363 : INFO : EventManager : Event: ======'mode_game_will_stop'====== Args={}
2024-10-14 18:47:31,363 : INFO : EventManager : Event: ======'mode_game_stopping'====== Args={}
2024-10-14 18:47:31,364 : INFO : Mode.game : Stopped.
2024-10-14 18:47:31,364 : INFO : EventManager : Event: ======'modes_active_modes_changed'====== Args={}
2024-10-14 18:47:31,364 : INFO : EventManager : Event: ======'mode_game_stopped'====== Args={}
2024-10-14 18:47:31,364 : INFO : EventManager : Event: ======'clear'====== Args={'key': 'game'}
2024-10-14 18:47:31,472 : INFO : root : MPF run loop ended.
