2024-10-14 21:50:52,179 : INFO : root : Loading config.
2024-10-14 21:50:52,182 : INFO : YamlMultifileConfigLoader : Machine config file #1: config.yaml
2024-10-14 21:50:52,182 : WARNING : ConfigProcessor : Config file in cache changed: /Users/tannerpetch/Documents/GitHub/trashland_4/config/config.yaml
2024-10-14 21:50:52,183 : INFO : ConfigProcessor : Loading config from file /Library/Frameworks/Python.framework/Versions/3.9/lib/python3.9/site-packages/mpf/mpfconfig.yaml.
2024-10-14 21:50:52,188 : INFO : ConfigProcessor : Loading config: /Library/Frameworks/Python.framework/Versions/3.9/lib/python3.9/site-packages/mpf/mpfconfig.yaml
2024-10-14 21:50:52,188 : INFO : ConfigProcessor : Loading config from file /Users/tannerpetch/Documents/GitHub/trashland_4/config/config.yaml.
2024-10-14 21:50:52,192 : INFO : ConfigProcessor : Loading config: /Users/tannerpetch/Documents/GitHub/trashland_4/config/config.yaml
2024-10-14 21:50:52,193 : INFO : ConfigProcessor : Config file cache created: /var/folders/l2/q8hj_6s91xnb2jxg1sqm0h7r0000gn/T/fb4db0341b09a4be02e1d6b8eab00179.mpf_cache
2024-10-14 21:50:52,218 : INFO : ConfigProcessor : Loading config from cache: /var/folders/l2/q8hj_6s91xnb2jxg1sqm0h7r0000gn/T/c7af4841f7c2cabb0f971746daddf284.mpf_cache
2024-10-14 21:50:52,218 : INFO : ConfigProcessor : Loading config from cache: /var/folders/l2/q8hj_6s91xnb2jxg1sqm0h7r0000gn/T/edcc5f1d3215b377c9faab88c62e4ce0.mpf_cache
2024-10-14 21:50:52,218 : INFO : Machine : Mission Pinball Framework Core Engine v0.57.1.dev3
2024-10-14 21:50:52,218 : INFO : Machine : Command line arguments: {'no_load_cache': False, 'create_config_cache': True, 'bcp': False, 'configfile': ['config.yaml'], 'force_assets_load': False, 'platform_integration_test': False, 'jsonlogging': False, 'logfile': 'logs/2024-10-14-21-50-52-mpf-Tanners-Laptop.local.log', 'pause': False, 'production': False, 'text_ui': True, 'loglevel': 15, 'consoleloglevel': 20, 'force_platform': None, 'syslog_address': None, 'mc_file_name': None, 'no_sound': False}
2024-10-14 21:50:52,218 : INFO : Machine : MPF path: /Library/Frameworks/Python.framework/Versions/3.9/lib/python3.9/site-packages/mpf
2024-10-14 21:50:52,218 : INFO : Machine : Machine path: /Users/tannerpetch/Documents/GitHub/trashland_4
2024-10-14 21:50:52,218 : INFO : Machine : Platform: darwin
2024-10-14 21:50:52,218 : INFO : Machine : Python executable location: /Library/Frameworks/Python.framework/Versions/3.9/bin/python3.9
2024-10-14 21:50:52,219 : INFO : Machine : Python version: 3.9.13 (64-bit)
2024-10-14 21:50:52,219 : INFO : Machine : Initializing MPF...
2024-10-14 21:50:52,250 : INFO : FAST [NET] : Trying to connect to /dev/tty.usbmodem1401 at 921600bps
2024-10-14 21:50:52,255 : INFO : FAST [NET] : Connected to /dev/tty.usbmodem1401 at 921600bps
2024-10-14 21:50:52,257 : INFO : FAST [NET] : Connected to FP-CPU-2000 with firmware v02.21
2024-10-14 21:50:52,258 : INFO : FAST [NET] : Registered I/O Board 0: Model: FP-I/O-0804, Firmware: 01.10, Switches: 8, Drivers: 4
2024-10-14 21:50:52,259 : INFO : FAST [NET] : Registered I/O Board 1: Model: FP-I/O-0804, Firmware: 01.10, Switches: 8, Drivers: 4
2024-10-14 21:50:52,260 : INFO : FAST [NET] : Registered I/O Board 2: Model: FP-I/O-3208, Firmware: 01.10, Switches: 32, Drivers: 8
2024-10-14 21:50:52,261 : INFO : FAST [NET] : Registered I/O Board 3: Model: FP-I/O-1616, Firmware: 01.10, Switches: 16, Drivers: 16
2024-10-14 21:50:52,262 : INFO : FAST [NET] : Registered I/O Board 4: Model: FP-I/O-3208, Firmware: 01.10, Switches: 32, Drivers: 8
2024-10-14 21:50:52,262 : INFO : EventManager : Event: ======'machine_var_credits_string'====== Args={'value': 'FREE PLAY', 'prev_value': None, 'change': True}
2024-10-14 21:50:52,276 : INFO : EventManager : Event: ======'machine_var_master_volume'====== Args={'value': 0.5, 'prev_value': None, 'change': True}
2024-10-14 21:50:52,276 : INFO : EventManager : Event: ======'machine_var_player1_score'====== Args={'value': 0, 'prev_value': None, 'change': True}
2024-10-14 21:50:52,276 : INFO : EventManager : Event: ======'machine_var_mpf_version'====== Args={'value': 'Mission Pinball Framework v0.57.1.dev3', 'prev_value': None, 'change': True}
2024-10-14 21:50:52,276 : INFO : EventManager : Event: ======'machine_var_mpf_extended_version'====== Args={'value': 'Mission Pinball Framework v0.57.1.dev3, Config version:6, Show version: 6, BCP version:1.1', 'prev_value': None, 'change': True}
2024-10-14 21:50:52,276 : INFO : EventManager : Event: ======'machine_var_python_version'====== Args={'value': '3.9.13', 'prev_value': None, 'change': True}
2024-10-14 21:50:52,282 : INFO : EventManager : Event: ======'machine_var_platform'====== Args={'value': 'macOS-14.3-arm64-arm-64bit', 'prev_value': None, 'change': True}
2024-10-14 21:50:52,282 : INFO : EventManager : Event: ======'machine_var_platform_system'====== Args={'value': 'Darwin', 'prev_value': None, 'change': True}
2024-10-14 21:50:52,282 : INFO : EventManager : Event: ======'machine_var_platform_release'====== Args={'value': '23.3.0', 'prev_value': None, 'change': True}
2024-10-14 21:50:52,282 : INFO : EventManager : Event: ======'machine_var_platform_version'====== Args={'value': 'Darwin Kernel Version 23.3.0: Thu Dec 21 02:29:41 PST 2023; root:xnu-10002.81.5~11/RELEASE_ARM64_T8122', 'prev_value': None, 'change': True}
2024-10-14 21:50:52,282 : INFO : EventManager : Event: ======'machine_var_platform_machine'====== Args={'value': 'arm64', 'prev_value': None, 'change': True}
2024-10-14 21:50:52,282 : INFO : EventManager : Event: ======'init_phase_1'====== Args={}
2024-10-14 21:50:52,457 : WARNING : Machine : Iterating device collections directly is deprecated and will be removed. Access by value(): device_collections[switches] -> device_collections['switches'].values()
2024-10-14 21:50:52,457 : INFO : SwitchController : <<<<<<< 's_outlane_l' active >>>>>>>
2024-10-14 21:50:52,457 : INFO : SwitchController : <<<<<<< 's_trough_2' active >>>>>>>
2024-10-14 21:50:52,457 : INFO : SwitchController : <<<<<<< 's_trough_1' active >>>>>>>
2024-10-14 21:50:52,457 : INFO : SwitchController : <<<<<<< 's_drop_m' active >>>>>>>
2024-10-14 21:50:52,457 : INFO : SwitchController : <<<<<<< 's_drop_l' active >>>>>>>
2024-10-14 21:50:52,457 : INFO : SwitchController : <<<<<<< 's_drop_single' active >>>>>>>
2024-10-14 21:50:52,457 : INFO : SwitchController : <<<<<<< 's_vuk_upper' active >>>>>>>
2024-10-14 21:50:52,457 : INFO : EventManager : Event: ======'init_phase_2'====== Args={}
2024-10-14 21:50:52,457 : INFO : SwitchController : Found active switch: (16, [FAST Platform Interface]) <switch.s_outlane_l>
2024-10-14 21:50:52,457 : INFO : SwitchController : Found active switch: (28, [FAST Platform Interface]) <switch.s_trough_2>
2024-10-14 21:50:52,457 : INFO : SwitchController : Found active switch: (30, [FAST Platform Interface]) <switch.s_trough_1>
2024-10-14 21:50:52,457 : INFO : SwitchController : Found active switch: (50, [FAST Platform Interface]) <switch.s_drop_m>
2024-10-14 21:50:52,457 : INFO : SwitchController : Found active switch: (51, [FAST Platform Interface]) <switch.s_drop_l>
2024-10-14 21:50:52,457 : INFO : SwitchController : Found active switch: (57, [FAST Platform Interface]) <switch.s_drop_single>
2024-10-14 21:50:52,457 : INFO : SwitchController : Found active switch: (91, [FAST Platform Interface]) <switch.s_vuk_upper>
2024-10-14 21:50:52,459 : INFO : ball_device.bd_middle_scoop : BCH: Initial count: 0
2024-10-14 21:50:52,459 : INFO : ball_device.bd_middle_scoop : State: idle
2024-10-14 21:50:52,958 : INFO : ball_device.bd_trough : BCH: Initial count: 1
2024-10-14 21:50:52,959 : INFO : ball_device.bd_trough : State: idle
2024-10-14 21:50:52,961 : INFO : ball_device.bd_autolauncher : BCH: Initial count: 0
2024-10-14 21:50:52,961 : INFO : ball_device.bd_autolauncher : State: idle
2024-10-14 21:50:52,962 : INFO : ball_device.bd_kicker_orbit : BCH: Initial count: 0
2024-10-14 21:50:52,963 : INFO : ball_device.bd_kicker_orbit : State: idle
2024-10-14 21:50:52,963 : INFO : ball_device.bd_lower_vuk : BCH: Initial count: 0
2024-10-14 21:50:52,964 : INFO : ball_device.bd_lower_vuk : State: idle
2024-10-14 21:50:52,964 : INFO : ball_device.bd_vuk_back : BCH: Initial count: 0
2024-10-14 21:50:52,965 : INFO : ball_device.bd_vuk_back : State: idle
2024-10-14 21:50:52,966 : INFO : ball_device.bd_b_lock : BCH: Initial count: 0
2024-10-14 21:50:52,970 : INFO : ball_device.bd_b_lock : State: idle
2024-10-14 21:50:52,980 : INFO : EventManager : Event: ======'init_phase_3'====== Args={}
2024-10-14 21:50:52,981 : INFO : EventManager : Event: ======'init_phase_4'====== Args={}
2024-10-14 21:50:52,981 : INFO : BallController : Initial balls found: 1
2024-10-14 21:50:52,982 : INFO : EventManager : Event: ======'machine_var_audits_events_game_ended'====== Args={'value': 1, 'prev_value': None, 'change': True}
2024-10-14 21:50:52,982 : INFO : EventManager : Event: ======'machine_var_audits_events_game_started'====== Args={'value': 4, 'prev_value': None, 'change': True}
2024-10-14 21:50:52,982 : INFO : EventManager : Event: ======'machine_var_audits_missing_switches_s_bot'====== Args={'value': 4, 'prev_value': None, 'change': True}
2024-10-14 21:50:52,982 : INFO : EventManager : Event: ======'machine_var_audits_missing_switches_s_bot_mid'====== Args={'value': 4, 'prev_value': None, 'change': True}
2024-10-14 21:50:52,982 : INFO : EventManager : Event: ======'machine_var_audits_missing_switches_s_captive_l'====== Args={'value': 4, 'prev_value': None, 'change': True}
2024-10-14 21:50:52,982 : INFO : EventManager : Event: ======'machine_var_audits_missing_switches_s_captive_r'====== Args={'value': 4, 'prev_value': None, 'change': True}
2024-10-14 21:50:52,982 : INFO : EventManager : Event: ======'machine_var_audits_missing_switches_s_drop_l'====== Args={'value': 4, 'prev_value': None, 'change': True}
2024-10-14 21:50:52,982 : INFO : EventManager : Event: ======'machine_var_audits_missing_switches_s_drop_m'====== Args={'value': 2, 'prev_value': None, 'change': True}
2024-10-14 21:50:52,982 : INFO : EventManager : Event: ======'machine_var_audits_missing_switches_s_drop_r'====== Args={'value': 4, 'prev_value': None, 'change': True}
2024-10-14 21:50:52,982 : INFO : EventManager : Event: ======'machine_var_audits_missing_switches_s_drop_single'====== Args={'value': 4, 'prev_value': None, 'change': True}
2024-10-14 21:50:52,982 : INFO : EventManager : Event: ======'machine_var_audits_missing_switches_s_inlane_l'====== Args={'value': 2, 'prev_value': None, 'change': True}
2024-10-14 21:50:52,982 : INFO : EventManager : Event: ======'machine_var_audits_missing_switches_s_inlane_r'====== Args={'value': 2, 'prev_value': None, 'change': True}
2024-10-14 21:50:52,982 : INFO : EventManager : Event: ======'machine_var_audits_missing_switches_s_kicker_orbit'====== Args={'value': 2, 'prev_value': None, 'change': True}
2024-10-14 21:50:52,982 : INFO : EventManager : Event: ======'machine_var_audits_missing_switches_s_lower_orbit'====== Args={'value': 4, 'prev_value': None, 'change': True}
2024-10-14 21:50:52,982 : INFO : EventManager : Event: ======'machine_var_audits_missing_switches_s_lower_single'====== Args={'value': 4, 'prev_value': None, 'change': True}
2024-10-14 21:50:52,982 : INFO : EventManager : Event: ======'machine_var_audits_missing_switches_s_lower_sling'====== Args={'value': 4, 'prev_value': None, 'change': True}
2024-10-14 21:50:52,982 : INFO : EventManager : Event: ======'machine_var_audits_missing_switches_s_lower_transfer'====== Args={'value': 4, 'prev_value': None, 'change': True}
2024-10-14 21:50:52,982 : INFO : EventManager : Event: ======'machine_var_audits_missing_switches_s_lower_vuk'====== Args={'value': 4, 'prev_value': None, 'change': True}
2024-10-14 21:50:52,983 : INFO : EventManager : Event: ======'machine_var_audits_missing_switches_s_middle_scoop'====== Args={'value': 1, 'prev_value': None, 'change': True}
2024-10-14 21:50:52,983 : INFO : EventManager : Event: ======'machine_var_audits_missing_switches_s_orbit_small_l'====== Args={'value': 2, 'prev_value': None, 'change': True}
2024-10-14 21:50:52,983 : INFO : EventManager : Event: ======'machine_var_audits_missing_switches_s_orbit_small_r'====== Args={'value': 2, 'prev_value': None, 'change': True}
2024-10-14 21:50:52,983 : INFO : EventManager : Event: ======'machine_var_audits_missing_switches_s_outlane_l'====== Args={'value': 4, 'prev_value': None, 'change': True}
2024-10-14 21:50:52,983 : INFO : EventManager : Event: ======'machine_var_audits_missing_switches_s_outlane_r'====== Args={'value': 4, 'prev_value': None, 'change': True}
2024-10-14 21:50:52,983 : INFO : EventManager : Event: ======'machine_var_audits_missing_switches_s_pop'====== Args={'value': 1, 'prev_value': None, 'change': True}
2024-10-14 21:50:52,983 : INFO : EventManager : Event: ======'machine_var_audits_missing_switches_s_scissor_save'====== Args={'value': 4, 'prev_value': None, 'change': True}
2024-10-14 21:50:52,983 : INFO : EventManager : Event: ======'machine_var_audits_missing_switches_s_sling_l'====== Args={'value': 2, 'prev_value': None, 'change': True}
2024-10-14 21:50:52,983 : INFO : EventManager : Event: ======'machine_var_audits_missing_switches_s_start'====== Args={'value': 4, 'prev_value': None, 'change': True}
2024-10-14 21:50:52,983 : INFO : EventManager : Event: ======'machine_var_audits_missing_switches_s_stationary_l'====== Args={'value': 2, 'prev_value': None, 'change': True}
2024-10-14 21:50:52,983 : INFO : EventManager : Event: ======'machine_var_audits_missing_switches_s_stationary_m'====== Args={'value': 2, 'prev_value': None, 'change': True}
2024-10-14 21:50:52,983 : INFO : EventManager : Event: ======'machine_var_audits_missing_switches_s_stationary_r'====== Args={'value': 2, 'prev_value': None, 'change': True}
2024-10-14 21:50:52,983 : INFO : EventManager : Event: ======'machine_var_audits_missing_switches_s_subway'====== Args={'value': 2, 'prev_value': None, 'change': True}
2024-10-14 21:50:52,983 : INFO : EventManager : Event: ======'machine_var_audits_missing_switches_s_tilt'====== Args={'value': 4, 'prev_value': None, 'change': True}
2024-10-14 21:50:52,983 : INFO : EventManager : Event: ======'machine_var_audits_missing_switches_s_top'====== Args={'value': 4, 'prev_value': None, 'change': True}
2024-10-14 21:50:52,983 : INFO : EventManager : Event: ======'machine_var_audits_missing_switches_s_top_mid'====== Args={'value': 4, 'prev_value': None, 'change': True}
2024-10-14 21:50:52,983 : INFO : EventManager : Event: ======'machine_var_audits_missing_switches_s_trough_1'====== Args={'value': 2, 'prev_value': None, 'change': True}
2024-10-14 21:50:52,983 : INFO : EventManager : Event: ======'machine_var_audits_missing_switches_s_trough_2'====== Args={'value': 2, 'prev_value': None, 'change': True}
2024-10-14 21:50:52,984 : INFO : EventManager : Event: ======'machine_var_audits_missing_switches_s_trough_3'====== Args={'value': 2, 'prev_value': None, 'change': True}
2024-10-14 21:50:52,984 : INFO : EventManager : Event: ======'machine_var_audits_missing_switches_s_trough_5'====== Args={'value': 2, 'prev_value': None, 'change': True}
2024-10-14 21:50:52,984 : INFO : EventManager : Event: ======'machine_var_audits_missing_switches_s_trough_6'====== Args={'value': 2, 'prev_value': None, 'change': True}
2024-10-14 21:50:52,984 : INFO : EventManager : Event: ======'machine_var_audits_missing_switches_s_trough_jam'====== Args={'value': 1, 'prev_value': None, 'change': True}
2024-10-14 21:50:52,984 : INFO : EventManager : Event: ======'machine_var_audits_player_score'====== Args={'value': {'average': 0, 'top': [0], 'total': 1}, 'prev_value': None, 'change': True}
2024-10-14 21:50:52,984 : INFO : EventManager : Event: ======'machine_var_audits_switches_s_autolauncher'====== Args={'value': 5, 'prev_value': None, 'change': True}
2024-10-14 21:50:52,984 : INFO : EventManager : Event: ======'machine_var_audits_switches_s_bot'====== Args={'value': 0, 'prev_value': None, 'change': True}
2024-10-14 21:50:52,984 : INFO : EventManager : Event: ======'machine_var_audits_switches_s_bot_mid'====== Args={'value': 0, 'prev_value': None, 'change': True}
2024-10-14 21:50:52,984 : INFO : EventManager : Event: ======'machine_var_audits_switches_s_captive_l'====== Args={'value': 0, 'prev_value': None, 'change': True}
2024-10-14 21:50:52,984 : INFO : EventManager : Event: ======'machine_var_audits_switches_s_captive_r'====== Args={'value': 0, 'prev_value': None, 'change': True}
2024-10-14 21:50:52,984 : INFO : EventManager : Event: ======'machine_var_audits_switches_s_drop_l'====== Args={'value': 0, 'prev_value': None, 'change': True}
2024-10-14 21:50:52,984 : INFO : EventManager : Event: ======'machine_var_audits_switches_s_drop_m'====== Args={'value': 1, 'prev_value': None, 'change': True}
2024-10-14 21:50:52,984 : INFO : EventManager : Event: ======'machine_var_audits_switches_s_drop_r'====== Args={'value': 0, 'prev_value': None, 'change': True}
2024-10-14 21:50:52,985 : INFO : EventManager : Event: ======'machine_var_audits_switches_s_drop_single'====== Args={'value': 0, 'prev_value': None, 'change': True}
2024-10-14 21:50:52,985 : INFO : EventManager : Event: ======'machine_var_audits_switches_s_flipper_but_l_1'====== Args={'value': 47, 'prev_value': None, 'change': True}
2024-10-14 21:50:52,985 : INFO : EventManager : Event: ======'machine_var_audits_switches_s_flipper_but_l_2'====== Args={'value': 45, 'prev_value': None, 'change': True}
2024-10-14 21:50:52,985 : INFO : EventManager : Event: ======'machine_var_audits_switches_s_flipper_but_r_1'====== Args={'value': 38, 'prev_value': None, 'change': True}
2024-10-14 21:50:52,985 : INFO : EventManager : Event: ======'machine_var_audits_switches_s_flipper_but_r_2'====== Args={'value': 36, 'prev_value': None, 'change': True}
2024-10-14 21:50:52,985 : INFO : EventManager : Event: ======'machine_var_audits_switches_s_flipper_l'====== Args={'value': 54, 'prev_value': None, 'change': True}
2024-10-14 21:50:52,985 : INFO : EventManager : Event: ======'machine_var_audits_switches_s_flipper_r'====== Args={'value': 65, 'prev_value': None, 'change': True}
2024-10-14 21:50:52,985 : INFO : EventManager : Event: ======'machine_var_audits_switches_s_flipper_upper_l'====== Args={'value': 41, 'prev_value': None, 'change': True}
2024-10-14 21:50:52,985 : INFO : EventManager : Event: ======'machine_var_audits_switches_s_inlane_l'====== Args={'value': 1, 'prev_value': None, 'change': True}
2024-10-14 21:50:52,985 : INFO : EventManager : Event: ======'machine_var_audits_switches_s_inlane_r'====== Args={'value': 5, 'prev_value': None, 'change': True}
2024-10-14 21:50:52,985 : INFO : EventManager : Event: ======'machine_var_audits_switches_s_kicker_orbit'====== Args={'value': 1, 'prev_value': None, 'change': True}
2024-10-14 21:50:52,985 : INFO : EventManager : Event: ======'machine_var_audits_switches_s_kicking_target'====== Args={'value': 8, 'prev_value': None, 'change': True}
2024-10-14 21:50:52,986 : INFO : EventManager : Event: ======'machine_var_audits_switches_s_launch'====== Args={'value': 9, 'prev_value': None, 'change': True}
2024-10-14 21:50:52,986 : INFO : EventManager : Event: ======'machine_var_audits_switches_s_lower_orbit'====== Args={'value': 0, 'prev_value': None, 'change': True}
2024-10-14 21:50:52,986 : INFO : EventManager : Event: ======'machine_var_audits_switches_s_lower_single'====== Args={'value': 0, 'prev_value': None, 'change': True}
2024-10-14 21:50:52,986 : INFO : EventManager : Event: ======'machine_var_audits_switches_s_lower_sling'====== Args={'value': 0, 'prev_value': None, 'change': True}
2024-10-14 21:50:52,986 : INFO : EventManager : Event: ======'machine_var_audits_switches_s_lower_transfer'====== Args={'value': 0, 'prev_value': None, 'change': True}
2024-10-14 21:50:52,986 : INFO : EventManager : Event: ======'machine_var_audits_switches_s_lower_vuk'====== Args={'value': 0, 'prev_value': None, 'change': True}
2024-10-14 21:50:52,986 : INFO : EventManager : Event: ======'machine_var_audits_switches_s_middle_scoop'====== Args={'value': 2, 'prev_value': None, 'change': True}
2024-10-14 21:50:52,986 : INFO : EventManager : Event: ======'machine_var_audits_switches_s_orbit_small_l'====== Args={'value': 2, 'prev_value': None, 'change': True}
2024-10-14 21:50:52,986 : INFO : EventManager : Event: ======'machine_var_audits_switches_s_orbit_small_r'====== Args={'value': 1, 'prev_value': None, 'change': True}
2024-10-14 21:50:52,986 : INFO : EventManager : Event: ======'machine_var_audits_switches_s_outlane_l'====== Args={'value': 0, 'prev_value': None, 'change': True}
2024-10-14 21:50:52,987 : INFO : EventManager : Event: ======'machine_var_audits_switches_s_outlane_r'====== Args={'value': 0, 'prev_value': None, 'change': True}
2024-10-14 21:50:52,987 : INFO : EventManager : Event: ======'machine_var_audits_switches_s_pop'====== Args={'value': 5, 'prev_value': None, 'change': True}
2024-10-14 21:50:52,987 : INFO : EventManager : Event: ======'machine_var_audits_switches_s_scissor_save'====== Args={'value': 0, 'prev_value': None, 'change': True}
2024-10-14 21:50:52,987 : INFO : EventManager : Event: ======'machine_var_audits_switches_s_sling_l'====== Args={'value': 6, 'prev_value': None, 'change': True}
2024-10-14 21:50:52,987 : INFO : EventManager : Event: ======'machine_var_audits_switches_s_start'====== Args={'value': 0, 'prev_value': None, 'change': True}
2024-10-14 21:50:52,987 : INFO : EventManager : Event: ======'machine_var_audits_switches_s_stationary_l'====== Args={'value': 1, 'prev_value': None, 'change': True}
2024-10-14 21:50:52,987 : INFO : EventManager : Event: ======'machine_var_audits_switches_s_stationary_m'====== Args={'value': 3, 'prev_value': None, 'change': True}
2024-10-14 21:50:52,988 : INFO : EventManager : Event: ======'machine_var_audits_switches_s_stationary_r'====== Args={'value': 1, 'prev_value': None, 'change': True}
2024-10-14 21:50:52,988 : INFO : EventManager : Event: ======'machine_var_audits_switches_s_subway'====== Args={'value': 3, 'prev_value': None, 'change': True}
2024-10-14 21:50:52,988 : INFO : EventManager : Event: ======'machine_var_audits_switches_s_tilt'====== Args={'value': 0, 'prev_value': None, 'change': True}
2024-10-14 21:50:52,988 : INFO : EventManager : Event: ======'machine_var_audits_switches_s_top'====== Args={'value': 0, 'prev_value': None, 'change': True}
2024-10-14 21:50:52,988 : INFO : EventManager : Event: ======'machine_var_audits_switches_s_top_mid'====== Args={'value': 0, 'prev_value': None, 'change': True}
2024-10-14 21:50:52,988 : INFO : EventManager : Event: ======'machine_var_audits_switches_s_trough_1'====== Args={'value': 6, 'prev_value': None, 'change': True}
2024-10-14 21:50:52,988 : INFO : EventManager : Event: ======'machine_var_audits_switches_s_trough_2'====== Args={'value': 3, 'prev_value': None, 'change': True}
2024-10-14 21:50:52,988 : INFO : EventManager : Event: ======'machine_var_audits_switches_s_trough_3'====== Args={'value': 4, 'prev_value': None, 'change': True}
2024-10-14 21:50:52,988 : INFO : EventManager : Event: ======'machine_var_audits_switches_s_trough_4'====== Args={'value': 8, 'prev_value': None, 'change': True}
2024-10-14 21:50:52,989 : INFO : EventManager : Event: ======'machine_var_audits_switches_s_trough_5'====== Args={'value': 3, 'prev_value': None, 'change': True}
2024-10-14 21:50:52,989 : INFO : EventManager : Event: ======'machine_var_audits_switches_s_trough_6'====== Args={'value': 6, 'prev_value': None, 'change': True}
2024-10-14 21:50:52,989 : INFO : EventManager : Event: ======'machine_var_audits_switches_s_trough_jam'====== Args={'value': 4, 'prev_value': None, 'change': True}
2024-10-14 21:50:52,989 : INFO : EventManager : Event: ======'machine_var_audits_switches_s_lock_1'====== Args={'value': 0, 'prev_value': None, 'change': True}
2024-10-14 21:50:52,989 : INFO : EventManager : Event: ======'machine_var_audits_switches_s_b_rollover_interchange'====== Args={'value': 0, 'prev_value': None, 'change': True}
2024-10-14 21:50:52,989 : INFO : EventManager : Event: ======'machine_var_audits_switches_s_lock_3'====== Args={'value': 0, 'prev_value': None, 'change': True}
2024-10-14 21:50:52,989 : INFO : EventManager : Event: ======'machine_var_audits_switches_s_vuk_upper'====== Args={'value': 0, 'prev_value': None, 'change': True}
2024-10-14 21:50:52,989 : INFO : EventManager : Event: ======'machine_var_audits_switches_s_u_target'====== Args={'value': 0, 'prev_value': None, 'change': True}
2024-10-14 21:50:52,990 : INFO : EventManager : Event: ======'machine_var_audits_switches_s_lock_2'====== Args={'value': 0, 'prev_value': None, 'change': True}
2024-10-14 21:50:52,990 : INFO : EventManager : Event: ======'machine_var_audits_switches_s_b_pop'====== Args={'value': 0, 'prev_value': None, 'change': True}
2024-10-14 21:50:52,990 : INFO : EventManager : Event: ======'machine_var_audits_switches_s_u_rollover'====== Args={'value': 0, 'prev_value': None, 'change': True}
2024-10-14 21:50:52,990 : INFO : EventManager : Event: ======'machine_var_audits_switches_s_b_target_right'====== Args={'value': 0, 'prev_value': None, 'change': True}
2024-10-14 21:50:52,990 : INFO : EventManager : Event: ======'machine_var_audits_switches_s_b_rollover_misc'====== Args={'value': 0, 'prev_value': None, 'change': True}
2024-10-14 21:50:52,990 : INFO : EventManager : Event: ======'machine_var_audits_switches_s_vuk_back'====== Args={'value': 0, 'prev_value': None, 'change': True}
2024-10-14 21:50:52,990 : INFO : EventManager : Event: ======'machine_var_audits_switches_s_u_lane_l'====== Args={'value': 0, 'prev_value': None, 'change': True}
2024-10-14 21:50:52,990 : INFO : EventManager : Event: ======'machine_var_audits_switches_s_u_lane_r'====== Args={'value': 0, 'prev_value': None, 'change': True}
2024-10-14 21:50:52,991 : INFO : EventManager : Event: ======'machine_var_audits_switches_s_b_target_left'====== Args={'value': 0, 'prev_value': None, 'change': True}
2024-10-14 21:50:52,991 : INFO : EventManager : Event: ======'machine_var_audits_switches_s_b_rollover_loop'====== Args={'value': 0, 'prev_value': None, 'change': True}
2024-10-14 21:50:52,991 : INFO : EventManager : Event: ======'machine_var_audits_switches_s_b_eos'====== Args={'value': 0, 'prev_value': None, 'change': True}
2024-10-14 21:50:52,991 : INFO : EventManager : Event: ======'init_phase_5'====== Args={}
2024-10-14 21:50:52,991 : INFO : EventManager : Event: ======'init_done'====== Args={}
2024-10-14 21:50:52,991 : INFO : EventManager : Event: ======'machine_reset_phase_1'====== Args={}
2024-10-14 21:50:52,992 : INFO : EventManager : Event: ======'machine_reset_phase_2'====== Args={}
2024-10-14 21:50:52,992 : INFO : EventManager : Event: ======'machine_reset_phase_3'====== Args={}
2024-10-14 21:50:52,999 : INFO : EventManager : Event: ======'reset_complete'====== Args={}
2024-10-14 21:50:52,999 : INFO : EventManager : Event: ======'mode_attract_will_start'====== Args={}
2024-10-14 21:50:52,999 : INFO : EventManager : Event: ======'mode_attract_starting'====== Args={}
2024-10-14 21:50:52,999 : INFO : Mode.attract : Started. Priority: 10
2024-10-14 21:50:52,999 : INFO : EventManager : Event: ======'modes_active_modes_changed'====== Args={}
2024-10-14 21:50:52,999 : INFO : EventManager : Event: ======'mode_attract_started'====== Args={}
2024-10-14 21:50:52,999 : INFO : EventManager : Event: ======'collecting_balls_complete'====== Args={}
2024-10-14 21:50:53,000 : INFO : Machine : Starting the main run loop.
2024-10-14 21:50:57,624 : INFO : SwitchController : <<<<<<< 's_start' active >>>>>>>
2024-10-14 21:50:57,711 : INFO : SwitchController : <<<<<<< 's_start' inactive >>>>>>>
2024-10-14 21:50:57,712 : INFO : EventManager : Event: ======'request_to_start_game'====== Args={}
2024-10-14 21:50:57,712 : INFO : EventManager : Event: ======'game_start'====== Args={'buttons': [], 'hold_time': 0.0873347080000002}
2024-10-14 21:50:57,713 : INFO : EventManager : Event: ======'mode_game_will_start'====== Args={'buttons': [], 'hold_time': 0.0873347080000002}
2024-10-14 21:50:57,713 : INFO : EventManager : Event: ======'mode_game_starting'====== Args={'buttons': [], 'hold_time': 0.0873347080000002}
2024-10-14 21:50:57,714 : INFO : EventManager : Event: ======'mode_attract_will_stop'====== Args={}
2024-10-14 21:50:57,714 : INFO : EventManager : Event: ======'mode_attract_stopping'====== Args={}
2024-10-14 21:50:57,714 : INFO : Mode.attract : Stopped.
2024-10-14 21:50:57,714 : INFO : EventManager : Event: ======'modes_active_modes_changed'====== Args={}
2024-10-14 21:50:57,714 : INFO : EventManager : Event: ======'mode_attract_stopped'====== Args={}
2024-10-14 21:50:57,714 : INFO : EventManager : Event: ======'clear'====== Args={'key': 'attract'}
2024-10-14 21:50:57,714 : INFO : Mode.game : Started. Priority: 20
2024-10-14 21:50:57,714 : INFO : EventManager : Event: ======'modes_active_modes_changed'====== Args={}
2024-10-14 21:50:57,714 : INFO : EventManager : Event: ======'mode_game_started'====== Args={'buttons': [], 'hold_time': 0.0873347080000002}
2024-10-14 21:50:57,715 : INFO : EventManager : Event: ======'game_will_start'====== Args={}
2024-10-14 21:50:57,716 : INFO : EventManager : Event: ======'game_starting'====== Args={'game': <Mode.game>}
2024-10-14 21:50:57,717 : INFO : EventManager : Unordered handler for class <Auditor> on event game_ended with priority 1. Handlers: [RegisteredHandler(callback=<bound method Auditor.disable of <Auditor>>, priority=1, kwargs={}, key=UUID('a572a4a2-6989-4747-b7ce-80e1af0d651c'), condition=None, blocking_facility=None), RegisteredHandler(callback=<bound method Auditor._save_audits of <Auditor>>, priority=1, kwargs={}, key=UUID('b8d161c0-f5a2-4012-9d7e-51a5d8b0baf5'), condition=None, blocking_facility=None)]. The order of those handlers is not defined and they will be executed in random order. This might lead to race conditions and potential bugs.
2024-10-14 21:50:57,717 : INFO : EventManager : Event: ======'player_add_request'====== Args={}
2024-10-14 21:50:57,717 : INFO : EventManager : Event: ======'player_will_add'====== Args={'number': 1}
2024-10-14 21:50:57,717 : INFO : EventManager : Event: ======'player_adding'====== Args={'player': <Player 1>, 'number': 1}
2024-10-14 21:50:57,717 : INFO : EventManager : Event: ======'player_added'====== Args={'player': <Player 1>, 'num': 1}
2024-10-14 21:50:57,717 : INFO : Mode.game : Player added successfully. Total players: 1
2024-10-14 21:50:57,717 : INFO : EventManager : Event: ======'player_index'====== Args={'value': 0, 'prev_value': 0, 'change': 0, 'player_num': 1}
2024-10-14 21:50:57,718 : INFO : EventManager : Event: ======'player_number'====== Args={'value': 1, 'prev_value': 1, 'change': 0, 'player_num': 1}
2024-10-14 21:50:57,718 : INFO : EventManager : Event: ======'player_score'====== Args={'value': 0, 'prev_value': 0, 'change': 0, 'player_num': 1}
2024-10-14 21:50:57,718 : INFO : EventManager : Event: ======'game_started'====== Args={}
2024-10-14 21:50:57,719 : INFO : EventManager : Event: ======'player_turn_will_start'====== Args={'player': <Player 1>, 'number': 1}
2024-10-14 21:50:57,719 : INFO : EventManager : Event: ======'player_turn_starting'====== Args={'player': <Player 1>, 'number': 1}
2024-10-14 21:50:57,732 : INFO : EventManager : Event: ======'player_ball'====== Args={'value': 1, 'prev_value': 0, 'change': 1, 'player_num': 1}
2024-10-14 21:50:57,732 : INFO : EventManager : Event: ======'player_turn_started'====== Args={'player': <Player 1>, 'number': 1}
2024-10-14 21:50:57,732 : INFO : EventManager : Event: ======'ball_will_start'====== Args={'player': 1, 'ball': 1, 'balls_remaining': 2, 'is_extra_ball': False}
2024-10-14 21:50:57,732 : INFO : EventManager : Event: ======'ball_starting'====== Args={'player': 1, 'ball': 1, 'balls_remaining': 2, 'is_extra_ball': False}
2024-10-14 21:50:57,732 : INFO : EventManager : Event: ======'balls_in_play'====== Args={'balls': 1}
2024-10-14 21:50:57,732 : INFO : EventManager : Event: ======'ball_started'====== Args={'player': 1, 'ball': 1, 'balls_remaining': 2, 'is_extra_ball': False}
2024-10-14 21:50:57,733 : INFO : EventManager : Event: ======'single_player_ball_started'====== Args={}
2024-10-14 21:50:57,733 : INFO : EventManager : Event: ======'ball_start_target'====== Args={'target': 'playfield'}
2024-10-14 21:50:57,733 : INFO : ball_device.bd_autolauncher : Setting up player-controlled eject. Balls: 1, Target: <playfield.playfield>, player_controlled_eject_event: sw_launch
2024-10-14 21:50:57,733 : INFO : EventManager : Event: ======'balldevice_balls_available'====== Args={}
2024-10-14 21:50:57,734 : INFO : ball_device.bd_trough : State: waiting_for_target_ready
2024-10-14 21:50:57,734 : INFO : EventManager : Event: ======'balldevice_bd_trough_ball_eject_attempt'====== Args={'balls': 1, 'target': <ball_device.bd_autolauncher>, 'source': <ball_device.bd_trough>, 'mechanical_eject': True, 'num_attempts': 0}
2024-10-14 21:50:57,734 : INFO : ball_device.bd_autolauncher : State: waiting_for_ball
2024-10-14 21:50:57,734 : INFO : ball_device.bd_trough : State: ejecting
2024-10-14 21:50:57,734 : INFO : ball_device.bd_trough : Ejecting ball to <ball_device.bd_autolauncher>
2024-10-14 21:50:57,734 : INFO : EventManager : Event: ======'balldevice_bd_trough_ejecting_ball'====== Args={'balls': 1, 'target': <ball_device.bd_autolauncher>, 'source': <ball_device.bd_trough>, 'mechanical_eject': True, 'num_attempts': 0}
2024-10-14 21:50:57,734 : INFO : ball_device.bd_trough : Wait for ball to leave device
2024-10-14 21:50:57,734 : INFO : coil.c_trough : Pulsing Driver for 15ms (1.0 pulse_power)
2024-10-14 21:50:57,759 : INFO : SwitchController : <<<<<<< 's_trough_jam' active >>>>>>>
2024-10-14 21:50:57,759 : INFO : EventManager : Event: ======'machine_var_audits_switches_s_trough_jam'====== Args={'value': 5, 'prev_value': 4, 'change': 1}
2024-10-14 21:50:57,764 : INFO : SwitchController : <<<<<<< 's_vuk_upper' inactive >>>>>>>
2024-10-14 21:50:57,767 : INFO : SwitchController : <<<<<<< 's_trough_jam' inactive >>>>>>>
2024-10-14 21:50:57,815 : INFO : SwitchController : <<<<<<< 's_trough_1' inactive >>>>>>>
2024-10-14 21:50:57,816 : INFO : ball_device.bd_trough : State: ball_left
2024-10-14 21:50:57,816 : INFO : ball_device.bd_trough : Ball left
2024-10-14 21:50:57,816 : INFO : ball_device.bd_trough : Wait for confirm with timeout 1.0
2024-10-14 21:50:57,932 : INFO : SwitchController : <<<<<<< 's_vuk_upper' active >>>>>>>
2024-10-14 21:50:57,932 : INFO : EventManager : Event: ======'playfield_active'====== Args={}
2024-10-14 21:50:57,932 : INFO : EventManager : Event: ======'unexpected_ball_on_playfield'====== Args={}
2024-10-14 21:50:57,933 : INFO : EventManager : Event: ======'machine_var_audits_switches_s_vuk_upper'====== Args={'value': 1, 'prev_value': 0, 'change': 1}
2024-10-14 21:50:57,934 : INFO : SwitchController : <<<<<<< 's_trough_2' inactive >>>>>>>
2024-10-14 21:50:57,966 : INFO : SwitchController : <<<<<<< 's_vuk_upper' inactive >>>>>>>
2024-10-14 21:50:57,990 : INFO : SwitchController : <<<<<<< 's_trough_1' active >>>>>>>
2024-10-14 21:50:57,990 : INFO : EventManager : Event: ======'machine_var_audits_switches_s_trough_1'====== Args={'value': 7, 'prev_value': 6, 'change': 1}
2024-10-14 21:50:58,023 : INFO : SwitchController : <<<<<<< 's_vuk_upper' active >>>>>>>
2024-10-14 21:50:58,023 : INFO : EventManager : Event: ======'playfield_active'====== Args={}
2024-10-14 21:50:58,023 : INFO : EventManager : Event: ======'unexpected_ball_on_playfield'====== Args={}
2024-10-14 21:50:58,023 : INFO : EventManager : Event: ======'machine_var_audits_switches_s_vuk_upper'====== Args={'value': 2, 'prev_value': 1, 'change': 1}
2024-10-14 21:50:58,044 : INFO : SwitchController : <<<<<<< 's_vuk_upper' inactive >>>>>>>
2024-10-14 21:50:58,231 : INFO : SwitchController : <<<<<<< 's_vuk_upper' active >>>>>>>
2024-10-14 21:50:58,231 : INFO : EventManager : Event: ======'playfield_active'====== Args={}
2024-10-14 21:50:58,231 : INFO : EventManager : Event: ======'unexpected_ball_on_playfield'====== Args={}
2024-10-14 21:50:58,231 : INFO : EventManager : Event: ======'machine_var_audits_switches_s_vuk_upper'====== Args={'value': 3, 'prev_value': 2, 'change': 1}
2024-10-14 21:50:58,288 : INFO : SwitchController : <<<<<<< 's_vuk_upper' inactive >>>>>>>
2024-10-14 21:50:58,297 : INFO : SwitchController : <<<<<<< 's_vuk_upper' active >>>>>>>
2024-10-14 21:50:58,297 : INFO : EventManager : Event: ======'playfield_active'====== Args={}
2024-10-14 21:50:58,298 : INFO : EventManager : Event: ======'unexpected_ball_on_playfield'====== Args={}
2024-10-14 21:50:58,298 : INFO : EventManager : Event: ======'machine_var_audits_switches_s_vuk_upper'====== Args={'value': 4, 'prev_value': 3, 'change': 1}
2024-10-14 21:50:58,358 : INFO : SwitchController : <<<<<<< 's_vuk_upper' inactive >>>>>>>
2024-10-14 21:50:58,368 : INFO : SwitchController : <<<<<<< 's_autolauncher' active >>>>>>>
2024-10-14 21:50:58,368 : INFO : EventManager : Event: ======'machine_var_audits_switches_s_autolauncher'====== Args={'value': 6, 'prev_value': 5, 'change': 1}
2024-10-14 21:50:58,512 : INFO : SwitchController : <<<<<<< 's_vuk_upper' active >>>>>>>
2024-10-14 21:50:58,512 : INFO : EventManager : Event: ======'playfield_active'====== Args={}
2024-10-14 21:50:58,512 : INFO : EventManager : Event: ======'unexpected_ball_on_playfield'====== Args={}
2024-10-14 21:50:58,512 : INFO : EventManager : Event: ======'machine_var_audits_switches_s_vuk_upper'====== Args={'value': 5, 'prev_value': 4, 'change': 1}
2024-10-14 21:50:58,540 : INFO : SwitchController : <<<<<<< 's_vuk_upper' inactive >>>>>>>
2024-10-14 21:50:58,540 : INFO : SwitchController : <<<<<<< 's_vuk_upper' active >>>>>>>
2024-10-14 21:50:58,541 : INFO : EventManager : Event: ======'playfield_active'====== Args={}
2024-10-14 21:50:58,541 : INFO : EventManager : Event: ======'unexpected_ball_on_playfield'====== Args={}
2024-10-14 21:50:58,541 : INFO : EventManager : Event: ======'machine_var_audits_switches_s_vuk_upper'====== Args={'value': 6, 'prev_value': 5, 'change': 1}
2024-10-14 21:50:58,579 : INFO : SwitchController : <<<<<<< 's_vuk_upper' inactive >>>>>>>
2024-10-14 21:50:58,631 : INFO : SwitchController : <<<<<<< 's_vuk_upper' active >>>>>>>
2024-10-14 21:50:58,631 : INFO : EventManager : Event: ======'playfield_active'====== Args={}
2024-10-14 21:50:58,631 : INFO : EventManager : Event: ======'unexpected_ball_on_playfield'====== Args={}
2024-10-14 21:50:58,631 : INFO : EventManager : Event: ======'machine_var_audits_switches_s_vuk_upper'====== Args={'value': 7, 'prev_value': 6, 'change': 1}
2024-10-14 21:50:58,660 : INFO : SwitchController : <<<<<<< 's_vuk_upper' inactive >>>>>>>
2024-10-14 21:50:58,666 : INFO : SwitchController : <<<<<<< 's_vuk_upper' active >>>>>>>
2024-10-14 21:50:58,666 : INFO : EventManager : Event: ======'playfield_active'====== Args={}
2024-10-14 21:50:58,667 : INFO : EventManager : Event: ======'unexpected_ball_on_playfield'====== Args={}
2024-10-14 21:50:58,667 : INFO : EventManager : Event: ======'machine_var_audits_switches_s_vuk_upper'====== Args={'value': 8, 'prev_value': 7, 'change': 1}
2024-10-14 21:50:58,668 : INFO : ball_device.bd_autolauncher : Received ball from <ball_device.bd_trough>
2024-10-14 21:50:58,668 : INFO : EventManager : Event: ======'balldevice_bd_autolauncher_ball_enter'====== Args={'new_balls': 1, 'unclaimed_balls': 0, 'new_available_balls': 0, 'device': <ball_device.bd_autolauncher>}
2024-10-14 21:50:58,668 : INFO : EventManager : Event: ======'balldevice_bd_autolauncher_ball_entered'====== Args={'new_balls': 0, 'device': <ball_device.bd_autolauncher>}
2024-10-14 21:50:58,668 : INFO : EventManager : Event: ======'balldevice_bd_autolauncher_ball_count_changed'====== Args={'balls': 1}
2024-10-14 21:50:58,669 : INFO : ball_device.bd_trough : Got eject confirm
2024-10-14 21:50:58,669 : INFO : ball_device.bd_trough : Eject successful
2024-10-14 21:50:58,669 : INFO : EventManager : Event: ======'balldevice_bd_trough_ball_eject_success'====== Args={'balls': 1, 'target': <ball_device.bd_autolauncher>}
2024-10-14 21:50:58,669 : INFO : ball_device.bd_autolauncher : State: waiting_for_target_ready
2024-10-14 21:50:58,669 : INFO : EventManager : Event: ======'balldevice_bd_autolauncher_ball_eject_attempt'====== Args={'balls': 1, 'target': <playfield.playfield>, 'source': <ball_device.bd_autolauncher>, 'mechanical_eject': True, 'num_attempts': 0}
2024-10-14 21:50:58,669 : INFO : EventManager : Event: ======'balldevice_bd_trough_ball_count_changed'====== Args={'balls': 0}
2024-10-14 21:50:58,669 : INFO : ball_device.bd_trough : State: idle
2024-10-14 21:50:58,669 : INFO : EventManager : Event: ======'balldevice_bd_trough_ball_count_changed'====== Args={'balls': 1}
2024-10-14 21:50:58,669 : INFO : ball_device.bd_trough : Received unexpected ball
2024-10-14 21:50:58,669 : INFO : EventManager : Event: ======'balldevice_captured_from_playfield'====== Args={'balls': 1}
2024-10-14 21:50:58,670 : INFO : ball_device.bd_autolauncher : State: ejecting
2024-10-14 21:50:58,670 : INFO : ball_device.bd_autolauncher : Ejecting ball to <playfield.playfield>
2024-10-14 21:50:58,670 : INFO : EventManager : Event: ======'balldevice_bd_autolauncher_ejecting_ball'====== Args={'balls': 1, 'target': <playfield.playfield>, 'source': <ball_device.bd_autolauncher>, 'mechanical_eject': True, 'num_attempts': 0}
2024-10-14 21:50:58,670 : INFO : EventManager : Event: ======'sw_playfield_active'====== Args={'balls': 1}
2024-10-14 21:50:58,670 : INFO : EventManager : Event: ======'playfield_active'====== Args={}
2024-10-14 21:50:58,670 : INFO : EventManager : Event: ======'unexpected_ball_on_playfield'====== Args={}
2024-10-14 21:50:58,670 : INFO : EventManager : Event: ======'playfield_ball_count_change'====== Args={'balls': -1, 'change': -1}
2024-10-14 21:50:58,670 : INFO : EventManager : Event: ======'balldevice_playfield_ball_enter'====== Args={'new_balls': 1, 'unclaimed_balls': 1, 'device': <playfield.playfield>}
2024-10-14 21:50:58,670 : INFO : EventManager : Event: ======'playfield_ball_count_change'====== Args={'balls': 0, 'change': 1}
2024-10-14 21:50:58,670 : INFO : BallController : Found a new ball which was captured from playfield. Known balls: 2
2024-10-14 21:50:58,671 : INFO : EventManager : Event: ======'found_new_ball'====== Args={}
2024-10-14 21:50:58,671 : INFO : EventManager : Event: ======'balldevice_bd_trough_ball_enter'====== Args={'new_balls': 1, 'unclaimed_balls': 1, 'new_available_balls': 1, 'device': <ball_device.bd_trough>}
2024-10-14 21:50:58,676 : INFO : EventManager : Event: ======'ball_drain'====== Args={'device': <ball_device.bd_trough>, 'balls': 1}
2024-10-14 21:50:58,677 : INFO : EventManager : Event: ======'ball_will_end'====== Args={}
2024-10-14 21:50:58,677 : INFO : EventManager : Event: ======'balldevice_balls_available'====== Args={}
2024-10-14 21:50:58,677 : INFO : EventManager : Event: ======'balldevice_bd_trough_ball_entered'====== Args={'new_balls': 1, 'device': <ball_device.bd_trough>}
2024-10-14 21:50:58,677 : INFO : ball_device.bd_autolauncher : Wait for ball to leave device
2024-10-14 21:50:58,678 : INFO : EventManager : Event: ======'ball_ending'====== Args={}
2024-10-14 21:50:58,678 : INFO : EventManager : Event: ======'ball_ended'====== Args={}
2024-10-14 21:50:58,678 : INFO : EventManager : Event: ======'player_turn_will_end'====== Args={'player': <Player 1>, 'number': 1}
2024-10-14 21:50:58,678 : INFO : EventManager : Event: ======'player_turn_ending'====== Args={'player': <Player 1>, 'number': 1}
2024-10-14 21:50:58,678 : INFO : EventManager : Event: ======'player_turn_ended'====== Args={'player': <Player 1>, 'number': 1}
2024-10-14 21:50:58,678 : INFO : EventManager : Event: ======'player_turn_will_start'====== Args={'player': <Player 1>, 'number': 1}
2024-10-14 21:50:58,678 : INFO : EventManager : Event: ======'player_turn_starting'====== Args={'player': <Player 1>, 'number': 1}
2024-10-14 21:50:58,678 : INFO : EventManager : Event: ======'player_ball'====== Args={'value': 2, 'prev_value': 1, 'change': 1, 'player_num': 1}
2024-10-14 21:50:58,678 : INFO : EventManager : Event: ======'player_turn_started'====== Args={'player': <Player 1>, 'number': 1}
2024-10-14 21:50:58,679 : INFO : EventManager : Event: ======'ball_will_start'====== Args={'player': 1, 'ball': 2, 'balls_remaining': 1, 'is_extra_ball': False}
2024-10-14 21:50:58,679 : INFO : BallController : Found 1 ball(s) on playfield.
2024-10-14 21:50:58,679 : WARNING : BallController : Playfields still contain balls. Waiting for those to drain.
2024-10-14 21:50:58,705 : INFO : SwitchController : <<<<<<< 's_vuk_upper' inactive >>>>>>>
2024-10-14 21:50:58,863 : INFO : SwitchController : <<<<<<< 's_vuk_upper' active >>>>>>>
2024-10-14 21:50:58,864 : INFO : EventManager : Event: ======'machine_var_audits_switches_s_vuk_upper'====== Args={'value': 9, 'prev_value': 8, 'change': 1}
2024-10-14 21:50:59,680 : INFO : BallController : Found 1 ball(s) on playfield.
2024-10-14 21:50:59,680 : WARNING : BallController : Playfields still contain balls. Waiting for those to drain.
2024-10-14 21:51:00,682 : INFO : BallController : Found 1 ball(s) on playfield.
2024-10-14 21:51:00,682 : WARNING : BallController : Playfields still contain balls. Waiting for those to drain.
2024-10-14 21:51:01,683 : INFO : BallController : Found 1 ball(s) on playfield.
2024-10-14 21:51:01,684 : WARNING : BallController : Playfields still contain balls. Waiting for those to drain.
2024-10-14 21:51:02,685 : INFO : BallController : Found 1 ball(s) on playfield.
2024-10-14 21:51:02,686 : WARNING : BallController : Playfields still contain balls. Waiting for those to drain.
2024-10-14 21:51:03,687 : INFO : BallController : Found 1 ball(s) on playfield.
2024-10-14 21:51:03,688 : WARNING : BallController : Playfields still contain balls. Waiting for those to drain.
2024-10-14 21:51:04,689 : INFO : BallController : Found 1 ball(s) on playfield.
2024-10-14 21:51:04,689 : WARNING : BallController : Playfields still contain balls. Waiting for those to drain.
2024-10-14 21:51:05,176 : INFO : Machine : Shutting down...
2024-10-14 21:51:05,177 : INFO : EventManager : Event: ======'shutdown'====== Args={}
2024-10-14 21:51:05,178 : INFO : EventManager : Event: ======'mode_game_will_stop'====== Args={}
2024-10-14 21:51:05,178 : INFO : EventManager : Event: ======'mode_game_stopping'====== Args={}
2024-10-14 21:51:05,179 : INFO : Mode.game : Stopped.
2024-10-14 21:51:05,179 : INFO : EventManager : Event: ======'modes_active_modes_changed'====== Args={}
2024-10-14 21:51:05,179 : INFO : EventManager : Event: ======'mode_game_stopped'====== Args={}
2024-10-14 21:51:05,179 : INFO : EventManager : Event: ======'clear'====== Args={'key': 'game'}
2024-10-14 21:51:05,287 : INFO : root : MPF run loop ended.
