2024-10-14 18:50:12,942 : INFO : root : Loading config.
2024-10-14 18:50:12,944 : INFO : YamlMultifileConfigLoader : Machine config file #1: config.yaml
2024-10-14 18:50:12,945 : INFO : ConfigProcessor : Loading config from cache: /var/folders/l2/q8hj_6s91xnb2jxg1sqm0h7r0000gn/T/fb4db0341b09a4be02e1d6b8eab00179.mpf_cache
2024-10-14 18:50:12,973 : INFO : ConfigProcessor : Loading config from cache: /var/folders/l2/q8hj_6s91xnb2jxg1sqm0h7r0000gn/T/c7af4841f7c2cabb0f971746daddf284.mpf_cache
2024-10-14 18:50:12,973 : INFO : ConfigProcessor : Loading config from cache: /var/folders/l2/q8hj_6s91xnb2jxg1sqm0h7r0000gn/T/edcc5f1d3215b377c9faab88c62e4ce0.mpf_cache
2024-10-14 18:50:12,974 : INFO : Machine : Mission Pinball Framework Core Engine v0.57.1.dev3
2024-10-14 18:50:12,974 : INFO : Machine : Command line arguments: {'no_load_cache': False, 'create_config_cache': True, 'bcp': False, 'configfile': ['config.yaml'], 'force_assets_load': False, 'platform_integration_test': False, 'jsonlogging': False, 'logfile': 'logs/2024-10-14-18-50-12-mpf-Tanners-Laptop.local.log', 'pause': False, 'production': False, 'text_ui': True, 'loglevel': 15, 'consoleloglevel': 20, 'force_platform': None, 'syslog_address': None, 'mc_file_name': None, 'no_sound': False}
2024-10-14 18:50:12,974 : INFO : Machine : MPF path: /Library/Frameworks/Python.framework/Versions/3.9/lib/python3.9/site-packages/mpf
2024-10-14 18:50:12,974 : INFO : Machine : Machine path: /Users/tannerpetch/Documents/GitHub/trashland_4
2024-10-14 18:50:12,974 : INFO : Machine : Platform: darwin
2024-10-14 18:50:12,974 : INFO : Machine : Python executable location: /Library/Frameworks/Python.framework/Versions/3.9/bin/python3.9
2024-10-14 18:50:12,974 : INFO : Machine : Python version: 3.9.13 (64-bit)
2024-10-14 18:50:12,974 : INFO : Machine : Initializing MPF...
2024-10-14 18:50:13,002 : INFO : FAST [NET] : Trying to connect to /dev/tty.usbmodem1401 at 921600bps
2024-10-14 18:50:13,010 : INFO : FAST [NET] : Connected to /dev/tty.usbmodem1401 at 921600bps
2024-10-14 18:50:13,011 : INFO : FAST [NET] : Connected to FP-CPU-2000 with firmware v02.21
2024-10-14 18:50:13,013 : INFO : FAST [NET] : Registered I/O Board 0: Model: FP-I/O-0804, Firmware: 01.10, Switches: 8, Drivers: 4
2024-10-14 18:50:13,014 : INFO : FAST [NET] : Registered I/O Board 1: Model: FP-I/O-0804, Firmware: 01.10, Switches: 8, Drivers: 4
2024-10-14 18:50:13,015 : INFO : FAST [NET] : Registered I/O Board 2: Model: FP-I/O-3208, Firmware: 01.10, Switches: 32, Drivers: 8
2024-10-14 18:50:13,016 : INFO : FAST [NET] : Registered I/O Board 3: Model: FP-I/O-1616, Firmware: 01.10, Switches: 16, Drivers: 16
2024-10-14 18:50:13,017 : INFO : FAST [NET] : Registered I/O Board 4: Model: FP-I/O-3208, Firmware: 01.10, Switches: 32, Drivers: 8
2024-10-14 18:50:13,017 : INFO : EventManager : Event: ======'machine_var_credits_string'====== Args={'value': 'FREE PLAY', 'prev_value': None, 'change': True}
2024-10-14 18:50:13,031 : INFO : EventManager : Event: ======'machine_var_master_volume'====== Args={'value': 0.5, 'prev_value': None, 'change': True}
2024-10-14 18:50:13,031 : INFO : EventManager : Event: ======'machine_var_player1_score'====== Args={'value': 0, 'prev_value': None, 'change': True}
2024-10-14 18:50:13,031 : INFO : EventManager : Event: ======'machine_var_mpf_version'====== Args={'value': 'Mission Pinball Framework v0.57.1.dev3', 'prev_value': None, 'change': True}
2024-10-14 18:50:13,031 : INFO : EventManager : Event: ======'machine_var_mpf_extended_version'====== Args={'value': 'Mission Pinball Framework v0.57.1.dev3, Config version:6, Show version: 6, BCP version:1.1', 'prev_value': None, 'change': True}
2024-10-14 18:50:13,031 : INFO : EventManager : Event: ======'machine_var_python_version'====== Args={'value': '3.9.13', 'prev_value': None, 'change': True}
2024-10-14 18:50:13,039 : INFO : EventManager : Event: ======'machine_var_platform'====== Args={'value': 'macOS-14.3-arm64-arm-64bit', 'prev_value': None, 'change': True}
2024-10-14 18:50:13,039 : INFO : EventManager : Event: ======'machine_var_platform_system'====== Args={'value': 'Darwin', 'prev_value': None, 'change': True}
2024-10-14 18:50:13,039 : INFO : EventManager : Event: ======'machine_var_platform_release'====== Args={'value': '23.3.0', 'prev_value': None, 'change': True}
2024-10-14 18:50:13,039 : INFO : EventManager : Event: ======'machine_var_platform_version'====== Args={'value': 'Darwin Kernel Version 23.3.0: Thu Dec 21 02:29:41 PST 2023; root:xnu-10002.81.5~11/RELEASE_ARM64_T8122', 'prev_value': None, 'change': True}
2024-10-14 18:50:13,039 : INFO : EventManager : Event: ======'machine_var_platform_machine'====== Args={'value': 'arm64', 'prev_value': None, 'change': True}
2024-10-14 18:50:13,039 : INFO : EventManager : Event: ======'init_phase_1'====== Args={}
2024-10-14 18:50:13,145 : WARNING : Machine : Iterating device collections directly is deprecated and will be removed. Access by value(): device_collections[switches] -> device_collections['switches'].values()
2024-10-14 18:50:13,145 : INFO : SwitchController : <<<<<<< 's_outlane_l' active >>>>>>>
2024-10-14 18:50:13,145 : INFO : SwitchController : <<<<<<< 's_trough_1' active >>>>>>>
2024-10-14 18:50:13,145 : INFO : SwitchController : <<<<<<< 's_drop_m' active >>>>>>>
2024-10-14 18:50:13,145 : INFO : SwitchController : <<<<<<< 's_drop_l' active >>>>>>>
2024-10-14 18:50:13,145 : INFO : SwitchController : <<<<<<< 's_drop_single' active >>>>>>>
2024-10-14 18:50:13,146 : INFO : EventManager : Event: ======'init_phase_2'====== Args={}
2024-10-14 18:50:13,146 : INFO : SwitchController : Found active switch: (16, [FAST Platform Interface]) <switch.s_outlane_l>
2024-10-14 18:50:13,146 : INFO : SwitchController : Found active switch: (30, [FAST Platform Interface]) <switch.s_trough_1>
2024-10-14 18:50:13,146 : INFO : SwitchController : Found active switch: (50, [FAST Platform Interface]) <switch.s_drop_m>
2024-10-14 18:50:13,146 : INFO : SwitchController : Found active switch: (51, [FAST Platform Interface]) <switch.s_drop_l>
2024-10-14 18:50:13,146 : INFO : SwitchController : Found active switch: (57, [FAST Platform Interface]) <switch.s_drop_single>
2024-10-14 18:50:13,147 : INFO : ball_device.bd_middle_scoop : BCH: Initial count: 0
2024-10-14 18:50:13,147 : INFO : ball_device.bd_middle_scoop : State: idle
2024-10-14 18:50:13,647 : INFO : ball_device.bd_trough : BCH: Initial count: 1
2024-10-14 18:50:13,649 : INFO : ball_device.bd_trough : State: idle
2024-10-14 18:50:13,650 : INFO : ball_device.bd_autolauncher : BCH: Initial count: 0
2024-10-14 18:50:13,651 : INFO : ball_device.bd_autolauncher : State: idle
2024-10-14 18:50:13,651 : INFO : ball_device.bd_kicker_orbit : BCH: Initial count: 0
2024-10-14 18:50:13,652 : INFO : ball_device.bd_kicker_orbit : State: idle
2024-10-14 18:50:13,666 : INFO : EventManager : Event: ======'init_phase_3'====== Args={}
2024-10-14 18:50:13,668 : INFO : EventManager : Event: ======'init_phase_4'====== Args={}
2024-10-14 18:50:13,668 : INFO : BallController : Initial balls found: 1
2024-10-14 18:50:13,669 : INFO : EventManager : Event: ======'machine_var_audits_events_game_ended'====== Args={'value': 1, 'prev_value': None, 'change': True}
2024-10-14 18:50:13,669 : INFO : EventManager : Event: ======'machine_var_audits_events_game_started'====== Args={'value': 2, 'prev_value': None, 'change': True}
2024-10-14 18:50:13,669 : INFO : EventManager : Event: ======'machine_var_audits_missing_switches_s_bot'====== Args={'value': 2, 'prev_value': None, 'change': True}
2024-10-14 18:50:13,669 : INFO : EventManager : Event: ======'machine_var_audits_missing_switches_s_bot_mid'====== Args={'value': 2, 'prev_value': None, 'change': True}
2024-10-14 18:50:13,669 : INFO : EventManager : Event: ======'machine_var_audits_missing_switches_s_captive_l'====== Args={'value': 2, 'prev_value': None, 'change': True}
2024-10-14 18:50:13,669 : INFO : EventManager : Event: ======'machine_var_audits_missing_switches_s_captive_r'====== Args={'value': 2, 'prev_value': None, 'change': True}
2024-10-14 18:50:13,669 : INFO : EventManager : Event: ======'machine_var_audits_missing_switches_s_drop_l'====== Args={'value': 2, 'prev_value': None, 'change': True}
2024-10-14 18:50:13,669 : INFO : EventManager : Event: ======'machine_var_audits_missing_switches_s_drop_r'====== Args={'value': 2, 'prev_value': None, 'change': True}
2024-10-14 18:50:13,669 : INFO : EventManager : Event: ======'machine_var_audits_missing_switches_s_drop_single'====== Args={'value': 2, 'prev_value': None, 'change': True}
2024-10-14 18:50:13,669 : INFO : EventManager : Event: ======'machine_var_audits_missing_switches_s_lower_orbit'====== Args={'value': 2, 'prev_value': None, 'change': True}
2024-10-14 18:50:13,669 : INFO : EventManager : Event: ======'machine_var_audits_missing_switches_s_lower_single'====== Args={'value': 2, 'prev_value': None, 'change': True}
2024-10-14 18:50:13,669 : INFO : EventManager : Event: ======'machine_var_audits_missing_switches_s_lower_sling'====== Args={'value': 2, 'prev_value': None, 'change': True}
2024-10-14 18:50:13,669 : INFO : EventManager : Event: ======'machine_var_audits_missing_switches_s_lower_transfer'====== Args={'value': 2, 'prev_value': None, 'change': True}
2024-10-14 18:50:13,669 : INFO : EventManager : Event: ======'machine_var_audits_missing_switches_s_lower_vuk'====== Args={'value': 2, 'prev_value': None, 'change': True}
2024-10-14 18:50:13,669 : INFO : EventManager : Event: ======'machine_var_audits_missing_switches_s_outlane_l'====== Args={'value': 2, 'prev_value': None, 'change': True}
2024-10-14 18:50:13,669 : INFO : EventManager : Event: ======'machine_var_audits_missing_switches_s_outlane_r'====== Args={'value': 2, 'prev_value': None, 'change': True}
2024-10-14 18:50:13,669 : INFO : EventManager : Event: ======'machine_var_audits_missing_switches_s_scissor_save'====== Args={'value': 2, 'prev_value': None, 'change': True}
2024-10-14 18:50:13,669 : INFO : EventManager : Event: ======'machine_var_audits_missing_switches_s_start'====== Args={'value': 2, 'prev_value': None, 'change': True}
2024-10-14 18:50:13,669 : INFO : EventManager : Event: ======'machine_var_audits_missing_switches_s_tilt'====== Args={'value': 2, 'prev_value': None, 'change': True}
2024-10-14 18:50:13,669 : INFO : EventManager : Event: ======'machine_var_audits_missing_switches_s_top'====== Args={'value': 2, 'prev_value': None, 'change': True}
2024-10-14 18:50:13,670 : INFO : EventManager : Event: ======'machine_var_audits_missing_switches_s_top_mid'====== Args={'value': 2, 'prev_value': None, 'change': True}
2024-10-14 18:50:13,670 : INFO : EventManager : Event: ======'machine_var_audits_player_score'====== Args={'value': {'average': 0, 'top': [0], 'total': 1}, 'prev_value': None, 'change': True}
2024-10-14 18:50:13,670 : INFO : EventManager : Event: ======'machine_var_audits_switches_s_autolauncher'====== Args={'value': 3, 'prev_value': None, 'change': True}
2024-10-14 18:50:13,670 : INFO : EventManager : Event: ======'machine_var_audits_switches_s_bot'====== Args={'value': 0, 'prev_value': None, 'change': True}
2024-10-14 18:50:13,670 : INFO : EventManager : Event: ======'machine_var_audits_switches_s_bot_mid'====== Args={'value': 0, 'prev_value': None, 'change': True}
2024-10-14 18:50:13,670 : INFO : EventManager : Event: ======'machine_var_audits_switches_s_captive_l'====== Args={'value': 0, 'prev_value': None, 'change': True}
2024-10-14 18:50:13,670 : INFO : EventManager : Event: ======'machine_var_audits_switches_s_captive_r'====== Args={'value': 0, 'prev_value': None, 'change': True}
2024-10-14 18:50:13,670 : INFO : EventManager : Event: ======'machine_var_audits_switches_s_drop_l'====== Args={'value': 0, 'prev_value': None, 'change': True}
2024-10-14 18:50:13,670 : INFO : EventManager : Event: ======'machine_var_audits_switches_s_drop_m'====== Args={'value': 1, 'prev_value': None, 'change': True}
2024-10-14 18:50:13,670 : INFO : EventManager : Event: ======'machine_var_audits_switches_s_drop_r'====== Args={'value': 0, 'prev_value': None, 'change': True}
2024-10-14 18:50:13,670 : INFO : EventManager : Event: ======'machine_var_audits_switches_s_drop_single'====== Args={'value': 0, 'prev_value': None, 'change': True}
2024-10-14 18:50:13,670 : INFO : EventManager : Event: ======'machine_var_audits_switches_s_flipper_but_l_1'====== Args={'value': 32, 'prev_value': None, 'change': True}
2024-10-14 18:50:13,670 : INFO : EventManager : Event: ======'machine_var_audits_switches_s_flipper_but_l_2'====== Args={'value': 31, 'prev_value': None, 'change': True}
2024-10-14 18:50:13,670 : INFO : EventManager : Event: ======'machine_var_audits_switches_s_flipper_but_r_1'====== Args={'value': 30, 'prev_value': None, 'change': True}
2024-10-14 18:50:13,670 : INFO : EventManager : Event: ======'machine_var_audits_switches_s_flipper_but_r_2'====== Args={'value': 28, 'prev_value': None, 'change': True}
2024-10-14 18:50:13,670 : INFO : EventManager : Event: ======'machine_var_audits_switches_s_flipper_l'====== Args={'value': 34, 'prev_value': None, 'change': True}
2024-10-14 18:50:13,670 : INFO : EventManager : Event: ======'machine_var_audits_switches_s_flipper_r'====== Args={'value': 58, 'prev_value': None, 'change': True}
2024-10-14 18:50:13,671 : INFO : EventManager : Event: ======'machine_var_audits_switches_s_flipper_upper_l'====== Args={'value': 29, 'prev_value': None, 'change': True}
2024-10-14 18:50:13,671 : INFO : EventManager : Event: ======'machine_var_audits_switches_s_inlane_l'====== Args={'value': 1, 'prev_value': None, 'change': True}
2024-10-14 18:50:13,671 : INFO : EventManager : Event: ======'machine_var_audits_switches_s_inlane_r'====== Args={'value': 5, 'prev_value': None, 'change': True}
2024-10-14 18:50:13,671 : INFO : EventManager : Event: ======'machine_var_audits_switches_s_kicker_orbit'====== Args={'value': 1, 'prev_value': None, 'change': True}
2024-10-14 18:50:13,671 : INFO : EventManager : Event: ======'machine_var_audits_switches_s_kicking_target'====== Args={'value': 6, 'prev_value': None, 'change': True}
2024-10-14 18:50:13,671 : INFO : EventManager : Event: ======'machine_var_audits_switches_s_launch'====== Args={'value': 8, 'prev_value': None, 'change': True}
2024-10-14 18:50:13,671 : INFO : EventManager : Event: ======'machine_var_audits_switches_s_lower_orbit'====== Args={'value': 0, 'prev_value': None, 'change': True}
2024-10-14 18:50:13,671 : INFO : EventManager : Event: ======'machine_var_audits_switches_s_lower_single'====== Args={'value': 0, 'prev_value': None, 'change': True}
2024-10-14 18:50:13,671 : INFO : EventManager : Event: ======'machine_var_audits_switches_s_lower_sling'====== Args={'value': 0, 'prev_value': None, 'change': True}
2024-10-14 18:50:13,671 : INFO : EventManager : Event: ======'machine_var_audits_switches_s_lower_transfer'====== Args={'value': 0, 'prev_value': None, 'change': True}
2024-10-14 18:50:13,671 : INFO : EventManager : Event: ======'machine_var_audits_switches_s_lower_vuk'====== Args={'value': 0, 'prev_value': None, 'change': True}
2024-10-14 18:50:13,671 : INFO : EventManager : Event: ======'machine_var_audits_switches_s_middle_scoop'====== Args={'value': 1, 'prev_value': None, 'change': True}
2024-10-14 18:50:13,671 : INFO : EventManager : Event: ======'machine_var_audits_switches_s_orbit_small_l'====== Args={'value': 2, 'prev_value': None, 'change': True}
2024-10-14 18:50:13,672 : INFO : EventManager : Event: ======'machine_var_audits_switches_s_orbit_small_r'====== Args={'value': 1, 'prev_value': None, 'change': True}
2024-10-14 18:50:13,672 : INFO : EventManager : Event: ======'machine_var_audits_switches_s_outlane_l'====== Args={'value': 0, 'prev_value': None, 'change': True}
2024-10-14 18:50:13,672 : INFO : EventManager : Event: ======'machine_var_audits_switches_s_outlane_r'====== Args={'value': 0, 'prev_value': None, 'change': True}
2024-10-14 18:50:13,672 : INFO : EventManager : Event: ======'machine_var_audits_switches_s_pop'====== Args={'value': 3, 'prev_value': None, 'change': True}
2024-10-14 18:50:13,672 : INFO : EventManager : Event: ======'machine_var_audits_switches_s_scissor_save'====== Args={'value': 0, 'prev_value': None, 'change': True}
2024-10-14 18:50:13,672 : INFO : EventManager : Event: ======'machine_var_audits_switches_s_sling_l'====== Args={'value': 6, 'prev_value': None, 'change': True}
2024-10-14 18:50:13,672 : INFO : EventManager : Event: ======'machine_var_audits_switches_s_start'====== Args={'value': 0, 'prev_value': None, 'change': True}
2024-10-14 18:50:13,672 : INFO : EventManager : Event: ======'machine_var_audits_switches_s_stationary_l'====== Args={'value': 1, 'prev_value': None, 'change': True}
2024-10-14 18:50:13,672 : INFO : EventManager : Event: ======'machine_var_audits_switches_s_stationary_m'====== Args={'value': 3, 'prev_value': None, 'change': True}
2024-10-14 18:50:13,672 : INFO : EventManager : Event: ======'machine_var_audits_switches_s_stationary_r'====== Args={'value': 1, 'prev_value': None, 'change': True}
2024-10-14 18:50:13,672 : INFO : EventManager : Event: ======'machine_var_audits_switches_s_subway'====== Args={'value': 3, 'prev_value': None, 'change': True}
2024-10-14 18:50:13,673 : INFO : EventManager : Event: ======'machine_var_audits_switches_s_tilt'====== Args={'value': 0, 'prev_value': None, 'change': True}
2024-10-14 18:50:13,673 : INFO : EventManager : Event: ======'machine_var_audits_switches_s_top'====== Args={'value': 0, 'prev_value': None, 'change': True}
2024-10-14 18:50:13,673 : INFO : EventManager : Event: ======'machine_var_audits_switches_s_top_mid'====== Args={'value': 0, 'prev_value': None, 'change': True}
2024-10-14 18:50:13,673 : INFO : EventManager : Event: ======'machine_var_audits_switches_s_trough_1'====== Args={'value': 6, 'prev_value': None, 'change': True}
2024-10-14 18:50:13,673 : INFO : EventManager : Event: ======'machine_var_audits_switches_s_trough_2'====== Args={'value': 3, 'prev_value': None, 'change': True}
2024-10-14 18:50:13,673 : INFO : EventManager : Event: ======'machine_var_audits_switches_s_trough_3'====== Args={'value': 4, 'prev_value': None, 'change': True}
2024-10-14 18:50:13,673 : INFO : EventManager : Event: ======'machine_var_audits_switches_s_trough_4'====== Args={'value': 4, 'prev_value': None, 'change': True}
2024-10-14 18:50:13,673 : INFO : EventManager : Event: ======'machine_var_audits_switches_s_trough_5'====== Args={'value': 3, 'prev_value': None, 'change': True}
2024-10-14 18:50:13,673 : INFO : EventManager : Event: ======'machine_var_audits_switches_s_trough_6'====== Args={'value': 6, 'prev_value': None, 'change': True}
2024-10-14 18:50:13,673 : INFO : EventManager : Event: ======'machine_var_audits_switches_s_trough_jam'====== Args={'value': 3, 'prev_value': None, 'change': True}
2024-10-14 18:50:13,674 : INFO : EventManager : Event: ======'init_phase_5'====== Args={}
2024-10-14 18:50:13,674 : INFO : EventManager : Event: ======'init_done'====== Args={}
2024-10-14 18:50:13,674 : INFO : EventManager : Event: ======'machine_reset_phase_1'====== Args={}
2024-10-14 18:50:13,674 : INFO : EventManager : Event: ======'machine_reset_phase_2'====== Args={}
2024-10-14 18:50:13,674 : INFO : EventManager : Event: ======'machine_reset_phase_3'====== Args={}
2024-10-14 18:50:13,674 : INFO : EventManager : Event: ======'reset_complete'====== Args={}
2024-10-14 18:50:13,674 : INFO : EventManager : Event: ======'mode_attract_will_start'====== Args={}
2024-10-14 18:50:13,674 : INFO : EventManager : Event: ======'mode_attract_starting'====== Args={}
2024-10-14 18:50:13,674 : INFO : Mode.attract : Started. Priority: 10
2024-10-14 18:50:13,674 : INFO : EventManager : Event: ======'modes_active_modes_changed'====== Args={}
2024-10-14 18:50:13,674 : INFO : EventManager : Event: ======'mode_attract_started'====== Args={}
2024-10-14 18:50:13,675 : INFO : EventManager : Event: ======'collecting_balls_complete'====== Args={}
2024-10-14 18:50:13,675 : INFO : Machine : Starting the main run loop.
2024-10-14 18:50:14,330 : INFO : SwitchController : <<<<<<< 's_start' active >>>>>>>
2024-10-14 18:50:14,436 : INFO : SwitchController : <<<<<<< 's_start' inactive >>>>>>>
2024-10-14 18:50:14,436 : INFO : EventManager : Event: ======'request_to_start_game'====== Args={}
2024-10-14 18:50:14,437 : INFO : EventManager : Event: ======'game_start'====== Args={'buttons': [], 'hold_time': 0.10571983399999985}
2024-10-14 18:50:14,437 : INFO : EventManager : Event: ======'mode_game_will_start'====== Args={'buttons': [], 'hold_time': 0.10571983399999985}
2024-10-14 18:50:14,438 : INFO : EventManager : Event: ======'mode_game_starting'====== Args={'buttons': [], 'hold_time': 0.10571983399999985}
2024-10-14 18:50:14,438 : INFO : EventManager : Event: ======'mode_attract_will_stop'====== Args={}
2024-10-14 18:50:14,438 : INFO : EventManager : Event: ======'mode_attract_stopping'====== Args={}
2024-10-14 18:50:14,438 : INFO : Mode.attract : Stopped.
2024-10-14 18:50:14,439 : INFO : EventManager : Event: ======'modes_active_modes_changed'====== Args={}
2024-10-14 18:50:14,439 : INFO : EventManager : Event: ======'mode_attract_stopped'====== Args={}
2024-10-14 18:50:14,439 : INFO : EventManager : Event: ======'clear'====== Args={'key': 'attract'}
2024-10-14 18:50:14,439 : INFO : Mode.game : Started. Priority: 20
2024-10-14 18:50:14,439 : INFO : EventManager : Event: ======'modes_active_modes_changed'====== Args={}
2024-10-14 18:50:14,439 : INFO : EventManager : Event: ======'mode_game_started'====== Args={'buttons': [], 'hold_time': 0.10571983399999985}
2024-10-14 18:50:14,446 : INFO : EventManager : Event: ======'game_will_start'====== Args={}
2024-10-14 18:50:14,447 : INFO : EventManager : Event: ======'game_starting'====== Args={'game': <Mode.game>}
2024-10-14 18:50:14,454 : INFO : EventManager : Unordered handler for class <Auditor> on event game_ended with priority 1. Handlers: [RegisteredHandler(callback=<bound method Auditor.disable of <Auditor>>, priority=1, kwargs={}, key=UUID('82396fe3-67b3-4a5f-9776-4851174dd383'), condition=None, blocking_facility=None), RegisteredHandler(callback=<bound method Auditor._save_audits of <Auditor>>, priority=1, kwargs={}, key=UUID('bb57b06f-746d-43df-9d90-f2ac5d899eea'), condition=None, blocking_facility=None)]. The order of those handlers is not defined and they will be executed in random order. This might lead to race conditions and potential bugs.
2024-10-14 18:50:14,454 : INFO : EventManager : Event: ======'player_add_request'====== Args={}
2024-10-14 18:50:14,454 : INFO : EventManager : Event: ======'player_will_add'====== Args={'number': 1}
2024-10-14 18:50:14,454 : INFO : EventManager : Event: ======'player_adding'====== Args={'player': <Player 1>, 'number': 1}
2024-10-14 18:50:14,455 : INFO : EventManager : Event: ======'player_added'====== Args={'player': <Player 1>, 'num': 1}
2024-10-14 18:50:14,455 : INFO : Mode.game : Player added successfully. Total players: 1
2024-10-14 18:50:14,455 : INFO : EventManager : Event: ======'player_index'====== Args={'value': 0, 'prev_value': 0, 'change': 0, 'player_num': 1}
2024-10-14 18:50:14,455 : INFO : EventManager : Event: ======'player_number'====== Args={'value': 1, 'prev_value': 1, 'change': 0, 'player_num': 1}
2024-10-14 18:50:14,455 : INFO : EventManager : Event: ======'player_score'====== Args={'value': 0, 'prev_value': 0, 'change': 0, 'player_num': 1}
2024-10-14 18:50:14,456 : INFO : EventManager : Event: ======'game_started'====== Args={}
2024-10-14 18:50:14,456 : INFO : EventManager : Event: ======'player_turn_will_start'====== Args={'player': <Player 1>, 'number': 1}
2024-10-14 18:50:14,456 : INFO : EventManager : Event: ======'player_turn_starting'====== Args={'player': <Player 1>, 'number': 1}
2024-10-14 18:50:14,456 : INFO : EventManager : Event: ======'player_ball'====== Args={'value': 1, 'prev_value': 0, 'change': 1, 'player_num': 1}
2024-10-14 18:50:14,456 : INFO : EventManager : Event: ======'player_turn_started'====== Args={'player': <Player 1>, 'number': 1}
2024-10-14 18:50:14,457 : INFO : EventManager : Event: ======'ball_will_start'====== Args={'player': 1, 'ball': 1, 'balls_remaining': 2, 'is_extra_ball': False}
2024-10-14 18:50:14,457 : INFO : EventManager : Event: ======'ball_starting'====== Args={'player': 1, 'ball': 1, 'balls_remaining': 2, 'is_extra_ball': False}
2024-10-14 18:50:14,458 : INFO : EventManager : Event: ======'balls_in_play'====== Args={'balls': 1}
2024-10-14 18:50:14,458 : INFO : EventManager : Event: ======'ball_started'====== Args={'player': 1, 'ball': 1, 'balls_remaining': 2, 'is_extra_ball': False}
2024-10-14 18:50:14,458 : INFO : EventManager : Event: ======'single_player_ball_started'====== Args={}
2024-10-14 18:50:14,458 : INFO : EventManager : Event: ======'ball_start_target'====== Args={'target': 'playfield'}
2024-10-14 18:50:14,458 : INFO : ball_device.bd_autolauncher : Setting up player-controlled eject. Balls: 1, Target: <playfield.playfield>, player_controlled_eject_event: sw_launch
2024-10-14 18:50:14,458 : INFO : EventManager : Event: ======'balldevice_balls_available'====== Args={}
2024-10-14 18:50:14,459 : INFO : ball_device.bd_trough : State: waiting_for_target_ready
2024-10-14 18:50:14,459 : INFO : EventManager : Event: ======'balldevice_bd_trough_ball_eject_attempt'====== Args={'balls': 1, 'target': <ball_device.bd_autolauncher>, 'source': <ball_device.bd_trough>, 'mechanical_eject': True, 'num_attempts': 0}
2024-10-14 18:50:14,459 : INFO : ball_device.bd_autolauncher : State: waiting_for_ball
2024-10-14 18:50:14,459 : INFO : ball_device.bd_trough : State: ejecting
2024-10-14 18:50:14,459 : INFO : ball_device.bd_trough : Ejecting ball to <ball_device.bd_autolauncher>
2024-10-14 18:50:14,459 : INFO : EventManager : Event: ======'balldevice_bd_trough_ejecting_ball'====== Args={'balls': 1, 'target': <ball_device.bd_autolauncher>, 'source': <ball_device.bd_trough>, 'mechanical_eject': True, 'num_attempts': 0}
2024-10-14 18:50:14,459 : INFO : ball_device.bd_trough : Wait for ball to leave device
2024-10-14 18:50:14,459 : INFO : coil.c_trough : Pulsing Driver for 15ms (1.0 pulse_power)
2024-10-14 18:50:14,482 : INFO : SwitchController : <<<<<<< 's_trough_jam' active >>>>>>>
2024-10-14 18:50:14,482 : INFO : EventManager : Event: ======'machine_var_audits_switches_s_trough_jam'====== Args={'value': 4, 'prev_value': 3, 'change': 1}
2024-10-14 18:50:14,489 : INFO : SwitchController : <<<<<<< 's_trough_jam' inactive >>>>>>>
2024-10-14 18:50:14,490 : INFO : SwitchController : <<<<<<< 's_trough_4' active >>>>>>>
2024-10-14 18:50:14,490 : INFO : EventManager : Event: ======'machine_var_audits_switches_s_trough_4'====== Args={'value': 5, 'prev_value': 4, 'change': 1}
2024-10-14 18:50:14,525 : INFO : SwitchController : <<<<<<< 's_trough_4' inactive >>>>>>>
2024-10-14 18:50:14,543 : INFO : SwitchController : <<<<<<< 's_trough_1' inactive >>>>>>>
2024-10-14 18:50:14,544 : INFO : ball_device.bd_trough : State: ball_left
2024-10-14 18:50:14,544 : INFO : ball_device.bd_trough : Ball left
2024-10-14 18:50:14,544 : INFO : ball_device.bd_trough : Wait for confirm with timeout 1.0
2024-10-14 18:50:15,173 : INFO : SwitchController : <<<<<<< 's_autolauncher' active >>>>>>>
2024-10-14 18:50:15,173 : INFO : EventManager : Event: ======'machine_var_audits_switches_s_autolauncher'====== Args={'value': 4, 'prev_value': 3, 'change': 1}
2024-10-14 18:50:15,474 : INFO : ball_device.bd_autolauncher : Received ball from <ball_device.bd_trough>
2024-10-14 18:50:15,475 : INFO : EventManager : Event: ======'balldevice_bd_autolauncher_ball_enter'====== Args={'new_balls': 1, 'unclaimed_balls': 0, 'new_available_balls': 0, 'device': <ball_device.bd_autolauncher>}
2024-10-14 18:50:15,476 : INFO : EventManager : Event: ======'balldevice_bd_autolauncher_ball_entered'====== Args={'new_balls': 0, 'device': <ball_device.bd_autolauncher>}
2024-10-14 18:50:15,476 : INFO : EventManager : Event: ======'balldevice_bd_autolauncher_ball_count_changed'====== Args={'balls': 1}
2024-10-14 18:50:15,477 : INFO : ball_device.bd_trough : Got eject confirm
2024-10-14 18:50:15,477 : INFO : ball_device.bd_trough : Eject successful
2024-10-14 18:50:15,477 : INFO : EventManager : Event: ======'balldevice_bd_trough_ball_eject_success'====== Args={'balls': 1, 'target': <ball_device.bd_autolauncher>}
2024-10-14 18:50:15,478 : INFO : ball_device.bd_autolauncher : State: waiting_for_target_ready
2024-10-14 18:50:15,478 : INFO : EventManager : Event: ======'balldevice_bd_autolauncher_ball_eject_attempt'====== Args={'balls': 1, 'target': <playfield.playfield>, 'source': <ball_device.bd_autolauncher>, 'mechanical_eject': True, 'num_attempts': 0}
2024-10-14 18:50:15,478 : INFO : EventManager : Event: ======'balldevice_bd_trough_ball_count_changed'====== Args={'balls': 0}
2024-10-14 18:50:15,478 : INFO : ball_device.bd_trough : State: idle
2024-10-14 18:50:15,479 : INFO : ball_device.bd_autolauncher : State: ejecting
2024-10-14 18:50:15,479 : INFO : ball_device.bd_autolauncher : Ejecting ball to <playfield.playfield>
2024-10-14 18:50:15,479 : INFO : EventManager : Event: ======'balldevice_bd_autolauncher_ejecting_ball'====== Args={'balls': 1, 'target': <playfield.playfield>, 'source': <ball_device.bd_autolauncher>, 'mechanical_eject': True, 'num_attempts': 0}
2024-10-14 18:50:15,480 : INFO : ball_device.bd_autolauncher : Wait for ball to leave device
2024-10-14 18:50:15,993 : INFO : SwitchController : <<<<<<< 's_autolauncher' inactive >>>>>>>
2024-10-14 18:50:15,994 : INFO : ball_device.bd_autolauncher : State: ball_left
2024-10-14 18:50:15,994 : INFO : ball_device.bd_autolauncher : Ball left
2024-10-14 18:50:15,994 : INFO : ball_device.bd_autolauncher : Wait for confirm with timeout 3.0
2024-10-14 18:50:17,387 : INFO : SwitchController : <<<<<<< 's_flipper_but_l_1' active >>>>>>>
2024-10-14 18:50:17,388 : INFO : EventManager : Event: ======'machine_var_audits_switches_s_flipper_but_l_1'====== Args={'value': 33, 'prev_value': 32, 'change': 1}
2024-10-14 18:50:17,408 : INFO : SwitchController : <<<<<<< 's_flipper_l' active >>>>>>>
2024-10-14 18:50:17,409 : INFO : EventManager : Event: ======'machine_var_audits_switches_s_flipper_l'====== Args={'value': 35, 'prev_value': 34, 'change': 1}
2024-10-14 18:50:17,411 : INFO : SwitchController : <<<<<<< 's_flipper_upper_l' active >>>>>>>
2024-10-14 18:50:17,411 : INFO : EventManager : Event: ======'machine_var_audits_switches_s_flipper_upper_l'====== Args={'value': 30, 'prev_value': 29, 'change': 1}
2024-10-14 18:50:17,417 : INFO : SwitchController : <<<<<<< 's_flipper_but_l_2' active >>>>>>>
2024-10-14 18:50:17,417 : INFO : EventManager : Event: ======'machine_var_audits_switches_s_flipper_but_l_2'====== Args={'value': 32, 'prev_value': 31, 'change': 1}
2024-10-14 18:50:18,407 : INFO : SwitchController : <<<<<<< 's_flipper_but_l_2' inactive >>>>>>>
2024-10-14 18:50:18,411 : INFO : SwitchController : <<<<<<< 's_flipper_but_l_1' inactive >>>>>>>
2024-10-14 18:50:18,504 : INFO : SwitchController : <<<<<<< 's_flipper_l' inactive >>>>>>>
2024-10-14 18:50:18,505 : INFO : SwitchController : <<<<<<< 's_flipper_upper_l' inactive >>>>>>>
2024-10-14 18:50:18,848 : INFO : SwitchController : <<<<<<< 's_flipper_but_l_1' active >>>>>>>
2024-10-14 18:50:18,848 : INFO : EventManager : Event: ======'machine_var_audits_switches_s_flipper_but_l_1'====== Args={'value': 34, 'prev_value': 33, 'change': 1}
2024-10-14 18:50:18,849 : INFO : SwitchController : <<<<<<< 's_flipper_but_l_2' active >>>>>>>
2024-10-14 18:50:18,849 : INFO : EventManager : Event: ======'machine_var_audits_switches_s_flipper_but_l_2'====== Args={'value': 33, 'prev_value': 32, 'change': 1}
2024-10-14 18:50:18,872 : INFO : SwitchController : <<<<<<< 's_flipper_upper_l' active >>>>>>>
2024-10-14 18:50:18,872 : INFO : EventManager : Event: ======'machine_var_audits_switches_s_flipper_upper_l'====== Args={'value': 31, 'prev_value': 30, 'change': 1}
2024-10-14 18:50:18,890 : INFO : SwitchController : <<<<<<< 's_flipper_l' active >>>>>>>
2024-10-14 18:50:18,890 : INFO : EventManager : Event: ======'machine_var_audits_switches_s_flipper_l'====== Args={'value': 36, 'prev_value': 35, 'change': 1}
2024-10-14 18:50:18,996 : INFO : ball_device.bd_autolauncher : State: failed_confirm
2024-10-14 18:50:18,997 : INFO : ball_device.bd_autolauncher : Got timeout (3.0s) before confirm from <playfield.playfield>
2024-10-14 18:50:19,098 : INFO : ball_device.bd_autolauncher : Confirming eject because target is playfield and ball did not return.
2024-10-14 18:50:19,098 : INFO : ball_device.bd_autolauncher : Eject successful
2024-10-14 18:50:19,098 : INFO : EventManager : Event: ======'balldevice_bd_autolauncher_ball_eject_success'====== Args={'balls': 1, 'target': <playfield.playfield>}
2024-10-14 18:50:19,099 : INFO : EventManager : Event: ======'balldevice_playfield_ball_enter'====== Args={'new_balls': 1, 'unclaimed_balls': 1, 'device': <playfield.playfield>}
2024-10-14 18:50:19,099 : INFO : EventManager : Event: ======'playfield_ball_count_change'====== Args={'balls': 1, 'change': 1}
2024-10-14 18:50:19,100 : INFO : EventManager : Event: ======'balldevice_bd_autolauncher_ball_count_changed'====== Args={'balls': 0}
2024-10-14 18:50:19,100 : INFO : ball_device.bd_autolauncher : State: idle
2024-10-14 18:50:19,119 : INFO : SwitchController : <<<<<<< 's_flipper_but_l_2' inactive >>>>>>>
2024-10-14 18:50:19,129 : INFO : SwitchController : <<<<<<< 's_flipper_but_l_1' inactive >>>>>>>
2024-10-14 18:50:19,222 : INFO : SwitchController : <<<<<<< 's_flipper_upper_l' inactive >>>>>>>
2024-10-14 18:50:19,224 : INFO : SwitchController : <<<<<<< 's_flipper_l' inactive >>>>>>>
2024-10-14 18:50:20,159 : INFO : SwitchController : <<<<<<< 's_flipper_but_r_1' active >>>>>>>
2024-10-14 18:50:20,159 : INFO : EventManager : Event: ======'machine_var_audits_switches_s_flipper_but_r_1'====== Args={'value': 31, 'prev_value': 30, 'change': 1}
2024-10-14 18:50:20,163 : INFO : SwitchController : <<<<<<< 's_flipper_but_r_2' active >>>>>>>
2024-10-14 18:50:20,164 : INFO : EventManager : Event: ======'machine_var_audits_switches_s_flipper_but_r_2'====== Args={'value': 29, 'prev_value': 28, 'change': 1}
2024-10-14 18:50:20,183 : INFO : SwitchController : <<<<<<< 's_flipper_r' active >>>>>>>
2024-10-14 18:50:20,183 : INFO : EventManager : Event: ======'machine_var_audits_switches_s_flipper_r'====== Args={'value': 59, 'prev_value': 58, 'change': 1}
2024-10-14 18:50:20,236 : INFO : SwitchController : <<<<<<< 's_flipper_but_r_2' inactive >>>>>>>
2024-10-14 18:50:20,242 : INFO : SwitchController : <<<<<<< 's_flipper_but_r_1' inactive >>>>>>>
2024-10-14 18:50:20,324 : INFO : SwitchController : <<<<<<< 's_flipper_r' inactive >>>>>>>
2024-10-14 18:50:21,929 : INFO : SwitchController : <<<<<<< 's_flipper_but_r_1' active >>>>>>>
2024-10-14 18:50:21,930 : INFO : EventManager : Event: ======'machine_var_audits_switches_s_flipper_but_r_1'====== Args={'value': 32, 'prev_value': 31, 'change': 1}
2024-10-14 18:50:21,932 : INFO : SwitchController : <<<<<<< 's_flipper_but_r_2' active >>>>>>>
2024-10-14 18:50:21,932 : INFO : EventManager : Event: ======'machine_var_audits_switches_s_flipper_but_r_2'====== Args={'value': 30, 'prev_value': 29, 'change': 1}
2024-10-14 18:50:21,969 : INFO : SwitchController : <<<<<<< 's_flipper_r' active >>>>>>>
2024-10-14 18:50:21,970 : INFO : EventManager : Event: ======'machine_var_audits_switches_s_flipper_r'====== Args={'value': 60, 'prev_value': 59, 'change': 1}
2024-10-14 18:50:22,587 : INFO : SwitchController : <<<<<<< 's_flipper_but_r_2' inactive >>>>>>>
2024-10-14 18:50:22,610 : INFO : SwitchController : <<<<<<< 's_flipper_but_r_1' inactive >>>>>>>
2024-10-14 18:50:22,698 : INFO : SwitchController : <<<<<<< 's_flipper_r' inactive >>>>>>>
2024-10-14 18:50:23,283 : INFO : SwitchController : <<<<<<< 's_flipper_but_l_1' active >>>>>>>
2024-10-14 18:50:23,283 : INFO : EventManager : Event: ======'machine_var_audits_switches_s_flipper_but_l_1'====== Args={'value': 35, 'prev_value': 34, 'change': 1}
2024-10-14 18:50:23,286 : INFO : SwitchController : <<<<<<< 's_flipper_but_l_2' active >>>>>>>
2024-10-14 18:50:23,286 : INFO : EventManager : Event: ======'machine_var_audits_switches_s_flipper_but_l_2'====== Args={'value': 34, 'prev_value': 33, 'change': 1}
2024-10-14 18:50:23,303 : INFO : SwitchController : <<<<<<< 's_flipper_l' active >>>>>>>
2024-10-14 18:50:23,304 : INFO : EventManager : Event: ======'machine_var_audits_switches_s_flipper_l'====== Args={'value': 37, 'prev_value': 36, 'change': 1}
2024-10-14 18:50:23,307 : INFO : SwitchController : <<<<<<< 's_flipper_upper_l' active >>>>>>>
2024-10-14 18:50:23,308 : INFO : EventManager : Event: ======'machine_var_audits_switches_s_flipper_upper_l'====== Args={'value': 32, 'prev_value': 31, 'change': 1}
2024-10-14 18:50:23,851 : INFO : SwitchController : <<<<<<< 's_flipper_but_l_2' inactive >>>>>>>
2024-10-14 18:50:23,857 : INFO : SwitchController : <<<<<<< 's_flipper_but_l_1' inactive >>>>>>>
2024-10-14 18:50:23,951 : INFO : SwitchController : <<<<<<< 's_flipper_l' inactive >>>>>>>
2024-10-14 18:50:23,952 : INFO : SwitchController : <<<<<<< 's_flipper_upper_l' inactive >>>>>>>
2024-10-14 18:50:24,372 : INFO : SwitchController : <<<<<<< 's_flipper_but_l_1' active >>>>>>>
2024-10-14 18:50:24,373 : INFO : EventManager : Event: ======'machine_var_audits_switches_s_flipper_but_l_1'====== Args={'value': 36, 'prev_value': 35, 'change': 1}
2024-10-14 18:50:24,375 : INFO : SwitchController : <<<<<<< 's_flipper_but_l_2' active >>>>>>>
2024-10-14 18:50:24,375 : INFO : EventManager : Event: ======'machine_var_audits_switches_s_flipper_but_l_2'====== Args={'value': 35, 'prev_value': 34, 'change': 1}
2024-10-14 18:50:24,393 : INFO : SwitchController : <<<<<<< 's_flipper_l' active >>>>>>>
2024-10-14 18:50:24,393 : INFO : EventManager : Event: ======'machine_var_audits_switches_s_flipper_l'====== Args={'value': 38, 'prev_value': 37, 'change': 1}
2024-10-14 18:50:24,397 : INFO : SwitchController : <<<<<<< 's_flipper_upper_l' active >>>>>>>
2024-10-14 18:50:24,397 : INFO : EventManager : Event: ======'machine_var_audits_switches_s_flipper_upper_l'====== Args={'value': 33, 'prev_value': 32, 'change': 1}
2024-10-14 18:50:24,590 : INFO : SwitchController : <<<<<<< 's_flipper_but_l_2' inactive >>>>>>>
2024-10-14 18:50:24,596 : INFO : SwitchController : <<<<<<< 's_flipper_but_l_1' inactive >>>>>>>
2024-10-14 18:50:24,690 : INFO : SwitchController : <<<<<<< 's_flipper_upper_l' inactive >>>>>>>
2024-10-14 18:50:24,694 : INFO : SwitchController : <<<<<<< 's_flipper_l' inactive >>>>>>>
2024-10-14 18:50:25,551 : INFO : SwitchController : <<<<<<< 's_flipper_but_l_1' active >>>>>>>
2024-10-14 18:50:25,552 : INFO : EventManager : Event: ======'machine_var_audits_switches_s_flipper_but_l_1'====== Args={'value': 37, 'prev_value': 36, 'change': 1}
2024-10-14 18:50:25,572 : INFO : SwitchController : <<<<<<< 's_flipper_l' active >>>>>>>
2024-10-14 18:50:25,573 : INFO : EventManager : Event: ======'machine_var_audits_switches_s_flipper_l'====== Args={'value': 39, 'prev_value': 38, 'change': 1}
2024-10-14 18:50:25,576 : INFO : SwitchController : <<<<<<< 's_flipper_upper_l' active >>>>>>>
2024-10-14 18:50:25,576 : INFO : EventManager : Event: ======'machine_var_audits_switches_s_flipper_upper_l'====== Args={'value': 34, 'prev_value': 33, 'change': 1}
2024-10-14 18:50:25,582 : INFO : SwitchController : <<<<<<< 's_flipper_but_l_2' active >>>>>>>
2024-10-14 18:50:25,582 : INFO : EventManager : Event: ======'machine_var_audits_switches_s_flipper_but_l_2'====== Args={'value': 36, 'prev_value': 35, 'change': 1}
2024-10-14 18:50:26,405 : INFO : SwitchController : <<<<<<< 's_flipper_but_l_2' inactive >>>>>>>
2024-10-14 18:50:26,409 : INFO : SwitchController : <<<<<<< 's_flipper_but_l_1' inactive >>>>>>>
2024-10-14 18:50:26,503 : INFO : SwitchController : <<<<<<< 's_flipper_upper_l' inactive >>>>>>>
2024-10-14 18:50:26,543 : INFO : SwitchController : <<<<<<< 's_flipper_l' inactive >>>>>>>
2024-10-14 18:50:26,851 : INFO : SwitchController : <<<<<<< 's_flipper_but_l_1' active >>>>>>>
2024-10-14 18:50:26,852 : INFO : EventManager : Event: ======'machine_var_audits_switches_s_flipper_but_l_1'====== Args={'value': 38, 'prev_value': 37, 'change': 1}
2024-10-14 18:50:26,853 : INFO : SwitchController : <<<<<<< 's_flipper_but_l_2' active >>>>>>>
2024-10-14 18:50:26,853 : INFO : EventManager : Event: ======'machine_var_audits_switches_s_flipper_but_l_2'====== Args={'value': 37, 'prev_value': 36, 'change': 1}
2024-10-14 18:50:26,875 : INFO : SwitchController : <<<<<<< 's_flipper_upper_l' active >>>>>>>
2024-10-14 18:50:26,876 : INFO : EventManager : Event: ======'machine_var_audits_switches_s_flipper_upper_l'====== Args={'value': 35, 'prev_value': 34, 'change': 1}
2024-10-14 18:50:26,882 : INFO : SwitchController : <<<<<<< 's_flipper_l' active >>>>>>>
2024-10-14 18:50:26,883 : INFO : EventManager : Event: ======'machine_var_audits_switches_s_flipper_l'====== Args={'value': 40, 'prev_value': 39, 'change': 1}
2024-10-14 18:50:27,005 : INFO : SwitchController : <<<<<<< 's_flipper_but_l_2' inactive >>>>>>>
2024-10-14 18:50:27,014 : INFO : SwitchController : <<<<<<< 's_flipper_but_l_1' inactive >>>>>>>
2024-10-14 18:50:27,107 : INFO : SwitchController : <<<<<<< 's_flipper_upper_l' inactive >>>>>>>
2024-10-14 18:50:27,148 : INFO : SwitchController : <<<<<<< 's_flipper_l' inactive >>>>>>>
2024-10-14 18:50:27,465 : INFO : SwitchController : <<<<<<< 's_kicking_target' active >>>>>>>
2024-10-14 18:50:27,466 : INFO : EventManager : Event: ======'machine_var_audits_switches_s_kicking_target'====== Args={'value': 7, 'prev_value': 6, 'change': 1}
2024-10-14 18:50:27,475 : INFO : SwitchController : <<<<<<< 's_kicking_target' inactive >>>>>>>
2024-10-14 18:50:28,403 : INFO : SwitchController : <<<<<<< 's_flipper_l' active >>>>>>>
2024-10-14 18:50:28,404 : INFO : EventManager : Event: ======'machine_var_audits_switches_s_flipper_l'====== Args={'value': 41, 'prev_value': 40, 'change': 1}
2024-10-14 18:50:28,924 : INFO : SwitchController : <<<<<<< 's_flipper_but_l_1' active >>>>>>>
2024-10-14 18:50:28,925 : INFO : EventManager : Event: ======'machine_var_audits_switches_s_flipper_but_l_1'====== Args={'value': 39, 'prev_value': 38, 'change': 1}
2024-10-14 18:50:28,949 : INFO : SwitchController : <<<<<<< 's_flipper_upper_l' active >>>>>>>
2024-10-14 18:50:28,949 : INFO : EventManager : Event: ======'machine_var_audits_switches_s_flipper_upper_l'====== Args={'value': 36, 'prev_value': 35, 'change': 1}
2024-10-14 18:50:29,024 : INFO : SwitchController : <<<<<<< 's_flipper_but_l_1' inactive >>>>>>>
2024-10-14 18:50:29,116 : INFO : SwitchController : <<<<<<< 's_flipper_upper_l' inactive >>>>>>>
2024-10-14 18:50:29,134 : INFO : SwitchController : <<<<<<< 's_flipper_l' inactive >>>>>>>
2024-10-14 18:50:29,135 : INFO : SwitchController : <<<<<<< 's_flipper_l' active >>>>>>>
2024-10-14 18:50:29,135 : INFO : EventManager : Event: ======'machine_var_audits_switches_s_flipper_l'====== Args={'value': 42, 'prev_value': 41, 'change': 1}
2024-10-14 18:50:31,488 : INFO : SwitchController : <<<<<<< 's_flipper_but_l_1' active >>>>>>>
2024-10-14 18:50:31,489 : INFO : EventManager : Event: ======'machine_var_audits_switches_s_flipper_but_l_1'====== Args={'value': 40, 'prev_value': 39, 'change': 1}
2024-10-14 18:50:31,489 : INFO : SwitchController : <<<<<<< 's_flipper_but_l_2' active >>>>>>>
2024-10-14 18:50:31,490 : INFO : EventManager : Event: ======'machine_var_audits_switches_s_flipper_but_l_2'====== Args={'value': 38, 'prev_value': 37, 'change': 1}
2024-10-14 18:50:31,513 : INFO : SwitchController : <<<<<<< 's_flipper_upper_l' active >>>>>>>
2024-10-14 18:50:31,513 : INFO : EventManager : Event: ======'machine_var_audits_switches_s_flipper_upper_l'====== Args={'value': 37, 'prev_value': 36, 'change': 1}
2024-10-14 18:50:31,599 : INFO : SwitchController : <<<<<<< 's_flipper_but_l_2' inactive >>>>>>>
2024-10-14 18:50:31,602 : INFO : SwitchController : <<<<<<< 's_flipper_but_l_1' inactive >>>>>>>
2024-10-14 18:50:31,693 : INFO : SwitchController : <<<<<<< 's_flipper_l' inactive >>>>>>>
2024-10-14 18:50:31,695 : INFO : SwitchController : <<<<<<< 's_flipper_upper_l' inactive >>>>>>>
2024-10-14 18:50:31,730 : INFO : SwitchController : <<<<<<< 's_flipper_l' active >>>>>>>
2024-10-14 18:50:31,731 : INFO : EventManager : Event: ======'machine_var_audits_switches_s_flipper_l'====== Args={'value': 43, 'prev_value': 42, 'change': 1}
2024-10-14 18:50:44,601 : INFO : SwitchController : <<<<<<< 's_flipper_but_l_1' active >>>>>>>
2024-10-14 18:50:44,602 : INFO : EventManager : Event: ======'machine_var_audits_switches_s_flipper_but_l_1'====== Args={'value': 41, 'prev_value': 40, 'change': 1}
2024-10-14 18:50:44,604 : INFO : SwitchController : <<<<<<< 's_flipper_but_l_2' active >>>>>>>
2024-10-14 18:50:44,604 : INFO : EventManager : Event: ======'machine_var_audits_switches_s_flipper_but_l_2'====== Args={'value': 39, 'prev_value': 38, 'change': 1}
2024-10-14 18:50:44,769 : INFO : SwitchController : <<<<<<< 's_flipper_but_l_2' inactive >>>>>>>
2024-10-14 18:50:44,776 : INFO : SwitchController : <<<<<<< 's_flipper_but_l_1' inactive >>>>>>>
2024-10-14 18:50:44,870 : INFO : SwitchController : <<<<<<< 's_flipper_l' inactive >>>>>>>
2024-10-14 18:50:44,889 : INFO : SwitchController : <<<<<<< 's_flipper_l' active >>>>>>>
2024-10-14 18:50:44,889 : INFO : EventManager : Event: ======'machine_var_audits_switches_s_flipper_l'====== Args={'value': 44, 'prev_value': 43, 'change': 1}
2024-10-14 18:50:44,907 : INFO : SwitchController : <<<<<<< 's_flipper_l' inactive >>>>>>>
2024-10-14 18:50:46,235 : INFO : SwitchController : <<<<<<< 's_flipper_but_l_1' active >>>>>>>
2024-10-14 18:50:46,235 : INFO : EventManager : Event: ======'machine_var_audits_switches_s_flipper_but_l_1'====== Args={'value': 42, 'prev_value': 41, 'change': 1}
2024-10-14 18:50:46,262 : INFO : SwitchController : <<<<<<< 's_flipper_but_l_2' active >>>>>>>
2024-10-14 18:50:46,262 : INFO : EventManager : Event: ======'machine_var_audits_switches_s_flipper_but_l_2'====== Args={'value': 40, 'prev_value': 39, 'change': 1}
2024-10-14 18:50:46,263 : INFO : SwitchController : <<<<<<< 's_flipper_l' active >>>>>>>
2024-10-14 18:50:46,263 : INFO : EventManager : Event: ======'machine_var_audits_switches_s_flipper_l'====== Args={'value': 45, 'prev_value': 44, 'change': 1}
2024-10-14 18:50:46,351 : INFO : SwitchController : <<<<<<< 's_flipper_but_l_2' inactive >>>>>>>
2024-10-14 18:50:46,370 : INFO : SwitchController : <<<<<<< 's_flipper_but_l_1' inactive >>>>>>>
2024-10-14 18:50:46,468 : INFO : SwitchController : <<<<<<< 's_flipper_l' inactive >>>>>>>
2024-10-14 18:50:46,476 : INFO : SwitchController : <<<<<<< 's_flipper_l' active >>>>>>>
2024-10-14 18:50:46,477 : INFO : EventManager : Event: ======'machine_var_audits_switches_s_flipper_l'====== Args={'value': 46, 'prev_value': 45, 'change': 1}
2024-10-14 18:50:46,513 : INFO : SwitchController : <<<<<<< 's_flipper_l' inactive >>>>>>>
2024-10-14 18:50:46,635 : INFO : SwitchController : <<<<<<< 's_flipper_l' active >>>>>>>
2024-10-14 18:50:46,636 : INFO : EventManager : Event: ======'machine_var_audits_switches_s_flipper_l'====== Args={'value': 47, 'prev_value': 46, 'change': 1}
2024-10-14 18:50:46,654 : INFO : SwitchController : <<<<<<< 's_pop' active >>>>>>>
2024-10-14 18:50:46,654 : INFO : EventManager : Event: ======'machine_var_audits_switches_s_pop'====== Args={'value': 4, 'prev_value': 3, 'change': 1}
2024-10-14 18:50:46,664 : INFO : SwitchController : <<<<<<< 's_flipper_l' inactive >>>>>>>
2024-10-14 18:50:46,664 : INFO : SwitchController : <<<<<<< 's_pop' inactive >>>>>>>
2024-10-14 18:50:46,672 : INFO : SwitchController : <<<<<<< 's_flipper_l' active >>>>>>>
2024-10-14 18:50:46,673 : INFO : EventManager : Event: ======'machine_var_audits_switches_s_flipper_l'====== Args={'value': 48, 'prev_value': 47, 'change': 1}
2024-10-14 18:50:46,681 : INFO : SwitchController : <<<<<<< 's_flipper_l' inactive >>>>>>>
2024-10-14 18:50:47,003 : INFO : SwitchController : <<<<<<< 's_pop' active >>>>>>>
2024-10-14 18:50:47,004 : INFO : EventManager : Event: ======'machine_var_audits_switches_s_pop'====== Args={'value': 5, 'prev_value': 4, 'change': 1}
2024-10-14 18:50:47,017 : INFO : SwitchController : <<<<<<< 's_pop' inactive >>>>>>>
2024-10-14 18:50:47,041 : INFO : SwitchController : <<<<<<< 's_flipper_l' active >>>>>>>
2024-10-14 18:50:47,042 : INFO : EventManager : Event: ======'machine_var_audits_switches_s_flipper_l'====== Args={'value': 49, 'prev_value': 48, 'change': 1}
2024-10-14 18:50:47,045 : INFO : SwitchController : <<<<<<< 's_flipper_l' inactive >>>>>>>
2024-10-14 18:50:47,060 : INFO : SwitchController : <<<<<<< 's_flipper_l' active >>>>>>>
2024-10-14 18:50:47,060 : INFO : EventManager : Event: ======'machine_var_audits_switches_s_flipper_l'====== Args={'value': 50, 'prev_value': 49, 'change': 1}
2024-10-14 18:50:47,081 : INFO : SwitchController : <<<<<<< 's_flipper_l' inactive >>>>>>>
2024-10-14 18:50:48,036 : INFO : SwitchController : <<<<<<< 's_flipper_but_l_1' active >>>>>>>
2024-10-14 18:50:48,037 : INFO : EventManager : Event: ======'machine_var_audits_switches_s_flipper_but_l_1'====== Args={'value': 43, 'prev_value': 42, 'change': 1}
2024-10-14 18:50:48,040 : INFO : SwitchController : <<<<<<< 's_flipper_but_l_2' active >>>>>>>
2024-10-14 18:50:48,040 : INFO : EventManager : Event: ======'machine_var_audits_switches_s_flipper_but_l_2'====== Args={'value': 41, 'prev_value': 40, 'change': 1}
2024-10-14 18:50:48,057 : INFO : SwitchController : <<<<<<< 's_flipper_l' active >>>>>>>
2024-10-14 18:50:48,058 : INFO : EventManager : Event: ======'machine_var_audits_switches_s_flipper_l'====== Args={'value': 51, 'prev_value': 50, 'change': 1}
2024-10-14 18:50:48,084 : INFO : SwitchController : <<<<<<< 's_flipper_upper_l' active >>>>>>>
2024-10-14 18:50:48,084 : INFO : EventManager : Event: ======'machine_var_audits_switches_s_flipper_upper_l'====== Args={'value': 38, 'prev_value': 37, 'change': 1}
2024-10-14 18:50:48,164 : INFO : SwitchController : <<<<<<< 's_flipper_but_l_2' inactive >>>>>>>
2024-10-14 18:50:48,181 : INFO : SwitchController : <<<<<<< 's_flipper_but_l_1' inactive >>>>>>>
2024-10-14 18:50:48,268 : INFO : SwitchController : <<<<<<< 's_flipper_upper_l' inactive >>>>>>>
2024-10-14 18:50:48,288 : INFO : SwitchController : <<<<<<< 's_flipper_l' inactive >>>>>>>
2024-10-14 18:50:51,046 : INFO : SwitchController : <<<<<<< 's_flipper_but_r_1' active >>>>>>>
2024-10-14 18:50:51,047 : INFO : EventManager : Event: ======'machine_var_audits_switches_s_flipper_but_r_1'====== Args={'value': 33, 'prev_value': 32, 'change': 1}
2024-10-14 18:50:51,056 : INFO : SwitchController : <<<<<<< 's_flipper_but_r_2' active >>>>>>>
2024-10-14 18:50:51,056 : INFO : EventManager : Event: ======'machine_var_audits_switches_s_flipper_but_r_2'====== Args={'value': 31, 'prev_value': 30, 'change': 1}
2024-10-14 18:50:51,079 : INFO : SwitchController : <<<<<<< 's_flipper_r' active >>>>>>>
2024-10-14 18:50:51,080 : INFO : EventManager : Event: ======'machine_var_audits_switches_s_flipper_r'====== Args={'value': 61, 'prev_value': 60, 'change': 1}
2024-10-14 18:50:51,556 : INFO : SwitchController : <<<<<<< 's_flipper_but_r_2' inactive >>>>>>>
2024-10-14 18:50:51,580 : INFO : SwitchController : <<<<<<< 's_flipper_but_r_1' inactive >>>>>>>
2024-10-14 18:50:51,662 : INFO : SwitchController : <<<<<<< 's_flipper_r' inactive >>>>>>>
2024-10-14 18:50:53,152 : INFO : SwitchController : <<<<<<< 's_flipper_but_l_1' active >>>>>>>
2024-10-14 18:50:53,153 : INFO : EventManager : Event: ======'machine_var_audits_switches_s_flipper_but_l_1'====== Args={'value': 44, 'prev_value': 43, 'change': 1}
2024-10-14 18:50:53,160 : INFO : SwitchController : <<<<<<< 's_flipper_but_l_2' active >>>>>>>
2024-10-14 18:50:53,161 : INFO : EventManager : Event: ======'machine_var_audits_switches_s_flipper_but_l_2'====== Args={'value': 42, 'prev_value': 41, 'change': 1}
2024-10-14 18:50:53,177 : INFO : SwitchController : <<<<<<< 's_flipper_upper_l' active >>>>>>>
2024-10-14 18:50:53,177 : INFO : EventManager : Event: ======'machine_var_audits_switches_s_flipper_upper_l'====== Args={'value': 39, 'prev_value': 38, 'change': 1}
2024-10-14 18:50:53,184 : INFO : SwitchController : <<<<<<< 's_flipper_l' active >>>>>>>
2024-10-14 18:50:53,184 : INFO : EventManager : Event: ======'machine_var_audits_switches_s_flipper_l'====== Args={'value': 52, 'prev_value': 51, 'change': 1}
2024-10-14 18:50:53,268 : INFO : SwitchController : <<<<<<< 's_flipper_but_l_2' inactive >>>>>>>
2024-10-14 18:50:53,275 : INFO : SwitchController : <<<<<<< 's_flipper_but_l_1' inactive >>>>>>>
2024-10-14 18:50:53,369 : INFO : SwitchController : <<<<<<< 's_flipper_upper_l' inactive >>>>>>>
2024-10-14 18:50:53,371 : INFO : SwitchController : <<<<<<< 's_flipper_l' inactive >>>>>>>
2024-10-14 18:50:53,521 : INFO : SwitchController : <<<<<<< 's_middle_scoop' active >>>>>>>
2024-10-14 18:50:53,521 : INFO : EventManager : Event: ======'machine_var_audits_switches_s_middle_scoop'====== Args={'value': 2, 'prev_value': 1, 'change': 1}
2024-10-14 18:50:54,022 : INFO : EventManager : Event: ======'balldevice_bd_middle_scoop_ball_count_changed'====== Args={'balls': 1}
2024-10-14 18:50:54,022 : INFO : ball_device.bd_middle_scoop : Received unexpected ball
2024-10-14 18:50:54,022 : INFO : EventManager : Event: ======'balldevice_captured_from_playfield'====== Args={'balls': 1}
2024-10-14 18:50:54,022 : INFO : EventManager : Event: ======'sw_playfield_active'====== Args={'balls': 1}
2024-10-14 18:50:54,022 : INFO : EventManager : Event: ======'playfield_ball_count_change'====== Args={'balls': 0, 'change': -1}
2024-10-14 18:50:54,023 : INFO : EventManager : Event: ======'balldevice_bd_middle_scoop_ball_enter'====== Args={'new_balls': 1, 'unclaimed_balls': 1, 'new_available_balls': 1, 'device': <ball_device.bd_middle_scoop>}
2024-10-14 18:50:54,023 : INFO : ball_device.bd_middle_scoop : Ejecting 1 unexpected balls using path deque([<ball_device.bd_middle_scoop>, <playfield.playfield>])
2024-10-14 18:50:54,024 : INFO : EventManager : Event: ======'balldevice_balls_available'====== Args={}
2024-10-14 18:50:54,024 : INFO : EventManager : Event: ======'balldevice_balls_available'====== Args={}
2024-10-14 18:50:54,024 : INFO : EventManager : Event: ======'balldevice_bd_middle_scoop_ball_entered'====== Args={'new_balls': 1, 'device': <ball_device.bd_middle_scoop>}
2024-10-14 18:50:54,025 : INFO : ball_device.bd_middle_scoop : State: waiting_for_target_ready
2024-10-14 18:50:54,025 : INFO : EventManager : Event: ======'balldevice_bd_middle_scoop_ball_eject_attempt'====== Args={'balls': 1, 'target': <playfield.playfield>, 'source': <ball_device.bd_middle_scoop>, 'mechanical_eject': False, 'num_attempts': 0}
2024-10-14 18:50:54,025 : INFO : ball_device.bd_middle_scoop : State: ejecting
2024-10-14 18:50:54,025 : INFO : ball_device.bd_middle_scoop : Ejecting ball to <playfield.playfield>
2024-10-14 18:50:54,025 : INFO : EventManager : Event: ======'balldevice_bd_middle_scoop_ejecting_ball'====== Args={'balls': 1, 'target': <playfield.playfield>, 'source': <ball_device.bd_middle_scoop>, 'mechanical_eject': False, 'num_attempts': 0}
2024-10-14 18:50:54,026 : INFO : ball_device.bd_middle_scoop : Wait for ball to leave device
2024-10-14 18:50:54,026 : INFO : coil.c_middle_scoop : Pulsing Driver for 20ms (1.0 pulse_power)
2024-10-14 18:50:54,079 : INFO : SwitchController : <<<<<<< 's_middle_scoop' inactive >>>>>>>
2024-10-14 18:50:54,081 : INFO : ball_device.bd_middle_scoop : State: ball_left
2024-10-14 18:50:54,081 : INFO : ball_device.bd_middle_scoop : Ball left
2024-10-14 18:50:54,081 : INFO : ball_device.bd_middle_scoop : Wait for confirm with timeout 1.0
2024-10-14 18:50:55,063 : INFO : SwitchController : <<<<<<< 's_flipper_but_r_1' active >>>>>>>
2024-10-14 18:50:55,064 : INFO : EventManager : Event: ======'machine_var_audits_switches_s_flipper_but_r_1'====== Args={'value': 34, 'prev_value': 33, 'change': 1}
2024-10-14 18:50:55,068 : INFO : SwitchController : <<<<<<< 's_flipper_but_r_2' active >>>>>>>
2024-10-14 18:50:55,068 : INFO : EventManager : Event: ======'machine_var_audits_switches_s_flipper_but_r_2'====== Args={'value': 32, 'prev_value': 31, 'change': 1}
2024-10-14 18:50:55,083 : INFO : ball_device.bd_middle_scoop : State: failed_confirm
2024-10-14 18:50:55,083 : INFO : ball_device.bd_middle_scoop : Got timeout (1.0s) before confirm from <playfield.playfield>
2024-10-14 18:50:55,103 : INFO : SwitchController : <<<<<<< 's_flipper_r' active >>>>>>>
2024-10-14 18:50:55,103 : INFO : EventManager : Event: ======'machine_var_audits_switches_s_flipper_r'====== Args={'value': 62, 'prev_value': 61, 'change': 1}
2024-10-14 18:50:55,184 : INFO : ball_device.bd_middle_scoop : Confirming eject because target is playfield and ball did not return.
2024-10-14 18:50:55,185 : INFO : ball_device.bd_middle_scoop : Eject successful
2024-10-14 18:50:55,185 : INFO : EventManager : Event: ======'balldevice_bd_middle_scoop_ball_eject_success'====== Args={'balls': 1, 'target': <playfield.playfield>}
2024-10-14 18:50:55,185 : INFO : EventManager : Event: ======'balldevice_playfield_ball_enter'====== Args={'new_balls': 1, 'unclaimed_balls': 1, 'device': <playfield.playfield>}
2024-10-14 18:50:55,185 : INFO : EventManager : Event: ======'playfield_ball_count_change'====== Args={'balls': 1, 'change': 1}
2024-10-14 18:50:55,186 : INFO : EventManager : Event: ======'balldevice_bd_middle_scoop_ball_count_changed'====== Args={'balls': 0}
2024-10-14 18:50:55,186 : INFO : ball_device.bd_middle_scoop : State: idle
2024-10-14 18:50:55,689 : INFO : SwitchController : <<<<<<< 's_flipper_but_r_2' inactive >>>>>>>
2024-10-14 18:50:55,708 : INFO : SwitchController : <<<<<<< 's_flipper_but_r_1' inactive >>>>>>>
2024-10-14 18:50:55,793 : INFO : SwitchController : <<<<<<< 's_flipper_r' inactive >>>>>>>
2024-10-14 18:50:58,407 : INFO : Machine : Shutting down...
2024-10-14 18:50:58,407 : INFO : EventManager : Event: ======'shutdown'====== Args={}
2024-10-14 18:50:58,412 : INFO : EventManager : Event: ======'mode_game_will_stop'====== Args={}
2024-10-14 18:50:58,412 : INFO : EventManager : Event: ======'mode_game_stopping'====== Args={}
2024-10-14 18:50:58,413 : INFO : Mode.game : Stopped.
2024-10-14 18:50:58,414 : INFO : EventManager : Event: ======'modes_active_modes_changed'====== Args={}
2024-10-14 18:50:58,414 : INFO : EventManager : Event: ======'mode_game_stopped'====== Args={}
2024-10-14 18:50:58,414 : INFO : EventManager : Event: ======'clear'====== Args={'key': 'game'}
2024-10-14 18:50:58,522 : INFO : root : MPF run loop ended.
