2024-10-15 12:31:14,881 : INFO : root : Loading config.
2024-10-15 12:31:14,883 : INFO : YamlMultifileConfigLoader : Machine config file #1: config.yaml
2024-10-15 12:31:14,883 : WARNING : ConfigProcessor : Config file in cache changed: /Users/tannerpetch/Documents/GitHub/trashland_4/config/config.yaml
2024-10-15 12:31:14,883 : INFO : ConfigProcessor : Loading config from file /Library/Frameworks/Python.framework/Versions/3.9/lib/python3.9/site-packages/mpf/mpfconfig.yaml.
2024-10-15 12:31:14,888 : INFO : ConfigProcessor : Loading config: /Library/Frameworks/Python.framework/Versions/3.9/lib/python3.9/site-packages/mpf/mpfconfig.yaml
2024-10-15 12:31:14,888 : INFO : ConfigProcessor : Loading config from file /Users/tannerpetch/Documents/GitHub/trashland_4/config/config.yaml.
2024-10-15 12:31:14,893 : INFO : ConfigProcessor : Loading config: /Users/tannerpetch/Documents/GitHub/trashland_4/config/config.yaml
2024-10-15 12:31:14,893 : INFO : ConfigProcessor : Config file cache created: /var/folders/l2/q8hj_6s91xnb2jxg1sqm0h7r0000gn/T/fb4db0341b09a4be02e1d6b8eab00179.mpf_cache
2024-10-15 12:31:14,914 : INFO : ConfigProcessor : Loading config from cache: /var/folders/l2/q8hj_6s91xnb2jxg1sqm0h7r0000gn/T/c7af4841f7c2cabb0f971746daddf284.mpf_cache
2024-10-15 12:31:14,915 : INFO : ConfigProcessor : Loading config from cache: /var/folders/l2/q8hj_6s91xnb2jxg1sqm0h7r0000gn/T/edcc5f1d3215b377c9faab88c62e4ce0.mpf_cache
2024-10-15 12:31:14,915 : INFO : Machine : Mission Pinball Framework Core Engine v0.57.1.dev3
2024-10-15 12:31:14,915 : INFO : Machine : Command line arguments: {'no_load_cache': False, 'create_config_cache': True, 'bcp': False, 'configfile': ['config.yaml'], 'force_assets_load': False, 'platform_integration_test': False, 'jsonlogging': False, 'logfile': 'logs/2024-10-15-12-31-14-mpf-Tanners-Laptop.local.log', 'pause': False, 'production': False, 'text_ui': True, 'loglevel': 15, 'consoleloglevel': 20, 'force_platform': None, 'syslog_address': None, 'mc_file_name': None, 'no_sound': False}
2024-10-15 12:31:14,915 : INFO : Machine : MPF path: /Library/Frameworks/Python.framework/Versions/3.9/lib/python3.9/site-packages/mpf
2024-10-15 12:31:14,915 : INFO : Machine : Machine path: /Users/tannerpetch/Documents/GitHub/trashland_4
2024-10-15 12:31:14,915 : INFO : Machine : Platform: darwin
2024-10-15 12:31:14,915 : INFO : Machine : Python executable location: /Library/Frameworks/Python.framework/Versions/3.9/bin/python3.9
2024-10-15 12:31:14,915 : INFO : Machine : Python version: 3.9.13 (64-bit)
2024-10-15 12:31:14,915 : INFO : Machine : Initializing MPF...
2024-10-15 12:31:14,940 : INFO : FAST [NET] : Trying to connect to /dev/tty.usbmodem11401 at 921600bps
2024-10-15 12:31:14,948 : INFO : FAST [NET] : Connected to /dev/tty.usbmodem11401 at 921600bps
2024-10-15 12:31:14,949 : INFO : FAST [NET] : Connected to FP-CPU-2000 with firmware v02.21
2024-10-15 12:31:14,950 : INFO : FAST [NET] : Registered I/O Board 0: Model: FP-I/O-0804, Firmware: 01.10, Switches: 8, Drivers: 4
2024-10-15 12:31:14,951 : INFO : FAST [NET] : Registered I/O Board 1: Model: FP-I/O-0804, Firmware: 01.10, Switches: 8, Drivers: 4
2024-10-15 12:31:14,952 : INFO : FAST [NET] : Registered I/O Board 2: Model: FP-I/O-3208, Firmware: 01.10, Switches: 32, Drivers: 8
2024-10-15 12:31:14,953 : INFO : FAST [NET] : Registered I/O Board 3: Model: FP-I/O-1616, Firmware: 01.10, Switches: 16, Drivers: 16
2024-10-15 12:31:14,954 : INFO : FAST [NET] : Registered I/O Board 4: Model: FP-I/O-3208, Firmware: 01.10, Switches: 32, Drivers: 8
2024-10-15 12:31:14,954 : INFO : EventManager : Event: ======'machine_var_credits_string'====== Args={'value': 'FREE PLAY', 'prev_value': None, 'change': True}
2024-10-15 12:31:14,967 : INFO : EventManager : Event: ======'machine_var_master_volume'====== Args={'value': 0.5, 'prev_value': None, 'change': True}
2024-10-15 12:31:14,967 : INFO : EventManager : Event: ======'machine_var_player1_score'====== Args={'value': 0, 'prev_value': None, 'change': True}
2024-10-15 12:31:14,967 : INFO : EventManager : Event: ======'machine_var_mpf_version'====== Args={'value': 'Mission Pinball Framework v0.57.1.dev3', 'prev_value': None, 'change': True}
2024-10-15 12:31:14,967 : INFO : EventManager : Event: ======'machine_var_mpf_extended_version'====== Args={'value': 'Mission Pinball Framework v0.57.1.dev3, Config version:6, Show version: 6, BCP version:1.1', 'prev_value': None, 'change': True}
2024-10-15 12:31:14,967 : INFO : EventManager : Event: ======'machine_var_python_version'====== Args={'value': '3.9.13', 'prev_value': None, 'change': True}
2024-10-15 12:31:14,974 : INFO : EventManager : Event: ======'machine_var_platform'====== Args={'value': 'macOS-14.3-arm64-arm-64bit', 'prev_value': None, 'change': True}
2024-10-15 12:31:14,974 : INFO : EventManager : Event: ======'machine_var_platform_system'====== Args={'value': 'Darwin', 'prev_value': None, 'change': True}
2024-10-15 12:31:14,974 : INFO : EventManager : Event: ======'machine_var_platform_release'====== Args={'value': '23.3.0', 'prev_value': None, 'change': True}
2024-10-15 12:31:14,974 : INFO : EventManager : Event: ======'machine_var_platform_version'====== Args={'value': 'Darwin Kernel Version 23.3.0: Thu Dec 21 02:29:41 PST 2023; root:xnu-10002.81.5~11/RELEASE_ARM64_T8122', 'prev_value': None, 'change': True}
2024-10-15 12:31:14,974 : INFO : EventManager : Event: ======'machine_var_platform_machine'====== Args={'value': 'arm64', 'prev_value': None, 'change': True}
2024-10-15 12:31:14,974 : INFO : EventManager : Event: ======'init_phase_1'====== Args={}
2024-10-15 12:31:14,986 : ERROR : asyncio : Task exception was never retrieved
future: <Task finished name='Task-113' coro=<SystemWideDevice.device_added_system_wide() done, defined at /Library/Frameworks/Python.framework/Versions/3.9/lib/python3.9/site-packages/mpf/core/system_wide_device.py:15> exception=ValueError("invalid literal for int() with base 10: 'pf'")>
Traceback (most recent call last):
  File "/Library/Frameworks/Python.framework/Versions/3.9/lib/python3.9/site-packages/mpf/core/system_wide_device.py", line 17, in device_added_system_wide
    await self._initialize()
  File "/Library/Frameworks/Python.framework/Versions/3.9/lib/python3.9/site-packages/mpf/devices/light.py", line 315, in _initialize
    self._load_hw_drivers()
  File "/Library/Frameworks/Python.framework/Versions/3.9/lib/python3.9/site-packages/mpf/devices/light.py", line 237, in _load_hw_drivers
    channel_list = platform.parse_light_number_to_channels(self.config['number'], self.config['subtype'])
  File "/Library/Frameworks/Python.framework/Versions/3.9/lib/python3.9/site-packages/mpf/platforms/fast/fast.py", line 652, in parse_light_number_to_channels
    return self._parse_led_light_number(number)
  File "/Library/Frameworks/Python.framework/Versions/3.9/lib/python3.9/site-packages/mpf/platforms/fast/fast.py", line 694, in _parse_led_light_number
    index = int(self.port_idx_to_hex(parts[0], parts[1], 64), 16)
  File "/Library/Frameworks/Python.framework/Versions/3.9/lib/python3.9/site-packages/mpf/platforms/fast/fast.py", line 613, in port_idx_to_hex
    port = int(port)
ValueError: invalid literal for int() with base 10: 'pf'
2024-10-15 12:31:14,988 : ERROR : asyncio : Task exception was never retrieved
future: <Task finished name='Task-114' coro=<SystemWideDevice.device_added_system_wide() done, defined at /Library/Frameworks/Python.framework/Versions/3.9/lib/python3.9/site-packages/mpf/core/system_wide_device.py:15> exception=ValueError("invalid literal for int() with base 10: 'pf'")>
Traceback (most recent call last):
  File "/Library/Frameworks/Python.framework/Versions/3.9/lib/python3.9/site-packages/mpf/core/system_wide_device.py", line 17, in device_added_system_wide
    await self._initialize()
  File "/Library/Frameworks/Python.framework/Versions/3.9/lib/python3.9/site-packages/mpf/devices/light.py", line 315, in _initialize
    self._load_hw_drivers()
  File "/Library/Frameworks/Python.framework/Versions/3.9/lib/python3.9/site-packages/mpf/devices/light.py", line 237, in _load_hw_drivers
    channel_list = platform.parse_light_number_to_channels(self.config['number'], self.config['subtype'])
  File "/Library/Frameworks/Python.framework/Versions/3.9/lib/python3.9/site-packages/mpf/platforms/fast/fast.py", line 652, in parse_light_number_to_channels
    return self._parse_led_light_number(number)
  File "/Library/Frameworks/Python.framework/Versions/3.9/lib/python3.9/site-packages/mpf/platforms/fast/fast.py", line 694, in _parse_led_light_number
    index = int(self.port_idx_to_hex(parts[0], parts[1], 64), 16)
  File "/Library/Frameworks/Python.framework/Versions/3.9/lib/python3.9/site-packages/mpf/platforms/fast/fast.py", line 613, in port_idx_to_hex
    port = int(port)
ValueError: invalid literal for int() with base 10: 'pf'
2024-10-15 12:31:14,988 : ERROR : asyncio : Task exception was never retrieved
future: <Task finished name='Task-115' coro=<SystemWideDevice.device_added_system_wide() done, defined at /Library/Frameworks/Python.framework/Versions/3.9/lib/python3.9/site-packages/mpf/core/system_wide_device.py:15> exception=ValueError("invalid literal for int() with base 10: 'pf'")>
Traceback (most recent call last):
  File "/Library/Frameworks/Python.framework/Versions/3.9/lib/python3.9/site-packages/mpf/core/system_wide_device.py", line 17, in device_added_system_wide
    await self._initialize()
  File "/Library/Frameworks/Python.framework/Versions/3.9/lib/python3.9/site-packages/mpf/devices/light.py", line 315, in _initialize
    self._load_hw_drivers()
  File "/Library/Frameworks/Python.framework/Versions/3.9/lib/python3.9/site-packages/mpf/devices/light.py", line 237, in _load_hw_drivers
    channel_list = platform.parse_light_number_to_channels(self.config['number'], self.config['subtype'])
  File "/Library/Frameworks/Python.framework/Versions/3.9/lib/python3.9/site-packages/mpf/platforms/fast/fast.py", line 652, in parse_light_number_to_channels
    return self._parse_led_light_number(number)
  File "/Library/Frameworks/Python.framework/Versions/3.9/lib/python3.9/site-packages/mpf/platforms/fast/fast.py", line 694, in _parse_led_light_number
    index = int(self.port_idx_to_hex(parts[0], parts[1], 64), 16)
  File "/Library/Frameworks/Python.framework/Versions/3.9/lib/python3.9/site-packages/mpf/platforms/fast/fast.py", line 613, in port_idx_to_hex
    port = int(port)
ValueError: invalid literal for int() with base 10: 'pf'
2024-10-15 12:31:14,988 : ERROR : asyncio : Task exception was never retrieved
future: <Task finished name='Task-116' coro=<SystemWideDevice.device_added_system_wide() done, defined at /Library/Frameworks/Python.framework/Versions/3.9/lib/python3.9/site-packages/mpf/core/system_wide_device.py:15> exception=ValueError("invalid literal for int() with base 10: 'pf'")>
Traceback (most recent call last):
  File "/Library/Frameworks/Python.framework/Versions/3.9/lib/python3.9/site-packages/mpf/core/system_wide_device.py", line 17, in device_added_system_wide
    await self._initialize()
  File "/Library/Frameworks/Python.framework/Versions/3.9/lib/python3.9/site-packages/mpf/devices/light.py", line 315, in _initialize
    self._load_hw_drivers()
  File "/Library/Frameworks/Python.framework/Versions/3.9/lib/python3.9/site-packages/mpf/devices/light.py", line 237, in _load_hw_drivers
    channel_list = platform.parse_light_number_to_channels(self.config['number'], self.config['subtype'])
  File "/Library/Frameworks/Python.framework/Versions/3.9/lib/python3.9/site-packages/mpf/platforms/fast/fast.py", line 652, in parse_light_number_to_channels
    return self._parse_led_light_number(number)
  File "/Library/Frameworks/Python.framework/Versions/3.9/lib/python3.9/site-packages/mpf/platforms/fast/fast.py", line 694, in _parse_led_light_number
    index = int(self.port_idx_to_hex(parts[0], parts[1], 64), 16)
  File "/Library/Frameworks/Python.framework/Versions/3.9/lib/python3.9/site-packages/mpf/platforms/fast/fast.py", line 613, in port_idx_to_hex
    port = int(port)
ValueError: invalid literal for int() with base 10: 'pf'
2024-10-15 12:31:14,988 : ERROR : asyncio : Task exception was never retrieved
future: <Task finished name='Task-117' coro=<SystemWideDevice.device_added_system_wide() done, defined at /Library/Frameworks/Python.framework/Versions/3.9/lib/python3.9/site-packages/mpf/core/system_wide_device.py:15> exception=ValueError("invalid literal for int() with base 10: 'pf'")>
Traceback (most recent call last):
  File "/Library/Frameworks/Python.framework/Versions/3.9/lib/python3.9/site-packages/mpf/core/system_wide_device.py", line 17, in device_added_system_wide
    await self._initialize()
  File "/Library/Frameworks/Python.framework/Versions/3.9/lib/python3.9/site-packages/mpf/devices/light.py", line 315, in _initialize
    self._load_hw_drivers()
  File "/Library/Frameworks/Python.framework/Versions/3.9/lib/python3.9/site-packages/mpf/devices/light.py", line 237, in _load_hw_drivers
    channel_list = platform.parse_light_number_to_channels(self.config['number'], self.config['subtype'])
  File "/Library/Frameworks/Python.framework/Versions/3.9/lib/python3.9/site-packages/mpf/platforms/fast/fast.py", line 652, in parse_light_number_to_channels
    return self._parse_led_light_number(number)
  File "/Library/Frameworks/Python.framework/Versions/3.9/lib/python3.9/site-packages/mpf/platforms/fast/fast.py", line 694, in _parse_led_light_number
    index = int(self.port_idx_to_hex(parts[0], parts[1], 64), 16)
  File "/Library/Frameworks/Python.framework/Versions/3.9/lib/python3.9/site-packages/mpf/platforms/fast/fast.py", line 613, in port_idx_to_hex
    port = int(port)
ValueError: invalid literal for int() with base 10: 'pf'
2024-10-15 12:31:14,988 : ERROR : asyncio : Task exception was never retrieved
future: <Task finished name='Task-118' coro=<SystemWideDevice.device_added_system_wide() done, defined at /Library/Frameworks/Python.framework/Versions/3.9/lib/python3.9/site-packages/mpf/core/system_wide_device.py:15> exception=ValueError("invalid literal for int() with base 10: 'pf'")>
Traceback (most recent call last):
  File "/Library/Frameworks/Python.framework/Versions/3.9/lib/python3.9/site-packages/mpf/core/system_wide_device.py", line 17, in device_added_system_wide
    await self._initialize()
  File "/Library/Frameworks/Python.framework/Versions/3.9/lib/python3.9/site-packages/mpf/devices/light.py", line 315, in _initialize
    self._load_hw_drivers()
  File "/Library/Frameworks/Python.framework/Versions/3.9/lib/python3.9/site-packages/mpf/devices/light.py", line 237, in _load_hw_drivers
    channel_list = platform.parse_light_number_to_channels(self.config['number'], self.config['subtype'])
  File "/Library/Frameworks/Python.framework/Versions/3.9/lib/python3.9/site-packages/mpf/platforms/fast/fast.py", line 652, in parse_light_number_to_channels
    return self._parse_led_light_number(number)
  File "/Library/Frameworks/Python.framework/Versions/3.9/lib/python3.9/site-packages/mpf/platforms/fast/fast.py", line 694, in _parse_led_light_number
    index = int(self.port_idx_to_hex(parts[0], parts[1], 64), 16)
  File "/Library/Frameworks/Python.framework/Versions/3.9/lib/python3.9/site-packages/mpf/platforms/fast/fast.py", line 613, in port_idx_to_hex
    port = int(port)
ValueError: invalid literal for int() with base 10: 'pf'
2024-10-15 12:31:14,988 : ERROR : asyncio : Task exception was never retrieved
future: <Task finished name='Task-119' coro=<SystemWideDevice.device_added_system_wide() done, defined at /Library/Frameworks/Python.framework/Versions/3.9/lib/python3.9/site-packages/mpf/core/system_wide_device.py:15> exception=ValueError("invalid literal for int() with base 10: 'pf'")>
Traceback (most recent call last):
  File "/Library/Frameworks/Python.framework/Versions/3.9/lib/python3.9/site-packages/mpf/core/system_wide_device.py", line 17, in device_added_system_wide
    await self._initialize()
  File "/Library/Frameworks/Python.framework/Versions/3.9/lib/python3.9/site-packages/mpf/devices/light.py", line 315, in _initialize
    self._load_hw_drivers()
  File "/Library/Frameworks/Python.framework/Versions/3.9/lib/python3.9/site-packages/mpf/devices/light.py", line 237, in _load_hw_drivers
    channel_list = platform.parse_light_number_to_channels(self.config['number'], self.config['subtype'])
  File "/Library/Frameworks/Python.framework/Versions/3.9/lib/python3.9/site-packages/mpf/platforms/fast/fast.py", line 652, in parse_light_number_to_channels
    return self._parse_led_light_number(number)
  File "/Library/Frameworks/Python.framework/Versions/3.9/lib/python3.9/site-packages/mpf/platforms/fast/fast.py", line 694, in _parse_led_light_number
    index = int(self.port_idx_to_hex(parts[0], parts[1], 64), 16)
  File "/Library/Frameworks/Python.framework/Versions/3.9/lib/python3.9/site-packages/mpf/platforms/fast/fast.py", line 613, in port_idx_to_hex
    port = int(port)
ValueError: invalid literal for int() with base 10: 'pf'
2024-10-15 12:31:14,988 : ERROR : asyncio : Task exception was never retrieved
future: <Task finished name='Task-120' coro=<SystemWideDevice.device_added_system_wide() done, defined at /Library/Frameworks/Python.framework/Versions/3.9/lib/python3.9/site-packages/mpf/core/system_wide_device.py:15> exception=ValueError("invalid literal for int() with base 10: 'pf'")>
Traceback (most recent call last):
  File "/Library/Frameworks/Python.framework/Versions/3.9/lib/python3.9/site-packages/mpf/core/system_wide_device.py", line 17, in device_added_system_wide
    await self._initialize()
  File "/Library/Frameworks/Python.framework/Versions/3.9/lib/python3.9/site-packages/mpf/devices/light.py", line 315, in _initialize
    self._load_hw_drivers()
  File "/Library/Frameworks/Python.framework/Versions/3.9/lib/python3.9/site-packages/mpf/devices/light.py", line 237, in _load_hw_drivers
    channel_list = platform.parse_light_number_to_channels(self.config['number'], self.config['subtype'])
  File "/Library/Frameworks/Python.framework/Versions/3.9/lib/python3.9/site-packages/mpf/platforms/fast/fast.py", line 652, in parse_light_number_to_channels
    return self._parse_led_light_number(number)
  File "/Library/Frameworks/Python.framework/Versions/3.9/lib/python3.9/site-packages/mpf/platforms/fast/fast.py", line 694, in _parse_led_light_number
    index = int(self.port_idx_to_hex(parts[0], parts[1], 64), 16)
  File "/Library/Frameworks/Python.framework/Versions/3.9/lib/python3.9/site-packages/mpf/platforms/fast/fast.py", line 613, in port_idx_to_hex
    port = int(port)
ValueError: invalid literal for int() with base 10: 'pf'
2024-10-15 12:31:14,989 : ERROR : asyncio : Task exception was never retrieved
future: <Task finished name='Task-121' coro=<SystemWideDevice.device_added_system_wide() done, defined at /Library/Frameworks/Python.framework/Versions/3.9/lib/python3.9/site-packages/mpf/core/system_wide_device.py:15> exception=ValueError("invalid literal for int() with base 10: 'pf'")>
Traceback (most recent call last):
  File "/Library/Frameworks/Python.framework/Versions/3.9/lib/python3.9/site-packages/mpf/core/system_wide_device.py", line 17, in device_added_system_wide
    await self._initialize()
  File "/Library/Frameworks/Python.framework/Versions/3.9/lib/python3.9/site-packages/mpf/devices/light.py", line 315, in _initialize
    self._load_hw_drivers()
  File "/Library/Frameworks/Python.framework/Versions/3.9/lib/python3.9/site-packages/mpf/devices/light.py", line 237, in _load_hw_drivers
    channel_list = platform.parse_light_number_to_channels(self.config['number'], self.config['subtype'])
  File "/Library/Frameworks/Python.framework/Versions/3.9/lib/python3.9/site-packages/mpf/platforms/fast/fast.py", line 652, in parse_light_number_to_channels
    return self._parse_led_light_number(number)
  File "/Library/Frameworks/Python.framework/Versions/3.9/lib/python3.9/site-packages/mpf/platforms/fast/fast.py", line 694, in _parse_led_light_number
    index = int(self.port_idx_to_hex(parts[0], parts[1], 64), 16)
  File "/Library/Frameworks/Python.framework/Versions/3.9/lib/python3.9/site-packages/mpf/platforms/fast/fast.py", line 613, in port_idx_to_hex
    port = int(port)
ValueError: invalid literal for int() with base 10: 'pf'
2024-10-15 12:31:14,989 : ERROR : asyncio : Task exception was never retrieved
future: <Task finished name='Task-122' coro=<SystemWideDevice.device_added_system_wide() done, defined at /Library/Frameworks/Python.framework/Versions/3.9/lib/python3.9/site-packages/mpf/core/system_wide_device.py:15> exception=ValueError("invalid literal for int() with base 10: 'pf'")>
Traceback (most recent call last):
  File "/Library/Frameworks/Python.framework/Versions/3.9/lib/python3.9/site-packages/mpf/core/system_wide_device.py", line 17, in device_added_system_wide
    await self._initialize()
  File "/Library/Frameworks/Python.framework/Versions/3.9/lib/python3.9/site-packages/mpf/devices/light.py", line 315, in _initialize
    self._load_hw_drivers()
  File "/Library/Frameworks/Python.framework/Versions/3.9/lib/python3.9/site-packages/mpf/devices/light.py", line 237, in _load_hw_drivers
    channel_list = platform.parse_light_number_to_channels(self.config['number'], self.config['subtype'])
  File "/Library/Frameworks/Python.framework/Versions/3.9/lib/python3.9/site-packages/mpf/platforms/fast/fast.py", line 652, in parse_light_number_to_channels
    return self._parse_led_light_number(number)
  File "/Library/Frameworks/Python.framework/Versions/3.9/lib/python3.9/site-packages/mpf/platforms/fast/fast.py", line 694, in _parse_led_light_number
    index = int(self.port_idx_to_hex(parts[0], parts[1], 64), 16)
  File "/Library/Frameworks/Python.framework/Versions/3.9/lib/python3.9/site-packages/mpf/platforms/fast/fast.py", line 613, in port_idx_to_hex
    port = int(port)
ValueError: invalid literal for int() with base 10: 'pf'
2024-10-15 12:31:14,989 : ERROR : asyncio : Task exception was never retrieved
future: <Task finished name='Task-123' coro=<SystemWideDevice.device_added_system_wide() done, defined at /Library/Frameworks/Python.framework/Versions/3.9/lib/python3.9/site-packages/mpf/core/system_wide_device.py:15> exception=ValueError("invalid literal for int() with base 10: 'pf'")>
Traceback (most recent call last):
  File "/Library/Frameworks/Python.framework/Versions/3.9/lib/python3.9/site-packages/mpf/core/system_wide_device.py", line 17, in device_added_system_wide
    await self._initialize()
  File "/Library/Frameworks/Python.framework/Versions/3.9/lib/python3.9/site-packages/mpf/devices/light.py", line 315, in _initialize
    self._load_hw_drivers()
  File "/Library/Frameworks/Python.framework/Versions/3.9/lib/python3.9/site-packages/mpf/devices/light.py", line 237, in _load_hw_drivers
    channel_list = platform.parse_light_number_to_channels(self.config['number'], self.config['subtype'])
  File "/Library/Frameworks/Python.framework/Versions/3.9/lib/python3.9/site-packages/mpf/platforms/fast/fast.py", line 652, in parse_light_number_to_channels
    return self._parse_led_light_number(number)
  File "/Library/Frameworks/Python.framework/Versions/3.9/lib/python3.9/site-packages/mpf/platforms/fast/fast.py", line 694, in _parse_led_light_number
    index = int(self.port_idx_to_hex(parts[0], parts[1], 64), 16)
  File "/Library/Frameworks/Python.framework/Versions/3.9/lib/python3.9/site-packages/mpf/platforms/fast/fast.py", line 613, in port_idx_to_hex
    port = int(port)
ValueError: invalid literal for int() with base 10: 'pf'
2024-10-15 12:31:14,989 : ERROR : asyncio : Task exception was never retrieved
future: <Task finished name='Task-124' coro=<SystemWideDevice.device_added_system_wide() done, defined at /Library/Frameworks/Python.framework/Versions/3.9/lib/python3.9/site-packages/mpf/core/system_wide_device.py:15> exception=ValueError("invalid literal for int() with base 10: 'pf'")>
Traceback (most recent call last):
  File "/Library/Frameworks/Python.framework/Versions/3.9/lib/python3.9/site-packages/mpf/core/system_wide_device.py", line 17, in device_added_system_wide
    await self._initialize()
  File "/Library/Frameworks/Python.framework/Versions/3.9/lib/python3.9/site-packages/mpf/devices/light.py", line 315, in _initialize
    self._load_hw_drivers()
  File "/Library/Frameworks/Python.framework/Versions/3.9/lib/python3.9/site-packages/mpf/devices/light.py", line 237, in _load_hw_drivers
    channel_list = platform.parse_light_number_to_channels(self.config['number'], self.config['subtype'])
  File "/Library/Frameworks/Python.framework/Versions/3.9/lib/python3.9/site-packages/mpf/platforms/fast/fast.py", line 652, in parse_light_number_to_channels
    return self._parse_led_light_number(number)
  File "/Library/Frameworks/Python.framework/Versions/3.9/lib/python3.9/site-packages/mpf/platforms/fast/fast.py", line 694, in _parse_led_light_number
    index = int(self.port_idx_to_hex(parts[0], parts[1], 64), 16)
  File "/Library/Frameworks/Python.framework/Versions/3.9/lib/python3.9/site-packages/mpf/platforms/fast/fast.py", line 613, in port_idx_to_hex
    port = int(port)
ValueError: invalid literal for int() with base 10: 'pf'
2024-10-15 12:31:14,989 : ERROR : asyncio : Task exception was never retrieved
future: <Task finished name='Task-125' coro=<SystemWideDevice.device_added_system_wide() done, defined at /Library/Frameworks/Python.framework/Versions/3.9/lib/python3.9/site-packages/mpf/core/system_wide_device.py:15> exception=ValueError("invalid literal for int() with base 10: 'pf'")>
Traceback (most recent call last):
  File "/Library/Frameworks/Python.framework/Versions/3.9/lib/python3.9/site-packages/mpf/core/system_wide_device.py", line 17, in device_added_system_wide
    await self._initialize()
  File "/Library/Frameworks/Python.framework/Versions/3.9/lib/python3.9/site-packages/mpf/devices/light.py", line 315, in _initialize
    self._load_hw_drivers()
  File "/Library/Frameworks/Python.framework/Versions/3.9/lib/python3.9/site-packages/mpf/devices/light.py", line 237, in _load_hw_drivers
    channel_list = platform.parse_light_number_to_channels(self.config['number'], self.config['subtype'])
  File "/Library/Frameworks/Python.framework/Versions/3.9/lib/python3.9/site-packages/mpf/platforms/fast/fast.py", line 652, in parse_light_number_to_channels
    return self._parse_led_light_number(number)
  File "/Library/Frameworks/Python.framework/Versions/3.9/lib/python3.9/site-packages/mpf/platforms/fast/fast.py", line 694, in _parse_led_light_number
    index = int(self.port_idx_to_hex(parts[0], parts[1], 64), 16)
  File "/Library/Frameworks/Python.framework/Versions/3.9/lib/python3.9/site-packages/mpf/platforms/fast/fast.py", line 613, in port_idx_to_hex
    port = int(port)
ValueError: invalid literal for int() with base 10: 'pf'
2024-10-15 12:31:14,989 : INFO : Machine : Starting the main run loop.
2024-10-15 12:31:14,989 : INFO : Machine : Shutting down...
2024-10-15 12:31:14,989 : INFO : EventManager : Event: ======'shutdown'====== Args={}
2024-10-15 12:31:16,092 : ERROR : Machine : Runtime Exception
Traceback (most recent call last):
  File "/Library/Frameworks/Python.framework/Versions/3.9/lib/python3.9/site-packages/mpf/core/machine.py", line 793, in _run_loop
    raise self._exception['exception']
  File "/Library/Frameworks/Python.framework/Versions/3.9/lib/python3.9/site-packages/mpf/core/system_wide_device.py", line 17, in device_added_system_wide
    await self._initialize()
  File "/Library/Frameworks/Python.framework/Versions/3.9/lib/python3.9/site-packages/mpf/devices/light.py", line 315, in _initialize
    self._load_hw_drivers()
  File "/Library/Frameworks/Python.framework/Versions/3.9/lib/python3.9/site-packages/mpf/devices/light.py", line 237, in _load_hw_drivers
    channel_list = platform.parse_light_number_to_channels(self.config['number'], self.config['subtype'])
  File "/Library/Frameworks/Python.framework/Versions/3.9/lib/python3.9/site-packages/mpf/platforms/fast/fast.py", line 652, in parse_light_number_to_channels
    return self._parse_led_light_number(number)
  File "/Library/Frameworks/Python.framework/Versions/3.9/lib/python3.9/site-packages/mpf/platforms/fast/fast.py", line 694, in _parse_led_light_number
    index = int(self.port_idx_to_hex(parts[0], parts[1], 64), 16)
  File "/Library/Frameworks/Python.framework/Versions/3.9/lib/python3.9/site-packages/mpf/platforms/fast/fast.py", line 613, in port_idx_to_hex
    port = int(port)
ValueError: invalid literal for int() with base 10: 'pf'
2024-10-15 12:31:40,581 : INFO : root : MPF run loop ended.
