2024-10-14 19:45:50,036 : INFO : root : Loading config.
2024-10-14 19:45:50,038 : INFO : YamlMultifileConfigLoader : Machine config file #1: config.yaml
2024-10-14 19:45:50,038 : INFO : ConfigProcessor : Loading config from cache: /var/folders/l2/q8hj_6s91xnb2jxg1sqm0h7r0000gn/T/fb4db0341b09a4be02e1d6b8eab00179.mpf_cache
2024-10-14 19:45:50,064 : INFO : ConfigProcessor : Loading config from cache: /var/folders/l2/q8hj_6s91xnb2jxg1sqm0h7r0000gn/T/c7af4841f7c2cabb0f971746daddf284.mpf_cache
2024-10-14 19:45:50,065 : INFO : ConfigProcessor : Loading config from cache: /var/folders/l2/q8hj_6s91xnb2jxg1sqm0h7r0000gn/T/edcc5f1d3215b377c9faab88c62e4ce0.mpf_cache
2024-10-14 19:45:50,065 : INFO : Machine : Mission Pinball Framework Core Engine v0.57.1.dev3
2024-10-14 19:45:50,065 : INFO : Machine : Command line arguments: {'no_load_cache': False, 'create_config_cache': True, 'bcp': False, 'configfile': ['config.yaml'], 'force_assets_load': False, 'platform_integration_test': False, 'jsonlogging': False, 'logfile': 'logs/2024-10-14-19-45-50-mpf-Tanners-Laptop.local.log', 'pause': False, 'production': False, 'text_ui': True, 'loglevel': 15, 'consoleloglevel': 20, 'force_platform': None, 'syslog_address': None, 'mc_file_name': None, 'no_sound': False}
2024-10-14 19:45:50,065 : INFO : Machine : MPF path: /Library/Frameworks/Python.framework/Versions/3.9/lib/python3.9/site-packages/mpf
2024-10-14 19:45:50,065 : INFO : Machine : Machine path: /Users/tannerpetch/Documents/GitHub/trashland_4
2024-10-14 19:45:50,065 : INFO : Machine : Platform: darwin
2024-10-14 19:45:50,065 : INFO : Machine : Python executable location: /Library/Frameworks/Python.framework/Versions/3.9/bin/python3.9
2024-10-14 19:45:50,065 : INFO : Machine : Python version: 3.9.13 (64-bit)
2024-10-14 19:45:50,065 : INFO : Machine : Initializing MPF...
2024-10-14 19:45:50,093 : INFO : FAST [NET] : Trying to connect to /dev/tty.usbmodem1401 at 921600bps
2024-10-14 19:45:50,098 : INFO : FAST [NET] : Connected to /dev/tty.usbmodem1401 at 921600bps
2024-10-14 19:45:50,099 : INFO : FAST [NET] : Connected to FP-CPU-2000 with firmware v02.21
2024-10-14 19:45:50,101 : INFO : FAST [NET] : Registered I/O Board 0: Model: FP-I/O-0804, Firmware: 01.10, Switches: 8, Drivers: 4
2024-10-14 19:45:50,102 : INFO : FAST [NET] : Registered I/O Board 1: Model: FP-I/O-0804, Firmware: 01.10, Switches: 8, Drivers: 4
2024-10-14 19:45:50,103 : INFO : FAST [NET] : Registered I/O Board 2: Model: FP-I/O-3208, Firmware: 01.10, Switches: 32, Drivers: 8
2024-10-14 19:45:50,104 : INFO : FAST [NET] : Registered I/O Board 3: Model: FP-I/O-1616, Firmware: 01.10, Switches: 16, Drivers: 16
2024-10-14 19:45:50,105 : INFO : FAST [NET] : Registered I/O Board 4: Model: FP-I/O-3208, Firmware: 01.10, Switches: 32, Drivers: 8
2024-10-14 19:45:50,105 : INFO : EventManager : Event: ======'machine_var_credits_string'====== Args={'value': 'FREE PLAY', 'prev_value': None, 'change': True}
2024-10-14 19:45:50,119 : INFO : EventManager : Event: ======'machine_var_master_volume'====== Args={'value': 0.5, 'prev_value': None, 'change': True}
2024-10-14 19:45:50,119 : INFO : EventManager : Event: ======'machine_var_player1_score'====== Args={'value': 0, 'prev_value': None, 'change': True}
2024-10-14 19:45:50,119 : INFO : EventManager : Event: ======'machine_var_mpf_version'====== Args={'value': 'Mission Pinball Framework v0.57.1.dev3', 'prev_value': None, 'change': True}
2024-10-14 19:45:50,119 : INFO : EventManager : Event: ======'machine_var_mpf_extended_version'====== Args={'value': 'Mission Pinball Framework v0.57.1.dev3, Config version:6, Show version: 6, BCP version:1.1', 'prev_value': None, 'change': True}
2024-10-14 19:45:50,119 : INFO : EventManager : Event: ======'machine_var_python_version'====== Args={'value': '3.9.13', 'prev_value': None, 'change': True}
2024-10-14 19:45:50,127 : INFO : EventManager : Event: ======'machine_var_platform'====== Args={'value': 'macOS-14.3-arm64-arm-64bit', 'prev_value': None, 'change': True}
2024-10-14 19:45:50,127 : INFO : EventManager : Event: ======'machine_var_platform_system'====== Args={'value': 'Darwin', 'prev_value': None, 'change': True}
2024-10-14 19:45:50,127 : INFO : EventManager : Event: ======'machine_var_platform_release'====== Args={'value': '23.3.0', 'prev_value': None, 'change': True}
2024-10-14 19:45:50,127 : INFO : EventManager : Event: ======'machine_var_platform_version'====== Args={'value': 'Darwin Kernel Version 23.3.0: Thu Dec 21 02:29:41 PST 2023; root:xnu-10002.81.5~11/RELEASE_ARM64_T8122', 'prev_value': None, 'change': True}
2024-10-14 19:45:50,127 : INFO : EventManager : Event: ======'machine_var_platform_machine'====== Args={'value': 'arm64', 'prev_value': None, 'change': True}
2024-10-14 19:45:50,127 : INFO : EventManager : Event: ======'init_phase_1'====== Args={}
2024-10-14 19:45:50,226 : WARNING : Machine : Iterating device collections directly is deprecated and will be removed. Access by value(): device_collections[switches] -> device_collections['switches'].values()
2024-10-14 19:45:50,226 : INFO : SwitchController : <<<<<<< 's_lower_orbit' active >>>>>>>
2024-10-14 19:45:50,226 : INFO : SwitchController : <<<<<<< 's_lower_vuk' active >>>>>>>
2024-10-14 19:45:50,226 : INFO : SwitchController : <<<<<<< 's_outlane_l' active >>>>>>>
2024-10-14 19:45:50,226 : INFO : SwitchController : <<<<<<< 's_inlane_l' active >>>>>>>
2024-10-14 19:45:50,226 : INFO : SwitchController : <<<<<<< 's_outlane_r' active >>>>>>>
2024-10-14 19:45:50,226 : INFO : SwitchController : <<<<<<< 's_inlane_r' active >>>>>>>
2024-10-14 19:45:50,226 : INFO : SwitchController : <<<<<<< 's_trough_1' active >>>>>>>
2024-10-14 19:45:50,226 : INFO : SwitchController : <<<<<<< 's_trough_jam' active >>>>>>>
2024-10-14 19:45:50,226 : INFO : SwitchController : <<<<<<< 's_flipper_l' active >>>>>>>
2024-10-14 19:45:50,226 : INFO : SwitchController : <<<<<<< 's_flipper_r' active >>>>>>>
2024-10-14 19:45:50,226 : INFO : SwitchController : <<<<<<< 's_flipper_upper_l' active >>>>>>>
2024-10-14 19:45:50,226 : INFO : SwitchController : <<<<<<< 's_subway' active >>>>>>>
2024-10-14 19:45:50,226 : INFO : SwitchController : <<<<<<< 's_drop_single' active >>>>>>>
2024-10-14 19:45:50,227 : INFO : EventManager : Event: ======'init_phase_2'====== Args={}
2024-10-14 19:45:50,227 : INFO : SwitchController : Found active switch: (13, [FAST Platform Interface]) <switch.s_lower_orbit>
2024-10-14 19:45:50,227 : INFO : SwitchController : Found active switch: (15, [FAST Platform Interface]) <switch.s_lower_vuk>
2024-10-14 19:45:50,227 : INFO : SwitchController : Found active switch: (16, [FAST Platform Interface]) <switch.s_outlane_l>
2024-10-14 19:45:50,227 : INFO : SwitchController : Found active switch: (17, [FAST Platform Interface]) <switch.s_inlane_l>
2024-10-14 19:45:50,227 : INFO : SwitchController : Found active switch: (22, [FAST Platform Interface]) <switch.s_outlane_r>
2024-10-14 19:45:50,227 : INFO : SwitchController : Found active switch: (23, [FAST Platform Interface]) <switch.s_inlane_r>
2024-10-14 19:45:50,227 : INFO : SwitchController : Found active switch: (30, [FAST Platform Interface]) <switch.s_trough_1>
2024-10-14 19:45:50,227 : INFO : SwitchController : Found active switch: (31, [FAST Platform Interface]) <switch.s_trough_jam>
2024-10-14 19:45:50,227 : INFO : SwitchController : Found active switch: (32, [FAST Platform Interface]) <switch.s_flipper_l>
2024-10-14 19:45:50,227 : INFO : SwitchController : Found active switch: (34, [FAST Platform Interface]) <switch.s_flipper_r>
2024-10-14 19:45:50,227 : INFO : SwitchController : Found active switch: (35, [FAST Platform Interface]) <switch.s_flipper_upper_l>
2024-10-14 19:45:50,227 : INFO : SwitchController : Found active switch: (52, [FAST Platform Interface]) <switch.s_subway>
2024-10-14 19:45:50,227 : INFO : SwitchController : Found active switch: (57, [FAST Platform Interface]) <switch.s_drop_single>
2024-10-14 19:45:50,228 : INFO : ball_device.bd_middle_scoop : BCH: Initial count: 0
2024-10-14 19:45:50,228 : INFO : ball_device.bd_middle_scoop : State: idle
2024-10-14 19:45:50,728 : INFO : ball_device.bd_trough : BCH: Initial count: 2
2024-10-14 19:45:50,729 : INFO : ball_device.bd_trough : State: idle
2024-10-14 19:45:50,731 : INFO : ball_device.bd_autolauncher : BCH: Initial count: 0
2024-10-14 19:45:50,731 : INFO : ball_device.bd_autolauncher : State: idle
2024-10-14 19:45:50,733 : INFO : ball_device.bd_kicker_orbit : BCH: Initial count: 0
2024-10-14 19:45:50,733 : INFO : ball_device.bd_kicker_orbit : State: idle
2024-10-14 19:45:50,747 : INFO : EventManager : Event: ======'init_phase_3'====== Args={}
2024-10-14 19:45:50,747 : INFO : EventManager : Event: ======'init_phase_4'====== Args={}
2024-10-14 19:45:50,748 : INFO : BallController : Initial balls found: 2
2024-10-14 19:45:50,748 : INFO : EventManager : Event: ======'machine_var_audits_events_game_ended'====== Args={'value': 1, 'prev_value': None, 'change': True}
2024-10-14 19:45:50,748 : INFO : EventManager : Event: ======'machine_var_audits_events_game_started'====== Args={'value': 3, 'prev_value': None, 'change': True}
2024-10-14 19:45:50,748 : INFO : EventManager : Event: ======'machine_var_audits_missing_switches_s_bot'====== Args={'value': 3, 'prev_value': None, 'change': True}
2024-10-14 19:45:50,748 : INFO : EventManager : Event: ======'machine_var_audits_missing_switches_s_bot_mid'====== Args={'value': 3, 'prev_value': None, 'change': True}
2024-10-14 19:45:50,748 : INFO : EventManager : Event: ======'machine_var_audits_missing_switches_s_captive_l'====== Args={'value': 3, 'prev_value': None, 'change': True}
2024-10-14 19:45:50,748 : INFO : EventManager : Event: ======'machine_var_audits_missing_switches_s_captive_r'====== Args={'value': 3, 'prev_value': None, 'change': True}
2024-10-14 19:45:50,748 : INFO : EventManager : Event: ======'machine_var_audits_missing_switches_s_drop_l'====== Args={'value': 3, 'prev_value': None, 'change': True}
2024-10-14 19:45:50,748 : INFO : EventManager : Event: ======'machine_var_audits_missing_switches_s_drop_m'====== Args={'value': 1, 'prev_value': None, 'change': True}
2024-10-14 19:45:50,748 : INFO : EventManager : Event: ======'machine_var_audits_missing_switches_s_drop_r'====== Args={'value': 3, 'prev_value': None, 'change': True}
2024-10-14 19:45:50,748 : INFO : EventManager : Event: ======'machine_var_audits_missing_switches_s_drop_single'====== Args={'value': 3, 'prev_value': None, 'change': True}
2024-10-14 19:45:50,748 : INFO : EventManager : Event: ======'machine_var_audits_missing_switches_s_inlane_l'====== Args={'value': 1, 'prev_value': None, 'change': True}
2024-10-14 19:45:50,748 : INFO : EventManager : Event: ======'machine_var_audits_missing_switches_s_inlane_r'====== Args={'value': 1, 'prev_value': None, 'change': True}
2024-10-14 19:45:50,748 : INFO : EventManager : Event: ======'machine_var_audits_missing_switches_s_kicker_orbit'====== Args={'value': 1, 'prev_value': None, 'change': True}
2024-10-14 19:45:50,749 : INFO : EventManager : Event: ======'machine_var_audits_missing_switches_s_launch'====== Args={'value': 1, 'prev_value': None, 'change': True}
2024-10-14 19:45:50,749 : INFO : EventManager : Event: ======'machine_var_audits_missing_switches_s_lower_orbit'====== Args={'value': 3, 'prev_value': None, 'change': True}
2024-10-14 19:45:50,749 : INFO : EventManager : Event: ======'machine_var_audits_missing_switches_s_lower_single'====== Args={'value': 3, 'prev_value': None, 'change': True}
2024-10-14 19:45:50,749 : INFO : EventManager : Event: ======'machine_var_audits_missing_switches_s_lower_sling'====== Args={'value': 3, 'prev_value': None, 'change': True}
2024-10-14 19:45:50,749 : INFO : EventManager : Event: ======'machine_var_audits_missing_switches_s_lower_transfer'====== Args={'value': 3, 'prev_value': None, 'change': True}
2024-10-14 19:45:50,749 : INFO : EventManager : Event: ======'machine_var_audits_missing_switches_s_lower_vuk'====== Args={'value': 3, 'prev_value': None, 'change': True}
2024-10-14 19:45:50,749 : INFO : EventManager : Event: ======'machine_var_audits_missing_switches_s_orbit_small_l'====== Args={'value': 1, 'prev_value': None, 'change': True}
2024-10-14 19:45:50,749 : INFO : EventManager : Event: ======'machine_var_audits_missing_switches_s_orbit_small_r'====== Args={'value': 1, 'prev_value': None, 'change': True}
2024-10-14 19:45:50,749 : INFO : EventManager : Event: ======'machine_var_audits_missing_switches_s_outlane_l'====== Args={'value': 3, 'prev_value': None, 'change': True}
2024-10-14 19:45:50,749 : INFO : EventManager : Event: ======'machine_var_audits_missing_switches_s_outlane_r'====== Args={'value': 3, 'prev_value': None, 'change': True}
2024-10-14 19:45:50,749 : INFO : EventManager : Event: ======'machine_var_audits_missing_switches_s_scissor_save'====== Args={'value': 3, 'prev_value': None, 'change': True}
2024-10-14 19:45:50,749 : INFO : EventManager : Event: ======'machine_var_audits_missing_switches_s_sling_l'====== Args={'value': 1, 'prev_value': None, 'change': True}
2024-10-14 19:45:50,749 : INFO : EventManager : Event: ======'machine_var_audits_missing_switches_s_start'====== Args={'value': 3, 'prev_value': None, 'change': True}
2024-10-14 19:45:50,749 : INFO : EventManager : Event: ======'machine_var_audits_missing_switches_s_stationary_l'====== Args={'value': 1, 'prev_value': None, 'change': True}
2024-10-14 19:45:50,749 : INFO : EventManager : Event: ======'machine_var_audits_missing_switches_s_stationary_m'====== Args={'value': 1, 'prev_value': None, 'change': True}
2024-10-14 19:45:50,749 : INFO : EventManager : Event: ======'machine_var_audits_missing_switches_s_stationary_r'====== Args={'value': 1, 'prev_value': None, 'change': True}
2024-10-14 19:45:50,749 : INFO : EventManager : Event: ======'machine_var_audits_missing_switches_s_subway'====== Args={'value': 1, 'prev_value': None, 'change': True}
2024-10-14 19:45:50,749 : INFO : EventManager : Event: ======'machine_var_audits_missing_switches_s_tilt'====== Args={'value': 3, 'prev_value': None, 'change': True}
2024-10-14 19:45:50,749 : INFO : EventManager : Event: ======'machine_var_audits_missing_switches_s_top'====== Args={'value': 3, 'prev_value': None, 'change': True}
2024-10-14 19:45:50,749 : INFO : EventManager : Event: ======'machine_var_audits_missing_switches_s_top_mid'====== Args={'value': 3, 'prev_value': None, 'change': True}
2024-10-14 19:45:50,750 : INFO : EventManager : Event: ======'machine_var_audits_missing_switches_s_trough_1'====== Args={'value': 1, 'prev_value': None, 'change': True}
2024-10-14 19:45:50,750 : INFO : EventManager : Event: ======'machine_var_audits_missing_switches_s_trough_2'====== Args={'value': 1, 'prev_value': None, 'change': True}
2024-10-14 19:45:50,750 : INFO : EventManager : Event: ======'machine_var_audits_missing_switches_s_trough_3'====== Args={'value': 1, 'prev_value': None, 'change': True}
2024-10-14 19:45:50,750 : INFO : EventManager : Event: ======'machine_var_audits_missing_switches_s_trough_5'====== Args={'value': 1, 'prev_value': None, 'change': True}
2024-10-14 19:45:50,750 : INFO : EventManager : Event: ======'machine_var_audits_missing_switches_s_trough_6'====== Args={'value': 1, 'prev_value': None, 'change': True}
2024-10-14 19:45:50,750 : INFO : EventManager : Event: ======'machine_var_audits_player_score'====== Args={'value': {'average': 0, 'top': [0], 'total': 1}, 'prev_value': None, 'change': True}
2024-10-14 19:45:50,750 : INFO : EventManager : Event: ======'machine_var_audits_switches_s_autolauncher'====== Args={'value': 4, 'prev_value': None, 'change': True}
2024-10-14 19:45:50,750 : INFO : EventManager : Event: ======'machine_var_audits_switches_s_bot'====== Args={'value': 0, 'prev_value': None, 'change': True}
2024-10-14 19:45:50,750 : INFO : EventManager : Event: ======'machine_var_audits_switches_s_bot_mid'====== Args={'value': 0, 'prev_value': None, 'change': True}
2024-10-14 19:45:50,750 : INFO : EventManager : Event: ======'machine_var_audits_switches_s_captive_l'====== Args={'value': 0, 'prev_value': None, 'change': True}
2024-10-14 19:45:50,750 : INFO : EventManager : Event: ======'machine_var_audits_switches_s_captive_r'====== Args={'value': 0, 'prev_value': None, 'change': True}
2024-10-14 19:45:50,750 : INFO : EventManager : Event: ======'machine_var_audits_switches_s_drop_l'====== Args={'value': 0, 'prev_value': None, 'change': True}
2024-10-14 19:45:50,750 : INFO : EventManager : Event: ======'machine_var_audits_switches_s_drop_m'====== Args={'value': 1, 'prev_value': None, 'change': True}
2024-10-14 19:45:50,751 : INFO : EventManager : Event: ======'machine_var_audits_switches_s_drop_r'====== Args={'value': 0, 'prev_value': None, 'change': True}
2024-10-14 19:45:50,751 : INFO : EventManager : Event: ======'machine_var_audits_switches_s_drop_single'====== Args={'value': 0, 'prev_value': None, 'change': True}
2024-10-14 19:45:50,751 : INFO : EventManager : Event: ======'machine_var_audits_switches_s_flipper_but_l_1'====== Args={'value': 44, 'prev_value': None, 'change': True}
2024-10-14 19:45:50,751 : INFO : EventManager : Event: ======'machine_var_audits_switches_s_flipper_but_l_2'====== Args={'value': 42, 'prev_value': None, 'change': True}
2024-10-14 19:45:50,751 : INFO : EventManager : Event: ======'machine_var_audits_switches_s_flipper_but_r_1'====== Args={'value': 34, 'prev_value': None, 'change': True}
2024-10-14 19:45:50,751 : INFO : EventManager : Event: ======'machine_var_audits_switches_s_flipper_but_r_2'====== Args={'value': 32, 'prev_value': None, 'change': True}
2024-10-14 19:45:50,751 : INFO : EventManager : Event: ======'machine_var_audits_switches_s_flipper_l'====== Args={'value': 52, 'prev_value': None, 'change': True}
2024-10-14 19:45:50,751 : INFO : EventManager : Event: ======'machine_var_audits_switches_s_flipper_r'====== Args={'value': 62, 'prev_value': None, 'change': True}
2024-10-14 19:45:50,751 : INFO : EventManager : Event: ======'machine_var_audits_switches_s_flipper_upper_l'====== Args={'value': 39, 'prev_value': None, 'change': True}
2024-10-14 19:45:50,751 : INFO : EventManager : Event: ======'machine_var_audits_switches_s_inlane_l'====== Args={'value': 1, 'prev_value': None, 'change': True}
2024-10-14 19:45:50,751 : INFO : EventManager : Event: ======'machine_var_audits_switches_s_inlane_r'====== Args={'value': 5, 'prev_value': None, 'change': True}
2024-10-14 19:45:50,751 : INFO : EventManager : Event: ======'machine_var_audits_switches_s_kicker_orbit'====== Args={'value': 1, 'prev_value': None, 'change': True}
2024-10-14 19:45:50,751 : INFO : EventManager : Event: ======'machine_var_audits_switches_s_kicking_target'====== Args={'value': 7, 'prev_value': None, 'change': True}
2024-10-14 19:45:50,751 : INFO : EventManager : Event: ======'machine_var_audits_switches_s_launch'====== Args={'value': 8, 'prev_value': None, 'change': True}
2024-10-14 19:45:50,752 : INFO : EventManager : Event: ======'machine_var_audits_switches_s_lower_orbit'====== Args={'value': 0, 'prev_value': None, 'change': True}
2024-10-14 19:45:50,752 : INFO : EventManager : Event: ======'machine_var_audits_switches_s_lower_single'====== Args={'value': 0, 'prev_value': None, 'change': True}
2024-10-14 19:45:50,752 : INFO : EventManager : Event: ======'machine_var_audits_switches_s_lower_sling'====== Args={'value': 0, 'prev_value': None, 'change': True}
2024-10-14 19:45:50,752 : INFO : EventManager : Event: ======'machine_var_audits_switches_s_lower_transfer'====== Args={'value': 0, 'prev_value': None, 'change': True}
2024-10-14 19:45:50,752 : INFO : EventManager : Event: ======'machine_var_audits_switches_s_lower_vuk'====== Args={'value': 0, 'prev_value': None, 'change': True}
2024-10-14 19:45:50,752 : INFO : EventManager : Event: ======'machine_var_audits_switches_s_middle_scoop'====== Args={'value': 2, 'prev_value': None, 'change': True}
2024-10-14 19:45:50,752 : INFO : EventManager : Event: ======'machine_var_audits_switches_s_orbit_small_l'====== Args={'value': 2, 'prev_value': None, 'change': True}
2024-10-14 19:45:50,752 : INFO : EventManager : Event: ======'machine_var_audits_switches_s_orbit_small_r'====== Args={'value': 1, 'prev_value': None, 'change': True}
2024-10-14 19:45:50,752 : INFO : EventManager : Event: ======'machine_var_audits_switches_s_outlane_l'====== Args={'value': 0, 'prev_value': None, 'change': True}
2024-10-14 19:45:50,752 : INFO : EventManager : Event: ======'machine_var_audits_switches_s_outlane_r'====== Args={'value': 0, 'prev_value': None, 'change': True}
2024-10-14 19:45:50,752 : INFO : EventManager : Event: ======'machine_var_audits_switches_s_pop'====== Args={'value': 5, 'prev_value': None, 'change': True}
2024-10-14 19:45:50,753 : INFO : EventManager : Event: ======'machine_var_audits_switches_s_scissor_save'====== Args={'value': 0, 'prev_value': None, 'change': True}
2024-10-14 19:45:50,753 : INFO : EventManager : Event: ======'machine_var_audits_switches_s_sling_l'====== Args={'value': 6, 'prev_value': None, 'change': True}
2024-10-14 19:45:50,753 : INFO : EventManager : Event: ======'machine_var_audits_switches_s_start'====== Args={'value': 0, 'prev_value': None, 'change': True}
2024-10-14 19:45:50,753 : INFO : EventManager : Event: ======'machine_var_audits_switches_s_stationary_l'====== Args={'value': 1, 'prev_value': None, 'change': True}
2024-10-14 19:45:50,753 : INFO : EventManager : Event: ======'machine_var_audits_switches_s_stationary_m'====== Args={'value': 3, 'prev_value': None, 'change': True}
2024-10-14 19:45:50,753 : INFO : EventManager : Event: ======'machine_var_audits_switches_s_stationary_r'====== Args={'value': 1, 'prev_value': None, 'change': True}
2024-10-14 19:45:50,753 : INFO : EventManager : Event: ======'machine_var_audits_switches_s_subway'====== Args={'value': 3, 'prev_value': None, 'change': True}
2024-10-14 19:45:50,753 : INFO : EventManager : Event: ======'machine_var_audits_switches_s_tilt'====== Args={'value': 0, 'prev_value': None, 'change': True}
2024-10-14 19:45:50,753 : INFO : EventManager : Event: ======'machine_var_audits_switches_s_top'====== Args={'value': 0, 'prev_value': None, 'change': True}
2024-10-14 19:45:50,753 : INFO : EventManager : Event: ======'machine_var_audits_switches_s_top_mid'====== Args={'value': 0, 'prev_value': None, 'change': True}
2024-10-14 19:45:50,754 : INFO : EventManager : Event: ======'machine_var_audits_switches_s_trough_1'====== Args={'value': 6, 'prev_value': None, 'change': True}
2024-10-14 19:45:50,754 : INFO : EventManager : Event: ======'machine_var_audits_switches_s_trough_2'====== Args={'value': 3, 'prev_value': None, 'change': True}
2024-10-14 19:45:50,754 : INFO : EventManager : Event: ======'machine_var_audits_switches_s_trough_3'====== Args={'value': 4, 'prev_value': None, 'change': True}
2024-10-14 19:45:50,754 : INFO : EventManager : Event: ======'machine_var_audits_switches_s_trough_4'====== Args={'value': 5, 'prev_value': None, 'change': True}
2024-10-14 19:45:50,754 : INFO : EventManager : Event: ======'machine_var_audits_switches_s_trough_5'====== Args={'value': 3, 'prev_value': None, 'change': True}
2024-10-14 19:45:50,754 : INFO : EventManager : Event: ======'machine_var_audits_switches_s_trough_6'====== Args={'value': 6, 'prev_value': None, 'change': True}
2024-10-14 19:45:50,754 : INFO : EventManager : Event: ======'machine_var_audits_switches_s_trough_jam'====== Args={'value': 4, 'prev_value': None, 'change': True}
2024-10-14 19:45:50,755 : INFO : EventManager : Event: ======'init_phase_5'====== Args={}
2024-10-14 19:45:50,755 : INFO : ball_device.bd_trough : BCH: Count is unstable. Trying to reorder balls.
2024-10-14 19:45:50,755 : WARNING : ball_device.bd_trough : Cannot reorder device because eject_coil_reorder_pulse is not configured
2024-10-14 19:45:50,755 : INFO : ball_device.bd_trough : BCH: Repulse done. Waiting for balls to settle.
2024-10-14 19:45:50,755 : INFO : ball_device.bd_trough : BCH: Reordered count: 2
2024-10-14 19:45:50,755 : INFO : EventManager : Event: ======'init_done'====== Args={}
2024-10-14 19:45:50,755 : INFO : EventManager : Event: ======'machine_reset_phase_1'====== Args={}
2024-10-14 19:45:50,755 : INFO : EventManager : Event: ======'machine_reset_phase_2'====== Args={}
2024-10-14 19:45:50,755 : INFO : EventManager : Event: ======'machine_reset_phase_3'====== Args={}
2024-10-14 19:45:50,755 : INFO : EventManager : Event: ======'reset_complete'====== Args={}
2024-10-14 19:45:50,755 : INFO : EventManager : Event: ======'mode_attract_will_start'====== Args={}
2024-10-14 19:45:50,755 : INFO : EventManager : Event: ======'mode_attract_starting'====== Args={}
2024-10-14 19:45:50,755 : INFO : Mode.attract : Started. Priority: 10
2024-10-14 19:45:50,755 : INFO : EventManager : Event: ======'modes_active_modes_changed'====== Args={}
2024-10-14 19:45:50,755 : INFO : EventManager : Event: ======'mode_attract_started'====== Args={}
2024-10-14 19:45:50,756 : INFO : EventManager : Event: ======'collecting_balls_complete'====== Args={}
2024-10-14 19:45:50,756 : INFO : Machine : Starting the main run loop.
2024-10-14 19:45:51,800 : INFO : SwitchController : <<<<<<< 's_start' active >>>>>>>
2024-10-14 19:45:52,066 : INFO : SwitchController : <<<<<<< 's_start' inactive >>>>>>>
2024-10-14 19:45:52,066 : INFO : EventManager : Event: ======'request_to_start_game'====== Args={}
2024-10-14 19:45:52,067 : INFO : EventManager : Event: ======'game_start'====== Args={'buttons': [], 'hold_time': 0.26603025}
2024-10-14 19:45:52,068 : INFO : EventManager : Event: ======'mode_game_will_start'====== Args={'buttons': [], 'hold_time': 0.26603025}
2024-10-14 19:45:52,068 : INFO : EventManager : Event: ======'mode_game_starting'====== Args={'buttons': [], 'hold_time': 0.26603025}
2024-10-14 19:45:52,069 : INFO : EventManager : Event: ======'mode_attract_will_stop'====== Args={}
2024-10-14 19:45:52,069 : INFO : EventManager : Event: ======'mode_attract_stopping'====== Args={}
2024-10-14 19:45:52,069 : INFO : Mode.attract : Stopped.
2024-10-14 19:45:52,069 : INFO : EventManager : Event: ======'modes_active_modes_changed'====== Args={}
2024-10-14 19:45:52,069 : INFO : EventManager : Event: ======'mode_attract_stopped'====== Args={}
2024-10-14 19:45:52,069 : INFO : EventManager : Event: ======'clear'====== Args={'key': 'attract'}
2024-10-14 19:45:52,069 : INFO : Mode.game : Started. Priority: 20
2024-10-14 19:45:52,069 : INFO : EventManager : Event: ======'modes_active_modes_changed'====== Args={}
2024-10-14 19:45:52,069 : INFO : EventManager : Event: ======'mode_game_started'====== Args={'buttons': [], 'hold_time': 0.26603025}
2024-10-14 19:45:52,070 : INFO : EventManager : Event: ======'game_will_start'====== Args={}
2024-10-14 19:45:52,071 : INFO : EventManager : Event: ======'game_starting'====== Args={'game': <Mode.game>}
2024-10-14 19:45:52,071 : INFO : EventManager : Unordered handler for class <Auditor> on event game_ended with priority 1. Handlers: [RegisteredHandler(callback=<bound method Auditor.disable of <Auditor>>, priority=1, kwargs={}, key=UUID('bdca7d52-9e8a-487e-bc45-62ec59b74fe1'), condition=None, blocking_facility=None), RegisteredHandler(callback=<bound method Auditor._save_audits of <Auditor>>, priority=1, kwargs={}, key=UUID('dc1e11d3-3f2f-42e3-8a8f-e3badde9fee1'), condition=None, blocking_facility=None)]. The order of those handlers is not defined and they will be executed in random order. This might lead to race conditions and potential bugs.
2024-10-14 19:45:52,072 : INFO : EventManager : Event: ======'player_add_request'====== Args={}
2024-10-14 19:45:52,072 : INFO : EventManager : Event: ======'player_will_add'====== Args={'number': 1}
2024-10-14 19:45:52,072 : INFO : EventManager : Event: ======'player_adding'====== Args={'player': <Player 1>, 'number': 1}
2024-10-14 19:45:52,072 : INFO : EventManager : Event: ======'player_added'====== Args={'player': <Player 1>, 'num': 1}
2024-10-14 19:45:52,072 : INFO : Mode.game : Player added successfully. Total players: 1
2024-10-14 19:45:52,072 : INFO : EventManager : Event: ======'player_index'====== Args={'value': 0, 'prev_value': 0, 'change': 0, 'player_num': 1}
2024-10-14 19:45:52,072 : INFO : EventManager : Event: ======'player_number'====== Args={'value': 1, 'prev_value': 1, 'change': 0, 'player_num': 1}
2024-10-14 19:45:52,072 : INFO : EventManager : Event: ======'player_score'====== Args={'value': 0, 'prev_value': 0, 'change': 0, 'player_num': 1}
2024-10-14 19:45:52,073 : INFO : EventManager : Event: ======'game_started'====== Args={}
2024-10-14 19:45:52,073 : INFO : EventManager : Event: ======'player_turn_will_start'====== Args={'player': <Player 1>, 'number': 1}
2024-10-14 19:45:52,074 : INFO : EventManager : Event: ======'player_turn_starting'====== Args={'player': <Player 1>, 'number': 1}
2024-10-14 19:45:52,080 : INFO : EventManager : Event: ======'player_ball'====== Args={'value': 1, 'prev_value': 0, 'change': 1, 'player_num': 1}
2024-10-14 19:45:52,080 : INFO : EventManager : Event: ======'player_turn_started'====== Args={'player': <Player 1>, 'number': 1}
2024-10-14 19:45:52,083 : INFO : EventManager : Event: ======'ball_will_start'====== Args={'player': 1, 'ball': 1, 'balls_remaining': 2, 'is_extra_ball': False}
2024-10-14 19:45:52,083 : INFO : EventManager : Event: ======'ball_starting'====== Args={'player': 1, 'ball': 1, 'balls_remaining': 2, 'is_extra_ball': False}
2024-10-14 19:45:52,084 : INFO : EventManager : Event: ======'balls_in_play'====== Args={'balls': 1}
2024-10-14 19:45:52,084 : INFO : EventManager : Event: ======'ball_started'====== Args={'player': 1, 'ball': 1, 'balls_remaining': 2, 'is_extra_ball': False}
2024-10-14 19:45:52,084 : INFO : EventManager : Event: ======'single_player_ball_started'====== Args={}
2024-10-14 19:45:52,084 : INFO : EventManager : Event: ======'ball_start_target'====== Args={'target': 'playfield'}
2024-10-14 19:45:52,084 : INFO : ball_device.bd_autolauncher : Setting up player-controlled eject. Balls: 1, Target: <playfield.playfield>, player_controlled_eject_event: sw_launch
2024-10-14 19:45:52,084 : INFO : EventManager : Event: ======'balldevice_balls_available'====== Args={}
2024-10-14 19:45:52,085 : INFO : ball_device.bd_trough : State: waiting_for_target_ready
2024-10-14 19:45:52,085 : INFO : EventManager : Event: ======'balldevice_bd_trough_ball_eject_attempt'====== Args={'balls': 1, 'target': <ball_device.bd_autolauncher>, 'source': <ball_device.bd_trough>, 'mechanical_eject': True, 'num_attempts': 0}
2024-10-14 19:45:52,085 : INFO : ball_device.bd_autolauncher : State: waiting_for_ball
2024-10-14 19:45:52,085 : INFO : ball_device.bd_trough : State: ejecting
2024-10-14 19:45:52,085 : INFO : ball_device.bd_trough : Ejecting ball to <ball_device.bd_autolauncher>
2024-10-14 19:45:52,085 : INFO : EventManager : Event: ======'balldevice_bd_trough_ejecting_ball'====== Args={'balls': 1, 'target': <ball_device.bd_autolauncher>, 'source': <ball_device.bd_trough>, 'mechanical_eject': True, 'num_attempts': 0}
2024-10-14 19:45:52,085 : INFO : ball_device.bd_trough : Wait for ball to leave device
2024-10-14 19:45:52,085 : INFO : coil.c_trough : Pulsing Driver for 15ms (1.0 pulse_power)
2024-10-14 19:45:52,101 : INFO : SwitchController : <<<<<<< 's_trough_4' active >>>>>>>
2024-10-14 19:45:52,101 : INFO : EventManager : Event: ======'machine_var_audits_switches_s_trough_4'====== Args={'value': 6, 'prev_value': 5, 'change': 1}
2024-10-14 19:45:52,105 : INFO : SwitchController : <<<<<<< 's_trough_4' inactive >>>>>>>
2024-10-14 19:45:52,108 : WARNING : SwitchController : Received duplicate switch state 1 for switch s_trough_jam from the platform interface. Log Code: Log-SwitchController-1 (https://missionpinball.org/logs)
2024-10-14 19:45:52,109 : INFO : SwitchController : <<<<<<< 's_trough_4' active >>>>>>>
2024-10-14 19:45:52,109 : INFO : EventManager : Event: ======'machine_var_audits_switches_s_trough_4'====== Args={'value': 7, 'prev_value': 6, 'change': 1}
2024-10-14 19:45:52,116 : INFO : SwitchController : <<<<<<< 's_trough_jam' inactive >>>>>>>
2024-10-14 19:45:52,116 : INFO : ball_device.bd_trough : State: ball_left
2024-10-14 19:45:52,116 : INFO : ball_device.bd_trough : Ball left
2024-10-14 19:45:52,116 : INFO : ball_device.bd_trough : Wait for confirm with timeout 1.0
2024-10-14 19:45:52,118 : INFO : SwitchController : <<<<<<< 's_trough_4' inactive >>>>>>>
2024-10-14 19:45:52,164 : INFO : SwitchController : <<<<<<< 's_trough_1' inactive >>>>>>>
2024-10-14 19:45:52,186 : INFO : SwitchController : <<<<<<< 's_trough_4' active >>>>>>>
2024-10-14 19:45:52,186 : INFO : EventManager : Event: ======'machine_var_audits_switches_s_trough_4'====== Args={'value': 8, 'prev_value': 7, 'change': 1}
2024-10-14 19:45:52,796 : INFO : SwitchController : <<<<<<< 's_autolauncher' active >>>>>>>
2024-10-14 19:45:52,796 : INFO : EventManager : Event: ======'machine_var_audits_switches_s_autolauncher'====== Args={'value': 5, 'prev_value': 4, 'change': 1}
2024-10-14 19:45:52,822 : INFO : SwitchController : <<<<<<< 's_trough_4' inactive >>>>>>>
2024-10-14 19:45:53,097 : INFO : ball_device.bd_autolauncher : Received ball from <ball_device.bd_trough>
2024-10-14 19:45:53,097 : INFO : EventManager : Event: ======'balldevice_bd_autolauncher_ball_enter'====== Args={'new_balls': 1, 'unclaimed_balls': 0, 'new_available_balls': 0, 'device': <ball_device.bd_autolauncher>}
2024-10-14 19:45:53,098 : INFO : EventManager : Event: ======'balldevice_bd_autolauncher_ball_entered'====== Args={'new_balls': 0, 'device': <ball_device.bd_autolauncher>}
2024-10-14 19:45:53,098 : INFO : EventManager : Event: ======'balldevice_bd_autolauncher_ball_count_changed'====== Args={'balls': 1}
2024-10-14 19:45:53,104 : INFO : ball_device.bd_trough : Got eject confirm
2024-10-14 19:45:53,104 : INFO : ball_device.bd_trough : Eject successful
2024-10-14 19:45:53,104 : INFO : EventManager : Event: ======'balldevice_bd_trough_ball_eject_success'====== Args={'balls': 1, 'target': <ball_device.bd_autolauncher>}
2024-10-14 19:45:53,105 : INFO : ball_device.bd_autolauncher : State: waiting_for_target_ready
2024-10-14 19:45:53,105 : INFO : EventManager : Event: ======'balldevice_bd_autolauncher_ball_eject_attempt'====== Args={'balls': 1, 'target': <playfield.playfield>, 'source': <ball_device.bd_autolauncher>, 'mechanical_eject': True, 'num_attempts': 0}
2024-10-14 19:45:53,105 : INFO : EventManager : Event: ======'balldevice_bd_trough_ball_count_changed'====== Args={'balls': 1}
2024-10-14 19:45:53,105 : INFO : ball_device.bd_trough : State: idle
2024-10-14 19:45:53,105 : INFO : ball_device.bd_autolauncher : State: ejecting
2024-10-14 19:45:53,105 : INFO : ball_device.bd_autolauncher : Ejecting ball to <playfield.playfield>
2024-10-14 19:45:53,105 : INFO : EventManager : Event: ======'balldevice_bd_autolauncher_ejecting_ball'====== Args={'balls': 1, 'target': <playfield.playfield>, 'source': <ball_device.bd_autolauncher>, 'mechanical_eject': True, 'num_attempts': 0}
2024-10-14 19:45:53,105 : INFO : ball_device.bd_autolauncher : Wait for ball to leave device
2024-10-14 19:45:53,307 : INFO : SwitchController : <<<<<<< 's_launch' active >>>>>>>
2024-10-14 19:45:53,307 : INFO : EventManager : Event: ======'sw_launch'====== Args={}
2024-10-14 19:45:53,308 : INFO : EventManager : Event: ======'machine_var_audits_switches_s_launch'====== Args={'value': 9, 'prev_value': 8, 'change': 1}
2024-10-14 19:45:53,309 : INFO : coil.c_autolauncher : Pulsing Driver for 15ms (1.0 pulse_power)
2024-10-14 19:45:53,331 : INFO : SwitchController : <<<<<<< 's_autolauncher' inactive >>>>>>>
2024-10-14 19:45:53,332 : INFO : ball_device.bd_autolauncher : State: ball_left
2024-10-14 19:45:53,332 : INFO : ball_device.bd_autolauncher : Ball left
2024-10-14 19:45:53,332 : INFO : ball_device.bd_autolauncher : Wait for confirm with timeout 3.0
2024-10-14 19:45:53,453 : INFO : SwitchController : <<<<<<< 's_launch' inactive >>>>>>>
2024-10-14 19:45:56,332 : INFO : ball_device.bd_autolauncher : State: failed_confirm
2024-10-14 19:45:56,333 : INFO : ball_device.bd_autolauncher : Got timeout (3.0s) before confirm from <playfield.playfield>
2024-10-14 19:45:56,435 : INFO : ball_device.bd_autolauncher : Confirming eject because target is playfield and ball did not return.
2024-10-14 19:45:56,435 : INFO : ball_device.bd_autolauncher : Eject successful
2024-10-14 19:45:56,436 : INFO : EventManager : Event: ======'balldevice_bd_autolauncher_ball_eject_success'====== Args={'balls': 1, 'target': <playfield.playfield>}
2024-10-14 19:45:56,436 : INFO : EventManager : Event: ======'balldevice_playfield_ball_enter'====== Args={'new_balls': 1, 'unclaimed_balls': 1, 'device': <playfield.playfield>}
2024-10-14 19:45:56,436 : INFO : EventManager : Event: ======'playfield_ball_count_change'====== Args={'balls': 1, 'change': 1}
2024-10-14 19:45:56,437 : INFO : EventManager : Event: ======'balldevice_bd_autolauncher_ball_count_changed'====== Args={'balls': 0}
2024-10-14 19:45:56,437 : INFO : ball_device.bd_autolauncher : State: idle
2024-10-14 19:45:58,107 : INFO : EventManager : Event: ======'balldevice_bd_trough_ball_count_changed'====== Args={'balls': 0}
2024-10-14 19:45:58,108 : WARNING : ball_device.bd_trough : Ball disappeared while idle. This should not normally happen.
2024-10-14 19:45:58,108 : INFO : EventManager : Event: ======'balldevice_playfield_ball_enter'====== Args={'new_balls': 1, 'unclaimed_balls': 1, 'device': <playfield.playfield>}
2024-10-14 19:45:58,108 : INFO : EventManager : Event: ======'playfield_ball_count_change'====== Args={'balls': 2, 'change': 1}
2024-10-14 19:45:58,108 : INFO : ball_device.bd_trough : 1 ball(s) missing from device. Mechanical eject? False
2024-10-14 19:45:58,108 : INFO : EventManager : Event: ======'balldevice_bd_trough_ball_missing'====== Args={'balls': 1}
2024-10-14 19:45:58,108 : INFO : EventManager : Event: ======'balldevice_ball_missing'====== Args={'balls': 1, 'name': 'bd_trough'}
2024-10-14 19:45:58,980 : INFO : SwitchController : <<<<<<< 's_kicking_target' active >>>>>>>
2024-10-14 19:45:58,980 : INFO : EventManager : Event: ======'machine_var_audits_switches_s_kicking_target'====== Args={'value': 8, 'prev_value': 7, 'change': 1}
2024-10-14 19:45:59,032 : INFO : SwitchController : <<<<<<< 's_kicking_target' inactive >>>>>>>
2024-10-14 19:46:02,844 : WARNING : SwitchController : Received duplicate switch state 1 for switch s_inlane_r from the platform interface. Log Code: Log-SwitchController-1 (https://missionpinball.org/logs)
2024-10-14 19:46:02,879 : INFO : SwitchController : <<<<<<< 's_inlane_r' inactive >>>>>>>
2024-10-14 19:46:03,377 : INFO : SwitchController : <<<<<<< 's_flipper_but_r_1' active >>>>>>>
2024-10-14 19:46:03,378 : INFO : EventManager : Event: ======'machine_var_audits_switches_s_flipper_but_r_1'====== Args={'value': 35, 'prev_value': 34, 'change': 1}
2024-10-14 19:46:03,380 : INFO : SwitchController : <<<<<<< 's_flipper_but_r_2' active >>>>>>>
2024-10-14 19:46:03,380 : INFO : EventManager : Event: ======'machine_var_audits_switches_s_flipper_but_r_2'====== Args={'value': 33, 'prev_value': 32, 'change': 1}
2024-10-14 19:46:03,414 : WARNING : SwitchController : Received duplicate switch state 1 for switch s_flipper_r from the platform interface. Log Code: Log-SwitchController-1 (https://missionpinball.org/logs)
2024-10-14 19:46:03,838 : INFO : SwitchController : <<<<<<< 's_flipper_but_r_2' inactive >>>>>>>
2024-10-14 19:46:03,856 : INFO : SwitchController : <<<<<<< 's_flipper_but_r_1' inactive >>>>>>>
2024-10-14 19:46:03,934 : INFO : SwitchController : <<<<<<< 's_flipper_r' inactive >>>>>>>
2024-10-14 19:46:05,644 : INFO : SwitchController : <<<<<<< 's_flipper_but_r_1' active >>>>>>>
2024-10-14 19:46:05,645 : INFO : EventManager : Event: ======'machine_var_audits_switches_s_flipper_but_r_1'====== Args={'value': 36, 'prev_value': 35, 'change': 1}
2024-10-14 19:46:05,662 : INFO : SwitchController : <<<<<<< 's_flipper_but_r_2' active >>>>>>>
2024-10-14 19:46:05,662 : INFO : EventManager : Event: ======'machine_var_audits_switches_s_flipper_but_r_2'====== Args={'value': 34, 'prev_value': 33, 'change': 1}
2024-10-14 19:46:05,666 : INFO : SwitchController : <<<<<<< 's_flipper_r' active >>>>>>>
2024-10-14 19:46:05,666 : INFO : EventManager : Event: ======'machine_var_audits_switches_s_flipper_r'====== Args={'value': 63, 'prev_value': 62, 'change': 1}
2024-10-14 19:46:05,734 : INFO : SwitchController : <<<<<<< 's_flipper_but_l_1' active >>>>>>>
2024-10-14 19:46:05,734 : INFO : EventManager : Event: ======'machine_var_audits_switches_s_flipper_but_l_1'====== Args={'value': 45, 'prev_value': 44, 'change': 1}
2024-10-14 19:46:05,755 : WARNING : SwitchController : Received duplicate switch state 1 for switch s_flipper_l from the platform interface. Log Code: Log-SwitchController-1 (https://missionpinball.org/logs)
2024-10-14 19:46:05,756 : INFO : SwitchController : <<<<<<< 's_flipper_but_l_2' active >>>>>>>
2024-10-14 19:46:05,756 : INFO : EventManager : Event: ======'machine_var_audits_switches_s_flipper_but_l_2'====== Args={'value': 43, 'prev_value': 42, 'change': 1}
2024-10-14 19:46:05,758 : WARNING : SwitchController : Received duplicate switch state 1 for switch s_flipper_upper_l from the platform interface. Log Code: Log-SwitchController-1 (https://missionpinball.org/logs)
2024-10-14 19:46:05,802 : INFO : SwitchController : <<<<<<< 's_flipper_but_r_2' inactive >>>>>>>
2024-10-14 19:46:05,813 : INFO : SwitchController : <<<<<<< 's_flipper_but_r_1' inactive >>>>>>>
2024-10-14 19:46:05,822 : INFO : SwitchController : <<<<<<< 's_flipper_but_l_2' inactive >>>>>>>
2024-10-14 19:46:05,840 : INFO : SwitchController : <<<<<<< 's_flipper_but_l_1' inactive >>>>>>>
2024-10-14 19:46:05,892 : INFO : SwitchController : <<<<<<< 's_flipper_r' inactive >>>>>>>
2024-10-14 19:46:05,932 : INFO : SwitchController : <<<<<<< 's_flipper_l' inactive >>>>>>>
2024-10-14 19:46:05,934 : INFO : SwitchController : <<<<<<< 's_flipper_upper_l' inactive >>>>>>>
2024-10-14 19:46:06,122 : INFO : SwitchController : <<<<<<< 's_flipper_but_r_1' active >>>>>>>
2024-10-14 19:46:06,123 : INFO : EventManager : Event: ======'machine_var_audits_switches_s_flipper_but_r_1'====== Args={'value': 37, 'prev_value': 36, 'change': 1}
2024-10-14 19:46:06,142 : INFO : SwitchController : <<<<<<< 's_flipper_but_r_2' active >>>>>>>
2024-10-14 19:46:06,142 : INFO : EventManager : Event: ======'machine_var_audits_switches_s_flipper_but_r_2'====== Args={'value': 35, 'prev_value': 34, 'change': 1}
2024-10-14 19:46:06,146 : INFO : SwitchController : <<<<<<< 's_flipper_r' active >>>>>>>
2024-10-14 19:46:06,146 : INFO : EventManager : Event: ======'machine_var_audits_switches_s_flipper_r'====== Args={'value': 64, 'prev_value': 63, 'change': 1}
2024-10-14 19:46:06,454 : INFO : SwitchController : <<<<<<< 's_flipper_but_l_1' active >>>>>>>
2024-10-14 19:46:06,454 : INFO : EventManager : Event: ======'machine_var_audits_switches_s_flipper_but_l_1'====== Args={'value': 46, 'prev_value': 45, 'change': 1}
2024-10-14 19:46:06,460 : INFO : SwitchController : <<<<<<< 's_flipper_but_l_2' active >>>>>>>
2024-10-14 19:46:06,461 : INFO : EventManager : Event: ======'machine_var_audits_switches_s_flipper_but_l_2'====== Args={'value': 44, 'prev_value': 43, 'change': 1}
2024-10-14 19:46:06,474 : INFO : SwitchController : <<<<<<< 's_flipper_l' active >>>>>>>
2024-10-14 19:46:06,475 : INFO : EventManager : Event: ======'machine_var_audits_switches_s_flipper_l'====== Args={'value': 53, 'prev_value': 52, 'change': 1}
2024-10-14 19:46:06,478 : INFO : SwitchController : <<<<<<< 's_flipper_upper_l' active >>>>>>>
2024-10-14 19:46:06,478 : INFO : EventManager : Event: ======'machine_var_audits_switches_s_flipper_upper_l'====== Args={'value': 40, 'prev_value': 39, 'change': 1}
2024-10-14 19:46:06,828 : INFO : SwitchController : <<<<<<< 's_flipper_but_r_2' inactive >>>>>>>
2024-10-14 19:46:06,856 : INFO : SwitchController : <<<<<<< 's_flipper_but_r_1' inactive >>>>>>>
2024-10-14 19:46:06,914 : INFO : SwitchController : <<<<<<< 's_flipper_but_l_2' inactive >>>>>>>
2024-10-14 19:46:06,924 : INFO : SwitchController : <<<<<<< 's_flipper_but_l_1' inactive >>>>>>>
2024-10-14 19:46:06,932 : INFO : SwitchController : <<<<<<< 's_flipper_r' inactive >>>>>>>
2024-10-14 19:46:07,018 : INFO : SwitchController : <<<<<<< 's_flipper_l' inactive >>>>>>>
2024-10-14 19:46:07,018 : INFO : SwitchController : <<<<<<< 's_flipper_upper_l' inactive >>>>>>>
2024-10-14 19:46:07,488 : INFO : SwitchController : <<<<<<< 's_flipper_but_l_1' active >>>>>>>
2024-10-14 19:46:07,488 : INFO : EventManager : Event: ======'machine_var_audits_switches_s_flipper_but_l_1'====== Args={'value': 47, 'prev_value': 46, 'change': 1}
2024-10-14 19:46:07,492 : INFO : SwitchController : <<<<<<< 's_flipper_but_l_2' active >>>>>>>
2024-10-14 19:46:07,492 : INFO : EventManager : Event: ======'machine_var_audits_switches_s_flipper_but_l_2'====== Args={'value': 45, 'prev_value': 44, 'change': 1}
2024-10-14 19:46:07,509 : INFO : SwitchController : <<<<<<< 's_flipper_l' active >>>>>>>
2024-10-14 19:46:07,509 : INFO : EventManager : Event: ======'machine_var_audits_switches_s_flipper_l'====== Args={'value': 54, 'prev_value': 53, 'change': 1}
2024-10-14 19:46:07,513 : INFO : SwitchController : <<<<<<< 's_flipper_upper_l' active >>>>>>>
2024-10-14 19:46:07,513 : INFO : EventManager : Event: ======'machine_var_audits_switches_s_flipper_upper_l'====== Args={'value': 41, 'prev_value': 40, 'change': 1}
2024-10-14 19:46:07,517 : INFO : SwitchController : <<<<<<< 's_flipper_but_r_1' active >>>>>>>
2024-10-14 19:46:07,518 : INFO : EventManager : Event: ======'machine_var_audits_switches_s_flipper_but_r_1'====== Args={'value': 38, 'prev_value': 37, 'change': 1}
2024-10-14 19:46:07,529 : INFO : SwitchController : <<<<<<< 's_flipper_but_r_2' active >>>>>>>
2024-10-14 19:46:07,529 : INFO : EventManager : Event: ======'machine_var_audits_switches_s_flipper_but_r_2'====== Args={'value': 36, 'prev_value': 35, 'change': 1}
2024-10-14 19:46:07,546 : INFO : SwitchController : <<<<<<< 's_flipper_r' active >>>>>>>
2024-10-14 19:46:07,546 : INFO : EventManager : Event: ======'machine_var_audits_switches_s_flipper_r'====== Args={'value': 65, 'prev_value': 64, 'change': 1}
2024-10-14 19:46:07,650 : INFO : SwitchController : <<<<<<< 's_flipper_but_l_2' inactive >>>>>>>
2024-10-14 19:46:07,658 : INFO : SwitchController : <<<<<<< 's_flipper_but_l_1' inactive >>>>>>>
2024-10-14 19:46:07,701 : INFO : SwitchController : <<<<<<< 's_flipper_but_r_2' inactive >>>>>>>
2024-10-14 19:46:07,711 : INFO : SwitchController : <<<<<<< 's_flipper_but_r_1' inactive >>>>>>>
2024-10-14 19:46:07,749 : INFO : SwitchController : <<<<<<< 's_flipper_l' inactive >>>>>>>
2024-10-14 19:46:07,750 : INFO : SwitchController : <<<<<<< 's_flipper_upper_l' inactive >>>>>>>
2024-10-14 19:46:07,796 : INFO : SwitchController : <<<<<<< 's_flipper_r' inactive >>>>>>>
2024-10-14 19:46:09,180 : INFO : Machine : Shutting down...
2024-10-14 19:46:09,180 : INFO : EventManager : Event: ======'shutdown'====== Args={}
2024-10-14 19:46:09,181 : INFO : EventManager : Event: ======'mode_game_will_stop'====== Args={}
2024-10-14 19:46:09,181 : INFO : EventManager : Event: ======'mode_game_stopping'====== Args={}
2024-10-14 19:46:09,182 : INFO : Mode.game : Stopped.
2024-10-14 19:46:09,182 : INFO : EventManager : Event: ======'modes_active_modes_changed'====== Args={}
2024-10-14 19:46:09,182 : INFO : EventManager : Event: ======'mode_game_stopped'====== Args={}
2024-10-14 19:46:09,182 : INFO : EventManager : Event: ======'clear'====== Args={'key': 'game'}
2024-10-14 19:46:09,287 : INFO : root : MPF run loop ended.
