2024-10-14 21:52:42,052 : INFO : root : Loading config.
2024-10-14 21:52:42,053 : INFO : YamlMultifileConfigLoader : Machine config file #1: config.yaml
2024-10-14 21:52:42,053 : INFO : ConfigProcessor : Loading config from cache: /var/folders/l2/q8hj_6s91xnb2jxg1sqm0h7r0000gn/T/fb4db0341b09a4be02e1d6b8eab00179.mpf_cache
2024-10-14 21:52:42,071 : INFO : ConfigProcessor : Loading config from cache: /var/folders/l2/q8hj_6s91xnb2jxg1sqm0h7r0000gn/T/c7af4841f7c2cabb0f971746daddf284.mpf_cache
2024-10-14 21:52:42,071 : INFO : ConfigProcessor : Loading config from cache: /var/folders/l2/q8hj_6s91xnb2jxg1sqm0h7r0000gn/T/edcc5f1d3215b377c9faab88c62e4ce0.mpf_cache
2024-10-14 21:52:42,071 : INFO : Machine : Mission Pinball Framework Core Engine v0.57.1.dev3
2024-10-14 21:52:42,071 : INFO : Machine : Command line arguments: {'no_load_cache': False, 'create_config_cache': True, 'bcp': False, 'configfile': ['config.yaml'], 'force_assets_load': False, 'platform_integration_test': False, 'jsonlogging': False, 'logfile': 'logs/2024-10-14-21-52-42-mpf-Tanners-Laptop.local.log', 'pause': False, 'production': False, 'text_ui': True, 'loglevel': 15, 'consoleloglevel': 20, 'force_platform': None, 'syslog_address': None, 'mc_file_name': None, 'no_sound': False}
2024-10-14 21:52:42,071 : INFO : Machine : MPF path: /Library/Frameworks/Python.framework/Versions/3.9/lib/python3.9/site-packages/mpf
2024-10-14 21:52:42,071 : INFO : Machine : Machine path: /Users/tannerpetch/Documents/GitHub/trashland_4
2024-10-14 21:52:42,071 : INFO : Machine : Platform: darwin
2024-10-14 21:52:42,071 : INFO : Machine : Python executable location: /Library/Frameworks/Python.framework/Versions/3.9/bin/python3.9
2024-10-14 21:52:42,071 : INFO : Machine : Python version: 3.9.13 (64-bit)
2024-10-14 21:52:42,071 : INFO : Machine : Initializing MPF...
2024-10-14 21:52:42,099 : INFO : FAST [NET] : Trying to connect to /dev/tty.usbmodem1401 at 921600bps
2024-10-14 21:52:42,105 : INFO : FAST [NET] : Connected to /dev/tty.usbmodem1401 at 921600bps
2024-10-14 21:52:42,106 : INFO : FAST [NET] : Connected to FP-CPU-2000 with firmware v02.21
2024-10-14 21:52:42,107 : INFO : FAST [NET] : Registered I/O Board 0: Model: FP-I/O-0804, Firmware: 01.10, Switches: 8, Drivers: 4
2024-10-14 21:52:42,108 : INFO : FAST [NET] : Registered I/O Board 1: Model: FP-I/O-0804, Firmware: 01.10, Switches: 8, Drivers: 4
2024-10-14 21:52:42,109 : INFO : FAST [NET] : Registered I/O Board 2: Model: FP-I/O-3208, Firmware: 01.10, Switches: 32, Drivers: 8
2024-10-14 21:52:42,110 : INFO : FAST [NET] : Registered I/O Board 3: Model: FP-I/O-1616, Firmware: 01.10, Switches: 16, Drivers: 16
2024-10-14 21:52:42,111 : INFO : FAST [NET] : Registered I/O Board 4: Model: FP-I/O-3208, Firmware: 01.10, Switches: 32, Drivers: 8
2024-10-14 21:52:42,111 : INFO : EventManager : Event: ======'machine_var_credits_string'====== Args={'value': 'FREE PLAY', 'prev_value': None, 'change': True}
2024-10-14 21:52:42,125 : INFO : EventManager : Event: ======'machine_var_master_volume'====== Args={'value': 0.5, 'prev_value': None, 'change': True}
2024-10-14 21:52:42,125 : INFO : EventManager : Event: ======'machine_var_player1_score'====== Args={'value': 0, 'prev_value': None, 'change': True}
2024-10-14 21:52:42,125 : INFO : EventManager : Event: ======'machine_var_mpf_version'====== Args={'value': 'Mission Pinball Framework v0.57.1.dev3', 'prev_value': None, 'change': True}
2024-10-14 21:52:42,125 : INFO : EventManager : Event: ======'machine_var_mpf_extended_version'====== Args={'value': 'Mission Pinball Framework v0.57.1.dev3, Config version:6, Show version: 6, BCP version:1.1', 'prev_value': None, 'change': True}
2024-10-14 21:52:42,125 : INFO : EventManager : Event: ======'machine_var_python_version'====== Args={'value': '3.9.13', 'prev_value': None, 'change': True}
2024-10-14 21:52:42,132 : INFO : EventManager : Event: ======'machine_var_platform'====== Args={'value': 'macOS-14.3-arm64-arm-64bit', 'prev_value': None, 'change': True}
2024-10-14 21:52:42,132 : INFO : EventManager : Event: ======'machine_var_platform_system'====== Args={'value': 'Darwin', 'prev_value': None, 'change': True}
2024-10-14 21:52:42,132 : INFO : EventManager : Event: ======'machine_var_platform_release'====== Args={'value': '23.3.0', 'prev_value': None, 'change': True}
2024-10-14 21:52:42,132 : INFO : EventManager : Event: ======'machine_var_platform_version'====== Args={'value': 'Darwin Kernel Version 23.3.0: Thu Dec 21 02:29:41 PST 2023; root:xnu-10002.81.5~11/RELEASE_ARM64_T8122', 'prev_value': None, 'change': True}
2024-10-14 21:52:42,132 : INFO : EventManager : Event: ======'machine_var_platform_machine'====== Args={'value': 'arm64', 'prev_value': None, 'change': True}
2024-10-14 21:52:42,132 : INFO : EventManager : Event: ======'init_phase_1'====== Args={}
2024-10-14 21:52:42,230 : WARNING : Machine : Iterating device collections directly is deprecated and will be removed. Access by value(): device_collections[switches] -> device_collections['switches'].values()
2024-10-14 21:52:42,231 : INFO : SwitchController : <<<<<<< 's_outlane_l' active >>>>>>>
2024-10-14 21:52:42,231 : INFO : SwitchController : <<<<<<< 's_trough_1' active >>>>>>>
2024-10-14 21:52:42,231 : INFO : SwitchController : <<<<<<< 's_kicking_target' active >>>>>>>
2024-10-14 21:52:42,231 : INFO : SwitchController : <<<<<<< 's_drop_m' active >>>>>>>
2024-10-14 21:52:42,231 : INFO : SwitchController : <<<<<<< 's_drop_l' active >>>>>>>
2024-10-14 21:52:42,231 : INFO : SwitchController : <<<<<<< 's_drop_single' active >>>>>>>
2024-10-14 21:52:42,231 : INFO : SwitchController : <<<<<<< 's_vuk_upper' active >>>>>>>
2024-10-14 21:52:42,231 : INFO : EventManager : Event: ======'init_phase_2'====== Args={}
2024-10-14 21:52:42,231 : INFO : SwitchController : Found active switch: (16, [FAST Platform Interface]) <switch.s_outlane_l>
2024-10-14 21:52:42,231 : INFO : SwitchController : Found active switch: (30, [FAST Platform Interface]) <switch.s_trough_1>
2024-10-14 21:52:42,231 : INFO : SwitchController : Found active switch: (37, [FAST Platform Interface]) <switch.s_kicking_target>
2024-10-14 21:52:42,231 : INFO : SwitchController : Found active switch: (50, [FAST Platform Interface]) <switch.s_drop_m>
2024-10-14 21:52:42,231 : INFO : SwitchController : Found active switch: (51, [FAST Platform Interface]) <switch.s_drop_l>
2024-10-14 21:52:42,231 : INFO : SwitchController : Found active switch: (57, [FAST Platform Interface]) <switch.s_drop_single>
2024-10-14 21:52:42,231 : INFO : SwitchController : Found active switch: (91, [FAST Platform Interface]) <switch.s_vuk_upper>
2024-10-14 21:52:42,232 : INFO : ball_device.bd_middle_scoop : BCH: Initial count: 0
2024-10-14 21:52:42,233 : INFO : ball_device.bd_middle_scoop : State: idle
2024-10-14 21:52:42,732 : INFO : ball_device.bd_trough : BCH: Initial count: 1
2024-10-14 21:52:42,733 : INFO : ball_device.bd_trough : State: idle
2024-10-14 21:52:42,734 : INFO : ball_device.bd_autolauncher : BCH: Initial count: 0
2024-10-14 21:52:42,735 : INFO : ball_device.bd_autolauncher : State: idle
2024-10-14 21:52:42,736 : INFO : ball_device.bd_kicker_orbit : BCH: Initial count: 0
2024-10-14 21:52:42,736 : INFO : ball_device.bd_kicker_orbit : State: idle
2024-10-14 21:52:42,737 : INFO : ball_device.bd_lower_vuk : BCH: Initial count: 0
2024-10-14 21:52:42,737 : INFO : ball_device.bd_lower_vuk : State: idle
2024-10-14 21:52:42,738 : INFO : ball_device.bd_vuk_back : BCH: Initial count: 0
2024-10-14 21:52:42,738 : INFO : ball_device.bd_vuk_back : State: idle
2024-10-14 21:52:42,739 : INFO : ball_device.bd_b_lock : BCH: Initial count: 0
2024-10-14 21:52:42,739 : INFO : ball_device.bd_b_lock : State: idle
2024-10-14 21:52:42,752 : INFO : EventManager : Event: ======'init_phase_3'====== Args={}
2024-10-14 21:52:42,752 : INFO : EventManager : Event: ======'init_phase_4'====== Args={}
2024-10-14 21:52:42,753 : INFO : BallController : Initial balls found: 1
2024-10-14 21:52:42,753 : INFO : EventManager : Event: ======'machine_var_audits_events_game_ended'====== Args={'value': 1, 'prev_value': None, 'change': True}
2024-10-14 21:52:42,753 : INFO : EventManager : Event: ======'machine_var_audits_events_game_started'====== Args={'value': 5, 'prev_value': None, 'change': True}
2024-10-14 21:52:42,753 : INFO : EventManager : Event: ======'machine_var_audits_missing_switches_s_b_eos'====== Args={'value': 1, 'prev_value': None, 'change': True}
2024-10-14 21:52:42,753 : INFO : EventManager : Event: ======'machine_var_audits_missing_switches_s_b_pop'====== Args={'value': 1, 'prev_value': None, 'change': True}
2024-10-14 21:52:42,753 : INFO : EventManager : Event: ======'machine_var_audits_missing_switches_s_b_rollover_interchange'====== Args={'value': 1, 'prev_value': None, 'change': True}
2024-10-14 21:52:42,753 : INFO : EventManager : Event: ======'machine_var_audits_missing_switches_s_b_rollover_loop'====== Args={'value': 1, 'prev_value': None, 'change': True}
2024-10-14 21:52:42,753 : INFO : EventManager : Event: ======'machine_var_audits_missing_switches_s_b_rollover_misc'====== Args={'value': 1, 'prev_value': None, 'change': True}
2024-10-14 21:52:42,753 : INFO : EventManager : Event: ======'machine_var_audits_missing_switches_s_b_target_left'====== Args={'value': 1, 'prev_value': None, 'change': True}
2024-10-14 21:52:42,753 : INFO : EventManager : Event: ======'machine_var_audits_missing_switches_s_b_target_right'====== Args={'value': 1, 'prev_value': None, 'change': True}
2024-10-14 21:52:42,753 : INFO : EventManager : Event: ======'machine_var_audits_missing_switches_s_bot'====== Args={'value': 5, 'prev_value': None, 'change': True}
2024-10-14 21:52:42,753 : INFO : EventManager : Event: ======'machine_var_audits_missing_switches_s_bot_mid'====== Args={'value': 5, 'prev_value': None, 'change': True}
2024-10-14 21:52:42,754 : INFO : EventManager : Event: ======'machine_var_audits_missing_switches_s_captive_l'====== Args={'value': 5, 'prev_value': None, 'change': True}
2024-10-14 21:52:42,754 : INFO : EventManager : Event: ======'machine_var_audits_missing_switches_s_captive_r'====== Args={'value': 5, 'prev_value': None, 'change': True}
2024-10-14 21:52:42,754 : INFO : EventManager : Event: ======'machine_var_audits_missing_switches_s_drop_l'====== Args={'value': 5, 'prev_value': None, 'change': True}
2024-10-14 21:52:42,754 : INFO : EventManager : Event: ======'machine_var_audits_missing_switches_s_drop_m'====== Args={'value': 3, 'prev_value': None, 'change': True}
2024-10-14 21:52:42,754 : INFO : EventManager : Event: ======'machine_var_audits_missing_switches_s_drop_r'====== Args={'value': 5, 'prev_value': None, 'change': True}
2024-10-14 21:52:42,754 : INFO : EventManager : Event: ======'machine_var_audits_missing_switches_s_drop_single'====== Args={'value': 5, 'prev_value': None, 'change': True}
2024-10-14 21:52:42,754 : INFO : EventManager : Event: ======'machine_var_audits_missing_switches_s_flipper_but_l_1'====== Args={'value': 1, 'prev_value': None, 'change': True}
2024-10-14 21:52:42,754 : INFO : EventManager : Event: ======'machine_var_audits_missing_switches_s_flipper_but_l_2'====== Args={'value': 1, 'prev_value': None, 'change': True}
2024-10-14 21:52:42,754 : INFO : EventManager : Event: ======'machine_var_audits_missing_switches_s_flipper_but_r_1'====== Args={'value': 1, 'prev_value': None, 'change': True}
2024-10-14 21:52:42,754 : INFO : EventManager : Event: ======'machine_var_audits_missing_switches_s_flipper_but_r_2'====== Args={'value': 1, 'prev_value': None, 'change': True}
2024-10-14 21:52:42,754 : INFO : EventManager : Event: ======'machine_var_audits_missing_switches_s_flipper_l'====== Args={'value': 1, 'prev_value': None, 'change': True}
2024-10-14 21:52:42,754 : INFO : EventManager : Event: ======'machine_var_audits_missing_switches_s_flipper_r'====== Args={'value': 1, 'prev_value': None, 'change': True}
2024-10-14 21:52:42,754 : INFO : EventManager : Event: ======'machine_var_audits_missing_switches_s_flipper_upper_l'====== Args={'value': 1, 'prev_value': None, 'change': True}
2024-10-14 21:52:42,754 : INFO : EventManager : Event: ======'machine_var_audits_missing_switches_s_inlane_l'====== Args={'value': 3, 'prev_value': None, 'change': True}
2024-10-14 21:52:42,754 : INFO : EventManager : Event: ======'machine_var_audits_missing_switches_s_inlane_r'====== Args={'value': 3, 'prev_value': None, 'change': True}
2024-10-14 21:52:42,754 : INFO : EventManager : Event: ======'machine_var_audits_missing_switches_s_kicker_orbit'====== Args={'value': 3, 'prev_value': None, 'change': True}
2024-10-14 21:52:42,754 : INFO : EventManager : Event: ======'machine_var_audits_missing_switches_s_kicking_target'====== Args={'value': 1, 'prev_value': None, 'change': True}
2024-10-14 21:52:42,754 : INFO : EventManager : Event: ======'machine_var_audits_missing_switches_s_launch'====== Args={'value': 1, 'prev_value': None, 'change': True}
2024-10-14 21:52:42,754 : INFO : EventManager : Event: ======'machine_var_audits_missing_switches_s_lock_1'====== Args={'value': 1, 'prev_value': None, 'change': True}
2024-10-14 21:52:42,754 : INFO : EventManager : Event: ======'machine_var_audits_missing_switches_s_lock_2'====== Args={'value': 1, 'prev_value': None, 'change': True}
2024-10-14 21:52:42,755 : INFO : EventManager : Event: ======'machine_var_audits_missing_switches_s_lock_3'====== Args={'value': 1, 'prev_value': None, 'change': True}
2024-10-14 21:52:42,755 : INFO : EventManager : Event: ======'machine_var_audits_missing_switches_s_lower_orbit'====== Args={'value': 5, 'prev_value': None, 'change': True}
2024-10-14 21:52:42,755 : INFO : EventManager : Event: ======'machine_var_audits_missing_switches_s_lower_single'====== Args={'value': 5, 'prev_value': None, 'change': True}
2024-10-14 21:52:42,755 : INFO : EventManager : Event: ======'machine_var_audits_missing_switches_s_lower_sling'====== Args={'value': 5, 'prev_value': None, 'change': True}
2024-10-14 21:52:42,755 : INFO : EventManager : Event: ======'machine_var_audits_missing_switches_s_lower_transfer'====== Args={'value': 5, 'prev_value': None, 'change': True}
2024-10-14 21:52:42,755 : INFO : EventManager : Event: ======'machine_var_audits_missing_switches_s_lower_vuk'====== Args={'value': 5, 'prev_value': None, 'change': True}
2024-10-14 21:52:42,755 : INFO : EventManager : Event: ======'machine_var_audits_missing_switches_s_middle_scoop'====== Args={'value': 2, 'prev_value': None, 'change': True}
2024-10-14 21:52:42,755 : INFO : EventManager : Event: ======'machine_var_audits_missing_switches_s_orbit_small_l'====== Args={'value': 3, 'prev_value': None, 'change': True}
2024-10-14 21:52:42,755 : INFO : EventManager : Event: ======'machine_var_audits_missing_switches_s_orbit_small_r'====== Args={'value': 3, 'prev_value': None, 'change': True}
2024-10-14 21:52:42,755 : INFO : EventManager : Event: ======'machine_var_audits_missing_switches_s_outlane_l'====== Args={'value': 5, 'prev_value': None, 'change': True}
2024-10-14 21:52:42,755 : INFO : EventManager : Event: ======'machine_var_audits_missing_switches_s_outlane_r'====== Args={'value': 5, 'prev_value': None, 'change': True}
2024-10-14 21:52:42,755 : INFO : EventManager : Event: ======'machine_var_audits_missing_switches_s_pop'====== Args={'value': 2, 'prev_value': None, 'change': True}
2024-10-14 21:52:42,755 : INFO : EventManager : Event: ======'machine_var_audits_missing_switches_s_scissor_save'====== Args={'value': 5, 'prev_value': None, 'change': True}
2024-10-14 21:52:42,755 : INFO : EventManager : Event: ======'machine_var_audits_missing_switches_s_sling_l'====== Args={'value': 3, 'prev_value': None, 'change': True}
2024-10-14 21:52:42,756 : INFO : EventManager : Event: ======'machine_var_audits_missing_switches_s_start'====== Args={'value': 5, 'prev_value': None, 'change': True}
2024-10-14 21:52:42,756 : INFO : EventManager : Event: ======'machine_var_audits_missing_switches_s_stationary_l'====== Args={'value': 3, 'prev_value': None, 'change': True}
2024-10-14 21:52:42,756 : INFO : EventManager : Event: ======'machine_var_audits_missing_switches_s_stationary_m'====== Args={'value': 3, 'prev_value': None, 'change': True}
2024-10-14 21:52:42,756 : INFO : EventManager : Event: ======'machine_var_audits_missing_switches_s_stationary_r'====== Args={'value': 3, 'prev_value': None, 'change': True}
2024-10-14 21:52:42,756 : INFO : EventManager : Event: ======'machine_var_audits_missing_switches_s_subway'====== Args={'value': 3, 'prev_value': None, 'change': True}
2024-10-14 21:52:42,756 : INFO : EventManager : Event: ======'machine_var_audits_missing_switches_s_tilt'====== Args={'value': 5, 'prev_value': None, 'change': True}
2024-10-14 21:52:42,756 : INFO : EventManager : Event: ======'machine_var_audits_missing_switches_s_top'====== Args={'value': 5, 'prev_value': None, 'change': True}
2024-10-14 21:52:42,756 : INFO : EventManager : Event: ======'machine_var_audits_missing_switches_s_top_mid'====== Args={'value': 5, 'prev_value': None, 'change': True}
2024-10-14 21:52:42,756 : INFO : EventManager : Event: ======'machine_var_audits_missing_switches_s_trough_2'====== Args={'value': 3, 'prev_value': None, 'change': True}
2024-10-14 21:52:42,756 : INFO : EventManager : Event: ======'machine_var_audits_missing_switches_s_trough_3'====== Args={'value': 3, 'prev_value': None, 'change': True}
2024-10-14 21:52:42,756 : INFO : EventManager : Event: ======'machine_var_audits_missing_switches_s_trough_4'====== Args={'value': 1, 'prev_value': None, 'change': True}
2024-10-14 21:52:42,756 : INFO : EventManager : Event: ======'machine_var_audits_missing_switches_s_trough_5'====== Args={'value': 3, 'prev_value': None, 'change': True}
2024-10-14 21:52:42,756 : INFO : EventManager : Event: ======'machine_var_audits_missing_switches_s_trough_6'====== Args={'value': 3, 'prev_value': None, 'change': True}
2024-10-14 21:52:42,756 : INFO : EventManager : Event: ======'machine_var_audits_missing_switches_s_u_lane_l'====== Args={'value': 1, 'prev_value': None, 'change': True}
2024-10-14 21:52:42,757 : INFO : EventManager : Event: ======'machine_var_audits_missing_switches_s_u_lane_r'====== Args={'value': 1, 'prev_value': None, 'change': True}
2024-10-14 21:52:42,757 : INFO : EventManager : Event: ======'machine_var_audits_missing_switches_s_u_rollover'====== Args={'value': 1, 'prev_value': None, 'change': True}
2024-10-14 21:52:42,757 : INFO : EventManager : Event: ======'machine_var_audits_missing_switches_s_u_target'====== Args={'value': 1, 'prev_value': None, 'change': True}
2024-10-14 21:52:42,757 : INFO : EventManager : Event: ======'machine_var_audits_missing_switches_s_vuk_back'====== Args={'value': 1, 'prev_value': None, 'change': True}
2024-10-14 21:52:42,757 : INFO : EventManager : Event: ======'machine_var_audits_player_score'====== Args={'value': {'average': 0, 'top': [0], 'total': 1}, 'prev_value': None, 'change': True}
2024-10-14 21:52:42,757 : INFO : EventManager : Event: ======'machine_var_audits_switches_s_autolauncher'====== Args={'value': 6, 'prev_value': None, 'change': True}
2024-10-14 21:52:42,757 : INFO : EventManager : Event: ======'machine_var_audits_switches_s_b_eos'====== Args={'value': 0, 'prev_value': None, 'change': True}
2024-10-14 21:52:42,757 : INFO : EventManager : Event: ======'machine_var_audits_switches_s_b_pop'====== Args={'value': 0, 'prev_value': None, 'change': True}
2024-10-14 21:52:42,757 : INFO : EventManager : Event: ======'machine_var_audits_switches_s_b_rollover_interchange'====== Args={'value': 0, 'prev_value': None, 'change': True}
2024-10-14 21:52:42,757 : INFO : EventManager : Event: ======'machine_var_audits_switches_s_b_rollover_loop'====== Args={'value': 0, 'prev_value': None, 'change': True}
2024-10-14 21:52:42,757 : INFO : EventManager : Event: ======'machine_var_audits_switches_s_b_rollover_misc'====== Args={'value': 0, 'prev_value': None, 'change': True}
2024-10-14 21:52:42,758 : INFO : EventManager : Event: ======'machine_var_audits_switches_s_b_target_left'====== Args={'value': 0, 'prev_value': None, 'change': True}
2024-10-14 21:52:42,758 : INFO : EventManager : Event: ======'machine_var_audits_switches_s_b_target_right'====== Args={'value': 0, 'prev_value': None, 'change': True}
2024-10-14 21:52:42,758 : INFO : EventManager : Event: ======'machine_var_audits_switches_s_bot'====== Args={'value': 0, 'prev_value': None, 'change': True}
2024-10-14 21:52:42,758 : INFO : EventManager : Event: ======'machine_var_audits_switches_s_bot_mid'====== Args={'value': 0, 'prev_value': None, 'change': True}
2024-10-14 21:52:42,758 : INFO : EventManager : Event: ======'machine_var_audits_switches_s_captive_l'====== Args={'value': 0, 'prev_value': None, 'change': True}
2024-10-14 21:52:42,758 : INFO : EventManager : Event: ======'machine_var_audits_switches_s_captive_r'====== Args={'value': 0, 'prev_value': None, 'change': True}
2024-10-14 21:52:42,758 : INFO : EventManager : Event: ======'machine_var_audits_switches_s_drop_l'====== Args={'value': 0, 'prev_value': None, 'change': True}
2024-10-14 21:52:42,758 : INFO : EventManager : Event: ======'machine_var_audits_switches_s_drop_m'====== Args={'value': 1, 'prev_value': None, 'change': True}
2024-10-14 21:52:42,758 : INFO : EventManager : Event: ======'machine_var_audits_switches_s_drop_r'====== Args={'value': 0, 'prev_value': None, 'change': True}
2024-10-14 21:52:42,758 : INFO : EventManager : Event: ======'machine_var_audits_switches_s_drop_single'====== Args={'value': 0, 'prev_value': None, 'change': True}
2024-10-14 21:52:42,758 : INFO : EventManager : Event: ======'machine_var_audits_switches_s_flipper_but_l_1'====== Args={'value': 47, 'prev_value': None, 'change': True}
2024-10-14 21:52:42,759 : INFO : EventManager : Event: ======'machine_var_audits_switches_s_flipper_but_l_2'====== Args={'value': 45, 'prev_value': None, 'change': True}
2024-10-14 21:52:42,759 : INFO : EventManager : Event: ======'machine_var_audits_switches_s_flipper_but_r_1'====== Args={'value': 38, 'prev_value': None, 'change': True}
2024-10-14 21:52:42,759 : INFO : EventManager : Event: ======'machine_var_audits_switches_s_flipper_but_r_2'====== Args={'value': 36, 'prev_value': None, 'change': True}
2024-10-14 21:52:42,759 : INFO : EventManager : Event: ======'machine_var_audits_switches_s_flipper_l'====== Args={'value': 54, 'prev_value': None, 'change': True}
2024-10-14 21:52:42,759 : INFO : EventManager : Event: ======'machine_var_audits_switches_s_flipper_r'====== Args={'value': 65, 'prev_value': None, 'change': True}
2024-10-14 21:52:42,759 : INFO : EventManager : Event: ======'machine_var_audits_switches_s_flipper_upper_l'====== Args={'value': 41, 'prev_value': None, 'change': True}
2024-10-14 21:52:42,759 : INFO : EventManager : Event: ======'machine_var_audits_switches_s_inlane_l'====== Args={'value': 1, 'prev_value': None, 'change': True}
2024-10-14 21:52:42,759 : INFO : EventManager : Event: ======'machine_var_audits_switches_s_inlane_r'====== Args={'value': 5, 'prev_value': None, 'change': True}
2024-10-14 21:52:42,760 : INFO : EventManager : Event: ======'machine_var_audits_switches_s_kicker_orbit'====== Args={'value': 1, 'prev_value': None, 'change': True}
2024-10-14 21:52:42,760 : INFO : EventManager : Event: ======'machine_var_audits_switches_s_kicking_target'====== Args={'value': 8, 'prev_value': None, 'change': True}
2024-10-14 21:52:42,760 : INFO : EventManager : Event: ======'machine_var_audits_switches_s_launch'====== Args={'value': 9, 'prev_value': None, 'change': True}
2024-10-14 21:52:42,760 : INFO : EventManager : Event: ======'machine_var_audits_switches_s_lock_1'====== Args={'value': 0, 'prev_value': None, 'change': True}
2024-10-14 21:52:42,760 : INFO : EventManager : Event: ======'machine_var_audits_switches_s_lock_2'====== Args={'value': 0, 'prev_value': None, 'change': True}
2024-10-14 21:52:42,760 : INFO : EventManager : Event: ======'machine_var_audits_switches_s_lock_3'====== Args={'value': 0, 'prev_value': None, 'change': True}
2024-10-14 21:52:42,760 : INFO : EventManager : Event: ======'machine_var_audits_switches_s_lower_orbit'====== Args={'value': 0, 'prev_value': None, 'change': True}
2024-10-14 21:52:42,760 : INFO : EventManager : Event: ======'machine_var_audits_switches_s_lower_single'====== Args={'value': 0, 'prev_value': None, 'change': True}
2024-10-14 21:52:42,760 : INFO : EventManager : Event: ======'machine_var_audits_switches_s_lower_sling'====== Args={'value': 0, 'prev_value': None, 'change': True}
2024-10-14 21:52:42,761 : INFO : EventManager : Event: ======'machine_var_audits_switches_s_lower_transfer'====== Args={'value': 0, 'prev_value': None, 'change': True}
2024-10-14 21:52:42,761 : INFO : EventManager : Event: ======'machine_var_audits_switches_s_lower_vuk'====== Args={'value': 0, 'prev_value': None, 'change': True}
2024-10-14 21:52:42,761 : INFO : EventManager : Event: ======'machine_var_audits_switches_s_middle_scoop'====== Args={'value': 2, 'prev_value': None, 'change': True}
2024-10-14 21:52:42,761 : INFO : EventManager : Event: ======'machine_var_audits_switches_s_orbit_small_l'====== Args={'value': 2, 'prev_value': None, 'change': True}
2024-10-14 21:52:42,761 : INFO : EventManager : Event: ======'machine_var_audits_switches_s_orbit_small_r'====== Args={'value': 1, 'prev_value': None, 'change': True}
2024-10-14 21:52:42,761 : INFO : EventManager : Event: ======'machine_var_audits_switches_s_outlane_l'====== Args={'value': 0, 'prev_value': None, 'change': True}
2024-10-14 21:52:42,761 : INFO : EventManager : Event: ======'machine_var_audits_switches_s_outlane_r'====== Args={'value': 0, 'prev_value': None, 'change': True}
2024-10-14 21:52:42,761 : INFO : EventManager : Event: ======'machine_var_audits_switches_s_pop'====== Args={'value': 5, 'prev_value': None, 'change': True}
2024-10-14 21:52:42,762 : INFO : EventManager : Event: ======'machine_var_audits_switches_s_scissor_save'====== Args={'value': 0, 'prev_value': None, 'change': True}
2024-10-14 21:52:42,762 : INFO : EventManager : Event: ======'machine_var_audits_switches_s_sling_l'====== Args={'value': 6, 'prev_value': None, 'change': True}
2024-10-14 21:52:42,762 : INFO : EventManager : Event: ======'machine_var_audits_switches_s_start'====== Args={'value': 0, 'prev_value': None, 'change': True}
2024-10-14 21:52:42,762 : INFO : EventManager : Event: ======'machine_var_audits_switches_s_stationary_l'====== Args={'value': 1, 'prev_value': None, 'change': True}
2024-10-14 21:52:42,762 : INFO : EventManager : Event: ======'machine_var_audits_switches_s_stationary_m'====== Args={'value': 3, 'prev_value': None, 'change': True}
2024-10-14 21:52:42,762 : INFO : EventManager : Event: ======'machine_var_audits_switches_s_stationary_r'====== Args={'value': 1, 'prev_value': None, 'change': True}
2024-10-14 21:52:42,762 : INFO : EventManager : Event: ======'machine_var_audits_switches_s_subway'====== Args={'value': 3, 'prev_value': None, 'change': True}
2024-10-14 21:52:42,763 : INFO : EventManager : Event: ======'machine_var_audits_switches_s_tilt'====== Args={'value': 0, 'prev_value': None, 'change': True}
2024-10-14 21:52:42,763 : INFO : EventManager : Event: ======'machine_var_audits_switches_s_top'====== Args={'value': 0, 'prev_value': None, 'change': True}
2024-10-14 21:52:42,763 : INFO : EventManager : Event: ======'machine_var_audits_switches_s_top_mid'====== Args={'value': 0, 'prev_value': None, 'change': True}
2024-10-14 21:52:42,763 : INFO : EventManager : Event: ======'machine_var_audits_switches_s_trough_1'====== Args={'value': 7, 'prev_value': None, 'change': True}
2024-10-14 21:52:42,763 : INFO : EventManager : Event: ======'machine_var_audits_switches_s_trough_2'====== Args={'value': 3, 'prev_value': None, 'change': True}
2024-10-14 21:52:42,763 : INFO : EventManager : Event: ======'machine_var_audits_switches_s_trough_3'====== Args={'value': 4, 'prev_value': None, 'change': True}
2024-10-14 21:52:42,763 : INFO : EventManager : Event: ======'machine_var_audits_switches_s_trough_4'====== Args={'value': 8, 'prev_value': None, 'change': True}
2024-10-14 21:52:42,764 : INFO : EventManager : Event: ======'machine_var_audits_switches_s_trough_5'====== Args={'value': 3, 'prev_value': None, 'change': True}
2024-10-14 21:52:42,764 : INFO : EventManager : Event: ======'machine_var_audits_switches_s_trough_6'====== Args={'value': 6, 'prev_value': None, 'change': True}
2024-10-14 21:52:42,764 : INFO : EventManager : Event: ======'machine_var_audits_switches_s_trough_jam'====== Args={'value': 5, 'prev_value': None, 'change': True}
2024-10-14 21:52:42,764 : INFO : EventManager : Event: ======'machine_var_audits_switches_s_u_lane_l'====== Args={'value': 0, 'prev_value': None, 'change': True}
2024-10-14 21:52:42,764 : INFO : EventManager : Event: ======'machine_var_audits_switches_s_u_lane_r'====== Args={'value': 0, 'prev_value': None, 'change': True}
2024-10-14 21:52:42,764 : INFO : EventManager : Event: ======'machine_var_audits_switches_s_u_rollover'====== Args={'value': 0, 'prev_value': None, 'change': True}
2024-10-14 21:52:42,764 : INFO : EventManager : Event: ======'machine_var_audits_switches_s_u_target'====== Args={'value': 0, 'prev_value': None, 'change': True}
2024-10-14 21:52:42,765 : INFO : EventManager : Event: ======'machine_var_audits_switches_s_vuk_back'====== Args={'value': 0, 'prev_value': None, 'change': True}
2024-10-14 21:52:42,765 : INFO : EventManager : Event: ======'machine_var_audits_switches_s_vuk_upper'====== Args={'value': 9, 'prev_value': None, 'change': True}
2024-10-14 21:52:42,765 : INFO : EventManager : Event: ======'init_phase_5'====== Args={}
2024-10-14 21:52:42,772 : INFO : EventManager : Event: ======'init_done'====== Args={}
2024-10-14 21:52:42,772 : INFO : EventManager : Event: ======'machine_reset_phase_1'====== Args={}
2024-10-14 21:52:42,772 : INFO : EventManager : Event: ======'machine_reset_phase_2'====== Args={}
2024-10-14 21:52:42,773 : INFO : EventManager : Event: ======'machine_reset_phase_3'====== Args={}
2024-10-14 21:52:42,773 : INFO : EventManager : Event: ======'reset_complete'====== Args={}
2024-10-14 21:52:42,773 : INFO : EventManager : Event: ======'mode_attract_will_start'====== Args={}
2024-10-14 21:52:42,773 : INFO : EventManager : Event: ======'mode_attract_starting'====== Args={}
2024-10-14 21:52:42,773 : INFO : Mode.attract : Started. Priority: 10
2024-10-14 21:52:42,773 : INFO : EventManager : Event: ======'modes_active_modes_changed'====== Args={}
2024-10-14 21:52:42,773 : INFO : EventManager : Event: ======'mode_attract_started'====== Args={}
2024-10-14 21:52:42,773 : INFO : EventManager : Event: ======'collecting_balls_complete'====== Args={}
2024-10-14 21:52:42,773 : INFO : Machine : Starting the main run loop.
2024-10-14 21:52:43,925 : INFO : SwitchController : <<<<<<< 's_start' active >>>>>>>
2024-10-14 21:52:44,065 : INFO : SwitchController : <<<<<<< 's_start' inactive >>>>>>>
2024-10-14 21:52:44,066 : INFO : EventManager : Event: ======'request_to_start_game'====== Args={}
2024-10-14 21:52:44,067 : INFO : EventManager : Event: ======'game_start'====== Args={'buttons': [], 'hold_time': 0.1410021669999999}
2024-10-14 21:52:44,067 : INFO : EventManager : Event: ======'mode_game_will_start'====== Args={'buttons': [], 'hold_time': 0.1410021669999999}
2024-10-14 21:52:44,068 : INFO : EventManager : Event: ======'mode_game_starting'====== Args={'buttons': [], 'hold_time': 0.1410021669999999}
2024-10-14 21:52:44,068 : INFO : EventManager : Event: ======'mode_attract_will_stop'====== Args={}
2024-10-14 21:52:44,068 : INFO : EventManager : Event: ======'mode_attract_stopping'====== Args={}
2024-10-14 21:52:44,068 : INFO : Mode.attract : Stopped.
2024-10-14 21:52:44,068 : INFO : EventManager : Event: ======'modes_active_modes_changed'====== Args={}
2024-10-14 21:52:44,068 : INFO : EventManager : Event: ======'mode_attract_stopped'====== Args={}
2024-10-14 21:52:44,068 : INFO : EventManager : Event: ======'clear'====== Args={'key': 'attract'}
2024-10-14 21:52:44,068 : INFO : Mode.game : Started. Priority: 20
2024-10-14 21:52:44,068 : INFO : EventManager : Event: ======'modes_active_modes_changed'====== Args={}
2024-10-14 21:52:44,068 : INFO : EventManager : Event: ======'mode_game_started'====== Args={'buttons': [], 'hold_time': 0.1410021669999999}
2024-10-14 21:52:44,069 : INFO : EventManager : Event: ======'game_will_start'====== Args={}
2024-10-14 21:52:44,070 : INFO : EventManager : Event: ======'game_starting'====== Args={'game': <Mode.game>}
2024-10-14 21:52:44,071 : INFO : EventManager : Unordered handler for class <Auditor> on event game_ended with priority 1. Handlers: [RegisteredHandler(callback=<bound method Auditor.disable of <Auditor>>, priority=1, kwargs={}, key=UUID('8a140254-beb7-4f00-b14f-7cc73924c4cb'), condition=None, blocking_facility=None), RegisteredHandler(callback=<bound method Auditor._save_audits of <Auditor>>, priority=1, kwargs={}, key=UUID('8cabd3f0-6a0f-43b7-b40d-ebc8b9d64c6d'), condition=None, blocking_facility=None)]. The order of those handlers is not defined and they will be executed in random order. This might lead to race conditions and potential bugs.
2024-10-14 21:52:44,071 : INFO : EventManager : Event: ======'player_add_request'====== Args={}
2024-10-14 21:52:44,071 : INFO : EventManager : Event: ======'player_will_add'====== Args={'number': 1}
2024-10-14 21:52:44,071 : INFO : EventManager : Event: ======'player_adding'====== Args={'player': <Player 1>, 'number': 1}
2024-10-14 21:52:44,072 : INFO : EventManager : Event: ======'player_added'====== Args={'player': <Player 1>, 'num': 1}
2024-10-14 21:52:44,072 : INFO : Mode.game : Player added successfully. Total players: 1
2024-10-14 21:52:44,072 : INFO : EventManager : Event: ======'player_index'====== Args={'value': 0, 'prev_value': 0, 'change': 0, 'player_num': 1}
2024-10-14 21:52:44,072 : INFO : EventManager : Event: ======'player_number'====== Args={'value': 1, 'prev_value': 1, 'change': 0, 'player_num': 1}
2024-10-14 21:52:44,072 : INFO : EventManager : Event: ======'player_score'====== Args={'value': 0, 'prev_value': 0, 'change': 0, 'player_num': 1}
2024-10-14 21:52:44,073 : INFO : EventManager : Event: ======'game_started'====== Args={}
2024-10-14 21:52:44,073 : INFO : EventManager : Event: ======'player_turn_will_start'====== Args={'player': <Player 1>, 'number': 1}
2024-10-14 21:52:44,074 : INFO : EventManager : Event: ======'player_turn_starting'====== Args={'player': <Player 1>, 'number': 1}
2024-10-14 21:52:44,080 : INFO : EventManager : Event: ======'player_ball'====== Args={'value': 1, 'prev_value': 0, 'change': 1, 'player_num': 1}
2024-10-14 21:52:44,080 : INFO : EventManager : Event: ======'player_turn_started'====== Args={'player': <Player 1>, 'number': 1}
2024-10-14 21:52:44,086 : INFO : EventManager : Event: ======'ball_will_start'====== Args={'player': 1, 'ball': 1, 'balls_remaining': 2, 'is_extra_ball': False}
2024-10-14 21:52:44,086 : INFO : EventManager : Event: ======'ball_starting'====== Args={'player': 1, 'ball': 1, 'balls_remaining': 2, 'is_extra_ball': False}
2024-10-14 21:52:44,086 : INFO : EventManager : Event: ======'balls_in_play'====== Args={'balls': 1}
2024-10-14 21:52:44,086 : INFO : EventManager : Event: ======'ball_started'====== Args={'player': 1, 'ball': 1, 'balls_remaining': 2, 'is_extra_ball': False}
2024-10-14 21:52:44,087 : INFO : EventManager : Event: ======'single_player_ball_started'====== Args={}
2024-10-14 21:52:44,087 : INFO : EventManager : Event: ======'ball_start_target'====== Args={'target': 'playfield'}
2024-10-14 21:52:44,087 : INFO : ball_device.bd_autolauncher : Setting up player-controlled eject. Balls: 1, Target: <playfield.playfield>, player_controlled_eject_event: sw_launch
2024-10-14 21:52:44,087 : INFO : EventManager : Event: ======'balldevice_balls_available'====== Args={}
2024-10-14 21:52:44,087 : INFO : ball_device.bd_trough : State: waiting_for_target_ready
2024-10-14 21:52:44,087 : INFO : EventManager : Event: ======'balldevice_bd_trough_ball_eject_attempt'====== Args={'balls': 1, 'target': <ball_device.bd_autolauncher>, 'source': <ball_device.bd_trough>, 'mechanical_eject': True, 'num_attempts': 0}
2024-10-14 21:52:44,087 : INFO : ball_device.bd_autolauncher : State: waiting_for_ball
2024-10-14 21:52:44,088 : INFO : ball_device.bd_trough : State: ejecting
2024-10-14 21:52:44,088 : INFO : ball_device.bd_trough : Ejecting ball to <ball_device.bd_autolauncher>
2024-10-14 21:52:44,088 : INFO : EventManager : Event: ======'balldevice_bd_trough_ejecting_ball'====== Args={'balls': 1, 'target': <ball_device.bd_autolauncher>, 'source': <ball_device.bd_trough>, 'mechanical_eject': True, 'num_attempts': 0}
2024-10-14 21:52:44,088 : INFO : ball_device.bd_trough : Wait for ball to leave device
2024-10-14 21:52:44,088 : INFO : coil.c_trough : Pulsing Driver for 15ms (1.0 pulse_power)
2024-10-14 21:52:44,112 : INFO : SwitchController : <<<<<<< 's_trough_jam' active >>>>>>>
2024-10-14 21:52:44,112 : INFO : EventManager : Event: ======'machine_var_audits_switches_s_trough_jam'====== Args={'value': 6, 'prev_value': 5, 'change': 1}
2024-10-14 21:52:44,120 : INFO : SwitchController : <<<<<<< 's_trough_jam' inactive >>>>>>>
2024-10-14 21:52:44,151 : INFO : SwitchController : <<<<<<< 's_vuk_upper' inactive >>>>>>>
2024-10-14 21:52:44,180 : INFO : SwitchController : <<<<<<< 's_trough_1' inactive >>>>>>>
2024-10-14 21:52:44,180 : INFO : ball_device.bd_trough : State: ball_left
2024-10-14 21:52:44,180 : INFO : ball_device.bd_trough : Ball left
2024-10-14 21:52:44,180 : INFO : ball_device.bd_trough : Wait for confirm with timeout 1.0
2024-10-14 21:52:44,431 : INFO : SwitchController : <<<<<<< 's_vuk_upper' active >>>>>>>
2024-10-14 21:52:44,432 : INFO : EventManager : Event: ======'playfield_active'====== Args={}
2024-10-14 21:52:44,432 : INFO : EventManager : Event: ======'unexpected_ball_on_playfield'====== Args={}
2024-10-14 21:52:44,432 : INFO : EventManager : Event: ======'machine_var_audits_switches_s_vuk_upper'====== Args={'value': 10, 'prev_value': 9, 'change': 1}
2024-10-14 21:52:44,460 : INFO : SwitchController : <<<<<<< 's_vuk_upper' inactive >>>>>>>
2024-10-14 21:52:44,460 : INFO : SwitchController : <<<<<<< 's_vuk_upper' active >>>>>>>
2024-10-14 21:52:44,460 : INFO : EventManager : Event: ======'playfield_active'====== Args={}
2024-10-14 21:52:44,460 : INFO : EventManager : Event: ======'unexpected_ball_on_playfield'====== Args={}
2024-10-14 21:52:44,460 : INFO : EventManager : Event: ======'machine_var_audits_switches_s_vuk_upper'====== Args={'value': 11, 'prev_value': 10, 'change': 1}
2024-10-14 21:52:44,500 : INFO : SwitchController : <<<<<<< 's_vuk_upper' inactive >>>>>>>
2024-10-14 21:52:44,795 : INFO : SwitchController : <<<<<<< 's_vuk_upper' active >>>>>>>
2024-10-14 21:52:44,795 : INFO : EventManager : Event: ======'playfield_active'====== Args={}
2024-10-14 21:52:44,795 : INFO : EventManager : Event: ======'unexpected_ball_on_playfield'====== Args={}
2024-10-14 21:52:44,795 : INFO : EventManager : Event: ======'machine_var_audits_switches_s_vuk_upper'====== Args={'value': 12, 'prev_value': 11, 'change': 1}
2024-10-14 21:52:44,853 : INFO : SwitchController : <<<<<<< 's_vuk_upper' inactive >>>>>>>
2024-10-14 21:52:45,182 : INFO : ball_device.bd_trough : State: failed_confirm
2024-10-14 21:52:45,182 : INFO : ball_device.bd_trough : Got timeout (1.0s) before confirm from <ball_device.bd_autolauncher>
2024-10-14 21:52:45,255 : INFO : SwitchController : <<<<<<< 's_vuk_upper' active >>>>>>>
2024-10-14 21:52:45,255 : INFO : EventManager : Event: ======'playfield_active'====== Args={}
2024-10-14 21:52:45,255 : INFO : EventManager : Event: ======'unexpected_ball_on_playfield'====== Args={}
2024-10-14 21:52:45,255 : INFO : EventManager : Event: ======'machine_var_audits_switches_s_vuk_upper'====== Args={'value': 13, 'prev_value': 12, 'change': 1}
2024-10-14 21:52:45,311 : INFO : SwitchController : <<<<<<< 's_vuk_upper' inactive >>>>>>>
2024-10-14 21:52:45,504 : INFO : SwitchController : <<<<<<< 's_vuk_upper' active >>>>>>>
2024-10-14 21:52:45,504 : INFO : EventManager : Event: ======'playfield_active'====== Args={}
2024-10-14 21:52:45,504 : INFO : EventManager : Event: ======'unexpected_ball_on_playfield'====== Args={}
2024-10-14 21:52:45,504 : INFO : EventManager : Event: ======'machine_var_audits_switches_s_vuk_upper'====== Args={'value': 14, 'prev_value': 13, 'change': 1}
2024-10-14 21:52:45,559 : INFO : SwitchController : <<<<<<< 's_vuk_upper' inactive >>>>>>>
2024-10-14 21:52:45,785 : INFO : SwitchController : <<<<<<< 's_vuk_upper' active >>>>>>>
2024-10-14 21:52:45,786 : INFO : EventManager : Event: ======'playfield_active'====== Args={}
2024-10-14 21:52:45,786 : INFO : EventManager : Event: ======'unexpected_ball_on_playfield'====== Args={}
2024-10-14 21:52:45,786 : INFO : EventManager : Event: ======'machine_var_audits_switches_s_vuk_upper'====== Args={'value': 15, 'prev_value': 14, 'change': 1}
2024-10-14 21:52:45,838 : INFO : SwitchController : <<<<<<< 's_vuk_upper' inactive >>>>>>>
2024-10-14 21:52:46,239 : INFO : SwitchController : <<<<<<< 's_vuk_upper' active >>>>>>>
2024-10-14 21:52:46,239 : INFO : EventManager : Event: ======'playfield_active'====== Args={}
2024-10-14 21:52:46,239 : INFO : EventManager : Event: ======'unexpected_ball_on_playfield'====== Args={}
2024-10-14 21:52:46,240 : INFO : EventManager : Event: ======'machine_var_audits_switches_s_vuk_upper'====== Args={'value': 16, 'prev_value': 15, 'change': 1}
2024-10-14 21:52:46,266 : INFO : SwitchController : <<<<<<< 's_vuk_upper' inactive >>>>>>>
2024-10-14 21:52:46,268 : INFO : SwitchController : <<<<<<< 's_vuk_upper' active >>>>>>>
2024-10-14 21:52:46,269 : INFO : EventManager : Event: ======'playfield_active'====== Args={}
2024-10-14 21:52:46,269 : INFO : EventManager : Event: ======'unexpected_ball_on_playfield'====== Args={}
2024-10-14 21:52:46,269 : INFO : EventManager : Event: ======'machine_var_audits_switches_s_vuk_upper'====== Args={'value': 17, 'prev_value': 16, 'change': 1}
2024-10-14 21:52:46,309 : INFO : SwitchController : <<<<<<< 's_vuk_upper' inactive >>>>>>>
2024-10-14 21:52:46,495 : INFO : SwitchController : <<<<<<< 's_vuk_upper' active >>>>>>>
2024-10-14 21:52:46,495 : INFO : EventManager : Event: ======'playfield_active'====== Args={}
2024-10-14 21:52:46,495 : INFO : EventManager : Event: ======'unexpected_ball_on_playfield'====== Args={}
2024-10-14 21:52:46,495 : INFO : EventManager : Event: ======'machine_var_audits_switches_s_vuk_upper'====== Args={'value': 18, 'prev_value': 17, 'change': 1}
2024-10-14 21:52:46,546 : INFO : SwitchController : <<<<<<< 's_vuk_upper' inactive >>>>>>>
2024-10-14 21:52:46,837 : INFO : SwitchController : <<<<<<< 's_vuk_upper' active >>>>>>>
2024-10-14 21:52:46,837 : INFO : EventManager : Event: ======'playfield_active'====== Args={}
2024-10-14 21:52:46,837 : INFO : EventManager : Event: ======'unexpected_ball_on_playfield'====== Args={}
2024-10-14 21:52:46,838 : INFO : EventManager : Event: ======'machine_var_audits_switches_s_vuk_upper'====== Args={'value': 19, 'prev_value': 18, 'change': 1}
2024-10-14 21:52:46,900 : INFO : SwitchController : <<<<<<< 's_vuk_upper' inactive >>>>>>>
2024-10-14 21:52:47,071 : INFO : SwitchController : <<<<<<< 's_vuk_upper' active >>>>>>>
2024-10-14 21:52:47,071 : INFO : EventManager : Event: ======'playfield_active'====== Args={}
2024-10-14 21:52:47,071 : INFO : EventManager : Event: ======'unexpected_ball_on_playfield'====== Args={}
2024-10-14 21:52:47,071 : INFO : EventManager : Event: ======'machine_var_audits_switches_s_vuk_upper'====== Args={'value': 20, 'prev_value': 19, 'change': 1}
2024-10-14 21:52:47,122 : INFO : SwitchController : <<<<<<< 's_vuk_upper' inactive >>>>>>>
2024-10-14 21:52:47,335 : INFO : SwitchController : <<<<<<< 's_vuk_upper' active >>>>>>>
2024-10-14 21:52:47,336 : INFO : EventManager : Event: ======'playfield_active'====== Args={}
2024-10-14 21:52:47,336 : INFO : EventManager : Event: ======'unexpected_ball_on_playfield'====== Args={}
2024-10-14 21:52:47,336 : INFO : EventManager : Event: ======'machine_var_audits_switches_s_vuk_upper'====== Args={'value': 21, 'prev_value': 20, 'change': 1}
2024-10-14 21:52:47,388 : INFO : SwitchController : <<<<<<< 's_vuk_upper' inactive >>>>>>>
2024-10-14 21:52:47,762 : INFO : SwitchController : <<<<<<< 's_vuk_upper' active >>>>>>>
2024-10-14 21:52:47,762 : INFO : EventManager : Event: ======'playfield_active'====== Args={}
2024-10-14 21:52:47,763 : INFO : EventManager : Event: ======'unexpected_ball_on_playfield'====== Args={}
2024-10-14 21:52:47,763 : INFO : EventManager : Event: ======'machine_var_audits_switches_s_vuk_upper'====== Args={'value': 22, 'prev_value': 21, 'change': 1}
2024-10-14 21:52:47,825 : INFO : SwitchController : <<<<<<< 's_vuk_upper' inactive >>>>>>>
2024-10-14 21:52:48,024 : INFO : SwitchController : <<<<<<< 's_vuk_upper' active >>>>>>>
2024-10-14 21:52:48,025 : INFO : EventManager : Event: ======'playfield_active'====== Args={}
2024-10-14 21:52:48,025 : INFO : EventManager : Event: ======'unexpected_ball_on_playfield'====== Args={}
2024-10-14 21:52:48,025 : INFO : EventManager : Event: ======'machine_var_audits_switches_s_vuk_upper'====== Args={'value': 23, 'prev_value': 22, 'change': 1}
2024-10-14 21:52:48,090 : INFO : SwitchController : <<<<<<< 's_vuk_upper' inactive >>>>>>>
2024-10-14 21:52:48,257 : INFO : SwitchController : <<<<<<< 's_vuk_upper' active >>>>>>>
2024-10-14 21:52:48,257 : INFO : EventManager : Event: ======'playfield_active'====== Args={}
2024-10-14 21:52:48,257 : INFO : EventManager : Event: ======'unexpected_ball_on_playfield'====== Args={}
2024-10-14 21:52:48,257 : INFO : EventManager : Event: ======'machine_var_audits_switches_s_vuk_upper'====== Args={'value': 24, 'prev_value': 23, 'change': 1}
2024-10-14 21:52:48,308 : INFO : SwitchController : <<<<<<< 's_vuk_upper' inactive >>>>>>>
2024-10-14 21:52:48,601 : INFO : SwitchController : <<<<<<< 's_vuk_upper' active >>>>>>>
2024-10-14 21:52:48,602 : INFO : EventManager : Event: ======'playfield_active'====== Args={}
2024-10-14 21:52:48,602 : INFO : EventManager : Event: ======'unexpected_ball_on_playfield'====== Args={}
2024-10-14 21:52:48,602 : INFO : EventManager : Event: ======'machine_var_audits_switches_s_vuk_upper'====== Args={'value': 25, 'prev_value': 24, 'change': 1}
2024-10-14 21:52:48,667 : INFO : SwitchController : <<<<<<< 's_vuk_upper' inactive >>>>>>>
2024-10-14 21:52:48,943 : INFO : SwitchController : <<<<<<< 's_vuk_upper' active >>>>>>>
2024-10-14 21:52:48,944 : INFO : EventManager : Event: ======'playfield_active'====== Args={}
2024-10-14 21:52:48,944 : INFO : EventManager : Event: ======'unexpected_ball_on_playfield'====== Args={}
2024-10-14 21:52:48,944 : INFO : EventManager : Event: ======'machine_var_audits_switches_s_vuk_upper'====== Args={'value': 26, 'prev_value': 25, 'change': 1}
2024-10-14 21:52:49,004 : INFO : SwitchController : <<<<<<< 's_vuk_upper' inactive >>>>>>>
2024-10-14 21:52:49,052 : INFO : Machine : Shutting down...
2024-10-14 21:52:49,052 : INFO : EventManager : Event: ======'shutdown'====== Args={}
2024-10-14 21:52:49,053 : INFO : EventManager : Event: ======'mode_game_will_stop'====== Args={}
2024-10-14 21:52:49,053 : INFO : EventManager : Event: ======'mode_game_stopping'====== Args={}
2024-10-14 21:52:49,054 : INFO : Mode.game : Stopped.
2024-10-14 21:52:49,054 : INFO : EventManager : Event: ======'modes_active_modes_changed'====== Args={}
2024-10-14 21:52:49,054 : INFO : EventManager : Event: ======'mode_game_stopped'====== Args={}
2024-10-14 21:52:49,054 : INFO : EventManager : Event: ======'clear'====== Args={'key': 'game'}
2024-10-14 21:52:49,161 : INFO : root : MPF run loop ended.
