2024-10-15 16:41:35,454 : INFO : root : Loading config.
2024-10-15 16:41:35,456 : INFO : YamlMultifileConfigLoader : Machine config file #1: config.yaml
2024-10-15 16:41:35,456 : INFO : ConfigProcessor : Loading config from cache: /var/folders/l2/q8hj_6s91xnb2jxg1sqm0h7r0000gn/T/fb4db0341b09a4be02e1d6b8eab00179.mpf_cache
2024-10-15 16:41:35,474 : INFO : ConfigProcessor : Loading config from cache: /var/folders/l2/q8hj_6s91xnb2jxg1sqm0h7r0000gn/T/c7af4841f7c2cabb0f971746daddf284.mpf_cache
2024-10-15 16:41:35,474 : INFO : ConfigProcessor : Loading config from cache: /var/folders/l2/q8hj_6s91xnb2jxg1sqm0h7r0000gn/T/edcc5f1d3215b377c9faab88c62e4ce0.mpf_cache
2024-10-15 16:41:35,474 : INFO : Machine : Mission Pinball Framework Core Engine v0.57.1.dev3
2024-10-15 16:41:35,474 : INFO : Machine : Command line arguments: {'no_load_cache': False, 'create_config_cache': True, 'bcp': False, 'configfile': ['config.yaml'], 'force_assets_load': False, 'platform_integration_test': False, 'jsonlogging': False, 'logfile': 'logs/2024-10-15-16-41-35-mpf-Tanners-Laptop.local.log', 'pause': False, 'production': False, 'text_ui': True, 'loglevel': 15, 'consoleloglevel': 20, 'force_platform': None, 'syslog_address': None, 'mc_file_name': None, 'no_sound': False}
2024-10-15 16:41:35,474 : INFO : Machine : MPF path: /Library/Frameworks/Python.framework/Versions/3.9/lib/python3.9/site-packages/mpf
2024-10-15 16:41:35,474 : INFO : Machine : Machine path: /Users/tannerpetch/Documents/GitHub/trashland_4
2024-10-15 16:41:35,474 : INFO : Machine : Platform: darwin
2024-10-15 16:41:35,474 : INFO : Machine : Python executable location: /Library/Frameworks/Python.framework/Versions/3.9/bin/python3.9
2024-10-15 16:41:35,474 : INFO : Machine : Python version: 3.9.13 (64-bit)
2024-10-15 16:41:35,474 : INFO : Machine : Initializing MPF...
2024-10-15 16:41:35,490 : INFO : FAST [NET] : Trying to connect to /dev/tty.usbmodem11401 at 921600bps
2024-10-15 16:41:35,498 : INFO : FAST [NET] : Connected to /dev/tty.usbmodem11401 at 921600bps
2024-10-15 16:41:35,499 : INFO : FAST [NET] : Connected to FP-CPU-2000 with firmware v02.21
2024-10-15 16:41:35,500 : INFO : FAST [NET] : Registered I/O Board 0: Model: FP-I/O-0804, Firmware: 01.10, Switches: 8, Drivers: 4
2024-10-15 16:41:35,502 : INFO : FAST [NET] : Registered I/O Board 1: Model: FP-I/O-0804, Firmware: 01.10, Switches: 8, Drivers: 4
2024-10-15 16:41:35,503 : INFO : FAST [NET] : Registered I/O Board 2: Model: FP-I/O-3208, Firmware: 01.10, Switches: 32, Drivers: 8
2024-10-15 16:41:35,504 : INFO : FAST [NET] : Registered I/O Board 3: Model: FP-I/O-1616, Firmware: 01.10, Switches: 16, Drivers: 16
2024-10-15 16:41:35,505 : INFO : FAST [NET] : Registered I/O Board 4: Model: FP-I/O-3208, Firmware: 01.10, Switches: 32, Drivers: 8
2024-10-15 16:41:35,505 : INFO : EventManager : Event: ======'machine_var_credits_string'====== Args={'value': 'FREE PLAY', 'prev_value': None, 'change': True}
2024-10-15 16:41:35,520 : INFO : EventManager : Event: ======'machine_var_master_volume'====== Args={'value': 0.5, 'prev_value': None, 'change': True}
2024-10-15 16:41:35,520 : INFO : EventManager : Event: ======'machine_var_player1_score'====== Args={'value': 0, 'prev_value': None, 'change': True}
2024-10-15 16:41:35,520 : INFO : EventManager : Event: ======'machine_var_mpf_version'====== Args={'value': 'Mission Pinball Framework v0.57.1.dev3', 'prev_value': None, 'change': True}
2024-10-15 16:41:35,520 : INFO : EventManager : Event: ======'machine_var_mpf_extended_version'====== Args={'value': 'Mission Pinball Framework v0.57.1.dev3, Config version:6, Show version: 6, BCP version:1.1', 'prev_value': None, 'change': True}
2024-10-15 16:41:35,520 : INFO : EventManager : Event: ======'machine_var_python_version'====== Args={'value': '3.9.13', 'prev_value': None, 'change': True}
2024-10-15 16:41:35,527 : INFO : EventManager : Event: ======'machine_var_platform'====== Args={'value': 'macOS-14.3-arm64-arm-64bit', 'prev_value': None, 'change': True}
2024-10-15 16:41:35,528 : INFO : EventManager : Event: ======'machine_var_platform_system'====== Args={'value': 'Darwin', 'prev_value': None, 'change': True}
2024-10-15 16:41:35,528 : INFO : EventManager : Event: ======'machine_var_platform_release'====== Args={'value': '23.3.0', 'prev_value': None, 'change': True}
2024-10-15 16:41:35,528 : INFO : EventManager : Event: ======'machine_var_platform_version'====== Args={'value': 'Darwin Kernel Version 23.3.0: Thu Dec 21 02:29:41 PST 2023; root:xnu-10002.81.5~11/RELEASE_ARM64_T8122', 'prev_value': None, 'change': True}
2024-10-15 16:41:35,528 : INFO : EventManager : Event: ======'machine_var_platform_machine'====== Args={'value': 'arm64', 'prev_value': None, 'change': True}
2024-10-15 16:41:35,528 : INFO : EventManager : Event: ======'init_phase_1'====== Args={}
2024-10-15 16:41:35,540 : INFO : EventManager : Event: ======'drop_target_bank_dt_single_up'====== Args={}
2024-10-15 16:41:35,540 : INFO : EventManager : Event: ======'drop_target_bank_mid_up'====== Args={}
2024-10-15 16:41:35,701 : WARNING : Machine : Iterating device collections directly is deprecated and will be removed. Access by value(): device_collections[switches] -> device_collections['switches'].values()
2024-10-15 16:41:35,701 : INFO : SwitchController : <<<<<<< 's_outlane_l' active >>>>>>>
2024-10-15 16:41:35,701 : INFO : SwitchController : <<<<<<< 's_drop_r' active >>>>>>>
2024-10-15 16:41:35,701 : INFO : SwitchController : <<<<<<< 's_drop_m' active >>>>>>>
2024-10-15 16:41:35,701 : INFO : SwitchController : <<<<<<< 's_drop_l' active >>>>>>>
2024-10-15 16:41:35,701 : INFO : SwitchController : <<<<<<< 's_drop_single' active >>>>>>>
2024-10-15 16:41:35,701 : INFO : SwitchController : <<<<<<< 's_vuk_back' active >>>>>>>
2024-10-15 16:41:35,702 : INFO : EventManager : Event: ======'init_phase_2'====== Args={}
2024-10-15 16:41:35,702 : INFO : SwitchController : Found active switch: (16, [FAST Platform Interface]) <switch.s_outlane_l>
2024-10-15 16:41:35,702 : INFO : SwitchController : Found active switch: (49, [FAST Platform Interface]) <switch.s_drop_r>
2024-10-15 16:41:35,702 : INFO : SwitchController : Found active switch: (50, [FAST Platform Interface]) <switch.s_drop_m>
2024-10-15 16:41:35,702 : INFO : SwitchController : Found active switch: (51, [FAST Platform Interface]) <switch.s_drop_l>
2024-10-15 16:41:35,702 : INFO : SwitchController : Found active switch: (57, [FAST Platform Interface]) <switch.s_drop_single>
2024-10-15 16:41:35,702 : INFO : SwitchController : Found active switch: (66, [FAST Platform Interface]) <switch.s_vuk_back>
2024-10-15 16:41:35,703 : INFO : ball_device.bd_middle_scoop : BCH: Initial count: 0
2024-10-15 16:41:35,703 : INFO : ball_device.bd_middle_scoop : State: idle
2024-10-15 16:41:35,704 : INFO : ball_device.bd_trough : BCH: Initial count: 0
2024-10-15 16:41:35,704 : INFO : ball_device.bd_trough : State: idle
2024-10-15 16:41:35,704 : INFO : ball_device.bd_autolauncher : BCH: Initial count: 0
2024-10-15 16:41:35,704 : INFO : ball_device.bd_autolauncher : State: idle
2024-10-15 16:41:35,704 : INFO : ball_device.bd_kicker_orbit : BCH: Initial count: 0
2024-10-15 16:41:35,704 : INFO : ball_device.bd_kicker_orbit : State: idle
2024-10-15 16:41:35,705 : INFO : ball_device.bd_lower_vuk : BCH: Initial count: 0
2024-10-15 16:41:35,705 : INFO : ball_device.bd_lower_vuk : State: idle
2024-10-15 16:41:36,203 : INFO : ball_device.bd_vuk_back : BCH: Initial count: 1
2024-10-15 16:41:36,203 : INFO : ball_device.bd_vuk_back : State: idle
2024-10-15 16:41:36,204 : INFO : ball_device.bd_vuk_upper : BCH: Initial count: 0
2024-10-15 16:41:36,205 : INFO : ball_device.bd_vuk_upper : State: idle
2024-10-15 16:41:36,206 : INFO : ball_device.bd_b_lock : BCH: Initial count: 0
2024-10-15 16:41:36,206 : INFO : ball_device.bd_b_lock : State: idle
2024-10-15 16:41:36,220 : INFO : EventManager : Event: ======'init_phase_3'====== Args={}
2024-10-15 16:41:36,220 : INFO : EventManager : Event: ======'init_phase_4'====== Args={}
2024-10-15 16:41:36,220 : INFO : EventManager : Event: ======'drop_target_d_drop_single_down'====== Args={'device': <drop_target.d_drop_single>}
2024-10-15 16:41:36,221 : INFO : EventManager : Event: ======'drop_target_bank_dt_single_down'====== Args={}
2024-10-15 16:41:36,221 : INFO : EventManager : Event: ======'drop_target_right_down'====== Args={'device': <drop_target.right>}
2024-10-15 16:41:36,221 : INFO : EventManager : Event: ======'drop_target_bank_mid_mixed'====== Args={'prev_value': <DropTargetBankState.UP: 'up'>, 'down': 1}
2024-10-15 16:41:36,221 : INFO : EventManager : Event: ======'drop_target_mid_down'====== Args={'device': <drop_target.mid>}
2024-10-15 16:41:36,221 : INFO : EventManager : Event: ======'drop_target_bank_mid_mixed'====== Args={'prev_value': <DropTargetBankState.MIXED: 'mixed'>, 'down': 2}
2024-10-15 16:41:36,221 : INFO : EventManager : Event: ======'drop_target_left_down'====== Args={'device': <drop_target.left>}
2024-10-15 16:41:36,221 : INFO : EventManager : Event: ======'drop_target_bank_mid_down'====== Args={}
2024-10-15 16:41:36,221 : INFO : BallController : Initial balls found: 1
2024-10-15 16:41:36,221 : INFO : EventManager : Event: ======'machine_var_audits_events_game_ended'====== Args={'value': 8, 'prev_value': None, 'change': True}
2024-10-15 16:41:36,222 : INFO : EventManager : Event: ======'machine_var_audits_events_game_started'====== Args={'value': 30, 'prev_value': None, 'change': True}
2024-10-15 16:41:36,222 : INFO : EventManager : Event: ======'machine_var_audits_missing_switches_s_b_rollover_interchange'====== Args={'value': 26, 'prev_value': None, 'change': True}
2024-10-15 16:41:36,222 : INFO : EventManager : Event: ======'machine_var_audits_missing_switches_s_b_rollover_loop'====== Args={'value': 1, 'prev_value': None, 'change': True}
2024-10-15 16:41:36,222 : INFO : EventManager : Event: ======'machine_var_audits_missing_switches_s_b_rollover_misc'====== Args={'value': 26, 'prev_value': None, 'change': True}
2024-10-15 16:41:36,222 : INFO : EventManager : Event: ======'machine_var_audits_missing_switches_s_b_target_left'====== Args={'value': 26, 'prev_value': None, 'change': True}
2024-10-15 16:41:36,222 : INFO : EventManager : Event: ======'machine_var_audits_missing_switches_s_b_target_right'====== Args={'value': 26, 'prev_value': None, 'change': True}
2024-10-15 16:41:36,222 : INFO : EventManager : Event: ======'machine_var_audits_missing_switches_s_bot'====== Args={'value': 30, 'prev_value': None, 'change': True}
2024-10-15 16:41:36,222 : INFO : EventManager : Event: ======'machine_var_audits_missing_switches_s_bot_mid'====== Args={'value': 13, 'prev_value': None, 'change': True}
2024-10-15 16:41:36,222 : INFO : EventManager : Event: ======'machine_var_audits_missing_switches_s_captive_l'====== Args={'value': 30, 'prev_value': None, 'change': True}
2024-10-15 16:41:36,222 : INFO : EventManager : Event: ======'machine_var_audits_missing_switches_s_captive_r'====== Args={'value': 30, 'prev_value': None, 'change': True}
2024-10-15 16:41:36,222 : INFO : EventManager : Event: ======'machine_var_audits_missing_switches_s_drop_l'====== Args={'value': 30, 'prev_value': None, 'change': True}
2024-10-15 16:41:36,222 : INFO : EventManager : Event: ======'machine_var_audits_missing_switches_s_drop_m'====== Args={'value': 28, 'prev_value': None, 'change': True}
2024-10-15 16:41:36,222 : INFO : EventManager : Event: ======'machine_var_audits_missing_switches_s_drop_r'====== Args={'value': 30, 'prev_value': None, 'change': True}
2024-10-15 16:41:36,222 : INFO : EventManager : Event: ======'machine_var_audits_missing_switches_s_drop_single'====== Args={'value': 30, 'prev_value': None, 'change': True}
2024-10-15 16:41:36,222 : INFO : EventManager : Event: ======'machine_var_audits_missing_switches_s_inlane_l'====== Args={'value': 28, 'prev_value': None, 'change': True}
2024-10-15 16:41:36,222 : INFO : EventManager : Event: ======'machine_var_audits_missing_switches_s_lock_1'====== Args={'value': 1, 'prev_value': None, 'change': True}
2024-10-15 16:41:36,222 : INFO : EventManager : Event: ======'machine_var_audits_missing_switches_s_lock_2'====== Args={'value': 1, 'prev_value': None, 'change': True}
2024-10-15 16:41:36,222 : INFO : EventManager : Event: ======'machine_var_audits_missing_switches_s_lock_3'====== Args={'value': 1, 'prev_value': None, 'change': True}
2024-10-15 16:41:36,222 : INFO : EventManager : Event: ======'machine_var_audits_missing_switches_s_lower_orbit'====== Args={'value': 13, 'prev_value': None, 'change': True}
2024-10-15 16:41:36,222 : INFO : EventManager : Event: ======'machine_var_audits_missing_switches_s_lower_single'====== Args={'value': 30, 'prev_value': None, 'change': True}
2024-10-15 16:41:36,222 : INFO : EventManager : Event: ======'machine_var_audits_missing_switches_s_lower_sling'====== Args={'value': 14, 'prev_value': None, 'change': True}
2024-10-15 16:41:36,222 : INFO : EventManager : Event: ======'machine_var_audits_missing_switches_s_lower_transfer'====== Args={'value': 12, 'prev_value': None, 'change': True}
2024-10-15 16:41:36,222 : INFO : EventManager : Event: ======'machine_var_audits_missing_switches_s_lower_vuk'====== Args={'value': 6, 'prev_value': None, 'change': True}
2024-10-15 16:41:36,222 : INFO : EventManager : Event: ======'machine_var_audits_missing_switches_s_middle_scoop'====== Args={'value': 6, 'prev_value': None, 'change': True}
2024-10-15 16:41:36,223 : INFO : EventManager : Event: ======'machine_var_audits_missing_switches_s_orbit_small_r'====== Args={'value': 2, 'prev_value': None, 'change': True}
2024-10-15 16:41:36,223 : INFO : EventManager : Event: ======'machine_var_audits_missing_switches_s_outlane_l'====== Args={'value': 30, 'prev_value': None, 'change': True}
2024-10-15 16:41:36,223 : INFO : EventManager : Event: ======'machine_var_audits_missing_switches_s_outlane_r'====== Args={'value': 30, 'prev_value': None, 'change': True}
2024-10-15 16:41:36,223 : INFO : EventManager : Event: ======'machine_var_audits_missing_switches_s_scissor_save'====== Args={'value': 12, 'prev_value': None, 'change': True}
2024-10-15 16:41:36,223 : INFO : EventManager : Event: ======'machine_var_audits_missing_switches_s_sling_l'====== Args={'value': 6, 'prev_value': None, 'change': True}
2024-10-15 16:41:36,223 : INFO : EventManager : Event: ======'machine_var_audits_missing_switches_s_stationary_m'====== Args={'value': 2, 'prev_value': None, 'change': True}
2024-10-15 16:41:36,223 : INFO : EventManager : Event: ======'machine_var_audits_missing_switches_s_tilt'====== Args={'value': 30, 'prev_value': None, 'change': True}
2024-10-15 16:41:36,223 : INFO : EventManager : Event: ======'machine_var_audits_missing_switches_s_top'====== Args={'value': 13, 'prev_value': None, 'change': True}
2024-10-15 16:41:36,223 : INFO : EventManager : Event: ======'machine_var_audits_missing_switches_s_top_mid'====== Args={'value': 30, 'prev_value': None, 'change': True}
2024-10-15 16:41:36,223 : INFO : EventManager : Event: ======'machine_var_audits_missing_switches_s_u_lane_l'====== Args={'value': 26, 'prev_value': None, 'change': True}
2024-10-15 16:41:36,223 : INFO : EventManager : Event: ======'machine_var_audits_missing_switches_s_u_lane_r'====== Args={'value': 26, 'prev_value': None, 'change': True}
2024-10-15 16:41:36,223 : INFO : EventManager : Event: ======'machine_var_audits_missing_switches_s_u_rollover'====== Args={'value': 26, 'prev_value': None, 'change': True}
2024-10-15 16:41:36,223 : INFO : EventManager : Event: ======'machine_var_audits_missing_switches_s_u_target'====== Args={'value': 26, 'prev_value': None, 'change': True}
2024-10-15 16:41:36,223 : INFO : EventManager : Event: ======'machine_var_audits_player_score'====== Args={'value': {'average': 0, 'top': [0, 0, 0, 0, 0, 0, 0, 0], 'total': 8}, 'prev_value': None, 'change': True}
2024-10-15 16:41:36,223 : INFO : EventManager : Event: ======'machine_var_audits_switches_s_autolauncher'====== Args={'value': 98, 'prev_value': None, 'change': True}
2024-10-15 16:41:36,223 : INFO : EventManager : Event: ======'machine_var_audits_switches_s_b_eos'====== Args={'value': 504, 'prev_value': None, 'change': True}
2024-10-15 16:41:36,224 : INFO : EventManager : Event: ======'machine_var_audits_switches_s_b_pop'====== Args={'value': 106, 'prev_value': None, 'change': True}
2024-10-15 16:41:36,224 : INFO : EventManager : Event: ======'machine_var_audits_switches_s_b_rollover_interchange'====== Args={'value': 0, 'prev_value': None, 'change': True}
2024-10-15 16:41:36,224 : INFO : EventManager : Event: ======'machine_var_audits_switches_s_b_rollover_loop'====== Args={'value': 4, 'prev_value': None, 'change': True}
2024-10-15 16:41:36,224 : INFO : EventManager : Event: ======'machine_var_audits_switches_s_b_rollover_misc'====== Args={'value': 0, 'prev_value': None, 'change': True}
2024-10-15 16:41:36,224 : INFO : EventManager : Event: ======'machine_var_audits_switches_s_b_target_left'====== Args={'value': 0, 'prev_value': None, 'change': True}
2024-10-15 16:41:36,224 : INFO : EventManager : Event: ======'machine_var_audits_switches_s_b_target_right'====== Args={'value': 0, 'prev_value': None, 'change': True}
2024-10-15 16:41:36,224 : INFO : EventManager : Event: ======'machine_var_audits_switches_s_bot'====== Args={'value': 0, 'prev_value': None, 'change': True}
2024-10-15 16:41:36,224 : INFO : EventManager : Event: ======'machine_var_audits_switches_s_bot_mid'====== Args={'value': 2, 'prev_value': None, 'change': True}
2024-10-15 16:41:36,224 : INFO : EventManager : Event: ======'machine_var_audits_switches_s_captive_l'====== Args={'value': 0, 'prev_value': None, 'change': True}
2024-10-15 16:41:36,224 : INFO : EventManager : Event: ======'machine_var_audits_switches_s_captive_r'====== Args={'value': 0, 'prev_value': None, 'change': True}
2024-10-15 16:41:36,224 : INFO : EventManager : Event: ======'machine_var_audits_switches_s_drop_l'====== Args={'value': 0, 'prev_value': None, 'change': True}
2024-10-15 16:41:36,224 : INFO : EventManager : Event: ======'machine_var_audits_switches_s_drop_m'====== Args={'value': 1, 'prev_value': None, 'change': True}
2024-10-15 16:41:36,224 : INFO : EventManager : Event: ======'machine_var_audits_switches_s_drop_r'====== Args={'value': 0, 'prev_value': None, 'change': True}
2024-10-15 16:41:36,225 : INFO : EventManager : Event: ======'machine_var_audits_switches_s_drop_single'====== Args={'value': 0, 'prev_value': None, 'change': True}
2024-10-15 16:41:36,225 : INFO : EventManager : Event: ======'machine_var_audits_switches_s_flipper_but_l_1'====== Args={'value': 314, 'prev_value': None, 'change': True}
2024-10-15 16:41:36,225 : INFO : EventManager : Event: ======'machine_var_audits_switches_s_flipper_but_l_2'====== Args={'value': 295, 'prev_value': None, 'change': True}
2024-10-15 16:41:36,225 : INFO : EventManager : Event: ======'machine_var_audits_switches_s_flipper_but_r_1'====== Args={'value': 638, 'prev_value': None, 'change': True}
2024-10-15 16:41:36,225 : INFO : EventManager : Event: ======'machine_var_audits_switches_s_flipper_but_r_2'====== Args={'value': 633, 'prev_value': None, 'change': True}
2024-10-15 16:41:36,225 : INFO : EventManager : Event: ======'machine_var_audits_switches_s_flipper_l'====== Args={'value': 289, 'prev_value': None, 'change': True}
2024-10-15 16:41:36,225 : INFO : EventManager : Event: ======'machine_var_audits_switches_s_flipper_r'====== Args={'value': 1356, 'prev_value': None, 'change': True}
2024-10-15 16:41:36,225 : INFO : EventManager : Event: ======'machine_var_audits_switches_s_flipper_upper_l'====== Args={'value': 264, 'prev_value': None, 'change': True}
2024-10-15 16:41:36,225 : INFO : EventManager : Event: ======'machine_var_audits_switches_s_inlane_l'====== Args={'value': 1, 'prev_value': None, 'change': True}
2024-10-15 16:41:36,225 : INFO : EventManager : Event: ======'machine_var_audits_switches_s_inlane_r'====== Args={'value': 62, 'prev_value': None, 'change': True}
2024-10-15 16:41:36,225 : INFO : EventManager : Event: ======'machine_var_audits_switches_s_kicker_orbit'====== Args={'value': 167, 'prev_value': None, 'change': True}
2024-10-15 16:41:36,226 : INFO : EventManager : Event: ======'machine_var_audits_switches_s_kicking_target'====== Args={'value': 529, 'prev_value': None, 'change': True}
2024-10-15 16:41:36,226 : INFO : EventManager : Event: ======'machine_var_audits_switches_s_launch'====== Args={'value': 102, 'prev_value': None, 'change': True}
2024-10-15 16:41:36,226 : INFO : EventManager : Event: ======'machine_var_audits_switches_s_lock_1'====== Args={'value': 10, 'prev_value': None, 'change': True}
2024-10-15 16:41:36,226 : INFO : EventManager : Event: ======'machine_var_audits_switches_s_lock_2'====== Args={'value': 4, 'prev_value': None, 'change': True}
2024-10-15 16:41:36,226 : INFO : EventManager : Event: ======'machine_var_audits_switches_s_lock_3'====== Args={'value': 4, 'prev_value': None, 'change': True}
2024-10-15 16:41:36,226 : INFO : EventManager : Event: ======'machine_var_audits_switches_s_lower_orbit'====== Args={'value': 4, 'prev_value': None, 'change': True}
2024-10-15 16:41:36,226 : INFO : EventManager : Event: ======'machine_var_audits_switches_s_lower_single'====== Args={'value': 0, 'prev_value': None, 'change': True}
2024-10-15 16:41:36,226 : INFO : EventManager : Event: ======'machine_var_audits_switches_s_lower_sling'====== Args={'value': 2, 'prev_value': None, 'change': True}
2024-10-15 16:41:36,226 : INFO : EventManager : Event: ======'machine_var_audits_switches_s_lower_transfer'====== Args={'value': 2, 'prev_value': None, 'change': True}
2024-10-15 16:41:36,226 : INFO : EventManager : Event: ======'machine_var_audits_switches_s_lower_vuk'====== Args={'value': 12, 'prev_value': None, 'change': True}
2024-10-15 16:41:36,227 : INFO : EventManager : Event: ======'machine_var_audits_switches_s_middle_scoop'====== Args={'value': 10, 'prev_value': None, 'change': True}
2024-10-15 16:41:36,227 : INFO : EventManager : Event: ======'machine_var_audits_switches_s_orbit_small_l'====== Args={'value': 33, 'prev_value': None, 'change': True}
2024-10-15 16:41:36,227 : INFO : EventManager : Event: ======'machine_var_audits_switches_s_orbit_small_r'====== Args={'value': 193, 'prev_value': None, 'change': True}
2024-10-15 16:41:36,227 : INFO : EventManager : Event: ======'machine_var_audits_switches_s_outlane_l'====== Args={'value': 0, 'prev_value': None, 'change': True}
2024-10-15 16:41:36,227 : INFO : EventManager : Event: ======'machine_var_audits_switches_s_outlane_r'====== Args={'value': 0, 'prev_value': None, 'change': True}
2024-10-15 16:41:36,227 : INFO : EventManager : Event: ======'machine_var_audits_switches_s_pop'====== Args={'value': 72, 'prev_value': None, 'change': True}
2024-10-15 16:41:36,227 : INFO : EventManager : Event: ======'machine_var_audits_switches_s_scissor_save'====== Args={'value': 2, 'prev_value': None, 'change': True}
2024-10-15 16:41:36,228 : INFO : EventManager : Event: ======'machine_var_audits_switches_s_sling_l'====== Args={'value': 13, 'prev_value': None, 'change': True}
2024-10-15 16:41:36,228 : INFO : EventManager : Event: ======'machine_var_audits_switches_s_start'====== Args={'value': 4, 'prev_value': None, 'change': True}
2024-10-15 16:41:36,228 : INFO : EventManager : Event: ======'machine_var_audits_switches_s_stationary_l'====== Args={'value': 90, 'prev_value': None, 'change': True}
2024-10-15 16:41:36,228 : INFO : EventManager : Event: ======'machine_var_audits_switches_s_stationary_m'====== Args={'value': 20, 'prev_value': None, 'change': True}
2024-10-15 16:41:36,228 : INFO : EventManager : Event: ======'machine_var_audits_switches_s_stationary_r'====== Args={'value': 25, 'prev_value': None, 'change': True}
2024-10-15 16:41:36,228 : INFO : EventManager : Event: ======'machine_var_audits_switches_s_subway'====== Args={'value': 162, 'prev_value': None, 'change': True}
2024-10-15 16:41:36,228 : INFO : EventManager : Event: ======'machine_var_audits_switches_s_tilt'====== Args={'value': 0, 'prev_value': None, 'change': True}
2024-10-15 16:41:36,229 : INFO : EventManager : Event: ======'machine_var_audits_switches_s_top'====== Args={'value': 4, 'prev_value': None, 'change': True}
2024-10-15 16:41:36,229 : INFO : EventManager : Event: ======'machine_var_audits_switches_s_top_mid'====== Args={'value': 0, 'prev_value': None, 'change': True}
2024-10-15 16:41:36,229 : INFO : EventManager : Event: ======'machine_var_audits_switches_s_trough_1'====== Args={'value': 84, 'prev_value': None, 'change': True}
2024-10-15 16:41:36,229 : INFO : EventManager : Event: ======'machine_var_audits_switches_s_trough_2'====== Args={'value': 46, 'prev_value': None, 'change': True}
2024-10-15 16:41:36,229 : INFO : EventManager : Event: ======'machine_var_audits_switches_s_trough_3'====== Args={'value': 49, 'prev_value': None, 'change': True}
2024-10-15 16:41:36,229 : INFO : EventManager : Event: ======'machine_var_audits_switches_s_trough_4'====== Args={'value': 111, 'prev_value': None, 'change': True}
2024-10-15 16:41:36,229 : INFO : EventManager : Event: ======'machine_var_audits_switches_s_trough_5'====== Args={'value': 41, 'prev_value': None, 'change': True}
2024-10-15 16:41:36,229 : INFO : EventManager : Event: ======'machine_var_audits_switches_s_trough_6'====== Args={'value': 92, 'prev_value': None, 'change': True}
2024-10-15 16:41:36,229 : INFO : EventManager : Event: ======'machine_var_audits_switches_s_trough_jam'====== Args={'value': 61, 'prev_value': None, 'change': True}
2024-10-15 16:41:36,230 : INFO : EventManager : Event: ======'machine_var_audits_switches_s_u_lane_l'====== Args={'value': 0, 'prev_value': None, 'change': True}
2024-10-15 16:41:36,230 : INFO : EventManager : Event: ======'machine_var_audits_switches_s_u_lane_r'====== Args={'value': 0, 'prev_value': None, 'change': True}
2024-10-15 16:41:36,230 : INFO : EventManager : Event: ======'machine_var_audits_switches_s_u_rollover'====== Args={'value': 0, 'prev_value': None, 'change': True}
2024-10-15 16:41:36,230 : INFO : EventManager : Event: ======'machine_var_audits_switches_s_u_target'====== Args={'value': 0, 'prev_value': None, 'change': True}
2024-10-15 16:41:36,230 : INFO : EventManager : Event: ======'machine_var_audits_switches_s_vuk_back'====== Args={'value': 44, 'prev_value': None, 'change': True}
2024-10-15 16:41:36,230 : INFO : EventManager : Event: ======'machine_var_audits_switches_s_vuk_upper'====== Args={'value': 57, 'prev_value': None, 'change': True}
2024-10-15 16:41:36,231 : INFO : EventManager : Event: ======'init_phase_5'====== Args={}
2024-10-15 16:41:36,231 : INFO : EventManager : Event: ======'init_done'====== Args={}
2024-10-15 16:41:36,231 : INFO : EventManager : Event: ======'machine_reset_phase_1'====== Args={}
2024-10-15 16:41:36,235 : INFO : EventManager : Event: ======'machine_reset_phase_2'====== Args={}
2024-10-15 16:41:36,235 : INFO : EventManager : Event: ======'machine_reset_phase_3'====== Args={}
2024-10-15 16:41:36,235 : INFO : EventManager : Event: ======'reset_complete'====== Args={}
2024-10-15 16:41:36,235 : INFO : EventManager : Event: ======'mode_attract_will_start'====== Args={}
2024-10-15 16:41:36,235 : INFO : EventManager : Event: ======'mode_attract_starting'====== Args={}
2024-10-15 16:41:36,235 : INFO : Mode.attract : Started. Priority: 10
2024-10-15 16:41:36,235 : INFO : EventManager : Event: ======'modes_active_modes_changed'====== Args={}
2024-10-15 16:41:36,235 : INFO : EventManager : Event: ======'mode_attract_started'====== Args={}
2024-10-15 16:41:36,235 : INFO : EventManager : Event: ======'collecting_balls'====== Args={}
2024-10-15 16:41:36,235 : INFO : ball_device.bd_vuk_back : Adding 1 ball(s) to the eject_queue with target <playfield.playfield>.
2024-10-15 16:41:36,235 : INFO : EventManager : Event: ======'balldevice_balls_available'====== Args={}
2024-10-15 16:41:36,235 : INFO : Machine : Starting the main run loop.
2024-10-15 16:41:36,236 : INFO : ball_device.bd_vuk_back : State: waiting_for_target_ready
2024-10-15 16:41:36,236 : INFO : EventManager : Event: ======'balldevice_bd_vuk_back_ball_eject_attempt'====== Args={'balls': 1, 'target': <playfield.playfield>, 'source': <ball_device.bd_vuk_back>, 'mechanical_eject': False, 'num_attempts': 0}
2024-10-15 16:41:36,236 : INFO : ball_device.bd_vuk_back : State: ejecting
2024-10-15 16:41:36,236 : INFO : ball_device.bd_vuk_back : Ejecting ball to <playfield.playfield>
2024-10-15 16:41:36,236 : INFO : EventManager : Event: ======'balldevice_bd_vuk_back_ejecting_ball'====== Args={'balls': 1, 'target': <playfield.playfield>, 'source': <ball_device.bd_vuk_back>, 'mechanical_eject': False, 'num_attempts': 0}
2024-10-15 16:41:36,236 : INFO : ball_device.bd_vuk_back : Wait for ball to leave device
2024-10-15 16:41:36,236 : INFO : coil.c_vuk_back : Pulsing Driver for 30ms (1.0 pulse_power)
2024-10-15 16:41:36,303 : INFO : SwitchController : <<<<<<< 's_vuk_back' inactive >>>>>>>
2024-10-15 16:41:36,303 : INFO : ball_device.bd_vuk_back : State: ball_left
2024-10-15 16:41:36,303 : INFO : ball_device.bd_vuk_back : Ball left
2024-10-15 16:41:36,304 : INFO : ball_device.bd_vuk_back : Wait for confirm with timeout 2.0
2024-10-15 16:41:36,641 : INFO : SwitchController : <<<<<<< 's_vuk_back' active >>>>>>>
2024-10-15 16:41:38,305 : INFO : ball_device.bd_vuk_back : State: failed_confirm
2024-10-15 16:41:38,305 : INFO : ball_device.bd_vuk_back : Got timeout (2.0s) before confirm from <playfield.playfield>
2024-10-15 16:41:38,407 : INFO : ball_device.bd_vuk_back : Got unknown balls. Assuming a ball returned.
2024-10-15 16:41:38,407 : INFO : EventManager : Event: ======'balldevice_bd_vuk_back_ball_eject_failed'====== Args={'target': <playfield.playfield>, 'balls': 1, 'retry': True, 'num_attempts': 1}
2024-10-15 16:41:38,408 : INFO : ball_device.bd_vuk_back : State: waiting_for_target_ready
2024-10-15 16:41:38,409 : INFO : EventManager : Event: ======'balldevice_bd_vuk_back_ball_eject_attempt'====== Args={'balls': 1, 'target': <playfield.playfield>, 'source': <ball_device.bd_vuk_back>, 'mechanical_eject': False, 'num_attempts': 1}
2024-10-15 16:41:38,409 : INFO : ball_device.bd_vuk_back : State: ejecting
2024-10-15 16:41:38,409 : INFO : ball_device.bd_vuk_back : Ejecting ball to <playfield.playfield>
2024-10-15 16:41:38,409 : INFO : EventManager : Event: ======'balldevice_bd_vuk_back_ejecting_ball'====== Args={'balls': 1, 'target': <playfield.playfield>, 'source': <ball_device.bd_vuk_back>, 'mechanical_eject': False, 'num_attempts': 1}
2024-10-15 16:41:38,410 : INFO : ball_device.bd_vuk_back : Wait for ball to leave device
2024-10-15 16:41:38,410 : INFO : coil.c_vuk_back : Pulsing Driver for 30ms (1.0 pulse_power)
2024-10-15 16:41:38,477 : INFO : SwitchController : <<<<<<< 's_vuk_back' inactive >>>>>>>
2024-10-15 16:41:38,478 : INFO : ball_device.bd_vuk_back : State: ball_left
2024-10-15 16:41:38,479 : INFO : ball_device.bd_vuk_back : Ball left
2024-10-15 16:41:38,479 : INFO : ball_device.bd_vuk_back : Wait for confirm with timeout 2.0
2024-10-15 16:41:38,788 : INFO : SwitchController : <<<<<<< 's_vuk_back' active >>>>>>>
2024-10-15 16:41:40,480 : INFO : ball_device.bd_vuk_back : State: failed_confirm
2024-10-15 16:41:40,481 : INFO : ball_device.bd_vuk_back : Got timeout (2.0s) before confirm from <playfield.playfield>
2024-10-15 16:41:40,583 : INFO : ball_device.bd_vuk_back : Got unknown balls. Assuming a ball returned.
2024-10-15 16:41:40,583 : INFO : EventManager : Event: ======'balldevice_bd_vuk_back_ball_eject_failed'====== Args={'target': <playfield.playfield>, 'balls': 1, 'retry': True, 'num_attempts': 2}
2024-10-15 16:41:40,584 : INFO : ball_device.bd_vuk_back : State: waiting_for_target_ready
2024-10-15 16:41:40,585 : INFO : EventManager : Event: ======'balldevice_bd_vuk_back_ball_eject_attempt'====== Args={'balls': 1, 'target': <playfield.playfield>, 'source': <ball_device.bd_vuk_back>, 'mechanical_eject': False, 'num_attempts': 2}
2024-10-15 16:41:40,585 : INFO : ball_device.bd_vuk_back : State: ejecting
2024-10-15 16:41:40,585 : INFO : ball_device.bd_vuk_back : Ejecting ball to <playfield.playfield>
2024-10-15 16:41:40,585 : INFO : EventManager : Event: ======'balldevice_bd_vuk_back_ejecting_ball'====== Args={'balls': 1, 'target': <playfield.playfield>, 'source': <ball_device.bd_vuk_back>, 'mechanical_eject': False, 'num_attempts': 2}
2024-10-15 16:41:40,586 : INFO : ball_device.bd_vuk_back : Wait for ball to leave device
2024-10-15 16:41:40,586 : INFO : coil.c_vuk_back : Pulsing Driver for 30ms (1.0 pulse_power)
2024-10-15 16:41:40,654 : INFO : SwitchController : <<<<<<< 's_vuk_back' inactive >>>>>>>
2024-10-15 16:41:40,655 : INFO : ball_device.bd_vuk_back : State: ball_left
2024-10-15 16:41:40,655 : INFO : ball_device.bd_vuk_back : Ball left
2024-10-15 16:41:40,655 : INFO : ball_device.bd_vuk_back : Wait for confirm with timeout 2.0
2024-10-15 16:41:41,019 : INFO : SwitchController : <<<<<<< 's_vuk_back' active >>>>>>>
2024-10-15 16:41:41,351 : INFO : SwitchController : <<<<<<< 's_flipper_but_r_1' active >>>>>>>
2024-10-15 16:41:41,424 : INFO : SwitchController : <<<<<<< 's_flipper_but_r_1' inactive >>>>>>>
2024-10-15 16:41:42,657 : INFO : ball_device.bd_vuk_back : State: failed_confirm
2024-10-15 16:41:42,657 : INFO : ball_device.bd_vuk_back : Got timeout (2.0s) before confirm from <playfield.playfield>
2024-10-15 16:41:42,759 : INFO : ball_device.bd_vuk_back : Got unknown balls. Assuming a ball returned.
2024-10-15 16:41:42,760 : INFO : EventManager : Event: ======'balldevice_bd_vuk_back_ball_eject_failed'====== Args={'target': <playfield.playfield>, 'balls': 1, 'retry': True, 'num_attempts': 3}
2024-10-15 16:41:42,761 : INFO : ball_device.bd_vuk_back : State: waiting_for_target_ready
2024-10-15 16:41:42,761 : INFO : EventManager : Event: ======'balldevice_bd_vuk_back_ball_eject_attempt'====== Args={'balls': 1, 'target': <playfield.playfield>, 'source': <ball_device.bd_vuk_back>, 'mechanical_eject': False, 'num_attempts': 3}
2024-10-15 16:41:42,761 : INFO : ball_device.bd_vuk_back : State: ejecting
2024-10-15 16:41:42,762 : INFO : ball_device.bd_vuk_back : Ejecting ball to <playfield.playfield>
2024-10-15 16:41:42,762 : INFO : EventManager : Event: ======'balldevice_bd_vuk_back_ejecting_ball'====== Args={'balls': 1, 'target': <playfield.playfield>, 'source': <ball_device.bd_vuk_back>, 'mechanical_eject': False, 'num_attempts': 3}
2024-10-15 16:41:42,762 : INFO : ball_device.bd_vuk_back : Wait for ball to leave device
2024-10-15 16:41:42,763 : INFO : coil.c_vuk_back : Pulsing Driver for 30ms (1.0 pulse_power)
2024-10-15 16:41:42,833 : INFO : SwitchController : <<<<<<< 's_vuk_back' inactive >>>>>>>
2024-10-15 16:41:42,834 : INFO : ball_device.bd_vuk_back : State: ball_left
2024-10-15 16:41:42,834 : INFO : ball_device.bd_vuk_back : Ball left
2024-10-15 16:41:42,834 : INFO : ball_device.bd_vuk_back : Wait for confirm with timeout 2.0
2024-10-15 16:41:44,046 : INFO : SwitchController : <<<<<<< 's_vuk_back' active >>>>>>>
2024-10-15 16:41:44,835 : INFO : ball_device.bd_vuk_back : State: failed_confirm
2024-10-15 16:41:44,835 : INFO : ball_device.bd_vuk_back : Got timeout (2.0s) before confirm from <playfield.playfield>
2024-10-15 16:41:44,937 : INFO : ball_device.bd_vuk_back : Got unknown balls. Assuming a ball returned.
2024-10-15 16:41:44,938 : INFO : EventManager : Event: ======'balldevice_bd_vuk_back_ball_eject_failed'====== Args={'target': <playfield.playfield>, 'balls': 1, 'retry': True, 'num_attempts': 4}
2024-10-15 16:41:44,939 : INFO : ball_device.bd_vuk_back : State: waiting_for_target_ready
2024-10-15 16:41:44,939 : INFO : EventManager : Event: ======'balldevice_bd_vuk_back_ball_eject_attempt'====== Args={'balls': 1, 'target': <playfield.playfield>, 'source': <ball_device.bd_vuk_back>, 'mechanical_eject': False, 'num_attempts': 4}
2024-10-15 16:41:44,939 : INFO : ball_device.bd_vuk_back : State: ejecting
2024-10-15 16:41:44,939 : INFO : ball_device.bd_vuk_back : Ejecting ball to <playfield.playfield>
2024-10-15 16:41:44,939 : INFO : EventManager : Event: ======'balldevice_bd_vuk_back_ejecting_ball'====== Args={'balls': 1, 'target': <playfield.playfield>, 'source': <ball_device.bd_vuk_back>, 'mechanical_eject': False, 'num_attempts': 4}
2024-10-15 16:41:44,940 : INFO : ball_device.bd_vuk_back : Wait for ball to leave device
2024-10-15 16:41:44,940 : INFO : coil.c_vuk_back : Pulsing Driver for 30ms (1.0 pulse_power)
2024-10-15 16:41:45,006 : INFO : SwitchController : <<<<<<< 's_vuk_back' inactive >>>>>>>
2024-10-15 16:41:45,007 : INFO : ball_device.bd_vuk_back : State: ball_left
2024-10-15 16:41:45,007 : INFO : ball_device.bd_vuk_back : Ball left
2024-10-15 16:41:45,007 : INFO : ball_device.bd_vuk_back : Wait for confirm with timeout 2.0
2024-10-15 16:41:45,415 : INFO : SwitchController : <<<<<<< 's_inlane_r' active >>>>>>>
2024-10-15 16:41:45,477 : INFO : SwitchController : <<<<<<< 's_inlane_r' inactive >>>>>>>
2024-10-15 16:41:46,222 : INFO : drop_target_bank.dt_single : 1 targets are down. Will reset those.
2024-10-15 16:41:46,222 : INFO : coil.c_drop_single : Pulsing Driver for 15ms (1.0 pulse_power)
2024-10-15 16:41:46,247 : INFO : SwitchController : <<<<<<< 's_drop_single' inactive >>>>>>>
2024-10-15 16:41:46,298 : INFO : SwitchController : <<<<<<< 's_drop_single' active >>>>>>>
2024-10-15 16:41:47,009 : INFO : ball_device.bd_vuk_back : State: failed_confirm
2024-10-15 16:41:47,009 : INFO : ball_device.bd_vuk_back : Got timeout (2.0s) before confirm from <playfield.playfield>
2024-10-15 16:41:47,111 : INFO : ball_device.bd_vuk_back : Confirming eject because target is playfield and ball did not return.
2024-10-15 16:41:47,111 : INFO : ball_device.bd_vuk_back : Eject successful
2024-10-15 16:41:47,111 : INFO : EventManager : Event: ======'balldevice_bd_vuk_back_ball_eject_success'====== Args={'balls': 1, 'target': <playfield.playfield>}
2024-10-15 16:41:47,112 : INFO : EventManager : Event: ======'balldevice_playfield_ball_enter'====== Args={'new_balls': 1, 'unclaimed_balls': 1, 'device': <playfield.playfield>}
2024-10-15 16:41:47,112 : INFO : EventManager : Event: ======'playfield_ball_count_change'====== Args={'balls': 1, 'change': 1}
2024-10-15 16:41:47,113 : INFO : EventManager : Event: ======'balldevice_bd_vuk_back_ball_count_changed'====== Args={'balls': 0}
2024-10-15 16:41:47,113 : INFO : ball_device.bd_vuk_back : State: idle
2024-10-15 16:41:47,403 : INFO : SwitchController : <<<<<<< 's_inlane_r' active >>>>>>>
2024-10-15 16:41:47,435 : INFO : SwitchController : <<<<<<< 's_inlane_r' inactive >>>>>>>
2024-10-15 16:41:49,166 : INFO : SwitchController : <<<<<<< 's_trough_6' active >>>>>>>
2024-10-15 16:41:49,176 : INFO : SwitchController : <<<<<<< 's_trough_6' inactive >>>>>>>
2024-10-15 16:41:49,241 : INFO : SwitchController : <<<<<<< 's_trough_4' active >>>>>>>
2024-10-15 16:41:49,247 : INFO : SwitchController : <<<<<<< 's_trough_6' active >>>>>>>
2024-10-15 16:41:49,259 : INFO : SwitchController : <<<<<<< 's_trough_4' inactive >>>>>>>
2024-10-15 16:41:49,350 : INFO : SwitchController : <<<<<<< 's_trough_6' inactive >>>>>>>
2024-10-15 16:41:49,401 : INFO : SwitchController : <<<<<<< 's_trough_5' active >>>>>>>
2024-10-15 16:41:49,474 : INFO : SwitchController : <<<<<<< 's_trough_5' inactive >>>>>>>
2024-10-15 16:41:49,519 : INFO : SwitchController : <<<<<<< 's_trough_4' active >>>>>>>
2024-10-15 16:41:49,578 : INFO : SwitchController : <<<<<<< 's_trough_4' inactive >>>>>>>
2024-10-15 16:41:49,614 : INFO : SwitchController : <<<<<<< 's_trough_3' active >>>>>>>
2024-10-15 16:41:49,675 : INFO : SwitchController : <<<<<<< 's_trough_3' inactive >>>>>>>
2024-10-15 16:41:49,710 : INFO : SwitchController : <<<<<<< 's_trough_2' active >>>>>>>
2024-10-15 16:41:49,759 : INFO : SwitchController : <<<<<<< 's_trough_2' inactive >>>>>>>
2024-10-15 16:41:49,777 : INFO : SwitchController : <<<<<<< 's_trough_1' active >>>>>>>
2024-10-15 16:41:49,876 : INFO : SwitchController : <<<<<<< 's_trough_1' inactive >>>>>>>
2024-10-15 16:41:49,932 : INFO : SwitchController : <<<<<<< 's_trough_4' active >>>>>>>
2024-10-15 16:41:49,951 : INFO : SwitchController : <<<<<<< 's_trough_4' inactive >>>>>>>
2024-10-15 16:41:50,183 : INFO : SwitchController : <<<<<<< 's_trough_1' active >>>>>>>
2024-10-15 16:41:50,685 : INFO : EventManager : Event: ======'balldevice_bd_trough_ball_count_changed'====== Args={'balls': 1}
2024-10-15 16:41:50,685 : INFO : ball_device.bd_trough : Received unexpected ball
2024-10-15 16:41:50,685 : INFO : EventManager : Event: ======'balldevice_captured_from_playfield'====== Args={'balls': 1}
2024-10-15 16:41:50,686 : INFO : EventManager : Event: ======'sw_playfield_active'====== Args={'balls': 1}
2024-10-15 16:41:50,686 : INFO : EventManager : Event: ======'playfield_ball_count_change'====== Args={'balls': 0, 'change': -1}
2024-10-15 16:41:50,687 : INFO : EventManager : Event: ======'balldevice_bd_trough_ball_enter'====== Args={'new_balls': 1, 'unclaimed_balls': 1, 'new_available_balls': 1, 'device': <ball_device.bd_trough>}
2024-10-15 16:41:50,687 : INFO : EventManager : Event: ======'ball_drain'====== Args={'device': <ball_device.bd_trough>, 'balls': 1}
2024-10-15 16:41:50,688 : INFO : EventManager : Event: ======'collecting_balls_complete'====== Args={}
2024-10-15 16:41:50,688 : INFO : EventManager : Event: ======'balldevice_balls_available'====== Args={}
2024-10-15 16:41:50,688 : INFO : EventManager : Event: ======'balldevice_bd_trough_ball_entered'====== Args={'new_balls': 1, 'device': <ball_device.bd_trough>}
2024-10-15 16:41:52,419 : INFO : Machine : Shutting down...
2024-10-15 16:41:52,420 : INFO : EventManager : Event: ======'shutdown'====== Args={}
2024-10-15 16:41:52,528 : INFO : root : MPF run loop ended.
