2024-10-14 08:43:38,278 : INFO : root : Loading config.
2024-10-14 08:43:38,280 : INFO : YamlMultifileConfigLoader : Machine config file #1: config.yaml
2024-10-14 08:43:38,280 : WARNING : ConfigProcessor : Config file in cache changed: /Users/tannerpetch/Documents/GitHub/trashland_4/config/config.yaml
2024-10-14 08:43:38,280 : INFO : ConfigProcessor : Loading config from file /Library/Frameworks/Python.framework/Versions/3.9/lib/python3.9/site-packages/mpf/mpfconfig.yaml.
2024-10-14 08:43:38,285 : INFO : ConfigProcessor : Loading config: /Library/Frameworks/Python.framework/Versions/3.9/lib/python3.9/site-packages/mpf/mpfconfig.yaml
2024-10-14 08:43:38,285 : INFO : ConfigProcessor : Loading config from file /Users/tannerpetch/Documents/GitHub/trashland_4/config/config.yaml.
2024-10-14 08:43:38,287 : INFO : ConfigProcessor : Loading config: /Users/tannerpetch/Documents/GitHub/trashland_4/config/config.yaml
2024-10-14 08:43:38,287 : INFO : ConfigProcessor : Config file cache created: /var/folders/l2/q8hj_6s91xnb2jxg1sqm0h7r0000gn/T/fb4db0341b09a4be02e1d6b8eab00179.mpf_cache
2024-10-14 08:43:38,301 : INFO : ConfigProcessor : Loading config from cache: /var/folders/l2/q8hj_6s91xnb2jxg1sqm0h7r0000gn/T/c7af4841f7c2cabb0f971746daddf284.mpf_cache
2024-10-14 08:43:38,301 : INFO : ConfigProcessor : Loading config from cache: /var/folders/l2/q8hj_6s91xnb2jxg1sqm0h7r0000gn/T/edcc5f1d3215b377c9faab88c62e4ce0.mpf_cache
2024-10-14 08:43:38,301 : INFO : Machine : Mission Pinball Framework Core Engine v0.57.1.dev3
2024-10-14 08:43:38,301 : INFO : Machine : Command line arguments: {'no_load_cache': False, 'create_config_cache': True, 'bcp': False, 'configfile': ['config.yaml'], 'force_assets_load': False, 'platform_integration_test': False, 'jsonlogging': False, 'logfile': 'logs/2024-10-14-08-43-38-mpf-Tanners-Laptop.local.log', 'pause': False, 'production': False, 'text_ui': True, 'loglevel': 15, 'consoleloglevel': 20, 'force_platform': None, 'syslog_address': None, 'mc_file_name': None, 'no_sound': False}
2024-10-14 08:43:38,301 : INFO : Machine : MPF path: /Library/Frameworks/Python.framework/Versions/3.9/lib/python3.9/site-packages/mpf
2024-10-14 08:43:38,301 : INFO : Machine : Machine path: /Users/tannerpetch/Documents/GitHub/trashland_4
2024-10-14 08:43:38,301 : INFO : Machine : Platform: darwin
2024-10-14 08:43:38,301 : INFO : Machine : Python executable location: /Library/Frameworks/Python.framework/Versions/3.9/bin/python3.9
2024-10-14 08:43:38,301 : INFO : Machine : Python version: 3.9.13 (64-bit)
2024-10-14 08:43:38,301 : INFO : Machine : Initializing MPF...
2024-10-14 08:43:38,317 : INFO : FAST [NET] : Trying to connect to /dev/tty.usbmodem1401 at 921600bps
2024-10-14 08:43:38,325 : INFO : FAST [NET] : Connected to /dev/tty.usbmodem1401 at 921600bps
2024-10-14 08:43:38,326 : INFO : FAST [NET] : Connected to FP-CPU-2000 with firmware v02.21
2024-10-14 08:43:38,328 : INFO : FAST [NET] : Registered I/O Board 0: Model: FP-I/O-0804, Firmware: 01.10, Switches: 8, Drivers: 4
2024-10-14 08:43:38,329 : INFO : FAST [NET] : Registered I/O Board 1: Model: FP-I/O-0804, Firmware: 01.10, Switches: 8, Drivers: 4
2024-10-14 08:43:38,330 : INFO : FAST [NET] : Registered I/O Board 2: Model: FP-I/O-3208, Firmware: 01.10, Switches: 32, Drivers: 8
2024-10-14 08:43:38,331 : INFO : FAST [NET] : Registered I/O Board 3: Model: FP-I/O-1616, Firmware: 01.10, Switches: 16, Drivers: 16
2024-10-14 08:43:38,332 : INFO : FAST [NET] : Registered I/O Board 4: Model: FP-I/O-3208, Firmware: 01.10, Switches: 32, Drivers: 8
2024-10-14 08:43:38,332 : INFO : EventManager : Event: ======'machine_var_credits_string'====== Args={'value': 'FREE PLAY', 'prev_value': None, 'change': True}
2024-10-14 08:43:38,342 : INFO : EventManager : Event: ======'machine_var_master_volume'====== Args={'value': 0.5, 'prev_value': None, 'change': True}
2024-10-14 08:43:38,342 : INFO : EventManager : Event: ======'machine_var_mpf_version'====== Args={'value': 'Mission Pinball Framework v0.57.1.dev3', 'prev_value': None, 'change': True}
2024-10-14 08:43:38,342 : INFO : EventManager : Event: ======'machine_var_mpf_extended_version'====== Args={'value': 'Mission Pinball Framework v0.57.1.dev3, Config version:6, Show version: 6, BCP version:1.1', 'prev_value': None, 'change': True}
2024-10-14 08:43:38,342 : INFO : EventManager : Event: ======'machine_var_python_version'====== Args={'value': '3.9.13', 'prev_value': None, 'change': True}
2024-10-14 08:43:38,348 : INFO : EventManager : Event: ======'machine_var_platform'====== Args={'value': 'macOS-14.3-arm64-arm-64bit', 'prev_value': None, 'change': True}
2024-10-14 08:43:38,349 : INFO : EventManager : Event: ======'machine_var_platform_system'====== Args={'value': 'Darwin', 'prev_value': None, 'change': True}
2024-10-14 08:43:38,349 : INFO : EventManager : Event: ======'machine_var_platform_release'====== Args={'value': '23.3.0', 'prev_value': None, 'change': True}
2024-10-14 08:43:38,349 : INFO : EventManager : Event: ======'machine_var_platform_version'====== Args={'value': 'Darwin Kernel Version 23.3.0: Thu Dec 21 02:29:41 PST 2023; root:xnu-10002.81.5~11/RELEASE_ARM64_T8122', 'prev_value': None, 'change': True}
2024-10-14 08:43:38,349 : INFO : EventManager : Event: ======'machine_var_platform_machine'====== Args={'value': 'arm64', 'prev_value': None, 'change': True}
2024-10-14 08:43:38,349 : INFO : EventManager : Event: ======'init_phase_1'====== Args={}
2024-10-14 08:43:38,444 : WARNING : Machine : Iterating device collections directly is deprecated and will be removed. Access by value(): device_collections[switches] -> device_collections['switches'].values()
2024-10-14 08:43:38,444 : INFO : SwitchController : <<<<<<< 's_trough_5' active >>>>>>>
2024-10-14 08:43:38,444 : INFO : SwitchController : <<<<<<< 's_17' active >>>>>>>
2024-10-14 08:43:38,444 : INFO : EventManager : Event: ======'init_phase_2'====== Args={}
2024-10-14 08:43:38,444 : INFO : SwitchController : Found active switch: (25, [FAST Platform Interface]) <switch.s_trough_5>
2024-10-14 08:43:38,444 : INFO : SwitchController : Found active switch: (33, [FAST Platform Interface]) <switch.s_17>
2024-10-14 08:43:38,446 : INFO : EventManager : Event: ======'init_phase_3'====== Args={}
2024-10-14 08:43:38,446 : INFO : EventManager : Event: ======'init_phase_4'====== Args={}
2024-10-14 08:43:38,447 : INFO : EventManager : Event: ======'machine_var_audits_switches_s_pop'====== Args={'value': 0, 'prev_value': None, 'change': True}
2024-10-14 08:43:38,447 : INFO : EventManager : Event: ======'machine_var_audits_switches_s_trough_jam'====== Args={'value': 0, 'prev_value': None, 'change': True}
2024-10-14 08:43:38,447 : INFO : EventManager : Event: ======'machine_var_audits_switches_s_trough_5'====== Args={'value': 0, 'prev_value': None, 'change': True}
2024-10-14 08:43:38,447 : INFO : EventManager : Event: ======'machine_var_audits_switches_s_trough_4'====== Args={'value': 0, 'prev_value': None, 'change': True}
2024-10-14 08:43:38,447 : INFO : EventManager : Event: ======'machine_var_audits_switches_s_17'====== Args={'value': 0, 'prev_value': None, 'change': True}
2024-10-14 08:43:38,447 : INFO : EventManager : Event: ======'machine_var_audits_switches_s_flipper_r'====== Args={'value': 0, 'prev_value': None, 'change': True}
2024-10-14 08:43:38,447 : INFO : EventManager : Event: ======'machine_var_audits_switches_s_trough_2'====== Args={'value': 0, 'prev_value': None, 'change': True}
2024-10-14 08:43:38,447 : INFO : EventManager : Event: ======'machine_var_audits_switches_s_trough_1'====== Args={'value': 0, 'prev_value': None, 'change': True}
2024-10-14 08:43:38,447 : INFO : EventManager : Event: ======'machine_var_audits_switches_s_flipper_upper_l'====== Args={'value': 0, 'prev_value': None, 'change': True}
2024-10-14 08:43:38,447 : INFO : EventManager : Event: ======'machine_var_audits_switches_s_flipper_l'====== Args={'value': 0, 'prev_value': None, 'change': True}
2024-10-14 08:43:38,447 : INFO : EventManager : Event: ======'machine_var_audits_switches_s_trough_3'====== Args={'value': 0, 'prev_value': None, 'change': True}
2024-10-14 08:43:38,447 : INFO : EventManager : Event: ======'machine_var_audits_switches_s_23'====== Args={'value': 0, 'prev_value': None, 'change': True}
2024-10-14 08:43:38,447 : INFO : EventManager : Event: ======'machine_var_audits_switches_s_autolauncher'====== Args={'value': 0, 'prev_value': None, 'change': True}
2024-10-14 08:43:38,447 : INFO : EventManager : Event: ======'machine_var_audits_switches_s_21'====== Args={'value': 0, 'prev_value': None, 'change': True}
2024-10-14 08:43:38,447 : INFO : EventManager : Event: ======'machine_var_audits_switches_s_trough_6'====== Args={'value': 0, 'prev_value': None, 'change': True}
2024-10-14 08:43:38,447 : INFO : EventManager : Event: ======'machine_var_audits_events_game_started'====== Args={'value': 0, 'prev_value': None, 'change': True}
2024-10-14 08:43:38,448 : INFO : EventManager : Event: ======'machine_var_audits_events_game_ended'====== Args={'value': 0, 'prev_value': None, 'change': True}
2024-10-14 08:43:38,448 : INFO : EventManager : Event: ======'machine_var_audits_player_score'====== Args={'value': {'top': [], 'average': 0, 'total': 0}, 'prev_value': None, 'change': True}
2024-10-14 08:43:38,448 : INFO : EventManager : Event: ======'init_phase_5'====== Args={}
2024-10-14 08:43:38,448 : INFO : EventManager : Event: ======'init_done'====== Args={}
2024-10-14 08:43:38,448 : INFO : EventManager : Event: ======'machine_reset_phase_1'====== Args={}
2024-10-14 08:43:38,448 : INFO : EventManager : Event: ======'machine_reset_phase_2'====== Args={}
2024-10-14 08:43:38,448 : INFO : EventManager : Event: ======'machine_reset_phase_3'====== Args={}
2024-10-14 08:43:38,448 : INFO : EventManager : Event: ======'reset_complete'====== Args={}
2024-10-14 08:43:38,448 : INFO : EventManager : Event: ======'mode_attract_will_start'====== Args={}
2024-10-14 08:43:38,449 : INFO : EventManager : Event: ======'mode_attract_starting'====== Args={}
2024-10-14 08:43:38,449 : INFO : Mode.attract : Started. Priority: 10
2024-10-14 08:43:38,449 : INFO : EventManager : Event: ======'modes_active_modes_changed'====== Args={}
2024-10-14 08:43:38,449 : INFO : EventManager : Event: ======'mode_attract_started'====== Args={}
2024-10-14 08:43:38,449 : INFO : EventManager : Event: ======'collecting_balls_complete'====== Args={}
2024-10-14 08:43:38,449 : INFO : Machine : Starting the main run loop.
2024-10-14 08:44:31,377 : INFO : SwitchController : <<<<<<< 's_23' active >>>>>>>
2024-10-14 08:44:31,491 : INFO : SwitchController : <<<<<<< 's_23' inactive >>>>>>>
2024-10-14 08:44:31,730 : INFO : SwitchController : <<<<<<< 's_23' active >>>>>>>
2024-10-14 08:44:31,753 : INFO : SwitchController : <<<<<<< 's_23' inactive >>>>>>>
2024-10-14 08:44:31,874 : INFO : SwitchController : <<<<<<< 's_23' active >>>>>>>
2024-10-14 08:44:31,945 : INFO : SwitchController : <<<<<<< 's_23' inactive >>>>>>>
2024-10-14 08:44:32,330 : INFO : SwitchController : <<<<<<< 's_23' active >>>>>>>
2024-10-14 08:44:32,603 : INFO : SwitchController : <<<<<<< 's_23' inactive >>>>>>>
2024-10-14 08:44:32,681 : INFO : SwitchController : <<<<<<< 's_23' active >>>>>>>
2024-10-14 08:44:32,701 : INFO : SwitchController : <<<<<<< 's_23' inactive >>>>>>>
2024-10-14 08:44:32,716 : INFO : SwitchController : <<<<<<< 's_23' active >>>>>>>
2024-10-14 08:44:32,721 : INFO : SwitchController : <<<<<<< 's_23' inactive >>>>>>>
2024-10-14 08:44:32,725 : INFO : SwitchController : <<<<<<< 's_23' active >>>>>>>
2024-10-14 08:44:32,808 : INFO : SwitchController : <<<<<<< 's_23' inactive >>>>>>>
2024-10-14 08:44:32,825 : INFO : SwitchController : <<<<<<< 's_23' active >>>>>>>
2024-10-14 08:44:33,054 : INFO : SwitchController : <<<<<<< 's_23' inactive >>>>>>>
2024-10-14 08:44:33,088 : INFO : SwitchController : <<<<<<< 's_23' active >>>>>>>
2024-10-14 08:44:33,093 : INFO : SwitchController : <<<<<<< 's_23' inactive >>>>>>>
2024-10-14 08:45:01,564 : INFO : SwitchController : <<<<<<< 's_autolauncher' active >>>>>>>
2024-10-14 08:45:01,844 : INFO : SwitchController : <<<<<<< 's_autolauncher' inactive >>>>>>>
2024-10-14 08:45:11,675 : INFO : SwitchController : <<<<<<< 's_trough_6' active >>>>>>>
2024-10-14 08:45:19,813 : INFO : SwitchController : <<<<<<< 's_trough_6' inactive >>>>>>>
2024-10-14 08:45:28,342 : INFO : SwitchController : <<<<<<< 's_trough_6' active >>>>>>>
2024-10-14 08:45:28,367 : INFO : SwitchController : <<<<<<< 's_trough_6' inactive >>>>>>>
2024-10-14 08:45:53,401 : INFO : SwitchController : <<<<<<< 's_21' active >>>>>>>
2024-10-14 08:45:53,407 : INFO : SwitchController : <<<<<<< 's_21' inactive >>>>>>>
2024-10-14 08:45:53,417 : INFO : SwitchController : <<<<<<< 's_21' active >>>>>>>
2024-10-14 08:45:53,476 : INFO : SwitchController : <<<<<<< 's_21' inactive >>>>>>>
2024-10-14 08:45:53,899 : INFO : SwitchController : <<<<<<< 's_21' active >>>>>>>
2024-10-14 08:45:53,908 : INFO : SwitchController : <<<<<<< 's_21' inactive >>>>>>>
2024-10-14 08:45:54,044 : INFO : SwitchController : <<<<<<< 's_21' active >>>>>>>
2024-10-14 08:45:54,053 : INFO : SwitchController : <<<<<<< 's_21' inactive >>>>>>>
2024-10-14 08:45:54,063 : INFO : SwitchController : <<<<<<< 's_21' active >>>>>>>
2024-10-14 08:45:54,097 : INFO : SwitchController : <<<<<<< 's_21' inactive >>>>>>>
2024-10-14 08:45:55,003 : INFO : SwitchController : <<<<<<< 's_21' active >>>>>>>
2024-10-14 08:45:55,481 : INFO : SwitchController : <<<<<<< 's_21' inactive >>>>>>>
2024-10-14 08:45:55,733 : INFO : SwitchController : <<<<<<< 's_21' active >>>>>>>
2024-10-14 08:45:56,330 : INFO : SwitchController : <<<<<<< 's_21' inactive >>>>>>>
2024-10-14 08:45:56,647 : INFO : SwitchController : <<<<<<< 's_21' active >>>>>>>
2024-10-14 08:45:56,859 : INFO : SwitchController : <<<<<<< 's_21' inactive >>>>>>>
2024-10-14 08:45:57,648 : INFO : SwitchController : <<<<<<< 's_21' active >>>>>>>
2024-10-14 08:45:57,707 : INFO : SwitchController : <<<<<<< 's_21' inactive >>>>>>>
2024-10-14 08:45:57,714 : INFO : SwitchController : <<<<<<< 's_21' active >>>>>>>
2024-10-14 08:45:57,740 : INFO : SwitchController : <<<<<<< 's_21' inactive >>>>>>>
2024-10-14 08:46:25,846 : INFO : Machine : Shutting down...
2024-10-14 08:46:25,847 : INFO : EventManager : Event: ======'shutdown'====== Args={}
2024-10-14 08:46:25,958 : INFO : root : MPF run loop ended.
