2024-10-14 22:08:31,266 : INFO : root : Loading config.
2024-10-14 22:08:31,269 : INFO : YamlMultifileConfigLoader : Machine config file #1: config.yaml
2024-10-14 22:08:31,269 : INFO : ConfigProcessor : Loading config from cache: /var/folders/l2/q8hj_6s91xnb2jxg1sqm0h7r0000gn/T/fb4db0341b09a4be02e1d6b8eab00179.mpf_cache
2024-10-14 22:08:31,295 : INFO : ConfigProcessor : Loading config from cache: /var/folders/l2/q8hj_6s91xnb2jxg1sqm0h7r0000gn/T/c7af4841f7c2cabb0f971746daddf284.mpf_cache
2024-10-14 22:08:31,295 : INFO : ConfigProcessor : Loading config from cache: /var/folders/l2/q8hj_6s91xnb2jxg1sqm0h7r0000gn/T/edcc5f1d3215b377c9faab88c62e4ce0.mpf_cache
2024-10-14 22:08:31,295 : INFO : Machine : Mission Pinball Framework Core Engine v0.57.1.dev3
2024-10-14 22:08:31,295 : INFO : Machine : Command line arguments: {'no_load_cache': False, 'create_config_cache': True, 'bcp': False, 'configfile': ['config.yaml'], 'force_assets_load': False, 'platform_integration_test': False, 'jsonlogging': False, 'logfile': 'logs/2024-10-14-22-08-31-mpf-Tanners-Laptop.local.log', 'pause': False, 'production': False, 'text_ui': True, 'loglevel': 15, 'consoleloglevel': 20, 'force_platform': None, 'syslog_address': None, 'mc_file_name': None, 'no_sound': False}
2024-10-14 22:08:31,295 : INFO : Machine : MPF path: /Library/Frameworks/Python.framework/Versions/3.9/lib/python3.9/site-packages/mpf
2024-10-14 22:08:31,295 : INFO : Machine : Machine path: /Users/tannerpetch/Documents/GitHub/trashland_4
2024-10-14 22:08:31,295 : INFO : Machine : Platform: darwin
2024-10-14 22:08:31,295 : INFO : Machine : Python executable location: /Library/Frameworks/Python.framework/Versions/3.9/bin/python3.9
2024-10-14 22:08:31,295 : INFO : Machine : Python version: 3.9.13 (64-bit)
2024-10-14 22:08:31,296 : INFO : Machine : Initializing MPF...
2024-10-14 22:08:31,323 : INFO : FAST [NET] : Trying to connect to /dev/tty.usbmodem11401 at 921600bps
2024-10-14 22:08:31,331 : INFO : FAST [NET] : Connected to /dev/tty.usbmodem11401 at 921600bps
2024-10-14 22:08:31,332 : INFO : FAST [NET] : Connected to FP-CPU-2000 with firmware v02.21
2024-10-14 22:08:31,333 : INFO : FAST [NET] : Registered I/O Board 0: Model: FP-I/O-0804, Firmware: 01.10, Switches: 8, Drivers: 4
2024-10-14 22:08:31,334 : INFO : FAST [NET] : Registered I/O Board 1: Model: FP-I/O-0804, Firmware: 01.10, Switches: 8, Drivers: 4
2024-10-14 22:08:31,335 : INFO : FAST [NET] : Registered I/O Board 2: Model: FP-I/O-3208, Firmware: 01.10, Switches: 32, Drivers: 8
2024-10-14 22:08:31,336 : INFO : FAST [NET] : Registered I/O Board 3: Model: FP-I/O-1616, Firmware: 01.10, Switches: 16, Drivers: 16
2024-10-14 22:08:31,337 : INFO : FAST [NET] : Registered I/O Board 4: Model: FP-I/O-3208, Firmware: 01.10, Switches: 32, Drivers: 8
2024-10-14 22:08:31,337 : INFO : EventManager : Event: ======'machine_var_credits_string'====== Args={'value': 'FREE PLAY', 'prev_value': None, 'change': True}
2024-10-14 22:08:31,350 : INFO : EventManager : Event: ======'machine_var_master_volume'====== Args={'value': 0.5, 'prev_value': None, 'change': True}
2024-10-14 22:08:31,350 : INFO : EventManager : Event: ======'machine_var_player1_score'====== Args={'value': 0, 'prev_value': None, 'change': True}
2024-10-14 22:08:31,350 : INFO : EventManager : Event: ======'machine_var_mpf_version'====== Args={'value': 'Mission Pinball Framework v0.57.1.dev3', 'prev_value': None, 'change': True}
2024-10-14 22:08:31,350 : INFO : EventManager : Event: ======'machine_var_mpf_extended_version'====== Args={'value': 'Mission Pinball Framework v0.57.1.dev3, Config version:6, Show version: 6, BCP version:1.1', 'prev_value': None, 'change': True}
2024-10-14 22:08:31,350 : INFO : EventManager : Event: ======'machine_var_python_version'====== Args={'value': '3.9.13', 'prev_value': None, 'change': True}
2024-10-14 22:08:31,356 : INFO : EventManager : Event: ======'machine_var_platform'====== Args={'value': 'macOS-14.3-arm64-arm-64bit', 'prev_value': None, 'change': True}
2024-10-14 22:08:31,356 : INFO : EventManager : Event: ======'machine_var_platform_system'====== Args={'value': 'Darwin', 'prev_value': None, 'change': True}
2024-10-14 22:08:31,356 : INFO : EventManager : Event: ======'machine_var_platform_release'====== Args={'value': '23.3.0', 'prev_value': None, 'change': True}
2024-10-14 22:08:31,356 : INFO : EventManager : Event: ======'machine_var_platform_version'====== Args={'value': 'Darwin Kernel Version 23.3.0: Thu Dec 21 02:29:41 PST 2023; root:xnu-10002.81.5~11/RELEASE_ARM64_T8122', 'prev_value': None, 'change': True}
2024-10-14 22:08:31,357 : INFO : EventManager : Event: ======'machine_var_platform_machine'====== Args={'value': 'arm64', 'prev_value': None, 'change': True}
2024-10-14 22:08:31,357 : INFO : EventManager : Event: ======'init_phase_1'====== Args={}
2024-10-14 22:08:31,455 : WARNING : Machine : Iterating device collections directly is deprecated and will be removed. Access by value(): device_collections[switches] -> device_collections['switches'].values()
2024-10-14 22:08:31,455 : INFO : SwitchController : <<<<<<< 's_outlane_l' active >>>>>>>
2024-10-14 22:08:31,455 : INFO : SwitchController : <<<<<<< 's_trough_1' active >>>>>>>
2024-10-14 22:08:31,455 : INFO : SwitchController : <<<<<<< 's_drop_m' active >>>>>>>
2024-10-14 22:08:31,455 : INFO : SwitchController : <<<<<<< 's_drop_l' active >>>>>>>
2024-10-14 22:08:31,455 : INFO : SwitchController : <<<<<<< 's_drop_single' active >>>>>>>
2024-10-14 22:08:31,455 : INFO : SwitchController : <<<<<<< 's_vuk_back' active >>>>>>>
2024-10-14 22:08:31,455 : INFO : EventManager : Event: ======'init_phase_2'====== Args={}
2024-10-14 22:08:31,455 : INFO : SwitchController : Found active switch: (16, [FAST Platform Interface]) <switch.s_outlane_l>
2024-10-14 22:08:31,455 : INFO : SwitchController : Found active switch: (30, [FAST Platform Interface]) <switch.s_trough_1>
2024-10-14 22:08:31,455 : INFO : SwitchController : Found active switch: (50, [FAST Platform Interface]) <switch.s_drop_m>
2024-10-14 22:08:31,455 : INFO : SwitchController : Found active switch: (51, [FAST Platform Interface]) <switch.s_drop_l>
2024-10-14 22:08:31,455 : INFO : SwitchController : Found active switch: (57, [FAST Platform Interface]) <switch.s_drop_single>
2024-10-14 22:08:31,455 : INFO : SwitchController : Found active switch: (66, [FAST Platform Interface]) <switch.s_vuk_back>
2024-10-14 22:08:31,456 : INFO : ball_device.bd_middle_scoop : BCH: Initial count: 0
2024-10-14 22:08:31,457 : INFO : ball_device.bd_middle_scoop : State: idle
2024-10-14 22:08:31,956 : INFO : ball_device.bd_trough : BCH: Initial count: 1
2024-10-14 22:08:31,957 : INFO : ball_device.bd_trough : State: idle
2024-10-14 22:08:31,959 : INFO : ball_device.bd_autolauncher : BCH: Initial count: 0
2024-10-14 22:08:31,959 : INFO : ball_device.bd_autolauncher : State: idle
2024-10-14 22:08:31,960 : INFO : ball_device.bd_kicker_orbit : BCH: Initial count: 0
2024-10-14 22:08:31,961 : INFO : ball_device.bd_kicker_orbit : State: idle
2024-10-14 22:08:31,962 : INFO : ball_device.bd_lower_vuk : BCH: Initial count: 0
2024-10-14 22:08:31,962 : INFO : ball_device.bd_lower_vuk : State: idle
2024-10-14 22:08:31,963 : INFO : ball_device.bd_vuk_back : BCH: Initial count: 1
2024-10-14 22:08:31,963 : INFO : ball_device.bd_vuk_back : State: idle
2024-10-14 22:08:31,964 : INFO : ball_device.bd_vuk_upper : BCH: Initial count: 0
2024-10-14 22:08:31,964 : INFO : ball_device.bd_vuk_upper : State: idle
2024-10-14 22:08:31,965 : INFO : ball_device.bd_b_lock : BCH: Initial count: 0
2024-10-14 22:08:31,965 : INFO : ball_device.bd_b_lock : State: idle
2024-10-14 22:08:31,977 : INFO : EventManager : Event: ======'init_phase_3'====== Args={}
2024-10-14 22:08:31,978 : INFO : EventManager : Event: ======'init_phase_4'====== Args={}
2024-10-14 22:08:31,978 : INFO : BallController : Initial balls found: 2
2024-10-14 22:08:31,978 : INFO : EventManager : Event: ======'machine_var_audits_events_game_ended'====== Args={'value': 1, 'prev_value': None, 'change': True}
2024-10-14 22:08:31,978 : INFO : EventManager : Event: ======'machine_var_audits_events_game_started'====== Args={'value': 11, 'prev_value': None, 'change': True}
2024-10-14 22:08:31,978 : INFO : EventManager : Event: ======'machine_var_audits_missing_switches_s_b_eos'====== Args={'value': 4, 'prev_value': None, 'change': True}
2024-10-14 22:08:31,978 : INFO : EventManager : Event: ======'machine_var_audits_missing_switches_s_b_pop'====== Args={'value': 7, 'prev_value': None, 'change': True}
2024-10-14 22:08:31,978 : INFO : EventManager : Event: ======'machine_var_audits_missing_switches_s_b_rollover_interchange'====== Args={'value': 7, 'prev_value': None, 'change': True}
2024-10-14 22:08:31,979 : INFO : EventManager : Event: ======'machine_var_audits_missing_switches_s_b_rollover_loop'====== Args={'value': 7, 'prev_value': None, 'change': True}
2024-10-14 22:08:31,979 : INFO : EventManager : Event: ======'machine_var_audits_missing_switches_s_b_rollover_misc'====== Args={'value': 7, 'prev_value': None, 'change': True}
2024-10-14 22:08:31,979 : INFO : EventManager : Event: ======'machine_var_audits_missing_switches_s_b_target_left'====== Args={'value': 7, 'prev_value': None, 'change': True}
2024-10-14 22:08:31,979 : INFO : EventManager : Event: ======'machine_var_audits_missing_switches_s_b_target_right'====== Args={'value': 7, 'prev_value': None, 'change': True}
2024-10-14 22:08:31,979 : INFO : EventManager : Event: ======'machine_var_audits_missing_switches_s_bot'====== Args={'value': 11, 'prev_value': None, 'change': True}
2024-10-14 22:08:31,979 : INFO : EventManager : Event: ======'machine_var_audits_missing_switches_s_bot_mid'====== Args={'value': 11, 'prev_value': None, 'change': True}
2024-10-14 22:08:31,979 : INFO : EventManager : Event: ======'machine_var_audits_missing_switches_s_captive_l'====== Args={'value': 11, 'prev_value': None, 'change': True}
2024-10-14 22:08:31,979 : INFO : EventManager : Event: ======'machine_var_audits_missing_switches_s_captive_r'====== Args={'value': 11, 'prev_value': None, 'change': True}
2024-10-14 22:08:31,979 : INFO : EventManager : Event: ======'machine_var_audits_missing_switches_s_drop_l'====== Args={'value': 11, 'prev_value': None, 'change': True}
2024-10-14 22:08:31,979 : INFO : EventManager : Event: ======'machine_var_audits_missing_switches_s_drop_m'====== Args={'value': 9, 'prev_value': None, 'change': True}
2024-10-14 22:08:31,979 : INFO : EventManager : Event: ======'machine_var_audits_missing_switches_s_drop_r'====== Args={'value': 11, 'prev_value': None, 'change': True}
2024-10-14 22:08:31,979 : INFO : EventManager : Event: ======'machine_var_audits_missing_switches_s_drop_single'====== Args={'value': 11, 'prev_value': None, 'change': True}
2024-10-14 22:08:31,979 : INFO : EventManager : Event: ======'machine_var_audits_missing_switches_s_flipper_l'====== Args={'value': 4, 'prev_value': None, 'change': True}
2024-10-14 22:08:31,979 : INFO : EventManager : Event: ======'machine_var_audits_missing_switches_s_flipper_r'====== Args={'value': 4, 'prev_value': None, 'change': True}
2024-10-14 22:08:31,979 : INFO : EventManager : Event: ======'machine_var_audits_missing_switches_s_flipper_upper_l'====== Args={'value': 4, 'prev_value': None, 'change': True}
2024-10-14 22:08:31,979 : INFO : EventManager : Event: ======'machine_var_audits_missing_switches_s_inlane_l'====== Args={'value': 9, 'prev_value': None, 'change': True}
2024-10-14 22:08:31,979 : INFO : EventManager : Event: ======'machine_var_audits_missing_switches_s_kicking_target'====== Args={'value': 7, 'prev_value': None, 'change': True}
2024-10-14 22:08:31,979 : INFO : EventManager : Event: ======'machine_var_audits_missing_switches_s_lock_1'====== Args={'value': 7, 'prev_value': None, 'change': True}
2024-10-14 22:08:31,979 : INFO : EventManager : Event: ======'machine_var_audits_missing_switches_s_lock_2'====== Args={'value': 7, 'prev_value': None, 'change': True}
2024-10-14 22:08:31,979 : INFO : EventManager : Event: ======'machine_var_audits_missing_switches_s_lock_3'====== Args={'value': 7, 'prev_value': None, 'change': True}
2024-10-14 22:08:31,979 : INFO : EventManager : Event: ======'machine_var_audits_missing_switches_s_lower_orbit'====== Args={'value': 11, 'prev_value': None, 'change': True}
2024-10-14 22:08:31,980 : INFO : EventManager : Event: ======'machine_var_audits_missing_switches_s_lower_single'====== Args={'value': 11, 'prev_value': None, 'change': True}
2024-10-14 22:08:31,980 : INFO : EventManager : Event: ======'machine_var_audits_missing_switches_s_lower_sling'====== Args={'value': 11, 'prev_value': None, 'change': True}
2024-10-14 22:08:31,980 : INFO : EventManager : Event: ======'machine_var_audits_missing_switches_s_lower_transfer'====== Args={'value': 11, 'prev_value': None, 'change': True}
2024-10-14 22:08:31,980 : INFO : EventManager : Event: ======'machine_var_audits_missing_switches_s_lower_vuk'====== Args={'value': 1, 'prev_value': None, 'change': True}
2024-10-14 22:08:31,980 : INFO : EventManager : Event: ======'machine_var_audits_missing_switches_s_outlane_l'====== Args={'value': 11, 'prev_value': None, 'change': True}
2024-10-14 22:08:31,980 : INFO : EventManager : Event: ======'machine_var_audits_missing_switches_s_outlane_r'====== Args={'value': 11, 'prev_value': None, 'change': True}
2024-10-14 22:08:31,980 : INFO : EventManager : Event: ======'machine_var_audits_missing_switches_s_pop'====== Args={'value': 1, 'prev_value': None, 'change': True}
2024-10-14 22:08:31,980 : INFO : EventManager : Event: ======'machine_var_audits_missing_switches_s_scissor_save'====== Args={'value': 11, 'prev_value': None, 'change': True}
2024-10-14 22:08:31,980 : INFO : EventManager : Event: ======'machine_var_audits_missing_switches_s_sling_l'====== Args={'value': 9, 'prev_value': None, 'change': True}
2024-10-14 22:08:31,980 : INFO : EventManager : Event: ======'machine_var_audits_missing_switches_s_start'====== Args={'value': 3, 'prev_value': None, 'change': True}
2024-10-14 22:08:31,980 : INFO : EventManager : Event: ======'machine_var_audits_missing_switches_s_stationary_l'====== Args={'value': 4, 'prev_value': None, 'change': True}
2024-10-14 22:08:31,980 : INFO : EventManager : Event: ======'machine_var_audits_missing_switches_s_stationary_r'====== Args={'value': 9, 'prev_value': None, 'change': True}
2024-10-14 22:08:31,980 : INFO : EventManager : Event: ======'machine_var_audits_missing_switches_s_tilt'====== Args={'value': 11, 'prev_value': None, 'change': True}
2024-10-14 22:08:31,980 : INFO : EventManager : Event: ======'machine_var_audits_missing_switches_s_top'====== Args={'value': 11, 'prev_value': None, 'change': True}
2024-10-14 22:08:31,980 : INFO : EventManager : Event: ======'machine_var_audits_missing_switches_s_top_mid'====== Args={'value': 11, 'prev_value': None, 'change': True}
2024-10-14 22:08:31,981 : INFO : EventManager : Event: ======'machine_var_audits_missing_switches_s_trough_3'====== Args={'value': 1, 'prev_value': None, 'change': True}
2024-10-14 22:08:31,981 : INFO : EventManager : Event: ======'machine_var_audits_missing_switches_s_trough_4'====== Args={'value': 1, 'prev_value': None, 'change': True}
2024-10-14 22:08:31,981 : INFO : EventManager : Event: ======'machine_var_audits_missing_switches_s_trough_5'====== Args={'value': 1, 'prev_value': None, 'change': True}
2024-10-14 22:08:31,981 : INFO : EventManager : Event: ======'machine_var_audits_missing_switches_s_trough_6'====== Args={'value': 1, 'prev_value': None, 'change': True}
2024-10-14 22:08:31,981 : INFO : EventManager : Event: ======'machine_var_audits_missing_switches_s_u_lane_l'====== Args={'value': 7, 'prev_value': None, 'change': True}
2024-10-14 22:08:31,981 : INFO : EventManager : Event: ======'machine_var_audits_missing_switches_s_u_lane_r'====== Args={'value': 7, 'prev_value': None, 'change': True}
2024-10-14 22:08:31,981 : INFO : EventManager : Event: ======'machine_var_audits_missing_switches_s_u_rollover'====== Args={'value': 7, 'prev_value': None, 'change': True}
2024-10-14 22:08:31,981 : INFO : EventManager : Event: ======'machine_var_audits_missing_switches_s_u_target'====== Args={'value': 7, 'prev_value': None, 'change': True}
2024-10-14 22:08:31,982 : INFO : EventManager : Event: ======'machine_var_audits_missing_switches_s_vuk_upper'====== Args={'value': 5, 'prev_value': None, 'change': True}
2024-10-14 22:08:31,982 : INFO : EventManager : Event: ======'machine_var_audits_player_score'====== Args={'value': {'average': 0, 'top': [0], 'total': 1}, 'prev_value': None, 'change': True}
2024-10-14 22:08:31,982 : INFO : EventManager : Event: ======'machine_var_audits_switches_s_autolauncher'====== Args={'value': 15, 'prev_value': None, 'change': True}
2024-10-14 22:08:31,982 : INFO : EventManager : Event: ======'machine_var_audits_switches_s_b_eos'====== Args={'value': 5, 'prev_value': None, 'change': True}
2024-10-14 22:08:31,982 : INFO : EventManager : Event: ======'machine_var_audits_switches_s_b_pop'====== Args={'value': 0, 'prev_value': None, 'change': True}
2024-10-14 22:08:31,982 : INFO : EventManager : Event: ======'machine_var_audits_switches_s_b_rollover_interchange'====== Args={'value': 0, 'prev_value': None, 'change': True}
2024-10-14 22:08:31,982 : INFO : EventManager : Event: ======'machine_var_audits_switches_s_b_rollover_loop'====== Args={'value': 0, 'prev_value': None, 'change': True}
2024-10-14 22:08:31,982 : INFO : EventManager : Event: ======'machine_var_audits_switches_s_b_rollover_misc'====== Args={'value': 0, 'prev_value': None, 'change': True}
2024-10-14 22:08:31,982 : INFO : EventManager : Event: ======'machine_var_audits_switches_s_b_target_left'====== Args={'value': 0, 'prev_value': None, 'change': True}
2024-10-14 22:08:31,982 : INFO : EventManager : Event: ======'machine_var_audits_switches_s_b_target_right'====== Args={'value': 0, 'prev_value': None, 'change': True}
2024-10-14 22:08:31,982 : INFO : EventManager : Event: ======'machine_var_audits_switches_s_bot'====== Args={'value': 0, 'prev_value': None, 'change': True}
2024-10-14 22:08:31,983 : INFO : EventManager : Event: ======'machine_var_audits_switches_s_bot_mid'====== Args={'value': 0, 'prev_value': None, 'change': True}
2024-10-14 22:08:31,983 : INFO : EventManager : Event: ======'machine_var_audits_switches_s_captive_l'====== Args={'value': 0, 'prev_value': None, 'change': True}
2024-10-14 22:08:31,983 : INFO : EventManager : Event: ======'machine_var_audits_switches_s_captive_r'====== Args={'value': 0, 'prev_value': None, 'change': True}
2024-10-14 22:08:31,983 : INFO : EventManager : Event: ======'machine_var_audits_switches_s_drop_l'====== Args={'value': 0, 'prev_value': None, 'change': True}
2024-10-14 22:08:31,983 : INFO : EventManager : Event: ======'machine_var_audits_switches_s_drop_m'====== Args={'value': 1, 'prev_value': None, 'change': True}
2024-10-14 22:08:31,983 : INFO : EventManager : Event: ======'machine_var_audits_switches_s_drop_r'====== Args={'value': 0, 'prev_value': None, 'change': True}
2024-10-14 22:08:31,983 : INFO : EventManager : Event: ======'machine_var_audits_switches_s_drop_single'====== Args={'value': 0, 'prev_value': None, 'change': True}
2024-10-14 22:08:31,983 : INFO : EventManager : Event: ======'machine_var_audits_switches_s_flipper_but_l_1'====== Args={'value': 91, 'prev_value': None, 'change': True}
2024-10-14 22:08:31,983 : INFO : EventManager : Event: ======'machine_var_audits_switches_s_flipper_but_l_2'====== Args={'value': 86, 'prev_value': None, 'change': True}
2024-10-14 22:08:31,983 : INFO : EventManager : Event: ======'machine_var_audits_switches_s_flipper_but_r_1'====== Args={'value': 99, 'prev_value': None, 'change': True}
2024-10-14 22:08:31,983 : INFO : EventManager : Event: ======'machine_var_audits_switches_s_flipper_but_r_2'====== Args={'value': 94, 'prev_value': None, 'change': True}
2024-10-14 22:08:31,984 : INFO : EventManager : Event: ======'machine_var_audits_switches_s_flipper_l'====== Args={'value': 60, 'prev_value': None, 'change': True}
2024-10-14 22:08:31,984 : INFO : EventManager : Event: ======'machine_var_audits_switches_s_flipper_r'====== Args={'value': 70, 'prev_value': None, 'change': True}
2024-10-14 22:08:31,984 : INFO : EventManager : Event: ======'machine_var_audits_switches_s_flipper_upper_l'====== Args={'value': 45, 'prev_value': None, 'change': True}
2024-10-14 22:08:31,984 : INFO : EventManager : Event: ======'machine_var_audits_switches_s_inlane_l'====== Args={'value': 1, 'prev_value': None, 'change': True}
2024-10-14 22:08:31,984 : INFO : EventManager : Event: ======'machine_var_audits_switches_s_inlane_r'====== Args={'value': 9, 'prev_value': None, 'change': True}
2024-10-14 22:08:31,984 : INFO : EventManager : Event: ======'machine_var_audits_switches_s_kicker_orbit'====== Args={'value': 3, 'prev_value': None, 'change': True}
2024-10-14 22:08:31,984 : INFO : EventManager : Event: ======'machine_var_audits_switches_s_kicking_target'====== Args={'value': 8, 'prev_value': None, 'change': True}
2024-10-14 22:08:31,984 : INFO : EventManager : Event: ======'machine_var_audits_switches_s_launch'====== Args={'value': 18, 'prev_value': None, 'change': True}
2024-10-14 22:08:31,984 : INFO : EventManager : Event: ======'machine_var_audits_switches_s_lock_1'====== Args={'value': 0, 'prev_value': None, 'change': True}
2024-10-14 22:08:31,985 : INFO : EventManager : Event: ======'machine_var_audits_switches_s_lock_2'====== Args={'value': 0, 'prev_value': None, 'change': True}
2024-10-14 22:08:31,985 : INFO : EventManager : Event: ======'machine_var_audits_switches_s_lock_3'====== Args={'value': 0, 'prev_value': None, 'change': True}
2024-10-14 22:08:31,985 : INFO : EventManager : Event: ======'machine_var_audits_switches_s_lower_orbit'====== Args={'value': 0, 'prev_value': None, 'change': True}
2024-10-14 22:08:31,985 : INFO : EventManager : Event: ======'machine_var_audits_switches_s_lower_single'====== Args={'value': 0, 'prev_value': None, 'change': True}
2024-10-14 22:08:31,985 : INFO : EventManager : Event: ======'machine_var_audits_switches_s_lower_sling'====== Args={'value': 0, 'prev_value': None, 'change': True}
2024-10-14 22:08:31,985 : INFO : EventManager : Event: ======'machine_var_audits_switches_s_lower_transfer'====== Args={'value': 0, 'prev_value': None, 'change': True}
2024-10-14 22:08:31,985 : INFO : EventManager : Event: ======'machine_var_audits_switches_s_lower_vuk'====== Args={'value': 8, 'prev_value': None, 'change': True}
2024-10-14 22:08:31,985 : INFO : EventManager : Event: ======'machine_var_audits_switches_s_middle_scoop'====== Args={'value': 3, 'prev_value': None, 'change': True}
2024-10-14 22:08:31,985 : INFO : EventManager : Event: ======'machine_var_audits_switches_s_orbit_small_l'====== Args={'value': 4, 'prev_value': None, 'change': True}
2024-10-14 22:08:31,986 : INFO : EventManager : Event: ======'machine_var_audits_switches_s_orbit_small_r'====== Args={'value': 4, 'prev_value': None, 'change': True}
2024-10-14 22:08:31,986 : INFO : EventManager : Event: ======'machine_var_audits_switches_s_outlane_l'====== Args={'value': 0, 'prev_value': None, 'change': True}
2024-10-14 22:08:31,986 : INFO : EventManager : Event: ======'machine_var_audits_switches_s_outlane_r'====== Args={'value': 0, 'prev_value': None, 'change': True}
2024-10-14 22:08:31,986 : INFO : EventManager : Event: ======'machine_var_audits_switches_s_pop'====== Args={'value': 8, 'prev_value': None, 'change': True}
2024-10-14 22:08:31,986 : INFO : EventManager : Event: ======'machine_var_audits_switches_s_scissor_save'====== Args={'value': 0, 'prev_value': None, 'change': True}
2024-10-14 22:08:31,986 : INFO : EventManager : Event: ======'machine_var_audits_switches_s_sling_l'====== Args={'value': 6, 'prev_value': None, 'change': True}
2024-10-14 22:08:31,986 : INFO : EventManager : Event: ======'machine_var_audits_switches_s_start'====== Args={'value': 1, 'prev_value': None, 'change': True}
2024-10-14 22:08:31,986 : INFO : EventManager : Event: ======'machine_var_audits_switches_s_stationary_l'====== Args={'value': 2, 'prev_value': None, 'change': True}
2024-10-14 22:08:31,986 : INFO : EventManager : Event: ======'machine_var_audits_switches_s_stationary_m'====== Args={'value': 4, 'prev_value': None, 'change': True}
2024-10-14 22:08:31,987 : INFO : EventManager : Event: ======'machine_var_audits_switches_s_stationary_r'====== Args={'value': 1, 'prev_value': None, 'change': True}
2024-10-14 22:08:31,987 : INFO : EventManager : Event: ======'machine_var_audits_switches_s_subway'====== Args={'value': 4, 'prev_value': None, 'change': True}
2024-10-14 22:08:31,987 : INFO : EventManager : Event: ======'machine_var_audits_switches_s_tilt'====== Args={'value': 0, 'prev_value': None, 'change': True}
2024-10-14 22:08:31,987 : INFO : EventManager : Event: ======'machine_var_audits_switches_s_top'====== Args={'value': 0, 'prev_value': None, 'change': True}
2024-10-14 22:08:31,987 : INFO : EventManager : Event: ======'machine_var_audits_switches_s_top_mid'====== Args={'value': 0, 'prev_value': None, 'change': True}
2024-10-14 22:08:31,987 : INFO : EventManager : Event: ======'machine_var_audits_switches_s_trough_1'====== Args={'value': 14, 'prev_value': None, 'change': True}
2024-10-14 22:08:31,987 : INFO : EventManager : Event: ======'machine_var_audits_switches_s_trough_2'====== Args={'value': 8, 'prev_value': None, 'change': True}
2024-10-14 22:08:31,987 : INFO : EventManager : Event: ======'machine_var_audits_switches_s_trough_3'====== Args={'value': 9, 'prev_value': None, 'change': True}
2024-10-14 22:08:31,988 : INFO : EventManager : Event: ======'machine_var_audits_switches_s_trough_4'====== Args={'value': 24, 'prev_value': None, 'change': True}
2024-10-14 22:08:31,988 : INFO : EventManager : Event: ======'machine_var_audits_switches_s_trough_5'====== Args={'value': 7, 'prev_value': None, 'change': True}
2024-10-14 22:08:31,988 : INFO : EventManager : Event: ======'machine_var_audits_switches_s_trough_6'====== Args={'value': 14, 'prev_value': None, 'change': True}
2024-10-14 22:08:31,988 : INFO : EventManager : Event: ======'machine_var_audits_switches_s_trough_jam'====== Args={'value': 15, 'prev_value': None, 'change': True}
2024-10-14 22:08:31,988 : INFO : EventManager : Event: ======'machine_var_audits_switches_s_u_lane_l'====== Args={'value': 0, 'prev_value': None, 'change': True}
2024-10-14 22:08:31,988 : INFO : EventManager : Event: ======'machine_var_audits_switches_s_u_lane_r'====== Args={'value': 0, 'prev_value': None, 'change': True}
2024-10-14 22:08:31,988 : INFO : EventManager : Event: ======'machine_var_audits_switches_s_u_rollover'====== Args={'value': 0, 'prev_value': None, 'change': True}
2024-10-14 22:08:31,988 : INFO : EventManager : Event: ======'machine_var_audits_switches_s_u_target'====== Args={'value': 0, 'prev_value': None, 'change': True}
2024-10-14 22:08:31,989 : INFO : EventManager : Event: ======'machine_var_audits_switches_s_vuk_back'====== Args={'value': 5, 'prev_value': None, 'change': True}
2024-10-14 22:08:31,989 : INFO : EventManager : Event: ======'machine_var_audits_switches_s_vuk_upper'====== Args={'value': 23, 'prev_value': None, 'change': True}
2024-10-14 22:08:31,989 : INFO : EventManager : Event: ======'init_phase_5'====== Args={}
2024-10-14 22:08:31,992 : INFO : EventManager : Event: ======'init_done'====== Args={}
2024-10-14 22:08:31,992 : INFO : EventManager : Event: ======'machine_reset_phase_1'====== Args={}
2024-10-14 22:08:31,993 : INFO : EventManager : Event: ======'machine_reset_phase_2'====== Args={}
2024-10-14 22:08:31,993 : INFO : EventManager : Event: ======'machine_reset_phase_3'====== Args={}
2024-10-14 22:08:31,994 : INFO : EventManager : Event: ======'reset_complete'====== Args={}
2024-10-14 22:08:31,994 : INFO : EventManager : Event: ======'mode_attract_will_start'====== Args={}
2024-10-14 22:08:31,994 : INFO : EventManager : Event: ======'mode_attract_starting'====== Args={}
2024-10-14 22:08:31,994 : INFO : Mode.attract : Started. Priority: 10
2024-10-14 22:08:31,994 : INFO : EventManager : Event: ======'modes_active_modes_changed'====== Args={}
2024-10-14 22:08:31,994 : INFO : EventManager : Event: ======'mode_attract_started'====== Args={}
2024-10-14 22:08:31,994 : INFO : EventManager : Event: ======'collecting_balls'====== Args={}
2024-10-14 22:08:31,994 : INFO : ball_device.bd_vuk_back : Adding 1 ball(s) to the eject_queue with target <playfield.playfield>.
2024-10-14 22:08:31,994 : INFO : EventManager : Event: ======'balldevice_balls_available'====== Args={}
2024-10-14 22:08:31,994 : INFO : Machine : Starting the main run loop.
2024-10-14 22:08:31,994 : INFO : ball_device.bd_vuk_back : State: waiting_for_target_ready
2024-10-14 22:08:31,994 : INFO : EventManager : Event: ======'balldevice_bd_vuk_back_ball_eject_attempt'====== Args={'balls': 1, 'target': <playfield.playfield>, 'source': <ball_device.bd_vuk_back>, 'mechanical_eject': False, 'num_attempts': 0}
2024-10-14 22:08:31,995 : INFO : ball_device.bd_vuk_back : State: ejecting
2024-10-14 22:08:31,995 : INFO : ball_device.bd_vuk_back : Ejecting ball to <playfield.playfield>
2024-10-14 22:08:31,995 : INFO : EventManager : Event: ======'balldevice_bd_vuk_back_ejecting_ball'====== Args={'balls': 1, 'target': <playfield.playfield>, 'source': <ball_device.bd_vuk_back>, 'mechanical_eject': False, 'num_attempts': 0}
2024-10-14 22:08:31,995 : INFO : ball_device.bd_vuk_back : Wait for ball to leave device
2024-10-14 22:08:31,995 : INFO : coil.c_vuk_back : Pulsing Driver for 30ms (1.0 pulse_power)
2024-10-14 22:08:32,071 : INFO : SwitchController : <<<<<<< 's_vuk_back' inactive >>>>>>>
2024-10-14 22:08:32,072 : INFO : ball_device.bd_vuk_back : State: ball_left
2024-10-14 22:08:32,072 : INFO : ball_device.bd_vuk_back : Ball left
2024-10-14 22:08:32,072 : INFO : ball_device.bd_vuk_back : Wait for confirm with timeout 2.0
2024-10-14 22:08:34,073 : INFO : ball_device.bd_vuk_back : State: failed_confirm
2024-10-14 22:08:34,074 : INFO : ball_device.bd_vuk_back : Got timeout (2.0s) before confirm from <playfield.playfield>
2024-10-14 22:08:34,175 : INFO : ball_device.bd_vuk_back : Confirming eject because target is playfield and ball did not return.
2024-10-14 22:08:34,176 : INFO : ball_device.bd_vuk_back : Eject successful
2024-10-14 22:08:34,176 : INFO : EventManager : Event: ======'balldevice_bd_vuk_back_ball_eject_success'====== Args={'balls': 1, 'target': <playfield.playfield>}
2024-10-14 22:08:34,176 : INFO : EventManager : Event: ======'balldevice_playfield_ball_enter'====== Args={'new_balls': 1, 'unclaimed_balls': 1, 'device': <playfield.playfield>}
2024-10-14 22:08:34,177 : INFO : EventManager : Event: ======'playfield_ball_count_change'====== Args={'balls': 1, 'change': 1}
2024-10-14 22:08:34,177 : INFO : EventManager : Event: ======'balldevice_bd_vuk_back_ball_count_changed'====== Args={'balls': 0}
2024-10-14 22:08:34,177 : INFO : ball_device.bd_vuk_back : State: idle
2024-10-14 22:08:35,046 : INFO : SwitchController : <<<<<<< 's_launch' active >>>>>>>
2024-10-14 22:08:36,096 : INFO : SwitchController : <<<<<<< 's_launch' inactive >>>>>>>
2024-10-14 22:08:36,357 : INFO : SwitchController : <<<<<<< 's_inlane_r' active >>>>>>>
2024-10-14 22:08:36,427 : INFO : SwitchController : <<<<<<< 's_inlane_r' inactive >>>>>>>
2024-10-14 22:08:36,527 : INFO : SwitchController : <<<<<<< 's_inlane_r' active >>>>>>>
2024-10-14 22:08:36,595 : INFO : SwitchController : <<<<<<< 's_inlane_r' inactive >>>>>>>
2024-10-14 22:08:38,802 : INFO : SwitchController : <<<<<<< 's_start' active >>>>>>>
2024-10-14 22:08:38,963 : INFO : SwitchController : <<<<<<< 's_start' inactive >>>>>>>
2024-10-14 22:08:38,963 : INFO : EventManager : Event: ======'request_to_start_game'====== Args={}
2024-10-14 22:08:38,964 : INFO : EventManager : Event: ======'collecting_balls'====== Args={}
2024-10-14 22:08:38,965 : INFO : BallController : Known balls: 2
2024-10-14 22:08:38,965 : INFO : BallController : bd_middle_scoop contains 0 balls. Tags []
2024-10-14 22:08:38,965 : INFO : BallController : bd_trough contains 1 balls. Tags ['trough', 'home', 'drain']
2024-10-14 22:08:38,965 : INFO : BallController : bd_autolauncher contains 0 balls. Tags []
2024-10-14 22:08:38,965 : INFO : BallController : bd_kicker_orbit contains 0 balls. Tags []
2024-10-14 22:08:38,965 : INFO : BallController : bd_lower_vuk contains 0 balls. Tags []
2024-10-14 22:08:38,965 : INFO : BallController : bd_vuk_back contains 0 balls. Tags []
2024-10-14 22:08:38,966 : INFO : BallController : bd_vuk_upper contains 0 balls. Tags []
2024-10-14 22:08:38,966 : INFO : BallController : bd_b_lock contains 0 balls. Tags []
2024-10-14 22:08:38,966 : INFO : BallController : playfield contains 1 balls. Tags ['default']
2024-10-14 22:08:38,966 : WARNING : BallController : BallController denies game start. Balls are not in their home positions.
2024-10-14 22:08:40,631 : INFO : Machine : Shutting down...
2024-10-14 22:08:40,631 : INFO : EventManager : Event: ======'shutdown'====== Args={}
2024-10-14 22:08:40,739 : INFO : root : MPF run loop ended.
