2024-10-14 21:10:29,038 : INFO : root : Loading config.
2024-10-14 21:10:29,040 : INFO : YamlMultifileConfigLoader : Machine config file #1: config.yaml
2024-10-14 21:10:29,040 : WARNING : ConfigProcessor : Config file in cache changed: /Users/tannerpetch/Documents/GitHub/trashland_4/config/config.yaml
2024-10-14 21:10:29,040 : INFO : ConfigProcessor : Loading config from file /Library/Frameworks/Python.framework/Versions/3.9/lib/python3.9/site-packages/mpf/mpfconfig.yaml.
2024-10-14 21:10:29,045 : INFO : ConfigProcessor : Loading config: /Library/Frameworks/Python.framework/Versions/3.9/lib/python3.9/site-packages/mpf/mpfconfig.yaml
2024-10-14 21:10:29,045 : INFO : ConfigProcessor : Loading config from file /Users/tannerpetch/Documents/GitHub/trashland_4/config/config.yaml.
2024-10-14 21:10:29,049 : INFO : ConfigProcessor : Loading config: /Users/tannerpetch/Documents/GitHub/trashland_4/config/config.yaml
2024-10-14 21:10:29,051 : INFO : ConfigProcessor : Config file cache created: /var/folders/l2/q8hj_6s91xnb2jxg1sqm0h7r0000gn/T/fb4db0341b09a4be02e1d6b8eab00179.mpf_cache
2024-10-14 21:10:29,075 : INFO : ConfigProcessor : Loading config from cache: /var/folders/l2/q8hj_6s91xnb2jxg1sqm0h7r0000gn/T/c7af4841f7c2cabb0f971746daddf284.mpf_cache
2024-10-14 21:10:29,076 : INFO : ConfigProcessor : Loading config from cache: /var/folders/l2/q8hj_6s91xnb2jxg1sqm0h7r0000gn/T/edcc5f1d3215b377c9faab88c62e4ce0.mpf_cache
2024-10-14 21:10:29,076 : INFO : Machine : Mission Pinball Framework Core Engine v0.57.1.dev3
2024-10-14 21:10:29,076 : INFO : Machine : Command line arguments: {'no_load_cache': False, 'create_config_cache': True, 'bcp': False, 'configfile': ['config.yaml'], 'force_assets_load': False, 'platform_integration_test': False, 'jsonlogging': False, 'logfile': 'logs/2024-10-14-21-10-29-mpf-Tanners-Laptop.local.log', 'pause': False, 'production': False, 'text_ui': True, 'loglevel': 15, 'consoleloglevel': 20, 'force_platform': None, 'syslog_address': None, 'mc_file_name': None, 'no_sound': False}
2024-10-14 21:10:29,076 : INFO : Machine : MPF path: /Library/Frameworks/Python.framework/Versions/3.9/lib/python3.9/site-packages/mpf
2024-10-14 21:10:29,076 : INFO : Machine : Machine path: /Users/tannerpetch/Documents/GitHub/trashland_4
2024-10-14 21:10:29,076 : INFO : Machine : Platform: darwin
2024-10-14 21:10:29,076 : INFO : Machine : Python executable location: /Library/Frameworks/Python.framework/Versions/3.9/bin/python3.9
2024-10-14 21:10:29,076 : INFO : Machine : Python version: 3.9.13 (64-bit)
2024-10-14 21:10:29,076 : INFO : Machine : Initializing MPF...
2024-10-14 21:10:29,106 : INFO : FAST [NET] : Trying to connect to /dev/tty.usbmodem1401 at 921600bps
2024-10-14 21:10:29,114 : INFO : FAST [NET] : Connected to /dev/tty.usbmodem1401 at 921600bps
2024-10-14 21:10:29,115 : INFO : FAST [NET] : Connected to FP-CPU-2000 with firmware v02.21
2024-10-14 21:10:29,117 : INFO : FAST [NET] : Registered I/O Board 0: Model: FP-I/O-0804, Firmware: 01.10, Switches: 8, Drivers: 4
2024-10-14 21:10:29,118 : INFO : FAST [NET] : Registered I/O Board 1: Model: FP-I/O-0804, Firmware: 01.10, Switches: 8, Drivers: 4
2024-10-14 21:10:29,119 : INFO : FAST [NET] : Registered I/O Board 2: Model: FP-I/O-3208, Firmware: 01.10, Switches: 32, Drivers: 8
2024-10-14 21:10:29,120 : INFO : FAST [NET] : Registered I/O Board 3: Model: FP-I/O-1616, Firmware: 01.10, Switches: 16, Drivers: 16
2024-10-14 21:10:29,121 : INFO : FAST [NET] : Registered I/O Board 4: Model: FP-I/O-3208, Firmware: 01.10, Switches: 32, Drivers: 8
2024-10-14 21:10:29,121 : INFO : EventManager : Event: ======'machine_var_credits_string'====== Args={'value': 'FREE PLAY', 'prev_value': None, 'change': True}
2024-10-14 21:10:29,135 : INFO : EventManager : Event: ======'machine_var_master_volume'====== Args={'value': 0.5, 'prev_value': None, 'change': True}
2024-10-14 21:10:29,135 : INFO : EventManager : Event: ======'machine_var_player1_score'====== Args={'value': 0, 'prev_value': None, 'change': True}
2024-10-14 21:10:29,135 : INFO : EventManager : Event: ======'machine_var_mpf_version'====== Args={'value': 'Mission Pinball Framework v0.57.1.dev3', 'prev_value': None, 'change': True}
2024-10-14 21:10:29,135 : INFO : EventManager : Event: ======'machine_var_mpf_extended_version'====== Args={'value': 'Mission Pinball Framework v0.57.1.dev3, Config version:6, Show version: 6, BCP version:1.1', 'prev_value': None, 'change': True}
2024-10-14 21:10:29,135 : INFO : EventManager : Event: ======'machine_var_python_version'====== Args={'value': '3.9.13', 'prev_value': None, 'change': True}
2024-10-14 21:10:29,142 : INFO : EventManager : Event: ======'machine_var_platform'====== Args={'value': 'macOS-14.3-arm64-arm-64bit', 'prev_value': None, 'change': True}
2024-10-14 21:10:29,143 : INFO : EventManager : Event: ======'machine_var_platform_system'====== Args={'value': 'Darwin', 'prev_value': None, 'change': True}
2024-10-14 21:10:29,143 : INFO : EventManager : Event: ======'machine_var_platform_release'====== Args={'value': '23.3.0', 'prev_value': None, 'change': True}
2024-10-14 21:10:29,143 : INFO : EventManager : Event: ======'machine_var_platform_version'====== Args={'value': 'Darwin Kernel Version 23.3.0: Thu Dec 21 02:29:41 PST 2023; root:xnu-10002.81.5~11/RELEASE_ARM64_T8122', 'prev_value': None, 'change': True}
2024-10-14 21:10:29,143 : INFO : EventManager : Event: ======'machine_var_platform_machine'====== Args={'value': 'arm64', 'prev_value': None, 'change': True}
2024-10-14 21:10:29,143 : INFO : EventManager : Event: ======'init_phase_1'====== Args={}
2024-10-14 21:10:29,316 : WARNING : Machine : Iterating device collections directly is deprecated and will be removed. Access by value(): device_collections[switches] -> device_collections['switches'].values()
2024-10-14 21:10:29,316 : INFO : SwitchController : <<<<<<< 's_outlane_l' active >>>>>>>
2024-10-14 21:10:29,317 : INFO : SwitchController : <<<<<<< 's_drop_m' active >>>>>>>
2024-10-14 21:10:29,317 : INFO : SwitchController : <<<<<<< 's_drop_l' active >>>>>>>
2024-10-14 21:10:29,317 : INFO : SwitchController : <<<<<<< 's_drop_single' active >>>>>>>
2024-10-14 21:10:29,317 : INFO : SwitchController : <<<<<<< 's_vuk_back' active >>>>>>>
2024-10-14 21:10:29,317 : INFO : SwitchController : <<<<<<< 's_lock_1' active >>>>>>>
2024-10-14 21:10:29,317 : INFO : SwitchController : <<<<<<< 's_lock_2' active >>>>>>>
2024-10-14 21:10:29,317 : INFO : SwitchController : <<<<<<< 's_lock_3' active >>>>>>>
2024-10-14 21:10:29,317 : INFO : SwitchController : <<<<<<< 's_u_rollover' active >>>>>>>
2024-10-14 21:10:29,317 : INFO : SwitchController : <<<<<<< 's_u_target' active >>>>>>>
2024-10-14 21:10:29,317 : INFO : SwitchController : <<<<<<< 's_u_lane_r' active >>>>>>>
2024-10-14 21:10:29,317 : INFO : EventManager : Event: ======'init_phase_2'====== Args={}
2024-10-14 21:10:29,317 : INFO : SwitchController : Found active switch: (16, [FAST Platform Interface]) <switch.s_outlane_l>
2024-10-14 21:10:29,317 : INFO : SwitchController : Found active switch: (50, [FAST Platform Interface]) <switch.s_drop_m>
2024-10-14 21:10:29,317 : INFO : SwitchController : Found active switch: (51, [FAST Platform Interface]) <switch.s_drop_l>
2024-10-14 21:10:29,317 : INFO : SwitchController : Found active switch: (57, [FAST Platform Interface]) <switch.s_drop_single>
2024-10-14 21:10:29,317 : INFO : SwitchController : Found active switch: (66, [FAST Platform Interface]) <switch.s_vuk_back>
2024-10-14 21:10:29,317 : INFO : SwitchController : Found active switch: (88, [FAST Platform Interface]) <switch.s_lock_1>
2024-10-14 21:10:29,317 : INFO : SwitchController : Found active switch: (89, [FAST Platform Interface]) <switch.s_lock_2>
2024-10-14 21:10:29,317 : INFO : SwitchController : Found active switch: (90, [FAST Platform Interface]) <switch.s_lock_3>
2024-10-14 21:10:29,317 : INFO : SwitchController : Found active switch: (72, [FAST Platform Interface]) <switch.s_u_rollover>
2024-10-14 21:10:29,317 : INFO : SwitchController : Found active switch: (73, [FAST Platform Interface]) <switch.s_u_target>
2024-10-14 21:10:29,317 : INFO : SwitchController : Found active switch: (74, [FAST Platform Interface]) <switch.s_u_lane_r>
2024-10-14 21:10:29,319 : INFO : ball_device.bd_middle_scoop : BCH: Initial count: 0
2024-10-14 21:10:29,319 : INFO : ball_device.bd_middle_scoop : State: idle
2024-10-14 21:10:29,319 : INFO : ball_device.bd_trough : BCH: Initial count: 0
2024-10-14 21:10:29,319 : INFO : ball_device.bd_trough : State: idle
2024-10-14 21:10:29,319 : INFO : ball_device.bd_autolauncher : BCH: Initial count: 0
2024-10-14 21:10:29,319 : INFO : ball_device.bd_autolauncher : State: idle
2024-10-14 21:10:29,320 : INFO : ball_device.bd_kicker_orbit : BCH: Initial count: 0
2024-10-14 21:10:29,320 : INFO : ball_device.bd_kicker_orbit : State: idle
2024-10-14 21:10:29,320 : INFO : ball_device.bd_lower_vuk : BCH: Initial count: 0
2024-10-14 21:10:29,320 : INFO : ball_device.bd_lower_vuk : State: idle
2024-10-14 21:10:29,818 : INFO : ball_device.bd_vuk_back : BCH: Initial count: 1
2024-10-14 21:10:29,820 : INFO : ball_device.bd_vuk_back : State: idle
2024-10-14 21:10:29,821 : INFO : ball_device.bd_b_lock : BCH: Initial count: 1
2024-10-14 21:10:29,822 : INFO : ball_device.bd_b_lock : State: idle
2024-10-14 21:10:29,836 : INFO : EventManager : Event: ======'init_phase_3'====== Args={}
2024-10-14 21:10:29,837 : INFO : EventManager : Event: ======'init_phase_4'====== Args={}
2024-10-14 21:10:29,837 : INFO : BallController : Initial balls found: 2
2024-10-14 21:10:29,838 : INFO : EventManager : Event: ======'machine_var_audits_events_game_ended'====== Args={'value': 1, 'prev_value': None, 'change': True}
2024-10-14 21:10:29,838 : INFO : EventManager : Event: ======'machine_var_audits_events_game_started'====== Args={'value': 4, 'prev_value': None, 'change': True}
2024-10-14 21:10:29,838 : INFO : EventManager : Event: ======'machine_var_audits_missing_switches_s_bot'====== Args={'value': 4, 'prev_value': None, 'change': True}
2024-10-14 21:10:29,838 : INFO : EventManager : Event: ======'machine_var_audits_missing_switches_s_bot_mid'====== Args={'value': 4, 'prev_value': None, 'change': True}
2024-10-14 21:10:29,838 : INFO : EventManager : Event: ======'machine_var_audits_missing_switches_s_captive_l'====== Args={'value': 4, 'prev_value': None, 'change': True}
2024-10-14 21:10:29,838 : INFO : EventManager : Event: ======'machine_var_audits_missing_switches_s_captive_r'====== Args={'value': 4, 'prev_value': None, 'change': True}
2024-10-14 21:10:29,838 : INFO : EventManager : Event: ======'machine_var_audits_missing_switches_s_drop_l'====== Args={'value': 4, 'prev_value': None, 'change': True}
2024-10-14 21:10:29,838 : INFO : EventManager : Event: ======'machine_var_audits_missing_switches_s_drop_m'====== Args={'value': 2, 'prev_value': None, 'change': True}
2024-10-14 21:10:29,838 : INFO : EventManager : Event: ======'machine_var_audits_missing_switches_s_drop_r'====== Args={'value': 4, 'prev_value': None, 'change': True}
2024-10-14 21:10:29,838 : INFO : EventManager : Event: ======'machine_var_audits_missing_switches_s_drop_single'====== Args={'value': 4, 'prev_value': None, 'change': True}
2024-10-14 21:10:29,838 : INFO : EventManager : Event: ======'machine_var_audits_missing_switches_s_inlane_l'====== Args={'value': 2, 'prev_value': None, 'change': True}
2024-10-14 21:10:29,838 : INFO : EventManager : Event: ======'machine_var_audits_missing_switches_s_inlane_r'====== Args={'value': 2, 'prev_value': None, 'change': True}
2024-10-14 21:10:29,838 : INFO : EventManager : Event: ======'machine_var_audits_missing_switches_s_kicker_orbit'====== Args={'value': 2, 'prev_value': None, 'change': True}
2024-10-14 21:10:29,838 : INFO : EventManager : Event: ======'machine_var_audits_missing_switches_s_lower_orbit'====== Args={'value': 4, 'prev_value': None, 'change': True}
2024-10-14 21:10:29,838 : INFO : EventManager : Event: ======'machine_var_audits_missing_switches_s_lower_single'====== Args={'value': 4, 'prev_value': None, 'change': True}
2024-10-14 21:10:29,838 : INFO : EventManager : Event: ======'machine_var_audits_missing_switches_s_lower_sling'====== Args={'value': 4, 'prev_value': None, 'change': True}
2024-10-14 21:10:29,838 : INFO : EventManager : Event: ======'machine_var_audits_missing_switches_s_lower_transfer'====== Args={'value': 4, 'prev_value': None, 'change': True}
2024-10-14 21:10:29,838 : INFO : EventManager : Event: ======'machine_var_audits_missing_switches_s_lower_vuk'====== Args={'value': 4, 'prev_value': None, 'change': True}
2024-10-14 21:10:29,838 : INFO : EventManager : Event: ======'machine_var_audits_missing_switches_s_middle_scoop'====== Args={'value': 1, 'prev_value': None, 'change': True}
2024-10-14 21:10:29,839 : INFO : EventManager : Event: ======'machine_var_audits_missing_switches_s_orbit_small_l'====== Args={'value': 2, 'prev_value': None, 'change': True}
2024-10-14 21:10:29,839 : INFO : EventManager : Event: ======'machine_var_audits_missing_switches_s_orbit_small_r'====== Args={'value': 2, 'prev_value': None, 'change': True}
2024-10-14 21:10:29,839 : INFO : EventManager : Event: ======'machine_var_audits_missing_switches_s_outlane_l'====== Args={'value': 4, 'prev_value': None, 'change': True}
2024-10-14 21:10:29,839 : INFO : EventManager : Event: ======'machine_var_audits_missing_switches_s_outlane_r'====== Args={'value': 4, 'prev_value': None, 'change': True}
2024-10-14 21:10:29,839 : INFO : EventManager : Event: ======'machine_var_audits_missing_switches_s_pop'====== Args={'value': 1, 'prev_value': None, 'change': True}
2024-10-14 21:10:29,839 : INFO : EventManager : Event: ======'machine_var_audits_missing_switches_s_scissor_save'====== Args={'value': 4, 'prev_value': None, 'change': True}
2024-10-14 21:10:29,839 : INFO : EventManager : Event: ======'machine_var_audits_missing_switches_s_sling_l'====== Args={'value': 2, 'prev_value': None, 'change': True}
2024-10-14 21:10:29,839 : INFO : EventManager : Event: ======'machine_var_audits_missing_switches_s_start'====== Args={'value': 4, 'prev_value': None, 'change': True}
2024-10-14 21:10:29,839 : INFO : EventManager : Event: ======'machine_var_audits_missing_switches_s_stationary_l'====== Args={'value': 2, 'prev_value': None, 'change': True}
2024-10-14 21:10:29,839 : INFO : EventManager : Event: ======'machine_var_audits_missing_switches_s_stationary_m'====== Args={'value': 2, 'prev_value': None, 'change': True}
2024-10-14 21:10:29,839 : INFO : EventManager : Event: ======'machine_var_audits_missing_switches_s_stationary_r'====== Args={'value': 2, 'prev_value': None, 'change': True}
2024-10-14 21:10:29,839 : INFO : EventManager : Event: ======'machine_var_audits_missing_switches_s_subway'====== Args={'value': 2, 'prev_value': None, 'change': True}
2024-10-14 21:10:29,839 : INFO : EventManager : Event: ======'machine_var_audits_missing_switches_s_tilt'====== Args={'value': 4, 'prev_value': None, 'change': True}
2024-10-14 21:10:29,839 : INFO : EventManager : Event: ======'machine_var_audits_missing_switches_s_top'====== Args={'value': 4, 'prev_value': None, 'change': True}
2024-10-14 21:10:29,839 : INFO : EventManager : Event: ======'machine_var_audits_missing_switches_s_top_mid'====== Args={'value': 4, 'prev_value': None, 'change': True}
2024-10-14 21:10:29,839 : INFO : EventManager : Event: ======'machine_var_audits_missing_switches_s_trough_1'====== Args={'value': 2, 'prev_value': None, 'change': True}
2024-10-14 21:10:29,839 : INFO : EventManager : Event: ======'machine_var_audits_missing_switches_s_trough_2'====== Args={'value': 2, 'prev_value': None, 'change': True}
2024-10-14 21:10:29,839 : INFO : EventManager : Event: ======'machine_var_audits_missing_switches_s_trough_3'====== Args={'value': 2, 'prev_value': None, 'change': True}
2024-10-14 21:10:29,840 : INFO : EventManager : Event: ======'machine_var_audits_missing_switches_s_trough_5'====== Args={'value': 2, 'prev_value': None, 'change': True}
2024-10-14 21:10:29,840 : INFO : EventManager : Event: ======'machine_var_audits_missing_switches_s_trough_6'====== Args={'value': 2, 'prev_value': None, 'change': True}
2024-10-14 21:10:29,840 : INFO : EventManager : Event: ======'machine_var_audits_missing_switches_s_trough_jam'====== Args={'value': 1, 'prev_value': None, 'change': True}
2024-10-14 21:10:29,840 : INFO : EventManager : Event: ======'machine_var_audits_player_score'====== Args={'value': {'average': 0, 'top': [0], 'total': 1}, 'prev_value': None, 'change': True}
2024-10-14 21:10:29,840 : INFO : EventManager : Event: ======'machine_var_audits_switches_s_autolauncher'====== Args={'value': 5, 'prev_value': None, 'change': True}
2024-10-14 21:10:29,840 : INFO : EventManager : Event: ======'machine_var_audits_switches_s_bot'====== Args={'value': 0, 'prev_value': None, 'change': True}
2024-10-14 21:10:29,840 : INFO : EventManager : Event: ======'machine_var_audits_switches_s_bot_mid'====== Args={'value': 0, 'prev_value': None, 'change': True}
2024-10-14 21:10:29,840 : INFO : EventManager : Event: ======'machine_var_audits_switches_s_captive_l'====== Args={'value': 0, 'prev_value': None, 'change': True}
2024-10-14 21:10:29,840 : INFO : EventManager : Event: ======'machine_var_audits_switches_s_captive_r'====== Args={'value': 0, 'prev_value': None, 'change': True}
2024-10-14 21:10:29,840 : INFO : EventManager : Event: ======'machine_var_audits_switches_s_drop_l'====== Args={'value': 0, 'prev_value': None, 'change': True}
2024-10-14 21:10:29,840 : INFO : EventManager : Event: ======'machine_var_audits_switches_s_drop_m'====== Args={'value': 1, 'prev_value': None, 'change': True}
2024-10-14 21:10:29,840 : INFO : EventManager : Event: ======'machine_var_audits_switches_s_drop_r'====== Args={'value': 0, 'prev_value': None, 'change': True}
2024-10-14 21:10:29,840 : INFO : EventManager : Event: ======'machine_var_audits_switches_s_drop_single'====== Args={'value': 0, 'prev_value': None, 'change': True}
2024-10-14 21:10:29,840 : INFO : EventManager : Event: ======'machine_var_audits_switches_s_flipper_but_l_1'====== Args={'value': 47, 'prev_value': None, 'change': True}
2024-10-14 21:10:29,841 : INFO : EventManager : Event: ======'machine_var_audits_switches_s_flipper_but_l_2'====== Args={'value': 45, 'prev_value': None, 'change': True}
2024-10-14 21:10:29,841 : INFO : EventManager : Event: ======'machine_var_audits_switches_s_flipper_but_r_1'====== Args={'value': 38, 'prev_value': None, 'change': True}
2024-10-14 21:10:29,841 : INFO : EventManager : Event: ======'machine_var_audits_switches_s_flipper_but_r_2'====== Args={'value': 36, 'prev_value': None, 'change': True}
2024-10-14 21:10:29,841 : INFO : EventManager : Event: ======'machine_var_audits_switches_s_flipper_l'====== Args={'value': 54, 'prev_value': None, 'change': True}
2024-10-14 21:10:29,841 : INFO : EventManager : Event: ======'machine_var_audits_switches_s_flipper_r'====== Args={'value': 65, 'prev_value': None, 'change': True}
2024-10-14 21:10:29,841 : INFO : EventManager : Event: ======'machine_var_audits_switches_s_flipper_upper_l'====== Args={'value': 41, 'prev_value': None, 'change': True}
2024-10-14 21:10:29,841 : INFO : EventManager : Event: ======'machine_var_audits_switches_s_inlane_l'====== Args={'value': 1, 'prev_value': None, 'change': True}
2024-10-14 21:10:29,841 : INFO : EventManager : Event: ======'machine_var_audits_switches_s_inlane_r'====== Args={'value': 5, 'prev_value': None, 'change': True}
2024-10-14 21:10:29,841 : INFO : EventManager : Event: ======'machine_var_audits_switches_s_kicker_orbit'====== Args={'value': 1, 'prev_value': None, 'change': True}
2024-10-14 21:10:29,841 : INFO : EventManager : Event: ======'machine_var_audits_switches_s_kicking_target'====== Args={'value': 8, 'prev_value': None, 'change': True}
2024-10-14 21:10:29,841 : INFO : EventManager : Event: ======'machine_var_audits_switches_s_launch'====== Args={'value': 9, 'prev_value': None, 'change': True}
2024-10-14 21:10:29,841 : INFO : EventManager : Event: ======'machine_var_audits_switches_s_lower_orbit'====== Args={'value': 0, 'prev_value': None, 'change': True}
2024-10-14 21:10:29,841 : INFO : EventManager : Event: ======'machine_var_audits_switches_s_lower_single'====== Args={'value': 0, 'prev_value': None, 'change': True}
2024-10-14 21:10:29,842 : INFO : EventManager : Event: ======'machine_var_audits_switches_s_lower_sling'====== Args={'value': 0, 'prev_value': None, 'change': True}
2024-10-14 21:10:29,842 : INFO : EventManager : Event: ======'machine_var_audits_switches_s_lower_transfer'====== Args={'value': 0, 'prev_value': None, 'change': True}
2024-10-14 21:10:29,842 : INFO : EventManager : Event: ======'machine_var_audits_switches_s_lower_vuk'====== Args={'value': 0, 'prev_value': None, 'change': True}
2024-10-14 21:10:29,842 : INFO : EventManager : Event: ======'machine_var_audits_switches_s_middle_scoop'====== Args={'value': 2, 'prev_value': None, 'change': True}
2024-10-14 21:10:29,842 : INFO : EventManager : Event: ======'machine_var_audits_switches_s_orbit_small_l'====== Args={'value': 2, 'prev_value': None, 'change': True}
2024-10-14 21:10:29,842 : INFO : EventManager : Event: ======'machine_var_audits_switches_s_orbit_small_r'====== Args={'value': 1, 'prev_value': None, 'change': True}
2024-10-14 21:10:29,842 : INFO : EventManager : Event: ======'machine_var_audits_switches_s_outlane_l'====== Args={'value': 0, 'prev_value': None, 'change': True}
2024-10-14 21:10:29,842 : INFO : EventManager : Event: ======'machine_var_audits_switches_s_outlane_r'====== Args={'value': 0, 'prev_value': None, 'change': True}
2024-10-14 21:10:29,842 : INFO : EventManager : Event: ======'machine_var_audits_switches_s_pop'====== Args={'value': 5, 'prev_value': None, 'change': True}
2024-10-14 21:10:29,842 : INFO : EventManager : Event: ======'machine_var_audits_switches_s_scissor_save'====== Args={'value': 0, 'prev_value': None, 'change': True}
2024-10-14 21:10:29,842 : INFO : EventManager : Event: ======'machine_var_audits_switches_s_sling_l'====== Args={'value': 6, 'prev_value': None, 'change': True}
2024-10-14 21:10:29,843 : INFO : EventManager : Event: ======'machine_var_audits_switches_s_start'====== Args={'value': 0, 'prev_value': None, 'change': True}
2024-10-14 21:10:29,843 : INFO : EventManager : Event: ======'machine_var_audits_switches_s_stationary_l'====== Args={'value': 1, 'prev_value': None, 'change': True}
2024-10-14 21:10:29,843 : INFO : EventManager : Event: ======'machine_var_audits_switches_s_stationary_m'====== Args={'value': 3, 'prev_value': None, 'change': True}
2024-10-14 21:10:29,843 : INFO : EventManager : Event: ======'machine_var_audits_switches_s_stationary_r'====== Args={'value': 1, 'prev_value': None, 'change': True}
2024-10-14 21:10:29,843 : INFO : EventManager : Event: ======'machine_var_audits_switches_s_subway'====== Args={'value': 3, 'prev_value': None, 'change': True}
2024-10-14 21:10:29,843 : INFO : EventManager : Event: ======'machine_var_audits_switches_s_tilt'====== Args={'value': 0, 'prev_value': None, 'change': True}
2024-10-14 21:10:29,843 : INFO : EventManager : Event: ======'machine_var_audits_switches_s_top'====== Args={'value': 0, 'prev_value': None, 'change': True}
2024-10-14 21:10:29,843 : INFO : EventManager : Event: ======'machine_var_audits_switches_s_top_mid'====== Args={'value': 0, 'prev_value': None, 'change': True}
2024-10-14 21:10:29,844 : INFO : EventManager : Event: ======'machine_var_audits_switches_s_trough_1'====== Args={'value': 6, 'prev_value': None, 'change': True}
2024-10-14 21:10:29,844 : INFO : EventManager : Event: ======'machine_var_audits_switches_s_trough_2'====== Args={'value': 3, 'prev_value': None, 'change': True}
2024-10-14 21:10:29,844 : INFO : EventManager : Event: ======'machine_var_audits_switches_s_trough_3'====== Args={'value': 4, 'prev_value': None, 'change': True}
2024-10-14 21:10:29,844 : INFO : EventManager : Event: ======'machine_var_audits_switches_s_trough_4'====== Args={'value': 8, 'prev_value': None, 'change': True}
2024-10-14 21:10:29,844 : INFO : EventManager : Event: ======'machine_var_audits_switches_s_trough_5'====== Args={'value': 3, 'prev_value': None, 'change': True}
2024-10-14 21:10:29,844 : INFO : EventManager : Event: ======'machine_var_audits_switches_s_trough_6'====== Args={'value': 6, 'prev_value': None, 'change': True}
2024-10-14 21:10:29,844 : INFO : EventManager : Event: ======'machine_var_audits_switches_s_trough_jam'====== Args={'value': 4, 'prev_value': None, 'change': True}
2024-10-14 21:10:29,844 : INFO : EventManager : Event: ======'machine_var_audits_switches_s_b_rollover_loop'====== Args={'value': 0, 'prev_value': None, 'change': True}
2024-10-14 21:10:29,844 : INFO : EventManager : Event: ======'machine_var_audits_switches_s_vuk_back'====== Args={'value': 0, 'prev_value': None, 'change': True}
2024-10-14 21:10:29,845 : INFO : EventManager : Event: ======'machine_var_audits_switches_s_u_target'====== Args={'value': 0, 'prev_value': None, 'change': True}
2024-10-14 21:10:29,845 : INFO : EventManager : Event: ======'machine_var_audits_switches_s_b_target_right'====== Args={'value': 0, 'prev_value': None, 'change': True}
2024-10-14 21:10:29,845 : INFO : EventManager : Event: ======'machine_var_audits_switches_s_b_target_left'====== Args={'value': 0, 'prev_value': None, 'change': True}
2024-10-14 21:10:29,845 : INFO : EventManager : Event: ======'machine_var_audits_switches_s_b_pop'====== Args={'value': 0, 'prev_value': None, 'change': True}
2024-10-14 21:10:29,845 : INFO : EventManager : Event: ======'machine_var_audits_switches_s_lock_1'====== Args={'value': 0, 'prev_value': None, 'change': True}
2024-10-14 21:10:29,845 : INFO : EventManager : Event: ======'machine_var_audits_switches_s_u_rollover'====== Args={'value': 0, 'prev_value': None, 'change': True}
2024-10-14 21:10:29,845 : INFO : EventManager : Event: ======'machine_var_audits_switches_s_b_eos'====== Args={'value': 0, 'prev_value': None, 'change': True}
2024-10-14 21:10:29,845 : INFO : EventManager : Event: ======'machine_var_audits_switches_s_b_rollover_interchange'====== Args={'value': 0, 'prev_value': None, 'change': True}
2024-10-14 21:10:29,845 : INFO : EventManager : Event: ======'machine_var_audits_switches_s_u_lane_l'====== Args={'value': 0, 'prev_value': None, 'change': True}
2024-10-14 21:10:29,846 : INFO : EventManager : Event: ======'machine_var_audits_switches_s_u_lane_r'====== Args={'value': 0, 'prev_value': None, 'change': True}
2024-10-14 21:10:29,846 : INFO : EventManager : Event: ======'machine_var_audits_switches_s_lock_2'====== Args={'value': 0, 'prev_value': None, 'change': True}
2024-10-14 21:10:29,846 : INFO : EventManager : Event: ======'machine_var_audits_switches_s_lock_3'====== Args={'value': 0, 'prev_value': None, 'change': True}
2024-10-14 21:10:29,846 : INFO : EventManager : Event: ======'machine_var_audits_switches_s_b_rollover_misc'====== Args={'value': 0, 'prev_value': None, 'change': True}
2024-10-14 21:10:29,846 : INFO : EventManager : Event: ======'init_phase_5'====== Args={}
2024-10-14 21:10:29,846 : INFO : EventManager : Event: ======'init_done'====== Args={}
2024-10-14 21:10:29,846 : INFO : EventManager : Event: ======'machine_reset_phase_1'====== Args={}
2024-10-14 21:10:29,847 : INFO : EventManager : Event: ======'machine_reset_phase_2'====== Args={}
2024-10-14 21:10:29,848 : INFO : EventManager : Event: ======'machine_reset_phase_3'====== Args={}
2024-10-14 21:10:29,848 : INFO : EventManager : Event: ======'reset_complete'====== Args={}
2024-10-14 21:10:29,848 : INFO : EventManager : Event: ======'mode_attract_will_start'====== Args={}
2024-10-14 21:10:29,848 : INFO : EventManager : Event: ======'mode_attract_starting'====== Args={}
2024-10-14 21:10:29,848 : INFO : Mode.attract : Started. Priority: 10
2024-10-14 21:10:29,848 : INFO : EventManager : Event: ======'modes_active_modes_changed'====== Args={}
2024-10-14 21:10:29,848 : INFO : EventManager : Event: ======'mode_attract_started'====== Args={}
2024-10-14 21:10:29,848 : INFO : EventManager : Event: ======'collecting_balls'====== Args={}
2024-10-14 21:10:29,848 : INFO : ball_device.bd_vuk_back : Adding 1 ball(s) to the eject_queue with target <playfield.playfield>.
2024-10-14 21:10:29,848 : INFO : EventManager : Event: ======'balldevice_balls_available'====== Args={}
2024-10-14 21:10:29,848 : INFO : ball_device.bd_b_lock : Adding 1 ball(s) to the eject_queue with target <playfield.playfield>.
2024-10-14 21:10:29,848 : INFO : EventManager : Event: ======'balldevice_balls_available'====== Args={}
2024-10-14 21:10:29,851 : INFO : Machine : Starting the main run loop.
2024-10-14 21:10:29,851 : INFO : ball_device.bd_vuk_back : State: waiting_for_target_ready
2024-10-14 21:10:29,851 : INFO : EventManager : Event: ======'balldevice_bd_vuk_back_ball_eject_attempt'====== Args={'balls': 1, 'target': <playfield.playfield>, 'source': <ball_device.bd_vuk_back>, 'mechanical_eject': False, 'num_attempts': 0}
2024-10-14 21:10:29,851 : INFO : ball_device.bd_b_lock : State: waiting_for_target_ready
2024-10-14 21:10:29,851 : INFO : EventManager : Event: ======'balldevice_bd_b_lock_ball_eject_attempt'====== Args={'balls': 1, 'target': <playfield.playfield>, 'source': <ball_device.bd_b_lock>, 'mechanical_eject': False, 'num_attempts': 0}
2024-10-14 21:10:29,851 : INFO : ball_device.bd_b_lock : State: ejecting
2024-10-14 21:10:29,852 : INFO : ball_device.bd_b_lock : Ejecting ball to <playfield.playfield>
2024-10-14 21:10:29,852 : INFO : EventManager : Event: ======'balldevice_bd_b_lock_ejecting_ball'====== Args={'balls': 1, 'target': <playfield.playfield>, 'source': <ball_device.bd_b_lock>, 'mechanical_eject': False, 'num_attempts': 0}
2024-10-14 21:10:29,852 : INFO : ball_device.bd_vuk_back : State: ejecting
2024-10-14 21:10:29,852 : INFO : ball_device.bd_vuk_back : Ejecting ball to <playfield.playfield>
2024-10-14 21:10:29,852 : INFO : EventManager : Event: ======'balldevice_bd_vuk_back_ejecting_ball'====== Args={'balls': 1, 'target': <playfield.playfield>, 'source': <ball_device.bd_vuk_back>, 'mechanical_eject': False, 'num_attempts': 0}
2024-10-14 21:10:29,852 : INFO : ball_device.bd_vuk_back : Wait for ball to leave device
2024-10-14 21:10:29,852 : INFO : coil.c_vuk_back : Pulsing Driver for 30ms (1.0 pulse_power)
2024-10-14 21:10:29,852 : INFO : ball_device.bd_b_lock : Wait for ball to leave device
2024-10-14 21:10:29,893 : INFO : coil.c_b_lock : Pulsing Driver for 100ms (0.7 pulse_power)
2024-10-14 21:10:31,144 : INFO : SwitchController : <<<<<<< 's_kicking_target' active >>>>>>>
2024-10-14 21:10:31,166 : INFO : SwitchController : <<<<<<< 's_kicking_target' inactive >>>>>>>
2024-10-14 21:10:31,435 : INFO : SwitchController : <<<<<<< 's_pop' active >>>>>>>
2024-10-14 21:10:31,443 : INFO : SwitchController : <<<<<<< 's_pop' inactive >>>>>>>
2024-10-14 21:10:31,817 : INFO : SwitchController : <<<<<<< 's_pop' active >>>>>>>
2024-10-14 21:10:31,854 : INFO : EventManager : Event: ======'balldevice_bd_vuk_back_ball_eject_failed'====== Args={'target': <playfield.playfield>, 'balls': 1, 'retry': True, 'num_attempts': 1}
2024-10-14 21:10:31,854 : INFO : EventManager : Event: ======'balldevice_bd_b_lock_ball_eject_failed'====== Args={'target': <playfield.playfield>, 'balls': 1, 'retry': True, 'num_attempts': 1}
2024-10-14 21:10:31,855 : INFO : ball_device.bd_b_lock : State: waiting_for_target_ready
2024-10-14 21:10:31,856 : INFO : EventManager : Event: ======'balldevice_bd_b_lock_ball_eject_attempt'====== Args={'balls': 1, 'target': <playfield.playfield>, 'source': <ball_device.bd_b_lock>, 'mechanical_eject': False, 'num_attempts': 1}
2024-10-14 21:10:31,856 : INFO : ball_device.bd_vuk_back : State: waiting_for_target_ready
2024-10-14 21:10:31,856 : INFO : EventManager : Event: ======'balldevice_bd_vuk_back_ball_eject_attempt'====== Args={'balls': 1, 'target': <playfield.playfield>, 'source': <ball_device.bd_vuk_back>, 'mechanical_eject': False, 'num_attempts': 1}
2024-10-14 21:10:31,856 : INFO : ball_device.bd_vuk_back : State: ejecting
2024-10-14 21:10:31,856 : INFO : ball_device.bd_vuk_back : Ejecting ball to <playfield.playfield>
2024-10-14 21:10:31,857 : INFO : EventManager : Event: ======'balldevice_bd_vuk_back_ejecting_ball'====== Args={'balls': 1, 'target': <playfield.playfield>, 'source': <ball_device.bd_vuk_back>, 'mechanical_eject': False, 'num_attempts': 1}
2024-10-14 21:10:31,857 : INFO : ball_device.bd_b_lock : State: ejecting
2024-10-14 21:10:31,857 : INFO : ball_device.bd_b_lock : Ejecting ball to <playfield.playfield>
2024-10-14 21:10:31,857 : INFO : EventManager : Event: ======'balldevice_bd_b_lock_ejecting_ball'====== Args={'balls': 1, 'target': <playfield.playfield>, 'source': <ball_device.bd_b_lock>, 'mechanical_eject': False, 'num_attempts': 1}
2024-10-14 21:10:31,858 : INFO : ball_device.bd_b_lock : Wait for ball to leave device
2024-10-14 21:10:31,858 : INFO : coil.c_b_lock : Pulsing Driver for 100ms (0.7 pulse_power)
2024-10-14 21:10:31,858 : INFO : ball_device.bd_vuk_back : Wait for ball to leave device
2024-10-14 21:10:31,886 : INFO : SwitchController : <<<<<<< 's_pop' inactive >>>>>>>
2024-10-14 21:10:31,969 : INFO : coil.c_vuk_back : Pulsing Driver for 30ms (1.0 pulse_power)
2024-10-14 21:10:32,761 : INFO : SwitchController : <<<<<<< 's_pop' active >>>>>>>
2024-10-14 21:10:32,846 : INFO : SwitchController : <<<<<<< 's_pop' inactive >>>>>>>
2024-10-14 21:10:32,925 : INFO : SwitchController : <<<<<<< 's_flipper_l' active >>>>>>>
2024-10-14 21:10:33,047 : INFO : SwitchController : <<<<<<< 's_flipper_l' inactive >>>>>>>
2024-10-14 21:10:33,860 : INFO : EventManager : Event: ======'balldevice_bd_b_lock_ball_eject_failed'====== Args={'target': <playfield.playfield>, 'balls': 1, 'retry': True, 'num_attempts': 2}
2024-10-14 21:10:33,860 : INFO : EventManager : Event: ======'balldevice_bd_vuk_back_ball_eject_failed'====== Args={'target': <playfield.playfield>, 'balls': 1, 'retry': True, 'num_attempts': 2}
2024-10-14 21:10:33,862 : INFO : ball_device.bd_vuk_back : State: waiting_for_target_ready
2024-10-14 21:10:33,862 : INFO : EventManager : Event: ======'balldevice_bd_vuk_back_ball_eject_attempt'====== Args={'balls': 1, 'target': <playfield.playfield>, 'source': <ball_device.bd_vuk_back>, 'mechanical_eject': False, 'num_attempts': 2}
2024-10-14 21:10:33,863 : INFO : ball_device.bd_b_lock : State: waiting_for_target_ready
2024-10-14 21:10:33,863 : INFO : EventManager : Event: ======'balldevice_bd_b_lock_ball_eject_attempt'====== Args={'balls': 1, 'target': <playfield.playfield>, 'source': <ball_device.bd_b_lock>, 'mechanical_eject': False, 'num_attempts': 2}
2024-10-14 21:10:33,863 : INFO : ball_device.bd_b_lock : State: ejecting
2024-10-14 21:10:33,863 : INFO : ball_device.bd_b_lock : Ejecting ball to <playfield.playfield>
2024-10-14 21:10:33,863 : INFO : EventManager : Event: ======'balldevice_bd_b_lock_ejecting_ball'====== Args={'balls': 1, 'target': <playfield.playfield>, 'source': <ball_device.bd_b_lock>, 'mechanical_eject': False, 'num_attempts': 2}
2024-10-14 21:10:33,863 : INFO : ball_device.bd_vuk_back : State: ejecting
2024-10-14 21:10:33,863 : INFO : ball_device.bd_vuk_back : Ejecting ball to <playfield.playfield>
2024-10-14 21:10:33,864 : INFO : EventManager : Event: ======'balldevice_bd_vuk_back_ejecting_ball'====== Args={'balls': 1, 'target': <playfield.playfield>, 'source': <ball_device.bd_vuk_back>, 'mechanical_eject': False, 'num_attempts': 2}
2024-10-14 21:10:33,864 : INFO : ball_device.bd_vuk_back : Wait for ball to leave device
2024-10-14 21:10:33,865 : INFO : coil.c_vuk_back : Pulsing Driver for 30ms (1.0 pulse_power)
2024-10-14 21:10:33,865 : INFO : ball_device.bd_b_lock : Wait for ball to leave device
2024-10-14 21:10:33,905 : INFO : coil.c_b_lock : Pulsing Driver for 100ms (0.7 pulse_power)
2024-10-14 21:10:34,082 : INFO : SwitchController : <<<<<<< 's_trough_6' active >>>>>>>
2024-10-14 21:10:34,205 : INFO : SwitchController : <<<<<<< 's_trough_6' inactive >>>>>>>
2024-10-14 21:10:34,264 : INFO : SwitchController : <<<<<<< 's_trough_5' active >>>>>>>
2024-10-14 21:10:34,344 : INFO : SwitchController : <<<<<<< 's_trough_5' inactive >>>>>>>
2024-10-14 21:10:34,392 : INFO : SwitchController : <<<<<<< 's_trough_4' active >>>>>>>
2024-10-14 21:10:34,460 : INFO : SwitchController : <<<<<<< 's_trough_4' inactive >>>>>>>
2024-10-14 21:10:34,498 : INFO : SwitchController : <<<<<<< 's_trough_3' active >>>>>>>
2024-10-14 21:10:34,563 : INFO : SwitchController : <<<<<<< 's_trough_3' inactive >>>>>>>
2024-10-14 21:10:34,601 : INFO : SwitchController : <<<<<<< 's_trough_2' active >>>>>>>
2024-10-14 21:10:34,654 : INFO : SwitchController : <<<<<<< 's_trough_2' inactive >>>>>>>
2024-10-14 21:10:34,674 : INFO : SwitchController : <<<<<<< 's_trough_1' active >>>>>>>
2024-10-14 21:10:34,780 : INFO : SwitchController : <<<<<<< 's_trough_1' inactive >>>>>>>
2024-10-14 21:10:34,888 : INFO : SwitchController : <<<<<<< 's_trough_1' active >>>>>>>
2024-10-14 21:10:35,390 : INFO : EventManager : Event: ======'balldevice_bd_trough_ball_count_changed'====== Args={'balls': 1}
2024-10-14 21:10:35,390 : INFO : ball_device.bd_trough : Received unexpected ball
2024-10-14 21:10:35,390 : INFO : EventManager : Event: ======'balldevice_captured_from_playfield'====== Args={'balls': 1}
2024-10-14 21:10:35,391 : INFO : EventManager : Event: ======'sw_playfield_active'====== Args={'balls': 1}
2024-10-14 21:10:35,391 : INFO : EventManager : Event: ======'playfield_active'====== Args={}
2024-10-14 21:10:35,391 : INFO : EventManager : Event: ======'playfield_ball_count_change'====== Args={'balls': -1, 'change': -1}
2024-10-14 21:10:35,392 : INFO : EventManager : Event: ======'balldevice_playfield_ball_enter'====== Args={'new_balls': 1, 'unclaimed_balls': 1, 'device': <playfield.playfield>}
2024-10-14 21:10:35,392 : INFO : EventManager : Event: ======'playfield_ball_count_change'====== Args={'balls': 0, 'change': 1}
2024-10-14 21:10:35,392 : INFO : BallController : Found a new ball which was captured from playfield. Known balls: 3
2024-10-14 21:10:35,393 : INFO : EventManager : Event: ======'found_new_ball'====== Args={}
2024-10-14 21:10:35,393 : INFO : EventManager : Event: ======'balldevice_bd_trough_ball_enter'====== Args={'new_balls': 1, 'unclaimed_balls': 1, 'new_available_balls': 1, 'device': <ball_device.bd_trough>}
2024-10-14 21:10:35,393 : INFO : EventManager : Event: ======'ball_drain'====== Args={'device': <ball_device.bd_trough>, 'balls': 1}
2024-10-14 21:10:35,393 : INFO : EventManager : Event: ======'balldevice_balls_available'====== Args={}
2024-10-14 21:10:35,393 : INFO : EventManager : Event: ======'balldevice_bd_trough_ball_entered'====== Args={'new_balls': 1, 'device': <ball_device.bd_trough>}
2024-10-14 21:10:35,866 : INFO : EventManager : Event: ======'balldevice_bd_vuk_back_ball_eject_failed'====== Args={'target': <playfield.playfield>, 'balls': 1, 'retry': True, 'num_attempts': 3}
2024-10-14 21:10:35,867 : INFO : EventManager : Event: ======'balldevice_bd_b_lock_ball_eject_failed'====== Args={'target': <playfield.playfield>, 'balls': 1, 'retry': True, 'num_attempts': 3}
2024-10-14 21:10:35,869 : INFO : ball_device.bd_b_lock : State: waiting_for_target_ready
2024-10-14 21:10:35,869 : INFO : EventManager : Event: ======'balldevice_bd_b_lock_ball_eject_attempt'====== Args={'balls': 1, 'target': <playfield.playfield>, 'source': <ball_device.bd_b_lock>, 'mechanical_eject': False, 'num_attempts': 3}
2024-10-14 21:10:35,870 : INFO : ball_device.bd_vuk_back : State: waiting_for_target_ready
2024-10-14 21:10:35,870 : INFO : EventManager : Event: ======'balldevice_bd_vuk_back_ball_eject_attempt'====== Args={'balls': 1, 'target': <playfield.playfield>, 'source': <ball_device.bd_vuk_back>, 'mechanical_eject': False, 'num_attempts': 3}
2024-10-14 21:10:35,871 : INFO : ball_device.bd_vuk_back : State: ejecting
2024-10-14 21:10:35,871 : INFO : ball_device.bd_vuk_back : Ejecting ball to <playfield.playfield>
2024-10-14 21:10:35,871 : INFO : EventManager : Event: ======'balldevice_bd_vuk_back_ejecting_ball'====== Args={'balls': 1, 'target': <playfield.playfield>, 'source': <ball_device.bd_vuk_back>, 'mechanical_eject': False, 'num_attempts': 3}
2024-10-14 21:10:35,871 : INFO : ball_device.bd_b_lock : State: ejecting
2024-10-14 21:10:35,871 : INFO : ball_device.bd_b_lock : Ejecting ball to <playfield.playfield>
2024-10-14 21:10:35,871 : INFO : EventManager : Event: ======'balldevice_bd_b_lock_ejecting_ball'====== Args={'balls': 1, 'target': <playfield.playfield>, 'source': <ball_device.bd_b_lock>, 'mechanical_eject': False, 'num_attempts': 3}
2024-10-14 21:10:35,872 : INFO : ball_device.bd_b_lock : Wait for ball to leave device
2024-10-14 21:10:35,872 : INFO : coil.c_b_lock : Pulsing Driver for 100ms (0.7 pulse_power)
2024-10-14 21:10:35,872 : INFO : ball_device.bd_vuk_back : Wait for ball to leave device
2024-10-14 21:10:35,983 : INFO : coil.c_vuk_back : Pulsing Driver for 30ms (1.0 pulse_power)
2024-10-14 21:10:37,874 : INFO : EventManager : Event: ======'balldevice_bd_b_lock_ball_eject_failed'====== Args={'target': <playfield.playfield>, 'balls': 1, 'retry': True, 'num_attempts': 4}
2024-10-14 21:10:37,875 : INFO : EventManager : Event: ======'balldevice_bd_vuk_back_ball_eject_failed'====== Args={'target': <playfield.playfield>, 'balls': 1, 'retry': True, 'num_attempts': 4}
2024-10-14 21:10:37,877 : INFO : ball_device.bd_vuk_back : State: waiting_for_target_ready
2024-10-14 21:10:37,877 : INFO : EventManager : Event: ======'balldevice_bd_vuk_back_ball_eject_attempt'====== Args={'balls': 1, 'target': <playfield.playfield>, 'source': <ball_device.bd_vuk_back>, 'mechanical_eject': False, 'num_attempts': 4}
2024-10-14 21:10:37,877 : INFO : ball_device.bd_b_lock : State: waiting_for_target_ready
2024-10-14 21:10:37,877 : INFO : EventManager : Event: ======'balldevice_bd_b_lock_ball_eject_attempt'====== Args={'balls': 1, 'target': <playfield.playfield>, 'source': <ball_device.bd_b_lock>, 'mechanical_eject': False, 'num_attempts': 4}
2024-10-14 21:10:37,878 : INFO : ball_device.bd_b_lock : State: ejecting
2024-10-14 21:10:37,878 : INFO : ball_device.bd_b_lock : Ejecting ball to <playfield.playfield>
2024-10-14 21:10:37,878 : INFO : EventManager : Event: ======'balldevice_bd_b_lock_ejecting_ball'====== Args={'balls': 1, 'target': <playfield.playfield>, 'source': <ball_device.bd_b_lock>, 'mechanical_eject': False, 'num_attempts': 4}
2024-10-14 21:10:37,878 : INFO : ball_device.bd_vuk_back : State: ejecting
2024-10-14 21:10:37,878 : INFO : ball_device.bd_vuk_back : Ejecting ball to <playfield.playfield>
2024-10-14 21:10:37,878 : INFO : EventManager : Event: ======'balldevice_bd_vuk_back_ejecting_ball'====== Args={'balls': 1, 'target': <playfield.playfield>, 'source': <ball_device.bd_vuk_back>, 'mechanical_eject': False, 'num_attempts': 4}
2024-10-14 21:10:37,879 : INFO : ball_device.bd_vuk_back : Wait for ball to leave device
2024-10-14 21:10:37,879 : INFO : coil.c_vuk_back : Pulsing Driver for 30ms (1.0 pulse_power)
2024-10-14 21:10:37,880 : INFO : ball_device.bd_b_lock : Wait for ball to leave device
2024-10-14 21:10:37,920 : INFO : coil.c_b_lock : Pulsing Driver for 100ms (0.7 pulse_power)
2024-10-14 21:10:39,881 : INFO : EventManager : Event: ======'balldevice_bd_vuk_back_ball_eject_failed'====== Args={'target': <playfield.playfield>, 'balls': 1, 'retry': True, 'num_attempts': 5}
2024-10-14 21:10:39,882 : INFO : EventManager : Event: ======'balldevice_bd_b_lock_ball_eject_failed'====== Args={'target': <playfield.playfield>, 'balls': 1, 'retry': True, 'num_attempts': 5}
2024-10-14 21:10:39,884 : INFO : ball_device.bd_b_lock : State: waiting_for_target_ready
2024-10-14 21:10:39,884 : INFO : EventManager : Event: ======'balldevice_bd_b_lock_ball_eject_attempt'====== Args={'balls': 1, 'target': <playfield.playfield>, 'source': <ball_device.bd_b_lock>, 'mechanical_eject': False, 'num_attempts': 5}
2024-10-14 21:10:39,884 : INFO : ball_device.bd_vuk_back : State: waiting_for_target_ready
2024-10-14 21:10:39,885 : INFO : EventManager : Event: ======'balldevice_bd_vuk_back_ball_eject_attempt'====== Args={'balls': 1, 'target': <playfield.playfield>, 'source': <ball_device.bd_vuk_back>, 'mechanical_eject': False, 'num_attempts': 5}
2024-10-14 21:10:39,885 : INFO : ball_device.bd_vuk_back : State: ejecting
2024-10-14 21:10:39,885 : INFO : ball_device.bd_vuk_back : Ejecting ball to <playfield.playfield>
2024-10-14 21:10:39,885 : INFO : EventManager : Event: ======'balldevice_bd_vuk_back_ejecting_ball'====== Args={'balls': 1, 'target': <playfield.playfield>, 'source': <ball_device.bd_vuk_back>, 'mechanical_eject': False, 'num_attempts': 5}
2024-10-14 21:10:39,885 : INFO : ball_device.bd_b_lock : State: ejecting
2024-10-14 21:10:39,885 : INFO : ball_device.bd_b_lock : Ejecting ball to <playfield.playfield>
2024-10-14 21:10:39,886 : INFO : EventManager : Event: ======'balldevice_bd_b_lock_ejecting_ball'====== Args={'balls': 1, 'target': <playfield.playfield>, 'source': <ball_device.bd_b_lock>, 'mechanical_eject': False, 'num_attempts': 5}
2024-10-14 21:10:39,887 : INFO : ball_device.bd_b_lock : Wait for ball to leave device
2024-10-14 21:10:39,887 : INFO : coil.c_b_lock : Pulsing Driver for 100ms (0.7 pulse_power)
2024-10-14 21:10:39,887 : INFO : ball_device.bd_vuk_back : Wait for ball to leave device
2024-10-14 21:10:39,998 : INFO : coil.c_vuk_back : Pulsing Driver for 30ms (1.0 pulse_power)
2024-10-14 21:10:41,889 : INFO : EventManager : Event: ======'balldevice_bd_b_lock_ball_eject_failed'====== Args={'target': <playfield.playfield>, 'balls': 1, 'retry': True, 'num_attempts': 6}
2024-10-14 21:10:41,889 : INFO : EventManager : Event: ======'balldevice_bd_vuk_back_ball_eject_failed'====== Args={'target': <playfield.playfield>, 'balls': 1, 'retry': True, 'num_attempts': 6}
2024-10-14 21:10:41,891 : INFO : ball_device.bd_vuk_back : State: waiting_for_target_ready
2024-10-14 21:10:41,891 : INFO : EventManager : Event: ======'balldevice_bd_vuk_back_ball_eject_attempt'====== Args={'balls': 1, 'target': <playfield.playfield>, 'source': <ball_device.bd_vuk_back>, 'mechanical_eject': False, 'num_attempts': 6}
2024-10-14 21:10:41,892 : INFO : ball_device.bd_b_lock : State: waiting_for_target_ready
2024-10-14 21:10:41,892 : INFO : EventManager : Event: ======'balldevice_bd_b_lock_ball_eject_attempt'====== Args={'balls': 1, 'target': <playfield.playfield>, 'source': <ball_device.bd_b_lock>, 'mechanical_eject': False, 'num_attempts': 6}
2024-10-14 21:10:41,892 : INFO : ball_device.bd_b_lock : State: ejecting
2024-10-14 21:10:41,892 : INFO : ball_device.bd_b_lock : Ejecting ball to <playfield.playfield>
2024-10-14 21:10:41,892 : INFO : EventManager : Event: ======'balldevice_bd_b_lock_ejecting_ball'====== Args={'balls': 1, 'target': <playfield.playfield>, 'source': <ball_device.bd_b_lock>, 'mechanical_eject': False, 'num_attempts': 6}
2024-10-14 21:10:41,892 : INFO : ball_device.bd_vuk_back : State: ejecting
2024-10-14 21:10:41,892 : INFO : ball_device.bd_vuk_back : Ejecting ball to <playfield.playfield>
2024-10-14 21:10:41,893 : INFO : EventManager : Event: ======'balldevice_bd_vuk_back_ejecting_ball'====== Args={'balls': 1, 'target': <playfield.playfield>, 'source': <ball_device.bd_vuk_back>, 'mechanical_eject': False, 'num_attempts': 6}
2024-10-14 21:10:41,893 : INFO : ball_device.bd_vuk_back : Wait for ball to leave device
2024-10-14 21:10:41,893 : INFO : coil.c_vuk_back : Pulsing Driver for 30ms (1.0 pulse_power)
2024-10-14 21:10:41,894 : INFO : ball_device.bd_b_lock : Wait for ball to leave device
2024-10-14 21:10:41,935 : INFO : coil.c_b_lock : Pulsing Driver for 100ms (0.7 pulse_power)
2024-10-14 21:10:43,895 : INFO : EventManager : Event: ======'balldevice_bd_vuk_back_ball_eject_failed'====== Args={'target': <playfield.playfield>, 'balls': 1, 'retry': True, 'num_attempts': 7}
2024-10-14 21:10:43,896 : INFO : EventManager : Event: ======'balldevice_bd_b_lock_ball_eject_failed'====== Args={'target': <playfield.playfield>, 'balls': 1, 'retry': True, 'num_attempts': 7}
2024-10-14 21:10:43,898 : INFO : ball_device.bd_b_lock : State: waiting_for_target_ready
2024-10-14 21:10:43,898 : INFO : EventManager : Event: ======'balldevice_bd_b_lock_ball_eject_attempt'====== Args={'balls': 1, 'target': <playfield.playfield>, 'source': <ball_device.bd_b_lock>, 'mechanical_eject': False, 'num_attempts': 7}
2024-10-14 21:10:43,898 : INFO : ball_device.bd_vuk_back : State: waiting_for_target_ready
2024-10-14 21:10:43,898 : INFO : EventManager : Event: ======'balldevice_bd_vuk_back_ball_eject_attempt'====== Args={'balls': 1, 'target': <playfield.playfield>, 'source': <ball_device.bd_vuk_back>, 'mechanical_eject': False, 'num_attempts': 7}
2024-10-14 21:10:43,899 : INFO : ball_device.bd_vuk_back : State: ejecting
2024-10-14 21:10:43,899 : INFO : ball_device.bd_vuk_back : Ejecting ball to <playfield.playfield>
2024-10-14 21:10:43,899 : INFO : EventManager : Event: ======'balldevice_bd_vuk_back_ejecting_ball'====== Args={'balls': 1, 'target': <playfield.playfield>, 'source': <ball_device.bd_vuk_back>, 'mechanical_eject': False, 'num_attempts': 7}
2024-10-14 21:10:43,899 : INFO : ball_device.bd_b_lock : State: ejecting
2024-10-14 21:10:43,899 : INFO : ball_device.bd_b_lock : Ejecting ball to <playfield.playfield>
2024-10-14 21:10:43,899 : INFO : EventManager : Event: ======'balldevice_bd_b_lock_ejecting_ball'====== Args={'balls': 1, 'target': <playfield.playfield>, 'source': <ball_device.bd_b_lock>, 'mechanical_eject': False, 'num_attempts': 7}
2024-10-14 21:10:43,900 : INFO : ball_device.bd_b_lock : Wait for ball to leave device
2024-10-14 21:10:43,900 : INFO : coil.c_b_lock : Pulsing Driver for 100ms (0.7 pulse_power)
2024-10-14 21:10:43,900 : INFO : ball_device.bd_vuk_back : Wait for ball to leave device
2024-10-14 21:10:44,011 : INFO : coil.c_vuk_back : Pulsing Driver for 30ms (1.0 pulse_power)
2024-10-14 21:10:45,902 : INFO : EventManager : Event: ======'balldevice_bd_b_lock_ball_eject_failed'====== Args={'target': <playfield.playfield>, 'balls': 1, 'retry': True, 'num_attempts': 8}
2024-10-14 21:10:45,902 : INFO : EventManager : Event: ======'balldevice_bd_vuk_back_ball_eject_failed'====== Args={'target': <playfield.playfield>, 'balls': 1, 'retry': True, 'num_attempts': 8}
2024-10-14 21:10:45,904 : INFO : ball_device.bd_vuk_back : State: waiting_for_target_ready
2024-10-14 21:10:45,905 : INFO : EventManager : Event: ======'balldevice_bd_vuk_back_ball_eject_attempt'====== Args={'balls': 1, 'target': <playfield.playfield>, 'source': <ball_device.bd_vuk_back>, 'mechanical_eject': False, 'num_attempts': 8}
2024-10-14 21:10:45,905 : INFO : ball_device.bd_b_lock : State: waiting_for_target_ready
2024-10-14 21:10:45,905 : INFO : EventManager : Event: ======'balldevice_bd_b_lock_ball_eject_attempt'====== Args={'balls': 1, 'target': <playfield.playfield>, 'source': <ball_device.bd_b_lock>, 'mechanical_eject': False, 'num_attempts': 8}
2024-10-14 21:10:45,905 : INFO : ball_device.bd_b_lock : State: ejecting
2024-10-14 21:10:45,906 : INFO : ball_device.bd_b_lock : Ejecting ball to <playfield.playfield>
2024-10-14 21:10:45,906 : INFO : EventManager : Event: ======'balldevice_bd_b_lock_ejecting_ball'====== Args={'balls': 1, 'target': <playfield.playfield>, 'source': <ball_device.bd_b_lock>, 'mechanical_eject': False, 'num_attempts': 8}
2024-10-14 21:10:45,906 : INFO : ball_device.bd_vuk_back : State: ejecting
2024-10-14 21:10:45,906 : INFO : ball_device.bd_vuk_back : Ejecting ball to <playfield.playfield>
2024-10-14 21:10:45,906 : INFO : EventManager : Event: ======'balldevice_bd_vuk_back_ejecting_ball'====== Args={'balls': 1, 'target': <playfield.playfield>, 'source': <ball_device.bd_vuk_back>, 'mechanical_eject': False, 'num_attempts': 8}
2024-10-14 21:10:45,907 : INFO : ball_device.bd_vuk_back : Wait for ball to leave device
2024-10-14 21:10:45,907 : INFO : coil.c_vuk_back : Pulsing Driver for 30ms (1.0 pulse_power)
2024-10-14 21:10:45,907 : INFO : ball_device.bd_b_lock : Wait for ball to leave device
2024-10-14 21:10:45,948 : INFO : coil.c_b_lock : Pulsing Driver for 100ms (0.7 pulse_power)
2024-10-14 21:10:47,909 : INFO : EventManager : Event: ======'balldevice_bd_vuk_back_ball_eject_failed'====== Args={'target': <playfield.playfield>, 'balls': 1, 'retry': True, 'num_attempts': 9}
2024-10-14 21:10:47,909 : INFO : EventManager : Event: ======'balldevice_bd_b_lock_ball_eject_failed'====== Args={'target': <playfield.playfield>, 'balls': 1, 'retry': True, 'num_attempts': 9}
2024-10-14 21:10:47,911 : INFO : ball_device.bd_b_lock : State: waiting_for_target_ready
2024-10-14 21:10:47,912 : INFO : EventManager : Event: ======'balldevice_bd_b_lock_ball_eject_attempt'====== Args={'balls': 1, 'target': <playfield.playfield>, 'source': <ball_device.bd_b_lock>, 'mechanical_eject': False, 'num_attempts': 9}
2024-10-14 21:10:47,912 : INFO : ball_device.bd_vuk_back : State: waiting_for_target_ready
2024-10-14 21:10:47,912 : INFO : EventManager : Event: ======'balldevice_bd_vuk_back_ball_eject_attempt'====== Args={'balls': 1, 'target': <playfield.playfield>, 'source': <ball_device.bd_vuk_back>, 'mechanical_eject': False, 'num_attempts': 9}
2024-10-14 21:10:47,912 : INFO : ball_device.bd_vuk_back : State: ejecting
2024-10-14 21:10:47,913 : INFO : ball_device.bd_vuk_back : Ejecting ball to <playfield.playfield>
2024-10-14 21:10:47,913 : INFO : EventManager : Event: ======'balldevice_bd_vuk_back_ejecting_ball'====== Args={'balls': 1, 'target': <playfield.playfield>, 'source': <ball_device.bd_vuk_back>, 'mechanical_eject': False, 'num_attempts': 9}
2024-10-14 21:10:47,913 : INFO : ball_device.bd_b_lock : State: ejecting
2024-10-14 21:10:47,913 : INFO : ball_device.bd_b_lock : Ejecting ball to <playfield.playfield>
2024-10-14 21:10:47,913 : INFO : EventManager : Event: ======'balldevice_bd_b_lock_ejecting_ball'====== Args={'balls': 1, 'target': <playfield.playfield>, 'source': <ball_device.bd_b_lock>, 'mechanical_eject': False, 'num_attempts': 9}
2024-10-14 21:10:47,914 : INFO : ball_device.bd_b_lock : Wait for ball to leave device
2024-10-14 21:10:47,914 : INFO : coil.c_b_lock : Pulsing Driver for 100ms (0.7 pulse_power)
2024-10-14 21:10:47,914 : INFO : ball_device.bd_vuk_back : Wait for ball to leave device
2024-10-14 21:10:48,025 : INFO : coil.c_vuk_back : Pulsing Driver for 30ms (1.0 pulse_power)
2024-10-14 21:10:49,915 : INFO : EventManager : Event: ======'balldevice_bd_b_lock_ball_eject_failed'====== Args={'target': <playfield.playfield>, 'balls': 1, 'retry': True, 'num_attempts': 10}
2024-10-14 21:10:49,915 : INFO : EventManager : Event: ======'balldevice_bd_vuk_back_ball_eject_failed'====== Args={'target': <playfield.playfield>, 'balls': 1, 'retry': True, 'num_attempts': 10}
2024-10-14 21:10:49,917 : INFO : ball_device.bd_vuk_back : State: waiting_for_target_ready
2024-10-14 21:10:49,917 : INFO : EventManager : Event: ======'balldevice_bd_vuk_back_ball_eject_attempt'====== Args={'balls': 1, 'target': <playfield.playfield>, 'source': <ball_device.bd_vuk_back>, 'mechanical_eject': False, 'num_attempts': 10}
2024-10-14 21:10:49,917 : INFO : ball_device.bd_b_lock : State: waiting_for_target_ready
2024-10-14 21:10:49,918 : INFO : EventManager : Event: ======'balldevice_bd_b_lock_ball_eject_attempt'====== Args={'balls': 1, 'target': <playfield.playfield>, 'source': <ball_device.bd_b_lock>, 'mechanical_eject': False, 'num_attempts': 10}
2024-10-14 21:10:49,918 : INFO : ball_device.bd_b_lock : State: ejecting
2024-10-14 21:10:49,918 : INFO : ball_device.bd_b_lock : Ejecting ball to <playfield.playfield>
2024-10-14 21:10:49,918 : INFO : EventManager : Event: ======'balldevice_bd_b_lock_ejecting_ball'====== Args={'balls': 1, 'target': <playfield.playfield>, 'source': <ball_device.bd_b_lock>, 'mechanical_eject': False, 'num_attempts': 10}
2024-10-14 21:10:49,918 : INFO : ball_device.bd_vuk_back : State: ejecting
2024-10-14 21:10:49,918 : INFO : ball_device.bd_vuk_back : Ejecting ball to <playfield.playfield>
2024-10-14 21:10:49,918 : INFO : EventManager : Event: ======'balldevice_bd_vuk_back_ejecting_ball'====== Args={'balls': 1, 'target': <playfield.playfield>, 'source': <ball_device.bd_vuk_back>, 'mechanical_eject': False, 'num_attempts': 10}
2024-10-14 21:10:49,919 : INFO : ball_device.bd_vuk_back : Wait for ball to leave device
2024-10-14 21:10:49,919 : INFO : coil.c_vuk_back : Pulsing Driver for 30ms (1.0 pulse_power)
2024-10-14 21:10:49,920 : INFO : ball_device.bd_b_lock : Wait for ball to leave device
2024-10-14 21:10:49,961 : INFO : coil.c_b_lock : Pulsing Driver for 100ms (0.7 pulse_power)
2024-10-14 21:10:51,736 : INFO : Machine : Shutting down...
2024-10-14 21:10:51,737 : INFO : EventManager : Event: ======'shutdown'====== Args={}
2024-10-14 21:10:51,848 : INFO : root : MPF run loop ended.
