2024-10-14 21:57:18,100 : INFO : root : Loading config.
2024-10-14 21:57:18,102 : INFO : YamlMultifileConfigLoader : Machine config file #1: config.yaml
2024-10-14 21:57:18,102 : INFO : ConfigProcessor : Loading config from cache: /var/folders/l2/q8hj_6s91xnb2jxg1sqm0h7r0000gn/T/fb4db0341b09a4be02e1d6b8eab00179.mpf_cache
2024-10-14 21:57:18,126 : INFO : ConfigProcessor : Loading config from cache: /var/folders/l2/q8hj_6s91xnb2jxg1sqm0h7r0000gn/T/c7af4841f7c2cabb0f971746daddf284.mpf_cache
2024-10-14 21:57:18,127 : INFO : ConfigProcessor : Loading config from cache: /var/folders/l2/q8hj_6s91xnb2jxg1sqm0h7r0000gn/T/edcc5f1d3215b377c9faab88c62e4ce0.mpf_cache
2024-10-14 21:57:18,127 : INFO : Machine : Mission Pinball Framework Core Engine v0.57.1.dev3
2024-10-14 21:57:18,127 : INFO : Machine : Command line arguments: {'no_load_cache': False, 'create_config_cache': True, 'bcp': False, 'configfile': ['config.yaml'], 'force_assets_load': False, 'platform_integration_test': False, 'jsonlogging': False, 'logfile': 'logs/2024-10-14-21-57-18-mpf-Tanners-Laptop.local.log', 'pause': False, 'production': False, 'text_ui': True, 'loglevel': 15, 'consoleloglevel': 20, 'force_platform': None, 'syslog_address': None, 'mc_file_name': None, 'no_sound': False}
2024-10-14 21:57:18,127 : INFO : Machine : MPF path: /Library/Frameworks/Python.framework/Versions/3.9/lib/python3.9/site-packages/mpf
2024-10-14 21:57:18,127 : INFO : Machine : Machine path: /Users/tannerpetch/Documents/GitHub/trashland_4
2024-10-14 21:57:18,127 : INFO : Machine : Platform: darwin
2024-10-14 21:57:18,127 : INFO : Machine : Python executable location: /Library/Frameworks/Python.framework/Versions/3.9/bin/python3.9
2024-10-14 21:57:18,127 : INFO : Machine : Python version: 3.9.13 (64-bit)
2024-10-14 21:57:18,127 : INFO : Machine : Initializing MPF...
2024-10-14 21:57:18,155 : INFO : FAST [NET] : Trying to connect to /dev/tty.usbmodem1401 at 921600bps
2024-10-14 21:57:18,162 : INFO : FAST [NET] : Connected to /dev/tty.usbmodem1401 at 921600bps
2024-10-14 21:57:18,163 : INFO : FAST [NET] : Connected to FP-CPU-2000 with firmware v02.21
2024-10-14 21:57:18,164 : INFO : FAST [NET] : Registered I/O Board 0: Model: FP-I/O-0804, Firmware: 01.10, Switches: 8, Drivers: 4
2024-10-14 21:57:18,165 : INFO : FAST [NET] : Registered I/O Board 1: Model: FP-I/O-0804, Firmware: 01.10, Switches: 8, Drivers: 4
2024-10-14 21:57:18,166 : INFO : FAST [NET] : Registered I/O Board 2: Model: FP-I/O-3208, Firmware: 01.10, Switches: 32, Drivers: 8
2024-10-14 21:57:18,167 : INFO : FAST [NET] : Registered I/O Board 3: Model: FP-I/O-1616, Firmware: 01.10, Switches: 16, Drivers: 16
2024-10-14 21:57:18,168 : INFO : FAST [NET] : Registered I/O Board 4: Model: FP-I/O-3208, Firmware: 01.10, Switches: 32, Drivers: 8
2024-10-14 21:57:18,169 : INFO : EventManager : Event: ======'machine_var_credits_string'====== Args={'value': 'FREE PLAY', 'prev_value': None, 'change': True}
2024-10-14 21:57:18,181 : INFO : EventManager : Event: ======'machine_var_master_volume'====== Args={'value': 0.5, 'prev_value': None, 'change': True}
2024-10-14 21:57:18,181 : INFO : EventManager : Event: ======'machine_var_player1_score'====== Args={'value': 0, 'prev_value': None, 'change': True}
2024-10-14 21:57:18,181 : INFO : EventManager : Event: ======'machine_var_mpf_version'====== Args={'value': 'Mission Pinball Framework v0.57.1.dev3', 'prev_value': None, 'change': True}
2024-10-14 21:57:18,181 : INFO : EventManager : Event: ======'machine_var_mpf_extended_version'====== Args={'value': 'Mission Pinball Framework v0.57.1.dev3, Config version:6, Show version: 6, BCP version:1.1', 'prev_value': None, 'change': True}
2024-10-14 21:57:18,181 : INFO : EventManager : Event: ======'machine_var_python_version'====== Args={'value': '3.9.13', 'prev_value': None, 'change': True}
2024-10-14 21:57:18,187 : INFO : EventManager : Event: ======'machine_var_platform'====== Args={'value': 'macOS-14.3-arm64-arm-64bit', 'prev_value': None, 'change': True}
2024-10-14 21:57:18,187 : INFO : EventManager : Event: ======'machine_var_platform_system'====== Args={'value': 'Darwin', 'prev_value': None, 'change': True}
2024-10-14 21:57:18,187 : INFO : EventManager : Event: ======'machine_var_platform_release'====== Args={'value': '23.3.0', 'prev_value': None, 'change': True}
2024-10-14 21:57:18,187 : INFO : EventManager : Event: ======'machine_var_platform_version'====== Args={'value': 'Darwin Kernel Version 23.3.0: Thu Dec 21 02:29:41 PST 2023; root:xnu-10002.81.5~11/RELEASE_ARM64_T8122', 'prev_value': None, 'change': True}
2024-10-14 21:57:18,187 : INFO : EventManager : Event: ======'machine_var_platform_machine'====== Args={'value': 'arm64', 'prev_value': None, 'change': True}
2024-10-14 21:57:18,188 : INFO : EventManager : Event: ======'init_phase_1'====== Args={}
2024-10-14 21:57:18,286 : WARNING : Machine : Iterating device collections directly is deprecated and will be removed. Access by value(): device_collections[switches] -> device_collections['switches'].values()
2024-10-14 21:57:18,286 : INFO : SwitchController : <<<<<<< 's_outlane_l' active >>>>>>>
2024-10-14 21:57:18,286 : INFO : SwitchController : <<<<<<< 's_trough_2' active >>>>>>>
2024-10-14 21:57:18,286 : INFO : SwitchController : <<<<<<< 's_trough_1' active >>>>>>>
2024-10-14 21:57:18,286 : INFO : SwitchController : <<<<<<< 's_drop_m' active >>>>>>>
2024-10-14 21:57:18,286 : INFO : SwitchController : <<<<<<< 's_drop_l' active >>>>>>>
2024-10-14 21:57:18,286 : INFO : SwitchController : <<<<<<< 's_drop_single' active >>>>>>>
2024-10-14 21:57:18,286 : INFO : EventManager : Event: ======'init_phase_2'====== Args={}
2024-10-14 21:57:18,287 : INFO : SwitchController : Found active switch: (16, [FAST Platform Interface]) <switch.s_outlane_l>
2024-10-14 21:57:18,287 : INFO : SwitchController : Found active switch: (28, [FAST Platform Interface]) <switch.s_trough_2>
2024-10-14 21:57:18,287 : INFO : SwitchController : Found active switch: (30, [FAST Platform Interface]) <switch.s_trough_1>
2024-10-14 21:57:18,287 : INFO : SwitchController : Found active switch: (50, [FAST Platform Interface]) <switch.s_drop_m>
2024-10-14 21:57:18,287 : INFO : SwitchController : Found active switch: (51, [FAST Platform Interface]) <switch.s_drop_l>
2024-10-14 21:57:18,287 : INFO : SwitchController : Found active switch: (57, [FAST Platform Interface]) <switch.s_drop_single>
2024-10-14 21:57:18,288 : INFO : ball_device.bd_middle_scoop : BCH: Initial count: 0
2024-10-14 21:57:18,288 : INFO : ball_device.bd_middle_scoop : State: idle
2024-10-14 21:57:18,788 : INFO : ball_device.bd_trough : BCH: Initial count: 1
2024-10-14 21:57:18,789 : INFO : ball_device.bd_trough : State: idle
2024-10-14 21:57:18,790 : INFO : ball_device.bd_autolauncher : BCH: Initial count: 0
2024-10-14 21:57:18,790 : INFO : ball_device.bd_autolauncher : State: idle
2024-10-14 21:57:18,791 : INFO : ball_device.bd_kicker_orbit : BCH: Initial count: 0
2024-10-14 21:57:18,791 : INFO : ball_device.bd_kicker_orbit : State: idle
2024-10-14 21:57:18,792 : INFO : ball_device.bd_lower_vuk : BCH: Initial count: 0
2024-10-14 21:57:18,792 : INFO : ball_device.bd_lower_vuk : State: idle
2024-10-14 21:57:18,793 : INFO : ball_device.bd_vuk_back : BCH: Initial count: 0
2024-10-14 21:57:18,793 : INFO : ball_device.bd_vuk_back : State: idle
2024-10-14 21:57:18,794 : INFO : ball_device.bd_vuk_upper : BCH: Initial count: 0
2024-10-14 21:57:18,794 : INFO : ball_device.bd_vuk_upper : State: idle
2024-10-14 21:57:18,794 : INFO : ball_device.bd_b_lock : BCH: Initial count: 0
2024-10-14 21:57:18,795 : INFO : ball_device.bd_b_lock : State: idle
2024-10-14 21:57:18,807 : INFO : EventManager : Event: ======'init_phase_3'====== Args={}
2024-10-14 21:57:18,808 : INFO : EventManager : Event: ======'init_phase_4'====== Args={}
2024-10-14 21:57:18,808 : INFO : BallController : Initial balls found: 1
2024-10-14 21:57:18,809 : INFO : EventManager : Event: ======'machine_var_audits_events_game_ended'====== Args={'value': 1, 'prev_value': None, 'change': True}
2024-10-14 21:57:18,809 : INFO : EventManager : Event: ======'machine_var_audits_events_game_started'====== Args={'value': 7, 'prev_value': None, 'change': True}
2024-10-14 21:57:18,809 : INFO : EventManager : Event: ======'machine_var_audits_missing_switches_s_b_pop'====== Args={'value': 3, 'prev_value': None, 'change': True}
2024-10-14 21:57:18,809 : INFO : EventManager : Event: ======'machine_var_audits_missing_switches_s_b_rollover_interchange'====== Args={'value': 3, 'prev_value': None, 'change': True}
2024-10-14 21:57:18,809 : INFO : EventManager : Event: ======'machine_var_audits_missing_switches_s_b_rollover_loop'====== Args={'value': 3, 'prev_value': None, 'change': True}
2024-10-14 21:57:18,809 : INFO : EventManager : Event: ======'machine_var_audits_missing_switches_s_b_rollover_misc'====== Args={'value': 3, 'prev_value': None, 'change': True}
2024-10-14 21:57:18,809 : INFO : EventManager : Event: ======'machine_var_audits_missing_switches_s_b_target_left'====== Args={'value': 3, 'prev_value': None, 'change': True}
2024-10-14 21:57:18,809 : INFO : EventManager : Event: ======'machine_var_audits_missing_switches_s_b_target_right'====== Args={'value': 3, 'prev_value': None, 'change': True}
2024-10-14 21:57:18,809 : INFO : EventManager : Event: ======'machine_var_audits_missing_switches_s_bot'====== Args={'value': 7, 'prev_value': None, 'change': True}
2024-10-14 21:57:18,809 : INFO : EventManager : Event: ======'machine_var_audits_missing_switches_s_bot_mid'====== Args={'value': 7, 'prev_value': None, 'change': True}
2024-10-14 21:57:18,809 : INFO : EventManager : Event: ======'machine_var_audits_missing_switches_s_captive_l'====== Args={'value': 7, 'prev_value': None, 'change': True}
2024-10-14 21:57:18,809 : INFO : EventManager : Event: ======'machine_var_audits_missing_switches_s_captive_r'====== Args={'value': 7, 'prev_value': None, 'change': True}
2024-10-14 21:57:18,809 : INFO : EventManager : Event: ======'machine_var_audits_missing_switches_s_drop_l'====== Args={'value': 7, 'prev_value': None, 'change': True}
2024-10-14 21:57:18,809 : INFO : EventManager : Event: ======'machine_var_audits_missing_switches_s_drop_m'====== Args={'value': 5, 'prev_value': None, 'change': True}
2024-10-14 21:57:18,809 : INFO : EventManager : Event: ======'machine_var_audits_missing_switches_s_drop_r'====== Args={'value': 7, 'prev_value': None, 'change': True}
2024-10-14 21:57:18,809 : INFO : EventManager : Event: ======'machine_var_audits_missing_switches_s_drop_single'====== Args={'value': 7, 'prev_value': None, 'change': True}
2024-10-14 21:57:18,809 : INFO : EventManager : Event: ======'machine_var_audits_missing_switches_s_inlane_l'====== Args={'value': 5, 'prev_value': None, 'change': True}
2024-10-14 21:57:18,809 : INFO : EventManager : Event: ======'machine_var_audits_missing_switches_s_inlane_r'====== Args={'value': 5, 'prev_value': None, 'change': True}
2024-10-14 21:57:18,809 : INFO : EventManager : Event: ======'machine_var_audits_missing_switches_s_kicking_target'====== Args={'value': 3, 'prev_value': None, 'change': True}
2024-10-14 21:57:18,809 : INFO : EventManager : Event: ======'machine_var_audits_missing_switches_s_lock_1'====== Args={'value': 3, 'prev_value': None, 'change': True}
2024-10-14 21:57:18,809 : INFO : EventManager : Event: ======'machine_var_audits_missing_switches_s_lock_2'====== Args={'value': 3, 'prev_value': None, 'change': True}
2024-10-14 21:57:18,809 : INFO : EventManager : Event: ======'machine_var_audits_missing_switches_s_lock_3'====== Args={'value': 3, 'prev_value': None, 'change': True}
2024-10-14 21:57:18,810 : INFO : EventManager : Event: ======'machine_var_audits_missing_switches_s_lower_orbit'====== Args={'value': 7, 'prev_value': None, 'change': True}
2024-10-14 21:57:18,810 : INFO : EventManager : Event: ======'machine_var_audits_missing_switches_s_lower_single'====== Args={'value': 7, 'prev_value': None, 'change': True}
2024-10-14 21:57:18,810 : INFO : EventManager : Event: ======'machine_var_audits_missing_switches_s_lower_sling'====== Args={'value': 7, 'prev_value': None, 'change': True}
2024-10-14 21:57:18,810 : INFO : EventManager : Event: ======'machine_var_audits_missing_switches_s_lower_transfer'====== Args={'value': 7, 'prev_value': None, 'change': True}
2024-10-14 21:57:18,810 : INFO : EventManager : Event: ======'machine_var_audits_missing_switches_s_middle_scoop'====== Args={'value': 4, 'prev_value': None, 'change': True}
2024-10-14 21:57:18,810 : INFO : EventManager : Event: ======'machine_var_audits_missing_switches_s_orbit_small_r'====== Args={'value': 5, 'prev_value': None, 'change': True}
2024-10-14 21:57:18,810 : INFO : EventManager : Event: ======'machine_var_audits_missing_switches_s_outlane_l'====== Args={'value': 7, 'prev_value': None, 'change': True}
2024-10-14 21:57:18,810 : INFO : EventManager : Event: ======'machine_var_audits_missing_switches_s_outlane_r'====== Args={'value': 7, 'prev_value': None, 'change': True}
2024-10-14 21:57:18,810 : INFO : EventManager : Event: ======'machine_var_audits_missing_switches_s_scissor_save'====== Args={'value': 7, 'prev_value': None, 'change': True}
2024-10-14 21:57:18,810 : INFO : EventManager : Event: ======'machine_var_audits_missing_switches_s_sling_l'====== Args={'value': 5, 'prev_value': None, 'change': True}
2024-10-14 21:57:18,810 : INFO : EventManager : Event: ======'machine_var_audits_missing_switches_s_start'====== Args={'value': 7, 'prev_value': None, 'change': True}
2024-10-14 21:57:18,810 : INFO : EventManager : Event: ======'machine_var_audits_missing_switches_s_stationary_m'====== Args={'value': 5, 'prev_value': None, 'change': True}
2024-10-14 21:57:18,810 : INFO : EventManager : Event: ======'machine_var_audits_missing_switches_s_stationary_r'====== Args={'value': 5, 'prev_value': None, 'change': True}
2024-10-14 21:57:18,810 : INFO : EventManager : Event: ======'machine_var_audits_missing_switches_s_subway'====== Args={'value': 5, 'prev_value': None, 'change': True}
2024-10-14 21:57:18,810 : INFO : EventManager : Event: ======'machine_var_audits_missing_switches_s_tilt'====== Args={'value': 7, 'prev_value': None, 'change': True}
2024-10-14 21:57:18,810 : INFO : EventManager : Event: ======'machine_var_audits_missing_switches_s_top'====== Args={'value': 7, 'prev_value': None, 'change': True}
2024-10-14 21:57:18,810 : INFO : EventManager : Event: ======'machine_var_audits_missing_switches_s_top_mid'====== Args={'value': 7, 'prev_value': None, 'change': True}
2024-10-14 21:57:18,811 : INFO : EventManager : Event: ======'machine_var_audits_missing_switches_s_u_lane_l'====== Args={'value': 3, 'prev_value': None, 'change': True}
2024-10-14 21:57:18,811 : INFO : EventManager : Event: ======'machine_var_audits_missing_switches_s_u_lane_r'====== Args={'value': 3, 'prev_value': None, 'change': True}
2024-10-14 21:57:18,811 : INFO : EventManager : Event: ======'machine_var_audits_missing_switches_s_u_rollover'====== Args={'value': 3, 'prev_value': None, 'change': True}
2024-10-14 21:57:18,811 : INFO : EventManager : Event: ======'machine_var_audits_missing_switches_s_u_target'====== Args={'value': 3, 'prev_value': None, 'change': True}
2024-10-14 21:57:18,811 : INFO : EventManager : Event: ======'machine_var_audits_missing_switches_s_vuk_upper'====== Args={'value': 1, 'prev_value': None, 'change': True}
2024-10-14 21:57:18,811 : INFO : EventManager : Event: ======'machine_var_audits_player_score'====== Args={'value': {'average': 0, 'top': [0], 'total': 1}, 'prev_value': None, 'change': True}
2024-10-14 21:57:18,811 : INFO : EventManager : Event: ======'machine_var_audits_switches_s_autolauncher'====== Args={'value': 8, 'prev_value': None, 'change': True}
2024-10-14 21:57:18,811 : INFO : EventManager : Event: ======'machine_var_audits_switches_s_b_eos'====== Args={'value': 5, 'prev_value': None, 'change': True}
2024-10-14 21:57:18,811 : INFO : EventManager : Event: ======'machine_var_audits_switches_s_b_pop'====== Args={'value': 0, 'prev_value': None, 'change': True}
2024-10-14 21:57:18,811 : INFO : EventManager : Event: ======'machine_var_audits_switches_s_b_rollover_interchange'====== Args={'value': 0, 'prev_value': None, 'change': True}
2024-10-14 21:57:18,811 : INFO : EventManager : Event: ======'machine_var_audits_switches_s_b_rollover_loop'====== Args={'value': 0, 'prev_value': None, 'change': True}
2024-10-14 21:57:18,811 : INFO : EventManager : Event: ======'machine_var_audits_switches_s_b_rollover_misc'====== Args={'value': 0, 'prev_value': None, 'change': True}
2024-10-14 21:57:18,812 : INFO : EventManager : Event: ======'machine_var_audits_switches_s_b_target_left'====== Args={'value': 0, 'prev_value': None, 'change': True}
2024-10-14 21:57:18,812 : INFO : EventManager : Event: ======'machine_var_audits_switches_s_b_target_right'====== Args={'value': 0, 'prev_value': None, 'change': True}
2024-10-14 21:57:18,812 : INFO : EventManager : Event: ======'machine_var_audits_switches_s_bot'====== Args={'value': 0, 'prev_value': None, 'change': True}
2024-10-14 21:57:18,812 : INFO : EventManager : Event: ======'machine_var_audits_switches_s_bot_mid'====== Args={'value': 0, 'prev_value': None, 'change': True}
2024-10-14 21:57:18,812 : INFO : EventManager : Event: ======'machine_var_audits_switches_s_captive_l'====== Args={'value': 0, 'prev_value': None, 'change': True}
2024-10-14 21:57:18,812 : INFO : EventManager : Event: ======'machine_var_audits_switches_s_captive_r'====== Args={'value': 0, 'prev_value': None, 'change': True}
2024-10-14 21:57:18,812 : INFO : EventManager : Event: ======'machine_var_audits_switches_s_drop_l'====== Args={'value': 0, 'prev_value': None, 'change': True}
2024-10-14 21:57:18,812 : INFO : EventManager : Event: ======'machine_var_audits_switches_s_drop_m'====== Args={'value': 1, 'prev_value': None, 'change': True}
2024-10-14 21:57:18,812 : INFO : EventManager : Event: ======'machine_var_audits_switches_s_drop_r'====== Args={'value': 0, 'prev_value': None, 'change': True}
2024-10-14 21:57:18,812 : INFO : EventManager : Event: ======'machine_var_audits_switches_s_drop_single'====== Args={'value': 0, 'prev_value': None, 'change': True}
2024-10-14 21:57:18,812 : INFO : EventManager : Event: ======'machine_var_audits_switches_s_flipper_but_l_1'====== Args={'value': 52, 'prev_value': None, 'change': True}
2024-10-14 21:57:18,812 : INFO : EventManager : Event: ======'machine_var_audits_switches_s_flipper_but_l_2'====== Args={'value': 50, 'prev_value': None, 'change': True}
2024-10-14 21:57:18,813 : INFO : EventManager : Event: ======'machine_var_audits_switches_s_flipper_but_r_1'====== Args={'value': 43, 'prev_value': None, 'change': True}
2024-10-14 21:57:18,813 : INFO : EventManager : Event: ======'machine_var_audits_switches_s_flipper_but_r_2'====== Args={'value': 41, 'prev_value': None, 'change': True}
2024-10-14 21:57:18,813 : INFO : EventManager : Event: ======'machine_var_audits_switches_s_flipper_l'====== Args={'value': 60, 'prev_value': None, 'change': True}
2024-10-14 21:57:18,813 : INFO : EventManager : Event: ======'machine_var_audits_switches_s_flipper_r'====== Args={'value': 70, 'prev_value': None, 'change': True}
2024-10-14 21:57:18,813 : INFO : EventManager : Event: ======'machine_var_audits_switches_s_flipper_upper_l'====== Args={'value': 45, 'prev_value': None, 'change': True}
2024-10-14 21:57:18,813 : INFO : EventManager : Event: ======'machine_var_audits_switches_s_inlane_l'====== Args={'value': 1, 'prev_value': None, 'change': True}
2024-10-14 21:57:18,813 : INFO : EventManager : Event: ======'machine_var_audits_switches_s_inlane_r'====== Args={'value': 5, 'prev_value': None, 'change': True}
2024-10-14 21:57:18,813 : INFO : EventManager : Event: ======'machine_var_audits_switches_s_kicker_orbit'====== Args={'value': 2, 'prev_value': None, 'change': True}
2024-10-14 21:57:18,813 : INFO : EventManager : Event: ======'machine_var_audits_switches_s_kicking_target'====== Args={'value': 8, 'prev_value': None, 'change': True}
2024-10-14 21:57:18,813 : INFO : EventManager : Event: ======'machine_var_audits_switches_s_launch'====== Args={'value': 10, 'prev_value': None, 'change': True}
2024-10-14 21:57:18,813 : INFO : EventManager : Event: ======'machine_var_audits_switches_s_lock_1'====== Args={'value': 0, 'prev_value': None, 'change': True}
2024-10-14 21:57:18,814 : INFO : EventManager : Event: ======'machine_var_audits_switches_s_lock_2'====== Args={'value': 0, 'prev_value': None, 'change': True}
2024-10-14 21:57:18,814 : INFO : EventManager : Event: ======'machine_var_audits_switches_s_lock_3'====== Args={'value': 0, 'prev_value': None, 'change': True}
2024-10-14 21:57:18,814 : INFO : EventManager : Event: ======'machine_var_audits_switches_s_lower_orbit'====== Args={'value': 0, 'prev_value': None, 'change': True}
2024-10-14 21:57:18,814 : INFO : EventManager : Event: ======'machine_var_audits_switches_s_lower_single'====== Args={'value': 0, 'prev_value': None, 'change': True}
2024-10-14 21:57:18,814 : INFO : EventManager : Event: ======'machine_var_audits_switches_s_lower_sling'====== Args={'value': 0, 'prev_value': None, 'change': True}
2024-10-14 21:57:18,814 : INFO : EventManager : Event: ======'machine_var_audits_switches_s_lower_transfer'====== Args={'value': 0, 'prev_value': None, 'change': True}
2024-10-14 21:57:18,814 : INFO : EventManager : Event: ======'machine_var_audits_switches_s_lower_vuk'====== Args={'value': 5, 'prev_value': None, 'change': True}
2024-10-14 21:57:18,814 : INFO : EventManager : Event: ======'machine_var_audits_switches_s_middle_scoop'====== Args={'value': 2, 'prev_value': None, 'change': True}
2024-10-14 21:57:18,814 : INFO : EventManager : Event: ======'machine_var_audits_switches_s_orbit_small_l'====== Args={'value': 3, 'prev_value': None, 'change': True}
2024-10-14 21:57:18,815 : INFO : EventManager : Event: ======'machine_var_audits_switches_s_orbit_small_r'====== Args={'value': 1, 'prev_value': None, 'change': True}
2024-10-14 21:57:18,815 : INFO : EventManager : Event: ======'machine_var_audits_switches_s_outlane_l'====== Args={'value': 0, 'prev_value': None, 'change': True}
2024-10-14 21:57:18,815 : INFO : EventManager : Event: ======'machine_var_audits_switches_s_outlane_r'====== Args={'value': 0, 'prev_value': None, 'change': True}
2024-10-14 21:57:18,815 : INFO : EventManager : Event: ======'machine_var_audits_switches_s_pop'====== Args={'value': 6, 'prev_value': None, 'change': True}
2024-10-14 21:57:18,815 : INFO : EventManager : Event: ======'machine_var_audits_switches_s_scissor_save'====== Args={'value': 0, 'prev_value': None, 'change': True}
2024-10-14 21:57:18,815 : INFO : EventManager : Event: ======'machine_var_audits_switches_s_sling_l'====== Args={'value': 6, 'prev_value': None, 'change': True}
2024-10-14 21:57:18,815 : INFO : EventManager : Event: ======'machine_var_audits_switches_s_start'====== Args={'value': 0, 'prev_value': None, 'change': True}
2024-10-14 21:57:18,815 : INFO : EventManager : Event: ======'machine_var_audits_switches_s_stationary_l'====== Args={'value': 2, 'prev_value': None, 'change': True}
2024-10-14 21:57:18,816 : INFO : EventManager : Event: ======'machine_var_audits_switches_s_stationary_m'====== Args={'value': 3, 'prev_value': None, 'change': True}
2024-10-14 21:57:18,816 : INFO : EventManager : Event: ======'machine_var_audits_switches_s_stationary_r'====== Args={'value': 1, 'prev_value': None, 'change': True}
2024-10-14 21:57:18,816 : INFO : EventManager : Event: ======'machine_var_audits_switches_s_subway'====== Args={'value': 3, 'prev_value': None, 'change': True}
2024-10-14 21:57:18,816 : INFO : EventManager : Event: ======'machine_var_audits_switches_s_tilt'====== Args={'value': 0, 'prev_value': None, 'change': True}
2024-10-14 21:57:18,816 : INFO : EventManager : Event: ======'machine_var_audits_switches_s_top'====== Args={'value': 0, 'prev_value': None, 'change': True}
2024-10-14 21:57:18,816 : INFO : EventManager : Event: ======'machine_var_audits_switches_s_top_mid'====== Args={'value': 0, 'prev_value': None, 'change': True}
2024-10-14 21:57:18,816 : INFO : EventManager : Event: ======'machine_var_audits_switches_s_trough_1'====== Args={'value': 9, 'prev_value': None, 'change': True}
2024-10-14 21:57:18,816 : INFO : EventManager : Event: ======'machine_var_audits_switches_s_trough_2'====== Args={'value': 4, 'prev_value': None, 'change': True}
2024-10-14 21:57:18,816 : INFO : EventManager : Event: ======'machine_var_audits_switches_s_trough_3'====== Args={'value': 5, 'prev_value': None, 'change': True}
2024-10-14 21:57:18,817 : INFO : EventManager : Event: ======'machine_var_audits_switches_s_trough_4'====== Args={'value': 11, 'prev_value': None, 'change': True}
2024-10-14 21:57:18,817 : INFO : EventManager : Event: ======'machine_var_audits_switches_s_trough_5'====== Args={'value': 4, 'prev_value': None, 'change': True}
2024-10-14 21:57:18,817 : INFO : EventManager : Event: ======'machine_var_audits_switches_s_trough_6'====== Args={'value': 8, 'prev_value': None, 'change': True}
2024-10-14 21:57:18,817 : INFO : EventManager : Event: ======'machine_var_audits_switches_s_trough_jam'====== Args={'value': 8, 'prev_value': None, 'change': True}
2024-10-14 21:57:18,817 : INFO : EventManager : Event: ======'machine_var_audits_switches_s_u_lane_l'====== Args={'value': 0, 'prev_value': None, 'change': True}
2024-10-14 21:57:18,817 : INFO : EventManager : Event: ======'machine_var_audits_switches_s_u_lane_r'====== Args={'value': 0, 'prev_value': None, 'change': True}
2024-10-14 21:57:18,817 : INFO : EventManager : Event: ======'machine_var_audits_switches_s_u_rollover'====== Args={'value': 0, 'prev_value': None, 'change': True}
2024-10-14 21:57:18,817 : INFO : EventManager : Event: ======'machine_var_audits_switches_s_u_target'====== Args={'value': 0, 'prev_value': None, 'change': True}
2024-10-14 21:57:18,818 : INFO : EventManager : Event: ======'machine_var_audits_switches_s_vuk_back'====== Args={'value': 1, 'prev_value': None, 'change': True}
2024-10-14 21:57:18,818 : INFO : EventManager : Event: ======'machine_var_audits_switches_s_vuk_upper'====== Args={'value': 23, 'prev_value': None, 'change': True}
2024-10-14 21:57:18,818 : INFO : EventManager : Event: ======'init_phase_5'====== Args={}
2024-10-14 21:57:18,818 : INFO : EventManager : Event: ======'init_done'====== Args={}
2024-10-14 21:57:18,819 : INFO : EventManager : Event: ======'machine_reset_phase_1'====== Args={}
2024-10-14 21:57:18,825 : INFO : EventManager : Event: ======'machine_reset_phase_2'====== Args={}
2024-10-14 21:57:18,826 : INFO : EventManager : Event: ======'machine_reset_phase_3'====== Args={}
2024-10-14 21:57:18,826 : INFO : EventManager : Event: ======'reset_complete'====== Args={}
2024-10-14 21:57:18,826 : INFO : EventManager : Event: ======'mode_attract_will_start'====== Args={}
2024-10-14 21:57:18,826 : INFO : EventManager : Event: ======'mode_attract_starting'====== Args={}
2024-10-14 21:57:18,826 : INFO : Mode.attract : Started. Priority: 10
2024-10-14 21:57:18,826 : INFO : EventManager : Event: ======'modes_active_modes_changed'====== Args={}
2024-10-14 21:57:18,826 : INFO : EventManager : Event: ======'mode_attract_started'====== Args={}
2024-10-14 21:57:18,826 : INFO : EventManager : Event: ======'collecting_balls_complete'====== Args={}
2024-10-14 21:57:18,826 : INFO : Machine : Starting the main run loop.
2024-10-14 21:57:19,984 : INFO : SwitchController : <<<<<<< 's_start' active >>>>>>>
2024-10-14 21:57:20,142 : INFO : SwitchController : <<<<<<< 's_start' inactive >>>>>>>
2024-10-14 21:57:20,142 : INFO : EventManager : Event: ======'request_to_start_game'====== Args={}
2024-10-14 21:57:20,143 : INFO : EventManager : Event: ======'game_start'====== Args={'buttons': [], 'hold_time': 0.15729275000000031}
2024-10-14 21:57:20,143 : INFO : EventManager : Event: ======'mode_game_will_start'====== Args={'buttons': [], 'hold_time': 0.15729275000000031}
2024-10-14 21:57:20,143 : INFO : EventManager : Event: ======'mode_game_starting'====== Args={'buttons': [], 'hold_time': 0.15729275000000031}
2024-10-14 21:57:20,143 : INFO : EventManager : Event: ======'mode_attract_will_stop'====== Args={}
2024-10-14 21:57:20,144 : INFO : EventManager : Event: ======'mode_attract_stopping'====== Args={}
2024-10-14 21:57:20,144 : INFO : Mode.attract : Stopped.
2024-10-14 21:57:20,144 : INFO : EventManager : Event: ======'modes_active_modes_changed'====== Args={}
2024-10-14 21:57:20,144 : INFO : EventManager : Event: ======'mode_attract_stopped'====== Args={}
2024-10-14 21:57:20,144 : INFO : EventManager : Event: ======'clear'====== Args={'key': 'attract'}
2024-10-14 21:57:20,144 : INFO : Mode.game : Started. Priority: 20
2024-10-14 21:57:20,144 : INFO : EventManager : Event: ======'modes_active_modes_changed'====== Args={}
2024-10-14 21:57:20,144 : INFO : EventManager : Event: ======'mode_game_started'====== Args={'buttons': [], 'hold_time': 0.15729275000000031}
2024-10-14 21:57:20,144 : INFO : EventManager : Event: ======'game_will_start'====== Args={}
2024-10-14 21:57:20,145 : INFO : EventManager : Event: ======'game_starting'====== Args={'game': <Mode.game>}
2024-10-14 21:57:20,145 : INFO : EventManager : Unordered handler for class <Auditor> on event game_ended with priority 1. Handlers: [RegisteredHandler(callback=<bound method Auditor.disable of <Auditor>>, priority=1, kwargs={}, key=UUID('2494e520-3f39-4eb0-9d2c-c26f31843e63'), condition=None, blocking_facility=None), RegisteredHandler(callback=<bound method Auditor._save_audits of <Auditor>>, priority=1, kwargs={}, key=UUID('edce1efb-2019-4e18-b3dd-af263db17a52'), condition=None, blocking_facility=None)]. The order of those handlers is not defined and they will be executed in random order. This might lead to race conditions and potential bugs.
2024-10-14 21:57:20,146 : INFO : EventManager : Event: ======'player_add_request'====== Args={}
2024-10-14 21:57:20,146 : INFO : EventManager : Event: ======'player_will_add'====== Args={'number': 1}
2024-10-14 21:57:20,146 : INFO : EventManager : Event: ======'player_adding'====== Args={'player': <Player 1>, 'number': 1}
2024-10-14 21:57:20,146 : INFO : EventManager : Event: ======'player_added'====== Args={'player': <Player 1>, 'num': 1}
2024-10-14 21:57:20,146 : INFO : Mode.game : Player added successfully. Total players: 1
2024-10-14 21:57:20,146 : INFO : EventManager : Event: ======'player_index'====== Args={'value': 0, 'prev_value': 0, 'change': 0, 'player_num': 1}
2024-10-14 21:57:20,147 : INFO : EventManager : Event: ======'player_number'====== Args={'value': 1, 'prev_value': 1, 'change': 0, 'player_num': 1}
2024-10-14 21:57:20,147 : INFO : EventManager : Event: ======'player_score'====== Args={'value': 0, 'prev_value': 0, 'change': 0, 'player_num': 1}
2024-10-14 21:57:20,147 : INFO : EventManager : Event: ======'game_started'====== Args={}
2024-10-14 21:57:20,148 : INFO : EventManager : Event: ======'player_turn_will_start'====== Args={'player': <Player 1>, 'number': 1}
2024-10-14 21:57:20,153 : INFO : EventManager : Event: ======'player_turn_starting'====== Args={'player': <Player 1>, 'number': 1}
2024-10-14 21:57:20,163 : INFO : EventManager : Event: ======'player_ball'====== Args={'value': 1, 'prev_value': 0, 'change': 1, 'player_num': 1}
2024-10-14 21:57:20,163 : INFO : EventManager : Event: ======'player_turn_started'====== Args={'player': <Player 1>, 'number': 1}
2024-10-14 21:57:20,164 : INFO : EventManager : Event: ======'ball_will_start'====== Args={'player': 1, 'ball': 1, 'balls_remaining': 2, 'is_extra_ball': False}
2024-10-14 21:57:20,164 : INFO : EventManager : Event: ======'ball_starting'====== Args={'player': 1, 'ball': 1, 'balls_remaining': 2, 'is_extra_ball': False}
2024-10-14 21:57:20,164 : INFO : EventManager : Event: ======'balls_in_play'====== Args={'balls': 1}
2024-10-14 21:57:20,164 : INFO : EventManager : Event: ======'ball_started'====== Args={'player': 1, 'ball': 1, 'balls_remaining': 2, 'is_extra_ball': False}
2024-10-14 21:57:20,165 : INFO : EventManager : Event: ======'single_player_ball_started'====== Args={}
2024-10-14 21:57:20,165 : INFO : EventManager : Event: ======'ball_start_target'====== Args={'target': 'playfield'}
2024-10-14 21:57:20,165 : INFO : ball_device.bd_autolauncher : Setting up player-controlled eject. Balls: 1, Target: <playfield.playfield>, player_controlled_eject_event: sw_launch
2024-10-14 21:57:20,165 : INFO : EventManager : Event: ======'balldevice_balls_available'====== Args={}
2024-10-14 21:57:20,165 : INFO : ball_device.bd_trough : State: waiting_for_target_ready
2024-10-14 21:57:20,165 : INFO : EventManager : Event: ======'balldevice_bd_trough_ball_eject_attempt'====== Args={'balls': 1, 'target': <ball_device.bd_autolauncher>, 'source': <ball_device.bd_trough>, 'mechanical_eject': True, 'num_attempts': 0}
2024-10-14 21:57:20,165 : INFO : ball_device.bd_autolauncher : State: waiting_for_ball
2024-10-14 21:57:20,165 : INFO : ball_device.bd_trough : State: ejecting
2024-10-14 21:57:20,165 : INFO : ball_device.bd_trough : Ejecting ball to <ball_device.bd_autolauncher>
2024-10-14 21:57:20,165 : INFO : EventManager : Event: ======'balldevice_bd_trough_ejecting_ball'====== Args={'balls': 1, 'target': <ball_device.bd_autolauncher>, 'source': <ball_device.bd_trough>, 'mechanical_eject': True, 'num_attempts': 0}
2024-10-14 21:57:20,166 : INFO : ball_device.bd_trough : Wait for ball to leave device
2024-10-14 21:57:20,166 : INFO : coil.c_trough : Pulsing Driver for 15ms (1.0 pulse_power)
2024-10-14 21:57:20,190 : INFO : SwitchController : <<<<<<< 's_trough_jam' active >>>>>>>
2024-10-14 21:57:20,190 : INFO : EventManager : Event: ======'machine_var_audits_switches_s_trough_jam'====== Args={'value': 9, 'prev_value': 8, 'change': 1}
2024-10-14 21:57:20,197 : INFO : SwitchController : <<<<<<< 's_trough_jam' inactive >>>>>>>
2024-10-14 21:57:20,252 : INFO : SwitchController : <<<<<<< 's_trough_1' inactive >>>>>>>
2024-10-14 21:57:20,253 : INFO : ball_device.bd_trough : State: ball_left
2024-10-14 21:57:20,253 : INFO : ball_device.bd_trough : Ball left
2024-10-14 21:57:20,253 : INFO : ball_device.bd_trough : Wait for confirm with timeout 1.0
2024-10-14 21:57:20,368 : INFO : SwitchController : <<<<<<< 's_trough_2' inactive >>>>>>>
2024-10-14 21:57:20,422 : INFO : SwitchController : <<<<<<< 's_trough_1' active >>>>>>>
2024-10-14 21:57:20,422 : INFO : EventManager : Event: ======'machine_var_audits_switches_s_trough_1'====== Args={'value': 10, 'prev_value': 9, 'change': 1}
2024-10-14 21:57:21,131 : INFO : SwitchController : <<<<<<< 's_autolauncher' active >>>>>>>
2024-10-14 21:57:21,132 : INFO : EventManager : Event: ======'machine_var_audits_switches_s_autolauncher'====== Args={'value': 9, 'prev_value': 8, 'change': 1}
2024-10-14 21:57:21,171 : INFO : SwitchController : <<<<<<< 's_autolauncher' inactive >>>>>>>
2024-10-14 21:57:21,172 : INFO : SwitchController : <<<<<<< 's_autolauncher' active >>>>>>>
2024-10-14 21:57:21,172 : INFO : EventManager : Event: ======'machine_var_audits_switches_s_autolauncher'====== Args={'value': 10, 'prev_value': 9, 'change': 1}
2024-10-14 21:57:21,254 : INFO : ball_device.bd_trough : State: failed_confirm
2024-10-14 21:57:21,255 : INFO : ball_device.bd_trough : Got timeout (1.0s) before confirm from <ball_device.bd_autolauncher>
2024-10-14 21:57:21,473 : INFO : EventManager : Event: ======'balldevice_bd_autolauncher_ball_count_changed'====== Args={'balls': 1}
2024-10-14 21:57:21,474 : INFO : ball_device.bd_autolauncher : Received ball from <ball_device.bd_trough>
2024-10-14 21:57:21,474 : INFO : EventManager : Event: ======'balldevice_bd_autolauncher_ball_enter'====== Args={'new_balls': 1, 'unclaimed_balls': 0, 'new_available_balls': 0, 'device': <ball_device.bd_autolauncher>}
2024-10-14 21:57:21,475 : INFO : EventManager : Event: ======'balldevice_bd_autolauncher_ball_entered'====== Args={'new_balls': 0, 'device': <ball_device.bd_autolauncher>}
2024-10-14 21:57:21,475 : INFO : ball_device.bd_trough : Got eject confirm (after recounting)
2024-10-14 21:57:21,476 : INFO : ball_device.bd_trough : Eject successful
2024-10-14 21:57:21,476 : INFO : EventManager : Event: ======'balldevice_bd_trough_ball_eject_success'====== Args={'balls': 1, 'target': <ball_device.bd_autolauncher>}
2024-10-14 21:57:21,476 : INFO : ball_device.bd_autolauncher : State: waiting_for_target_ready
2024-10-14 21:57:21,476 : INFO : EventManager : Event: ======'balldevice_bd_autolauncher_ball_eject_attempt'====== Args={'balls': 1, 'target': <playfield.playfield>, 'source': <ball_device.bd_autolauncher>, 'mechanical_eject': True, 'num_attempts': 0}
2024-10-14 21:57:21,476 : INFO : ball_device.bd_autolauncher : State: ejecting
2024-10-14 21:57:21,476 : INFO : ball_device.bd_autolauncher : Ejecting ball to <playfield.playfield>
2024-10-14 21:57:21,477 : INFO : EventManager : Event: ======'balldevice_bd_autolauncher_ejecting_ball'====== Args={'balls': 1, 'target': <playfield.playfield>, 'source': <ball_device.bd_autolauncher>, 'mechanical_eject': True, 'num_attempts': 0}
2024-10-14 21:57:21,477 : INFO : EventManager : Event: ======'balldevice_bd_trough_ball_count_changed'====== Args={'balls': 0}
2024-10-14 21:57:21,477 : INFO : ball_device.bd_trough : State: idle
2024-10-14 21:57:21,477 : INFO : EventManager : Event: ======'balldevice_bd_trough_ball_count_changed'====== Args={'balls': 1}
2024-10-14 21:57:21,477 : INFO : ball_device.bd_trough : Received unexpected ball
2024-10-14 21:57:21,478 : INFO : EventManager : Event: ======'balldevice_captured_from_playfield'====== Args={'balls': 1}
2024-10-14 21:57:21,478 : INFO : EventManager : Event: ======'sw_playfield_active'====== Args={'balls': 1}
2024-10-14 21:57:21,478 : INFO : EventManager : Event: ======'playfield_active'====== Args={}
2024-10-14 21:57:21,478 : INFO : EventManager : Event: ======'playfield_ball_count_change'====== Args={'balls': -1, 'change': -1}
2024-10-14 21:57:21,478 : INFO : EventManager : Event: ======'balldevice_playfield_ball_enter'====== Args={'new_balls': 1, 'unclaimed_balls': 1, 'device': <playfield.playfield>}
2024-10-14 21:57:21,479 : INFO : EventManager : Event: ======'playfield_ball_count_change'====== Args={'balls': 0, 'change': 1}
2024-10-14 21:57:21,479 : INFO : BallController : Found a new ball which was captured from playfield. Known balls: 2
2024-10-14 21:57:21,479 : INFO : EventManager : Event: ======'found_new_ball'====== Args={}
2024-10-14 21:57:21,479 : INFO : EventManager : Event: ======'balldevice_bd_trough_ball_enter'====== Args={'new_balls': 1, 'unclaimed_balls': 1, 'new_available_balls': 1, 'device': <ball_device.bd_trough>}
2024-10-14 21:57:21,479 : INFO : ball_device.bd_autolauncher : Wait for ball to leave device
2024-10-14 21:57:21,480 : INFO : EventManager : Event: ======'ball_drain'====== Args={'device': <ball_device.bd_trough>, 'balls': 1}
2024-10-14 21:57:21,480 : INFO : EventManager : Event: ======'ball_will_end'====== Args={}
2024-10-14 21:57:21,480 : INFO : EventManager : Event: ======'balldevice_balls_available'====== Args={}
2024-10-14 21:57:21,480 : INFO : EventManager : Event: ======'balldevice_bd_trough_ball_entered'====== Args={'new_balls': 1, 'device': <ball_device.bd_trough>}
2024-10-14 21:57:21,481 : INFO : EventManager : Event: ======'ball_ending'====== Args={}
2024-10-14 21:57:21,482 : INFO : EventManager : Event: ======'ball_ended'====== Args={}
2024-10-14 21:57:21,483 : INFO : EventManager : Event: ======'player_turn_will_end'====== Args={'player': <Player 1>, 'number': 1}
2024-10-14 21:57:21,483 : INFO : EventManager : Event: ======'player_turn_ending'====== Args={'player': <Player 1>, 'number': 1}
2024-10-14 21:57:21,484 : INFO : EventManager : Event: ======'player_turn_ended'====== Args={'player': <Player 1>, 'number': 1}
2024-10-14 21:57:21,484 : INFO : EventManager : Event: ======'player_turn_will_start'====== Args={'player': <Player 1>, 'number': 1}
2024-10-14 21:57:21,484 : INFO : EventManager : Event: ======'player_turn_starting'====== Args={'player': <Player 1>, 'number': 1}
2024-10-14 21:57:21,484 : INFO : EventManager : Event: ======'player_ball'====== Args={'value': 2, 'prev_value': 1, 'change': 1, 'player_num': 1}
2024-10-14 21:57:21,484 : INFO : EventManager : Event: ======'player_turn_started'====== Args={'player': <Player 1>, 'number': 1}
2024-10-14 21:57:21,485 : INFO : EventManager : Event: ======'ball_will_start'====== Args={'player': 1, 'ball': 2, 'balls_remaining': 1, 'is_extra_ball': False}
2024-10-14 21:57:21,485 : INFO : BallController : Found 1 ball(s) on playfield.
2024-10-14 21:57:21,485 : WARNING : BallController : Playfields still contain balls. Waiting for those to drain.
2024-10-14 21:57:21,940 : INFO : SwitchController : <<<<<<< 's_launch' active >>>>>>>
2024-10-14 21:57:21,940 : INFO : EventManager : Event: ======'sw_launch'====== Args={}
2024-10-14 21:57:21,941 : INFO : EventManager : Event: ======'machine_var_audits_switches_s_launch'====== Args={'value': 11, 'prev_value': 10, 'change': 1}
2024-10-14 21:57:21,942 : INFO : coil.c_autolauncher : Pulsing Driver for 15ms (1.0 pulse_power)
2024-10-14 21:57:21,968 : INFO : SwitchController : <<<<<<< 's_autolauncher' inactive >>>>>>>
2024-10-14 21:57:21,968 : INFO : ball_device.bd_autolauncher : State: ball_left
2024-10-14 21:57:21,969 : INFO : ball_device.bd_autolauncher : Ball left
2024-10-14 21:57:21,969 : INFO : ball_device.bd_autolauncher : Wait for confirm with timeout 3.0
2024-10-14 21:57:21,971 : INFO : SwitchController : <<<<<<< 's_trough_4' active >>>>>>>
2024-10-14 21:57:21,971 : INFO : EventManager : Event: ======'machine_var_audits_switches_s_trough_4'====== Args={'value': 12, 'prev_value': 11, 'change': 1}
2024-10-14 21:57:21,986 : INFO : SwitchController : <<<<<<< 's_trough_4' inactive >>>>>>>
2024-10-14 21:57:21,987 : INFO : SwitchController : <<<<<<< 's_trough_4' active >>>>>>>
2024-10-14 21:57:21,987 : INFO : EventManager : Event: ======'machine_var_audits_switches_s_trough_4'====== Args={'value': 13, 'prev_value': 12, 'change': 1}
2024-10-14 21:57:22,068 : INFO : SwitchController : <<<<<<< 's_launch' inactive >>>>>>>
2024-10-14 21:57:22,129 : INFO : SwitchController : <<<<<<< 's_trough_4' inactive >>>>>>>
2024-10-14 21:57:22,462 : INFO : SwitchController : <<<<<<< 's_vuk_back' active >>>>>>>
2024-10-14 21:57:22,463 : INFO : EventManager : Event: ======'machine_var_audits_switches_s_vuk_back'====== Args={'value': 2, 'prev_value': 1, 'change': 1}
2024-10-14 21:57:22,489 : INFO : BallController : Found 1 ball(s) on playfield.
2024-10-14 21:57:22,490 : WARNING : BallController : Playfields still contain balls. Waiting for those to drain.
2024-10-14 21:57:22,964 : INFO : EventManager : Event: ======'balldevice_bd_vuk_back_ball_count_changed'====== Args={'balls': 1}
2024-10-14 21:57:22,964 : INFO : ball_device.bd_vuk_back : Received unexpected ball
2024-10-14 21:57:22,964 : INFO : EventManager : Event: ======'balldevice_captured_from_playfield'====== Args={'balls': 1}
2024-10-14 21:57:22,964 : INFO : EventManager : Event: ======'sw_playfield_active'====== Args={'balls': 1}
2024-10-14 21:57:22,965 : INFO : EventManager : Event: ======'playfield_active'====== Args={}
2024-10-14 21:57:22,965 : INFO : EventManager : Event: ======'playfield_ball_count_change'====== Args={'balls': -1, 'change': -1}
2024-10-14 21:57:22,965 : INFO : EventManager : Event: ======'balldevice_bd_vuk_back_ball_enter'====== Args={'new_balls': 1, 'unclaimed_balls': 1, 'new_available_balls': 1, 'device': <ball_device.bd_vuk_back>}
2024-10-14 21:57:22,966 : INFO : ball_device.bd_autolauncher : Got eject confirm
2024-10-14 21:57:22,966 : INFO : ball_device.bd_autolauncher : Eject successful
2024-10-14 21:57:22,966 : INFO : EventManager : Event: ======'balldevice_bd_autolauncher_ball_eject_success'====== Args={'balls': 1, 'target': <playfield.playfield>}
2024-10-14 21:57:22,966 : INFO : ball_device.bd_vuk_back : Ejecting 1 unexpected balls using path deque([<ball_device.bd_vuk_back>, <playfield.playfield>])
2024-10-14 21:57:22,966 : INFO : EventManager : Event: ======'balldevice_balls_available'====== Args={}
2024-10-14 21:57:22,966 : INFO : EventManager : Event: ======'balldevice_balls_available'====== Args={}
2024-10-14 21:57:22,967 : INFO : EventManager : Event: ======'balldevice_bd_vuk_back_ball_entered'====== Args={'new_balls': 1, 'device': <ball_device.bd_vuk_back>}
2024-10-14 21:57:22,967 : INFO : EventManager : Event: ======'balldevice_playfield_ball_enter'====== Args={'new_balls': 1, 'unclaimed_balls': 1, 'device': <playfield.playfield>}
2024-10-14 21:57:22,967 : INFO : EventManager : Event: ======'playfield_ball_count_change'====== Args={'balls': 0, 'change': 1}
2024-10-14 21:57:22,967 : INFO : EventManager : Event: ======'balldevice_bd_autolauncher_ball_count_changed'====== Args={'balls': 0}
2024-10-14 21:57:22,967 : INFO : ball_device.bd_autolauncher : State: idle
2024-10-14 21:57:22,968 : INFO : ball_device.bd_vuk_back : State: waiting_for_target_ready
2024-10-14 21:57:22,968 : INFO : EventManager : Event: ======'balldevice_bd_vuk_back_ball_eject_attempt'====== Args={'balls': 1, 'target': <playfield.playfield>, 'source': <ball_device.bd_vuk_back>, 'mechanical_eject': False, 'num_attempts': 0}
2024-10-14 21:57:22,968 : INFO : ball_device.bd_vuk_back : State: ejecting
2024-10-14 21:57:22,969 : INFO : ball_device.bd_vuk_back : Ejecting ball to <playfield.playfield>
2024-10-14 21:57:22,969 : INFO : EventManager : Event: ======'balldevice_bd_vuk_back_ejecting_ball'====== Args={'balls': 1, 'target': <playfield.playfield>, 'source': <ball_device.bd_vuk_back>, 'mechanical_eject': False, 'num_attempts': 0}
2024-10-14 21:57:22,969 : INFO : ball_device.bd_vuk_back : Wait for ball to leave device
2024-10-14 21:57:22,969 : INFO : coil.c_vuk_back : Pulsing Driver for 30ms (1.0 pulse_power)
2024-10-14 21:57:23,036 : INFO : SwitchController : <<<<<<< 's_vuk_back' inactive >>>>>>>
2024-10-14 21:57:23,037 : INFO : ball_device.bd_vuk_back : State: ball_left
2024-10-14 21:57:23,037 : INFO : ball_device.bd_vuk_back : Ball left
2024-10-14 21:57:23,037 : INFO : ball_device.bd_vuk_back : Wait for confirm with timeout 2.0
2024-10-14 21:57:23,314 : INFO : SwitchController : <<<<<<< 's_flipper_but_r_1' active >>>>>>>
2024-10-14 21:57:23,314 : INFO : EventManager : Event: ======'machine_var_audits_switches_s_flipper_but_r_1'====== Args={'value': 44, 'prev_value': 43, 'change': 1}
2024-10-14 21:57:23,317 : INFO : SwitchController : <<<<<<< 's_flipper_but_r_2' active >>>>>>>
2024-10-14 21:57:23,317 : INFO : EventManager : Event: ======'machine_var_audits_switches_s_flipper_but_r_2'====== Args={'value': 42, 'prev_value': 41, 'change': 1}
2024-10-14 21:57:23,491 : INFO : BallController : Found 1 ball(s) on playfield.
2024-10-14 21:57:23,491 : WARNING : BallController : Playfields still contain balls. Waiting for those to drain.
2024-10-14 21:57:23,695 : INFO : SwitchController : <<<<<<< 's_flipper_but_r_2' inactive >>>>>>>
2024-10-14 21:57:23,705 : INFO : SwitchController : <<<<<<< 's_flipper_but_r_1' inactive >>>>>>>
2024-10-14 21:57:23,856 : INFO : SwitchController : <<<<<<< 's_flipper_but_r_1' active >>>>>>>
2024-10-14 21:57:23,856 : INFO : EventManager : Event: ======'machine_var_audits_switches_s_flipper_but_r_1'====== Args={'value': 45, 'prev_value': 44, 'change': 1}
2024-10-14 21:57:23,859 : INFO : SwitchController : <<<<<<< 's_flipper_but_r_2' active >>>>>>>
2024-10-14 21:57:23,860 : INFO : EventManager : Event: ======'machine_var_audits_switches_s_flipper_but_r_2'====== Args={'value': 43, 'prev_value': 42, 'change': 1}
2024-10-14 21:57:24,007 : INFO : SwitchController : <<<<<<< 's_flipper_but_r_2' inactive >>>>>>>
2024-10-14 21:57:24,015 : INFO : SwitchController : <<<<<<< 's_flipper_but_r_1' inactive >>>>>>>
2024-10-14 21:57:24,266 : INFO : SwitchController : <<<<<<< 's_flipper_but_l_1' active >>>>>>>
2024-10-14 21:57:24,266 : INFO : EventManager : Event: ======'machine_var_audits_switches_s_flipper_but_l_1'====== Args={'value': 53, 'prev_value': 52, 'change': 1}
2024-10-14 21:57:24,270 : INFO : SwitchController : <<<<<<< 's_flipper_but_l_2' active >>>>>>>
2024-10-14 21:57:24,271 : INFO : EventManager : Event: ======'machine_var_audits_switches_s_flipper_but_l_2'====== Args={'value': 51, 'prev_value': 50, 'change': 1}
2024-10-14 21:57:24,493 : INFO : BallController : Found 1 ball(s) on playfield.
2024-10-14 21:57:24,493 : WARNING : BallController : Playfields still contain balls. Waiting for those to drain.
2024-10-14 21:57:24,493 : INFO : SwitchController : <<<<<<< 's_flipper_but_l_2' inactive >>>>>>>
2024-10-14 21:57:24,516 : INFO : SwitchController : <<<<<<< 's_flipper_but_l_1' inactive >>>>>>>
2024-10-14 21:57:24,621 : INFO : SwitchController : <<<<<<< 's_flipper_but_r_1' active >>>>>>>
2024-10-14 21:57:24,621 : INFO : EventManager : Event: ======'machine_var_audits_switches_s_flipper_but_r_1'====== Args={'value': 46, 'prev_value': 45, 'change': 1}
2024-10-14 21:57:24,631 : INFO : SwitchController : <<<<<<< 's_flipper_but_r_2' active >>>>>>>
2024-10-14 21:57:24,631 : INFO : EventManager : Event: ======'machine_var_audits_switches_s_flipper_but_r_2'====== Args={'value': 44, 'prev_value': 43, 'change': 1}
2024-10-14 21:57:24,892 : INFO : SwitchController : <<<<<<< 's_flipper_but_r_2' inactive >>>>>>>
2024-10-14 21:57:24,920 : INFO : SwitchController : <<<<<<< 's_flipper_but_r_1' inactive >>>>>>>
2024-10-14 21:57:25,039 : INFO : ball_device.bd_vuk_back : State: failed_confirm
2024-10-14 21:57:25,040 : INFO : ball_device.bd_vuk_back : Got timeout (2.0s) before confirm from <playfield.playfield>
2024-10-14 21:57:25,072 : INFO : SwitchController : <<<<<<< 's_inlane_r' active >>>>>>>
2024-10-14 21:57:25,073 : INFO : EventManager : Event: ======'machine_var_audits_switches_s_inlane_r'====== Args={'value': 6, 'prev_value': 5, 'change': 1}
2024-10-14 21:57:25,135 : INFO : SwitchController : <<<<<<< 's_inlane_r' inactive >>>>>>>
2024-10-14 21:57:25,141 : INFO : ball_device.bd_vuk_back : Confirming eject because target is playfield and ball did not return.
2024-10-14 21:57:25,141 : INFO : ball_device.bd_vuk_back : Eject successful
2024-10-14 21:57:25,141 : INFO : EventManager : Event: ======'balldevice_bd_vuk_back_ball_eject_success'====== Args={'balls': 1, 'target': <playfield.playfield>}
2024-10-14 21:57:25,141 : INFO : EventManager : Event: ======'balldevice_playfield_ball_enter'====== Args={'new_balls': 1, 'unclaimed_balls': 1, 'device': <playfield.playfield>}
2024-10-14 21:57:25,141 : INFO : EventManager : Event: ======'playfield_ball_count_change'====== Args={'balls': 1, 'change': 1}
2024-10-14 21:57:25,142 : INFO : EventManager : Event: ======'balldevice_bd_vuk_back_ball_count_changed'====== Args={'balls': 0}
2024-10-14 21:57:25,142 : INFO : ball_device.bd_vuk_back : State: idle
2024-10-14 21:57:25,494 : INFO : BallController : Found 1 ball(s) on playfield.
2024-10-14 21:57:25,495 : WARNING : BallController : Playfields still contain balls. Waiting for those to drain.
2024-10-14 21:57:26,496 : INFO : BallController : Found 1 ball(s) on playfield.
2024-10-14 21:57:26,496 : WARNING : BallController : Playfields still contain balls. Waiting for those to drain.
2024-10-14 21:57:27,077 : INFO : SwitchController : <<<<<<< 's_trough_4' active >>>>>>>
2024-10-14 21:57:27,078 : INFO : EventManager : Event: ======'machine_var_audits_switches_s_trough_4'====== Args={'value': 14, 'prev_value': 13, 'change': 1}
2024-10-14 21:57:27,146 : INFO : SwitchController : <<<<<<< 's_trough_6' active >>>>>>>
2024-10-14 21:57:27,146 : INFO : EventManager : Event: ======'machine_var_audits_switches_s_trough_6'====== Args={'value': 9, 'prev_value': 8, 'change': 1}
2024-10-14 21:57:27,256 : INFO : SwitchController : <<<<<<< 's_trough_6' inactive >>>>>>>
2024-10-14 21:57:27,317 : INFO : SwitchController : <<<<<<< 's_trough_5' active >>>>>>>
2024-10-14 21:57:27,317 : INFO : EventManager : Event: ======'machine_var_audits_switches_s_trough_5'====== Args={'value': 5, 'prev_value': 4, 'change': 1}
2024-10-14 21:57:27,392 : INFO : SwitchController : <<<<<<< 's_trough_5' inactive >>>>>>>
2024-10-14 21:57:27,437 : INFO : SwitchController : <<<<<<< 's_trough_4' inactive >>>>>>>
2024-10-14 21:57:27,442 : INFO : SwitchController : <<<<<<< 's_trough_4' active >>>>>>>
2024-10-14 21:57:27,443 : INFO : EventManager : Event: ======'machine_var_audits_switches_s_trough_4'====== Args={'value': 15, 'prev_value': 14, 'change': 1}
2024-10-14 21:57:27,498 : INFO : BallController : Found 1 ball(s) on playfield.
2024-10-14 21:57:27,498 : WARNING : BallController : Playfields still contain balls. Waiting for those to drain.
2024-10-14 21:57:27,508 : INFO : SwitchController : <<<<<<< 's_trough_4' inactive >>>>>>>
2024-10-14 21:57:27,540 : INFO : SwitchController : <<<<<<< 's_trough_3' active >>>>>>>
2024-10-14 21:57:27,541 : INFO : EventManager : Event: ======'machine_var_audits_switches_s_trough_3'====== Args={'value': 6, 'prev_value': 5, 'change': 1}
2024-10-14 21:57:27,606 : INFO : SwitchController : <<<<<<< 's_trough_3' inactive >>>>>>>
2024-10-14 21:57:27,641 : INFO : SwitchController : <<<<<<< 's_trough_2' active >>>>>>>
2024-10-14 21:57:27,641 : INFO : EventManager : Event: ======'machine_var_audits_switches_s_trough_2'====== Args={'value': 5, 'prev_value': 4, 'change': 1}
2024-10-14 21:57:28,038 : INFO : SwitchController : <<<<<<< 's_flipper_but_r_1' active >>>>>>>
2024-10-14 21:57:28,038 : INFO : EventManager : Event: ======'machine_var_audits_switches_s_flipper_but_r_1'====== Args={'value': 47, 'prev_value': 46, 'change': 1}
2024-10-14 21:57:28,048 : INFO : SwitchController : <<<<<<< 's_flipper_but_r_2' active >>>>>>>
2024-10-14 21:57:28,048 : INFO : EventManager : Event: ======'machine_var_audits_switches_s_flipper_but_r_2'====== Args={'value': 45, 'prev_value': 44, 'change': 1}
2024-10-14 21:57:28,285 : INFO : SwitchController : <<<<<<< 's_flipper_but_r_2' inactive >>>>>>>
2024-10-14 21:57:28,312 : INFO : SwitchController : <<<<<<< 's_flipper_but_r_1' inactive >>>>>>>
2024-10-14 21:57:28,314 : INFO : SwitchController : <<<<<<< 's_flipper_but_l_1' active >>>>>>>
2024-10-14 21:57:28,314 : INFO : EventManager : Event: ======'machine_var_audits_switches_s_flipper_but_l_1'====== Args={'value': 54, 'prev_value': 53, 'change': 1}
2024-10-14 21:57:28,335 : INFO : SwitchController : <<<<<<< 's_flipper_but_l_2' active >>>>>>>
2024-10-14 21:57:28,335 : INFO : EventManager : Event: ======'machine_var_audits_switches_s_flipper_but_l_2'====== Args={'value': 52, 'prev_value': 51, 'change': 1}
2024-10-14 21:57:28,500 : INFO : BallController : Found 1 ball(s) on playfield.
2024-10-14 21:57:28,500 : WARNING : BallController : Playfields still contain balls. Waiting for those to drain.
2024-10-14 21:57:28,528 : INFO : SwitchController : <<<<<<< 's_flipper_but_r_1' active >>>>>>>
2024-10-14 21:57:28,529 : INFO : EventManager : Event: ======'machine_var_audits_switches_s_flipper_but_r_1'====== Args={'value': 48, 'prev_value': 47, 'change': 1}
2024-10-14 21:57:28,538 : INFO : SwitchController : <<<<<<< 's_flipper_but_r_2' active >>>>>>>
2024-10-14 21:57:28,538 : INFO : EventManager : Event: ======'machine_var_audits_switches_s_flipper_but_r_2'====== Args={'value': 46, 'prev_value': 45, 'change': 1}
2024-10-14 21:57:28,554 : INFO : SwitchController : <<<<<<< 's_flipper_but_l_2' inactive >>>>>>>
2024-10-14 21:57:28,573 : INFO : SwitchController : <<<<<<< 's_flipper_but_l_1' inactive >>>>>>>
2024-10-14 21:57:28,755 : INFO : SwitchController : <<<<<<< 's_flipper_but_r_2' inactive >>>>>>>
2024-10-14 21:57:28,781 : INFO : SwitchController : <<<<<<< 's_flipper_but_r_1' inactive >>>>>>>
2024-10-14 21:57:29,502 : INFO : BallController : Found 1 ball(s) on playfield.
2024-10-14 21:57:29,502 : WARNING : BallController : Playfields still contain balls. Waiting for those to drain.
2024-10-14 21:57:30,036 : INFO : SwitchController : <<<<<<< 's_launch' active >>>>>>>
2024-10-14 21:57:30,036 : INFO : EventManager : Event: ======'machine_var_audits_switches_s_launch'====== Args={'value': 12, 'prev_value': 11, 'change': 1}
2024-10-14 21:57:30,218 : INFO : SwitchController : <<<<<<< 's_launch' inactive >>>>>>>
2024-10-14 21:57:30,503 : INFO : BallController : Found 1 ball(s) on playfield.
2024-10-14 21:57:30,504 : WARNING : BallController : Playfields still contain balls. Waiting for those to drain.
2024-10-14 21:57:31,505 : INFO : BallController : Found 1 ball(s) on playfield.
2024-10-14 21:57:31,506 : WARNING : BallController : Playfields still contain balls. Waiting for those to drain.
2024-10-14 21:57:31,985 : INFO : SwitchController : <<<<<<< 's_flipper_but_l_1' active >>>>>>>
2024-10-14 21:57:31,986 : INFO : EventManager : Event: ======'machine_var_audits_switches_s_flipper_but_l_1'====== Args={'value': 55, 'prev_value': 54, 'change': 1}
2024-10-14 21:57:31,996 : INFO : SwitchController : <<<<<<< 's_flipper_but_l_2' active >>>>>>>
2024-10-14 21:57:31,996 : INFO : EventManager : Event: ======'machine_var_audits_switches_s_flipper_but_l_2'====== Args={'value': 53, 'prev_value': 52, 'change': 1}
2024-10-14 21:57:32,507 : INFO : BallController : Found 1 ball(s) on playfield.
2024-10-14 21:57:32,507 : WARNING : BallController : Playfields still contain balls. Waiting for those to drain.
2024-10-14 21:57:33,102 : INFO : SwitchController : <<<<<<< 's_flipper_but_r_1' active >>>>>>>
2024-10-14 21:57:33,103 : INFO : EventManager : Event: ======'machine_var_audits_switches_s_flipper_but_r_1'====== Args={'value': 49, 'prev_value': 48, 'change': 1}
2024-10-14 21:57:33,107 : INFO : SwitchController : <<<<<<< 's_flipper_but_r_2' active >>>>>>>
2024-10-14 21:57:33,107 : INFO : EventManager : Event: ======'machine_var_audits_switches_s_flipper_but_r_2'====== Args={'value': 47, 'prev_value': 46, 'change': 1}
2024-10-14 21:57:33,303 : INFO : SwitchController : <<<<<<< 's_flipper_but_r_2' inactive >>>>>>>
2024-10-14 21:57:33,329 : INFO : SwitchController : <<<<<<< 's_flipper_but_r_1' inactive >>>>>>>
2024-10-14 21:57:33,329 : INFO : SwitchController : <<<<<<< 's_flipper_but_l_2' inactive >>>>>>>
2024-10-14 21:57:33,330 : INFO : SwitchController : <<<<<<< 's_flipper_but_l_1' inactive >>>>>>>
2024-10-14 21:57:33,509 : INFO : BallController : Found 1 ball(s) on playfield.
2024-10-14 21:57:33,509 : WARNING : BallController : Playfields still contain balls. Waiting for those to drain.
2024-10-14 21:57:33,918 : INFO : SwitchController : <<<<<<< 's_start' active >>>>>>>
2024-10-14 21:57:33,918 : INFO : EventManager : Event: ======'sw_start'====== Args={}
2024-10-14 21:57:33,918 : INFO : EventManager : Event: ======'machine_var_audits_switches_s_start'====== Args={'value': 1, 'prev_value': 0, 'change': 1}
2024-10-14 21:57:34,141 : INFO : SwitchController : <<<<<<< 's_start' inactive >>>>>>>
2024-10-14 21:57:34,511 : INFO : BallController : Found 1 ball(s) on playfield.
2024-10-14 21:57:34,511 : WARNING : BallController : Playfields still contain balls. Waiting for those to drain.
2024-10-14 21:57:34,537 : INFO : SwitchController : <<<<<<< 's_launch' active >>>>>>>
2024-10-14 21:57:34,538 : INFO : EventManager : Event: ======'machine_var_audits_switches_s_launch'====== Args={'value': 13, 'prev_value': 12, 'change': 1}
2024-10-14 21:57:34,772 : INFO : SwitchController : <<<<<<< 's_launch' inactive >>>>>>>
2024-10-14 21:57:34,906 : INFO : SwitchController : <<<<<<< 's_launch' active >>>>>>>
2024-10-14 21:57:34,906 : INFO : EventManager : Event: ======'machine_var_audits_switches_s_launch'====== Args={'value': 14, 'prev_value': 13, 'change': 1}
2024-10-14 21:57:35,063 : INFO : SwitchController : <<<<<<< 's_launch' inactive >>>>>>>
2024-10-14 21:57:35,091 : INFO : SwitchController : <<<<<<< 's_flipper_but_l_1' active >>>>>>>
2024-10-14 21:57:35,091 : INFO : EventManager : Event: ======'machine_var_audits_switches_s_flipper_but_l_1'====== Args={'value': 56, 'prev_value': 55, 'change': 1}
2024-10-14 21:57:35,110 : INFO : SwitchController : <<<<<<< 's_flipper_but_l_2' active >>>>>>>
2024-10-14 21:57:35,110 : INFO : EventManager : Event: ======'machine_var_audits_switches_s_flipper_but_l_2'====== Args={'value': 54, 'prev_value': 53, 'change': 1}
2024-10-14 21:57:35,221 : INFO : SwitchController : <<<<<<< 's_flipper_but_l_2' inactive >>>>>>>
2024-10-14 21:57:35,230 : INFO : SwitchController : <<<<<<< 's_flipper_but_l_1' inactive >>>>>>>
2024-10-14 21:57:35,512 : INFO : BallController : Found 1 ball(s) on playfield.
2024-10-14 21:57:35,513 : WARNING : BallController : Playfields still contain balls. Waiting for those to drain.
2024-10-14 21:57:36,194 : INFO : Machine : Shutting down...
2024-10-14 21:57:36,194 : INFO : EventManager : Event: ======'shutdown'====== Args={}
2024-10-14 21:57:36,196 : INFO : EventManager : Event: ======'mode_game_will_stop'====== Args={}
2024-10-14 21:57:36,196 : INFO : EventManager : Event: ======'mode_game_stopping'====== Args={}
2024-10-14 21:57:36,197 : INFO : Mode.game : Stopped.
2024-10-14 21:57:36,197 : INFO : EventManager : Event: ======'modes_active_modes_changed'====== Args={}
2024-10-14 21:57:36,197 : INFO : EventManager : Event: ======'mode_game_stopped'====== Args={}
2024-10-14 21:57:36,197 : INFO : EventManager : Event: ======'clear'====== Args={'key': 'game'}
2024-10-14 21:57:36,305 : INFO : root : MPF run loop ended.
