2024-10-14 11:20:03,911 : INFO : root : Loading config.
2024-10-14 11:20:03,913 : INFO : YamlMultifileConfigLoader : Machine config file #1: config.yaml
2024-10-14 11:20:03,913 : WARNING : ConfigProcessor : Config file in cache changed: /Users/tannerpetch/Documents/GitHub/trashland_4/config/config.yaml
2024-10-14 11:20:03,913 : INFO : ConfigProcessor : Loading config from file /Library/Frameworks/Python.framework/Versions/3.9/lib/python3.9/site-packages/mpf/mpfconfig.yaml.
2024-10-14 11:20:03,918 : INFO : ConfigProcessor : Loading config: /Library/Frameworks/Python.framework/Versions/3.9/lib/python3.9/site-packages/mpf/mpfconfig.yaml
2024-10-14 11:20:03,918 : INFO : ConfigProcessor : Loading config from file /Users/tannerpetch/Documents/GitHub/trashland_4/config/config.yaml.
2024-10-14 11:20:03,921 : INFO : ConfigProcessor : Loading config: /Users/tannerpetch/Documents/GitHub/trashland_4/config/config.yaml
2024-10-14 11:20:03,921 : INFO : ConfigProcessor : Config file cache created: /var/folders/l2/q8hj_6s91xnb2jxg1sqm0h7r0000gn/T/fb4db0341b09a4be02e1d6b8eab00179.mpf_cache
2024-10-14 11:20:03,947 : INFO : ConfigProcessor : Loading config from cache: /var/folders/l2/q8hj_6s91xnb2jxg1sqm0h7r0000gn/T/c7af4841f7c2cabb0f971746daddf284.mpf_cache
2024-10-14 11:20:03,947 : INFO : ConfigProcessor : Loading config from cache: /var/folders/l2/q8hj_6s91xnb2jxg1sqm0h7r0000gn/T/edcc5f1d3215b377c9faab88c62e4ce0.mpf_cache
2024-10-14 11:20:03,947 : INFO : Machine : Mission Pinball Framework Core Engine v0.57.1.dev3
2024-10-14 11:20:03,947 : INFO : Machine : Command line arguments: {'no_load_cache': False, 'create_config_cache': True, 'bcp': False, 'configfile': ['config.yaml'], 'force_assets_load': False, 'platform_integration_test': False, 'jsonlogging': False, 'logfile': 'logs/2024-10-14-11-20-03-mpf-Tanners-Laptop.local.log', 'pause': False, 'production': False, 'text_ui': True, 'loglevel': 15, 'consoleloglevel': 20, 'force_platform': None, 'syslog_address': None, 'mc_file_name': None, 'no_sound': False}
2024-10-14 11:20:03,947 : INFO : Machine : MPF path: /Library/Frameworks/Python.framework/Versions/3.9/lib/python3.9/site-packages/mpf
2024-10-14 11:20:03,947 : INFO : Machine : Machine path: /Users/tannerpetch/Documents/GitHub/trashland_4
2024-10-14 11:20:03,947 : INFO : Machine : Platform: darwin
2024-10-14 11:20:03,947 : INFO : Machine : Python executable location: /Library/Frameworks/Python.framework/Versions/3.9/bin/python3.9
2024-10-14 11:20:03,947 : INFO : Machine : Python version: 3.9.13 (64-bit)
2024-10-14 11:20:03,948 : INFO : Machine : Initializing MPF...
2024-10-14 11:20:03,972 : INFO : FAST [NET] : Trying to connect to /dev/tty.usbmodem1401 at 921600bps
2024-10-14 11:20:03,979 : INFO : FAST [NET] : Connected to /dev/tty.usbmodem1401 at 921600bps
2024-10-14 11:20:03,980 : INFO : FAST [NET] : Connected to FP-CPU-2000 with firmware v02.21
2024-10-14 11:20:03,982 : INFO : FAST [NET] : Registered I/O Board 0: Model: FP-I/O-0804, Firmware: 01.10, Switches: 8, Drivers: 4
2024-10-14 11:20:03,983 : INFO : FAST [NET] : Registered I/O Board 1: Model: FP-I/O-0804, Firmware: 01.10, Switches: 8, Drivers: 4
2024-10-14 11:20:03,984 : INFO : FAST [NET] : Registered I/O Board 2: Model: FP-I/O-3208, Firmware: 01.10, Switches: 32, Drivers: 8
2024-10-14 11:20:03,985 : INFO : FAST [NET] : Registered I/O Board 3: Model: FP-I/O-1616, Firmware: 01.10, Switches: 16, Drivers: 16
2024-10-14 11:20:03,986 : INFO : FAST [NET] : Registered I/O Board 4: Model: FP-I/O-3208, Firmware: 01.10, Switches: 32, Drivers: 8
2024-10-14 11:20:03,986 : INFO : EventManager : Event: ======'machine_var_credits_string'====== Args={'value': 'FREE PLAY', 'prev_value': None, 'change': True}
2024-10-14 11:20:03,998 : INFO : EventManager : Event: ======'machine_var_master_volume'====== Args={'value': 0.5, 'prev_value': None, 'change': True}
2024-10-14 11:20:03,998 : INFO : EventManager : Event: ======'machine_var_mpf_version'====== Args={'value': 'Mission Pinball Framework v0.57.1.dev3', 'prev_value': None, 'change': True}
2024-10-14 11:20:03,998 : INFO : EventManager : Event: ======'machine_var_mpf_extended_version'====== Args={'value': 'Mission Pinball Framework v0.57.1.dev3, Config version:6, Show version: 6, BCP version:1.1', 'prev_value': None, 'change': True}
2024-10-14 11:20:03,998 : INFO : EventManager : Event: ======'machine_var_python_version'====== Args={'value': '3.9.13', 'prev_value': None, 'change': True}
2024-10-14 11:20:04,005 : INFO : EventManager : Event: ======'machine_var_platform'====== Args={'value': 'macOS-14.3-arm64-arm-64bit', 'prev_value': None, 'change': True}
2024-10-14 11:20:04,005 : INFO : EventManager : Event: ======'machine_var_platform_system'====== Args={'value': 'Darwin', 'prev_value': None, 'change': True}
2024-10-14 11:20:04,005 : INFO : EventManager : Event: ======'machine_var_platform_release'====== Args={'value': '23.3.0', 'prev_value': None, 'change': True}
2024-10-14 11:20:04,005 : INFO : EventManager : Event: ======'machine_var_platform_version'====== Args={'value': 'Darwin Kernel Version 23.3.0: Thu Dec 21 02:29:41 PST 2023; root:xnu-10002.81.5~11/RELEASE_ARM64_T8122', 'prev_value': None, 'change': True}
2024-10-14 11:20:04,005 : INFO : EventManager : Event: ======'machine_var_platform_machine'====== Args={'value': 'arm64', 'prev_value': None, 'change': True}
2024-10-14 11:20:04,005 : INFO : EventManager : Event: ======'init_phase_1'====== Args={}
2024-10-14 11:20:04,102 : WARNING : Machine : Iterating device collections directly is deprecated and will be removed. Access by value(): device_collections[switches] -> device_collections['switches'].values()
2024-10-14 11:20:04,102 : INFO : SwitchController : <<<<<<< 's_outlane_l' active >>>>>>>
2024-10-14 11:20:04,102 : INFO : SwitchController : <<<<<<< 's_inlane_l' active >>>>>>>
2024-10-14 11:20:04,102 : INFO : SwitchController : <<<<<<< 's_0' active >>>>>>>
2024-10-14 11:20:04,102 : INFO : SwitchController : <<<<<<< 's_2' active >>>>>>>
2024-10-14 11:20:04,102 : INFO : SwitchController : <<<<<<< 's_4' active >>>>>>>
2024-10-14 11:20:04,102 : INFO : EventManager : Event: ======'init_phase_2'====== Args={}
2024-10-14 11:20:04,102 : INFO : SwitchController : Found active switch: (16, [FAST Platform Interface]) <switch.s_outlane_l>
2024-10-14 11:20:04,102 : INFO : SwitchController : Found active switch: (17, [FAST Platform Interface]) <switch.s_inlane_l>
2024-10-14 11:20:04,102 : INFO : SwitchController : Found active switch: (48, [FAST Platform Interface]) <switch.s_0>
2024-10-14 11:20:04,102 : INFO : SwitchController : Found active switch: (50, [FAST Platform Interface]) <switch.s_2>
2024-10-14 11:20:04,102 : INFO : SwitchController : Found active switch: (52, [FAST Platform Interface]) <switch.s_4>
2024-10-14 11:20:04,106 : INFO : EventManager : Event: ======'init_phase_3'====== Args={}
2024-10-14 11:20:04,107 : INFO : EventManager : Event: ======'init_phase_4'====== Args={}
2024-10-14 11:20:04,107 : INFO : EventManager : Event: ======'machine_var_audits_switches_s_lower_transfer'====== Args={'value': 0, 'prev_value': None, 'change': True}
2024-10-14 11:20:04,107 : INFO : EventManager : Event: ======'machine_var_audits_switches_s_lower_vuk'====== Args={'value': 0, 'prev_value': None, 'change': True}
2024-10-14 11:20:04,107 : INFO : EventManager : Event: ======'machine_var_audits_switches_s_4'====== Args={'value': 0, 'prev_value': None, 'change': True}
2024-10-14 11:20:04,107 : INFO : EventManager : Event: ======'machine_var_audits_switches_s_stationary_m'====== Args={'value': 0, 'prev_value': None, 'change': True}
2024-10-14 11:20:04,107 : INFO : EventManager : Event: ======'machine_var_audits_switches_s_stationary_l'====== Args={'value': 0, 'prev_value': None, 'change': True}
2024-10-14 11:20:04,107 : INFO : EventManager : Event: ======'machine_var_audits_switches_s_lower_sling'====== Args={'value': 0, 'prev_value': None, 'change': True}
2024-10-14 11:20:04,107 : INFO : EventManager : Event: ======'machine_var_audits_switches_s_13'====== Args={'value': 0, 'prev_value': None, 'change': True}
2024-10-14 11:20:04,108 : INFO : EventManager : Event: ======'machine_var_audits_switches_s_flipper_l'====== Args={'value': 0, 'prev_value': None, 'change': True}
2024-10-14 11:20:04,108 : INFO : EventManager : Event: ======'machine_var_audits_switches_s_trough_2'====== Args={'value': 0, 'prev_value': None, 'change': True}
2024-10-14 11:20:04,108 : INFO : EventManager : Event: ======'machine_var_audits_switches_s_6'====== Args={'value': 0, 'prev_value': None, 'change': True}
2024-10-14 11:20:04,108 : INFO : EventManager : Event: ======'machine_var_audits_switches_s_orbit_small_r'====== Args={'value': 0, 'prev_value': None, 'change': True}
2024-10-14 11:20:04,108 : INFO : EventManager : Event: ======'machine_var_audits_switches_s_lower_orbit'====== Args={'value': 0, 'prev_value': None, 'change': True}
2024-10-14 11:20:04,108 : INFO : EventManager : Event: ======'machine_var_audits_switches_s_trough_3'====== Args={'value': 0, 'prev_value': None, 'change': True}
2024-10-14 11:20:04,108 : INFO : EventManager : Event: ======'machine_var_audits_switches_s_autolauncher'====== Args={'value': 0, 'prev_value': None, 'change': True}
2024-10-14 11:20:04,108 : INFO : EventManager : Event: ======'machine_var_audits_switches_s_trough_jam'====== Args={'value': 0, 'prev_value': None, 'change': True}
2024-10-14 11:20:04,108 : INFO : EventManager : Event: ======'machine_var_audits_switches_s_3'====== Args={'value': 0, 'prev_value': None, 'change': True}
2024-10-14 11:20:04,108 : INFO : EventManager : Event: ======'machine_var_audits_switches_s_14'====== Args={'value': 0, 'prev_value': None, 'change': True}
2024-10-14 11:20:04,108 : INFO : EventManager : Event: ======'machine_var_audits_switches_s_outlane_r'====== Args={'value': 0, 'prev_value': None, 'change': True}
2024-10-14 11:20:04,108 : INFO : EventManager : Event: ======'machine_var_audits_switches_s_vuk_playfield'====== Args={'value': 0, 'prev_value': None, 'change': True}
2024-10-14 11:20:04,108 : INFO : EventManager : Event: ======'machine_var_audits_switches_s_scissor_save'====== Args={'value': 0, 'prev_value': None, 'change': True}
2024-10-14 11:20:04,108 : INFO : EventManager : Event: ======'machine_var_audits_switches_s_1'====== Args={'value': 0, 'prev_value': None, 'change': True}
2024-10-14 11:20:04,108 : INFO : EventManager : Event: ======'machine_var_audits_switches_s_flipper_upper_l'====== Args={'value': 0, 'prev_value': None, 'change': True}
2024-10-14 11:20:04,108 : INFO : EventManager : Event: ======'machine_var_audits_switches_s_bot'====== Args={'value': 0, 'prev_value': None, 'change': True}
2024-10-14 11:20:04,108 : INFO : EventManager : Event: ======'machine_var_audits_switches_s_trough_1'====== Args={'value': 0, 'prev_value': None, 'change': True}
2024-10-14 11:20:04,108 : INFO : EventManager : Event: ======'machine_var_audits_switches_s_2'====== Args={'value': 0, 'prev_value': None, 'change': True}
2024-10-14 11:20:04,108 : INFO : EventManager : Event: ======'machine_var_audits_switches_s_trough_6'====== Args={'value': 0, 'prev_value': None, 'change': True}
2024-10-14 11:20:04,108 : INFO : EventManager : Event: ======'machine_var_audits_switches_s_top_mid'====== Args={'value': 0, 'prev_value': None, 'change': True}
2024-10-14 11:20:04,108 : INFO : EventManager : Event: ======'machine_var_audits_switches_s_pop'====== Args={'value': 0, 'prev_value': None, 'change': True}
2024-10-14 11:20:04,108 : INFO : EventManager : Event: ======'machine_var_audits_switches_s_outlane_l'====== Args={'value': 0, 'prev_value': None, 'change': True}
2024-10-14 11:20:04,109 : INFO : EventManager : Event: ======'machine_var_audits_switches_s_inlane_l'====== Args={'value': 0, 'prev_value': None, 'change': True}
2024-10-14 11:20:04,109 : INFO : EventManager : Event: ======'machine_var_audits_switches_s_kicking_target'====== Args={'value': 0, 'prev_value': None, 'change': True}
2024-10-14 11:20:04,109 : INFO : EventManager : Event: ======'machine_var_audits_switches_s_flipper_r'====== Args={'value': 0, 'prev_value': None, 'change': True}
2024-10-14 11:20:04,109 : INFO : EventManager : Event: ======'machine_var_audits_switches_s_drop_single'====== Args={'value': 0, 'prev_value': None, 'change': True}
2024-10-14 11:20:04,109 : INFO : EventManager : Event: ======'machine_var_audits_switches_s_inlane_r'====== Args={'value': 0, 'prev_value': None, 'change': True}
2024-10-14 11:20:04,109 : INFO : EventManager : Event: ======'machine_var_audits_switches_s_0'====== Args={'value': 0, 'prev_value': None, 'change': True}
2024-10-14 11:20:04,109 : INFO : EventManager : Event: ======'machine_var_audits_switches_s_15'====== Args={'value': 0, 'prev_value': None, 'change': True}
2024-10-14 11:20:04,109 : INFO : EventManager : Event: ======'machine_var_audits_switches_s_trough_4'====== Args={'value': 0, 'prev_value': None, 'change': True}
2024-10-14 11:20:04,109 : INFO : EventManager : Event: ======'machine_var_audits_switches_s_trough_5'====== Args={'value': 0, 'prev_value': None, 'change': True}
2024-10-14 11:20:04,109 : INFO : EventManager : Event: ======'machine_var_audits_switches_s_bot_mid'====== Args={'value': 0, 'prev_value': None, 'change': True}
2024-10-14 11:20:04,109 : INFO : EventManager : Event: ======'machine_var_audits_switches_s_lower_single'====== Args={'value': 0, 'prev_value': None, 'change': True}
2024-10-14 11:20:04,109 : INFO : EventManager : Event: ======'machine_var_audits_switches_s_top'====== Args={'value': 0, 'prev_value': None, 'change': True}
2024-10-14 11:20:04,109 : INFO : EventManager : Event: ======'machine_var_audits_switches_s_orbit_small_l'====== Args={'value': 0, 'prev_value': None, 'change': True}
2024-10-14 11:20:04,109 : INFO : EventManager : Event: ======'machine_var_audits_switches_s_stationary_r'====== Args={'value': 0, 'prev_value': None, 'change': True}
2024-10-14 11:20:04,109 : INFO : EventManager : Event: ======'machine_var_audits_events_game_started'====== Args={'value': 0, 'prev_value': None, 'change': True}
2024-10-14 11:20:04,110 : INFO : EventManager : Event: ======'machine_var_audits_events_game_ended'====== Args={'value': 0, 'prev_value': None, 'change': True}
2024-10-14 11:20:04,110 : INFO : EventManager : Event: ======'machine_var_audits_player_score'====== Args={'value': {'top': [], 'average': 0, 'total': 0}, 'prev_value': None, 'change': True}
2024-10-14 11:20:04,110 : INFO : EventManager : Event: ======'init_phase_5'====== Args={}
2024-10-14 11:20:04,110 : INFO : EventManager : Event: ======'init_done'====== Args={}
2024-10-14 11:20:04,110 : INFO : EventManager : Event: ======'machine_reset_phase_1'====== Args={}
2024-10-14 11:20:04,111 : INFO : EventManager : Event: ======'machine_reset_phase_2'====== Args={}
2024-10-14 11:20:04,111 : INFO : EventManager : Event: ======'machine_reset_phase_3'====== Args={}
2024-10-14 11:20:04,111 : INFO : EventManager : Event: ======'reset_complete'====== Args={}
2024-10-14 11:20:04,111 : INFO : EventManager : Event: ======'mode_attract_will_start'====== Args={}
2024-10-14 11:20:04,111 : INFO : EventManager : Event: ======'mode_attract_starting'====== Args={}
2024-10-14 11:20:04,111 : INFO : Mode.attract : Started. Priority: 10
2024-10-14 11:20:04,111 : INFO : EventManager : Event: ======'modes_active_modes_changed'====== Args={}
2024-10-14 11:20:04,111 : INFO : EventManager : Event: ======'mode_attract_started'====== Args={}
2024-10-14 11:20:04,111 : INFO : EventManager : Event: ======'collecting_balls_complete'====== Args={}
2024-10-14 11:20:04,111 : INFO : Machine : Starting the main run loop.
2024-10-14 11:21:03,267 : INFO : SwitchController : <<<<<<< 's_0' inactive >>>>>>>
2024-10-14 11:21:03,542 : INFO : SwitchController : <<<<<<< 's_0' active >>>>>>>
2024-10-14 11:21:03,989 : INFO : SwitchController : <<<<<<< 's_0' inactive >>>>>>>
2024-10-14 11:21:04,197 : INFO : SwitchController : <<<<<<< 's_0' active >>>>>>>
2024-10-14 11:21:04,260 : INFO : SwitchController : <<<<<<< 's_0' inactive >>>>>>>
2024-10-14 11:21:04,627 : INFO : SwitchController : <<<<<<< 's_2' inactive >>>>>>>
2024-10-14 11:21:04,631 : INFO : SwitchController : <<<<<<< 's_2' active >>>>>>>
2024-10-14 11:21:04,646 : INFO : SwitchController : <<<<<<< 's_2' inactive >>>>>>>
2024-10-14 11:21:04,646 : INFO : SwitchController : <<<<<<< 's_2' active >>>>>>>
2024-10-14 11:21:04,808 : INFO : SwitchController : <<<<<<< 's_2' inactive >>>>>>>
2024-10-14 11:21:04,858 : INFO : SwitchController : <<<<<<< 's_0' active >>>>>>>
2024-10-14 11:21:04,961 : INFO : SwitchController : <<<<<<< 's_0' inactive >>>>>>>
2024-10-14 11:21:05,258 : INFO : SwitchController : <<<<<<< 's_0' active >>>>>>>
2024-10-14 11:21:05,513 : INFO : SwitchController : <<<<<<< 's_0' inactive >>>>>>>
2024-10-14 11:21:05,770 : INFO : SwitchController : <<<<<<< 's_0' active >>>>>>>
2024-10-14 11:21:05,958 : INFO : SwitchController : <<<<<<< 's_0' inactive >>>>>>>
2024-10-14 11:21:06,344 : INFO : SwitchController : <<<<<<< 's_0' active >>>>>>>
2024-10-14 11:21:06,928 : INFO : SwitchController : <<<<<<< 's_0' inactive >>>>>>>
2024-10-14 11:21:06,989 : INFO : SwitchController : <<<<<<< 's_0' active >>>>>>>
2024-10-14 11:21:07,006 : INFO : SwitchController : <<<<<<< 's_0' inactive >>>>>>>
2024-10-14 11:21:07,669 : INFO : SwitchController : <<<<<<< 's_0' active >>>>>>>
2024-10-14 11:21:08,075 : INFO : SwitchController : <<<<<<< 's_0' inactive >>>>>>>
2024-10-14 11:21:08,563 : INFO : SwitchController : <<<<<<< 's_0' active >>>>>>>
2024-10-14 11:21:08,886 : INFO : SwitchController : <<<<<<< 's_0' inactive >>>>>>>
2024-10-14 11:21:09,194 : INFO : SwitchController : <<<<<<< 's_0' active >>>>>>>
2024-10-14 11:21:09,417 : INFO : SwitchController : <<<<<<< 's_0' inactive >>>>>>>
2024-10-14 11:21:09,571 : INFO : SwitchController : <<<<<<< 's_0' active >>>>>>>
2024-10-14 11:21:17,802 : INFO : SwitchController : <<<<<<< 's_4' inactive >>>>>>>
2024-10-14 11:21:17,846 : INFO : SwitchController : <<<<<<< 's_4' active >>>>>>>
2024-10-14 11:21:18,052 : INFO : SwitchController : <<<<<<< 's_4' inactive >>>>>>>
2024-10-14 11:21:18,132 : INFO : SwitchController : <<<<<<< 's_4' active >>>>>>>
2024-10-14 11:21:18,356 : INFO : SwitchController : <<<<<<< 's_4' inactive >>>>>>>
2024-10-14 11:21:18,385 : INFO : SwitchController : <<<<<<< 's_4' active >>>>>>>
2024-10-14 11:21:18,526 : INFO : SwitchController : <<<<<<< 's_4' inactive >>>>>>>
2024-10-14 11:21:18,650 : INFO : SwitchController : <<<<<<< 's_4' active >>>>>>>
2024-10-14 11:21:18,719 : INFO : SwitchController : <<<<<<< 's_4' inactive >>>>>>>
2024-10-14 11:21:19,354 : INFO : SwitchController : <<<<<<< 's_4' active >>>>>>>
2024-10-14 11:21:19,728 : INFO : SwitchController : <<<<<<< 's_4' inactive >>>>>>>
2024-10-14 11:21:20,099 : INFO : SwitchController : <<<<<<< 's_4' active >>>>>>>
2024-10-14 11:21:20,366 : INFO : SwitchController : <<<<<<< 's_4' inactive >>>>>>>
2024-10-14 11:21:20,814 : INFO : SwitchController : <<<<<<< 's_4' active >>>>>>>
2024-10-14 11:21:21,480 : INFO : SwitchController : <<<<<<< 's_2' active >>>>>>>
2024-10-14 11:21:22,897 : INFO : SwitchController : <<<<<<< 's_2' inactive >>>>>>>
2024-10-14 11:21:34,728 : INFO : SwitchController : <<<<<<< 's_2' active >>>>>>>
2024-10-14 11:21:35,456 : INFO : SwitchController : <<<<<<< 's_2' inactive >>>>>>>
2024-10-14 11:21:38,360 : INFO : SwitchController : <<<<<<< 's_2' active >>>>>>>
2024-10-14 11:21:39,292 : INFO : SwitchController : <<<<<<< 's_2' inactive >>>>>>>
2024-10-14 11:21:39,868 : INFO : SwitchController : <<<<<<< 's_2' active >>>>>>>
2024-10-14 11:21:41,975 : INFO : SwitchController : <<<<<<< 's_2' inactive >>>>>>>
2024-10-14 11:21:41,978 : INFO : SwitchController : <<<<<<< 's_2' active >>>>>>>
2024-10-14 11:21:43,449 : INFO : SwitchController : <<<<<<< 's_2' inactive >>>>>>>
2024-10-14 11:21:43,482 : INFO : SwitchController : <<<<<<< 's_2' active >>>>>>>
2024-10-14 11:21:43,801 : INFO : SwitchController : <<<<<<< 's_2' inactive >>>>>>>
2024-10-14 11:21:43,936 : INFO : SwitchController : <<<<<<< 's_2' active >>>>>>>
2024-10-14 11:21:44,014 : INFO : SwitchController : <<<<<<< 's_2' inactive >>>>>>>
2024-10-14 11:21:44,312 : INFO : SwitchController : <<<<<<< 's_2' active >>>>>>>
2024-10-14 11:21:45,037 : INFO : SwitchController : <<<<<<< 's_2' inactive >>>>>>>
2024-10-14 11:21:45,457 : INFO : SwitchController : <<<<<<< 's_2' active >>>>>>>
2024-10-14 11:21:45,627 : INFO : SwitchController : <<<<<<< 's_2' inactive >>>>>>>
2024-10-14 11:21:45,661 : INFO : SwitchController : <<<<<<< 's_2' active >>>>>>>
2024-10-14 11:21:58,416 : INFO : SwitchController : <<<<<<< 's_4' inactive >>>>>>>
2024-10-14 11:21:58,439 : INFO : SwitchController : <<<<<<< 's_4' active >>>>>>>
2024-10-14 11:21:58,639 : INFO : SwitchController : <<<<<<< 's_4' inactive >>>>>>>
2024-10-14 11:21:58,734 : INFO : SwitchController : <<<<<<< 's_4' active >>>>>>>
2024-10-14 11:21:58,823 : INFO : SwitchController : <<<<<<< 's_4' inactive >>>>>>>
2024-10-14 11:21:58,914 : INFO : SwitchController : <<<<<<< 's_4' active >>>>>>>
2024-10-14 11:21:59,109 : INFO : SwitchController : <<<<<<< 's_4' inactive >>>>>>>
2024-10-14 11:21:59,235 : INFO : SwitchController : <<<<<<< 's_4' active >>>>>>>
2024-10-14 11:22:00,036 : INFO : SwitchController : <<<<<<< 's_4' inactive >>>>>>>
2024-10-14 11:22:00,099 : INFO : SwitchController : <<<<<<< 's_4' active >>>>>>>
2024-10-14 11:22:00,275 : INFO : SwitchController : <<<<<<< 's_4' inactive >>>>>>>
2024-10-14 11:22:00,354 : INFO : SwitchController : <<<<<<< 's_4' active >>>>>>>
2024-10-14 11:22:00,469 : INFO : SwitchController : <<<<<<< 's_4' inactive >>>>>>>
2024-10-14 11:22:00,500 : INFO : SwitchController : <<<<<<< 's_4' active >>>>>>>
2024-10-14 11:22:00,615 : INFO : SwitchController : <<<<<<< 's_4' inactive >>>>>>>
2024-10-14 11:22:00,675 : INFO : SwitchController : <<<<<<< 's_4' active >>>>>>>
2024-10-14 11:22:00,977 : INFO : SwitchController : <<<<<<< 's_4' inactive >>>>>>>
2024-10-14 11:22:01,035 : INFO : SwitchController : <<<<<<< 's_4' active >>>>>>>
2024-10-14 11:22:01,435 : INFO : SwitchController : <<<<<<< 's_4' inactive >>>>>>>
2024-10-14 11:22:01,490 : INFO : SwitchController : <<<<<<< 's_4' active >>>>>>>
2024-10-14 11:22:01,929 : INFO : SwitchController : <<<<<<< 's_4' inactive >>>>>>>
2024-10-14 11:22:02,580 : INFO : SwitchController : <<<<<<< 's_4' active >>>>>>>
2024-10-14 11:22:19,713 : INFO : SwitchController : <<<<<<< 's_3' active >>>>>>>
2024-10-14 11:22:19,850 : INFO : SwitchController : <<<<<<< 's_3' inactive >>>>>>>
2024-10-14 11:22:20,090 : INFO : SwitchController : <<<<<<< 's_3' active >>>>>>>
2024-10-14 11:22:20,250 : INFO : SwitchController : <<<<<<< 's_3' inactive >>>>>>>
2024-10-14 11:22:20,467 : INFO : SwitchController : <<<<<<< 's_3' active >>>>>>>
2024-10-14 11:22:20,561 : INFO : SwitchController : <<<<<<< 's_3' inactive >>>>>>>
2024-10-14 11:22:20,578 : INFO : SwitchController : <<<<<<< 's_3' active >>>>>>>
2024-10-14 11:22:20,595 : INFO : SwitchController : <<<<<<< 's_3' inactive >>>>>>>
2024-10-14 11:22:20,839 : INFO : SwitchController : <<<<<<< 's_3' active >>>>>>>
2024-10-14 11:22:20,915 : INFO : SwitchController : <<<<<<< 's_3' inactive >>>>>>>
2024-10-14 11:22:29,790 : INFO : SwitchController : <<<<<<< 's_2' inactive >>>>>>>
2024-10-14 11:22:29,822 : INFO : SwitchController : <<<<<<< 's_2' active >>>>>>>
2024-10-14 11:22:29,945 : INFO : SwitchController : <<<<<<< 's_2' inactive >>>>>>>
2024-10-14 11:22:29,985 : INFO : SwitchController : <<<<<<< 's_2' active >>>>>>>
2024-10-14 11:22:29,989 : INFO : SwitchController : <<<<<<< 's_2' inactive >>>>>>>
2024-10-14 11:22:30,550 : INFO : SwitchController : <<<<<<< 's_2' active >>>>>>>
2024-10-14 11:22:30,554 : INFO : SwitchController : <<<<<<< 's_2' inactive >>>>>>>
2024-10-14 11:22:30,943 : INFO : SwitchController : <<<<<<< 's_2' active >>>>>>>
2024-10-14 11:22:31,011 : INFO : SwitchController : <<<<<<< 's_2' inactive >>>>>>>
2024-10-14 11:22:31,018 : INFO : SwitchController : <<<<<<< 's_2' active >>>>>>>
2024-10-14 11:22:31,047 : INFO : SwitchController : <<<<<<< 's_2' inactive >>>>>>>
2024-10-14 11:22:31,051 : INFO : SwitchController : <<<<<<< 's_2' active >>>>>>>
2024-10-14 11:22:31,065 : INFO : SwitchController : <<<<<<< 's_2' inactive >>>>>>>
2024-10-14 11:22:31,145 : INFO : SwitchController : <<<<<<< 's_2' active >>>>>>>
2024-10-14 11:22:31,219 : INFO : SwitchController : <<<<<<< 's_2' inactive >>>>>>>
2024-10-14 11:22:31,258 : INFO : SwitchController : <<<<<<< 's_2' active >>>>>>>
2024-10-14 11:22:31,322 : INFO : SwitchController : <<<<<<< 's_2' inactive >>>>>>>
2024-10-14 11:22:31,346 : INFO : SwitchController : <<<<<<< 's_2' active >>>>>>>
2024-10-14 11:22:31,365 : INFO : SwitchController : <<<<<<< 's_2' inactive >>>>>>>
2024-10-14 11:22:31,369 : INFO : SwitchController : <<<<<<< 's_2' active >>>>>>>
2024-10-14 11:22:31,384 : INFO : SwitchController : <<<<<<< 's_2' inactive >>>>>>>
2024-10-14 11:22:31,390 : INFO : SwitchController : <<<<<<< 's_2' active >>>>>>>
2024-10-14 11:22:31,421 : INFO : SwitchController : <<<<<<< 's_2' inactive >>>>>>>
2024-10-14 11:22:31,439 : INFO : SwitchController : <<<<<<< 's_2' active >>>>>>>
2024-10-14 11:22:31,575 : INFO : SwitchController : <<<<<<< 's_2' inactive >>>>>>>
2024-10-14 11:22:31,624 : INFO : SwitchController : <<<<<<< 's_2' active >>>>>>>
2024-10-14 11:22:31,870 : INFO : SwitchController : <<<<<<< 's_2' inactive >>>>>>>
2024-10-14 11:22:31,874 : INFO : SwitchController : <<<<<<< 's_2' active >>>>>>>
2024-10-14 11:22:32,025 : INFO : SwitchController : <<<<<<< 's_2' inactive >>>>>>>
2024-10-14 11:22:32,127 : INFO : SwitchController : <<<<<<< 's_2' active >>>>>>>
2024-10-14 11:22:32,152 : INFO : SwitchController : <<<<<<< 's_2' inactive >>>>>>>
2024-10-14 11:22:32,160 : INFO : SwitchController : <<<<<<< 's_2' active >>>>>>>
2024-10-14 11:22:32,189 : INFO : SwitchController : <<<<<<< 's_2' inactive >>>>>>>
2024-10-14 11:22:32,193 : INFO : SwitchController : <<<<<<< 's_2' active >>>>>>>
2024-10-14 11:22:32,248 : INFO : SwitchController : <<<<<<< 's_2' inactive >>>>>>>
2024-10-14 11:22:32,252 : INFO : SwitchController : <<<<<<< 's_2' active >>>>>>>
2024-10-14 11:22:32,291 : INFO : SwitchController : <<<<<<< 's_2' inactive >>>>>>>
2024-10-14 11:22:32,362 : INFO : SwitchController : <<<<<<< 's_2' active >>>>>>>
2024-10-14 11:22:32,620 : INFO : SwitchController : <<<<<<< 's_2' inactive >>>>>>>
2024-10-14 11:22:32,684 : INFO : SwitchController : <<<<<<< 's_2' active >>>>>>>
2024-10-14 11:22:33,118 : INFO : SwitchController : <<<<<<< 's_2' inactive >>>>>>>
2024-10-14 11:22:34,011 : INFO : SwitchController : <<<<<<< 's_2' active >>>>>>>
2024-10-14 11:22:34,262 : INFO : SwitchController : <<<<<<< 's_2' inactive >>>>>>>
2024-10-14 11:22:34,270 : INFO : SwitchController : <<<<<<< 's_2' active >>>>>>>
2024-10-14 11:22:34,387 : INFO : SwitchController : <<<<<<< 's_2' inactive >>>>>>>
2024-10-14 11:22:34,432 : INFO : SwitchController : <<<<<<< 's_2' active >>>>>>>
2024-10-14 11:22:34,436 : INFO : SwitchController : <<<<<<< 's_2' inactive >>>>>>>
2024-10-14 11:22:34,464 : INFO : SwitchController : <<<<<<< 's_2' active >>>>>>>
2024-10-14 11:22:34,562 : INFO : SwitchController : <<<<<<< 's_2' inactive >>>>>>>
2024-10-14 11:22:34,599 : INFO : SwitchController : <<<<<<< 's_2' active >>>>>>>
2024-10-14 11:22:35,063 : INFO : SwitchController : <<<<<<< 's_2' inactive >>>>>>>
2024-10-14 11:22:35,066 : INFO : SwitchController : <<<<<<< 's_2' active >>>>>>>
2024-10-14 11:22:35,282 : INFO : SwitchController : <<<<<<< 's_2' inactive >>>>>>>
2024-10-14 11:22:35,782 : INFO : SwitchController : <<<<<<< 's_2' active >>>>>>>
2024-10-14 11:22:35,814 : INFO : SwitchController : <<<<<<< 's_2' inactive >>>>>>>
2024-10-14 11:22:35,835 : INFO : SwitchController : <<<<<<< 's_2' active >>>>>>>
2024-10-14 11:22:36,018 : INFO : SwitchController : <<<<<<< 's_2' inactive >>>>>>>
2024-10-14 11:22:36,025 : INFO : SwitchController : <<<<<<< 's_2' active >>>>>>>
2024-10-14 11:22:36,035 : INFO : SwitchController : <<<<<<< 's_2' inactive >>>>>>>
2024-10-14 11:22:36,392 : INFO : SwitchController : <<<<<<< 's_2' active >>>>>>>
2024-10-14 11:22:36,425 : INFO : SwitchController : <<<<<<< 's_2' inactive >>>>>>>
2024-10-14 11:22:36,445 : INFO : SwitchController : <<<<<<< 's_2' active >>>>>>>
2024-10-14 11:22:36,623 : INFO : SwitchController : <<<<<<< 's_2' inactive >>>>>>>
2024-10-14 11:22:37,255 : INFO : SwitchController : <<<<<<< 's_2' active >>>>>>>
2024-10-14 11:22:37,286 : INFO : SwitchController : <<<<<<< 's_2' inactive >>>>>>>
2024-10-14 11:22:37,304 : INFO : SwitchController : <<<<<<< 's_2' active >>>>>>>
2024-10-14 11:22:37,507 : INFO : SwitchController : <<<<<<< 's_2' inactive >>>>>>>
2024-10-14 11:22:37,632 : INFO : SwitchController : <<<<<<< 's_2' active >>>>>>>
2024-10-14 11:22:37,637 : INFO : SwitchController : <<<<<<< 's_2' inactive >>>>>>>
2024-10-14 11:22:37,651 : INFO : SwitchController : <<<<<<< 's_2' active >>>>>>>
2024-10-14 11:22:38,324 : INFO : SwitchController : <<<<<<< 's_2' inactive >>>>>>>
2024-10-14 11:22:38,479 : INFO : SwitchController : <<<<<<< 's_2' active >>>>>>>
2024-10-14 11:22:46,472 : INFO : SwitchController : <<<<<<< 's_2' inactive >>>>>>>
2024-10-14 11:22:46,481 : INFO : SwitchController : <<<<<<< 's_2' active >>>>>>>
2024-10-14 11:22:46,490 : INFO : SwitchController : <<<<<<< 's_2' inactive >>>>>>>
2024-10-14 11:22:47,266 : INFO : SwitchController : <<<<<<< 's_2' active >>>>>>>
2024-10-14 11:22:51,281 : INFO : SwitchController : <<<<<<< 's_2' inactive >>>>>>>
2024-10-14 11:22:52,434 : INFO : SwitchController : <<<<<<< 's_2' active >>>>>>>
2024-10-14 11:22:54,728 : INFO : SwitchController : <<<<<<< 's_2' inactive >>>>>>>
2024-10-14 11:22:54,864 : INFO : SwitchController : <<<<<<< 's_2' active >>>>>>>
2024-10-14 11:22:54,891 : INFO : SwitchController : <<<<<<< 's_2' inactive >>>>>>>
2024-10-14 11:22:54,900 : INFO : SwitchController : <<<<<<< 's_2' active >>>>>>>
2024-10-14 11:22:54,917 : INFO : SwitchController : <<<<<<< 's_2' inactive >>>>>>>
2024-10-14 11:22:54,934 : INFO : SwitchController : <<<<<<< 's_2' active >>>>>>>
2024-10-14 11:22:54,950 : INFO : SwitchController : <<<<<<< 's_2' inactive >>>>>>>
2024-10-14 11:22:54,996 : INFO : SwitchController : <<<<<<< 's_2' active >>>>>>>
2024-10-14 11:22:55,005 : INFO : SwitchController : <<<<<<< 's_2' inactive >>>>>>>
2024-10-14 11:22:55,013 : INFO : SwitchController : <<<<<<< 's_2' active >>>>>>>
2024-10-14 11:22:55,029 : INFO : SwitchController : <<<<<<< 's_2' inactive >>>>>>>
2024-10-14 11:22:55,045 : INFO : SwitchController : <<<<<<< 's_2' active >>>>>>>
2024-10-14 11:22:55,175 : INFO : SwitchController : <<<<<<< 's_2' inactive >>>>>>>
2024-10-14 11:22:57,090 : INFO : SwitchController : <<<<<<< 's_2' active >>>>>>>
2024-10-14 11:22:57,217 : INFO : SwitchController : <<<<<<< 's_2' inactive >>>>>>>
2024-10-14 11:22:57,748 : INFO : SwitchController : <<<<<<< 's_2' active >>>>>>>
2024-10-14 11:22:57,756 : INFO : SwitchController : <<<<<<< 's_2' inactive >>>>>>>
2024-10-14 11:22:57,766 : INFO : SwitchController : <<<<<<< 's_2' active >>>>>>>
2024-10-14 11:22:57,896 : INFO : SwitchController : <<<<<<< 's_2' inactive >>>>>>>
2024-10-14 11:23:02,564 : INFO : Machine : Shutting down...
2024-10-14 11:23:02,564 : INFO : EventManager : Event: ======'shutdown'====== Args={}
2024-10-14 11:23:02,680 : INFO : root : MPF run loop ended.
