2024-10-14 21:11:48,383 : INFO : root : Loading config.
2024-10-14 21:11:48,386 : INFO : YamlMultifileConfigLoader : Machine config file #1: config.yaml
2024-10-14 21:11:48,386 : INFO : ConfigProcessor : Loading config from cache: /var/folders/l2/q8hj_6s91xnb2jxg1sqm0h7r0000gn/T/fb4db0341b09a4be02e1d6b8eab00179.mpf_cache
2024-10-14 21:11:48,412 : INFO : ConfigProcessor : Loading config from cache: /var/folders/l2/q8hj_6s91xnb2jxg1sqm0h7r0000gn/T/c7af4841f7c2cabb0f971746daddf284.mpf_cache
2024-10-14 21:11:48,412 : INFO : ConfigProcessor : Loading config from cache: /var/folders/l2/q8hj_6s91xnb2jxg1sqm0h7r0000gn/T/edcc5f1d3215b377c9faab88c62e4ce0.mpf_cache
2024-10-14 21:11:48,413 : INFO : Machine : Mission Pinball Framework Core Engine v0.57.1.dev3
2024-10-14 21:11:48,413 : INFO : Machine : Command line arguments: {'no_load_cache': False, 'create_config_cache': True, 'bcp': False, 'configfile': ['config.yaml'], 'force_assets_load': False, 'platform_integration_test': False, 'jsonlogging': False, 'logfile': 'logs/2024-10-14-21-11-48-mpf-Tanners-Laptop.local.log', 'pause': False, 'production': False, 'text_ui': True, 'loglevel': 15, 'consoleloglevel': 20, 'force_platform': None, 'syslog_address': None, 'mc_file_name': None, 'no_sound': False}
2024-10-14 21:11:48,413 : INFO : Machine : MPF path: /Library/Frameworks/Python.framework/Versions/3.9/lib/python3.9/site-packages/mpf
2024-10-14 21:11:48,413 : INFO : Machine : Machine path: /Users/tannerpetch/Documents/GitHub/trashland_4
2024-10-14 21:11:48,413 : INFO : Machine : Platform: darwin
2024-10-14 21:11:48,413 : INFO : Machine : Python executable location: /Library/Frameworks/Python.framework/Versions/3.9/bin/python3.9
2024-10-14 21:11:48,413 : INFO : Machine : Python version: 3.9.13 (64-bit)
2024-10-14 21:11:48,413 : INFO : Machine : Initializing MPF...
2024-10-14 21:11:48,442 : INFO : FAST [NET] : Trying to connect to /dev/tty.usbmodem1401 at 921600bps
2024-10-14 21:11:48,449 : INFO : FAST [NET] : Connected to /dev/tty.usbmodem1401 at 921600bps
2024-10-14 21:11:48,450 : INFO : FAST [NET] : Connected to FP-CPU-2000 with firmware v02.21
2024-10-14 21:11:48,452 : INFO : FAST [NET] : Registered I/O Board 0: Model: FP-I/O-0804, Firmware: 01.10, Switches: 8, Drivers: 4
2024-10-14 21:11:48,453 : INFO : FAST [NET] : Registered I/O Board 1: Model: FP-I/O-0804, Firmware: 01.10, Switches: 8, Drivers: 4
2024-10-14 21:11:48,454 : INFO : FAST [NET] : Registered I/O Board 2: Model: FP-I/O-3208, Firmware: 01.10, Switches: 32, Drivers: 8
2024-10-14 21:11:48,455 : INFO : FAST [NET] : Registered I/O Board 3: Model: FP-I/O-1616, Firmware: 01.10, Switches: 16, Drivers: 16
2024-10-14 21:11:48,456 : INFO : FAST [NET] : Registered I/O Board 4: Model: FP-I/O-3208, Firmware: 01.10, Switches: 32, Drivers: 8
2024-10-14 21:11:48,456 : INFO : EventManager : Event: ======'machine_var_credits_string'====== Args={'value': 'FREE PLAY', 'prev_value': None, 'change': True}
2024-10-14 21:11:48,469 : INFO : EventManager : Event: ======'machine_var_master_volume'====== Args={'value': 0.5, 'prev_value': None, 'change': True}
2024-10-14 21:11:48,469 : INFO : EventManager : Event: ======'machine_var_player1_score'====== Args={'value': 0, 'prev_value': None, 'change': True}
2024-10-14 21:11:48,469 : INFO : EventManager : Event: ======'machine_var_mpf_version'====== Args={'value': 'Mission Pinball Framework v0.57.1.dev3', 'prev_value': None, 'change': True}
2024-10-14 21:11:48,469 : INFO : EventManager : Event: ======'machine_var_mpf_extended_version'====== Args={'value': 'Mission Pinball Framework v0.57.1.dev3, Config version:6, Show version: 6, BCP version:1.1', 'prev_value': None, 'change': True}
2024-10-14 21:11:48,469 : INFO : EventManager : Event: ======'machine_var_python_version'====== Args={'value': '3.9.13', 'prev_value': None, 'change': True}
2024-10-14 21:11:48,475 : INFO : EventManager : Event: ======'machine_var_platform'====== Args={'value': 'macOS-14.3-arm64-arm-64bit', 'prev_value': None, 'change': True}
2024-10-14 21:11:48,475 : INFO : EventManager : Event: ======'machine_var_platform_system'====== Args={'value': 'Darwin', 'prev_value': None, 'change': True}
2024-10-14 21:11:48,475 : INFO : EventManager : Event: ======'machine_var_platform_release'====== Args={'value': '23.3.0', 'prev_value': None, 'change': True}
2024-10-14 21:11:48,475 : INFO : EventManager : Event: ======'machine_var_platform_version'====== Args={'value': 'Darwin Kernel Version 23.3.0: Thu Dec 21 02:29:41 PST 2023; root:xnu-10002.81.5~11/RELEASE_ARM64_T8122', 'prev_value': None, 'change': True}
2024-10-14 21:11:48,475 : INFO : EventManager : Event: ======'machine_var_platform_machine'====== Args={'value': 'arm64', 'prev_value': None, 'change': True}
2024-10-14 21:11:48,475 : INFO : EventManager : Event: ======'init_phase_1'====== Args={}
2024-10-14 21:11:48,572 : WARNING : Machine : Iterating device collections directly is deprecated and will be removed. Access by value(): device_collections[switches] -> device_collections['switches'].values()
2024-10-14 21:11:48,572 : INFO : SwitchController : <<<<<<< 's_outlane_l' active >>>>>>>
2024-10-14 21:11:48,572 : INFO : SwitchController : <<<<<<< 's_trough_1' active >>>>>>>
2024-10-14 21:11:48,572 : INFO : SwitchController : <<<<<<< 's_autolauncher' active >>>>>>>
2024-10-14 21:11:48,572 : INFO : SwitchController : <<<<<<< 's_drop_m' active >>>>>>>
2024-10-14 21:11:48,572 : INFO : SwitchController : <<<<<<< 's_drop_l' active >>>>>>>
2024-10-14 21:11:48,572 : INFO : SwitchController : <<<<<<< 's_drop_single' active >>>>>>>
2024-10-14 21:11:48,572 : INFO : SwitchController : <<<<<<< 's_vuk_back' active >>>>>>>
2024-10-14 21:11:48,572 : INFO : SwitchController : <<<<<<< 's_lock_1' active >>>>>>>
2024-10-14 21:11:48,572 : INFO : SwitchController : <<<<<<< 's_lock_2' active >>>>>>>
2024-10-14 21:11:48,572 : INFO : SwitchController : <<<<<<< 's_lock_3' active >>>>>>>
2024-10-14 21:11:48,572 : INFO : SwitchController : <<<<<<< 's_u_rollover' active >>>>>>>
2024-10-14 21:11:48,572 : INFO : SwitchController : <<<<<<< 's_u_target' active >>>>>>>
2024-10-14 21:11:48,572 : INFO : SwitchController : <<<<<<< 's_u_lane_r' active >>>>>>>
2024-10-14 21:11:48,572 : INFO : EventManager : Event: ======'init_phase_2'====== Args={}
2024-10-14 21:11:48,573 : INFO : SwitchController : Found active switch: (16, [FAST Platform Interface]) <switch.s_outlane_l>
2024-10-14 21:11:48,573 : INFO : SwitchController : Found active switch: (30, [FAST Platform Interface]) <switch.s_trough_1>
2024-10-14 21:11:48,573 : INFO : SwitchController : Found active switch: (38, [FAST Platform Interface]) <switch.s_autolauncher>
2024-10-14 21:11:48,573 : INFO : SwitchController : Found active switch: (50, [FAST Platform Interface]) <switch.s_drop_m>
2024-10-14 21:11:48,573 : INFO : SwitchController : Found active switch: (51, [FAST Platform Interface]) <switch.s_drop_l>
2024-10-14 21:11:48,573 : INFO : SwitchController : Found active switch: (57, [FAST Platform Interface]) <switch.s_drop_single>
2024-10-14 21:11:48,573 : INFO : SwitchController : Found active switch: (66, [FAST Platform Interface]) <switch.s_vuk_back>
2024-10-14 21:11:48,573 : INFO : SwitchController : Found active switch: (88, [FAST Platform Interface]) <switch.s_lock_1>
2024-10-14 21:11:48,573 : INFO : SwitchController : Found active switch: (89, [FAST Platform Interface]) <switch.s_lock_2>
2024-10-14 21:11:48,573 : INFO : SwitchController : Found active switch: (90, [FAST Platform Interface]) <switch.s_lock_3>
2024-10-14 21:11:48,573 : INFO : SwitchController : Found active switch: (72, [FAST Platform Interface]) <switch.s_u_rollover>
2024-10-14 21:11:48,573 : INFO : SwitchController : Found active switch: (73, [FAST Platform Interface]) <switch.s_u_target>
2024-10-14 21:11:48,573 : INFO : SwitchController : Found active switch: (74, [FAST Platform Interface]) <switch.s_u_lane_r>
2024-10-14 21:11:48,574 : INFO : ball_device.bd_middle_scoop : BCH: Initial count: 0
2024-10-14 21:11:48,574 : INFO : ball_device.bd_middle_scoop : State: idle
2024-10-14 21:11:49,073 : INFO : ball_device.bd_trough : BCH: Initial count: 1
2024-10-14 21:11:49,074 : INFO : ball_device.bd_trough : State: idle
2024-10-14 21:11:49,075 : INFO : ball_device.bd_autolauncher : BCH: Initial count: 1
2024-10-14 21:11:49,076 : INFO : ball_device.bd_autolauncher : State: idle
2024-10-14 21:11:49,077 : INFO : ball_device.bd_kicker_orbit : BCH: Initial count: 0
2024-10-14 21:11:49,077 : INFO : ball_device.bd_kicker_orbit : State: idle
2024-10-14 21:11:49,078 : INFO : ball_device.bd_lower_vuk : BCH: Initial count: 0
2024-10-14 21:11:49,078 : INFO : ball_device.bd_lower_vuk : State: idle
2024-10-14 21:11:49,079 : INFO : ball_device.bd_vuk_back : BCH: Initial count: 1
2024-10-14 21:11:49,079 : INFO : ball_device.bd_vuk_back : State: idle
2024-10-14 21:11:49,080 : INFO : ball_device.bd_b_lock : BCH: Initial count: 1
2024-10-14 21:11:49,080 : INFO : ball_device.bd_b_lock : State: idle
2024-10-14 21:11:49,092 : INFO : EventManager : Event: ======'init_phase_3'====== Args={}
2024-10-14 21:11:49,092 : INFO : EventManager : Event: ======'init_phase_4'====== Args={}
2024-10-14 21:11:49,093 : INFO : BallController : Initial balls found: 4
2024-10-14 21:11:49,093 : INFO : EventManager : Event: ======'machine_var_audits_events_game_ended'====== Args={'value': 1, 'prev_value': None, 'change': True}
2024-10-14 21:11:49,093 : INFO : EventManager : Event: ======'machine_var_audits_events_game_started'====== Args={'value': 4, 'prev_value': None, 'change': True}
2024-10-14 21:11:49,093 : INFO : EventManager : Event: ======'machine_var_audits_missing_switches_s_bot'====== Args={'value': 4, 'prev_value': None, 'change': True}
2024-10-14 21:11:49,093 : INFO : EventManager : Event: ======'machine_var_audits_missing_switches_s_bot_mid'====== Args={'value': 4, 'prev_value': None, 'change': True}
2024-10-14 21:11:49,093 : INFO : EventManager : Event: ======'machine_var_audits_missing_switches_s_captive_l'====== Args={'value': 4, 'prev_value': None, 'change': True}
2024-10-14 21:11:49,093 : INFO : EventManager : Event: ======'machine_var_audits_missing_switches_s_captive_r'====== Args={'value': 4, 'prev_value': None, 'change': True}
2024-10-14 21:11:49,093 : INFO : EventManager : Event: ======'machine_var_audits_missing_switches_s_drop_l'====== Args={'value': 4, 'prev_value': None, 'change': True}
2024-10-14 21:11:49,093 : INFO : EventManager : Event: ======'machine_var_audits_missing_switches_s_drop_m'====== Args={'value': 2, 'prev_value': None, 'change': True}
2024-10-14 21:11:49,093 : INFO : EventManager : Event: ======'machine_var_audits_missing_switches_s_drop_r'====== Args={'value': 4, 'prev_value': None, 'change': True}
2024-10-14 21:11:49,094 : INFO : EventManager : Event: ======'machine_var_audits_missing_switches_s_drop_single'====== Args={'value': 4, 'prev_value': None, 'change': True}
2024-10-14 21:11:49,094 : INFO : EventManager : Event: ======'machine_var_audits_missing_switches_s_inlane_l'====== Args={'value': 2, 'prev_value': None, 'change': True}
2024-10-14 21:11:49,094 : INFO : EventManager : Event: ======'machine_var_audits_missing_switches_s_inlane_r'====== Args={'value': 2, 'prev_value': None, 'change': True}
2024-10-14 21:11:49,094 : INFO : EventManager : Event: ======'machine_var_audits_missing_switches_s_kicker_orbit'====== Args={'value': 2, 'prev_value': None, 'change': True}
2024-10-14 21:11:49,094 : INFO : EventManager : Event: ======'machine_var_audits_missing_switches_s_lower_orbit'====== Args={'value': 4, 'prev_value': None, 'change': True}
2024-10-14 21:11:49,094 : INFO : EventManager : Event: ======'machine_var_audits_missing_switches_s_lower_single'====== Args={'value': 4, 'prev_value': None, 'change': True}
2024-10-14 21:11:49,094 : INFO : EventManager : Event: ======'machine_var_audits_missing_switches_s_lower_sling'====== Args={'value': 4, 'prev_value': None, 'change': True}
2024-10-14 21:11:49,094 : INFO : EventManager : Event: ======'machine_var_audits_missing_switches_s_lower_transfer'====== Args={'value': 4, 'prev_value': None, 'change': True}
2024-10-14 21:11:49,094 : INFO : EventManager : Event: ======'machine_var_audits_missing_switches_s_lower_vuk'====== Args={'value': 4, 'prev_value': None, 'change': True}
2024-10-14 21:11:49,094 : INFO : EventManager : Event: ======'machine_var_audits_missing_switches_s_middle_scoop'====== Args={'value': 1, 'prev_value': None, 'change': True}
2024-10-14 21:11:49,094 : INFO : EventManager : Event: ======'machine_var_audits_missing_switches_s_orbit_small_l'====== Args={'value': 2, 'prev_value': None, 'change': True}
2024-10-14 21:11:49,094 : INFO : EventManager : Event: ======'machine_var_audits_missing_switches_s_orbit_small_r'====== Args={'value': 2, 'prev_value': None, 'change': True}
2024-10-14 21:11:49,094 : INFO : EventManager : Event: ======'machine_var_audits_missing_switches_s_outlane_l'====== Args={'value': 4, 'prev_value': None, 'change': True}
2024-10-14 21:11:49,094 : INFO : EventManager : Event: ======'machine_var_audits_missing_switches_s_outlane_r'====== Args={'value': 4, 'prev_value': None, 'change': True}
2024-10-14 21:11:49,094 : INFO : EventManager : Event: ======'machine_var_audits_missing_switches_s_pop'====== Args={'value': 1, 'prev_value': None, 'change': True}
2024-10-14 21:11:49,094 : INFO : EventManager : Event: ======'machine_var_audits_missing_switches_s_scissor_save'====== Args={'value': 4, 'prev_value': None, 'change': True}
2024-10-14 21:11:49,094 : INFO : EventManager : Event: ======'machine_var_audits_missing_switches_s_sling_l'====== Args={'value': 2, 'prev_value': None, 'change': True}
2024-10-14 21:11:49,094 : INFO : EventManager : Event: ======'machine_var_audits_missing_switches_s_start'====== Args={'value': 4, 'prev_value': None, 'change': True}
2024-10-14 21:11:49,094 : INFO : EventManager : Event: ======'machine_var_audits_missing_switches_s_stationary_l'====== Args={'value': 2, 'prev_value': None, 'change': True}
2024-10-14 21:11:49,094 : INFO : EventManager : Event: ======'machine_var_audits_missing_switches_s_stationary_m'====== Args={'value': 2, 'prev_value': None, 'change': True}
2024-10-14 21:11:49,094 : INFO : EventManager : Event: ======'machine_var_audits_missing_switches_s_stationary_r'====== Args={'value': 2, 'prev_value': None, 'change': True}
2024-10-14 21:11:49,094 : INFO : EventManager : Event: ======'machine_var_audits_missing_switches_s_subway'====== Args={'value': 2, 'prev_value': None, 'change': True}
2024-10-14 21:11:49,095 : INFO : EventManager : Event: ======'machine_var_audits_missing_switches_s_tilt'====== Args={'value': 4, 'prev_value': None, 'change': True}
2024-10-14 21:11:49,095 : INFO : EventManager : Event: ======'machine_var_audits_missing_switches_s_top'====== Args={'value': 4, 'prev_value': None, 'change': True}
2024-10-14 21:11:49,095 : INFO : EventManager : Event: ======'machine_var_audits_missing_switches_s_top_mid'====== Args={'value': 4, 'prev_value': None, 'change': True}
2024-10-14 21:11:49,095 : INFO : EventManager : Event: ======'machine_var_audits_missing_switches_s_trough_1'====== Args={'value': 2, 'prev_value': None, 'change': True}
2024-10-14 21:11:49,095 : INFO : EventManager : Event: ======'machine_var_audits_missing_switches_s_trough_2'====== Args={'value': 2, 'prev_value': None, 'change': True}
2024-10-14 21:11:49,095 : INFO : EventManager : Event: ======'machine_var_audits_missing_switches_s_trough_3'====== Args={'value': 2, 'prev_value': None, 'change': True}
2024-10-14 21:11:49,095 : INFO : EventManager : Event: ======'machine_var_audits_missing_switches_s_trough_5'====== Args={'value': 2, 'prev_value': None, 'change': True}
2024-10-14 21:11:49,095 : INFO : EventManager : Event: ======'machine_var_audits_missing_switches_s_trough_6'====== Args={'value': 2, 'prev_value': None, 'change': True}
2024-10-14 21:11:49,095 : INFO : EventManager : Event: ======'machine_var_audits_missing_switches_s_trough_jam'====== Args={'value': 1, 'prev_value': None, 'change': True}
2024-10-14 21:11:49,095 : INFO : EventManager : Event: ======'machine_var_audits_player_score'====== Args={'value': {'average': 0, 'top': [0], 'total': 1}, 'prev_value': None, 'change': True}
2024-10-14 21:11:49,095 : INFO : EventManager : Event: ======'machine_var_audits_switches_s_autolauncher'====== Args={'value': 5, 'prev_value': None, 'change': True}
2024-10-14 21:11:49,095 : INFO : EventManager : Event: ======'machine_var_audits_switches_s_bot'====== Args={'value': 0, 'prev_value': None, 'change': True}
2024-10-14 21:11:49,095 : INFO : EventManager : Event: ======'machine_var_audits_switches_s_bot_mid'====== Args={'value': 0, 'prev_value': None, 'change': True}
2024-10-14 21:11:49,095 : INFO : EventManager : Event: ======'machine_var_audits_switches_s_captive_l'====== Args={'value': 0, 'prev_value': None, 'change': True}
2024-10-14 21:11:49,095 : INFO : EventManager : Event: ======'machine_var_audits_switches_s_captive_r'====== Args={'value': 0, 'prev_value': None, 'change': True}
2024-10-14 21:11:49,096 : INFO : EventManager : Event: ======'machine_var_audits_switches_s_drop_l'====== Args={'value': 0, 'prev_value': None, 'change': True}
2024-10-14 21:11:49,096 : INFO : EventManager : Event: ======'machine_var_audits_switches_s_drop_m'====== Args={'value': 1, 'prev_value': None, 'change': True}
2024-10-14 21:11:49,096 : INFO : EventManager : Event: ======'machine_var_audits_switches_s_drop_r'====== Args={'value': 0, 'prev_value': None, 'change': True}
2024-10-14 21:11:49,096 : INFO : EventManager : Event: ======'machine_var_audits_switches_s_drop_single'====== Args={'value': 0, 'prev_value': None, 'change': True}
2024-10-14 21:11:49,096 : INFO : EventManager : Event: ======'machine_var_audits_switches_s_flipper_but_l_1'====== Args={'value': 47, 'prev_value': None, 'change': True}
2024-10-14 21:11:49,096 : INFO : EventManager : Event: ======'machine_var_audits_switches_s_flipper_but_l_2'====== Args={'value': 45, 'prev_value': None, 'change': True}
2024-10-14 21:11:49,096 : INFO : EventManager : Event: ======'machine_var_audits_switches_s_flipper_but_r_1'====== Args={'value': 38, 'prev_value': None, 'change': True}
2024-10-14 21:11:49,096 : INFO : EventManager : Event: ======'machine_var_audits_switches_s_flipper_but_r_2'====== Args={'value': 36, 'prev_value': None, 'change': True}
2024-10-14 21:11:49,096 : INFO : EventManager : Event: ======'machine_var_audits_switches_s_flipper_l'====== Args={'value': 54, 'prev_value': None, 'change': True}
2024-10-14 21:11:49,096 : INFO : EventManager : Event: ======'machine_var_audits_switches_s_flipper_r'====== Args={'value': 65, 'prev_value': None, 'change': True}
2024-10-14 21:11:49,096 : INFO : EventManager : Event: ======'machine_var_audits_switches_s_flipper_upper_l'====== Args={'value': 41, 'prev_value': None, 'change': True}
2024-10-14 21:11:49,096 : INFO : EventManager : Event: ======'machine_var_audits_switches_s_inlane_l'====== Args={'value': 1, 'prev_value': None, 'change': True}
2024-10-14 21:11:49,096 : INFO : EventManager : Event: ======'machine_var_audits_switches_s_inlane_r'====== Args={'value': 5, 'prev_value': None, 'change': True}
2024-10-14 21:11:49,097 : INFO : EventManager : Event: ======'machine_var_audits_switches_s_kicker_orbit'====== Args={'value': 1, 'prev_value': None, 'change': True}
2024-10-14 21:11:49,097 : INFO : EventManager : Event: ======'machine_var_audits_switches_s_kicking_target'====== Args={'value': 8, 'prev_value': None, 'change': True}
2024-10-14 21:11:49,097 : INFO : EventManager : Event: ======'machine_var_audits_switches_s_launch'====== Args={'value': 9, 'prev_value': None, 'change': True}
2024-10-14 21:11:49,097 : INFO : EventManager : Event: ======'machine_var_audits_switches_s_lower_orbit'====== Args={'value': 0, 'prev_value': None, 'change': True}
2024-10-14 21:11:49,097 : INFO : EventManager : Event: ======'machine_var_audits_switches_s_lower_single'====== Args={'value': 0, 'prev_value': None, 'change': True}
2024-10-14 21:11:49,097 : INFO : EventManager : Event: ======'machine_var_audits_switches_s_lower_sling'====== Args={'value': 0, 'prev_value': None, 'change': True}
2024-10-14 21:11:49,097 : INFO : EventManager : Event: ======'machine_var_audits_switches_s_lower_transfer'====== Args={'value': 0, 'prev_value': None, 'change': True}
2024-10-14 21:11:49,097 : INFO : EventManager : Event: ======'machine_var_audits_switches_s_lower_vuk'====== Args={'value': 0, 'prev_value': None, 'change': True}
2024-10-14 21:11:49,097 : INFO : EventManager : Event: ======'machine_var_audits_switches_s_middle_scoop'====== Args={'value': 2, 'prev_value': None, 'change': True}
2024-10-14 21:11:49,097 : INFO : EventManager : Event: ======'machine_var_audits_switches_s_orbit_small_l'====== Args={'value': 2, 'prev_value': None, 'change': True}
2024-10-14 21:11:49,097 : INFO : EventManager : Event: ======'machine_var_audits_switches_s_orbit_small_r'====== Args={'value': 1, 'prev_value': None, 'change': True}
2024-10-14 21:11:49,098 : INFO : EventManager : Event: ======'machine_var_audits_switches_s_outlane_l'====== Args={'value': 0, 'prev_value': None, 'change': True}
2024-10-14 21:11:49,098 : INFO : EventManager : Event: ======'machine_var_audits_switches_s_outlane_r'====== Args={'value': 0, 'prev_value': None, 'change': True}
2024-10-14 21:11:49,098 : INFO : EventManager : Event: ======'machine_var_audits_switches_s_pop'====== Args={'value': 5, 'prev_value': None, 'change': True}
2024-10-14 21:11:49,098 : INFO : EventManager : Event: ======'machine_var_audits_switches_s_scissor_save'====== Args={'value': 0, 'prev_value': None, 'change': True}
2024-10-14 21:11:49,098 : INFO : EventManager : Event: ======'machine_var_audits_switches_s_sling_l'====== Args={'value': 6, 'prev_value': None, 'change': True}
2024-10-14 21:11:49,098 : INFO : EventManager : Event: ======'machine_var_audits_switches_s_start'====== Args={'value': 0, 'prev_value': None, 'change': True}
2024-10-14 21:11:49,098 : INFO : EventManager : Event: ======'machine_var_audits_switches_s_stationary_l'====== Args={'value': 1, 'prev_value': None, 'change': True}
2024-10-14 21:11:49,098 : INFO : EventManager : Event: ======'machine_var_audits_switches_s_stationary_m'====== Args={'value': 3, 'prev_value': None, 'change': True}
2024-10-14 21:11:49,098 : INFO : EventManager : Event: ======'machine_var_audits_switches_s_stationary_r'====== Args={'value': 1, 'prev_value': None, 'change': True}
2024-10-14 21:11:49,098 : INFO : EventManager : Event: ======'machine_var_audits_switches_s_subway'====== Args={'value': 3, 'prev_value': None, 'change': True}
2024-10-14 21:11:49,099 : INFO : EventManager : Event: ======'machine_var_audits_switches_s_tilt'====== Args={'value': 0, 'prev_value': None, 'change': True}
2024-10-14 21:11:49,099 : INFO : EventManager : Event: ======'machine_var_audits_switches_s_top'====== Args={'value': 0, 'prev_value': None, 'change': True}
2024-10-14 21:11:49,099 : INFO : EventManager : Event: ======'machine_var_audits_switches_s_top_mid'====== Args={'value': 0, 'prev_value': None, 'change': True}
2024-10-14 21:11:49,099 : INFO : EventManager : Event: ======'machine_var_audits_switches_s_trough_1'====== Args={'value': 6, 'prev_value': None, 'change': True}
2024-10-14 21:11:49,099 : INFO : EventManager : Event: ======'machine_var_audits_switches_s_trough_2'====== Args={'value': 3, 'prev_value': None, 'change': True}
2024-10-14 21:11:49,099 : INFO : EventManager : Event: ======'machine_var_audits_switches_s_trough_3'====== Args={'value': 4, 'prev_value': None, 'change': True}
2024-10-14 21:11:49,099 : INFO : EventManager : Event: ======'machine_var_audits_switches_s_trough_4'====== Args={'value': 8, 'prev_value': None, 'change': True}
2024-10-14 21:11:49,099 : INFO : EventManager : Event: ======'machine_var_audits_switches_s_trough_5'====== Args={'value': 3, 'prev_value': None, 'change': True}
2024-10-14 21:11:49,100 : INFO : EventManager : Event: ======'machine_var_audits_switches_s_trough_6'====== Args={'value': 6, 'prev_value': None, 'change': True}
2024-10-14 21:11:49,100 : INFO : EventManager : Event: ======'machine_var_audits_switches_s_trough_jam'====== Args={'value': 4, 'prev_value': None, 'change': True}
2024-10-14 21:11:49,100 : INFO : EventManager : Event: ======'machine_var_audits_switches_s_b_target_right'====== Args={'value': 0, 'prev_value': None, 'change': True}
2024-10-14 21:11:49,100 : INFO : EventManager : Event: ======'machine_var_audits_switches_s_u_target'====== Args={'value': 0, 'prev_value': None, 'change': True}
2024-10-14 21:11:49,100 : INFO : EventManager : Event: ======'machine_var_audits_switches_s_b_target_left'====== Args={'value': 0, 'prev_value': None, 'change': True}
2024-10-14 21:11:49,100 : INFO : EventManager : Event: ======'machine_var_audits_switches_s_lock_2'====== Args={'value': 0, 'prev_value': None, 'change': True}
2024-10-14 21:11:49,100 : INFO : EventManager : Event: ======'machine_var_audits_switches_s_vuk_back'====== Args={'value': 0, 'prev_value': None, 'change': True}
2024-10-14 21:11:49,100 : INFO : EventManager : Event: ======'machine_var_audits_switches_s_b_rollover_misc'====== Args={'value': 0, 'prev_value': None, 'change': True}
2024-10-14 21:11:49,101 : INFO : EventManager : Event: ======'machine_var_audits_switches_s_b_eos'====== Args={'value': 0, 'prev_value': None, 'change': True}
2024-10-14 21:11:49,101 : INFO : EventManager : Event: ======'machine_var_audits_switches_s_lock_3'====== Args={'value': 0, 'prev_value': None, 'change': True}
2024-10-14 21:11:49,101 : INFO : EventManager : Event: ======'machine_var_audits_switches_s_lock_1'====== Args={'value': 0, 'prev_value': None, 'change': True}
2024-10-14 21:11:49,101 : INFO : EventManager : Event: ======'machine_var_audits_switches_s_u_lane_l'====== Args={'value': 0, 'prev_value': None, 'change': True}
2024-10-14 21:11:49,101 : INFO : EventManager : Event: ======'machine_var_audits_switches_s_b_pop'====== Args={'value': 0, 'prev_value': None, 'change': True}
2024-10-14 21:11:49,101 : INFO : EventManager : Event: ======'machine_var_audits_switches_s_b_rollover_loop'====== Args={'value': 0, 'prev_value': None, 'change': True}
2024-10-14 21:11:49,101 : INFO : EventManager : Event: ======'machine_var_audits_switches_s_b_rollover_interchange'====== Args={'value': 0, 'prev_value': None, 'change': True}
2024-10-14 21:11:49,101 : INFO : EventManager : Event: ======'machine_var_audits_switches_s_u_rollover'====== Args={'value': 0, 'prev_value': None, 'change': True}
2024-10-14 21:11:49,102 : INFO : EventManager : Event: ======'machine_var_audits_switches_s_u_lane_r'====== Args={'value': 0, 'prev_value': None, 'change': True}
2024-10-14 21:11:49,102 : INFO : EventManager : Event: ======'init_phase_5'====== Args={}
2024-10-14 21:11:49,102 : INFO : EventManager : Event: ======'init_done'====== Args={}
2024-10-14 21:11:49,103 : INFO : EventManager : Event: ======'machine_reset_phase_1'====== Args={}
2024-10-14 21:11:49,103 : INFO : EventManager : Event: ======'machine_reset_phase_2'====== Args={}
2024-10-14 21:11:49,103 : INFO : EventManager : Event: ======'machine_reset_phase_3'====== Args={}
2024-10-14 21:11:49,106 : INFO : EventManager : Event: ======'reset_complete'====== Args={}
2024-10-14 21:11:49,106 : INFO : EventManager : Event: ======'mode_attract_will_start'====== Args={}
2024-10-14 21:11:49,107 : INFO : EventManager : Event: ======'mode_attract_starting'====== Args={}
2024-10-14 21:11:49,107 : INFO : Mode.attract : Started. Priority: 10
2024-10-14 21:11:49,107 : INFO : EventManager : Event: ======'modes_active_modes_changed'====== Args={}
2024-10-14 21:11:49,107 : INFO : EventManager : Event: ======'mode_attract_started'====== Args={}
2024-10-14 21:11:49,107 : INFO : EventManager : Event: ======'collecting_balls'====== Args={}
2024-10-14 21:11:49,107 : INFO : ball_device.bd_vuk_back : Adding 1 ball(s) to the eject_queue with target <playfield.playfield>.
2024-10-14 21:11:49,107 : INFO : EventManager : Event: ======'balldevice_balls_available'====== Args={}
2024-10-14 21:11:49,107 : INFO : ball_device.bd_autolauncher : Adding 1 ball(s) to the eject_queue with target <playfield.playfield>.
2024-10-14 21:11:49,107 : INFO : EventManager : Event: ======'balldevice_balls_available'====== Args={}
2024-10-14 21:11:49,107 : INFO : ball_device.bd_b_lock : Adding 1 ball(s) to the eject_queue with target <playfield.playfield>.
2024-10-14 21:11:49,107 : INFO : EventManager : Event: ======'balldevice_balls_available'====== Args={}
2024-10-14 21:11:49,107 : INFO : Machine : Starting the main run loop.
2024-10-14 21:11:49,107 : INFO : ball_device.bd_vuk_back : State: waiting_for_target_ready
2024-10-14 21:11:49,107 : INFO : EventManager : Event: ======'balldevice_bd_vuk_back_ball_eject_attempt'====== Args={'balls': 1, 'target': <playfield.playfield>, 'source': <ball_device.bd_vuk_back>, 'mechanical_eject': False, 'num_attempts': 0}
2024-10-14 21:11:49,107 : INFO : ball_device.bd_autolauncher : State: waiting_for_target_ready
2024-10-14 21:11:49,107 : INFO : EventManager : Event: ======'balldevice_bd_autolauncher_ball_eject_attempt'====== Args={'balls': 1, 'target': <playfield.playfield>, 'source': <ball_device.bd_autolauncher>, 'mechanical_eject': False, 'num_attempts': 0}
2024-10-14 21:11:49,107 : INFO : ball_device.bd_b_lock : State: waiting_for_target_ready
2024-10-14 21:11:49,107 : INFO : EventManager : Event: ======'balldevice_bd_b_lock_ball_eject_attempt'====== Args={'balls': 1, 'target': <playfield.playfield>, 'source': <ball_device.bd_b_lock>, 'mechanical_eject': False, 'num_attempts': 0}
2024-10-14 21:11:49,108 : INFO : ball_device.bd_b_lock : State: ejecting
2024-10-14 21:11:49,108 : INFO : ball_device.bd_b_lock : Ejecting ball to <playfield.playfield>
2024-10-14 21:11:49,108 : INFO : EventManager : Event: ======'balldevice_bd_b_lock_ejecting_ball'====== Args={'balls': 1, 'target': <playfield.playfield>, 'source': <ball_device.bd_b_lock>, 'mechanical_eject': False, 'num_attempts': 0}
2024-10-14 21:11:49,108 : INFO : ball_device.bd_autolauncher : State: ejecting
2024-10-14 21:11:49,108 : INFO : ball_device.bd_autolauncher : Ejecting ball to <playfield.playfield>
2024-10-14 21:11:49,108 : INFO : EventManager : Event: ======'balldevice_bd_autolauncher_ejecting_ball'====== Args={'balls': 1, 'target': <playfield.playfield>, 'source': <ball_device.bd_autolauncher>, 'mechanical_eject': False, 'num_attempts': 0}
2024-10-14 21:11:49,108 : INFO : ball_device.bd_vuk_back : State: ejecting
2024-10-14 21:11:49,108 : INFO : ball_device.bd_vuk_back : Ejecting ball to <playfield.playfield>
2024-10-14 21:11:49,108 : INFO : EventManager : Event: ======'balldevice_bd_vuk_back_ejecting_ball'====== Args={'balls': 1, 'target': <playfield.playfield>, 'source': <ball_device.bd_vuk_back>, 'mechanical_eject': False, 'num_attempts': 0}
2024-10-14 21:11:49,108 : INFO : ball_device.bd_vuk_back : Wait for ball to leave device
2024-10-14 21:11:49,108 : INFO : coil.c_vuk_back : Pulsing Driver for 30ms (1.0 pulse_power)
2024-10-14 21:11:49,108 : INFO : ball_device.bd_autolauncher : Wait for ball to leave device
2024-10-14 21:11:49,108 : INFO : ball_device.bd_b_lock : Wait for ball to leave device
2024-10-14 21:11:49,149 : INFO : coil.c_autolauncher : Pulsing Driver for 15ms (1.0 pulse_power)
2024-10-14 21:11:49,169 : INFO : SwitchController : <<<<<<< 's_autolauncher' inactive >>>>>>>
2024-10-14 21:11:49,170 : INFO : ball_device.bd_autolauncher : State: ball_left
2024-10-14 21:11:49,170 : INFO : ball_device.bd_autolauncher : Ball left
2024-10-14 21:11:49,170 : INFO : ball_device.bd_autolauncher : Wait for confirm with timeout 3.0
2024-10-14 21:11:49,173 : INFO : coil.c_b_lock : Pulsing Driver for 100ms (0.7 pulse_power)
2024-10-14 21:11:49,184 : INFO : SwitchController : <<<<<<< 's_trough_4' active >>>>>>>
2024-10-14 21:11:49,191 : INFO : SwitchController : <<<<<<< 's_trough_4' inactive >>>>>>>
2024-10-14 21:11:49,336 : INFO : SwitchController : <<<<<<< 's_trough_4' active >>>>>>>
2024-10-14 21:11:49,405 : INFO : SwitchController : <<<<<<< 's_trough_4' inactive >>>>>>>
2024-10-14 21:11:49,786 : INFO : SwitchController : <<<<<<< 's_trough_4' active >>>>>>>
2024-10-14 21:11:49,850 : INFO : SwitchController : <<<<<<< 's_trough_4' inactive >>>>>>>
2024-10-14 21:11:51,111 : INFO : EventManager : Event: ======'balldevice_bd_vuk_back_ball_eject_failed'====== Args={'target': <playfield.playfield>, 'balls': 1, 'retry': True, 'num_attempts': 1}
2024-10-14 21:11:51,111 : INFO : EventManager : Event: ======'balldevice_bd_b_lock_ball_eject_failed'====== Args={'target': <playfield.playfield>, 'balls': 1, 'retry': True, 'num_attempts': 1}
2024-10-14 21:11:51,113 : INFO : ball_device.bd_b_lock : State: waiting_for_target_ready
2024-10-14 21:11:51,114 : INFO : EventManager : Event: ======'balldevice_bd_b_lock_ball_eject_attempt'====== Args={'balls': 1, 'target': <playfield.playfield>, 'source': <ball_device.bd_b_lock>, 'mechanical_eject': False, 'num_attempts': 1}
2024-10-14 21:11:51,114 : INFO : ball_device.bd_vuk_back : State: waiting_for_target_ready
2024-10-14 21:11:51,114 : INFO : EventManager : Event: ======'balldevice_bd_vuk_back_ball_eject_attempt'====== Args={'balls': 1, 'target': <playfield.playfield>, 'source': <ball_device.bd_vuk_back>, 'mechanical_eject': False, 'num_attempts': 1}
2024-10-14 21:11:51,114 : INFO : ball_device.bd_vuk_back : State: ejecting
2024-10-14 21:11:51,114 : INFO : ball_device.bd_vuk_back : Ejecting ball to <playfield.playfield>
2024-10-14 21:11:51,114 : INFO : EventManager : Event: ======'balldevice_bd_vuk_back_ejecting_ball'====== Args={'balls': 1, 'target': <playfield.playfield>, 'source': <ball_device.bd_vuk_back>, 'mechanical_eject': False, 'num_attempts': 1}
2024-10-14 21:11:51,115 : INFO : ball_device.bd_b_lock : State: ejecting
2024-10-14 21:11:51,115 : INFO : ball_device.bd_b_lock : Ejecting ball to <playfield.playfield>
2024-10-14 21:11:51,115 : INFO : EventManager : Event: ======'balldevice_bd_b_lock_ejecting_ball'====== Args={'balls': 1, 'target': <playfield.playfield>, 'source': <ball_device.bd_b_lock>, 'mechanical_eject': False, 'num_attempts': 1}
2024-10-14 21:11:51,116 : INFO : ball_device.bd_b_lock : Wait for ball to leave device
2024-10-14 21:11:51,116 : INFO : coil.c_b_lock : Pulsing Driver for 100ms (0.7 pulse_power)
2024-10-14 21:11:51,116 : INFO : ball_device.bd_vuk_back : Wait for ball to leave device
2024-10-14 21:11:51,227 : INFO : coil.c_vuk_back : Pulsing Driver for 30ms (1.0 pulse_power)
2024-10-14 21:11:52,171 : INFO : ball_device.bd_autolauncher : State: failed_confirm
2024-10-14 21:11:52,172 : INFO : ball_device.bd_autolauncher : Got timeout (3.0s) before confirm from <playfield.playfield>
2024-10-14 21:11:52,273 : INFO : ball_device.bd_autolauncher : Confirming eject because target is playfield and ball did not return.
2024-10-14 21:11:52,274 : INFO : ball_device.bd_autolauncher : Eject successful
2024-10-14 21:11:52,274 : INFO : EventManager : Event: ======'balldevice_bd_autolauncher_ball_eject_success'====== Args={'balls': 1, 'target': <playfield.playfield>}
2024-10-14 21:11:52,275 : INFO : EventManager : Event: ======'balldevice_playfield_ball_enter'====== Args={'new_balls': 1, 'unclaimed_balls': 1, 'device': <playfield.playfield>}
2024-10-14 21:11:52,275 : INFO : EventManager : Event: ======'playfield_ball_count_change'====== Args={'balls': 1, 'change': 1}
2024-10-14 21:11:52,276 : INFO : EventManager : Event: ======'balldevice_bd_autolauncher_ball_count_changed'====== Args={'balls': 0}
2024-10-14 21:11:52,276 : INFO : ball_device.bd_autolauncher : State: idle
2024-10-14 21:11:53,117 : INFO : EventManager : Event: ======'balldevice_bd_b_lock_ball_eject_failed'====== Args={'target': <playfield.playfield>, 'balls': 1, 'retry': True, 'num_attempts': 2}
2024-10-14 21:11:53,118 : INFO : EventManager : Event: ======'balldevice_bd_vuk_back_ball_eject_failed'====== Args={'target': <playfield.playfield>, 'balls': 1, 'retry': True, 'num_attempts': 2}
2024-10-14 21:11:53,120 : INFO : ball_device.bd_vuk_back : State: waiting_for_target_ready
2024-10-14 21:11:53,120 : INFO : EventManager : Event: ======'balldevice_bd_vuk_back_ball_eject_attempt'====== Args={'balls': 1, 'target': <playfield.playfield>, 'source': <ball_device.bd_vuk_back>, 'mechanical_eject': False, 'num_attempts': 2}
2024-10-14 21:11:53,120 : INFO : ball_device.bd_b_lock : State: waiting_for_target_ready
2024-10-14 21:11:53,121 : INFO : EventManager : Event: ======'balldevice_bd_b_lock_ball_eject_attempt'====== Args={'balls': 1, 'target': <playfield.playfield>, 'source': <ball_device.bd_b_lock>, 'mechanical_eject': False, 'num_attempts': 2}
2024-10-14 21:11:53,121 : INFO : ball_device.bd_b_lock : State: ejecting
2024-10-14 21:11:53,121 : INFO : ball_device.bd_b_lock : Ejecting ball to <playfield.playfield>
2024-10-14 21:11:53,121 : INFO : EventManager : Event: ======'balldevice_bd_b_lock_ejecting_ball'====== Args={'balls': 1, 'target': <playfield.playfield>, 'source': <ball_device.bd_b_lock>, 'mechanical_eject': False, 'num_attempts': 2}
2024-10-14 21:11:53,121 : INFO : ball_device.bd_vuk_back : State: ejecting
2024-10-14 21:11:53,121 : INFO : ball_device.bd_vuk_back : Ejecting ball to <playfield.playfield>
2024-10-14 21:11:53,121 : INFO : EventManager : Event: ======'balldevice_bd_vuk_back_ejecting_ball'====== Args={'balls': 1, 'target': <playfield.playfield>, 'source': <ball_device.bd_vuk_back>, 'mechanical_eject': False, 'num_attempts': 2}
2024-10-14 21:11:53,122 : INFO : ball_device.bd_vuk_back : Wait for ball to leave device
2024-10-14 21:11:53,122 : INFO : coil.c_vuk_back : Pulsing Driver for 30ms (1.0 pulse_power)
2024-10-14 21:11:53,123 : INFO : ball_device.bd_b_lock : Wait for ball to leave device
2024-10-14 21:11:53,164 : INFO : coil.c_b_lock : Pulsing Driver for 100ms (0.7 pulse_power)
2024-10-14 21:11:55,124 : INFO : EventManager : Event: ======'balldevice_bd_vuk_back_ball_eject_failed'====== Args={'target': <playfield.playfield>, 'balls': 1, 'retry': True, 'num_attempts': 3}
2024-10-14 21:11:55,125 : INFO : EventManager : Event: ======'balldevice_bd_b_lock_ball_eject_failed'====== Args={'target': <playfield.playfield>, 'balls': 1, 'retry': True, 'num_attempts': 3}
2024-10-14 21:11:55,127 : INFO : ball_device.bd_b_lock : State: waiting_for_target_ready
2024-10-14 21:11:55,127 : INFO : EventManager : Event: ======'balldevice_bd_b_lock_ball_eject_attempt'====== Args={'balls': 1, 'target': <playfield.playfield>, 'source': <ball_device.bd_b_lock>, 'mechanical_eject': False, 'num_attempts': 3}
2024-10-14 21:11:55,127 : INFO : ball_device.bd_vuk_back : State: waiting_for_target_ready
2024-10-14 21:11:55,127 : INFO : EventManager : Event: ======'balldevice_bd_vuk_back_ball_eject_attempt'====== Args={'balls': 1, 'target': <playfield.playfield>, 'source': <ball_device.bd_vuk_back>, 'mechanical_eject': False, 'num_attempts': 3}
2024-10-14 21:11:55,128 : INFO : ball_device.bd_vuk_back : State: ejecting
2024-10-14 21:11:55,128 : INFO : ball_device.bd_vuk_back : Ejecting ball to <playfield.playfield>
2024-10-14 21:11:55,128 : INFO : EventManager : Event: ======'balldevice_bd_vuk_back_ejecting_ball'====== Args={'balls': 1, 'target': <playfield.playfield>, 'source': <ball_device.bd_vuk_back>, 'mechanical_eject': False, 'num_attempts': 3}
2024-10-14 21:11:55,128 : INFO : ball_device.bd_b_lock : State: ejecting
2024-10-14 21:11:55,128 : INFO : ball_device.bd_b_lock : Ejecting ball to <playfield.playfield>
2024-10-14 21:11:55,128 : INFO : EventManager : Event: ======'balldevice_bd_b_lock_ejecting_ball'====== Args={'balls': 1, 'target': <playfield.playfield>, 'source': <ball_device.bd_b_lock>, 'mechanical_eject': False, 'num_attempts': 3}
2024-10-14 21:11:55,129 : INFO : ball_device.bd_b_lock : Wait for ball to leave device
2024-10-14 21:11:55,129 : INFO : coil.c_b_lock : Pulsing Driver for 100ms (0.7 pulse_power)
2024-10-14 21:11:55,130 : INFO : ball_device.bd_vuk_back : Wait for ball to leave device
2024-10-14 21:11:55,241 : INFO : coil.c_vuk_back : Pulsing Driver for 30ms (1.0 pulse_power)
2024-10-14 21:11:57,131 : INFO : EventManager : Event: ======'balldevice_bd_b_lock_ball_eject_failed'====== Args={'target': <playfield.playfield>, 'balls': 1, 'retry': True, 'num_attempts': 4}
2024-10-14 21:11:57,131 : INFO : EventManager : Event: ======'balldevice_bd_vuk_back_ball_eject_failed'====== Args={'target': <playfield.playfield>, 'balls': 1, 'retry': True, 'num_attempts': 4}
2024-10-14 21:11:57,133 : INFO : ball_device.bd_vuk_back : State: waiting_for_target_ready
2024-10-14 21:11:57,134 : INFO : EventManager : Event: ======'balldevice_bd_vuk_back_ball_eject_attempt'====== Args={'balls': 1, 'target': <playfield.playfield>, 'source': <ball_device.bd_vuk_back>, 'mechanical_eject': False, 'num_attempts': 4}
2024-10-14 21:11:57,134 : INFO : ball_device.bd_b_lock : State: waiting_for_target_ready
2024-10-14 21:11:57,134 : INFO : EventManager : Event: ======'balldevice_bd_b_lock_ball_eject_attempt'====== Args={'balls': 1, 'target': <playfield.playfield>, 'source': <ball_device.bd_b_lock>, 'mechanical_eject': False, 'num_attempts': 4}
2024-10-14 21:11:57,135 : INFO : ball_device.bd_b_lock : State: ejecting
2024-10-14 21:11:57,135 : INFO : ball_device.bd_b_lock : Ejecting ball to <playfield.playfield>
2024-10-14 21:11:57,135 : INFO : EventManager : Event: ======'balldevice_bd_b_lock_ejecting_ball'====== Args={'balls': 1, 'target': <playfield.playfield>, 'source': <ball_device.bd_b_lock>, 'mechanical_eject': False, 'num_attempts': 4}
2024-10-14 21:11:57,135 : INFO : ball_device.bd_vuk_back : State: ejecting
2024-10-14 21:11:57,135 : INFO : ball_device.bd_vuk_back : Ejecting ball to <playfield.playfield>
2024-10-14 21:11:57,135 : INFO : EventManager : Event: ======'balldevice_bd_vuk_back_ejecting_ball'====== Args={'balls': 1, 'target': <playfield.playfield>, 'source': <ball_device.bd_vuk_back>, 'mechanical_eject': False, 'num_attempts': 4}
2024-10-14 21:11:57,136 : INFO : ball_device.bd_vuk_back : Wait for ball to leave device
2024-10-14 21:11:57,136 : INFO : coil.c_vuk_back : Pulsing Driver for 30ms (1.0 pulse_power)
2024-10-14 21:11:57,136 : INFO : ball_device.bd_b_lock : Wait for ball to leave device
2024-10-14 21:11:57,177 : INFO : coil.c_b_lock : Pulsing Driver for 100ms (0.7 pulse_power)
2024-10-14 21:11:59,137 : INFO : EventManager : Event: ======'balldevice_bd_vuk_back_ball_eject_failed'====== Args={'target': <playfield.playfield>, 'balls': 1, 'retry': True, 'num_attempts': 5}
2024-10-14 21:11:59,138 : INFO : EventManager : Event: ======'balldevice_bd_b_lock_ball_eject_failed'====== Args={'target': <playfield.playfield>, 'balls': 1, 'retry': True, 'num_attempts': 5}
2024-10-14 21:11:59,140 : INFO : ball_device.bd_b_lock : State: waiting_for_target_ready
2024-10-14 21:11:59,140 : INFO : EventManager : Event: ======'balldevice_bd_b_lock_ball_eject_attempt'====== Args={'balls': 1, 'target': <playfield.playfield>, 'source': <ball_device.bd_b_lock>, 'mechanical_eject': False, 'num_attempts': 5}
2024-10-14 21:11:59,140 : INFO : ball_device.bd_vuk_back : State: waiting_for_target_ready
2024-10-14 21:11:59,141 : INFO : EventManager : Event: ======'balldevice_bd_vuk_back_ball_eject_attempt'====== Args={'balls': 1, 'target': <playfield.playfield>, 'source': <ball_device.bd_vuk_back>, 'mechanical_eject': False, 'num_attempts': 5}
2024-10-14 21:11:59,141 : INFO : ball_device.bd_vuk_back : State: ejecting
2024-10-14 21:11:59,141 : INFO : ball_device.bd_vuk_back : Ejecting ball to <playfield.playfield>
2024-10-14 21:11:59,141 : INFO : EventManager : Event: ======'balldevice_bd_vuk_back_ejecting_ball'====== Args={'balls': 1, 'target': <playfield.playfield>, 'source': <ball_device.bd_vuk_back>, 'mechanical_eject': False, 'num_attempts': 5}
2024-10-14 21:11:59,141 : INFO : ball_device.bd_b_lock : State: ejecting
2024-10-14 21:11:59,141 : INFO : ball_device.bd_b_lock : Ejecting ball to <playfield.playfield>
2024-10-14 21:11:59,141 : INFO : EventManager : Event: ======'balldevice_bd_b_lock_ejecting_ball'====== Args={'balls': 1, 'target': <playfield.playfield>, 'source': <ball_device.bd_b_lock>, 'mechanical_eject': False, 'num_attempts': 5}
2024-10-14 21:11:59,142 : INFO : ball_device.bd_b_lock : Wait for ball to leave device
2024-10-14 21:11:59,142 : INFO : coil.c_b_lock : Pulsing Driver for 100ms (0.7 pulse_power)
2024-10-14 21:11:59,143 : INFO : ball_device.bd_vuk_back : Wait for ball to leave device
2024-10-14 21:11:59,253 : INFO : coil.c_vuk_back : Pulsing Driver for 30ms (1.0 pulse_power)
2024-10-14 21:12:01,144 : INFO : EventManager : Event: ======'balldevice_bd_b_lock_ball_eject_failed'====== Args={'target': <playfield.playfield>, 'balls': 1, 'retry': True, 'num_attempts': 6}
2024-10-14 21:12:01,145 : INFO : EventManager : Event: ======'balldevice_bd_vuk_back_ball_eject_failed'====== Args={'target': <playfield.playfield>, 'balls': 1, 'retry': True, 'num_attempts': 6}
2024-10-14 21:12:01,147 : INFO : ball_device.bd_vuk_back : State: waiting_for_target_ready
2024-10-14 21:12:01,147 : INFO : EventManager : Event: ======'balldevice_bd_vuk_back_ball_eject_attempt'====== Args={'balls': 1, 'target': <playfield.playfield>, 'source': <ball_device.bd_vuk_back>, 'mechanical_eject': False, 'num_attempts': 6}
2024-10-14 21:12:01,147 : INFO : ball_device.bd_b_lock : State: waiting_for_target_ready
2024-10-14 21:12:01,147 : INFO : EventManager : Event: ======'balldevice_bd_b_lock_ball_eject_attempt'====== Args={'balls': 1, 'target': <playfield.playfield>, 'source': <ball_device.bd_b_lock>, 'mechanical_eject': False, 'num_attempts': 6}
2024-10-14 21:12:01,148 : INFO : ball_device.bd_b_lock : State: ejecting
2024-10-14 21:12:01,148 : INFO : ball_device.bd_b_lock : Ejecting ball to <playfield.playfield>
2024-10-14 21:12:01,148 : INFO : EventManager : Event: ======'balldevice_bd_b_lock_ejecting_ball'====== Args={'balls': 1, 'target': <playfield.playfield>, 'source': <ball_device.bd_b_lock>, 'mechanical_eject': False, 'num_attempts': 6}
2024-10-14 21:12:01,148 : INFO : ball_device.bd_vuk_back : State: ejecting
2024-10-14 21:12:01,148 : INFO : ball_device.bd_vuk_back : Ejecting ball to <playfield.playfield>
2024-10-14 21:12:01,148 : INFO : EventManager : Event: ======'balldevice_bd_vuk_back_ejecting_ball'====== Args={'balls': 1, 'target': <playfield.playfield>, 'source': <ball_device.bd_vuk_back>, 'mechanical_eject': False, 'num_attempts': 6}
2024-10-14 21:12:01,149 : INFO : ball_device.bd_vuk_back : Wait for ball to leave device
2024-10-14 21:12:01,149 : INFO : coil.c_vuk_back : Pulsing Driver for 30ms (1.0 pulse_power)
2024-10-14 21:12:01,150 : INFO : ball_device.bd_b_lock : Wait for ball to leave device
2024-10-14 21:12:01,191 : INFO : coil.c_b_lock : Pulsing Driver for 100ms (0.7 pulse_power)
2024-10-14 21:12:03,151 : INFO : EventManager : Event: ======'balldevice_bd_vuk_back_ball_eject_failed'====== Args={'target': <playfield.playfield>, 'balls': 1, 'retry': True, 'num_attempts': 7}
2024-10-14 21:12:03,152 : INFO : EventManager : Event: ======'balldevice_bd_b_lock_ball_eject_failed'====== Args={'target': <playfield.playfield>, 'balls': 1, 'retry': True, 'num_attempts': 7}
2024-10-14 21:12:03,153 : INFO : ball_device.bd_b_lock : State: waiting_for_target_ready
2024-10-14 21:12:03,153 : INFO : EventManager : Event: ======'balldevice_bd_b_lock_ball_eject_attempt'====== Args={'balls': 1, 'target': <playfield.playfield>, 'source': <ball_device.bd_b_lock>, 'mechanical_eject': False, 'num_attempts': 7}
2024-10-14 21:12:03,154 : INFO : ball_device.bd_vuk_back : State: waiting_for_target_ready
2024-10-14 21:12:03,154 : INFO : EventManager : Event: ======'balldevice_bd_vuk_back_ball_eject_attempt'====== Args={'balls': 1, 'target': <playfield.playfield>, 'source': <ball_device.bd_vuk_back>, 'mechanical_eject': False, 'num_attempts': 7}
2024-10-14 21:12:03,154 : INFO : ball_device.bd_vuk_back : State: ejecting
2024-10-14 21:12:03,154 : INFO : ball_device.bd_vuk_back : Ejecting ball to <playfield.playfield>
2024-10-14 21:12:03,155 : INFO : EventManager : Event: ======'balldevice_bd_vuk_back_ejecting_ball'====== Args={'balls': 1, 'target': <playfield.playfield>, 'source': <ball_device.bd_vuk_back>, 'mechanical_eject': False, 'num_attempts': 7}
2024-10-14 21:12:03,155 : INFO : ball_device.bd_b_lock : State: ejecting
2024-10-14 21:12:03,155 : INFO : ball_device.bd_b_lock : Ejecting ball to <playfield.playfield>
2024-10-14 21:12:03,155 : INFO : EventManager : Event: ======'balldevice_bd_b_lock_ejecting_ball'====== Args={'balls': 1, 'target': <playfield.playfield>, 'source': <ball_device.bd_b_lock>, 'mechanical_eject': False, 'num_attempts': 7}
2024-10-14 21:12:03,156 : INFO : ball_device.bd_b_lock : Wait for ball to leave device
2024-10-14 21:12:03,156 : INFO : coil.c_b_lock : Pulsing Driver for 100ms (0.7 pulse_power)
2024-10-14 21:12:03,156 : INFO : ball_device.bd_vuk_back : Wait for ball to leave device
2024-10-14 21:12:03,266 : INFO : coil.c_vuk_back : Pulsing Driver for 30ms (1.0 pulse_power)
2024-10-14 21:12:05,009 : INFO : Machine : Shutting down...
2024-10-14 21:12:05,009 : INFO : EventManager : Event: ======'shutdown'====== Args={}
2024-10-14 21:12:05,121 : INFO : root : MPF run loop ended.
