2024-10-14 09:15:52,257 : INFO : root : Loading config.
2024-10-14 09:15:52,260 : INFO : YamlMultifileConfigLoader : Machine config file #1: config.yaml
2024-10-14 09:15:52,260 : WARNING : ConfigProcessor : Config file in cache changed: /Users/tannerpetch/Documents/GitHub/trashland_4/config/config.yaml
2024-10-14 09:15:52,260 : INFO : ConfigProcessor : Loading config from file /Library/Frameworks/Python.framework/Versions/3.9/lib/python3.9/site-packages/mpf/mpfconfig.yaml.
2024-10-14 09:15:52,265 : INFO : ConfigProcessor : Loading config: /Library/Frameworks/Python.framework/Versions/3.9/lib/python3.9/site-packages/mpf/mpfconfig.yaml
2024-10-14 09:15:52,266 : INFO : ConfigProcessor : Loading config from file /Users/tannerpetch/Documents/GitHub/trashland_4/config/config.yaml.
2024-10-14 09:15:52,268 : INFO : ConfigProcessor : Loading config: /Users/tannerpetch/Documents/GitHub/trashland_4/config/config.yaml
2024-10-14 09:15:52,268 : INFO : ConfigProcessor : Config file cache created: /var/folders/l2/q8hj_6s91xnb2jxg1sqm0h7r0000gn/T/fb4db0341b09a4be02e1d6b8eab00179.mpf_cache
2024-10-14 09:15:52,293 : INFO : ConfigProcessor : Loading config from cache: /var/folders/l2/q8hj_6s91xnb2jxg1sqm0h7r0000gn/T/c7af4841f7c2cabb0f971746daddf284.mpf_cache
2024-10-14 09:15:52,293 : INFO : ConfigProcessor : Loading config from cache: /var/folders/l2/q8hj_6s91xnb2jxg1sqm0h7r0000gn/T/edcc5f1d3215b377c9faab88c62e4ce0.mpf_cache
2024-10-14 09:15:52,293 : INFO : Machine : Mission Pinball Framework Core Engine v0.57.1.dev3
2024-10-14 09:15:52,293 : INFO : Machine : Command line arguments: {'no_load_cache': False, 'create_config_cache': True, 'bcp': False, 'configfile': ['config.yaml'], 'force_assets_load': False, 'platform_integration_test': False, 'jsonlogging': False, 'logfile': 'logs/2024-10-14-09-15-52-mpf-Tanners-Laptop.local.log', 'pause': False, 'production': False, 'text_ui': True, 'loglevel': 15, 'consoleloglevel': 20, 'force_platform': None, 'syslog_address': None, 'mc_file_name': None, 'no_sound': False}
2024-10-14 09:15:52,294 : INFO : Machine : MPF path: /Library/Frameworks/Python.framework/Versions/3.9/lib/python3.9/site-packages/mpf
2024-10-14 09:15:52,294 : INFO : Machine : Machine path: /Users/tannerpetch/Documents/GitHub/trashland_4
2024-10-14 09:15:52,294 : INFO : Machine : Platform: darwin
2024-10-14 09:15:52,294 : INFO : Machine : Python executable location: /Library/Frameworks/Python.framework/Versions/3.9/bin/python3.9
2024-10-14 09:15:52,294 : INFO : Machine : Python version: 3.9.13 (64-bit)
2024-10-14 09:15:52,294 : INFO : Machine : Initializing MPF...
2024-10-14 09:15:52,322 : INFO : FAST [NET] : Trying to connect to /dev/tty.usbmodem1401 at 921600bps
2024-10-14 09:15:52,328 : INFO : FAST [NET] : Connected to /dev/tty.usbmodem1401 at 921600bps
2024-10-14 09:15:52,329 : INFO : FAST [NET] : Connected to FP-CPU-2000 with firmware v02.21
2024-10-14 09:15:52,331 : INFO : FAST [NET] : Registered I/O Board 0: Model: FP-I/O-0804, Firmware: 01.10, Switches: 8, Drivers: 4
2024-10-14 09:15:52,332 : INFO : FAST [NET] : Registered I/O Board 1: Model: FP-I/O-0804, Firmware: 01.10, Switches: 8, Drivers: 4
2024-10-14 09:15:52,333 : INFO : FAST [NET] : Registered I/O Board 2: Model: FP-I/O-3208, Firmware: 01.10, Switches: 32, Drivers: 8
2024-10-14 09:15:52,334 : INFO : FAST [NET] : Registered I/O Board 3: Model: FP-I/O-1616, Firmware: 01.10, Switches: 16, Drivers: 16
2024-10-14 09:15:52,335 : INFO : FAST [NET] : Registered I/O Board 4: Model: FP-I/O-3208, Firmware: 01.10, Switches: 32, Drivers: 8
2024-10-14 09:15:52,335 : INFO : EventManager : Event: ======'machine_var_credits_string'====== Args={'value': 'FREE PLAY', 'prev_value': None, 'change': True}
2024-10-14 09:15:52,348 : INFO : EventManager : Event: ======'machine_var_master_volume'====== Args={'value': 0.5, 'prev_value': None, 'change': True}
2024-10-14 09:15:52,348 : INFO : EventManager : Event: ======'machine_var_mpf_version'====== Args={'value': 'Mission Pinball Framework v0.57.1.dev3', 'prev_value': None, 'change': True}
2024-10-14 09:15:52,348 : INFO : EventManager : Event: ======'machine_var_mpf_extended_version'====== Args={'value': 'Mission Pinball Framework v0.57.1.dev3, Config version:6, Show version: 6, BCP version:1.1', 'prev_value': None, 'change': True}
2024-10-14 09:15:52,348 : INFO : EventManager : Event: ======'machine_var_python_version'====== Args={'value': '3.9.13', 'prev_value': None, 'change': True}
2024-10-14 09:15:52,355 : INFO : EventManager : Event: ======'machine_var_platform'====== Args={'value': 'macOS-14.3-arm64-arm-64bit', 'prev_value': None, 'change': True}
2024-10-14 09:15:52,355 : INFO : EventManager : Event: ======'machine_var_platform_system'====== Args={'value': 'Darwin', 'prev_value': None, 'change': True}
2024-10-14 09:15:52,355 : INFO : EventManager : Event: ======'machine_var_platform_release'====== Args={'value': '23.3.0', 'prev_value': None, 'change': True}
2024-10-14 09:15:52,355 : INFO : EventManager : Event: ======'machine_var_platform_version'====== Args={'value': 'Darwin Kernel Version 23.3.0: Thu Dec 21 02:29:41 PST 2023; root:xnu-10002.81.5~11/RELEASE_ARM64_T8122', 'prev_value': None, 'change': True}
2024-10-14 09:15:52,355 : INFO : EventManager : Event: ======'machine_var_platform_machine'====== Args={'value': 'arm64', 'prev_value': None, 'change': True}
2024-10-14 09:15:52,355 : INFO : EventManager : Event: ======'init_phase_1'====== Args={}
2024-10-14 09:15:52,518 : WARNING : Machine : Iterating device collections directly is deprecated and will be removed. Access by value(): device_collections[switches] -> device_collections['switches'].values()
2024-10-14 09:15:52,518 : INFO : SwitchController : <<<<<<< 's_outlane_l' active >>>>>>>
2024-10-14 09:15:52,518 : INFO : SwitchController : <<<<<<< 's_inlane_l' active >>>>>>>
2024-10-14 09:15:52,518 : INFO : SwitchController : <<<<<<< 's_trough_5' active >>>>>>>
2024-10-14 09:15:52,518 : INFO : EventManager : Event: ======'init_phase_2'====== Args={}
2024-10-14 09:15:52,518 : INFO : SwitchController : Found active switch: (16, [FAST Platform Interface]) <switch.s_outlane_l>
2024-10-14 09:15:52,518 : INFO : SwitchController : Found active switch: (17, [FAST Platform Interface]) <switch.s_inlane_l>
2024-10-14 09:15:52,518 : INFO : SwitchController : Found active switch: (25, [FAST Platform Interface]) <switch.s_trough_5>
2024-10-14 09:15:52,522 : INFO : EventManager : Event: ======'init_phase_3'====== Args={}
2024-10-14 09:15:52,522 : INFO : EventManager : Event: ======'init_phase_4'====== Args={}
2024-10-14 09:15:52,523 : INFO : EventManager : Event: ======'machine_var_audits_switches_s_flipper_upper_l'====== Args={'value': 0, 'prev_value': None, 'change': True}
2024-10-14 09:15:52,523 : INFO : EventManager : Event: ======'machine_var_audits_switches_s_3'====== Args={'value': 0, 'prev_value': None, 'change': True}
2024-10-14 09:15:52,523 : INFO : EventManager : Event: ======'machine_var_audits_switches_s_1'====== Args={'value': 0, 'prev_value': None, 'change': True}
2024-10-14 09:15:52,523 : INFO : EventManager : Event: ======'machine_var_audits_switches_s_5'====== Args={'value': 0, 'prev_value': None, 'change': True}
2024-10-14 09:15:52,523 : INFO : EventManager : Event: ======'machine_var_audits_switches_s_scissor_save'====== Args={'value': 0, 'prev_value': None, 'change': True}
2024-10-14 09:15:52,523 : INFO : EventManager : Event: ======'machine_var_audits_switches_s_outlane_r'====== Args={'value': 0, 'prev_value': None, 'change': True}
2024-10-14 09:15:52,523 : INFO : EventManager : Event: ======'machine_var_audits_switches_s_6'====== Args={'value': 0, 'prev_value': None, 'change': True}
2024-10-14 09:15:52,523 : INFO : EventManager : Event: ======'machine_var_audits_switches_s_flipper_l'====== Args={'value': 0, 'prev_value': None, 'change': True}
2024-10-14 09:15:52,523 : INFO : EventManager : Event: ======'machine_var_audits_switches_s_pop'====== Args={'value': 0, 'prev_value': None, 'change': True}
2024-10-14 09:15:52,523 : INFO : EventManager : Event: ======'machine_var_audits_switches_s_kicking_target'====== Args={'value': 0, 'prev_value': None, 'change': True}
2024-10-14 09:15:52,523 : INFO : EventManager : Event: ======'machine_var_audits_switches_s_2'====== Args={'value': 0, 'prev_value': None, 'change': True}
2024-10-14 09:15:52,523 : INFO : EventManager : Event: ======'machine_var_audits_switches_s_flipper_r'====== Args={'value': 0, 'prev_value': None, 'change': True}
2024-10-14 09:15:52,523 : INFO : EventManager : Event: ======'machine_var_audits_switches_s_4'====== Args={'value': 0, 'prev_value': None, 'change': True}
2024-10-14 09:15:52,523 : INFO : EventManager : Event: ======'machine_var_audits_switches_s_outlane_l'====== Args={'value': 0, 'prev_value': None, 'change': True}
2024-10-14 09:15:52,523 : INFO : EventManager : Event: ======'machine_var_audits_switches_s_trough_1'====== Args={'value': 0, 'prev_value': None, 'change': True}
2024-10-14 09:15:52,523 : INFO : EventManager : Event: ======'machine_var_audits_switches_s_trough_5'====== Args={'value': 0, 'prev_value': None, 'change': True}
2024-10-14 09:15:52,523 : INFO : EventManager : Event: ======'machine_var_audits_switches_s_trough_4'====== Args={'value': 0, 'prev_value': None, 'change': True}
2024-10-14 09:15:52,523 : INFO : EventManager : Event: ======'machine_var_audits_switches_s_trough_3'====== Args={'value': 0, 'prev_value': None, 'change': True}
2024-10-14 09:15:52,523 : INFO : EventManager : Event: ======'machine_var_audits_switches_s_inlane_l'====== Args={'value': 0, 'prev_value': None, 'change': True}
2024-10-14 09:15:52,524 : INFO : EventManager : Event: ======'machine_var_audits_switches_s_0'====== Args={'value': 0, 'prev_value': None, 'change': True}
2024-10-14 09:15:52,524 : INFO : EventManager : Event: ======'machine_var_audits_switches_s_lower_transfer'====== Args={'value': 0, 'prev_value': None, 'change': True}
2024-10-14 09:15:52,524 : INFO : EventManager : Event: ======'machine_var_audits_switches_s_trough_6'====== Args={'value': 0, 'prev_value': None, 'change': True}
2024-10-14 09:15:52,524 : INFO : EventManager : Event: ======'machine_var_audits_switches_s_trough_2'====== Args={'value': 0, 'prev_value': None, 'change': True}
2024-10-14 09:15:52,524 : INFO : EventManager : Event: ======'machine_var_audits_switches_s_autolauncher'====== Args={'value': 0, 'prev_value': None, 'change': True}
2024-10-14 09:15:52,524 : INFO : EventManager : Event: ======'machine_var_audits_switches_s_7'====== Args={'value': 0, 'prev_value': None, 'change': True}
2024-10-14 09:15:52,524 : INFO : EventManager : Event: ======'machine_var_audits_switches_s_inlane_r'====== Args={'value': 0, 'prev_value': None, 'change': True}
2024-10-14 09:15:52,524 : INFO : EventManager : Event: ======'machine_var_audits_switches_s_trough_jam'====== Args={'value': 0, 'prev_value': None, 'change': True}
2024-10-14 09:15:52,524 : INFO : EventManager : Event: ======'machine_var_audits_events_game_started'====== Args={'value': 0, 'prev_value': None, 'change': True}
2024-10-14 09:15:52,524 : INFO : EventManager : Event: ======'machine_var_audits_events_game_ended'====== Args={'value': 0, 'prev_value': None, 'change': True}
2024-10-14 09:15:52,524 : INFO : EventManager : Event: ======'machine_var_audits_player_score'====== Args={'value': {'top': [], 'average': 0, 'total': 0}, 'prev_value': None, 'change': True}
2024-10-14 09:15:52,524 : INFO : EventManager : Event: ======'init_phase_5'====== Args={}
2024-10-14 09:15:52,525 : INFO : EventManager : Event: ======'init_done'====== Args={}
2024-10-14 09:15:52,525 : INFO : EventManager : Event: ======'machine_reset_phase_1'====== Args={}
2024-10-14 09:15:52,525 : INFO : EventManager : Event: ======'machine_reset_phase_2'====== Args={}
2024-10-14 09:15:52,525 : INFO : EventManager : Event: ======'machine_reset_phase_3'====== Args={}
2024-10-14 09:15:52,525 : INFO : EventManager : Event: ======'reset_complete'====== Args={}
2024-10-14 09:15:52,525 : INFO : EventManager : Event: ======'mode_attract_will_start'====== Args={}
2024-10-14 09:15:52,525 : INFO : EventManager : Event: ======'mode_attract_starting'====== Args={}
2024-10-14 09:15:52,525 : INFO : Mode.attract : Started. Priority: 10
2024-10-14 09:15:52,525 : INFO : EventManager : Event: ======'modes_active_modes_changed'====== Args={}
2024-10-14 09:15:52,525 : INFO : EventManager : Event: ======'mode_attract_started'====== Args={}
2024-10-14 09:15:52,525 : INFO : EventManager : Event: ======'collecting_balls_complete'====== Args={}
2024-10-14 09:15:52,526 : INFO : Machine : Starting the main run loop.
2024-10-14 09:16:03,151 : INFO : SwitchController : <<<<<<< 's_inlane_r' active >>>>>>>
2024-10-14 09:16:03,369 : INFO : SwitchController : <<<<<<< 's_inlane_r' inactive >>>>>>>
2024-10-14 09:16:03,610 : INFO : SwitchController : <<<<<<< 's_inlane_r' active >>>>>>>
2024-10-14 09:16:03,961 : INFO : SwitchController : <<<<<<< 's_inlane_r' inactive >>>>>>>
2024-10-14 09:16:06,439 : INFO : SwitchController : <<<<<<< 's_inlane_r' active >>>>>>>
2024-10-14 09:16:07,335 : INFO : SwitchController : <<<<<<< 's_inlane_r' inactive >>>>>>>
2024-10-14 09:16:07,704 : INFO : SwitchController : <<<<<<< 's_inlane_r' active >>>>>>>
2024-10-14 09:16:07,912 : INFO : SwitchController : <<<<<<< 's_inlane_r' inactive >>>>>>>
2024-10-14 09:16:08,642 : INFO : SwitchController : <<<<<<< 's_inlane_r' active >>>>>>>
2024-10-14 09:16:08,928 : INFO : SwitchController : <<<<<<< 's_inlane_r' inactive >>>>>>>
2024-10-14 09:16:23,843 : INFO : SwitchController : <<<<<<< 's_0' active >>>>>>>
2024-10-14 09:16:23,861 : INFO : SwitchController : <<<<<<< 's_0' inactive >>>>>>>
2024-10-14 09:16:23,862 : INFO : SwitchController : <<<<<<< 's_0' active >>>>>>>
2024-10-14 09:16:23,865 : INFO : SwitchController : <<<<<<< 's_0' inactive >>>>>>>
2024-10-14 09:16:58,408 : INFO : SwitchController : <<<<<<< 's_2' active >>>>>>>
2024-10-14 09:16:58,409 : INFO : SwitchController : <<<<<<< 's_5' active >>>>>>>
2024-10-14 09:16:59,957 : INFO : SwitchController : <<<<<<< 's_2' inactive >>>>>>>
2024-10-14 09:16:59,957 : INFO : SwitchController : <<<<<<< 's_5' inactive >>>>>>>
2024-10-14 09:17:00,779 : INFO : SwitchController : <<<<<<< 's_2' active >>>>>>>
2024-10-14 09:17:00,779 : INFO : SwitchController : <<<<<<< 's_5' active >>>>>>>
2024-10-14 09:17:00,972 : INFO : SwitchController : <<<<<<< 's_2' inactive >>>>>>>
2024-10-14 09:17:00,973 : INFO : SwitchController : <<<<<<< 's_5' inactive >>>>>>>
2024-10-14 09:17:00,980 : INFO : SwitchController : <<<<<<< 's_2' active >>>>>>>
2024-10-14 09:17:00,980 : INFO : SwitchController : <<<<<<< 's_5' active >>>>>>>
2024-10-14 09:17:00,989 : INFO : SwitchController : <<<<<<< 's_2' inactive >>>>>>>
2024-10-14 09:17:00,989 : INFO : SwitchController : <<<<<<< 's_5' inactive >>>>>>>
2024-10-14 09:17:01,064 : INFO : SwitchController : <<<<<<< 's_2' active >>>>>>>
2024-10-14 09:17:01,065 : INFO : SwitchController : <<<<<<< 's_5' active >>>>>>>
2024-10-14 09:17:02,991 : INFO : SwitchController : <<<<<<< 's_2' inactive >>>>>>>
2024-10-14 09:17:02,992 : INFO : SwitchController : <<<<<<< 's_5' inactive >>>>>>>
2024-10-14 09:17:03,009 : INFO : SwitchController : <<<<<<< 's_2' active >>>>>>>
2024-10-14 09:17:03,010 : INFO : SwitchController : <<<<<<< 's_5' active >>>>>>>
2024-10-14 09:17:03,015 : INFO : SwitchController : <<<<<<< 's_2' inactive >>>>>>>
2024-10-14 09:17:03,015 : INFO : SwitchController : <<<<<<< 's_5' inactive >>>>>>>
2024-10-14 09:17:03,273 : INFO : SwitchController : <<<<<<< 's_2' active >>>>>>>
2024-10-14 09:17:03,274 : INFO : SwitchController : <<<<<<< 's_5' active >>>>>>>
2024-10-14 09:17:03,442 : INFO : SwitchController : <<<<<<< 's_2' inactive >>>>>>>
2024-10-14 09:17:03,443 : INFO : SwitchController : <<<<<<< 's_5' inactive >>>>>>>
2024-10-14 09:17:03,580 : INFO : SwitchController : <<<<<<< 's_2' active >>>>>>>
2024-10-14 09:17:03,581 : INFO : SwitchController : <<<<<<< 's_5' active >>>>>>>
2024-10-14 09:17:04,559 : INFO : SwitchController : <<<<<<< 's_2' inactive >>>>>>>
2024-10-14 09:17:04,560 : INFO : SwitchController : <<<<<<< 's_5' inactive >>>>>>>
2024-10-14 09:17:05,147 : INFO : SwitchController : <<<<<<< 's_2' active >>>>>>>
2024-10-14 09:17:05,148 : INFO : SwitchController : <<<<<<< 's_5' active >>>>>>>
2024-10-14 09:17:05,153 : INFO : SwitchController : <<<<<<< 's_2' inactive >>>>>>>
2024-10-14 09:17:05,153 : INFO : SwitchController : <<<<<<< 's_5' inactive >>>>>>>
2024-10-14 09:17:05,233 : INFO : SwitchController : <<<<<<< 's_2' active >>>>>>>
2024-10-14 09:17:05,233 : INFO : SwitchController : <<<<<<< 's_5' active >>>>>>>
2024-10-14 09:17:06,591 : INFO : SwitchController : <<<<<<< 's_2' inactive >>>>>>>
2024-10-14 09:17:06,591 : INFO : SwitchController : <<<<<<< 's_5' inactive >>>>>>>
2024-10-14 09:17:06,601 : INFO : SwitchController : <<<<<<< 's_2' active >>>>>>>
2024-10-14 09:17:06,601 : INFO : SwitchController : <<<<<<< 's_5' active >>>>>>>
2024-10-14 09:17:06,622 : INFO : SwitchController : <<<<<<< 's_2' inactive >>>>>>>
2024-10-14 09:17:06,623 : INFO : SwitchController : <<<<<<< 's_5' inactive >>>>>>>
2024-10-14 09:17:06,709 : INFO : SwitchController : <<<<<<< 's_2' active >>>>>>>
2024-10-14 09:17:06,710 : INFO : SwitchController : <<<<<<< 's_5' active >>>>>>>
2024-10-14 09:17:06,727 : INFO : SwitchController : <<<<<<< 's_2' inactive >>>>>>>
2024-10-14 09:17:06,728 : INFO : SwitchController : <<<<<<< 's_5' inactive >>>>>>>
2024-10-14 09:17:06,728 : INFO : SwitchController : <<<<<<< 's_2' active >>>>>>>
2024-10-14 09:17:06,728 : INFO : SwitchController : <<<<<<< 's_5' active >>>>>>>
2024-10-14 09:17:06,799 : INFO : SwitchController : <<<<<<< 's_2' inactive >>>>>>>
2024-10-14 09:17:06,800 : INFO : SwitchController : <<<<<<< 's_5' inactive >>>>>>>
2024-10-14 09:17:06,899 : INFO : SwitchController : <<<<<<< 's_2' active >>>>>>>
2024-10-14 09:17:06,900 : INFO : SwitchController : <<<<<<< 's_5' active >>>>>>>
2024-10-14 09:17:07,381 : INFO : SwitchController : <<<<<<< 's_2' inactive >>>>>>>
2024-10-14 09:17:07,381 : INFO : SwitchController : <<<<<<< 's_5' inactive >>>>>>>
2024-10-14 09:17:10,938 : INFO : SwitchController : <<<<<<< 's_2' active >>>>>>>
2024-10-14 09:17:10,939 : INFO : SwitchController : <<<<<<< 's_5' active >>>>>>>
2024-10-14 09:17:11,081 : INFO : SwitchController : <<<<<<< 's_2' inactive >>>>>>>
2024-10-14 09:17:11,082 : INFO : SwitchController : <<<<<<< 's_5' inactive >>>>>>>
2024-10-14 09:17:11,565 : INFO : SwitchController : <<<<<<< 's_2' active >>>>>>>
2024-10-14 09:17:11,565 : INFO : SwitchController : <<<<<<< 's_5' active >>>>>>>
2024-10-14 09:17:11,587 : INFO : SwitchController : <<<<<<< 's_2' inactive >>>>>>>
2024-10-14 09:17:11,587 : INFO : SwitchController : <<<<<<< 's_5' inactive >>>>>>>
2024-10-14 09:17:11,594 : INFO : SwitchController : <<<<<<< 's_2' active >>>>>>>
2024-10-14 09:17:11,594 : INFO : SwitchController : <<<<<<< 's_5' active >>>>>>>
2024-10-14 09:17:11,653 : INFO : SwitchController : <<<<<<< 's_2' inactive >>>>>>>
2024-10-14 09:17:11,654 : INFO : SwitchController : <<<<<<< 's_5' inactive >>>>>>>
2024-10-14 09:17:12,098 : INFO : SwitchController : <<<<<<< 's_2' active >>>>>>>
2024-10-14 09:17:12,099 : INFO : SwitchController : <<<<<<< 's_5' active >>>>>>>
2024-10-14 09:17:12,106 : INFO : SwitchController : <<<<<<< 's_2' inactive >>>>>>>
2024-10-14 09:17:12,107 : INFO : SwitchController : <<<<<<< 's_5' inactive >>>>>>>
2024-10-14 09:17:12,615 : INFO : SwitchController : <<<<<<< 's_2' active >>>>>>>
2024-10-14 09:17:12,616 : INFO : SwitchController : <<<<<<< 's_5' active >>>>>>>
2024-10-14 09:17:16,178 : INFO : SwitchController : <<<<<<< 's_2' inactive >>>>>>>
2024-10-14 09:17:16,178 : INFO : SwitchController : <<<<<<< 's_5' inactive >>>>>>>
2024-10-14 09:17:16,186 : INFO : SwitchController : <<<<<<< 's_2' active >>>>>>>
2024-10-14 09:17:16,186 : INFO : SwitchController : <<<<<<< 's_5' active >>>>>>>
2024-10-14 09:17:16,208 : INFO : SwitchController : <<<<<<< 's_2' inactive >>>>>>>
2024-10-14 09:17:16,208 : INFO : SwitchController : <<<<<<< 's_5' inactive >>>>>>>
2024-10-14 09:17:16,545 : INFO : SwitchController : <<<<<<< 's_2' active >>>>>>>
2024-10-14 09:17:16,546 : INFO : SwitchController : <<<<<<< 's_5' active >>>>>>>
2024-10-14 09:17:16,552 : INFO : SwitchController : <<<<<<< 's_2' inactive >>>>>>>
2024-10-14 09:17:16,552 : INFO : SwitchController : <<<<<<< 's_5' inactive >>>>>>>
2024-10-14 09:17:16,564 : INFO : SwitchController : <<<<<<< 's_2' active >>>>>>>
2024-10-14 09:17:16,565 : INFO : SwitchController : <<<<<<< 's_5' active >>>>>>>
2024-10-14 09:17:16,654 : INFO : SwitchController : <<<<<<< 's_2' inactive >>>>>>>
2024-10-14 09:17:16,655 : INFO : SwitchController : <<<<<<< 's_5' inactive >>>>>>>
2024-10-14 09:17:16,662 : INFO : SwitchController : <<<<<<< 's_2' active >>>>>>>
2024-10-14 09:17:16,663 : INFO : SwitchController : <<<<<<< 's_5' active >>>>>>>
2024-10-14 09:17:23,341 : INFO : SwitchController : <<<<<<< 's_2' inactive >>>>>>>
2024-10-14 09:17:23,342 : INFO : SwitchController : <<<<<<< 's_5' inactive >>>>>>>
2024-10-14 09:17:23,494 : INFO : SwitchController : <<<<<<< 's_2' active >>>>>>>
2024-10-14 09:17:23,498 : INFO : SwitchController : <<<<<<< 's_5' active >>>>>>>
2024-10-14 09:17:23,511 : INFO : SwitchController : <<<<<<< 's_2' inactive >>>>>>>
2024-10-14 09:17:23,511 : INFO : SwitchController : <<<<<<< 's_5' inactive >>>>>>>
2024-10-14 09:17:23,535 : INFO : SwitchController : <<<<<<< 's_2' active >>>>>>>
2024-10-14 09:17:23,536 : INFO : SwitchController : <<<<<<< 's_5' active >>>>>>>
2024-10-14 09:17:23,551 : INFO : SwitchController : <<<<<<< 's_2' inactive >>>>>>>
2024-10-14 09:17:23,552 : INFO : SwitchController : <<<<<<< 's_5' inactive >>>>>>>
2024-10-14 09:17:33,867 : INFO : SwitchController : <<<<<<< 's_4' active >>>>>>>
2024-10-14 09:17:34,058 : INFO : SwitchController : <<<<<<< 's_4' inactive >>>>>>>
2024-10-14 09:17:34,621 : INFO : SwitchController : <<<<<<< 's_4' active >>>>>>>
2024-10-14 09:17:34,631 : INFO : SwitchController : <<<<<<< 's_4' inactive >>>>>>>
2024-10-14 09:17:35,254 : INFO : SwitchController : <<<<<<< 's_4' active >>>>>>>
2024-10-14 09:17:35,304 : INFO : SwitchController : <<<<<<< 's_4' inactive >>>>>>>
2024-10-14 09:17:35,320 : INFO : SwitchController : <<<<<<< 's_4' active >>>>>>>
2024-10-14 09:17:35,478 : INFO : SwitchController : <<<<<<< 's_4' inactive >>>>>>>
2024-10-14 09:17:35,497 : INFO : SwitchController : <<<<<<< 's_4' active >>>>>>>
2024-10-14 09:17:35,498 : INFO : SwitchController : <<<<<<< 's_4' inactive >>>>>>>
2024-10-14 09:17:35,615 : INFO : SwitchController : <<<<<<< 's_4' active >>>>>>>
2024-10-14 09:17:35,619 : INFO : SwitchController : <<<<<<< 's_4' inactive >>>>>>>
2024-10-14 09:17:35,631 : INFO : SwitchController : <<<<<<< 's_4' active >>>>>>>
2024-10-14 09:17:35,877 : INFO : SwitchController : <<<<<<< 's_4' inactive >>>>>>>
2024-10-14 09:17:35,895 : INFO : SwitchController : <<<<<<< 's_4' active >>>>>>>
2024-10-14 09:17:36,187 : INFO : SwitchController : <<<<<<< 's_4' inactive >>>>>>>
2024-10-14 09:17:37,086 : INFO : SwitchController : <<<<<<< 's_4' active >>>>>>>
2024-10-14 09:17:37,703 : INFO : SwitchController : <<<<<<< 's_4' inactive >>>>>>>
2024-10-14 09:17:41,581 : INFO : SwitchController : <<<<<<< 's_0' active >>>>>>>
2024-10-14 09:17:41,732 : INFO : SwitchController : <<<<<<< 's_0' inactive >>>>>>>
2024-10-14 09:17:44,870 : INFO : SwitchController : <<<<<<< 's_0' active >>>>>>>
2024-10-14 09:17:44,907 : INFO : SwitchController : <<<<<<< 's_0' inactive >>>>>>>
2024-10-14 09:17:45,032 : INFO : SwitchController : <<<<<<< 's_0' active >>>>>>>
2024-10-14 09:17:45,085 : INFO : SwitchController : <<<<<<< 's_0' inactive >>>>>>>
2024-10-14 09:17:45,359 : INFO : SwitchController : <<<<<<< 's_0' active >>>>>>>
2024-10-14 09:17:51,071 : INFO : SwitchController : <<<<<<< 's_0' inactive >>>>>>>
2024-10-14 09:17:59,334 : INFO : SwitchController : <<<<<<< 's_0' active >>>>>>>
2024-10-14 09:17:59,430 : INFO : SwitchController : <<<<<<< 's_0' inactive >>>>>>>
2024-10-14 09:18:03,291 : INFO : SwitchController : <<<<<<< 's_0' active >>>>>>>
2024-10-14 09:18:03,310 : INFO : SwitchController : <<<<<<< 's_0' inactive >>>>>>>
2024-10-14 09:18:03,456 : INFO : SwitchController : <<<<<<< 's_0' active >>>>>>>
2024-10-14 09:18:04,230 : INFO : SwitchController : <<<<<<< 's_0' inactive >>>>>>>
2024-10-14 09:18:05,122 : INFO : SwitchController : <<<<<<< 's_0' active >>>>>>>
2024-10-14 09:18:05,178 : INFO : SwitchController : <<<<<<< 's_0' inactive >>>>>>>
2024-10-14 09:18:05,229 : INFO : SwitchController : <<<<<<< 's_0' active >>>>>>>
2024-10-14 09:18:05,532 : INFO : SwitchController : <<<<<<< 's_0' inactive >>>>>>>
2024-10-14 09:18:19,419 : INFO : SwitchController : <<<<<<< 's_3' active >>>>>>>
2024-10-14 09:18:19,502 : INFO : SwitchController : <<<<<<< 's_3' inactive >>>>>>>
2024-10-14 09:18:19,699 : INFO : SwitchController : <<<<<<< 's_3' active >>>>>>>
2024-10-14 09:18:19,773 : INFO : SwitchController : <<<<<<< 's_3' inactive >>>>>>>
2024-10-14 09:18:19,842 : INFO : SwitchController : <<<<<<< 's_3' active >>>>>>>
2024-10-14 09:18:20,058 : INFO : SwitchController : <<<<<<< 's_3' inactive >>>>>>>
2024-10-14 09:18:20,124 : INFO : SwitchController : <<<<<<< 's_3' active >>>>>>>
2024-10-14 09:18:20,214 : INFO : SwitchController : <<<<<<< 's_3' inactive >>>>>>>
2024-10-14 09:18:20,355 : INFO : SwitchController : <<<<<<< 's_3' active >>>>>>>
2024-10-14 09:18:20,598 : INFO : SwitchController : <<<<<<< 's_3' inactive >>>>>>>
2024-10-14 09:18:20,626 : INFO : SwitchController : <<<<<<< 's_3' active >>>>>>>
2024-10-14 09:18:21,173 : INFO : SwitchController : <<<<<<< 's_3' inactive >>>>>>>
2024-10-14 09:18:21,582 : INFO : SwitchController : <<<<<<< 's_3' active >>>>>>>
2024-10-14 09:18:21,969 : INFO : SwitchController : <<<<<<< 's_3' inactive >>>>>>>
2024-10-14 09:18:57,399 : INFO : SwitchController : <<<<<<< 's_trough_jam' active >>>>>>>
2024-10-14 09:18:57,421 : INFO : SwitchController : <<<<<<< 's_trough_1' active >>>>>>>
2024-10-14 09:18:57,442 : INFO : SwitchController : <<<<<<< 's_0' active >>>>>>>
2024-10-14 09:18:57,442 : INFO : SwitchController : <<<<<<< 's_1' active >>>>>>>
2024-10-14 09:18:57,443 : INFO : SwitchController : <<<<<<< 's_2' active >>>>>>>
2024-10-14 09:18:57,443 : INFO : SwitchController : <<<<<<< 's_3' active >>>>>>>
2024-10-14 09:18:57,443 : INFO : SwitchController : <<<<<<< 's_4' active >>>>>>>
2024-10-14 09:18:57,443 : INFO : SwitchController : <<<<<<< 's_5' active >>>>>>>
2024-10-14 09:18:57,443 : INFO : SwitchController : <<<<<<< 's_6' active >>>>>>>
2024-10-14 09:18:57,443 : INFO : SwitchController : <<<<<<< 's_7' active >>>>>>>
2024-10-14 09:18:57,443 : INFO : SwitchController : <<<<<<< 's_trough_5' inactive >>>>>>>
2024-10-14 09:18:57,443 : INFO : SwitchController : <<<<<<< 's_outlane_l' inactive >>>>>>>
2024-10-14 09:18:57,444 : INFO : SwitchController : <<<<<<< 's_inlane_l' inactive >>>>>>>
2024-10-14 09:18:57,444 : INFO : SwitchController : <<<<<<< 's_trough_1' inactive >>>>>>>
2024-10-14 09:18:57,444 : INFO : SwitchController : <<<<<<< 's_trough_jam' inactive >>>>>>>
2024-10-14 09:18:57,444 : INFO : SwitchController : <<<<<<< 's_lower_transfer' active >>>>>>>
2024-10-14 09:18:57,444 : INFO : SwitchController : <<<<<<< 's_pop' active >>>>>>>
2024-10-14 09:18:57,444 : INFO : SwitchController : <<<<<<< 's_kicking_target' active >>>>>>>
2024-10-14 09:18:57,444 : INFO : SwitchController : <<<<<<< 's_autolauncher' active >>>>>>>
2024-10-14 09:18:57,444 : INFO : SwitchController : <<<<<<< 's_scissor_save' active >>>>>>>
2024-10-14 09:18:57,547 : WARNING : FAST [NET] : Serial error: read failed: [Errno 6] Device not configured
2024-10-14 09:20:38,332 : INFO : Machine : Shutting down...
2024-10-14 09:20:38,332 : INFO : EventManager : Event: ======'shutdown'====== Args={}
2024-10-14 09:20:38,437 : ERROR : root : read failed: [Errno 6] Device not configured
Traceback (most recent call last):
  File "/Library/Frameworks/Python.framework/Versions/3.9/lib/python3.9/site-packages/serial/serialposix.py", line 575, in read
    buf = os.read(self.fd, size - len(read))
OSError: [Errno 6] Device not configured

During handling of the above exception, another exception occurred:

Traceback (most recent call last):
  File "/Library/Frameworks/Python.framework/Versions/3.9/lib/python3.9/site-packages/mpf/commands/game.py", line 240, in __init__
    self.machine.run()
  File "/Library/Frameworks/Python.framework/Versions/3.9/lib/python3.9/site-packages/mpf/core/machine.py", line 689, in run
    self._run_loop()
  File "/Library/Frameworks/Python.framework/Versions/3.9/lib/python3.9/site-packages/mpf/core/machine.py", line 799, in _run_loop
    self._do_stop()
  File "/Library/Frameworks/Python.framework/Versions/3.9/lib/python3.9/site-packages/mpf/core/machine.py", line 725, in _do_stop
    self.shutdown()
  File "/Library/Frameworks/Python.framework/Versions/3.9/lib/python3.9/site-packages/mpf/core/machine.py", line 755, in shutdown
    self._platform_stop()
  File "/Library/Frameworks/Python.framework/Versions/3.9/lib/python3.9/site-packages/mpf/core/machine.py", line 805, in _platform_stop
    hardware_platform.stop()
  File "/Library/Frameworks/Python.framework/Versions/3.9/lib/python3.9/site-packages/mpf/platforms/fast/fast.py", line 173, in stop
    connection.stop()
  File "/Library/Frameworks/Python.framework/Versions/3.9/lib/python3.9/site-packages/mpf/platforms/fast/communicators/base.py", line 244, in stop
    self.machine.clock.loop.run_until_complete(self.writer.wait_closed())
  File "/Library/Frameworks/Python.framework/Versions/3.9/lib/python3.9/asyncio/base_events.py", line 647, in run_until_complete
    return future.result()
  File "/Library/Frameworks/Python.framework/Versions/3.9/lib/python3.9/asyncio/streams.py", line 359, in wait_closed
    await self._protocol._get_close_waiter(self)
  File "/Library/Frameworks/Python.framework/Versions/3.9/lib/python3.9/site-packages/mpf/platforms/fast/communicators/base.py", line 421, in read
    resp = await self.reader.read(n)
  File "/Library/Frameworks/Python.framework/Versions/3.9/lib/python3.9/asyncio/streams.py", line 684, in read
    await self._wait_for_data('read')
  File "/Library/Frameworks/Python.framework/Versions/3.9/lib/python3.9/asyncio/streams.py", line 517, in _wait_for_data
    await self._waiter
  File "/Library/Frameworks/Python.framework/Versions/3.9/lib/python3.9/site-packages/serial_asyncio/__init__.py", line 115, in _read_ready
    data = self._serial.read(self._max_read_size)
  File "/Library/Frameworks/Python.framework/Versions/3.9/lib/python3.9/site-packages/serial/serialposix.py", line 581, in read
    raise SerialException('read failed: {}'.format(e))
serial.serialutil.SerialException: read failed: [Errno 6] Device not configured
