2024-10-14 17:47:44,452 : INFO : root : Loading config.
2024-10-14 17:47:44,455 : INFO : YamlMultifileConfigLoader : Machine config file #1: config.yaml
2024-10-14 17:47:44,455 : WARNING : ConfigProcessor : Config file in cache changed: /Users/tannerpetch/Documents/GitHub/trashland_4/config/config.yaml
2024-10-14 17:47:44,455 : INFO : ConfigProcessor : Loading config from file /Library/Frameworks/Python.framework/Versions/3.9/lib/python3.9/site-packages/mpf/mpfconfig.yaml.
2024-10-14 17:47:44,460 : INFO : ConfigProcessor : Loading config: /Library/Frameworks/Python.framework/Versions/3.9/lib/python3.9/site-packages/mpf/mpfconfig.yaml
2024-10-14 17:47:44,460 : INFO : ConfigProcessor : Loading config from file /Users/tannerpetch/Documents/GitHub/trashland_4/config/config.yaml.
2024-10-14 17:47:44,462 : INFO : ConfigProcessor : Loading config: /Users/tannerpetch/Documents/GitHub/trashland_4/config/config.yaml
2024-10-14 17:47:44,463 : INFO : ConfigProcessor : Config file cache created: /var/folders/l2/q8hj_6s91xnb2jxg1sqm0h7r0000gn/T/fb4db0341b09a4be02e1d6b8eab00179.mpf_cache
2024-10-14 17:47:44,485 : INFO : ConfigProcessor : Loading config from cache: /var/folders/l2/q8hj_6s91xnb2jxg1sqm0h7r0000gn/T/c7af4841f7c2cabb0f971746daddf284.mpf_cache
2024-10-14 17:47:44,485 : INFO : ConfigProcessor : Loading config from cache: /var/folders/l2/q8hj_6s91xnb2jxg1sqm0h7r0000gn/T/edcc5f1d3215b377c9faab88c62e4ce0.mpf_cache
2024-10-14 17:47:44,486 : INFO : Machine : Mission Pinball Framework Core Engine v0.57.1.dev3
2024-10-14 17:47:44,486 : INFO : Machine : Command line arguments: {'no_load_cache': False, 'create_config_cache': True, 'bcp': False, 'configfile': ['config.yaml'], 'force_assets_load': False, 'platform_integration_test': False, 'jsonlogging': False, 'logfile': 'logs/2024-10-14-17-47-44-mpf-Tanners-Laptop.local.log', 'pause': False, 'production': False, 'text_ui': True, 'loglevel': 15, 'consoleloglevel': 20, 'force_platform': None, 'syslog_address': None, 'mc_file_name': None, 'no_sound': False}
2024-10-14 17:47:44,486 : INFO : Machine : MPF path: /Library/Frameworks/Python.framework/Versions/3.9/lib/python3.9/site-packages/mpf
2024-10-14 17:47:44,486 : INFO : Machine : Machine path: /Users/tannerpetch/Documents/GitHub/trashland_4
2024-10-14 17:47:44,486 : INFO : Machine : Platform: darwin
2024-10-14 17:47:44,486 : INFO : Machine : Python executable location: /Library/Frameworks/Python.framework/Versions/3.9/bin/python3.9
2024-10-14 17:47:44,486 : INFO : Machine : Python version: 3.9.13 (64-bit)
2024-10-14 17:47:44,486 : INFO : Machine : Initializing MPF...
2024-10-14 17:47:44,511 : INFO : FAST [NET] : Trying to connect to /dev/tty.usbmodem1401 at 921600bps
2024-10-14 17:47:44,518 : INFO : FAST [NET] : Connected to /dev/tty.usbmodem1401 at 921600bps
2024-10-14 17:47:44,520 : INFO : FAST [NET] : Connected to FP-CPU-2000 with firmware v02.21
2024-10-14 17:47:44,521 : INFO : FAST [NET] : Registered I/O Board 0: Model: FP-I/O-0804, Firmware: 01.10, Switches: 8, Drivers: 4
2024-10-14 17:47:44,522 : INFO : FAST [NET] : Registered I/O Board 1: Model: FP-I/O-0804, Firmware: 01.10, Switches: 8, Drivers: 4
2024-10-14 17:47:44,523 : INFO : FAST [NET] : Registered I/O Board 2: Model: FP-I/O-3208, Firmware: 01.10, Switches: 32, Drivers: 8
2024-10-14 17:47:44,524 : INFO : FAST [NET] : Registered I/O Board 3: Model: FP-I/O-1616, Firmware: 01.10, Switches: 16, Drivers: 16
2024-10-14 17:47:44,525 : INFO : FAST [NET] : Registered I/O Board 4: Model: FP-I/O-3208, Firmware: 01.10, Switches: 32, Drivers: 8
2024-10-14 17:47:44,526 : INFO : EventManager : Event: ======'machine_var_credits_string'====== Args={'value': 'FREE PLAY', 'prev_value': None, 'change': True}
2024-10-14 17:47:44,537 : INFO : EventManager : Event: ======'machine_var_master_volume'====== Args={'value': 0.5, 'prev_value': None, 'change': True}
2024-10-14 17:47:44,537 : INFO : EventManager : Event: ======'machine_var_mpf_version'====== Args={'value': 'Mission Pinball Framework v0.57.1.dev3', 'prev_value': None, 'change': True}
2024-10-14 17:47:44,537 : INFO : EventManager : Event: ======'machine_var_mpf_extended_version'====== Args={'value': 'Mission Pinball Framework v0.57.1.dev3, Config version:6, Show version: 6, BCP version:1.1', 'prev_value': None, 'change': True}
2024-10-14 17:47:44,537 : INFO : EventManager : Event: ======'machine_var_python_version'====== Args={'value': '3.9.13', 'prev_value': None, 'change': True}
2024-10-14 17:47:44,544 : INFO : EventManager : Event: ======'machine_var_platform'====== Args={'value': 'macOS-14.3-arm64-arm-64bit', 'prev_value': None, 'change': True}
2024-10-14 17:47:44,544 : INFO : EventManager : Event: ======'machine_var_platform_system'====== Args={'value': 'Darwin', 'prev_value': None, 'change': True}
2024-10-14 17:47:44,544 : INFO : EventManager : Event: ======'machine_var_platform_release'====== Args={'value': '23.3.0', 'prev_value': None, 'change': True}
2024-10-14 17:47:44,544 : INFO : EventManager : Event: ======'machine_var_platform_version'====== Args={'value': 'Darwin Kernel Version 23.3.0: Thu Dec 21 02:29:41 PST 2023; root:xnu-10002.81.5~11/RELEASE_ARM64_T8122', 'prev_value': None, 'change': True}
2024-10-14 17:47:44,544 : INFO : EventManager : Event: ======'machine_var_platform_machine'====== Args={'value': 'arm64', 'prev_value': None, 'change': True}
2024-10-14 17:47:44,544 : INFO : EventManager : Event: ======'init_phase_1'====== Args={}
2024-10-14 17:47:44,641 : WARNING : Machine : Iterating device collections directly is deprecated and will be removed. Access by value(): device_collections[switches] -> device_collections['switches'].values()
2024-10-14 17:47:44,641 : INFO : SwitchController : <<<<<<< 's_outlane_l' active >>>>>>>
2024-10-14 17:47:44,641 : INFO : SwitchController : <<<<<<< 's_inlane_l' active >>>>>>>
2024-10-14 17:47:44,641 : INFO : SwitchController : <<<<<<< 's_drop_m' active >>>>>>>
2024-10-14 17:47:44,641 : INFO : SwitchController : <<<<<<< 's_drop_l' active >>>>>>>
2024-10-14 17:47:44,641 : INFO : EventManager : Event: ======'init_phase_2'====== Args={}
2024-10-14 17:47:44,641 : INFO : SwitchController : Found active switch: (16, [FAST Platform Interface]) <switch.s_outlane_l>
2024-10-14 17:47:44,641 : INFO : SwitchController : Found active switch: (17, [FAST Platform Interface]) <switch.s_inlane_l>
2024-10-14 17:47:44,641 : INFO : SwitchController : Found active switch: (50, [FAST Platform Interface]) <switch.s_drop_m>
2024-10-14 17:47:44,641 : INFO : SwitchController : Found active switch: (51, [FAST Platform Interface]) <switch.s_drop_l>
2024-10-14 17:47:44,645 : INFO : EventManager : Event: ======'init_phase_3'====== Args={}
2024-10-14 17:47:44,646 : INFO : EventManager : Event: ======'init_phase_4'====== Args={}
2024-10-14 17:47:44,646 : INFO : EventManager : Event: ======'machine_var_audits_switches_s_inlane_r'====== Args={'value': 0, 'prev_value': None, 'change': True}
2024-10-14 17:47:44,647 : INFO : EventManager : Event: ======'machine_var_audits_switches_s_scissor_save'====== Args={'value': 0, 'prev_value': None, 'change': True}
2024-10-14 17:47:44,647 : INFO : EventManager : Event: ======'machine_var_audits_switches_s_flipper_but_l_1'====== Args={'value': 0, 'prev_value': None, 'change': True}
2024-10-14 17:47:44,647 : INFO : EventManager : Event: ======'machine_var_audits_switches_s_lower_orbit'====== Args={'value': 0, 'prev_value': None, 'change': True}
2024-10-14 17:47:44,647 : INFO : EventManager : Event: ======'machine_var_audits_switches_s_bot'====== Args={'value': 0, 'prev_value': None, 'change': True}
2024-10-14 17:47:44,647 : INFO : EventManager : Event: ======'machine_var_audits_switches_s_start'====== Args={'value': 0, 'prev_value': None, 'change': True}
2024-10-14 17:47:44,647 : INFO : EventManager : Event: ======'machine_var_audits_switches_s_sling_l'====== Args={'value': 0, 'prev_value': None, 'change': True}
2024-10-14 17:47:44,647 : INFO : EventManager : Event: ======'machine_var_audits_switches_s_launch'====== Args={'value': 0, 'prev_value': None, 'change': True}
2024-10-14 17:47:44,647 : INFO : EventManager : Event: ======'machine_var_audits_switches_s_lower_single'====== Args={'value': 0, 'prev_value': None, 'change': True}
2024-10-14 17:47:44,647 : INFO : EventManager : Event: ======'machine_var_audits_switches_s_bot_mid'====== Args={'value': 0, 'prev_value': None, 'change': True}
2024-10-14 17:47:44,647 : INFO : EventManager : Event: ======'machine_var_audits_switches_s_trough_2'====== Args={'value': 0, 'prev_value': None, 'change': True}
2024-10-14 17:47:44,647 : INFO : EventManager : Event: ======'machine_var_audits_switches_s_pop'====== Args={'value': 0, 'prev_value': None, 'change': True}
2024-10-14 17:47:44,647 : INFO : EventManager : Event: ======'machine_var_audits_switches_s_trough_6'====== Args={'value': 0, 'prev_value': None, 'change': True}
2024-10-14 17:47:44,647 : INFO : EventManager : Event: ======'machine_var_audits_switches_s_drop_l'====== Args={'value': 0, 'prev_value': None, 'change': True}
2024-10-14 17:47:44,647 : INFO : EventManager : Event: ======'machine_var_audits_switches_s_kicking_target'====== Args={'value': 0, 'prev_value': None, 'change': True}
2024-10-14 17:47:44,647 : INFO : EventManager : Event: ======'machine_var_audits_switches_s_subway'====== Args={'value': 0, 'prev_value': None, 'change': True}
2024-10-14 17:47:44,647 : INFO : EventManager : Event: ======'machine_var_audits_switches_s_lower_vuk'====== Args={'value': 0, 'prev_value': None, 'change': True}
2024-10-14 17:47:44,647 : INFO : EventManager : Event: ======'machine_var_audits_switches_s_autolauncher'====== Args={'value': 0, 'prev_value': None, 'change': True}
2024-10-14 17:47:44,647 : INFO : EventManager : Event: ======'machine_var_audits_switches_s_outlane_l'====== Args={'value': 0, 'prev_value': None, 'change': True}
2024-10-14 17:47:44,647 : INFO : EventManager : Event: ======'machine_var_audits_switches_s_trough_4'====== Args={'value': 0, 'prev_value': None, 'change': True}
2024-10-14 17:47:44,647 : INFO : EventManager : Event: ======'machine_var_audits_switches_s_trough_1'====== Args={'value': 0, 'prev_value': None, 'change': True}
2024-10-14 17:47:44,647 : INFO : EventManager : Event: ======'machine_var_audits_switches_s_captive_r'====== Args={'value': 0, 'prev_value': None, 'change': True}
2024-10-14 17:47:44,647 : INFO : EventManager : Event: ======'machine_var_audits_switches_s_kicker'====== Args={'value': 0, 'prev_value': None, 'change': True}
2024-10-14 17:47:44,647 : INFO : EventManager : Event: ======'machine_var_audits_switches_s_top'====== Args={'value': 0, 'prev_value': None, 'change': True}
2024-10-14 17:47:44,647 : INFO : EventManager : Event: ======'machine_var_audits_switches_s_vuk_playfield'====== Args={'value': 0, 'prev_value': None, 'change': True}
2024-10-14 17:47:44,648 : INFO : EventManager : Event: ======'machine_var_audits_switches_s_flipper_l'====== Args={'value': 0, 'prev_value': None, 'change': True}
2024-10-14 17:47:44,648 : INFO : EventManager : Event: ======'machine_var_audits_switches_s_orbit_small_r'====== Args={'value': 0, 'prev_value': None, 'change': True}
2024-10-14 17:47:44,648 : INFO : EventManager : Event: ======'machine_var_audits_switches_s_flipper_but_r_2'====== Args={'value': 0, 'prev_value': None, 'change': True}
2024-10-14 17:47:44,648 : INFO : EventManager : Event: ======'machine_var_audits_switches_s_orbit_small_l'====== Args={'value': 0, 'prev_value': None, 'change': True}
2024-10-14 17:47:44,648 : INFO : EventManager : Event: ======'machine_var_audits_switches_s_outlane_r'====== Args={'value': 0, 'prev_value': None, 'change': True}
2024-10-14 17:47:44,648 : INFO : EventManager : Event: ======'machine_var_audits_switches_s_lower_sling'====== Args={'value': 0, 'prev_value': None, 'change': True}
2024-10-14 17:47:44,648 : INFO : EventManager : Event: ======'machine_var_audits_switches_s_flipper_upper_l'====== Args={'value': 0, 'prev_value': None, 'change': True}
2024-10-14 17:47:44,648 : INFO : EventManager : Event: ======'machine_var_audits_switches_s_stationary_l'====== Args={'value': 0, 'prev_value': None, 'change': True}
2024-10-14 17:47:44,648 : INFO : EventManager : Event: ======'machine_var_audits_switches_s_trough_5'====== Args={'value': 0, 'prev_value': None, 'change': True}
2024-10-14 17:47:44,648 : INFO : EventManager : Event: ======'machine_var_audits_switches_s_top_mid'====== Args={'value': 0, 'prev_value': None, 'change': True}
2024-10-14 17:47:44,648 : INFO : EventManager : Event: ======'machine_var_audits_switches_s_trough_jam'====== Args={'value': 0, 'prev_value': None, 'change': True}
2024-10-14 17:47:44,648 : INFO : EventManager : Event: ======'machine_var_audits_switches_s_stationary_r'====== Args={'value': 0, 'prev_value': None, 'change': True}
2024-10-14 17:47:44,648 : INFO : EventManager : Event: ======'machine_var_audits_switches_s_captive_l'====== Args={'value': 0, 'prev_value': None, 'change': True}
2024-10-14 17:47:44,648 : INFO : EventManager : Event: ======'machine_var_audits_switches_s_lower_transfer'====== Args={'value': 0, 'prev_value': None, 'change': True}
2024-10-14 17:47:44,648 : INFO : EventManager : Event: ======'machine_var_audits_switches_s_flipper_r'====== Args={'value': 0, 'prev_value': None, 'change': True}
2024-10-14 17:47:44,648 : INFO : EventManager : Event: ======'machine_var_audits_switches_s_flipper_but_l_2'====== Args={'value': 0, 'prev_value': None, 'change': True}
2024-10-14 17:47:44,649 : INFO : EventManager : Event: ======'machine_var_audits_switches_s_inlane_l'====== Args={'value': 0, 'prev_value': None, 'change': True}
2024-10-14 17:47:44,649 : INFO : EventManager : Event: ======'machine_var_audits_switches_s_trough_3'====== Args={'value': 0, 'prev_value': None, 'change': True}
2024-10-14 17:47:44,649 : INFO : EventManager : Event: ======'machine_var_audits_switches_s_tilt'====== Args={'value': 0, 'prev_value': None, 'change': True}
2024-10-14 17:47:44,649 : INFO : EventManager : Event: ======'machine_var_audits_switches_s_stationary_m'====== Args={'value': 0, 'prev_value': None, 'change': True}
2024-10-14 17:47:44,649 : INFO : EventManager : Event: ======'machine_var_audits_switches_s_drop_r'====== Args={'value': 0, 'prev_value': None, 'change': True}
2024-10-14 17:47:44,649 : INFO : EventManager : Event: ======'machine_var_audits_switches_s_drop_single'====== Args={'value': 0, 'prev_value': None, 'change': True}
2024-10-14 17:47:44,649 : INFO : EventManager : Event: ======'machine_var_audits_switches_s_flipper_but_r_1'====== Args={'value': 0, 'prev_value': None, 'change': True}
2024-10-14 17:47:44,649 : INFO : EventManager : Event: ======'machine_var_audits_switches_s_drop_m'====== Args={'value': 0, 'prev_value': None, 'change': True}
2024-10-14 17:47:44,649 : INFO : EventManager : Event: ======'machine_var_audits_events_game_started'====== Args={'value': 0, 'prev_value': None, 'change': True}
2024-10-14 17:47:44,649 : INFO : EventManager : Event: ======'machine_var_audits_events_game_ended'====== Args={'value': 0, 'prev_value': None, 'change': True}
2024-10-14 17:47:44,649 : INFO : EventManager : Event: ======'machine_var_audits_player_score'====== Args={'value': {'top': [], 'average': 0, 'total': 0}, 'prev_value': None, 'change': True}
2024-10-14 17:47:44,650 : INFO : EventManager : Event: ======'init_phase_5'====== Args={}
2024-10-14 17:47:44,650 : INFO : EventManager : Event: ======'init_done'====== Args={}
2024-10-14 17:47:44,650 : INFO : EventManager : Event: ======'machine_reset_phase_1'====== Args={}
2024-10-14 17:47:44,650 : INFO : EventManager : Event: ======'machine_reset_phase_2'====== Args={}
2024-10-14 17:47:44,650 : INFO : EventManager : Event: ======'machine_reset_phase_3'====== Args={}
2024-10-14 17:47:44,650 : INFO : EventManager : Event: ======'reset_complete'====== Args={}
2024-10-14 17:47:44,650 : INFO : EventManager : Event: ======'mode_attract_will_start'====== Args={}
2024-10-14 17:47:44,650 : INFO : EventManager : Event: ======'mode_attract_starting'====== Args={}
2024-10-14 17:47:44,650 : INFO : Mode.attract : Started. Priority: 10
2024-10-14 17:47:44,650 : INFO : EventManager : Event: ======'modes_active_modes_changed'====== Args={}
2024-10-14 17:47:44,651 : INFO : EventManager : Event: ======'mode_attract_started'====== Args={}
2024-10-14 17:47:44,651 : INFO : EventManager : Event: ======'collecting_balls_complete'====== Args={}
2024-10-14 17:47:44,651 : INFO : Machine : Starting the main run loop.
2024-10-14 17:47:46,145 : INFO : SwitchController : <<<<<<< 's_flipper_but_l_1' active >>>>>>>
2024-10-14 17:47:46,162 : INFO : SwitchController : <<<<<<< 's_flipper_but_l_2' active >>>>>>>
2024-10-14 17:47:46,289 : INFO : SwitchController : <<<<<<< 's_flipper_but_l_2' inactive >>>>>>>
2024-10-14 17:47:46,307 : INFO : SwitchController : <<<<<<< 's_flipper_but_l_1' inactive >>>>>>>
2024-10-14 17:47:46,629 : INFO : SwitchController : <<<<<<< 's_flipper_but_l_1' active >>>>>>>
2024-10-14 17:47:46,637 : INFO : SwitchController : <<<<<<< 's_flipper_but_l_2' active >>>>>>>
2024-10-14 17:47:46,851 : INFO : SwitchController : <<<<<<< 's_flipper_but_l_2' inactive >>>>>>>
2024-10-14 17:47:46,869 : INFO : SwitchController : <<<<<<< 's_flipper_but_l_1' inactive >>>>>>>
2024-10-14 17:47:47,084 : INFO : SwitchController : <<<<<<< 's_flipper_but_l_1' active >>>>>>>
2024-10-14 17:47:47,090 : INFO : SwitchController : <<<<<<< 's_flipper_but_l_2' active >>>>>>>
2024-10-14 17:47:47,475 : INFO : SwitchController : <<<<<<< 's_flipper_but_l_2' inactive >>>>>>>
2024-10-14 17:47:47,485 : INFO : SwitchController : <<<<<<< 's_flipper_but_l_1' inactive >>>>>>>
2024-10-14 17:47:48,009 : INFO : SwitchController : <<<<<<< 's_flipper_but_l_1' active >>>>>>>
2024-10-14 17:47:48,017 : INFO : SwitchController : <<<<<<< 's_flipper_but_l_2' active >>>>>>>
2024-10-14 17:47:48,683 : INFO : SwitchController : <<<<<<< 's_flipper_but_l_2' inactive >>>>>>>
2024-10-14 17:47:48,693 : INFO : SwitchController : <<<<<<< 's_flipper_but_l_1' inactive >>>>>>>
2024-10-14 17:47:50,031 : INFO : SwitchController : <<<<<<< 's_flipper_but_l_1' active >>>>>>>
2024-10-14 17:47:50,037 : INFO : SwitchController : <<<<<<< 's_flipper_but_l_2' active >>>>>>>
2024-10-14 17:47:50,240 : INFO : SwitchController : <<<<<<< 's_flipper_but_l_2' inactive >>>>>>>
2024-10-14 17:47:50,249 : INFO : SwitchController : <<<<<<< 's_flipper_but_l_1' inactive >>>>>>>
2024-10-14 17:49:42,208 : INFO : SwitchController : <<<<<<< 's_flipper_but_l_1' active >>>>>>>
2024-10-14 17:49:42,227 : INFO : SwitchController : <<<<<<< 's_flipper_but_l_2' active >>>>>>>
2024-10-14 17:49:42,422 : INFO : SwitchController : <<<<<<< 's_flipper_but_l_2' inactive >>>>>>>
2024-10-14 17:49:42,441 : INFO : SwitchController : <<<<<<< 's_flipper_but_l_1' inactive >>>>>>>
2024-10-14 17:49:42,667 : INFO : SwitchController : <<<<<<< 's_flipper_but_l_1' active >>>>>>>
2024-10-14 17:49:42,670 : INFO : SwitchController : <<<<<<< 's_flipper_but_l_2' active >>>>>>>
2024-10-14 17:49:42,878 : INFO : SwitchController : <<<<<<< 's_flipper_but_l_2' inactive >>>>>>>
2024-10-14 17:49:42,886 : INFO : SwitchController : <<<<<<< 's_flipper_but_l_1' inactive >>>>>>>
2024-10-14 17:52:01,931 : INFO : SwitchController : <<<<<<< 's_flipper_but_l_1' active >>>>>>>
2024-10-14 17:52:02,052 : INFO : SwitchController : <<<<<<< 's_flipper_but_l_2' active >>>>>>>
2024-10-14 17:52:02,312 : INFO : SwitchController : <<<<<<< 's_flipper_but_l_2' inactive >>>>>>>
2024-10-14 17:52:02,330 : INFO : SwitchController : <<<<<<< 's_flipper_but_l_1' inactive >>>>>>>
2024-10-14 17:52:02,636 : INFO : SwitchController : <<<<<<< 's_flipper_but_l_1' active >>>>>>>
2024-10-14 17:52:02,641 : INFO : SwitchController : <<<<<<< 's_flipper_but_l_2' active >>>>>>>
2024-10-14 17:52:02,926 : INFO : SwitchController : <<<<<<< 's_flipper_but_l_2' inactive >>>>>>>
2024-10-14 17:52:02,953 : INFO : SwitchController : <<<<<<< 's_flipper_but_l_1' inactive >>>>>>>
2024-10-14 17:52:07,048 : INFO : SwitchController : <<<<<<< 's_flipper_but_l_1' active >>>>>>>
2024-10-14 17:52:07,066 : INFO : SwitchController : <<<<<<< 's_flipper_but_l_2' active >>>>>>>
2024-10-14 17:52:07,282 : INFO : SwitchController : <<<<<<< 's_flipper_but_l_2' inactive >>>>>>>
2024-10-14 17:52:07,318 : INFO : SwitchController : <<<<<<< 's_flipper_but_l_1' inactive >>>>>>>
2024-10-14 17:52:07,459 : INFO : SwitchController : <<<<<<< 's_flipper_but_l_1' active >>>>>>>
2024-10-14 17:52:07,498 : INFO : SwitchController : <<<<<<< 's_flipper_but_l_2' active >>>>>>>
2024-10-14 17:52:07,559 : INFO : SwitchController : <<<<<<< 's_flipper_but_l_2' inactive >>>>>>>
2024-10-14 17:52:07,581 : INFO : SwitchController : <<<<<<< 's_flipper_but_l_1' inactive >>>>>>>
2024-10-14 17:52:08,328 : INFO : SwitchController : <<<<<<< 's_flipper_but_l_1' active >>>>>>>
2024-10-14 17:52:08,443 : INFO : SwitchController : <<<<<<< 's_flipper_but_l_1' inactive >>>>>>>
2024-10-14 17:52:08,632 : INFO : SwitchController : <<<<<<< 's_flipper_but_l_1' active >>>>>>>
2024-10-14 17:52:08,652 : INFO : SwitchController : <<<<<<< 's_flipper_but_l_2' active >>>>>>>
2024-10-14 17:52:08,763 : INFO : SwitchController : <<<<<<< 's_flipper_but_l_2' inactive >>>>>>>
2024-10-14 17:52:08,783 : INFO : SwitchController : <<<<<<< 's_flipper_but_l_1' inactive >>>>>>>
2024-10-14 17:52:08,920 : INFO : SwitchController : <<<<<<< 's_flipper_but_l_1' active >>>>>>>
2024-10-14 17:52:08,939 : INFO : SwitchController : <<<<<<< 's_flipper_but_l_2' active >>>>>>>
2024-10-14 17:52:09,040 : INFO : SwitchController : <<<<<<< 's_flipper_but_l_2' inactive >>>>>>>
2024-10-14 17:52:09,059 : INFO : SwitchController : <<<<<<< 's_flipper_but_l_1' inactive >>>>>>>
2024-10-14 17:52:09,181 : INFO : SwitchController : <<<<<<< 's_flipper_but_l_1' active >>>>>>>
2024-10-14 17:52:09,200 : INFO : SwitchController : <<<<<<< 's_flipper_but_l_2' active >>>>>>>
2024-10-14 17:52:09,312 : INFO : SwitchController : <<<<<<< 's_flipper_but_l_2' inactive >>>>>>>
2024-10-14 17:52:09,323 : INFO : SwitchController : <<<<<<< 's_flipper_but_l_1' inactive >>>>>>>
2024-10-14 17:52:09,489 : INFO : SwitchController : <<<<<<< 's_flipper_but_l_1' active >>>>>>>
2024-10-14 17:52:09,508 : INFO : SwitchController : <<<<<<< 's_flipper_but_l_2' active >>>>>>>
2024-10-14 17:52:09,631 : INFO : SwitchController : <<<<<<< 's_flipper_but_l_2' inactive >>>>>>>
2024-10-14 17:52:09,650 : INFO : SwitchController : <<<<<<< 's_flipper_but_l_1' inactive >>>>>>>
2024-10-14 17:53:24,818 : INFO : SwitchController : <<<<<<< 's_flipper_but_r_1' active >>>>>>>
2024-10-14 17:53:24,820 : INFO : SwitchController : <<<<<<< 's_flipper_but_r_2' active >>>>>>>
2024-10-14 17:53:24,820 : INFO : SwitchController : <<<<<<< 's_flipper_but_l_1' active >>>>>>>
2024-10-14 17:53:24,820 : INFO : SwitchController : <<<<<<< 's_flipper_but_l_2' active >>>>>>>
2024-10-14 17:53:24,820 : INFO : SwitchController : <<<<<<< 's_lower_orbit' active >>>>>>>
2024-10-14 17:53:24,821 : INFO : SwitchController : <<<<<<< 's_lower_vuk' active >>>>>>>
2024-10-14 17:53:24,821 : INFO : SwitchController : <<<<<<< 's_trough_1' active >>>>>>>
2024-10-14 17:53:24,821 : INFO : SwitchController : <<<<<<< 's_trough_jam' active >>>>>>>
2024-10-14 17:53:24,821 : INFO : SwitchController : <<<<<<< 's_kicker' active >>>>>>>
2024-10-14 17:53:24,822 : INFO : SwitchController : <<<<<<< 's_subway' active >>>>>>>
2024-10-14 17:53:24,822 : INFO : SwitchController : <<<<<<< 's_vuk_playfield' active >>>>>>>
2024-10-14 17:53:24,822 : INFO : SwitchController : <<<<<<< 's_outlane_r' active >>>>>>>
2024-10-14 17:53:24,822 : INFO : SwitchController : <<<<<<< 's_inlane_r' active >>>>>>>
2024-10-14 17:55:16,415 : INFO : SwitchController : <<<<<<< 's_kicker' inactive >>>>>>>
2024-10-14 17:55:16,415 : INFO : SwitchController : <<<<<<< 's_subway' inactive >>>>>>>
2024-10-14 17:55:16,416 : INFO : SwitchController : <<<<<<< 's_vuk_playfield' inactive >>>>>>>
2024-10-14 17:55:16,417 : INFO : SwitchController : <<<<<<< 's_flipper_but_r_1' inactive >>>>>>>
2024-10-14 17:55:16,417 : INFO : SwitchController : <<<<<<< 's_flipper_but_r_2' inactive >>>>>>>
2024-10-14 17:55:16,417 : INFO : SwitchController : <<<<<<< 's_flipper_but_l_1' inactive >>>>>>>
2024-10-14 17:55:16,417 : INFO : SwitchController : <<<<<<< 's_flipper_but_l_2' inactive >>>>>>>
2024-10-14 17:55:16,417 : INFO : SwitchController : <<<<<<< 's_lower_orbit' inactive >>>>>>>
2024-10-14 17:55:16,417 : INFO : SwitchController : <<<<<<< 's_lower_vuk' inactive >>>>>>>
2024-10-14 17:55:16,418 : INFO : SwitchController : <<<<<<< 's_trough_1' inactive >>>>>>>
2024-10-14 17:55:16,418 : INFO : SwitchController : <<<<<<< 's_trough_jam' inactive >>>>>>>
2024-10-14 17:55:16,418 : INFO : SwitchController : <<<<<<< 's_outlane_r' inactive >>>>>>>
2024-10-14 17:55:16,418 : INFO : SwitchController : <<<<<<< 's_inlane_r' inactive >>>>>>>
2024-10-14 17:55:33,369 : INFO : SwitchController : <<<<<<< 's_trough_jam' active >>>>>>>
2024-10-14 17:55:33,370 : INFO : SwitchController : <<<<<<< 's_kicker' active >>>>>>>
2024-10-14 17:55:33,372 : INFO : SwitchController : <<<<<<< 's_subway' active >>>>>>>
2024-10-14 17:55:33,375 : INFO : SwitchController : <<<<<<< 's_vuk_playfield' active >>>>>>>
2024-10-14 17:55:33,387 : INFO : SwitchController : <<<<<<< 's_lower_orbit' active >>>>>>>
2024-10-14 17:55:33,387 : INFO : SwitchController : <<<<<<< 's_trough_1' active >>>>>>>
2024-10-14 17:55:33,387 : INFO : SwitchController : <<<<<<< 's_lower_vuk' active >>>>>>>
2024-10-14 17:55:33,388 : INFO : SwitchController : <<<<<<< 's_flipper_but_r_1' active >>>>>>>
2024-10-14 17:55:33,388 : INFO : SwitchController : <<<<<<< 's_flipper_but_l_1' active >>>>>>>
2024-10-14 17:55:33,388 : INFO : SwitchController : <<<<<<< 's_flipper_but_l_2' active >>>>>>>
2024-10-14 17:55:33,388 : INFO : SwitchController : <<<<<<< 's_launch' active >>>>>>>
2024-10-14 17:55:33,388 : INFO : SwitchController : <<<<<<< 's_start' active >>>>>>>
2024-10-14 17:55:33,388 : INFO : SwitchController : <<<<<<< 's_flipper_but_r_2' active >>>>>>>
2024-10-14 17:55:33,388 : INFO : SwitchController : <<<<<<< 's_tilt' active >>>>>>>
2024-10-14 17:55:33,388 : INFO : SwitchController : <<<<<<< 's_bot' active >>>>>>>
2024-10-14 17:55:33,388 : INFO : SwitchController : <<<<<<< 's_lower_single' active >>>>>>>
2024-10-14 17:55:33,388 : INFO : SwitchController : <<<<<<< 's_lower_sling' active >>>>>>>
2024-10-14 17:55:33,388 : INFO : SwitchController : <<<<<<< 's_bot_mid' active >>>>>>>
2024-10-14 17:55:33,389 : INFO : SwitchController : <<<<<<< 's_top_mid' active >>>>>>>
2024-10-14 17:55:33,389 : INFO : SwitchController : <<<<<<< 's_lower_orbit' inactive >>>>>>>
2024-10-14 17:55:33,389 : INFO : SwitchController : <<<<<<< 's_top' active >>>>>>>
2024-10-14 17:55:33,389 : INFO : SwitchController : <<<<<<< 's_lower_vuk' inactive >>>>>>>
2024-10-14 17:55:33,389 : INFO : SwitchController : <<<<<<< 's_outlane_l' inactive >>>>>>>
2024-10-14 17:55:33,390 : INFO : SwitchController : <<<<<<< 's_inlane_l' inactive >>>>>>>
2024-10-14 17:55:33,390 : INFO : SwitchController : <<<<<<< 's_trough_1' inactive >>>>>>>
2024-10-14 17:55:33,390 : INFO : SwitchController : <<<<<<< 's_trough_jam' inactive >>>>>>>
2024-10-14 17:55:33,390 : INFO : SwitchController : <<<<<<< 's_lower_transfer' active >>>>>>>
2024-10-14 17:55:33,390 : INFO : SwitchController : <<<<<<< 's_pop' active >>>>>>>
2024-10-14 17:55:33,390 : INFO : SwitchController : <<<<<<< 's_kicking_target' active >>>>>>>
2024-10-14 17:55:33,390 : INFO : SwitchController : <<<<<<< 's_autolauncher' active >>>>>>>
2024-10-14 17:55:33,390 : INFO : SwitchController : <<<<<<< 's_scissor_save' active >>>>>>>
2024-10-14 17:55:33,390 : INFO : SwitchController : <<<<<<< 's_kicker' inactive >>>>>>>
2024-10-14 17:55:33,390 : INFO : SwitchController : <<<<<<< 's_drop_r' active >>>>>>>
2024-10-14 17:55:33,390 : INFO : SwitchController : <<<<<<< 's_subway' inactive >>>>>>>
2024-10-14 17:55:33,391 : INFO : SwitchController : <<<<<<< 's_stationary_l' active >>>>>>>
2024-10-14 17:55:33,391 : INFO : SwitchController : <<<<<<< 's_sling_l' active >>>>>>>
2024-10-14 17:55:33,391 : INFO : SwitchController : <<<<<<< 's_stationary_m' active >>>>>>>
2024-10-14 17:55:33,391 : INFO : SwitchController : <<<<<<< 's_orbit_small_r' active >>>>>>>
2024-10-14 17:55:33,391 : INFO : SwitchController : <<<<<<< 's_orbit_small_l' active >>>>>>>
2024-10-14 17:55:33,391 : INFO : SwitchController : <<<<<<< 's_vuk_playfield' inactive >>>>>>>
2024-10-14 17:55:33,391 : INFO : SwitchController : <<<<<<< 's_stationary_r' active >>>>>>>
2024-10-14 17:55:33,391 : INFO : SwitchController : <<<<<<< 's_captive_r' active >>>>>>>
2024-10-14 17:55:33,391 : INFO : SwitchController : <<<<<<< 's_captive_l' active >>>>>>>
2024-10-14 17:55:33,608 : WARNING : FAST [NET] : Serial error: read failed: [Errno 6] Device not configured
2024-10-14 17:59:59,726 : INFO : Machine : Shutting down...
2024-10-14 17:59:59,727 : INFO : EventManager : Event: ======'shutdown'====== Args={}
2024-10-14 17:59:59,831 : ERROR : root : read failed: [Errno 6] Device not configured
Traceback (most recent call last):
  File "/Library/Frameworks/Python.framework/Versions/3.9/lib/python3.9/site-packages/serial/serialposix.py", line 575, in read
    buf = os.read(self.fd, size - len(read))
OSError: [Errno 6] Device not configured

During handling of the above exception, another exception occurred:

Traceback (most recent call last):
  File "/Library/Frameworks/Python.framework/Versions/3.9/lib/python3.9/site-packages/mpf/commands/game.py", line 240, in __init__
    self.machine.run()
  File "/Library/Frameworks/Python.framework/Versions/3.9/lib/python3.9/site-packages/mpf/core/machine.py", line 689, in run
    self._run_loop()
  File "/Library/Frameworks/Python.framework/Versions/3.9/lib/python3.9/site-packages/mpf/core/machine.py", line 799, in _run_loop
    self._do_stop()
  File "/Library/Frameworks/Python.framework/Versions/3.9/lib/python3.9/site-packages/mpf/core/machine.py", line 725, in _do_stop
    self.shutdown()
  File "/Library/Frameworks/Python.framework/Versions/3.9/lib/python3.9/site-packages/mpf/core/machine.py", line 755, in shutdown
    self._platform_stop()
  File "/Library/Frameworks/Python.framework/Versions/3.9/lib/python3.9/site-packages/mpf/core/machine.py", line 805, in _platform_stop
    hardware_platform.stop()
  File "/Library/Frameworks/Python.framework/Versions/3.9/lib/python3.9/site-packages/mpf/platforms/fast/fast.py", line 173, in stop
    connection.stop()
  File "/Library/Frameworks/Python.framework/Versions/3.9/lib/python3.9/site-packages/mpf/platforms/fast/communicators/base.py", line 244, in stop
    self.machine.clock.loop.run_until_complete(self.writer.wait_closed())
  File "/Library/Frameworks/Python.framework/Versions/3.9/lib/python3.9/asyncio/base_events.py", line 647, in run_until_complete
    return future.result()
  File "/Library/Frameworks/Python.framework/Versions/3.9/lib/python3.9/asyncio/streams.py", line 359, in wait_closed
    await self._protocol._get_close_waiter(self)
  File "/Library/Frameworks/Python.framework/Versions/3.9/lib/python3.9/site-packages/mpf/platforms/fast/communicators/base.py", line 421, in read
    resp = await self.reader.read(n)
  File "/Library/Frameworks/Python.framework/Versions/3.9/lib/python3.9/asyncio/streams.py", line 684, in read
    await self._wait_for_data('read')
  File "/Library/Frameworks/Python.framework/Versions/3.9/lib/python3.9/asyncio/streams.py", line 517, in _wait_for_data
    await self._waiter
  File "/Library/Frameworks/Python.framework/Versions/3.9/lib/python3.9/site-packages/serial_asyncio/__init__.py", line 115, in _read_ready
    data = self._serial.read(self._max_read_size)
  File "/Library/Frameworks/Python.framework/Versions/3.9/lib/python3.9/site-packages/serial/serialposix.py", line 581, in read
    raise SerialException('read failed: {}'.format(e))
serial.serialutil.SerialException: read failed: [Errno 6] Device not configured
