2024-10-14 21:58:23,000 : INFO : root : Loading config.
2024-10-14 21:58:23,001 : INFO : YamlMultifileConfigLoader : Machine config file #1: config.yaml
2024-10-14 21:58:23,001 : INFO : ConfigProcessor : Loading config from cache: /var/folders/l2/q8hj_6s91xnb2jxg1sqm0h7r0000gn/T/fb4db0341b09a4be02e1d6b8eab00179.mpf_cache
2024-10-14 21:58:23,015 : INFO : ConfigProcessor : Loading config from cache: /var/folders/l2/q8hj_6s91xnb2jxg1sqm0h7r0000gn/T/c7af4841f7c2cabb0f971746daddf284.mpf_cache
2024-10-14 21:58:23,015 : INFO : ConfigProcessor : Loading config from cache: /var/folders/l2/q8hj_6s91xnb2jxg1sqm0h7r0000gn/T/edcc5f1d3215b377c9faab88c62e4ce0.mpf_cache
2024-10-14 21:58:23,015 : INFO : Machine : Mission Pinball Framework Core Engine v0.57.1.dev3
2024-10-14 21:58:23,015 : INFO : Machine : Command line arguments: {'no_load_cache': False, 'create_config_cache': True, 'bcp': False, 'configfile': ['config.yaml'], 'force_assets_load': False, 'platform_integration_test': False, 'jsonlogging': False, 'logfile': 'logs/2024-10-14-21-58-22-mpf-Tanners-Laptop.local.log', 'pause': False, 'production': False, 'text_ui': True, 'loglevel': 15, 'consoleloglevel': 20, 'force_platform': None, 'syslog_address': None, 'mc_file_name': None, 'no_sound': False}
2024-10-14 21:58:23,015 : INFO : Machine : MPF path: /Library/Frameworks/Python.framework/Versions/3.9/lib/python3.9/site-packages/mpf
2024-10-14 21:58:23,015 : INFO : Machine : Machine path: /Users/tannerpetch/Documents/GitHub/trashland_4
2024-10-14 21:58:23,015 : INFO : Machine : Platform: darwin
2024-10-14 21:58:23,015 : INFO : Machine : Python executable location: /Library/Frameworks/Python.framework/Versions/3.9/bin/python3.9
2024-10-14 21:58:23,015 : INFO : Machine : Python version: 3.9.13 (64-bit)
2024-10-14 21:58:23,016 : INFO : Machine : Initializing MPF...
2024-10-14 21:58:23,035 : INFO : FAST [NET] : Trying to connect to /dev/tty.usbmodem1401 at 921600bps
2024-10-14 21:58:23,041 : INFO : FAST [NET] : Connected to /dev/tty.usbmodem1401 at 921600bps
2024-10-14 21:58:23,042 : INFO : FAST [NET] : Connected to FP-CPU-2000 with firmware v02.21
2024-10-14 21:58:23,044 : INFO : FAST [NET] : Registered I/O Board 0: Model: FP-I/O-0804, Firmware: 01.10, Switches: 8, Drivers: 4
2024-10-14 21:58:23,045 : INFO : FAST [NET] : Registered I/O Board 1: Model: FP-I/O-0804, Firmware: 01.10, Switches: 8, Drivers: 4
2024-10-14 21:58:23,046 : INFO : FAST [NET] : Registered I/O Board 2: Model: FP-I/O-3208, Firmware: 01.10, Switches: 32, Drivers: 8
2024-10-14 21:58:23,047 : INFO : FAST [NET] : Registered I/O Board 3: Model: FP-I/O-1616, Firmware: 01.10, Switches: 16, Drivers: 16
2024-10-14 21:58:23,048 : INFO : FAST [NET] : Registered I/O Board 4: Model: FP-I/O-3208, Firmware: 01.10, Switches: 32, Drivers: 8
2024-10-14 21:58:23,048 : INFO : EventManager : Event: ======'machine_var_credits_string'====== Args={'value': 'FREE PLAY', 'prev_value': None, 'change': True}
2024-10-14 21:58:23,059 : INFO : EventManager : Event: ======'machine_var_master_volume'====== Args={'value': 0.5, 'prev_value': None, 'change': True}
2024-10-14 21:58:23,059 : INFO : EventManager : Event: ======'machine_var_player1_score'====== Args={'value': 0, 'prev_value': None, 'change': True}
2024-10-14 21:58:23,059 : INFO : EventManager : Event: ======'machine_var_mpf_version'====== Args={'value': 'Mission Pinball Framework v0.57.1.dev3', 'prev_value': None, 'change': True}
2024-10-14 21:58:23,059 : INFO : EventManager : Event: ======'machine_var_mpf_extended_version'====== Args={'value': 'Mission Pinball Framework v0.57.1.dev3, Config version:6, Show version: 6, BCP version:1.1', 'prev_value': None, 'change': True}
2024-10-14 21:58:23,059 : INFO : EventManager : Event: ======'machine_var_python_version'====== Args={'value': '3.9.13', 'prev_value': None, 'change': True}
2024-10-14 21:58:23,064 : INFO : EventManager : Event: ======'machine_var_platform'====== Args={'value': 'macOS-14.3-arm64-arm-64bit', 'prev_value': None, 'change': True}
2024-10-14 21:58:23,064 : INFO : EventManager : Event: ======'machine_var_platform_system'====== Args={'value': 'Darwin', 'prev_value': None, 'change': True}
2024-10-14 21:58:23,064 : INFO : EventManager : Event: ======'machine_var_platform_release'====== Args={'value': '23.3.0', 'prev_value': None, 'change': True}
2024-10-14 21:58:23,064 : INFO : EventManager : Event: ======'machine_var_platform_version'====== Args={'value': 'Darwin Kernel Version 23.3.0: Thu Dec 21 02:29:41 PST 2023; root:xnu-10002.81.5~11/RELEASE_ARM64_T8122', 'prev_value': None, 'change': True}
2024-10-14 21:58:23,064 : INFO : EventManager : Event: ======'machine_var_platform_machine'====== Args={'value': 'arm64', 'prev_value': None, 'change': True}
2024-10-14 21:58:23,064 : INFO : EventManager : Event: ======'init_phase_1'====== Args={}
2024-10-14 21:58:23,162 : WARNING : Machine : Iterating device collections directly is deprecated and will be removed. Access by value(): device_collections[switches] -> device_collections['switches'].values()
2024-10-14 21:58:23,162 : INFO : SwitchController : <<<<<<< 's_outlane_l' active >>>>>>>
2024-10-14 21:58:23,162 : INFO : SwitchController : <<<<<<< 's_trough_1' active >>>>>>>
2024-10-14 21:58:23,162 : INFO : SwitchController : <<<<<<< 's_drop_m' active >>>>>>>
2024-10-14 21:58:23,162 : INFO : SwitchController : <<<<<<< 's_drop_l' active >>>>>>>
2024-10-14 21:58:23,162 : INFO : SwitchController : <<<<<<< 's_drop_single' active >>>>>>>
2024-10-14 21:58:23,162 : INFO : EventManager : Event: ======'init_phase_2'====== Args={}
2024-10-14 21:58:23,163 : INFO : SwitchController : Found active switch: (16, [FAST Platform Interface]) <switch.s_outlane_l>
2024-10-14 21:58:23,163 : INFO : SwitchController : Found active switch: (30, [FAST Platform Interface]) <switch.s_trough_1>
2024-10-14 21:58:23,163 : INFO : SwitchController : Found active switch: (50, [FAST Platform Interface]) <switch.s_drop_m>
2024-10-14 21:58:23,163 : INFO : SwitchController : Found active switch: (51, [FAST Platform Interface]) <switch.s_drop_l>
2024-10-14 21:58:23,163 : INFO : SwitchController : Found active switch: (57, [FAST Platform Interface]) <switch.s_drop_single>
2024-10-14 21:58:23,164 : INFO : ball_device.bd_middle_scoop : BCH: Initial count: 0
2024-10-14 21:58:23,164 : INFO : ball_device.bd_middle_scoop : State: idle
2024-10-14 21:58:23,664 : INFO : ball_device.bd_trough : BCH: Initial count: 1
2024-10-14 21:58:23,665 : INFO : ball_device.bd_trough : State: idle
2024-10-14 21:58:23,667 : INFO : ball_device.bd_autolauncher : BCH: Initial count: 0
2024-10-14 21:58:23,667 : INFO : ball_device.bd_autolauncher : State: idle
2024-10-14 21:58:23,668 : INFO : ball_device.bd_kicker_orbit : BCH: Initial count: 0
2024-10-14 21:58:23,668 : INFO : ball_device.bd_kicker_orbit : State: idle
2024-10-14 21:58:23,669 : INFO : ball_device.bd_lower_vuk : BCH: Initial count: 0
2024-10-14 21:58:23,669 : INFO : ball_device.bd_lower_vuk : State: idle
2024-10-14 21:58:23,670 : INFO : ball_device.bd_vuk_back : BCH: Initial count: 0
2024-10-14 21:58:23,671 : INFO : ball_device.bd_vuk_back : State: idle
2024-10-14 21:58:23,671 : INFO : ball_device.bd_vuk_upper : BCH: Initial count: 0
2024-10-14 21:58:23,672 : INFO : ball_device.bd_vuk_upper : State: idle
2024-10-14 21:58:23,672 : INFO : ball_device.bd_b_lock : BCH: Initial count: 0
2024-10-14 21:58:23,673 : INFO : ball_device.bd_b_lock : State: idle
2024-10-14 21:58:23,682 : INFO : EventManager : Event: ======'init_phase_3'====== Args={}
2024-10-14 21:58:23,683 : INFO : EventManager : Event: ======'init_phase_4'====== Args={}
2024-10-14 21:58:23,684 : INFO : BallController : Initial balls found: 1
2024-10-14 21:58:23,684 : INFO : EventManager : Event: ======'machine_var_audits_events_game_ended'====== Args={'value': 1, 'prev_value': None, 'change': True}
2024-10-14 21:58:23,684 : INFO : EventManager : Event: ======'machine_var_audits_events_game_started'====== Args={'value': 9, 'prev_value': None, 'change': True}
2024-10-14 21:58:23,684 : INFO : EventManager : Event: ======'machine_var_audits_missing_switches_s_b_eos'====== Args={'value': 2, 'prev_value': None, 'change': True}
2024-10-14 21:58:23,684 : INFO : EventManager : Event: ======'machine_var_audits_missing_switches_s_b_pop'====== Args={'value': 5, 'prev_value': None, 'change': True}
2024-10-14 21:58:23,684 : INFO : EventManager : Event: ======'machine_var_audits_missing_switches_s_b_rollover_interchange'====== Args={'value': 5, 'prev_value': None, 'change': True}
2024-10-14 21:58:23,684 : INFO : EventManager : Event: ======'machine_var_audits_missing_switches_s_b_rollover_loop'====== Args={'value': 5, 'prev_value': None, 'change': True}
2024-10-14 21:58:23,684 : INFO : EventManager : Event: ======'machine_var_audits_missing_switches_s_b_rollover_misc'====== Args={'value': 5, 'prev_value': None, 'change': True}
2024-10-14 21:58:23,684 : INFO : EventManager : Event: ======'machine_var_audits_missing_switches_s_b_target_left'====== Args={'value': 5, 'prev_value': None, 'change': True}
2024-10-14 21:58:23,684 : INFO : EventManager : Event: ======'machine_var_audits_missing_switches_s_b_target_right'====== Args={'value': 5, 'prev_value': None, 'change': True}
2024-10-14 21:58:23,684 : INFO : EventManager : Event: ======'machine_var_audits_missing_switches_s_bot'====== Args={'value': 9, 'prev_value': None, 'change': True}
2024-10-14 21:58:23,685 : INFO : EventManager : Event: ======'machine_var_audits_missing_switches_s_bot_mid'====== Args={'value': 9, 'prev_value': None, 'change': True}
2024-10-14 21:58:23,685 : INFO : EventManager : Event: ======'machine_var_audits_missing_switches_s_captive_l'====== Args={'value': 9, 'prev_value': None, 'change': True}
2024-10-14 21:58:23,685 : INFO : EventManager : Event: ======'machine_var_audits_missing_switches_s_captive_r'====== Args={'value': 9, 'prev_value': None, 'change': True}
2024-10-14 21:58:23,685 : INFO : EventManager : Event: ======'machine_var_audits_missing_switches_s_drop_l'====== Args={'value': 9, 'prev_value': None, 'change': True}
2024-10-14 21:58:23,685 : INFO : EventManager : Event: ======'machine_var_audits_missing_switches_s_drop_m'====== Args={'value': 7, 'prev_value': None, 'change': True}
2024-10-14 21:58:23,685 : INFO : EventManager : Event: ======'machine_var_audits_missing_switches_s_drop_r'====== Args={'value': 9, 'prev_value': None, 'change': True}
2024-10-14 21:58:23,685 : INFO : EventManager : Event: ======'machine_var_audits_missing_switches_s_drop_single'====== Args={'value': 9, 'prev_value': None, 'change': True}
2024-10-14 21:58:23,685 : INFO : EventManager : Event: ======'machine_var_audits_missing_switches_s_flipper_l'====== Args={'value': 2, 'prev_value': None, 'change': True}
2024-10-14 21:58:23,685 : INFO : EventManager : Event: ======'machine_var_audits_missing_switches_s_flipper_r'====== Args={'value': 2, 'prev_value': None, 'change': True}
2024-10-14 21:58:23,685 : INFO : EventManager : Event: ======'machine_var_audits_missing_switches_s_flipper_upper_l'====== Args={'value': 2, 'prev_value': None, 'change': True}
2024-10-14 21:58:23,685 : INFO : EventManager : Event: ======'machine_var_audits_missing_switches_s_inlane_l'====== Args={'value': 7, 'prev_value': None, 'change': True}
2024-10-14 21:58:23,685 : INFO : EventManager : Event: ======'machine_var_audits_missing_switches_s_inlane_r'====== Args={'value': 1, 'prev_value': None, 'change': True}
2024-10-14 21:58:23,685 : INFO : EventManager : Event: ======'machine_var_audits_missing_switches_s_kicker_orbit'====== Args={'value': 2, 'prev_value': None, 'change': True}
2024-10-14 21:58:23,685 : INFO : EventManager : Event: ======'machine_var_audits_missing_switches_s_kicking_target'====== Args={'value': 5, 'prev_value': None, 'change': True}
2024-10-14 21:58:23,685 : INFO : EventManager : Event: ======'machine_var_audits_missing_switches_s_lock_1'====== Args={'value': 5, 'prev_value': None, 'change': True}
2024-10-14 21:58:23,685 : INFO : EventManager : Event: ======'machine_var_audits_missing_switches_s_lock_2'====== Args={'value': 5, 'prev_value': None, 'change': True}
2024-10-14 21:58:23,685 : INFO : EventManager : Event: ======'machine_var_audits_missing_switches_s_lock_3'====== Args={'value': 5, 'prev_value': None, 'change': True}
2024-10-14 21:58:23,685 : INFO : EventManager : Event: ======'machine_var_audits_missing_switches_s_lower_orbit'====== Args={'value': 9, 'prev_value': None, 'change': True}
2024-10-14 21:58:23,685 : INFO : EventManager : Event: ======'machine_var_audits_missing_switches_s_lower_single'====== Args={'value': 9, 'prev_value': None, 'change': True}
2024-10-14 21:58:23,685 : INFO : EventManager : Event: ======'machine_var_audits_missing_switches_s_lower_sling'====== Args={'value': 9, 'prev_value': None, 'change': True}
2024-10-14 21:58:23,685 : INFO : EventManager : Event: ======'machine_var_audits_missing_switches_s_lower_transfer'====== Args={'value': 9, 'prev_value': None, 'change': True}
2024-10-14 21:58:23,686 : INFO : EventManager : Event: ======'machine_var_audits_missing_switches_s_lower_vuk'====== Args={'value': 2, 'prev_value': None, 'change': True}
2024-10-14 21:58:23,686 : INFO : EventManager : Event: ======'machine_var_audits_missing_switches_s_middle_scoop'====== Args={'value': 6, 'prev_value': None, 'change': True}
2024-10-14 21:58:23,686 : INFO : EventManager : Event: ======'machine_var_audits_missing_switches_s_orbit_small_l'====== Args={'value': 2, 'prev_value': None, 'change': True}
2024-10-14 21:58:23,686 : INFO : EventManager : Event: ======'machine_var_audits_missing_switches_s_orbit_small_r'====== Args={'value': 7, 'prev_value': None, 'change': True}
2024-10-14 21:58:23,686 : INFO : EventManager : Event: ======'machine_var_audits_missing_switches_s_outlane_l'====== Args={'value': 9, 'prev_value': None, 'change': True}
2024-10-14 21:58:23,686 : INFO : EventManager : Event: ======'machine_var_audits_missing_switches_s_outlane_r'====== Args={'value': 9, 'prev_value': None, 'change': True}
2024-10-14 21:58:23,686 : INFO : EventManager : Event: ======'machine_var_audits_missing_switches_s_pop'====== Args={'value': 2, 'prev_value': None, 'change': True}
2024-10-14 21:58:23,686 : INFO : EventManager : Event: ======'machine_var_audits_missing_switches_s_scissor_save'====== Args={'value': 9, 'prev_value': None, 'change': True}
2024-10-14 21:58:23,686 : INFO : EventManager : Event: ======'machine_var_audits_missing_switches_s_sling_l'====== Args={'value': 7, 'prev_value': None, 'change': True}
2024-10-14 21:58:23,686 : INFO : EventManager : Event: ======'machine_var_audits_missing_switches_s_start'====== Args={'value': 1, 'prev_value': None, 'change': True}
2024-10-14 21:58:23,686 : INFO : EventManager : Event: ======'machine_var_audits_missing_switches_s_stationary_l'====== Args={'value': 2, 'prev_value': None, 'change': True}
2024-10-14 21:58:23,686 : INFO : EventManager : Event: ======'machine_var_audits_missing_switches_s_stationary_m'====== Args={'value': 7, 'prev_value': None, 'change': True}
2024-10-14 21:58:23,686 : INFO : EventManager : Event: ======'machine_var_audits_missing_switches_s_stationary_r'====== Args={'value': 7, 'prev_value': None, 'change': True}
2024-10-14 21:58:23,686 : INFO : EventManager : Event: ======'machine_var_audits_missing_switches_s_subway'====== Args={'value': 7, 'prev_value': None, 'change': True}
2024-10-14 21:58:23,687 : INFO : EventManager : Event: ======'machine_var_audits_missing_switches_s_tilt'====== Args={'value': 9, 'prev_value': None, 'change': True}
2024-10-14 21:58:23,687 : INFO : EventManager : Event: ======'machine_var_audits_missing_switches_s_top'====== Args={'value': 9, 'prev_value': None, 'change': True}
2024-10-14 21:58:23,687 : INFO : EventManager : Event: ======'machine_var_audits_missing_switches_s_top_mid'====== Args={'value': 9, 'prev_value': None, 'change': True}
2024-10-14 21:58:23,687 : INFO : EventManager : Event: ======'machine_var_audits_missing_switches_s_trough_2'====== Args={'value': 1, 'prev_value': None, 'change': True}
2024-10-14 21:58:23,687 : INFO : EventManager : Event: ======'machine_var_audits_missing_switches_s_trough_3'====== Args={'value': 1, 'prev_value': None, 'change': True}
2024-10-14 21:58:23,687 : INFO : EventManager : Event: ======'machine_var_audits_missing_switches_s_trough_5'====== Args={'value': 1, 'prev_value': None, 'change': True}
2024-10-14 21:58:23,687 : INFO : EventManager : Event: ======'machine_var_audits_missing_switches_s_trough_6'====== Args={'value': 1, 'prev_value': None, 'change': True}
2024-10-14 21:58:23,687 : INFO : EventManager : Event: ======'machine_var_audits_missing_switches_s_u_lane_l'====== Args={'value': 5, 'prev_value': None, 'change': True}
2024-10-14 21:58:23,687 : INFO : EventManager : Event: ======'machine_var_audits_missing_switches_s_u_lane_r'====== Args={'value': 5, 'prev_value': None, 'change': True}
2024-10-14 21:58:23,687 : INFO : EventManager : Event: ======'machine_var_audits_missing_switches_s_u_rollover'====== Args={'value': 5, 'prev_value': None, 'change': True}
2024-10-14 21:58:23,687 : INFO : EventManager : Event: ======'machine_var_audits_missing_switches_s_u_target'====== Args={'value': 5, 'prev_value': None, 'change': True}
2024-10-14 21:58:23,687 : INFO : EventManager : Event: ======'machine_var_audits_missing_switches_s_vuk_back'====== Args={'value': 1, 'prev_value': None, 'change': True}
2024-10-14 21:58:23,687 : INFO : EventManager : Event: ======'machine_var_audits_missing_switches_s_vuk_upper'====== Args={'value': 3, 'prev_value': None, 'change': True}
2024-10-14 21:58:23,688 : INFO : EventManager : Event: ======'machine_var_audits_player_score'====== Args={'value': {'average': 0, 'top': [0], 'total': 1}, 'prev_value': None, 'change': True}
2024-10-14 21:58:23,688 : INFO : EventManager : Event: ======'machine_var_audits_switches_s_autolauncher'====== Args={'value': 13, 'prev_value': None, 'change': True}
2024-10-14 21:58:23,688 : INFO : EventManager : Event: ======'machine_var_audits_switches_s_b_eos'====== Args={'value': 5, 'prev_value': None, 'change': True}
2024-10-14 21:58:23,688 : INFO : EventManager : Event: ======'machine_var_audits_switches_s_b_pop'====== Args={'value': 0, 'prev_value': None, 'change': True}
2024-10-14 21:58:23,688 : INFO : EventManager : Event: ======'machine_var_audits_switches_s_b_rollover_interchange'====== Args={'value': 0, 'prev_value': None, 'change': True}
2024-10-14 21:58:23,688 : INFO : EventManager : Event: ======'machine_var_audits_switches_s_b_rollover_loop'====== Args={'value': 0, 'prev_value': None, 'change': True}
2024-10-14 21:58:23,688 : INFO : EventManager : Event: ======'machine_var_audits_switches_s_b_rollover_misc'====== Args={'value': 0, 'prev_value': None, 'change': True}
2024-10-14 21:58:23,688 : INFO : EventManager : Event: ======'machine_var_audits_switches_s_b_target_left'====== Args={'value': 0, 'prev_value': None, 'change': True}
2024-10-14 21:58:23,688 : INFO : EventManager : Event: ======'machine_var_audits_switches_s_b_target_right'====== Args={'value': 0, 'prev_value': None, 'change': True}
2024-10-14 21:58:23,688 : INFO : EventManager : Event: ======'machine_var_audits_switches_s_bot'====== Args={'value': 0, 'prev_value': None, 'change': True}
2024-10-14 21:58:23,688 : INFO : EventManager : Event: ======'machine_var_audits_switches_s_bot_mid'====== Args={'value': 0, 'prev_value': None, 'change': True}
2024-10-14 21:58:23,689 : INFO : EventManager : Event: ======'machine_var_audits_switches_s_captive_l'====== Args={'value': 0, 'prev_value': None, 'change': True}
2024-10-14 21:58:23,689 : INFO : EventManager : Event: ======'machine_var_audits_switches_s_captive_r'====== Args={'value': 0, 'prev_value': None, 'change': True}
2024-10-14 21:58:23,689 : INFO : EventManager : Event: ======'machine_var_audits_switches_s_drop_l'====== Args={'value': 0, 'prev_value': None, 'change': True}
2024-10-14 21:58:23,689 : INFO : EventManager : Event: ======'machine_var_audits_switches_s_drop_m'====== Args={'value': 1, 'prev_value': None, 'change': True}
2024-10-14 21:58:23,689 : INFO : EventManager : Event: ======'machine_var_audits_switches_s_drop_r'====== Args={'value': 0, 'prev_value': None, 'change': True}
2024-10-14 21:58:23,689 : INFO : EventManager : Event: ======'machine_var_audits_switches_s_drop_single'====== Args={'value': 0, 'prev_value': None, 'change': True}
2024-10-14 21:58:23,689 : INFO : EventManager : Event: ======'machine_var_audits_switches_s_flipper_but_l_1'====== Args={'value': 58, 'prev_value': None, 'change': True}
2024-10-14 21:58:23,689 : INFO : EventManager : Event: ======'machine_var_audits_switches_s_flipper_but_l_2'====== Args={'value': 56, 'prev_value': None, 'change': True}
2024-10-14 21:58:23,689 : INFO : EventManager : Event: ======'machine_var_audits_switches_s_flipper_but_r_1'====== Args={'value': 53, 'prev_value': None, 'change': True}
2024-10-14 21:58:23,689 : INFO : EventManager : Event: ======'machine_var_audits_switches_s_flipper_but_r_2'====== Args={'value': 51, 'prev_value': None, 'change': True}
2024-10-14 21:58:23,690 : INFO : EventManager : Event: ======'machine_var_audits_switches_s_flipper_l'====== Args={'value': 60, 'prev_value': None, 'change': True}
2024-10-14 21:58:23,690 : INFO : EventManager : Event: ======'machine_var_audits_switches_s_flipper_r'====== Args={'value': 70, 'prev_value': None, 'change': True}
2024-10-14 21:58:23,690 : INFO : EventManager : Event: ======'machine_var_audits_switches_s_flipper_upper_l'====== Args={'value': 45, 'prev_value': None, 'change': True}
2024-10-14 21:58:23,690 : INFO : EventManager : Event: ======'machine_var_audits_switches_s_inlane_l'====== Args={'value': 1, 'prev_value': None, 'change': True}
2024-10-14 21:58:23,690 : INFO : EventManager : Event: ======'machine_var_audits_switches_s_inlane_r'====== Args={'value': 6, 'prev_value': None, 'change': True}
2024-10-14 21:58:23,690 : INFO : EventManager : Event: ======'machine_var_audits_switches_s_kicker_orbit'====== Args={'value': 2, 'prev_value': None, 'change': True}
2024-10-14 21:58:23,690 : INFO : EventManager : Event: ======'machine_var_audits_switches_s_kicking_target'====== Args={'value': 8, 'prev_value': None, 'change': True}
2024-10-14 21:58:23,690 : INFO : EventManager : Event: ======'machine_var_audits_switches_s_launch'====== Args={'value': 15, 'prev_value': None, 'change': True}
2024-10-14 21:58:23,691 : INFO : EventManager : Event: ======'machine_var_audits_switches_s_lock_1'====== Args={'value': 0, 'prev_value': None, 'change': True}
2024-10-14 21:58:23,691 : INFO : EventManager : Event: ======'machine_var_audits_switches_s_lock_2'====== Args={'value': 0, 'prev_value': None, 'change': True}
2024-10-14 21:58:23,691 : INFO : EventManager : Event: ======'machine_var_audits_switches_s_lock_3'====== Args={'value': 0, 'prev_value': None, 'change': True}
2024-10-14 21:58:23,691 : INFO : EventManager : Event: ======'machine_var_audits_switches_s_lower_orbit'====== Args={'value': 0, 'prev_value': None, 'change': True}
2024-10-14 21:58:23,691 : INFO : EventManager : Event: ======'machine_var_audits_switches_s_lower_single'====== Args={'value': 0, 'prev_value': None, 'change': True}
2024-10-14 21:58:23,691 : INFO : EventManager : Event: ======'machine_var_audits_switches_s_lower_sling'====== Args={'value': 0, 'prev_value': None, 'change': True}
2024-10-14 21:58:23,691 : INFO : EventManager : Event: ======'machine_var_audits_switches_s_lower_transfer'====== Args={'value': 0, 'prev_value': None, 'change': True}
2024-10-14 21:58:23,691 : INFO : EventManager : Event: ======'machine_var_audits_switches_s_lower_vuk'====== Args={'value': 5, 'prev_value': None, 'change': True}
2024-10-14 21:58:23,691 : INFO : EventManager : Event: ======'machine_var_audits_switches_s_middle_scoop'====== Args={'value': 2, 'prev_value': None, 'change': True}
2024-10-14 21:58:23,692 : INFO : EventManager : Event: ======'machine_var_audits_switches_s_orbit_small_l'====== Args={'value': 3, 'prev_value': None, 'change': True}
2024-10-14 21:58:23,692 : INFO : EventManager : Event: ======'machine_var_audits_switches_s_orbit_small_r'====== Args={'value': 1, 'prev_value': None, 'change': True}
2024-10-14 21:58:23,692 : INFO : EventManager : Event: ======'machine_var_audits_switches_s_outlane_l'====== Args={'value': 0, 'prev_value': None, 'change': True}
2024-10-14 21:58:23,692 : INFO : EventManager : Event: ======'machine_var_audits_switches_s_outlane_r'====== Args={'value': 0, 'prev_value': None, 'change': True}
2024-10-14 21:58:23,692 : INFO : EventManager : Event: ======'machine_var_audits_switches_s_pop'====== Args={'value': 6, 'prev_value': None, 'change': True}
2024-10-14 21:58:23,692 : INFO : EventManager : Event: ======'machine_var_audits_switches_s_scissor_save'====== Args={'value': 0, 'prev_value': None, 'change': True}
2024-10-14 21:58:23,692 : INFO : EventManager : Event: ======'machine_var_audits_switches_s_sling_l'====== Args={'value': 6, 'prev_value': None, 'change': True}
2024-10-14 21:58:23,692 : INFO : EventManager : Event: ======'machine_var_audits_switches_s_start'====== Args={'value': 1, 'prev_value': None, 'change': True}
2024-10-14 21:58:23,693 : INFO : EventManager : Event: ======'machine_var_audits_switches_s_stationary_l'====== Args={'value': 2, 'prev_value': None, 'change': True}
2024-10-14 21:58:23,693 : INFO : EventManager : Event: ======'machine_var_audits_switches_s_stationary_m'====== Args={'value': 3, 'prev_value': None, 'change': True}
2024-10-14 21:58:23,693 : INFO : EventManager : Event: ======'machine_var_audits_switches_s_stationary_r'====== Args={'value': 1, 'prev_value': None, 'change': True}
2024-10-14 21:58:23,693 : INFO : EventManager : Event: ======'machine_var_audits_switches_s_subway'====== Args={'value': 3, 'prev_value': None, 'change': True}
2024-10-14 21:58:23,693 : INFO : EventManager : Event: ======'machine_var_audits_switches_s_tilt'====== Args={'value': 0, 'prev_value': None, 'change': True}
2024-10-14 21:58:23,693 : INFO : EventManager : Event: ======'machine_var_audits_switches_s_top'====== Args={'value': 0, 'prev_value': None, 'change': True}
2024-10-14 21:58:23,693 : INFO : EventManager : Event: ======'machine_var_audits_switches_s_top_mid'====== Args={'value': 0, 'prev_value': None, 'change': True}
2024-10-14 21:58:23,693 : INFO : EventManager : Event: ======'machine_var_audits_switches_s_trough_1'====== Args={'value': 11, 'prev_value': None, 'change': True}
2024-10-14 21:58:23,694 : INFO : EventManager : Event: ======'machine_var_audits_switches_s_trough_2'====== Args={'value': 5, 'prev_value': None, 'change': True}
2024-10-14 21:58:23,694 : INFO : EventManager : Event: ======'machine_var_audits_switches_s_trough_3'====== Args={'value': 6, 'prev_value': None, 'change': True}
2024-10-14 21:58:23,694 : INFO : EventManager : Event: ======'machine_var_audits_switches_s_trough_4'====== Args={'value': 18, 'prev_value': None, 'change': True}
2024-10-14 21:58:23,694 : INFO : EventManager : Event: ======'machine_var_audits_switches_s_trough_5'====== Args={'value': 5, 'prev_value': None, 'change': True}
2024-10-14 21:58:23,694 : INFO : EventManager : Event: ======'machine_var_audits_switches_s_trough_6'====== Args={'value': 9, 'prev_value': None, 'change': True}
2024-10-14 21:58:23,694 : INFO : EventManager : Event: ======'machine_var_audits_switches_s_trough_jam'====== Args={'value': 10, 'prev_value': None, 'change': True}
2024-10-14 21:58:23,694 : INFO : EventManager : Event: ======'machine_var_audits_switches_s_u_lane_l'====== Args={'value': 0, 'prev_value': None, 'change': True}
2024-10-14 21:58:23,695 : INFO : EventManager : Event: ======'machine_var_audits_switches_s_u_lane_r'====== Args={'value': 0, 'prev_value': None, 'change': True}
2024-10-14 21:58:23,695 : INFO : EventManager : Event: ======'machine_var_audits_switches_s_u_rollover'====== Args={'value': 0, 'prev_value': None, 'change': True}
2024-10-14 21:58:23,695 : INFO : EventManager : Event: ======'machine_var_audits_switches_s_u_target'====== Args={'value': 0, 'prev_value': None, 'change': True}
2024-10-14 21:58:23,695 : INFO : EventManager : Event: ======'machine_var_audits_switches_s_vuk_back'====== Args={'value': 2, 'prev_value': None, 'change': True}
2024-10-14 21:58:23,695 : INFO : EventManager : Event: ======'machine_var_audits_switches_s_vuk_upper'====== Args={'value': 23, 'prev_value': None, 'change': True}
2024-10-14 21:58:23,695 : INFO : EventManager : Event: ======'init_phase_5'====== Args={}
2024-10-14 21:58:23,702 : INFO : EventManager : Event: ======'init_done'====== Args={}
2024-10-14 21:58:23,703 : INFO : EventManager : Event: ======'machine_reset_phase_1'====== Args={}
2024-10-14 21:58:23,703 : INFO : EventManager : Event: ======'machine_reset_phase_2'====== Args={}
2024-10-14 21:58:23,704 : INFO : EventManager : Event: ======'machine_reset_phase_3'====== Args={}
2024-10-14 21:58:23,704 : INFO : EventManager : Event: ======'reset_complete'====== Args={}
2024-10-14 21:58:23,704 : INFO : EventManager : Event: ======'mode_attract_will_start'====== Args={}
2024-10-14 21:58:23,704 : INFO : EventManager : Event: ======'mode_attract_starting'====== Args={}
2024-10-14 21:58:23,704 : INFO : Mode.attract : Started. Priority: 10
2024-10-14 21:58:23,704 : INFO : EventManager : Event: ======'modes_active_modes_changed'====== Args={}
2024-10-14 21:58:23,704 : INFO : EventManager : Event: ======'mode_attract_started'====== Args={}
2024-10-14 21:58:23,704 : INFO : EventManager : Event: ======'collecting_balls_complete'====== Args={}
2024-10-14 21:58:23,704 : INFO : Machine : Starting the main run loop.
2024-10-14 21:58:24,683 : INFO : SwitchController : <<<<<<< 's_start' active >>>>>>>
2024-10-14 21:58:24,787 : INFO : SwitchController : <<<<<<< 's_start' inactive >>>>>>>
2024-10-14 21:58:24,787 : INFO : EventManager : Event: ======'request_to_start_game'====== Args={}
2024-10-14 21:58:24,788 : INFO : EventManager : Event: ======'game_start'====== Args={'buttons': [], 'hold_time': 0.10372370799999997}
2024-10-14 21:58:24,788 : INFO : EventManager : Event: ======'mode_game_will_start'====== Args={'buttons': [], 'hold_time': 0.10372370799999997}
2024-10-14 21:58:24,789 : INFO : EventManager : Event: ======'mode_game_starting'====== Args={'buttons': [], 'hold_time': 0.10372370799999997}
2024-10-14 21:58:24,790 : INFO : EventManager : Event: ======'mode_attract_will_stop'====== Args={}
2024-10-14 21:58:24,790 : INFO : EventManager : Event: ======'mode_attract_stopping'====== Args={}
2024-10-14 21:58:24,790 : INFO : Mode.attract : Stopped.
2024-10-14 21:58:24,790 : INFO : EventManager : Event: ======'modes_active_modes_changed'====== Args={}
2024-10-14 21:58:24,790 : INFO : EventManager : Event: ======'mode_attract_stopped'====== Args={}
2024-10-14 21:58:24,790 : INFO : EventManager : Event: ======'clear'====== Args={'key': 'attract'}
2024-10-14 21:58:24,790 : INFO : Mode.game : Started. Priority: 20
2024-10-14 21:58:24,791 : INFO : EventManager : Event: ======'modes_active_modes_changed'====== Args={}
2024-10-14 21:58:24,791 : INFO : EventManager : Event: ======'mode_game_started'====== Args={'buttons': [], 'hold_time': 0.10372370799999997}
2024-10-14 21:58:24,792 : INFO : EventManager : Event: ======'game_will_start'====== Args={}
2024-10-14 21:58:24,792 : INFO : EventManager : Event: ======'game_starting'====== Args={'game': <Mode.game>}
2024-10-14 21:58:24,793 : INFO : EventManager : Unordered handler for class <Auditor> on event game_ended with priority 1. Handlers: [RegisteredHandler(callback=<bound method Auditor.disable of <Auditor>>, priority=1, kwargs={}, key=UUID('2b645306-6bd5-4650-82dc-98bafa6c2c3b'), condition=None, blocking_facility=None), RegisteredHandler(callback=<bound method Auditor._save_audits of <Auditor>>, priority=1, kwargs={}, key=UUID('d4356d20-8926-4890-9bf6-2abe6f2e5975'), condition=None, blocking_facility=None)]. The order of those handlers is not defined and they will be executed in random order. This might lead to race conditions and potential bugs.
2024-10-14 21:58:24,793 : INFO : EventManager : Event: ======'player_add_request'====== Args={}
2024-10-14 21:58:24,794 : INFO : EventManager : Event: ======'player_will_add'====== Args={'number': 1}
2024-10-14 21:58:24,794 : INFO : EventManager : Event: ======'player_adding'====== Args={'player': <Player 1>, 'number': 1}
2024-10-14 21:58:24,794 : INFO : EventManager : Event: ======'player_added'====== Args={'player': <Player 1>, 'num': 1}
2024-10-14 21:58:24,794 : INFO : Mode.game : Player added successfully. Total players: 1
2024-10-14 21:58:24,794 : INFO : EventManager : Event: ======'player_index'====== Args={'value': 0, 'prev_value': 0, 'change': 0, 'player_num': 1}
2024-10-14 21:58:24,794 : INFO : EventManager : Event: ======'player_number'====== Args={'value': 1, 'prev_value': 1, 'change': 0, 'player_num': 1}
2024-10-14 21:58:24,794 : INFO : EventManager : Event: ======'player_score'====== Args={'value': 0, 'prev_value': 0, 'change': 0, 'player_num': 1}
2024-10-14 21:58:24,795 : INFO : EventManager : Event: ======'game_started'====== Args={}
2024-10-14 21:58:24,795 : INFO : EventManager : Event: ======'player_turn_will_start'====== Args={'player': <Player 1>, 'number': 1}
2024-10-14 21:58:24,795 : INFO : EventManager : Event: ======'player_turn_starting'====== Args={'player': <Player 1>, 'number': 1}
2024-10-14 21:58:24,801 : INFO : EventManager : Event: ======'player_ball'====== Args={'value': 1, 'prev_value': 0, 'change': 1, 'player_num': 1}
2024-10-14 21:58:24,801 : INFO : EventManager : Event: ======'player_turn_started'====== Args={'player': <Player 1>, 'number': 1}
2024-10-14 21:58:24,808 : INFO : EventManager : Event: ======'ball_will_start'====== Args={'player': 1, 'ball': 1, 'balls_remaining': 2, 'is_extra_ball': False}
2024-10-14 21:58:24,808 : INFO : EventManager : Event: ======'ball_starting'====== Args={'player': 1, 'ball': 1, 'balls_remaining': 2, 'is_extra_ball': False}
2024-10-14 21:58:24,808 : INFO : EventManager : Event: ======'balls_in_play'====== Args={'balls': 1}
2024-10-14 21:58:24,808 : INFO : EventManager : Event: ======'ball_started'====== Args={'player': 1, 'ball': 1, 'balls_remaining': 2, 'is_extra_ball': False}
2024-10-14 21:58:24,809 : INFO : EventManager : Event: ======'single_player_ball_started'====== Args={}
2024-10-14 21:58:24,809 : INFO : EventManager : Event: ======'ball_start_target'====== Args={'target': 'playfield'}
2024-10-14 21:58:24,809 : INFO : ball_device.bd_autolauncher : Setting up player-controlled eject. Balls: 1, Target: <playfield.playfield>, player_controlled_eject_event: sw_launch
2024-10-14 21:58:24,809 : INFO : EventManager : Event: ======'balldevice_balls_available'====== Args={}
2024-10-14 21:58:24,810 : INFO : ball_device.bd_trough : State: waiting_for_target_ready
2024-10-14 21:58:24,810 : INFO : EventManager : Event: ======'balldevice_bd_trough_ball_eject_attempt'====== Args={'balls': 1, 'target': <ball_device.bd_autolauncher>, 'source': <ball_device.bd_trough>, 'mechanical_eject': True, 'num_attempts': 0}
2024-10-14 21:58:24,810 : INFO : ball_device.bd_autolauncher : State: waiting_for_ball
2024-10-14 21:58:24,810 : INFO : ball_device.bd_trough : State: ejecting
2024-10-14 21:58:24,810 : INFO : ball_device.bd_trough : Ejecting ball to <ball_device.bd_autolauncher>
2024-10-14 21:58:24,810 : INFO : EventManager : Event: ======'balldevice_bd_trough_ejecting_ball'====== Args={'balls': 1, 'target': <ball_device.bd_autolauncher>, 'source': <ball_device.bd_trough>, 'mechanical_eject': True, 'num_attempts': 0}
2024-10-14 21:58:24,810 : INFO : ball_device.bd_trough : Wait for ball to leave device
2024-10-14 21:58:24,810 : INFO : coil.c_trough : Pulsing Driver for 15ms (1.0 pulse_power)
2024-10-14 21:58:24,834 : INFO : SwitchController : <<<<<<< 's_trough_jam' active >>>>>>>
2024-10-14 21:58:24,834 : INFO : EventManager : Event: ======'machine_var_audits_switches_s_trough_jam'====== Args={'value': 11, 'prev_value': 10, 'change': 1}
2024-10-14 21:58:24,839 : INFO : SwitchController : <<<<<<< 's_trough_3' active >>>>>>>
2024-10-14 21:58:24,839 : INFO : EventManager : Event: ======'machine_var_audits_switches_s_trough_3'====== Args={'value': 7, 'prev_value': 6, 'change': 1}
2024-10-14 21:58:24,841 : INFO : SwitchController : <<<<<<< 's_trough_jam' inactive >>>>>>>
2024-10-14 21:58:24,849 : INFO : SwitchController : <<<<<<< 's_trough_3' inactive >>>>>>>
2024-10-14 21:58:24,903 : INFO : SwitchController : <<<<<<< 's_trough_1' inactive >>>>>>>
2024-10-14 21:58:24,904 : INFO : ball_device.bd_trough : State: ball_left
2024-10-14 21:58:24,904 : INFO : ball_device.bd_trough : Ball left
2024-10-14 21:58:24,904 : INFO : ball_device.bd_trough : Wait for confirm with timeout 1.0
2024-10-14 21:58:25,056 : INFO : SwitchController : <<<<<<< 's_trough_jam' active >>>>>>>
2024-10-14 21:58:25,056 : INFO : EventManager : Event: ======'machine_var_audits_switches_s_trough_jam'====== Args={'value': 12, 'prev_value': 11, 'change': 1}
2024-10-14 21:58:25,082 : INFO : SwitchController : <<<<<<< 's_autolauncher' active >>>>>>>
2024-10-14 21:58:25,082 : INFO : EventManager : Event: ======'machine_var_audits_switches_s_autolauncher'====== Args={'value': 14, 'prev_value': 13, 'change': 1}
2024-10-14 21:58:25,082 : INFO : SwitchController : <<<<<<< 's_trough_jam' inactive >>>>>>>
2024-10-14 21:58:25,085 : INFO : SwitchController : <<<<<<< 's_trough_1' active >>>>>>>
2024-10-14 21:58:25,085 : INFO : EventManager : Event: ======'machine_var_audits_switches_s_trough_1'====== Args={'value': 12, 'prev_value': 11, 'change': 1}
2024-10-14 21:58:25,098 : INFO : SwitchController : <<<<<<< 's_trough_2' active >>>>>>>
2024-10-14 21:58:25,098 : INFO : EventManager : Event: ======'machine_var_audits_switches_s_trough_2'====== Args={'value': 6, 'prev_value': 5, 'change': 1}
2024-10-14 21:58:25,100 : INFO : SwitchController : <<<<<<< 's_trough_2' inactive >>>>>>>
2024-10-14 21:58:25,384 : INFO : ball_device.bd_autolauncher : Received ball from <ball_device.bd_trough>
2024-10-14 21:58:25,384 : INFO : EventManager : Event: ======'balldevice_bd_autolauncher_ball_enter'====== Args={'new_balls': 1, 'unclaimed_balls': 0, 'new_available_balls': 0, 'device': <ball_device.bd_autolauncher>}
2024-10-14 21:58:25,385 : INFO : EventManager : Event: ======'balldevice_bd_autolauncher_ball_entered'====== Args={'new_balls': 0, 'device': <ball_device.bd_autolauncher>}
2024-10-14 21:58:25,386 : INFO : EventManager : Event: ======'balldevice_bd_autolauncher_ball_count_changed'====== Args={'balls': 1}
2024-10-14 21:58:25,386 : INFO : ball_device.bd_trough : Got eject confirm
2024-10-14 21:58:25,386 : INFO : ball_device.bd_trough : Eject successful
2024-10-14 21:58:25,386 : INFO : EventManager : Event: ======'balldevice_bd_trough_ball_eject_success'====== Args={'balls': 1, 'target': <ball_device.bd_autolauncher>}
2024-10-14 21:58:25,387 : INFO : ball_device.bd_autolauncher : State: waiting_for_target_ready
2024-10-14 21:58:25,387 : INFO : EventManager : Event: ======'balldevice_bd_autolauncher_ball_eject_attempt'====== Args={'balls': 1, 'target': <playfield.playfield>, 'source': <ball_device.bd_autolauncher>, 'mechanical_eject': True, 'num_attempts': 0}
2024-10-14 21:58:25,387 : INFO : EventManager : Event: ======'balldevice_bd_trough_ball_count_changed'====== Args={'balls': 0}
2024-10-14 21:58:25,387 : INFO : ball_device.bd_trough : State: idle
2024-10-14 21:58:25,388 : INFO : ball_device.bd_autolauncher : State: ejecting
2024-10-14 21:58:25,388 : INFO : ball_device.bd_autolauncher : Ejecting ball to <playfield.playfield>
2024-10-14 21:58:25,388 : INFO : EventManager : Event: ======'balldevice_bd_autolauncher_ejecting_ball'====== Args={'balls': 1, 'target': <playfield.playfield>, 'source': <ball_device.bd_autolauncher>, 'mechanical_eject': True, 'num_attempts': 0}
2024-10-14 21:58:25,389 : INFO : ball_device.bd_autolauncher : Wait for ball to leave device
2024-10-14 21:58:25,586 : INFO : EventManager : Event: ======'balldevice_bd_trough_ball_count_changed'====== Args={'balls': 1}
2024-10-14 21:58:25,586 : INFO : ball_device.bd_trough : Received unexpected ball
2024-10-14 21:58:25,586 : INFO : EventManager : Event: ======'balldevice_captured_from_playfield'====== Args={'balls': 1}
2024-10-14 21:58:25,587 : INFO : EventManager : Event: ======'sw_playfield_active'====== Args={'balls': 1}
2024-10-14 21:58:25,587 : INFO : EventManager : Event: ======'playfield_active'====== Args={}
2024-10-14 21:58:25,587 : INFO : EventManager : Event: ======'playfield_ball_count_change'====== Args={'balls': -1, 'change': -1}
2024-10-14 21:58:25,588 : INFO : EventManager : Event: ======'balldevice_playfield_ball_enter'====== Args={'new_balls': 1, 'unclaimed_balls': 1, 'device': <playfield.playfield>}
2024-10-14 21:58:25,588 : INFO : EventManager : Event: ======'playfield_ball_count_change'====== Args={'balls': 0, 'change': 1}
2024-10-14 21:58:25,588 : INFO : BallController : Found a new ball which was captured from playfield. Known balls: 2
2024-10-14 21:58:25,588 : INFO : EventManager : Event: ======'found_new_ball'====== Args={}
2024-10-14 21:58:25,588 : INFO : EventManager : Event: ======'balldevice_bd_trough_ball_enter'====== Args={'new_balls': 1, 'unclaimed_balls': 1, 'new_available_balls': 1, 'device': <ball_device.bd_trough>}
2024-10-14 21:58:25,589 : INFO : EventManager : Event: ======'ball_drain'====== Args={'device': <ball_device.bd_trough>, 'balls': 1}
2024-10-14 21:58:25,589 : INFO : EventManager : Event: ======'ball_will_end'====== Args={}
2024-10-14 21:58:25,589 : INFO : EventManager : Event: ======'balldevice_balls_available'====== Args={}
2024-10-14 21:58:25,589 : INFO : EventManager : Event: ======'balldevice_bd_trough_ball_entered'====== Args={'new_balls': 1, 'device': <ball_device.bd_trough>}
2024-10-14 21:58:25,591 : INFO : EventManager : Event: ======'ball_ending'====== Args={}
2024-10-14 21:58:25,591 : INFO : EventManager : Event: ======'ball_ended'====== Args={}
2024-10-14 21:58:25,592 : INFO : EventManager : Event: ======'player_turn_will_end'====== Args={'player': <Player 1>, 'number': 1}
2024-10-14 21:58:25,593 : INFO : EventManager : Event: ======'player_turn_ending'====== Args={'player': <Player 1>, 'number': 1}
2024-10-14 21:58:25,593 : INFO : EventManager : Event: ======'player_turn_ended'====== Args={'player': <Player 1>, 'number': 1}
2024-10-14 21:58:25,594 : INFO : EventManager : Event: ======'player_turn_will_start'====== Args={'player': <Player 1>, 'number': 1}
2024-10-14 21:58:25,594 : INFO : EventManager : Event: ======'player_turn_starting'====== Args={'player': <Player 1>, 'number': 1}
2024-10-14 21:58:25,594 : INFO : EventManager : Event: ======'player_ball'====== Args={'value': 2, 'prev_value': 1, 'change': 1, 'player_num': 1}
2024-10-14 21:58:25,594 : INFO : EventManager : Event: ======'player_turn_started'====== Args={'player': <Player 1>, 'number': 1}
2024-10-14 21:58:25,595 : INFO : EventManager : Event: ======'ball_will_start'====== Args={'player': 1, 'ball': 2, 'balls_remaining': 1, 'is_extra_ball': False}
2024-10-14 21:58:25,595 : INFO : BallController : Found 1 ball(s) on playfield.
2024-10-14 21:58:25,595 : WARNING : BallController : Playfields still contain balls. Waiting for those to drain.
2024-10-14 21:58:26,387 : INFO : SwitchController : <<<<<<< 's_launch' active >>>>>>>
2024-10-14 21:58:26,387 : INFO : EventManager : Event: ======'sw_launch'====== Args={}
2024-10-14 21:58:26,387 : INFO : EventManager : Event: ======'machine_var_audits_switches_s_launch'====== Args={'value': 16, 'prev_value': 15, 'change': 1}
2024-10-14 21:58:26,389 : INFO : coil.c_autolauncher : Pulsing Driver for 15ms (1.0 pulse_power)
2024-10-14 21:58:26,414 : INFO : SwitchController : <<<<<<< 's_autolauncher' inactive >>>>>>>
2024-10-14 21:58:26,414 : INFO : ball_device.bd_autolauncher : State: ball_left
2024-10-14 21:58:26,414 : INFO : ball_device.bd_autolauncher : Ball left
2024-10-14 21:58:26,414 : INFO : ball_device.bd_autolauncher : Wait for confirm with timeout 3.0
2024-10-14 21:58:26,474 : INFO : SwitchController : <<<<<<< 's_launch' inactive >>>>>>>
2024-10-14 21:58:26,596 : INFO : BallController : Found 1 ball(s) on playfield.
2024-10-14 21:58:26,596 : WARNING : BallController : Playfields still contain balls. Waiting for those to drain.
2024-10-14 21:58:26,942 : INFO : SwitchController : <<<<<<< 's_vuk_back' active >>>>>>>
2024-10-14 21:58:26,943 : INFO : EventManager : Event: ======'machine_var_audits_switches_s_vuk_back'====== Args={'value': 3, 'prev_value': 2, 'change': 1}
2024-10-14 21:58:27,279 : INFO : SwitchController : <<<<<<< 's_flipper_but_r_1' active >>>>>>>
2024-10-14 21:58:27,279 : INFO : EventManager : Event: ======'machine_var_audits_switches_s_flipper_but_r_1'====== Args={'value': 54, 'prev_value': 53, 'change': 1}
2024-10-14 21:58:27,284 : INFO : SwitchController : <<<<<<< 's_flipper_but_r_2' active >>>>>>>
2024-10-14 21:58:27,284 : INFO : EventManager : Event: ======'machine_var_audits_switches_s_flipper_but_r_2'====== Args={'value': 52, 'prev_value': 51, 'change': 1}
2024-10-14 21:58:27,443 : INFO : EventManager : Event: ======'balldevice_bd_vuk_back_ball_count_changed'====== Args={'balls': 1}
2024-10-14 21:58:27,443 : INFO : ball_device.bd_vuk_back : Received unexpected ball
2024-10-14 21:58:27,443 : INFO : EventManager : Event: ======'balldevice_captured_from_playfield'====== Args={'balls': 1}
2024-10-14 21:58:27,444 : INFO : EventManager : Event: ======'sw_playfield_active'====== Args={'balls': 1}
2024-10-14 21:58:27,444 : INFO : EventManager : Event: ======'playfield_active'====== Args={}
2024-10-14 21:58:27,444 : INFO : EventManager : Event: ======'playfield_ball_count_change'====== Args={'balls': -1, 'change': -1}
2024-10-14 21:58:27,445 : INFO : EventManager : Event: ======'balldevice_bd_vuk_back_ball_enter'====== Args={'new_balls': 1, 'unclaimed_balls': 1, 'new_available_balls': 1, 'device': <ball_device.bd_vuk_back>}
2024-10-14 21:58:27,445 : INFO : ball_device.bd_autolauncher : Got eject confirm
2024-10-14 21:58:27,446 : INFO : ball_device.bd_autolauncher : Eject successful
2024-10-14 21:58:27,446 : INFO : EventManager : Event: ======'balldevice_bd_autolauncher_ball_eject_success'====== Args={'balls': 1, 'target': <playfield.playfield>}
2024-10-14 21:58:27,446 : INFO : ball_device.bd_vuk_back : Ejecting 1 unexpected balls using path deque([<ball_device.bd_vuk_back>, <playfield.playfield>])
2024-10-14 21:58:27,446 : INFO : EventManager : Event: ======'balldevice_balls_available'====== Args={}
2024-10-14 21:58:27,446 : INFO : EventManager : Event: ======'balldevice_balls_available'====== Args={}
2024-10-14 21:58:27,446 : INFO : EventManager : Event: ======'balldevice_bd_vuk_back_ball_entered'====== Args={'new_balls': 1, 'device': <ball_device.bd_vuk_back>}
2024-10-14 21:58:27,446 : INFO : EventManager : Event: ======'balldevice_playfield_ball_enter'====== Args={'new_balls': 1, 'unclaimed_balls': 1, 'device': <playfield.playfield>}
2024-10-14 21:58:27,447 : INFO : EventManager : Event: ======'playfield_ball_count_change'====== Args={'balls': 0, 'change': 1}
2024-10-14 21:58:27,447 : INFO : EventManager : Event: ======'balldevice_bd_autolauncher_ball_count_changed'====== Args={'balls': 0}
2024-10-14 21:58:27,447 : INFO : ball_device.bd_autolauncher : State: idle
2024-10-14 21:58:27,448 : INFO : ball_device.bd_vuk_back : State: waiting_for_target_ready
2024-10-14 21:58:27,448 : INFO : EventManager : Event: ======'balldevice_bd_vuk_back_ball_eject_attempt'====== Args={'balls': 1, 'target': <playfield.playfield>, 'source': <ball_device.bd_vuk_back>, 'mechanical_eject': False, 'num_attempts': 0}
2024-10-14 21:58:27,448 : INFO : ball_device.bd_vuk_back : State: ejecting
2024-10-14 21:58:27,448 : INFO : ball_device.bd_vuk_back : Ejecting ball to <playfield.playfield>
2024-10-14 21:58:27,448 : INFO : EventManager : Event: ======'balldevice_bd_vuk_back_ejecting_ball'====== Args={'balls': 1, 'target': <playfield.playfield>, 'source': <ball_device.bd_vuk_back>, 'mechanical_eject': False, 'num_attempts': 0}
2024-10-14 21:58:27,449 : INFO : ball_device.bd_vuk_back : Wait for ball to leave device
2024-10-14 21:58:27,449 : INFO : coil.c_vuk_back : Pulsing Driver for 30ms (1.0 pulse_power)
2024-10-14 21:58:27,470 : INFO : SwitchController : <<<<<<< 's_flipper_but_r_2' inactive >>>>>>>
2024-10-14 21:58:27,479 : INFO : SwitchController : <<<<<<< 's_flipper_but_r_1' inactive >>>>>>>
2024-10-14 21:58:27,512 : INFO : SwitchController : <<<<<<< 's_vuk_back' inactive >>>>>>>
2024-10-14 21:58:27,512 : INFO : ball_device.bd_vuk_back : State: ball_left
2024-10-14 21:58:27,512 : INFO : ball_device.bd_vuk_back : Ball left
2024-10-14 21:58:27,512 : INFO : ball_device.bd_vuk_back : Wait for confirm with timeout 2.0
2024-10-14 21:58:27,592 : INFO : SwitchController : <<<<<<< 's_flipper_but_r_1' active >>>>>>>
2024-10-14 21:58:27,593 : INFO : EventManager : Event: ======'machine_var_audits_switches_s_flipper_but_r_1'====== Args={'value': 55, 'prev_value': 54, 'change': 1}
2024-10-14 21:58:27,597 : INFO : BallController : Found 1 ball(s) on playfield.
2024-10-14 21:58:27,597 : WARNING : BallController : Playfields still contain balls. Waiting for those to drain.
2024-10-14 21:58:27,598 : INFO : SwitchController : <<<<<<< 's_flipper_but_r_2' active >>>>>>>
2024-10-14 21:58:27,598 : INFO : EventManager : Event: ======'machine_var_audits_switches_s_flipper_but_r_2'====== Args={'value': 53, 'prev_value': 52, 'change': 1}
2024-10-14 21:58:27,819 : INFO : SwitchController : <<<<<<< 's_flipper_but_r_2' inactive >>>>>>>
2024-10-14 21:58:27,847 : INFO : SwitchController : <<<<<<< 's_flipper_but_r_1' inactive >>>>>>>
2024-10-14 21:58:27,892 : INFO : SwitchController : <<<<<<< 's_flipper_but_l_1' active >>>>>>>
2024-10-14 21:58:27,892 : INFO : EventManager : Event: ======'machine_var_audits_switches_s_flipper_but_l_1'====== Args={'value': 59, 'prev_value': 58, 'change': 1}
2024-10-14 21:58:27,895 : INFO : SwitchController : <<<<<<< 's_flipper_but_l_2' active >>>>>>>
2024-10-14 21:58:27,895 : INFO : EventManager : Event: ======'machine_var_audits_switches_s_flipper_but_l_2'====== Args={'value': 57, 'prev_value': 56, 'change': 1}
2024-10-14 21:58:28,037 : INFO : SwitchController : <<<<<<< 's_flipper_but_r_1' active >>>>>>>
2024-10-14 21:58:28,038 : INFO : EventManager : Event: ======'machine_var_audits_switches_s_flipper_but_r_1'====== Args={'value': 56, 'prev_value': 55, 'change': 1}
2024-10-14 21:58:28,054 : INFO : SwitchController : <<<<<<< 's_flipper_but_r_2' active >>>>>>>
2024-10-14 21:58:28,054 : INFO : EventManager : Event: ======'machine_var_audits_switches_s_flipper_but_r_2'====== Args={'value': 54, 'prev_value': 53, 'change': 1}
2024-10-14 21:58:28,108 : INFO : SwitchController : <<<<<<< 's_flipper_but_l_2' inactive >>>>>>>
2024-10-14 21:58:28,116 : INFO : SwitchController : <<<<<<< 's_flipper_but_l_1' inactive >>>>>>>
2024-10-14 21:58:28,263 : INFO : SwitchController : <<<<<<< 's_flipper_but_r_2' inactive >>>>>>>
2024-10-14 21:58:28,290 : INFO : SwitchController : <<<<<<< 's_flipper_but_r_1' inactive >>>>>>>
2024-10-14 21:58:28,361 : INFO : SwitchController : <<<<<<< 's_flipper_but_l_1' active >>>>>>>
2024-10-14 21:58:28,361 : INFO : EventManager : Event: ======'machine_var_audits_switches_s_flipper_but_l_1'====== Args={'value': 60, 'prev_value': 59, 'change': 1}
2024-10-14 21:58:28,365 : INFO : SwitchController : <<<<<<< 's_flipper_but_l_2' active >>>>>>>
2024-10-14 21:58:28,366 : INFO : EventManager : Event: ======'machine_var_audits_switches_s_flipper_but_l_2'====== Args={'value': 58, 'prev_value': 57, 'change': 1}
2024-10-14 21:58:28,470 : INFO : SwitchController : <<<<<<< 's_flipper_but_r_1' active >>>>>>>
2024-10-14 21:58:28,470 : INFO : EventManager : Event: ======'machine_var_audits_switches_s_flipper_but_r_1'====== Args={'value': 57, 'prev_value': 56, 'change': 1}
2024-10-14 21:58:28,497 : INFO : SwitchController : <<<<<<< 's_flipper_but_r_2' active >>>>>>>
2024-10-14 21:58:28,497 : INFO : EventManager : Event: ======'machine_var_audits_switches_s_flipper_but_r_2'====== Args={'value': 55, 'prev_value': 54, 'change': 1}
2024-10-14 21:58:28,578 : INFO : SwitchController : <<<<<<< 's_flipper_but_l_2' inactive >>>>>>>
2024-10-14 21:58:28,604 : INFO : SwitchController : <<<<<<< 's_flipper_but_l_1' inactive >>>>>>>
2024-10-14 21:58:28,604 : INFO : BallController : Found 1 ball(s) on playfield.
2024-10-14 21:58:28,604 : WARNING : BallController : Playfields still contain balls. Waiting for those to drain.
2024-10-14 21:58:28,719 : INFO : SwitchController : <<<<<<< 's_flipper_but_r_2' inactive >>>>>>>
2024-10-14 21:58:28,747 : INFO : SwitchController : <<<<<<< 's_flipper_but_r_1' inactive >>>>>>>
2024-10-14 21:58:28,993 : INFO : SwitchController : <<<<<<< 's_flipper_but_r_1' active >>>>>>>
2024-10-14 21:58:28,993 : INFO : EventManager : Event: ======'machine_var_audits_switches_s_flipper_but_r_1'====== Args={'value': 58, 'prev_value': 57, 'change': 1}
2024-10-14 21:58:29,001 : INFO : SwitchController : <<<<<<< 's_flipper_but_r_2' active >>>>>>>
2024-10-14 21:58:29,001 : INFO : EventManager : Event: ======'machine_var_audits_switches_s_flipper_but_r_2'====== Args={'value': 56, 'prev_value': 55, 'change': 1}
2024-10-14 21:58:29,306 : INFO : SwitchController : <<<<<<< 's_flipper_but_r_2' inactive >>>>>>>
2024-10-14 21:58:29,330 : INFO : SwitchController : <<<<<<< 's_flipper_but_r_1' inactive >>>>>>>
2024-10-14 21:58:29,351 : INFO : SwitchController : <<<<<<< 's_flipper_but_l_1' active >>>>>>>
2024-10-14 21:58:29,351 : INFO : EventManager : Event: ======'machine_var_audits_switches_s_flipper_but_l_1'====== Args={'value': 61, 'prev_value': 60, 'change': 1}
2024-10-14 21:58:29,355 : INFO : SwitchController : <<<<<<< 's_flipper_but_l_2' active >>>>>>>
2024-10-14 21:58:29,355 : INFO : EventManager : Event: ======'machine_var_audits_switches_s_flipper_but_l_2'====== Args={'value': 59, 'prev_value': 58, 'change': 1}
2024-10-14 21:58:29,392 : INFO : SwitchController : <<<<<<< 's_inlane_r' active >>>>>>>
2024-10-14 21:58:29,392 : INFO : EventManager : Event: ======'machine_var_audits_switches_s_inlane_r'====== Args={'value': 7, 'prev_value': 6, 'change': 1}
2024-10-14 21:58:29,400 : INFO : SwitchController : <<<<<<< 's_inlane_r' inactive >>>>>>>
2024-10-14 21:58:29,514 : INFO : ball_device.bd_vuk_back : State: failed_confirm
2024-10-14 21:58:29,514 : INFO : ball_device.bd_vuk_back : Got timeout (2.0s) before confirm from <playfield.playfield>
2024-10-14 21:58:29,605 : INFO : BallController : Found 1 ball(s) on playfield.
2024-10-14 21:58:29,605 : WARNING : BallController : Playfields still contain balls. Waiting for those to drain.
2024-10-14 21:58:29,615 : INFO : ball_device.bd_vuk_back : Confirming eject because target is playfield and ball did not return.
2024-10-14 21:58:29,615 : INFO : ball_device.bd_vuk_back : Eject successful
2024-10-14 21:58:29,615 : INFO : EventManager : Event: ======'balldevice_bd_vuk_back_ball_eject_success'====== Args={'balls': 1, 'target': <playfield.playfield>}
2024-10-14 21:58:29,616 : INFO : EventManager : Event: ======'balldevice_playfield_ball_enter'====== Args={'new_balls': 1, 'unclaimed_balls': 1, 'device': <playfield.playfield>}
2024-10-14 21:58:29,616 : INFO : EventManager : Event: ======'playfield_ball_count_change'====== Args={'balls': 1, 'change': 1}
2024-10-14 21:58:29,616 : INFO : EventManager : Event: ======'balldevice_bd_vuk_back_ball_count_changed'====== Args={'balls': 0}
2024-10-14 21:58:29,616 : INFO : ball_device.bd_vuk_back : State: idle
2024-10-14 21:58:29,636 : INFO : SwitchController : <<<<<<< 's_flipper_but_l_2' inactive >>>>>>>
2024-10-14 21:58:29,663 : INFO : SwitchController : <<<<<<< 's_flipper_but_l_1' inactive >>>>>>>
2024-10-14 21:58:30,536 : INFO : SwitchController : <<<<<<< 's_trough_4' active >>>>>>>
2024-10-14 21:58:30,537 : INFO : EventManager : Event: ======'machine_var_audits_switches_s_trough_4'====== Args={'value': 19, 'prev_value': 18, 'change': 1}
2024-10-14 21:58:30,607 : INFO : BallController : Found 1 ball(s) on playfield.
2024-10-14 21:58:30,607 : WARNING : BallController : Playfields still contain balls. Waiting for those to drain.
2024-10-14 21:58:30,621 : INFO : SwitchController : <<<<<<< 's_trough_6' active >>>>>>>
2024-10-14 21:58:30,622 : INFO : EventManager : Event: ======'machine_var_audits_switches_s_trough_6'====== Args={'value': 10, 'prev_value': 9, 'change': 1}
2024-10-14 21:58:30,625 : INFO : SwitchController : <<<<<<< 's_trough_6' inactive >>>>>>>
2024-10-14 21:58:30,630 : INFO : SwitchController : <<<<<<< 's_trough_6' active >>>>>>>
2024-10-14 21:58:30,630 : INFO : EventManager : Event: ======'machine_var_audits_switches_s_trough_6'====== Args={'value': 11, 'prev_value': 10, 'change': 1}
2024-10-14 21:58:30,744 : INFO : SwitchController : <<<<<<< 's_trough_6' inactive >>>>>>>
2024-10-14 21:58:30,808 : INFO : SwitchController : <<<<<<< 's_trough_5' active >>>>>>>
2024-10-14 21:58:30,808 : INFO : EventManager : Event: ======'machine_var_audits_switches_s_trough_5'====== Args={'value': 6, 'prev_value': 5, 'change': 1}
2024-10-14 21:58:30,889 : INFO : SwitchController : <<<<<<< 's_trough_5' inactive >>>>>>>
2024-10-14 21:58:30,936 : INFO : SwitchController : <<<<<<< 's_trough_4' inactive >>>>>>>
2024-10-14 21:58:30,939 : INFO : SwitchController : <<<<<<< 's_trough_4' active >>>>>>>
2024-10-14 21:58:30,939 : INFO : EventManager : Event: ======'machine_var_audits_switches_s_trough_4'====== Args={'value': 20, 'prev_value': 19, 'change': 1}
2024-10-14 21:58:31,005 : INFO : SwitchController : <<<<<<< 's_trough_4' inactive >>>>>>>
2024-10-14 21:58:31,053 : INFO : SwitchController : <<<<<<< 's_trough_3' active >>>>>>>
2024-10-14 21:58:31,053 : INFO : EventManager : Event: ======'machine_var_audits_switches_s_trough_3'====== Args={'value': 8, 'prev_value': 7, 'change': 1}
2024-10-14 21:58:31,147 : INFO : SwitchController : <<<<<<< 's_trough_2' active >>>>>>>
2024-10-14 21:58:31,148 : INFO : EventManager : Event: ======'machine_var_audits_switches_s_trough_2'====== Args={'value': 7, 'prev_value': 6, 'change': 1}
2024-10-14 21:58:31,607 : INFO : BallController : Found 1 ball(s) on playfield.
2024-10-14 21:58:31,608 : WARNING : BallController : Playfields still contain balls. Waiting for those to drain.
2024-10-14 21:58:32,595 : INFO : SwitchController : <<<<<<< 's_flipper_but_r_1' active >>>>>>>
2024-10-14 21:58:32,596 : INFO : EventManager : Event: ======'machine_var_audits_switches_s_flipper_but_r_1'====== Args={'value': 59, 'prev_value': 58, 'change': 1}
2024-10-14 21:58:32,604 : INFO : SwitchController : <<<<<<< 's_flipper_but_r_2' active >>>>>>>
2024-10-14 21:58:32,604 : INFO : EventManager : Event: ======'machine_var_audits_switches_s_flipper_but_r_2'====== Args={'value': 57, 'prev_value': 56, 'change': 1}
2024-10-14 21:58:32,622 : INFO : BallController : Found 1 ball(s) on playfield.
2024-10-14 21:58:32,623 : WARNING : BallController : Playfields still contain balls. Waiting for those to drain.
2024-10-14 21:58:32,915 : INFO : SwitchController : <<<<<<< 's_flipper_but_l_1' active >>>>>>>
2024-10-14 21:58:32,915 : INFO : EventManager : Event: ======'machine_var_audits_switches_s_flipper_but_l_1'====== Args={'value': 62, 'prev_value': 61, 'change': 1}
2024-10-14 21:58:32,918 : INFO : SwitchController : <<<<<<< 's_flipper_but_l_2' active >>>>>>>
2024-10-14 21:58:32,918 : INFO : EventManager : Event: ======'machine_var_audits_switches_s_flipper_but_l_2'====== Args={'value': 60, 'prev_value': 59, 'change': 1}
2024-10-14 21:58:32,940 : INFO : SwitchController : <<<<<<< 's_flipper_but_r_2' inactive >>>>>>>
2024-10-14 21:58:32,990 : INFO : SwitchController : <<<<<<< 's_flipper_but_r_1' inactive >>>>>>>
2024-10-14 21:58:33,126 : INFO : SwitchController : <<<<<<< 's_flipper_but_r_1' active >>>>>>>
2024-10-14 21:58:33,126 : INFO : EventManager : Event: ======'machine_var_audits_switches_s_flipper_but_r_1'====== Args={'value': 60, 'prev_value': 59, 'change': 1}
2024-10-14 21:58:33,155 : INFO : SwitchController : <<<<<<< 's_flipper_but_r_2' active >>>>>>>
2024-10-14 21:58:33,155 : INFO : EventManager : Event: ======'machine_var_audits_switches_s_flipper_but_r_2'====== Args={'value': 58, 'prev_value': 57, 'change': 1}
2024-10-14 21:58:33,419 : INFO : SwitchController : <<<<<<< 's_flipper_but_l_2' inactive >>>>>>>
2024-10-14 21:58:33,446 : INFO : SwitchController : <<<<<<< 's_flipper_but_l_1' inactive >>>>>>>
2024-10-14 21:58:33,487 : INFO : SwitchController : <<<<<<< 's_flipper_but_r_2' inactive >>>>>>>
2024-10-14 21:58:33,508 : INFO : SwitchController : <<<<<<< 's_flipper_but_r_1' inactive >>>>>>>
2024-10-14 21:58:33,624 : INFO : BallController : Found 1 ball(s) on playfield.
2024-10-14 21:58:33,624 : WARNING : BallController : Playfields still contain balls. Waiting for those to drain.
2024-10-14 21:58:33,702 : INFO : SwitchController : <<<<<<< 's_flipper_but_r_1' active >>>>>>>
2024-10-14 21:58:33,702 : INFO : EventManager : Event: ======'machine_var_audits_switches_s_flipper_but_r_1'====== Args={'value': 61, 'prev_value': 60, 'change': 1}
2024-10-14 21:58:33,729 : INFO : SwitchController : <<<<<<< 's_flipper_but_r_2' active >>>>>>>
2024-10-14 21:58:33,729 : INFO : EventManager : Event: ======'machine_var_audits_switches_s_flipper_but_r_2'====== Args={'value': 59, 'prev_value': 58, 'change': 1}
2024-10-14 21:58:33,872 : INFO : SwitchController : <<<<<<< 's_flipper_but_r_2' inactive >>>>>>>
2024-10-14 21:58:33,878 : INFO : SwitchController : <<<<<<< 's_flipper_but_r_1' inactive >>>>>>>
2024-10-14 21:58:34,626 : INFO : BallController : Found 1 ball(s) on playfield.
2024-10-14 21:58:34,626 : WARNING : BallController : Playfields still contain balls. Waiting for those to drain.
2024-10-14 21:58:34,808 : INFO : SwitchController : <<<<<<< 's_pop' active >>>>>>>
2024-10-14 21:58:34,808 : INFO : EventManager : Event: ======'machine_var_audits_switches_s_pop'====== Args={'value': 7, 'prev_value': 6, 'change': 1}
2024-10-14 21:58:34,836 : INFO : SwitchController : <<<<<<< 's_pop' inactive >>>>>>>
2024-10-14 21:58:35,627 : INFO : BallController : Found 1 ball(s) on playfield.
2024-10-14 21:58:35,628 : WARNING : BallController : Playfields still contain balls. Waiting for those to drain.
2024-10-14 21:58:35,714 : INFO : SwitchController : <<<<<<< 's_pop' active >>>>>>>
2024-10-14 21:58:35,714 : INFO : EventManager : Event: ======'machine_var_audits_switches_s_pop'====== Args={'value': 8, 'prev_value': 7, 'change': 1}
2024-10-14 21:58:36,029 : INFO : SwitchController : <<<<<<< 's_pop' inactive >>>>>>>
2024-10-14 21:58:36,629 : INFO : BallController : Found 1 ball(s) on playfield.
2024-10-14 21:58:36,629 : WARNING : BallController : Playfields still contain balls. Waiting for those to drain.
2024-10-14 21:58:37,631 : INFO : BallController : Found 1 ball(s) on playfield.
2024-10-14 21:58:37,631 : WARNING : BallController : Playfields still contain balls. Waiting for those to drain.
2024-10-14 21:58:38,632 : INFO : BallController : Found 1 ball(s) on playfield.
2024-10-14 21:58:38,632 : WARNING : BallController : Playfields still contain balls. Waiting for those to drain.
2024-10-14 21:58:39,633 : INFO : BallController : Found 1 ball(s) on playfield.
2024-10-14 21:58:39,634 : WARNING : BallController : Playfields still contain balls. Waiting for those to drain.
2024-10-14 21:58:40,378 : INFO : SwitchController : <<<<<<< 's_flipper_but_l_1' active >>>>>>>
2024-10-14 21:58:40,379 : INFO : EventManager : Event: ======'machine_var_audits_switches_s_flipper_but_l_1'====== Args={'value': 63, 'prev_value': 62, 'change': 1}
2024-10-14 21:58:40,389 : INFO : SwitchController : <<<<<<< 's_flipper_but_l_2' active >>>>>>>
2024-10-14 21:58:40,390 : INFO : EventManager : Event: ======'machine_var_audits_switches_s_flipper_but_l_2'====== Args={'value': 61, 'prev_value': 60, 'change': 1}
2024-10-14 21:58:40,543 : INFO : SwitchController : <<<<<<< 's_flipper_but_l_2' inactive >>>>>>>
2024-10-14 21:58:40,553 : INFO : SwitchController : <<<<<<< 's_flipper_but_l_1' inactive >>>>>>>
2024-10-14 21:58:40,635 : INFO : BallController : Found 1 ball(s) on playfield.
2024-10-14 21:58:40,636 : WARNING : BallController : Playfields still contain balls. Waiting for those to drain.
2024-10-14 21:58:40,671 : INFO : SwitchController : <<<<<<< 's_flipper_but_l_1' active >>>>>>>
2024-10-14 21:58:40,672 : INFO : EventManager : Event: ======'machine_var_audits_switches_s_flipper_but_l_1'====== Args={'value': 64, 'prev_value': 63, 'change': 1}
2024-10-14 21:58:40,678 : INFO : SwitchController : <<<<<<< 's_flipper_but_l_2' active >>>>>>>
2024-10-14 21:58:40,678 : INFO : EventManager : Event: ======'machine_var_audits_switches_s_flipper_but_l_2'====== Args={'value': 62, 'prev_value': 61, 'change': 1}
2024-10-14 21:58:40,885 : INFO : SwitchController : <<<<<<< 's_flipper_but_l_2' inactive >>>>>>>
2024-10-14 21:58:40,895 : INFO : SwitchController : <<<<<<< 's_flipper_but_l_1' inactive >>>>>>>
2024-10-14 21:58:41,637 : INFO : BallController : Found 1 ball(s) on playfield.
2024-10-14 21:58:41,637 : WARNING : BallController : Playfields still contain balls. Waiting for those to drain.
2024-10-14 21:58:42,639 : INFO : BallController : Found 1 ball(s) on playfield.
2024-10-14 21:58:42,639 : WARNING : BallController : Playfields still contain balls. Waiting for those to drain.
2024-10-14 21:58:43,641 : INFO : BallController : Found 1 ball(s) on playfield.
2024-10-14 21:58:43,641 : WARNING : BallController : Playfields still contain balls. Waiting for those to drain.
2024-10-14 21:58:44,643 : INFO : BallController : Found 1 ball(s) on playfield.
2024-10-14 21:58:44,643 : WARNING : BallController : Playfields still contain balls. Waiting for those to drain.
2024-10-14 21:58:45,645 : INFO : BallController : Found 1 ball(s) on playfield.
2024-10-14 21:58:45,645 : WARNING : BallController : Playfields still contain balls. Waiting for those to drain.
2024-10-14 21:58:46,281 : INFO : SwitchController : <<<<<<< 's_lower_vuk' active >>>>>>>
2024-10-14 21:58:46,282 : INFO : EventManager : Event: ======'machine_var_audits_switches_s_lower_vuk'====== Args={'value': 6, 'prev_value': 5, 'change': 1}
2024-10-14 21:58:46,647 : INFO : BallController : Found 1 ball(s) on playfield.
2024-10-14 21:58:46,647 : WARNING : BallController : Playfields still contain balls. Waiting for those to drain.
2024-10-14 21:58:46,784 : INFO : EventManager : Event: ======'balldevice_bd_lower_vuk_ball_count_changed'====== Args={'balls': 1}
2024-10-14 21:58:46,784 : INFO : ball_device.bd_lower_vuk : Received unexpected ball
2024-10-14 21:58:46,784 : INFO : EventManager : Event: ======'balldevice_captured_from_playfield'====== Args={'balls': 1}
2024-10-14 21:58:46,785 : INFO : EventManager : Event: ======'sw_playfield_active'====== Args={'balls': 1}
2024-10-14 21:58:46,785 : INFO : EventManager : Event: ======'playfield_ball_count_change'====== Args={'balls': 0, 'change': -1}
2024-10-14 21:58:46,786 : INFO : EventManager : Event: ======'balldevice_bd_lower_vuk_ball_enter'====== Args={'new_balls': 1, 'unclaimed_balls': 1, 'new_available_balls': 1, 'device': <ball_device.bd_lower_vuk>}
2024-10-14 21:58:46,786 : INFO : ball_device.bd_lower_vuk : Ejecting 1 unexpected balls using path deque([<ball_device.bd_lower_vuk>, <playfield.playfield>])
2024-10-14 21:58:46,787 : INFO : EventManager : Event: ======'balldevice_balls_available'====== Args={}
2024-10-14 21:58:46,787 : INFO : EventManager : Event: ======'balldevice_balls_available'====== Args={}
2024-10-14 21:58:46,787 : INFO : EventManager : Event: ======'balldevice_bd_lower_vuk_ball_entered'====== Args={'new_balls': 1, 'device': <ball_device.bd_lower_vuk>}
2024-10-14 21:58:46,788 : INFO : ball_device.bd_lower_vuk : State: waiting_for_target_ready
2024-10-14 21:58:46,788 : INFO : EventManager : Event: ======'balldevice_bd_lower_vuk_ball_eject_attempt'====== Args={'balls': 1, 'target': <playfield.playfield>, 'source': <ball_device.bd_lower_vuk>, 'mechanical_eject': False, 'num_attempts': 0}
2024-10-14 21:58:46,788 : INFO : ball_device.bd_lower_vuk : State: ejecting
2024-10-14 21:58:46,788 : INFO : ball_device.bd_lower_vuk : Ejecting ball to <playfield.playfield>
2024-10-14 21:58:46,788 : INFO : EventManager : Event: ======'balldevice_bd_lower_vuk_ejecting_ball'====== Args={'balls': 1, 'target': <playfield.playfield>, 'source': <ball_device.bd_lower_vuk>, 'mechanical_eject': False, 'num_attempts': 0}
2024-10-14 21:58:46,789 : INFO : ball_device.bd_lower_vuk : Wait for ball to leave device
2024-10-14 21:58:46,789 : INFO : coil.c_lower_vuk : Pulsing Driver for 30ms (1.0 pulse_power)
2024-10-14 21:58:46,867 : INFO : SwitchController : <<<<<<< 's_lower_vuk' inactive >>>>>>>
2024-10-14 21:58:46,868 : INFO : ball_device.bd_lower_vuk : State: ball_left
2024-10-14 21:58:46,868 : INFO : ball_device.bd_lower_vuk : Ball left
2024-10-14 21:58:46,868 : INFO : ball_device.bd_lower_vuk : Wait for confirm with timeout 1.0
2024-10-14 21:58:47,648 : INFO : BallController : Found 1 ball(s) on playfield.
2024-10-14 21:58:47,649 : WARNING : BallController : Playfields still contain balls. Waiting for those to drain.
2024-10-14 21:58:47,870 : INFO : ball_device.bd_lower_vuk : State: failed_confirm
2024-10-14 21:58:47,870 : INFO : ball_device.bd_lower_vuk : Got timeout (1.0s) before confirm from <playfield.playfield>
2024-10-14 21:58:47,972 : INFO : ball_device.bd_lower_vuk : Confirming eject because target is playfield and ball did not return.
2024-10-14 21:58:47,972 : INFO : ball_device.bd_lower_vuk : Eject successful
2024-10-14 21:58:47,973 : INFO : EventManager : Event: ======'balldevice_bd_lower_vuk_ball_eject_success'====== Args={'balls': 1, 'target': <playfield.playfield>}
2024-10-14 21:58:47,973 : INFO : EventManager : Event: ======'balldevice_playfield_ball_enter'====== Args={'new_balls': 1, 'unclaimed_balls': 1, 'device': <playfield.playfield>}
2024-10-14 21:58:47,973 : INFO : EventManager : Event: ======'playfield_ball_count_change'====== Args={'balls': 1, 'change': 1}
2024-10-14 21:58:47,974 : INFO : EventManager : Event: ======'balldevice_bd_lower_vuk_ball_count_changed'====== Args={'balls': 0}
2024-10-14 21:58:47,974 : INFO : ball_device.bd_lower_vuk : State: idle
2024-10-14 21:58:48,650 : INFO : BallController : Found 1 ball(s) on playfield.
2024-10-14 21:58:48,651 : WARNING : BallController : Playfields still contain balls. Waiting for those to drain.
2024-10-14 21:58:49,652 : INFO : BallController : Found 1 ball(s) on playfield.
2024-10-14 21:58:49,652 : WARNING : BallController : Playfields still contain balls. Waiting for those to drain.
2024-10-14 21:58:49,893 : INFO : SwitchController : <<<<<<< 's_lower_vuk' active >>>>>>>
2024-10-14 21:58:49,893 : INFO : EventManager : Event: ======'machine_var_audits_switches_s_lower_vuk'====== Args={'value': 7, 'prev_value': 6, 'change': 1}
2024-10-14 21:58:50,394 : INFO : EventManager : Event: ======'balldevice_bd_lower_vuk_ball_count_changed'====== Args={'balls': 1}
2024-10-14 21:58:50,395 : INFO : ball_device.bd_lower_vuk : Received unexpected ball
2024-10-14 21:58:50,395 : INFO : EventManager : Event: ======'balldevice_captured_from_playfield'====== Args={'balls': 1}
2024-10-14 21:58:50,396 : INFO : EventManager : Event: ======'sw_playfield_active'====== Args={'balls': 1}
2024-10-14 21:58:50,396 : INFO : EventManager : Event: ======'playfield_ball_count_change'====== Args={'balls': 0, 'change': -1}
2024-10-14 21:58:50,397 : INFO : EventManager : Event: ======'balldevice_bd_lower_vuk_ball_enter'====== Args={'new_balls': 1, 'unclaimed_balls': 1, 'new_available_balls': 1, 'device': <ball_device.bd_lower_vuk>}
2024-10-14 21:58:50,397 : INFO : ball_device.bd_lower_vuk : Ejecting 1 unexpected balls using path deque([<ball_device.bd_lower_vuk>, <playfield.playfield>])
2024-10-14 21:58:50,397 : INFO : EventManager : Event: ======'balldevice_balls_available'====== Args={}
2024-10-14 21:58:50,397 : INFO : EventManager : Event: ======'balldevice_balls_available'====== Args={}
2024-10-14 21:58:50,397 : INFO : EventManager : Event: ======'balldevice_bd_lower_vuk_ball_entered'====== Args={'new_balls': 1, 'device': <ball_device.bd_lower_vuk>}
2024-10-14 21:58:50,398 : INFO : ball_device.bd_lower_vuk : State: waiting_for_target_ready
2024-10-14 21:58:50,398 : INFO : EventManager : Event: ======'balldevice_bd_lower_vuk_ball_eject_attempt'====== Args={'balls': 1, 'target': <playfield.playfield>, 'source': <ball_device.bd_lower_vuk>, 'mechanical_eject': False, 'num_attempts': 0}
2024-10-14 21:58:50,399 : INFO : ball_device.bd_lower_vuk : State: ejecting
2024-10-14 21:58:50,399 : INFO : ball_device.bd_lower_vuk : Ejecting ball to <playfield.playfield>
2024-10-14 21:58:50,399 : INFO : EventManager : Event: ======'balldevice_bd_lower_vuk_ejecting_ball'====== Args={'balls': 1, 'target': <playfield.playfield>, 'source': <ball_device.bd_lower_vuk>, 'mechanical_eject': False, 'num_attempts': 0}
2024-10-14 21:58:50,399 : INFO : ball_device.bd_lower_vuk : Wait for ball to leave device
2024-10-14 21:58:50,399 : INFO : coil.c_lower_vuk : Pulsing Driver for 30ms (1.0 pulse_power)
2024-10-14 21:58:50,477 : INFO : SwitchController : <<<<<<< 's_lower_vuk' inactive >>>>>>>
2024-10-14 21:58:50,478 : INFO : ball_device.bd_lower_vuk : State: ball_left
2024-10-14 21:58:50,478 : INFO : ball_device.bd_lower_vuk : Ball left
2024-10-14 21:58:50,478 : INFO : ball_device.bd_lower_vuk : Wait for confirm with timeout 1.0
2024-10-14 21:58:50,653 : INFO : BallController : Found 1 ball(s) on playfield.
2024-10-14 21:58:50,653 : WARNING : BallController : Playfields still contain balls. Waiting for those to drain.
2024-10-14 21:58:51,480 : INFO : ball_device.bd_lower_vuk : State: failed_confirm
2024-10-14 21:58:51,480 : INFO : ball_device.bd_lower_vuk : Got timeout (1.0s) before confirm from <playfield.playfield>
2024-10-14 21:58:51,581 : INFO : ball_device.bd_lower_vuk : Confirming eject because target is playfield and ball did not return.
2024-10-14 21:58:51,582 : INFO : ball_device.bd_lower_vuk : Eject successful
2024-10-14 21:58:51,582 : INFO : EventManager : Event: ======'balldevice_bd_lower_vuk_ball_eject_success'====== Args={'balls': 1, 'target': <playfield.playfield>}
2024-10-14 21:58:51,582 : INFO : EventManager : Event: ======'balldevice_playfield_ball_enter'====== Args={'new_balls': 1, 'unclaimed_balls': 1, 'device': <playfield.playfield>}
2024-10-14 21:58:51,582 : INFO : EventManager : Event: ======'playfield_ball_count_change'====== Args={'balls': 1, 'change': 1}
2024-10-14 21:58:51,583 : INFO : EventManager : Event: ======'balldevice_bd_lower_vuk_ball_count_changed'====== Args={'balls': 0}
2024-10-14 21:58:51,583 : INFO : ball_device.bd_lower_vuk : State: idle
2024-10-14 21:58:51,655 : INFO : BallController : Found 1 ball(s) on playfield.
2024-10-14 21:58:51,655 : WARNING : BallController : Playfields still contain balls. Waiting for those to drain.
2024-10-14 21:58:52,657 : INFO : BallController : Found 1 ball(s) on playfield.
2024-10-14 21:58:52,657 : WARNING : BallController : Playfields still contain balls. Waiting for those to drain.
2024-10-14 21:58:53,558 : INFO : SwitchController : <<<<<<< 's_lower_vuk' active >>>>>>>
2024-10-14 21:58:53,559 : INFO : EventManager : Event: ======'machine_var_audits_switches_s_lower_vuk'====== Args={'value': 8, 'prev_value': 7, 'change': 1}
2024-10-14 21:58:53,658 : INFO : BallController : Found 1 ball(s) on playfield.
2024-10-14 21:58:53,659 : WARNING : BallController : Playfields still contain balls. Waiting for those to drain.
2024-10-14 21:58:54,059 : INFO : EventManager : Event: ======'balldevice_bd_lower_vuk_ball_count_changed'====== Args={'balls': 1}
2024-10-14 21:58:54,059 : INFO : ball_device.bd_lower_vuk : Received unexpected ball
2024-10-14 21:58:54,059 : INFO : EventManager : Event: ======'balldevice_captured_from_playfield'====== Args={'balls': 1}
2024-10-14 21:58:54,060 : INFO : EventManager : Event: ======'sw_playfield_active'====== Args={'balls': 1}
2024-10-14 21:58:54,060 : INFO : EventManager : Event: ======'playfield_ball_count_change'====== Args={'balls': 0, 'change': -1}
2024-10-14 21:58:54,060 : INFO : EventManager : Event: ======'balldevice_bd_lower_vuk_ball_enter'====== Args={'new_balls': 1, 'unclaimed_balls': 1, 'new_available_balls': 1, 'device': <ball_device.bd_lower_vuk>}
2024-10-14 21:58:54,061 : INFO : ball_device.bd_lower_vuk : Ejecting 1 unexpected balls using path deque([<ball_device.bd_lower_vuk>, <playfield.playfield>])
2024-10-14 21:58:54,061 : INFO : EventManager : Event: ======'balldevice_balls_available'====== Args={}
2024-10-14 21:58:54,061 : INFO : EventManager : Event: ======'balldevice_balls_available'====== Args={}
2024-10-14 21:58:54,061 : INFO : EventManager : Event: ======'balldevice_bd_lower_vuk_ball_entered'====== Args={'new_balls': 1, 'device': <ball_device.bd_lower_vuk>}
2024-10-14 21:58:54,061 : INFO : ball_device.bd_lower_vuk : State: waiting_for_target_ready
2024-10-14 21:58:54,061 : INFO : EventManager : Event: ======'balldevice_bd_lower_vuk_ball_eject_attempt'====== Args={'balls': 1, 'target': <playfield.playfield>, 'source': <ball_device.bd_lower_vuk>, 'mechanical_eject': False, 'num_attempts': 0}
2024-10-14 21:58:54,062 : INFO : ball_device.bd_lower_vuk : State: ejecting
2024-10-14 21:58:54,062 : INFO : ball_device.bd_lower_vuk : Ejecting ball to <playfield.playfield>
2024-10-14 21:58:54,062 : INFO : EventManager : Event: ======'balldevice_bd_lower_vuk_ejecting_ball'====== Args={'balls': 1, 'target': <playfield.playfield>, 'source': <ball_device.bd_lower_vuk>, 'mechanical_eject': False, 'num_attempts': 0}
2024-10-14 21:58:54,062 : INFO : ball_device.bd_lower_vuk : Wait for ball to leave device
2024-10-14 21:58:54,062 : INFO : coil.c_lower_vuk : Pulsing Driver for 30ms (1.0 pulse_power)
2024-10-14 21:58:54,139 : INFO : SwitchController : <<<<<<< 's_lower_vuk' inactive >>>>>>>
2024-10-14 21:58:54,140 : INFO : ball_device.bd_lower_vuk : State: ball_left
2024-10-14 21:58:54,141 : INFO : ball_device.bd_lower_vuk : Ball left
2024-10-14 21:58:54,141 : INFO : ball_device.bd_lower_vuk : Wait for confirm with timeout 1.0
2024-10-14 21:58:54,660 : INFO : BallController : Found 1 ball(s) on playfield.
2024-10-14 21:58:54,660 : WARNING : BallController : Playfields still contain balls. Waiting for those to drain.
2024-10-14 21:58:55,142 : INFO : ball_device.bd_lower_vuk : State: failed_confirm
2024-10-14 21:58:55,143 : INFO : ball_device.bd_lower_vuk : Got timeout (1.0s) before confirm from <playfield.playfield>
2024-10-14 21:58:55,163 : INFO : SwitchController : <<<<<<< 's_trough_4' active >>>>>>>
2024-10-14 21:58:55,164 : INFO : EventManager : Event: ======'machine_var_audits_switches_s_trough_4'====== Args={'value': 21, 'prev_value': 20, 'change': 1}
2024-10-14 21:58:55,173 : INFO : SwitchController : <<<<<<< 's_trough_4' inactive >>>>>>>
2024-10-14 21:58:55,244 : INFO : ball_device.bd_lower_vuk : Confirming eject because target is playfield and ball did not return.
2024-10-14 21:58:55,245 : INFO : ball_device.bd_lower_vuk : Eject successful
2024-10-14 21:58:55,245 : INFO : EventManager : Event: ======'balldevice_bd_lower_vuk_ball_eject_success'====== Args={'balls': 1, 'target': <playfield.playfield>}
2024-10-14 21:58:55,245 : INFO : EventManager : Event: ======'balldevice_playfield_ball_enter'====== Args={'new_balls': 1, 'unclaimed_balls': 1, 'device': <playfield.playfield>}
2024-10-14 21:58:55,246 : INFO : EventManager : Event: ======'playfield_ball_count_change'====== Args={'balls': 1, 'change': 1}
2024-10-14 21:58:55,246 : INFO : EventManager : Event: ======'balldevice_bd_lower_vuk_ball_count_changed'====== Args={'balls': 0}
2024-10-14 21:58:55,247 : INFO : ball_device.bd_lower_vuk : State: idle
2024-10-14 21:58:55,280 : INFO : SwitchController : <<<<<<< 's_trough_4' active >>>>>>>
2024-10-14 21:58:55,280 : INFO : EventManager : Event: ======'machine_var_audits_switches_s_trough_4'====== Args={'value': 22, 'prev_value': 21, 'change': 1}
2024-10-14 21:58:55,320 : INFO : SwitchController : <<<<<<< 's_trough_4' inactive >>>>>>>
2024-10-14 21:58:55,374 : INFO : SwitchController : <<<<<<< 's_trough_3' inactive >>>>>>>
2024-10-14 21:58:55,375 : INFO : SwitchController : <<<<<<< 's_trough_4' active >>>>>>>
2024-10-14 21:58:55,375 : INFO : EventManager : Event: ======'machine_var_audits_switches_s_trough_4'====== Args={'value': 23, 'prev_value': 22, 'change': 1}
2024-10-14 21:58:55,379 : INFO : SwitchController : <<<<<<< 's_trough_6' active >>>>>>>
2024-10-14 21:58:55,380 : INFO : EventManager : Event: ======'machine_var_audits_switches_s_trough_6'====== Args={'value': 12, 'prev_value': 11, 'change': 1}
2024-10-14 21:58:55,396 : INFO : SwitchController : <<<<<<< 's_trough_6' inactive >>>>>>>
2024-10-14 21:58:55,662 : INFO : BallController : Found 1 ball(s) on playfield.
2024-10-14 21:58:55,662 : WARNING : BallController : Playfields still contain balls. Waiting for those to drain.
2024-10-14 21:58:55,666 : INFO : SwitchController : <<<<<<< 's_trough_6' active >>>>>>>
2024-10-14 21:58:55,666 : INFO : EventManager : Event: ======'machine_var_audits_switches_s_trough_6'====== Args={'value': 13, 'prev_value': 12, 'change': 1}
2024-10-14 21:58:55,805 : INFO : SwitchController : <<<<<<< 's_trough_6' inactive >>>>>>>
2024-10-14 21:58:55,811 : INFO : SwitchController : <<<<<<< 's_trough_6' active >>>>>>>
2024-10-14 21:58:55,811 : INFO : EventManager : Event: ======'machine_var_audits_switches_s_trough_6'====== Args={'value': 14, 'prev_value': 13, 'change': 1}
2024-10-14 21:58:55,874 : INFO : SwitchController : <<<<<<< 's_trough_5' active >>>>>>>
2024-10-14 21:58:55,875 : INFO : EventManager : Event: ======'machine_var_audits_switches_s_trough_5'====== Args={'value': 7, 'prev_value': 6, 'change': 1}
2024-10-14 21:58:55,958 : INFO : SwitchController : <<<<<<< 's_trough_5' inactive >>>>>>>
2024-10-14 21:58:56,008 : INFO : SwitchController : <<<<<<< 's_trough_4' inactive >>>>>>>
2024-10-14 21:58:56,012 : INFO : SwitchController : <<<<<<< 's_trough_4' active >>>>>>>
2024-10-14 21:58:56,012 : INFO : EventManager : Event: ======'machine_var_audits_switches_s_trough_4'====== Args={'value': 24, 'prev_value': 23, 'change': 1}
2024-10-14 21:58:56,078 : INFO : SwitchController : <<<<<<< 's_trough_4' inactive >>>>>>>
2024-10-14 21:58:56,116 : INFO : SwitchController : <<<<<<< 's_trough_3' active >>>>>>>
2024-10-14 21:58:56,116 : INFO : EventManager : Event: ======'machine_var_audits_switches_s_trough_3'====== Args={'value': 9, 'prev_value': 8, 'change': 1}
2024-10-14 21:58:56,663 : INFO : BallController : Found 1 ball(s) on playfield.
2024-10-14 21:58:56,663 : WARNING : BallController : Playfields still contain balls. Waiting for those to drain.
2024-10-14 21:58:57,104 : INFO : SwitchController : <<<<<<< 's_flipper_but_r_1' active >>>>>>>
2024-10-14 21:58:57,104 : INFO : EventManager : Event: ======'machine_var_audits_switches_s_flipper_but_r_1'====== Args={'value': 62, 'prev_value': 61, 'change': 1}
2024-10-14 21:58:57,132 : INFO : SwitchController : <<<<<<< 's_flipper_but_l_1' active >>>>>>>
2024-10-14 21:58:57,132 : INFO : EventManager : Event: ======'machine_var_audits_switches_s_flipper_but_l_1'====== Args={'value': 65, 'prev_value': 64, 'change': 1}
2024-10-14 21:58:57,132 : INFO : SwitchController : <<<<<<< 's_flipper_but_r_2' active >>>>>>>
2024-10-14 21:58:57,132 : INFO : EventManager : Event: ======'machine_var_audits_switches_s_flipper_but_r_2'====== Args={'value': 60, 'prev_value': 59, 'change': 1}
2024-10-14 21:58:57,132 : INFO : SwitchController : <<<<<<< 's_flipper_but_l_2' active >>>>>>>
2024-10-14 21:58:57,132 : INFO : EventManager : Event: ======'machine_var_audits_switches_s_flipper_but_l_2'====== Args={'value': 63, 'prev_value': 62, 'change': 1}
2024-10-14 21:58:57,285 : INFO : SwitchController : <<<<<<< 's_flipper_but_l_2' inactive >>>>>>>
2024-10-14 21:58:57,312 : INFO : SwitchController : <<<<<<< 's_flipper_but_l_1' inactive >>>>>>>
2024-10-14 21:58:57,318 : INFO : SwitchController : <<<<<<< 's_flipper_but_r_2' inactive >>>>>>>
2024-10-14 21:58:57,360 : INFO : SwitchController : <<<<<<< 's_flipper_but_r_1' inactive >>>>>>>
2024-10-14 21:58:57,665 : INFO : BallController : Found 1 ball(s) on playfield.
2024-10-14 21:58:57,665 : WARNING : BallController : Playfields still contain balls. Waiting for those to drain.
2024-10-14 21:58:57,881 : INFO : SwitchController : <<<<<<< 's_launch' active >>>>>>>
2024-10-14 21:58:57,882 : INFO : EventManager : Event: ======'machine_var_audits_switches_s_launch'====== Args={'value': 17, 'prev_value': 16, 'change': 1}
2024-10-14 21:58:57,994 : INFO : SwitchController : <<<<<<< 's_launch' inactive >>>>>>>
2024-10-14 21:58:58,666 : INFO : BallController : Found 1 ball(s) on playfield.
2024-10-14 21:58:58,666 : WARNING : BallController : Playfields still contain balls. Waiting for those to drain.
2024-10-14 21:58:59,667 : INFO : BallController : Found 1 ball(s) on playfield.
2024-10-14 21:58:59,668 : WARNING : BallController : Playfields still contain balls. Waiting for those to drain.
2024-10-14 21:59:00,669 : INFO : BallController : Found 1 ball(s) on playfield.
2024-10-14 21:59:00,669 : WARNING : BallController : Playfields still contain balls. Waiting for those to drain.
2024-10-14 21:59:00,901 : INFO : Machine : Shutting down...
2024-10-14 21:59:00,902 : INFO : EventManager : Event: ======'shutdown'====== Args={}
2024-10-14 21:59:00,904 : INFO : EventManager : Event: ======'mode_game_will_stop'====== Args={}
2024-10-14 21:59:00,905 : INFO : EventManager : Event: ======'mode_game_stopping'====== Args={}
2024-10-14 21:59:00,906 : INFO : Mode.game : Stopped.
2024-10-14 21:59:00,906 : INFO : EventManager : Event: ======'modes_active_modes_changed'====== Args={}
2024-10-14 21:59:00,906 : INFO : EventManager : Event: ======'mode_game_stopped'====== Args={}
2024-10-14 21:59:00,906 : INFO : EventManager : Event: ======'clear'====== Args={'key': 'game'}
2024-10-14 21:59:01,015 : INFO : root : MPF run loop ended.
