2024-10-14 16:38:51,607 : INFO : root : Loading config.
2024-10-14 16:38:51,609 : INFO : YamlMultifileConfigLoader : Machine config file #1: config.yaml
2024-10-14 16:38:51,609 : WARNING : ConfigProcessor : Config file in cache changed: /Users/tannerpetch/Documents/GitHub/trashland_4/config/config.yaml
2024-10-14 16:38:51,609 : INFO : ConfigProcessor : Loading config from file /Library/Frameworks/Python.framework/Versions/3.9/lib/python3.9/site-packages/mpf/mpfconfig.yaml.
2024-10-14 16:38:51,614 : INFO : ConfigProcessor : Loading config: /Library/Frameworks/Python.framework/Versions/3.9/lib/python3.9/site-packages/mpf/mpfconfig.yaml
2024-10-14 16:38:51,615 : INFO : ConfigProcessor : Loading config from file /Users/tannerpetch/Documents/GitHub/trashland_4/config/config.yaml.
2024-10-14 16:38:51,617 : INFO : ConfigProcessor : Loading config: /Users/tannerpetch/Documents/GitHub/trashland_4/config/config.yaml
2024-10-14 16:38:51,618 : INFO : ConfigProcessor : Config file cache created: /var/folders/l2/q8hj_6s91xnb2jxg1sqm0h7r0000gn/T/fb4db0341b09a4be02e1d6b8eab00179.mpf_cache
2024-10-14 16:38:51,643 : INFO : ConfigProcessor : Loading config from cache: /var/folders/l2/q8hj_6s91xnb2jxg1sqm0h7r0000gn/T/c7af4841f7c2cabb0f971746daddf284.mpf_cache
2024-10-14 16:38:51,644 : INFO : ConfigProcessor : Loading config from cache: /var/folders/l2/q8hj_6s91xnb2jxg1sqm0h7r0000gn/T/edcc5f1d3215b377c9faab88c62e4ce0.mpf_cache
2024-10-14 16:38:51,644 : INFO : Machine : Mission Pinball Framework Core Engine v0.57.1.dev3
2024-10-14 16:38:51,644 : INFO : Machine : Command line arguments: {'no_load_cache': False, 'create_config_cache': True, 'bcp': False, 'configfile': ['config.yaml'], 'force_assets_load': False, 'platform_integration_test': False, 'jsonlogging': False, 'logfile': 'logs/2024-10-14-16-38-51-mpf-Tanners-Laptop.local.log', 'pause': False, 'production': False, 'text_ui': True, 'loglevel': 15, 'consoleloglevel': 20, 'force_platform': None, 'syslog_address': None, 'mc_file_name': None, 'no_sound': False}
2024-10-14 16:38:51,644 : INFO : Machine : MPF path: /Library/Frameworks/Python.framework/Versions/3.9/lib/python3.9/site-packages/mpf
2024-10-14 16:38:51,644 : INFO : Machine : Machine path: /Users/tannerpetch/Documents/GitHub/trashland_4
2024-10-14 16:38:51,644 : INFO : Machine : Platform: darwin
2024-10-14 16:38:51,644 : INFO : Machine : Python executable location: /Library/Frameworks/Python.framework/Versions/3.9/bin/python3.9
2024-10-14 16:38:51,644 : INFO : Machine : Python version: 3.9.13 (64-bit)
2024-10-14 16:38:51,644 : INFO : Machine : Initializing MPF...
2024-10-14 16:38:51,675 : INFO : FAST [NET] : Trying to connect to /dev/tty.usbmodem1401 at 921600bps
2024-10-14 16:38:51,681 : INFO : FAST [NET] : Connected to /dev/tty.usbmodem1401 at 921600bps
2024-10-14 16:38:51,683 : INFO : FAST [NET] : Connected to FP-CPU-2000 with firmware v02.21
2024-10-14 16:38:51,684 : INFO : FAST [NET] : Registered I/O Board 0: Model: FP-I/O-0804, Firmware: 01.10, Switches: 8, Drivers: 4
2024-10-14 16:38:51,685 : INFO : FAST [NET] : Registered I/O Board 1: Model: FP-I/O-0804, Firmware: 01.10, Switches: 8, Drivers: 4
2024-10-14 16:38:51,686 : INFO : FAST [NET] : Registered I/O Board 2: Model: FP-I/O-3208, Firmware: 01.10, Switches: 32, Drivers: 8
2024-10-14 16:38:51,687 : INFO : FAST [NET] : Registered I/O Board 3: Model: FP-I/O-1616, Firmware: 01.10, Switches: 16, Drivers: 16
2024-10-14 16:38:51,688 : INFO : FAST [NET] : Registered I/O Board 4: Model: FP-I/O-3208, Firmware: 01.10, Switches: 32, Drivers: 8
2024-10-14 16:38:51,689 : INFO : EventManager : Event: ======'machine_var_credits_string'====== Args={'value': 'FREE PLAY', 'prev_value': None, 'change': True}
2024-10-14 16:38:51,702 : INFO : EventManager : Event: ======'machine_var_master_volume'====== Args={'value': 0.5, 'prev_value': None, 'change': True}
2024-10-14 16:38:51,702 : INFO : EventManager : Event: ======'machine_var_mpf_version'====== Args={'value': 'Mission Pinball Framework v0.57.1.dev3', 'prev_value': None, 'change': True}
2024-10-14 16:38:51,702 : INFO : EventManager : Event: ======'machine_var_mpf_extended_version'====== Args={'value': 'Mission Pinball Framework v0.57.1.dev3, Config version:6, Show version: 6, BCP version:1.1', 'prev_value': None, 'change': True}
2024-10-14 16:38:51,702 : INFO : EventManager : Event: ======'machine_var_python_version'====== Args={'value': '3.9.13', 'prev_value': None, 'change': True}
2024-10-14 16:38:51,711 : INFO : EventManager : Event: ======'machine_var_platform'====== Args={'value': 'macOS-14.3-arm64-arm-64bit', 'prev_value': None, 'change': True}
2024-10-14 16:38:51,711 : INFO : EventManager : Event: ======'machine_var_platform_system'====== Args={'value': 'Darwin', 'prev_value': None, 'change': True}
2024-10-14 16:38:51,711 : INFO : EventManager : Event: ======'machine_var_platform_release'====== Args={'value': '23.3.0', 'prev_value': None, 'change': True}
2024-10-14 16:38:51,711 : INFO : EventManager : Event: ======'machine_var_platform_version'====== Args={'value': 'Darwin Kernel Version 23.3.0: Thu Dec 21 02:29:41 PST 2023; root:xnu-10002.81.5~11/RELEASE_ARM64_T8122', 'prev_value': None, 'change': True}
2024-10-14 16:38:51,711 : INFO : EventManager : Event: ======'machine_var_platform_machine'====== Args={'value': 'arm64', 'prev_value': None, 'change': True}
2024-10-14 16:38:51,711 : INFO : EventManager : Event: ======'init_phase_1'====== Args={}
2024-10-14 16:38:51,880 : WARNING : Machine : Iterating device collections directly is deprecated and will be removed. Access by value(): device_collections[switches] -> device_collections['switches'].values()
2024-10-14 16:38:51,880 : INFO : SwitchController : <<<<<<< 's_outlane_l' active >>>>>>>
2024-10-14 16:38:51,880 : INFO : SwitchController : <<<<<<< 's_inlane_l' active >>>>>>>
2024-10-14 16:38:51,880 : INFO : SwitchController : <<<<<<< 's_drop_m' active >>>>>>>
2024-10-14 16:38:51,880 : INFO : SwitchController : <<<<<<< 's_drop_l' active >>>>>>>
2024-10-14 16:38:51,880 : INFO : SwitchController : <<<<<<< 's_drop_single' active >>>>>>>
2024-10-14 16:38:51,880 : INFO : EventManager : Event: ======'init_phase_2'====== Args={}
2024-10-14 16:38:51,880 : INFO : SwitchController : Found active switch: (16, [FAST Platform Interface]) <switch.s_outlane_l>
2024-10-14 16:38:51,880 : INFO : SwitchController : Found active switch: (17, [FAST Platform Interface]) <switch.s_inlane_l>
2024-10-14 16:38:51,880 : INFO : SwitchController : Found active switch: (50, [FAST Platform Interface]) <switch.s_drop_m>
2024-10-14 16:38:51,880 : INFO : SwitchController : Found active switch: (51, [FAST Platform Interface]) <switch.s_drop_l>
2024-10-14 16:38:51,881 : INFO : SwitchController : Found active switch: (57, [FAST Platform Interface]) <switch.s_drop_single>
2024-10-14 16:38:51,884 : INFO : EventManager : Event: ======'init_phase_3'====== Args={}
2024-10-14 16:38:51,885 : INFO : EventManager : Event: ======'init_phase_4'====== Args={}
2024-10-14 16:38:51,885 : INFO : EventManager : Event: ======'machine_var_audits_switches_s_kicking_target'====== Args={'value': 0, 'prev_value': None, 'change': True}
2024-10-14 16:38:51,885 : INFO : EventManager : Event: ======'machine_var_audits_switches_s_trough_2'====== Args={'value': 0, 'prev_value': None, 'change': True}
2024-10-14 16:38:51,885 : INFO : EventManager : Event: ======'machine_var_audits_switches_s_drop_r'====== Args={'value': 0, 'prev_value': None, 'change': True}
2024-10-14 16:38:51,885 : INFO : EventManager : Event: ======'machine_var_audits_switches_s_1'====== Args={'value': 0, 'prev_value': None, 'change': True}
2024-10-14 16:38:51,885 : INFO : EventManager : Event: ======'machine_var_audits_switches_s_outlane_l'====== Args={'value': 0, 'prev_value': None, 'change': True}
2024-10-14 16:38:51,885 : INFO : EventManager : Event: ======'machine_var_audits_switches_s_top'====== Args={'value': 0, 'prev_value': None, 'change': True}
2024-10-14 16:38:51,885 : INFO : EventManager : Event: ======'machine_var_audits_switches_s_stationary_l'====== Args={'value': 0, 'prev_value': None, 'change': True}
2024-10-14 16:38:51,885 : INFO : EventManager : Event: ======'machine_var_audits_switches_s_3'====== Args={'value': 0, 'prev_value': None, 'change': True}
2024-10-14 16:38:51,886 : INFO : EventManager : Event: ======'machine_var_audits_switches_s_bot'====== Args={'value': 0, 'prev_value': None, 'change': True}
2024-10-14 16:38:51,886 : INFO : EventManager : Event: ======'machine_var_audits_switches_s_bot_mid'====== Args={'value': 0, 'prev_value': None, 'change': True}
2024-10-14 16:38:51,886 : INFO : EventManager : Event: ======'machine_var_audits_switches_s_orbit_small_l'====== Args={'value': 0, 'prev_value': None, 'change': True}
2024-10-14 16:38:51,886 : INFO : EventManager : Event: ======'machine_var_audits_switches_s_trough_1'====== Args={'value': 0, 'prev_value': None, 'change': True}
2024-10-14 16:38:51,886 : INFO : EventManager : Event: ======'machine_var_audits_switches_s_trough_3'====== Args={'value': 0, 'prev_value': None, 'change': True}
2024-10-14 16:38:51,886 : INFO : EventManager : Event: ======'machine_var_audits_switches_s_inlane_r'====== Args={'value': 0, 'prev_value': None, 'change': True}
2024-10-14 16:38:51,886 : INFO : EventManager : Event: ======'machine_var_audits_switches_s_orbit_small_r'====== Args={'value': 0, 'prev_value': None, 'change': True}
2024-10-14 16:38:51,886 : INFO : EventManager : Event: ======'machine_var_audits_switches_s_lower_sling'====== Args={'value': 0, 'prev_value': None, 'change': True}
2024-10-14 16:38:51,886 : INFO : EventManager : Event: ======'machine_var_audits_switches_s_drop_single'====== Args={'value': 0, 'prev_value': None, 'change': True}
2024-10-14 16:38:51,886 : INFO : EventManager : Event: ======'machine_var_audits_switches_s_drop_l'====== Args={'value': 0, 'prev_value': None, 'change': True}
2024-10-14 16:38:51,886 : INFO : EventManager : Event: ======'machine_var_audits_switches_s_2'====== Args={'value': 0, 'prev_value': None, 'change': True}
2024-10-14 16:38:51,886 : INFO : EventManager : Event: ======'machine_var_audits_switches_s_inlane_l'====== Args={'value': 0, 'prev_value': None, 'change': True}
2024-10-14 16:38:51,886 : INFO : EventManager : Event: ======'machine_var_audits_switches_s_captive_l'====== Args={'value': 0, 'prev_value': None, 'change': True}
2024-10-14 16:38:51,886 : INFO : EventManager : Event: ======'machine_var_audits_switches_s_lower_transfer'====== Args={'value': 0, 'prev_value': None, 'change': True}
2024-10-14 16:38:51,886 : INFO : EventManager : Event: ======'machine_var_audits_switches_s_6'====== Args={'value': 0, 'prev_value': None, 'change': True}
2024-10-14 16:38:51,886 : INFO : EventManager : Event: ======'machine_var_audits_switches_s_captive_r'====== Args={'value': 0, 'prev_value': None, 'change': True}
2024-10-14 16:38:51,886 : INFO : EventManager : Event: ======'machine_var_audits_switches_s_lower_single'====== Args={'value': 0, 'prev_value': None, 'change': True}
2024-10-14 16:38:51,886 : INFO : EventManager : Event: ======'machine_var_audits_switches_s_top_mid'====== Args={'value': 0, 'prev_value': None, 'change': True}
2024-10-14 16:38:51,886 : INFO : EventManager : Event: ======'machine_var_audits_switches_s_scissor_save'====== Args={'value': 0, 'prev_value': None, 'change': True}
2024-10-14 16:38:51,886 : INFO : EventManager : Event: ======'machine_var_audits_switches_s_trough_5'====== Args={'value': 0, 'prev_value': None, 'change': True}
2024-10-14 16:38:51,887 : INFO : EventManager : Event: ======'machine_var_audits_switches_s_sling_l'====== Args={'value': 0, 'prev_value': None, 'change': True}
2024-10-14 16:38:51,887 : INFO : EventManager : Event: ======'machine_var_audits_switches_s_5'====== Args={'value': 0, 'prev_value': None, 'change': True}
2024-10-14 16:38:51,887 : INFO : EventManager : Event: ======'machine_var_audits_switches_s_outlane_r'====== Args={'value': 0, 'prev_value': None, 'change': True}
2024-10-14 16:38:51,887 : INFO : EventManager : Event: ======'machine_var_audits_switches_s_drop_m'====== Args={'value': 0, 'prev_value': None, 'change': True}
2024-10-14 16:38:51,887 : INFO : EventManager : Event: ======'machine_var_audits_switches_s_trough_6'====== Args={'value': 0, 'prev_value': None, 'change': True}
2024-10-14 16:38:51,887 : INFO : EventManager : Event: ======'machine_var_audits_switches_s_vuk_playfield'====== Args={'value': 0, 'prev_value': None, 'change': True}
2024-10-14 16:38:51,887 : INFO : EventManager : Event: ======'machine_var_audits_switches_s_trough_jam'====== Args={'value': 0, 'prev_value': None, 'change': True}
2024-10-14 16:38:51,887 : INFO : EventManager : Event: ======'machine_var_audits_switches_s_stationary_r'====== Args={'value': 0, 'prev_value': None, 'change': True}
2024-10-14 16:38:51,887 : INFO : EventManager : Event: ======'machine_var_audits_switches_s_kicker'====== Args={'value': 0, 'prev_value': None, 'change': True}
2024-10-14 16:38:51,887 : INFO : EventManager : Event: ======'machine_var_audits_switches_s_0'====== Args={'value': 0, 'prev_value': None, 'change': True}
2024-10-14 16:38:51,887 : INFO : EventManager : Event: ======'machine_var_audits_switches_s_trough_4'====== Args={'value': 0, 'prev_value': None, 'change': True}
2024-10-14 16:38:51,887 : INFO : EventManager : Event: ======'machine_var_audits_switches_s_lower_vuk'====== Args={'value': 0, 'prev_value': None, 'change': True}
2024-10-14 16:38:51,887 : INFO : EventManager : Event: ======'machine_var_audits_switches_s_stationary_m'====== Args={'value': 0, 'prev_value': None, 'change': True}
2024-10-14 16:38:51,887 : INFO : EventManager : Event: ======'machine_var_audits_switches_s_flipper_r'====== Args={'value': 0, 'prev_value': None, 'change': True}
2024-10-14 16:38:51,887 : INFO : EventManager : Event: ======'machine_var_audits_switches_s_lower_orbit'====== Args={'value': 0, 'prev_value': None, 'change': True}
2024-10-14 16:38:51,887 : INFO : EventManager : Event: ======'machine_var_audits_switches_s_flipper_upper_l'====== Args={'value': 0, 'prev_value': None, 'change': True}
2024-10-14 16:38:51,888 : INFO : EventManager : Event: ======'machine_var_audits_switches_s_pop'====== Args={'value': 0, 'prev_value': None, 'change': True}
2024-10-14 16:38:51,888 : INFO : EventManager : Event: ======'machine_var_audits_switches_s_autolauncher'====== Args={'value': 0, 'prev_value': None, 'change': True}
2024-10-14 16:38:51,888 : INFO : EventManager : Event: ======'machine_var_audits_switches_s_4'====== Args={'value': 0, 'prev_value': None, 'change': True}
2024-10-14 16:38:51,888 : INFO : EventManager : Event: ======'machine_var_audits_switches_s_flipper_l'====== Args={'value': 0, 'prev_value': None, 'change': True}
2024-10-14 16:38:51,888 : INFO : EventManager : Event: ======'machine_var_audits_switches_s_subway'====== Args={'value': 0, 'prev_value': None, 'change': True}
2024-10-14 16:38:51,888 : INFO : EventManager : Event: ======'machine_var_audits_events_game_started'====== Args={'value': 0, 'prev_value': None, 'change': True}
2024-10-14 16:38:51,888 : INFO : EventManager : Event: ======'machine_var_audits_events_game_ended'====== Args={'value': 0, 'prev_value': None, 'change': True}
2024-10-14 16:38:51,888 : INFO : EventManager : Event: ======'machine_var_audits_player_score'====== Args={'value': {'top': [], 'average': 0, 'total': 0}, 'prev_value': None, 'change': True}
2024-10-14 16:38:51,888 : INFO : EventManager : Event: ======'init_phase_5'====== Args={}
2024-10-14 16:38:51,889 : INFO : EventManager : Event: ======'init_done'====== Args={}
2024-10-14 16:38:51,889 : INFO : EventManager : Event: ======'machine_reset_phase_1'====== Args={}
2024-10-14 16:38:51,889 : INFO : EventManager : Event: ======'machine_reset_phase_2'====== Args={}
2024-10-14 16:38:51,889 : INFO : EventManager : Event: ======'machine_reset_phase_3'====== Args={}
2024-10-14 16:38:51,889 : INFO : EventManager : Event: ======'reset_complete'====== Args={}
2024-10-14 16:38:51,889 : INFO : EventManager : Event: ======'mode_attract_will_start'====== Args={}
2024-10-14 16:38:51,889 : INFO : EventManager : Event: ======'mode_attract_starting'====== Args={}
2024-10-14 16:38:51,890 : INFO : Mode.attract : Started. Priority: 10
2024-10-14 16:38:51,890 : INFO : EventManager : Event: ======'modes_active_modes_changed'====== Args={}
2024-10-14 16:38:51,890 : INFO : EventManager : Event: ======'mode_attract_started'====== Args={}
2024-10-14 16:38:51,890 : INFO : EventManager : Event: ======'collecting_balls_complete'====== Args={}
2024-10-14 16:38:51,890 : INFO : Machine : Starting the main run loop.
2024-10-14 16:38:54,103 : INFO : SwitchController : <<<<<<< 's_2' active >>>>>>>
2024-10-14 16:38:54,177 : INFO : SwitchController : <<<<<<< 's_3' active >>>>>>>
2024-10-14 16:38:54,553 : INFO : SwitchController : <<<<<<< 's_3' inactive >>>>>>>
2024-10-14 16:38:54,596 : INFO : SwitchController : <<<<<<< 's_2' inactive >>>>>>>
2024-10-14 16:38:55,470 : INFO : SwitchController : <<<<<<< 's_2' active >>>>>>>
2024-10-14 16:38:55,929 : INFO : SwitchController : <<<<<<< 's_3' active >>>>>>>
2024-10-14 16:38:56,225 : INFO : SwitchController : <<<<<<< 's_3' inactive >>>>>>>
2024-10-14 16:38:56,287 : INFO : SwitchController : <<<<<<< 's_2' inactive >>>>>>>
2024-10-14 16:38:56,750 : INFO : SwitchController : <<<<<<< 's_2' active >>>>>>>
2024-10-14 16:38:57,233 : INFO : SwitchController : <<<<<<< 's_3' active >>>>>>>
2024-10-14 16:38:57,438 : INFO : SwitchController : <<<<<<< 's_3' inactive >>>>>>>
2024-10-14 16:38:57,800 : INFO : SwitchController : <<<<<<< 's_3' active >>>>>>>
2024-10-14 16:38:58,184 : INFO : SwitchController : <<<<<<< 's_3' inactive >>>>>>>
2024-10-14 16:38:58,447 : INFO : SwitchController : <<<<<<< 's_2' inactive >>>>>>>
2024-10-14 16:38:58,910 : INFO : SwitchController : <<<<<<< 's_2' active >>>>>>>
2024-10-14 16:38:58,928 : INFO : SwitchController : <<<<<<< 's_3' active >>>>>>>
2024-10-14 16:38:59,334 : INFO : SwitchController : <<<<<<< 's_3' inactive >>>>>>>
2024-10-14 16:38:59,376 : INFO : SwitchController : <<<<<<< 's_2' inactive >>>>>>>
2024-10-14 16:38:59,611 : INFO : SwitchController : <<<<<<< 's_2' active >>>>>>>
2024-10-14 16:38:59,618 : INFO : SwitchController : <<<<<<< 's_3' active >>>>>>>
2024-10-14 16:38:59,958 : INFO : SwitchController : <<<<<<< 's_3' inactive >>>>>>>
2024-10-14 16:39:00,156 : INFO : SwitchController : <<<<<<< 's_2' inactive >>>>>>>
2024-10-14 16:39:01,114 : INFO : SwitchController : <<<<<<< 's_2' active >>>>>>>
2024-10-14 16:39:02,037 : INFO : SwitchController : <<<<<<< 's_2' inactive >>>>>>>
2024-10-14 16:39:03,401 : INFO : SwitchController : <<<<<<< 's_2' active >>>>>>>
2024-10-14 16:39:03,420 : INFO : SwitchController : <<<<<<< 's_3' active >>>>>>>
2024-10-14 16:39:05,791 : INFO : SwitchController : <<<<<<< 's_3' inactive >>>>>>>
2024-10-14 16:39:05,887 : INFO : SwitchController : <<<<<<< 's_3' active >>>>>>>
2024-10-14 16:39:06,109 : INFO : SwitchController : <<<<<<< 's_3' inactive >>>>>>>
2024-10-14 16:39:06,113 : INFO : SwitchController : <<<<<<< 's_2' inactive >>>>>>>
2024-10-14 16:39:07,133 : INFO : SwitchController : <<<<<<< 's_2' active >>>>>>>
2024-10-14 16:39:07,137 : INFO : SwitchController : <<<<<<< 's_3' active >>>>>>>
2024-10-14 16:39:07,325 : INFO : SwitchController : <<<<<<< 's_3' inactive >>>>>>>
2024-10-14 16:39:07,333 : INFO : SwitchController : <<<<<<< 's_2' inactive >>>>>>>
2024-10-14 16:39:07,476 : INFO : SwitchController : <<<<<<< 's_2' active >>>>>>>
2024-10-14 16:39:07,482 : INFO : SwitchController : <<<<<<< 's_3' active >>>>>>>
2024-10-14 16:39:07,809 : INFO : SwitchController : <<<<<<< 's_3' inactive >>>>>>>
2024-10-14 16:39:07,917 : INFO : SwitchController : <<<<<<< 's_3' active >>>>>>>
2024-10-14 16:39:08,100 : INFO : SwitchController : <<<<<<< 's_3' inactive >>>>>>>
2024-10-14 16:39:08,185 : INFO : SwitchController : <<<<<<< 's_2' inactive >>>>>>>
2024-10-14 16:39:08,245 : INFO : SwitchController : <<<<<<< 's_2' active >>>>>>>
2024-10-14 16:39:08,296 : INFO : SwitchController : <<<<<<< 's_2' inactive >>>>>>>
2024-10-14 16:39:08,442 : INFO : SwitchController : <<<<<<< 's_2' active >>>>>>>
2024-10-14 16:39:08,968 : INFO : SwitchController : <<<<<<< 's_2' inactive >>>>>>>
2024-10-14 16:39:09,949 : INFO : SwitchController : <<<<<<< 's_2' active >>>>>>>
2024-10-14 16:39:09,967 : INFO : SwitchController : <<<<<<< 's_3' active >>>>>>>
2024-10-14 16:39:10,055 : INFO : SwitchController : <<<<<<< 's_3' inactive >>>>>>>
2024-10-14 16:39:10,076 : INFO : SwitchController : <<<<<<< 's_2' inactive >>>>>>>
2024-10-14 16:39:27,894 : INFO : SwitchController : <<<<<<< 's_2' active >>>>>>>
2024-10-14 16:39:27,938 : INFO : SwitchController : <<<<<<< 's_3' active >>>>>>>
2024-10-14 16:39:28,293 : INFO : SwitchController : <<<<<<< 's_3' inactive >>>>>>>
2024-10-14 16:39:28,300 : INFO : SwitchController : <<<<<<< 's_2' inactive >>>>>>>
2024-10-14 16:39:30,300 : INFO : SwitchController : <<<<<<< 's_0' active >>>>>>>
2024-10-14 16:39:30,319 : INFO : SwitchController : <<<<<<< 's_1' active >>>>>>>
2024-10-14 16:39:30,733 : INFO : SwitchController : <<<<<<< 's_1' inactive >>>>>>>
2024-10-14 16:39:30,752 : INFO : SwitchController : <<<<<<< 's_0' inactive >>>>>>>
2024-10-14 16:39:31,373 : INFO : SwitchController : <<<<<<< 's_0' active >>>>>>>
2024-10-14 16:39:31,757 : INFO : SwitchController : <<<<<<< 's_1' active >>>>>>>
2024-10-14 16:39:32,090 : INFO : SwitchController : <<<<<<< 's_1' inactive >>>>>>>
2024-10-14 16:39:32,099 : INFO : SwitchController : <<<<<<< 's_0' inactive >>>>>>>
2024-10-14 16:39:42,570 : INFO : Machine : Shutting down...
2024-10-14 16:39:42,571 : INFO : EventManager : Event: ======'shutdown'====== Args={}
2024-10-14 16:39:42,684 : INFO : root : MPF run loop ended.
