2024-10-14 21:54:13,841 : INFO : root : Loading config.
2024-10-14 21:54:13,844 : INFO : YamlMultifileConfigLoader : Machine config file #1: config.yaml
2024-10-14 21:54:13,844 : WARNING : ConfigProcessor : Config file in cache changed: /Users/tannerpetch/Documents/GitHub/trashland_4/config/config.yaml
2024-10-14 21:54:13,844 : INFO : ConfigProcessor : Loading config from file /Library/Frameworks/Python.framework/Versions/3.9/lib/python3.9/site-packages/mpf/mpfconfig.yaml.
2024-10-14 21:54:13,850 : INFO : ConfigProcessor : Loading config: /Library/Frameworks/Python.framework/Versions/3.9/lib/python3.9/site-packages/mpf/mpfconfig.yaml
2024-10-14 21:54:13,850 : INFO : ConfigProcessor : Loading config from file /Users/tannerpetch/Documents/GitHub/trashland_4/config/config.yaml.
2024-10-14 21:54:13,854 : INFO : ConfigProcessor : Loading config: /Users/tannerpetch/Documents/GitHub/trashland_4/config/config.yaml
2024-10-14 21:54:13,855 : INFO : ConfigProcessor : Config file cache created: /var/folders/l2/q8hj_6s91xnb2jxg1sqm0h7r0000gn/T/fb4db0341b09a4be02e1d6b8eab00179.mpf_cache
2024-10-14 21:54:13,880 : INFO : ConfigProcessor : Loading config from cache: /var/folders/l2/q8hj_6s91xnb2jxg1sqm0h7r0000gn/T/c7af4841f7c2cabb0f971746daddf284.mpf_cache
2024-10-14 21:54:13,881 : INFO : ConfigProcessor : Loading config from cache: /var/folders/l2/q8hj_6s91xnb2jxg1sqm0h7r0000gn/T/edcc5f1d3215b377c9faab88c62e4ce0.mpf_cache
2024-10-14 21:54:13,881 : INFO : Machine : Mission Pinball Framework Core Engine v0.57.1.dev3
2024-10-14 21:54:13,881 : INFO : Machine : Command line arguments: {'no_load_cache': False, 'create_config_cache': True, 'bcp': False, 'configfile': ['config.yaml'], 'force_assets_load': False, 'platform_integration_test': False, 'jsonlogging': False, 'logfile': 'logs/2024-10-14-21-54-13-mpf-Tanners-Laptop.local.log', 'pause': False, 'production': False, 'text_ui': True, 'loglevel': 15, 'consoleloglevel': 20, 'force_platform': None, 'syslog_address': None, 'mc_file_name': None, 'no_sound': False}
2024-10-14 21:54:13,881 : INFO : Machine : MPF path: /Library/Frameworks/Python.framework/Versions/3.9/lib/python3.9/site-packages/mpf
2024-10-14 21:54:13,881 : INFO : Machine : Machine path: /Users/tannerpetch/Documents/GitHub/trashland_4
2024-10-14 21:54:13,881 : INFO : Machine : Platform: darwin
2024-10-14 21:54:13,881 : INFO : Machine : Python executable location: /Library/Frameworks/Python.framework/Versions/3.9/bin/python3.9
2024-10-14 21:54:13,881 : INFO : Machine : Python version: 3.9.13 (64-bit)
2024-10-14 21:54:13,881 : INFO : Machine : Initializing MPF...
2024-10-14 21:54:13,916 : INFO : FAST [NET] : Trying to connect to /dev/tty.usbmodem1401 at 921600bps
2024-10-14 21:54:13,921 : INFO : FAST [NET] : Connected to /dev/tty.usbmodem1401 at 921600bps
2024-10-14 21:54:13,922 : INFO : FAST [NET] : Connected to FP-CPU-2000 with firmware v02.21
2024-10-14 21:54:13,924 : INFO : FAST [NET] : Registered I/O Board 0: Model: FP-I/O-0804, Firmware: 01.10, Switches: 8, Drivers: 4
2024-10-14 21:54:13,925 : INFO : FAST [NET] : Registered I/O Board 1: Model: FP-I/O-0804, Firmware: 01.10, Switches: 8, Drivers: 4
2024-10-14 21:54:13,926 : INFO : FAST [NET] : Registered I/O Board 2: Model: FP-I/O-3208, Firmware: 01.10, Switches: 32, Drivers: 8
2024-10-14 21:54:13,927 : INFO : FAST [NET] : Registered I/O Board 3: Model: FP-I/O-1616, Firmware: 01.10, Switches: 16, Drivers: 16
2024-10-14 21:54:13,928 : INFO : FAST [NET] : Registered I/O Board 4: Model: FP-I/O-3208, Firmware: 01.10, Switches: 32, Drivers: 8
2024-10-14 21:54:13,928 : INFO : EventManager : Event: ======'machine_var_credits_string'====== Args={'value': 'FREE PLAY', 'prev_value': None, 'change': True}
2024-10-14 21:54:13,942 : INFO : EventManager : Event: ======'machine_var_master_volume'====== Args={'value': 0.5, 'prev_value': None, 'change': True}
2024-10-14 21:54:13,942 : INFO : EventManager : Event: ======'machine_var_player1_score'====== Args={'value': 0, 'prev_value': None, 'change': True}
2024-10-14 21:54:13,942 : INFO : EventManager : Event: ======'machine_var_mpf_version'====== Args={'value': 'Mission Pinball Framework v0.57.1.dev3', 'prev_value': None, 'change': True}
2024-10-14 21:54:13,942 : INFO : EventManager : Event: ======'machine_var_mpf_extended_version'====== Args={'value': 'Mission Pinball Framework v0.57.1.dev3, Config version:6, Show version: 6, BCP version:1.1', 'prev_value': None, 'change': True}
2024-10-14 21:54:13,942 : INFO : EventManager : Event: ======'machine_var_python_version'====== Args={'value': '3.9.13', 'prev_value': None, 'change': True}
2024-10-14 21:54:13,950 : INFO : EventManager : Event: ======'machine_var_platform'====== Args={'value': 'macOS-14.3-arm64-arm-64bit', 'prev_value': None, 'change': True}
2024-10-14 21:54:13,950 : INFO : EventManager : Event: ======'machine_var_platform_system'====== Args={'value': 'Darwin', 'prev_value': None, 'change': True}
2024-10-14 21:54:13,950 : INFO : EventManager : Event: ======'machine_var_platform_release'====== Args={'value': '23.3.0', 'prev_value': None, 'change': True}
2024-10-14 21:54:13,950 : INFO : EventManager : Event: ======'machine_var_platform_version'====== Args={'value': 'Darwin Kernel Version 23.3.0: Thu Dec 21 02:29:41 PST 2023; root:xnu-10002.81.5~11/RELEASE_ARM64_T8122', 'prev_value': None, 'change': True}
2024-10-14 21:54:13,950 : INFO : EventManager : Event: ======'machine_var_platform_machine'====== Args={'value': 'arm64', 'prev_value': None, 'change': True}
2024-10-14 21:54:13,950 : INFO : EventManager : Event: ======'init_phase_1'====== Args={}
2024-10-14 21:54:14,062 : WARNING : Machine : Iterating device collections directly is deprecated and will be removed. Access by value(): device_collections[switches] -> device_collections['switches'].values()
2024-10-14 21:54:14,062 : INFO : SwitchController : <<<<<<< 's_outlane_l' active >>>>>>>
2024-10-14 21:54:14,062 : INFO : SwitchController : <<<<<<< 's_kicking_target' active >>>>>>>
2024-10-14 21:54:14,062 : INFO : SwitchController : <<<<<<< 's_drop_m' active >>>>>>>
2024-10-14 21:54:14,062 : INFO : SwitchController : <<<<<<< 's_drop_l' active >>>>>>>
2024-10-14 21:54:14,062 : INFO : SwitchController : <<<<<<< 's_drop_single' active >>>>>>>
2024-10-14 21:54:14,062 : INFO : SwitchController : <<<<<<< 's_vuk_upper' active >>>>>>>
2024-10-14 21:54:14,063 : INFO : EventManager : Event: ======'init_phase_2'====== Args={}
2024-10-14 21:54:14,063 : INFO : SwitchController : Found active switch: (16, [FAST Platform Interface]) <switch.s_outlane_l>
2024-10-14 21:54:14,063 : INFO : SwitchController : Found active switch: (37, [FAST Platform Interface]) <switch.s_kicking_target>
2024-10-14 21:54:14,063 : INFO : SwitchController : Found active switch: (50, [FAST Platform Interface]) <switch.s_drop_m>
2024-10-14 21:54:14,063 : INFO : SwitchController : Found active switch: (51, [FAST Platform Interface]) <switch.s_drop_l>
2024-10-14 21:54:14,063 : INFO : SwitchController : Found active switch: (57, [FAST Platform Interface]) <switch.s_drop_single>
2024-10-14 21:54:14,063 : INFO : SwitchController : Found active switch: (91, [FAST Platform Interface]) <switch.s_vuk_upper>
2024-10-14 21:54:14,064 : INFO : ball_device.bd_middle_scoop : BCH: Initial count: 0
2024-10-14 21:54:14,064 : INFO : ball_device.bd_middle_scoop : State: idle
2024-10-14 21:54:14,064 : INFO : ball_device.bd_trough : BCH: Initial count: 0
2024-10-14 21:54:14,065 : INFO : ball_device.bd_trough : State: idle
2024-10-14 21:54:14,065 : INFO : ball_device.bd_autolauncher : BCH: Initial count: 0
2024-10-14 21:54:14,065 : INFO : ball_device.bd_autolauncher : State: idle
2024-10-14 21:54:14,065 : INFO : ball_device.bd_kicker_orbit : BCH: Initial count: 0
2024-10-14 21:54:14,065 : INFO : ball_device.bd_kicker_orbit : State: idle
2024-10-14 21:54:14,065 : INFO : ball_device.bd_lower_vuk : BCH: Initial count: 0
2024-10-14 21:54:14,065 : INFO : ball_device.bd_lower_vuk : State: idle
2024-10-14 21:54:14,065 : INFO : ball_device.bd_vuk_back : BCH: Initial count: 0
2024-10-14 21:54:14,066 : INFO : ball_device.bd_vuk_back : State: idle
2024-10-14 21:54:14,564 : INFO : ball_device.bd_vuk_upper : BCH: Initial count: 1
2024-10-14 21:54:14,565 : INFO : ball_device.bd_vuk_upper : State: idle
2024-10-14 21:54:14,567 : INFO : ball_device.bd_b_lock : BCH: Initial count: 0
2024-10-14 21:54:14,567 : INFO : ball_device.bd_b_lock : State: idle
2024-10-14 21:54:14,582 : INFO : EventManager : Event: ======'init_phase_3'====== Args={}
2024-10-14 21:54:14,582 : INFO : EventManager : Event: ======'init_phase_4'====== Args={}
2024-10-14 21:54:14,583 : INFO : BallController : Initial balls found: 1
2024-10-14 21:54:14,583 : INFO : EventManager : Event: ======'machine_var_audits_events_game_ended'====== Args={'value': 1, 'prev_value': None, 'change': True}
2024-10-14 21:54:14,583 : INFO : EventManager : Event: ======'machine_var_audits_events_game_started'====== Args={'value': 6, 'prev_value': None, 'change': True}
2024-10-14 21:54:14,583 : INFO : EventManager : Event: ======'machine_var_audits_missing_switches_s_autolauncher'====== Args={'value': 1, 'prev_value': None, 'change': True}
2024-10-14 21:54:14,583 : INFO : EventManager : Event: ======'machine_var_audits_missing_switches_s_b_eos'====== Args={'value': 2, 'prev_value': None, 'change': True}
2024-10-14 21:54:14,583 : INFO : EventManager : Event: ======'machine_var_audits_missing_switches_s_b_pop'====== Args={'value': 2, 'prev_value': None, 'change': True}
2024-10-14 21:54:14,583 : INFO : EventManager : Event: ======'machine_var_audits_missing_switches_s_b_rollover_interchange'====== Args={'value': 2, 'prev_value': None, 'change': True}
2024-10-14 21:54:14,583 : INFO : EventManager : Event: ======'machine_var_audits_missing_switches_s_b_rollover_loop'====== Args={'value': 2, 'prev_value': None, 'change': True}
2024-10-14 21:54:14,583 : INFO : EventManager : Event: ======'machine_var_audits_missing_switches_s_b_rollover_misc'====== Args={'value': 2, 'prev_value': None, 'change': True}
2024-10-14 21:54:14,583 : INFO : EventManager : Event: ======'machine_var_audits_missing_switches_s_b_target_left'====== Args={'value': 2, 'prev_value': None, 'change': True}
2024-10-14 21:54:14,583 : INFO : EventManager : Event: ======'machine_var_audits_missing_switches_s_b_target_right'====== Args={'value': 2, 'prev_value': None, 'change': True}
2024-10-14 21:54:14,583 : INFO : EventManager : Event: ======'machine_var_audits_missing_switches_s_bot'====== Args={'value': 6, 'prev_value': None, 'change': True}
2024-10-14 21:54:14,584 : INFO : EventManager : Event: ======'machine_var_audits_missing_switches_s_bot_mid'====== Args={'value': 6, 'prev_value': None, 'change': True}
2024-10-14 21:54:14,584 : INFO : EventManager : Event: ======'machine_var_audits_missing_switches_s_captive_l'====== Args={'value': 6, 'prev_value': None, 'change': True}
2024-10-14 21:54:14,584 : INFO : EventManager : Event: ======'machine_var_audits_missing_switches_s_captive_r'====== Args={'value': 6, 'prev_value': None, 'change': True}
2024-10-14 21:54:14,584 : INFO : EventManager : Event: ======'machine_var_audits_missing_switches_s_drop_l'====== Args={'value': 6, 'prev_value': None, 'change': True}
2024-10-14 21:54:14,584 : INFO : EventManager : Event: ======'machine_var_audits_missing_switches_s_drop_m'====== Args={'value': 4, 'prev_value': None, 'change': True}
2024-10-14 21:54:14,584 : INFO : EventManager : Event: ======'machine_var_audits_missing_switches_s_drop_r'====== Args={'value': 6, 'prev_value': None, 'change': True}
2024-10-14 21:54:14,584 : INFO : EventManager : Event: ======'machine_var_audits_missing_switches_s_drop_single'====== Args={'value': 6, 'prev_value': None, 'change': True}
2024-10-14 21:54:14,584 : INFO : EventManager : Event: ======'machine_var_audits_missing_switches_s_flipper_but_l_1'====== Args={'value': 2, 'prev_value': None, 'change': True}
2024-10-14 21:54:14,584 : INFO : EventManager : Event: ======'machine_var_audits_missing_switches_s_flipper_but_l_2'====== Args={'value': 2, 'prev_value': None, 'change': True}
2024-10-14 21:54:14,584 : INFO : EventManager : Event: ======'machine_var_audits_missing_switches_s_flipper_but_r_1'====== Args={'value': 2, 'prev_value': None, 'change': True}
2024-10-14 21:54:14,584 : INFO : EventManager : Event: ======'machine_var_audits_missing_switches_s_flipper_but_r_2'====== Args={'value': 2, 'prev_value': None, 'change': True}
2024-10-14 21:54:14,584 : INFO : EventManager : Event: ======'machine_var_audits_missing_switches_s_flipper_l'====== Args={'value': 2, 'prev_value': None, 'change': True}
2024-10-14 21:54:14,584 : INFO : EventManager : Event: ======'machine_var_audits_missing_switches_s_flipper_r'====== Args={'value': 2, 'prev_value': None, 'change': True}
2024-10-14 21:54:14,584 : INFO : EventManager : Event: ======'machine_var_audits_missing_switches_s_flipper_upper_l'====== Args={'value': 2, 'prev_value': None, 'change': True}
2024-10-14 21:54:14,584 : INFO : EventManager : Event: ======'machine_var_audits_missing_switches_s_inlane_l'====== Args={'value': 4, 'prev_value': None, 'change': True}
2024-10-14 21:54:14,584 : INFO : EventManager : Event: ======'machine_var_audits_missing_switches_s_inlane_r'====== Args={'value': 4, 'prev_value': None, 'change': True}
2024-10-14 21:54:14,584 : INFO : EventManager : Event: ======'machine_var_audits_missing_switches_s_kicker_orbit'====== Args={'value': 4, 'prev_value': None, 'change': True}
2024-10-14 21:54:14,584 : INFO : EventManager : Event: ======'machine_var_audits_missing_switches_s_kicking_target'====== Args={'value': 2, 'prev_value': None, 'change': True}
2024-10-14 21:54:14,584 : INFO : EventManager : Event: ======'machine_var_audits_missing_switches_s_launch'====== Args={'value': 2, 'prev_value': None, 'change': True}
2024-10-14 21:54:14,584 : INFO : EventManager : Event: ======'machine_var_audits_missing_switches_s_lock_1'====== Args={'value': 2, 'prev_value': None, 'change': True}
2024-10-14 21:54:14,585 : INFO : EventManager : Event: ======'machine_var_audits_missing_switches_s_lock_2'====== Args={'value': 2, 'prev_value': None, 'change': True}
2024-10-14 21:54:14,585 : INFO : EventManager : Event: ======'machine_var_audits_missing_switches_s_lock_3'====== Args={'value': 2, 'prev_value': None, 'change': True}
2024-10-14 21:54:14,585 : INFO : EventManager : Event: ======'machine_var_audits_missing_switches_s_lower_orbit'====== Args={'value': 6, 'prev_value': None, 'change': True}
2024-10-14 21:54:14,585 : INFO : EventManager : Event: ======'machine_var_audits_missing_switches_s_lower_single'====== Args={'value': 6, 'prev_value': None, 'change': True}
2024-10-14 21:54:14,585 : INFO : EventManager : Event: ======'machine_var_audits_missing_switches_s_lower_sling'====== Args={'value': 6, 'prev_value': None, 'change': True}
2024-10-14 21:54:14,585 : INFO : EventManager : Event: ======'machine_var_audits_missing_switches_s_lower_transfer'====== Args={'value': 6, 'prev_value': None, 'change': True}
2024-10-14 21:54:14,585 : INFO : EventManager : Event: ======'machine_var_audits_missing_switches_s_lower_vuk'====== Args={'value': 6, 'prev_value': None, 'change': True}
2024-10-14 21:54:14,585 : INFO : EventManager : Event: ======'machine_var_audits_missing_switches_s_middle_scoop'====== Args={'value': 3, 'prev_value': None, 'change': True}
2024-10-14 21:54:14,585 : INFO : EventManager : Event: ======'machine_var_audits_missing_switches_s_orbit_small_l'====== Args={'value': 4, 'prev_value': None, 'change': True}
2024-10-14 21:54:14,585 : INFO : EventManager : Event: ======'machine_var_audits_missing_switches_s_orbit_small_r'====== Args={'value': 4, 'prev_value': None, 'change': True}
2024-10-14 21:54:14,585 : INFO : EventManager : Event: ======'machine_var_audits_missing_switches_s_outlane_l'====== Args={'value': 6, 'prev_value': None, 'change': True}
2024-10-14 21:54:14,585 : INFO : EventManager : Event: ======'machine_var_audits_missing_switches_s_outlane_r'====== Args={'value': 6, 'prev_value': None, 'change': True}
2024-10-14 21:54:14,585 : INFO : EventManager : Event: ======'machine_var_audits_missing_switches_s_pop'====== Args={'value': 3, 'prev_value': None, 'change': True}
2024-10-14 21:54:14,585 : INFO : EventManager : Event: ======'machine_var_audits_missing_switches_s_scissor_save'====== Args={'value': 6, 'prev_value': None, 'change': True}
2024-10-14 21:54:14,585 : INFO : EventManager : Event: ======'machine_var_audits_missing_switches_s_sling_l'====== Args={'value': 4, 'prev_value': None, 'change': True}
2024-10-14 21:54:14,586 : INFO : EventManager : Event: ======'machine_var_audits_missing_switches_s_start'====== Args={'value': 6, 'prev_value': None, 'change': True}
2024-10-14 21:54:14,586 : INFO : EventManager : Event: ======'machine_var_audits_missing_switches_s_stationary_l'====== Args={'value': 4, 'prev_value': None, 'change': True}
2024-10-14 21:54:14,586 : INFO : EventManager : Event: ======'machine_var_audits_missing_switches_s_stationary_m'====== Args={'value': 4, 'prev_value': None, 'change': True}
2024-10-14 21:54:14,586 : INFO : EventManager : Event: ======'machine_var_audits_missing_switches_s_stationary_r'====== Args={'value': 4, 'prev_value': None, 'change': True}
2024-10-14 21:54:14,586 : INFO : EventManager : Event: ======'machine_var_audits_missing_switches_s_subway'====== Args={'value': 4, 'prev_value': None, 'change': True}
2024-10-14 21:54:14,586 : INFO : EventManager : Event: ======'machine_var_audits_missing_switches_s_tilt'====== Args={'value': 6, 'prev_value': None, 'change': True}
2024-10-14 21:54:14,586 : INFO : EventManager : Event: ======'machine_var_audits_missing_switches_s_top'====== Args={'value': 6, 'prev_value': None, 'change': True}
2024-10-14 21:54:14,586 : INFO : EventManager : Event: ======'machine_var_audits_missing_switches_s_top_mid'====== Args={'value': 6, 'prev_value': None, 'change': True}
2024-10-14 21:54:14,586 : INFO : EventManager : Event: ======'machine_var_audits_missing_switches_s_trough_1'====== Args={'value': 1, 'prev_value': None, 'change': True}
2024-10-14 21:54:14,586 : INFO : EventManager : Event: ======'machine_var_audits_missing_switches_s_trough_2'====== Args={'value': 4, 'prev_value': None, 'change': True}
2024-10-14 21:54:14,586 : INFO : EventManager : Event: ======'machine_var_audits_missing_switches_s_trough_3'====== Args={'value': 4, 'prev_value': None, 'change': True}
2024-10-14 21:54:14,586 : INFO : EventManager : Event: ======'machine_var_audits_missing_switches_s_trough_4'====== Args={'value': 2, 'prev_value': None, 'change': True}
2024-10-14 21:54:14,586 : INFO : EventManager : Event: ======'machine_var_audits_missing_switches_s_trough_5'====== Args={'value': 4, 'prev_value': None, 'change': True}
2024-10-14 21:54:14,587 : INFO : EventManager : Event: ======'machine_var_audits_missing_switches_s_trough_6'====== Args={'value': 4, 'prev_value': None, 'change': True}
2024-10-14 21:54:14,587 : INFO : EventManager : Event: ======'machine_var_audits_missing_switches_s_u_lane_l'====== Args={'value': 2, 'prev_value': None, 'change': True}
2024-10-14 21:54:14,587 : INFO : EventManager : Event: ======'machine_var_audits_missing_switches_s_u_lane_r'====== Args={'value': 2, 'prev_value': None, 'change': True}
2024-10-14 21:54:14,587 : INFO : EventManager : Event: ======'machine_var_audits_missing_switches_s_u_rollover'====== Args={'value': 2, 'prev_value': None, 'change': True}
2024-10-14 21:54:14,587 : INFO : EventManager : Event: ======'machine_var_audits_missing_switches_s_u_target'====== Args={'value': 2, 'prev_value': None, 'change': True}
2024-10-14 21:54:14,587 : INFO : EventManager : Event: ======'machine_var_audits_missing_switches_s_vuk_back'====== Args={'value': 2, 'prev_value': None, 'change': True}
2024-10-14 21:54:14,587 : INFO : EventManager : Event: ======'machine_var_audits_player_score'====== Args={'value': {'average': 0, 'top': [0], 'total': 1}, 'prev_value': None, 'change': True}
2024-10-14 21:54:14,587 : INFO : EventManager : Event: ======'machine_var_audits_switches_s_autolauncher'====== Args={'value': 6, 'prev_value': None, 'change': True}
2024-10-14 21:54:14,587 : INFO : EventManager : Event: ======'machine_var_audits_switches_s_b_eos'====== Args={'value': 0, 'prev_value': None, 'change': True}
2024-10-14 21:54:14,587 : INFO : EventManager : Event: ======'machine_var_audits_switches_s_b_pop'====== Args={'value': 0, 'prev_value': None, 'change': True}
2024-10-14 21:54:14,587 : INFO : EventManager : Event: ======'machine_var_audits_switches_s_b_rollover_interchange'====== Args={'value': 0, 'prev_value': None, 'change': True}
2024-10-14 21:54:14,588 : INFO : EventManager : Event: ======'machine_var_audits_switches_s_b_rollover_loop'====== Args={'value': 0, 'prev_value': None, 'change': True}
2024-10-14 21:54:14,588 : INFO : EventManager : Event: ======'machine_var_audits_switches_s_b_rollover_misc'====== Args={'value': 0, 'prev_value': None, 'change': True}
2024-10-14 21:54:14,588 : INFO : EventManager : Event: ======'machine_var_audits_switches_s_b_target_left'====== Args={'value': 0, 'prev_value': None, 'change': True}
2024-10-14 21:54:14,588 : INFO : EventManager : Event: ======'machine_var_audits_switches_s_b_target_right'====== Args={'value': 0, 'prev_value': None, 'change': True}
2024-10-14 21:54:14,588 : INFO : EventManager : Event: ======'machine_var_audits_switches_s_bot'====== Args={'value': 0, 'prev_value': None, 'change': True}
2024-10-14 21:54:14,588 : INFO : EventManager : Event: ======'machine_var_audits_switches_s_bot_mid'====== Args={'value': 0, 'prev_value': None, 'change': True}
2024-10-14 21:54:14,588 : INFO : EventManager : Event: ======'machine_var_audits_switches_s_captive_l'====== Args={'value': 0, 'prev_value': None, 'change': True}
2024-10-14 21:54:14,588 : INFO : EventManager : Event: ======'machine_var_audits_switches_s_captive_r'====== Args={'value': 0, 'prev_value': None, 'change': True}
2024-10-14 21:54:14,588 : INFO : EventManager : Event: ======'machine_var_audits_switches_s_drop_l'====== Args={'value': 0, 'prev_value': None, 'change': True}
2024-10-14 21:54:14,588 : INFO : EventManager : Event: ======'machine_var_audits_switches_s_drop_m'====== Args={'value': 1, 'prev_value': None, 'change': True}
2024-10-14 21:54:14,589 : INFO : EventManager : Event: ======'machine_var_audits_switches_s_drop_r'====== Args={'value': 0, 'prev_value': None, 'change': True}
2024-10-14 21:54:14,589 : INFO : EventManager : Event: ======'machine_var_audits_switches_s_drop_single'====== Args={'value': 0, 'prev_value': None, 'change': True}
2024-10-14 21:54:14,589 : INFO : EventManager : Event: ======'machine_var_audits_switches_s_flipper_but_l_1'====== Args={'value': 47, 'prev_value': None, 'change': True}
2024-10-14 21:54:14,589 : INFO : EventManager : Event: ======'machine_var_audits_switches_s_flipper_but_l_2'====== Args={'value': 45, 'prev_value': None, 'change': True}
2024-10-14 21:54:14,589 : INFO : EventManager : Event: ======'machine_var_audits_switches_s_flipper_but_r_1'====== Args={'value': 38, 'prev_value': None, 'change': True}
2024-10-14 21:54:14,589 : INFO : EventManager : Event: ======'machine_var_audits_switches_s_flipper_but_r_2'====== Args={'value': 36, 'prev_value': None, 'change': True}
2024-10-14 21:54:14,589 : INFO : EventManager : Event: ======'machine_var_audits_switches_s_flipper_l'====== Args={'value': 54, 'prev_value': None, 'change': True}
2024-10-14 21:54:14,589 : INFO : EventManager : Event: ======'machine_var_audits_switches_s_flipper_r'====== Args={'value': 65, 'prev_value': None, 'change': True}
2024-10-14 21:54:14,590 : INFO : EventManager : Event: ======'machine_var_audits_switches_s_flipper_upper_l'====== Args={'value': 41, 'prev_value': None, 'change': True}
2024-10-14 21:54:14,590 : INFO : EventManager : Event: ======'machine_var_audits_switches_s_inlane_l'====== Args={'value': 1, 'prev_value': None, 'change': True}
2024-10-14 21:54:14,590 : INFO : EventManager : Event: ======'machine_var_audits_switches_s_inlane_r'====== Args={'value': 5, 'prev_value': None, 'change': True}
2024-10-14 21:54:14,590 : INFO : EventManager : Event: ======'machine_var_audits_switches_s_kicker_orbit'====== Args={'value': 1, 'prev_value': None, 'change': True}
2024-10-14 21:54:14,590 : INFO : EventManager : Event: ======'machine_var_audits_switches_s_kicking_target'====== Args={'value': 8, 'prev_value': None, 'change': True}
2024-10-14 21:54:14,590 : INFO : EventManager : Event: ======'machine_var_audits_switches_s_launch'====== Args={'value': 9, 'prev_value': None, 'change': True}
2024-10-14 21:54:14,590 : INFO : EventManager : Event: ======'machine_var_audits_switches_s_lock_1'====== Args={'value': 0, 'prev_value': None, 'change': True}
2024-10-14 21:54:14,590 : INFO : EventManager : Event: ======'machine_var_audits_switches_s_lock_2'====== Args={'value': 0, 'prev_value': None, 'change': True}
2024-10-14 21:54:14,591 : INFO : EventManager : Event: ======'machine_var_audits_switches_s_lock_3'====== Args={'value': 0, 'prev_value': None, 'change': True}
2024-10-14 21:54:14,591 : INFO : EventManager : Event: ======'machine_var_audits_switches_s_lower_orbit'====== Args={'value': 0, 'prev_value': None, 'change': True}
2024-10-14 21:54:14,591 : INFO : EventManager : Event: ======'machine_var_audits_switches_s_lower_single'====== Args={'value': 0, 'prev_value': None, 'change': True}
2024-10-14 21:54:14,591 : INFO : EventManager : Event: ======'machine_var_audits_switches_s_lower_sling'====== Args={'value': 0, 'prev_value': None, 'change': True}
2024-10-14 21:54:14,591 : INFO : EventManager : Event: ======'machine_var_audits_switches_s_lower_transfer'====== Args={'value': 0, 'prev_value': None, 'change': True}
2024-10-14 21:54:14,591 : INFO : EventManager : Event: ======'machine_var_audits_switches_s_lower_vuk'====== Args={'value': 0, 'prev_value': None, 'change': True}
2024-10-14 21:54:14,591 : INFO : EventManager : Event: ======'machine_var_audits_switches_s_middle_scoop'====== Args={'value': 2, 'prev_value': None, 'change': True}
2024-10-14 21:54:14,591 : INFO : EventManager : Event: ======'machine_var_audits_switches_s_orbit_small_l'====== Args={'value': 2, 'prev_value': None, 'change': True}
2024-10-14 21:54:14,592 : INFO : EventManager : Event: ======'machine_var_audits_switches_s_orbit_small_r'====== Args={'value': 1, 'prev_value': None, 'change': True}
2024-10-14 21:54:14,592 : INFO : EventManager : Event: ======'machine_var_audits_switches_s_outlane_l'====== Args={'value': 0, 'prev_value': None, 'change': True}
2024-10-14 21:54:14,592 : INFO : EventManager : Event: ======'machine_var_audits_switches_s_outlane_r'====== Args={'value': 0, 'prev_value': None, 'change': True}
2024-10-14 21:54:14,592 : INFO : EventManager : Event: ======'machine_var_audits_switches_s_pop'====== Args={'value': 5, 'prev_value': None, 'change': True}
2024-10-14 21:54:14,592 : INFO : EventManager : Event: ======'machine_var_audits_switches_s_scissor_save'====== Args={'value': 0, 'prev_value': None, 'change': True}
2024-10-14 21:54:14,592 : INFO : EventManager : Event: ======'machine_var_audits_switches_s_sling_l'====== Args={'value': 6, 'prev_value': None, 'change': True}
2024-10-14 21:54:14,592 : INFO : EventManager : Event: ======'machine_var_audits_switches_s_start'====== Args={'value': 0, 'prev_value': None, 'change': True}
2024-10-14 21:54:14,592 : INFO : EventManager : Event: ======'machine_var_audits_switches_s_stationary_l'====== Args={'value': 1, 'prev_value': None, 'change': True}
2024-10-14 21:54:14,593 : INFO : EventManager : Event: ======'machine_var_audits_switches_s_stationary_m'====== Args={'value': 3, 'prev_value': None, 'change': True}
2024-10-14 21:54:14,593 : INFO : EventManager : Event: ======'machine_var_audits_switches_s_stationary_r'====== Args={'value': 1, 'prev_value': None, 'change': True}
2024-10-14 21:54:14,593 : INFO : EventManager : Event: ======'machine_var_audits_switches_s_subway'====== Args={'value': 3, 'prev_value': None, 'change': True}
2024-10-14 21:54:14,593 : INFO : EventManager : Event: ======'machine_var_audits_switches_s_tilt'====== Args={'value': 0, 'prev_value': None, 'change': True}
2024-10-14 21:54:14,593 : INFO : EventManager : Event: ======'machine_var_audits_switches_s_top'====== Args={'value': 0, 'prev_value': None, 'change': True}
2024-10-14 21:54:14,593 : INFO : EventManager : Event: ======'machine_var_audits_switches_s_top_mid'====== Args={'value': 0, 'prev_value': None, 'change': True}
2024-10-14 21:54:14,593 : INFO : EventManager : Event: ======'machine_var_audits_switches_s_trough_1'====== Args={'value': 7, 'prev_value': None, 'change': True}
2024-10-14 21:54:14,594 : INFO : EventManager : Event: ======'machine_var_audits_switches_s_trough_2'====== Args={'value': 3, 'prev_value': None, 'change': True}
2024-10-14 21:54:14,594 : INFO : EventManager : Event: ======'machine_var_audits_switches_s_trough_3'====== Args={'value': 4, 'prev_value': None, 'change': True}
2024-10-14 21:54:14,594 : INFO : EventManager : Event: ======'machine_var_audits_switches_s_trough_4'====== Args={'value': 8, 'prev_value': None, 'change': True}
2024-10-14 21:54:14,594 : INFO : EventManager : Event: ======'machine_var_audits_switches_s_trough_5'====== Args={'value': 3, 'prev_value': None, 'change': True}
2024-10-14 21:54:14,594 : INFO : EventManager : Event: ======'machine_var_audits_switches_s_trough_6'====== Args={'value': 6, 'prev_value': None, 'change': True}
2024-10-14 21:54:14,594 : INFO : EventManager : Event: ======'machine_var_audits_switches_s_trough_jam'====== Args={'value': 6, 'prev_value': None, 'change': True}
2024-10-14 21:54:14,594 : INFO : EventManager : Event: ======'machine_var_audits_switches_s_u_lane_l'====== Args={'value': 0, 'prev_value': None, 'change': True}
2024-10-14 21:54:14,595 : INFO : EventManager : Event: ======'machine_var_audits_switches_s_u_lane_r'====== Args={'value': 0, 'prev_value': None, 'change': True}
2024-10-14 21:54:14,595 : INFO : EventManager : Event: ======'machine_var_audits_switches_s_u_rollover'====== Args={'value': 0, 'prev_value': None, 'change': True}
2024-10-14 21:54:14,595 : INFO : EventManager : Event: ======'machine_var_audits_switches_s_u_target'====== Args={'value': 0, 'prev_value': None, 'change': True}
2024-10-14 21:54:14,595 : INFO : EventManager : Event: ======'machine_var_audits_switches_s_vuk_back'====== Args={'value': 0, 'prev_value': None, 'change': True}
2024-10-14 21:54:14,595 : INFO : EventManager : Event: ======'machine_var_audits_switches_s_vuk_upper'====== Args={'value': 23, 'prev_value': None, 'change': True}
2024-10-14 21:54:14,596 : INFO : EventManager : Event: ======'init_phase_5'====== Args={}
2024-10-14 21:54:14,603 : INFO : EventManager : Event: ======'init_done'====== Args={}
2024-10-14 21:54:14,603 : INFO : EventManager : Event: ======'machine_reset_phase_1'====== Args={}
2024-10-14 21:54:14,604 : INFO : EventManager : Event: ======'machine_reset_phase_2'====== Args={}
2024-10-14 21:54:14,604 : INFO : EventManager : Event: ======'machine_reset_phase_3'====== Args={}
2024-10-14 21:54:14,604 : INFO : EventManager : Event: ======'reset_complete'====== Args={}
2024-10-14 21:54:14,604 : INFO : EventManager : Event: ======'mode_attract_will_start'====== Args={}
2024-10-14 21:54:14,604 : INFO : EventManager : Event: ======'mode_attract_starting'====== Args={}
2024-10-14 21:54:14,604 : INFO : Mode.attract : Started. Priority: 10
2024-10-14 21:54:14,604 : INFO : EventManager : Event: ======'modes_active_modes_changed'====== Args={}
2024-10-14 21:54:14,604 : INFO : EventManager : Event: ======'mode_attract_started'====== Args={}
2024-10-14 21:54:14,604 : INFO : EventManager : Event: ======'collecting_balls'====== Args={}
2024-10-14 21:54:14,604 : INFO : ball_device.bd_vuk_upper : Adding 1 ball(s) to the eject_queue with target <playfield.playfield>.
2024-10-14 21:54:14,604 : INFO : EventManager : Event: ======'balldevice_balls_available'====== Args={}
2024-10-14 21:54:14,604 : INFO : Machine : Starting the main run loop.
2024-10-14 21:54:14,604 : INFO : ball_device.bd_vuk_upper : State: waiting_for_target_ready
2024-10-14 21:54:14,604 : INFO : EventManager : Event: ======'balldevice_bd_vuk_upper_ball_eject_attempt'====== Args={'balls': 1, 'target': <playfield.playfield>, 'source': <ball_device.bd_vuk_upper>, 'mechanical_eject': False, 'num_attempts': 0}
2024-10-14 21:54:14,605 : INFO : ball_device.bd_vuk_upper : State: ejecting
2024-10-14 21:54:14,605 : INFO : ball_device.bd_vuk_upper : Ejecting ball to <playfield.playfield>
2024-10-14 21:54:14,605 : INFO : EventManager : Event: ======'balldevice_bd_vuk_upper_ejecting_ball'====== Args={'balls': 1, 'target': <playfield.playfield>, 'source': <ball_device.bd_vuk_upper>, 'mechanical_eject': False, 'num_attempts': 0}
2024-10-14 21:54:14,605 : INFO : ball_device.bd_vuk_upper : Wait for ball to leave device
2024-10-14 21:54:14,605 : INFO : coil.c_vuk_upper : Pulsing Driver for 30ms (1.0 pulse_power)
2024-10-14 21:54:14,668 : INFO : SwitchController : <<<<<<< 's_vuk_upper' inactive >>>>>>>
2024-10-14 21:54:14,668 : INFO : ball_device.bd_vuk_upper : State: ball_left
2024-10-14 21:54:14,668 : INFO : ball_device.bd_vuk_upper : Ball left
2024-10-14 21:54:14,668 : INFO : ball_device.bd_vuk_upper : Wait for confirm with timeout 2.0
2024-10-14 21:54:16,669 : INFO : ball_device.bd_vuk_upper : State: failed_confirm
2024-10-14 21:54:16,670 : INFO : ball_device.bd_vuk_upper : Got timeout (2.0s) before confirm from <playfield.playfield>
2024-10-14 21:54:16,771 : INFO : ball_device.bd_vuk_upper : Confirming eject because target is playfield and ball did not return.
2024-10-14 21:54:16,771 : INFO : ball_device.bd_vuk_upper : Eject successful
2024-10-14 21:54:16,772 : INFO : EventManager : Event: ======'balldevice_bd_vuk_upper_ball_eject_success'====== Args={'balls': 1, 'target': <playfield.playfield>}
2024-10-14 21:54:16,772 : INFO : EventManager : Event: ======'balldevice_playfield_ball_enter'====== Args={'new_balls': 1, 'unclaimed_balls': 1, 'device': <playfield.playfield>}
2024-10-14 21:54:16,772 : INFO : EventManager : Event: ======'playfield_ball_count_change'====== Args={'balls': 1, 'change': 1}
2024-10-14 21:54:16,773 : INFO : EventManager : Event: ======'balldevice_bd_vuk_upper_ball_count_changed'====== Args={'balls': 0}
2024-10-14 21:54:16,773 : INFO : ball_device.bd_vuk_upper : State: idle
2024-10-14 21:54:20,708 : INFO : SwitchController : <<<<<<< 's_kicking_target' inactive >>>>>>>
2024-10-14 21:54:27,513 : INFO : SwitchController : <<<<<<< 's_kicker_orbit' active >>>>>>>
2024-10-14 21:54:28,014 : INFO : EventManager : Event: ======'balldevice_bd_kicker_orbit_ball_count_changed'====== Args={'balls': 1}
2024-10-14 21:54:28,015 : INFO : ball_device.bd_kicker_orbit : Received unexpected ball
2024-10-14 21:54:28,015 : INFO : EventManager : Event: ======'balldevice_captured_from_playfield'====== Args={'balls': 1}
2024-10-14 21:54:28,015 : INFO : EventManager : Event: ======'sw_playfield_active'====== Args={'balls': 1}
2024-10-14 21:54:28,016 : INFO : EventManager : Event: ======'playfield_ball_count_change'====== Args={'balls': 0, 'change': -1}
2024-10-14 21:54:28,016 : INFO : EventManager : Event: ======'balldevice_bd_kicker_orbit_ball_enter'====== Args={'new_balls': 1, 'unclaimed_balls': 1, 'new_available_balls': 1, 'device': <ball_device.bd_kicker_orbit>}
2024-10-14 21:54:28,017 : INFO : ball_device.bd_kicker_orbit : Ejecting 1 unexpected balls using path deque([<ball_device.bd_kicker_orbit>, <playfield.playfield>])
2024-10-14 21:54:28,017 : INFO : EventManager : Event: ======'balldevice_balls_available'====== Args={}
2024-10-14 21:54:28,017 : INFO : EventManager : Event: ======'balldevice_balls_available'====== Args={}
2024-10-14 21:54:28,017 : INFO : EventManager : Event: ======'balldevice_bd_kicker_orbit_ball_entered'====== Args={'new_balls': 1, 'device': <ball_device.bd_kicker_orbit>}
2024-10-14 21:54:28,018 : INFO : ball_device.bd_kicker_orbit : State: waiting_for_target_ready
2024-10-14 21:54:28,019 : INFO : EventManager : Event: ======'balldevice_bd_kicker_orbit_ball_eject_attempt'====== Args={'balls': 1, 'target': <playfield.playfield>, 'source': <ball_device.bd_kicker_orbit>, 'mechanical_eject': False, 'num_attempts': 0}
2024-10-14 21:54:28,019 : INFO : ball_device.bd_kicker_orbit : State: ejecting
2024-10-14 21:54:28,019 : INFO : ball_device.bd_kicker_orbit : Ejecting ball to <playfield.playfield>
2024-10-14 21:54:28,019 : INFO : EventManager : Event: ======'balldevice_bd_kicker_orbit_ejecting_ball'====== Args={'balls': 1, 'target': <playfield.playfield>, 'source': <ball_device.bd_kicker_orbit>, 'mechanical_eject': False, 'num_attempts': 0}
2024-10-14 21:54:28,020 : INFO : ball_device.bd_kicker_orbit : Wait for ball to leave device
2024-10-14 21:54:28,020 : INFO : coil.c_kicker_orbit : Pulsing Driver for 20ms (1.0 pulse_power)
2024-10-14 21:54:28,045 : INFO : SwitchController : <<<<<<< 's_kicker_orbit' inactive >>>>>>>
2024-10-14 21:54:28,046 : INFO : ball_device.bd_kicker_orbit : State: ball_left
2024-10-14 21:54:28,046 : INFO : ball_device.bd_kicker_orbit : Ball left
2024-10-14 21:54:28,046 : INFO : ball_device.bd_kicker_orbit : Wait for confirm with timeout 1.0
2024-10-14 21:54:28,555 : INFO : SwitchController : <<<<<<< 's_orbit_small_l' active >>>>>>>
2024-10-14 21:54:28,581 : INFO : SwitchController : <<<<<<< 's_orbit_small_l' inactive >>>>>>>
2024-10-14 21:54:29,048 : INFO : ball_device.bd_kicker_orbit : State: failed_confirm
2024-10-14 21:54:29,048 : INFO : ball_device.bd_kicker_orbit : Got timeout (1.0s) before confirm from <playfield.playfield>
2024-10-14 21:54:29,149 : INFO : ball_device.bd_kicker_orbit : Confirming eject because target is playfield and ball did not return.
2024-10-14 21:54:29,149 : INFO : ball_device.bd_kicker_orbit : Eject successful
2024-10-14 21:54:29,149 : INFO : EventManager : Event: ======'balldevice_bd_kicker_orbit_ball_eject_success'====== Args={'balls': 1, 'target': <playfield.playfield>}
2024-10-14 21:54:29,150 : INFO : EventManager : Event: ======'balldevice_playfield_ball_enter'====== Args={'new_balls': 1, 'unclaimed_balls': 1, 'device': <playfield.playfield>}
2024-10-14 21:54:29,150 : INFO : EventManager : Event: ======'playfield_ball_count_change'====== Args={'balls': 1, 'change': 1}
2024-10-14 21:54:29,151 : INFO : EventManager : Event: ======'balldevice_bd_kicker_orbit_ball_count_changed'====== Args={'balls': 0}
2024-10-14 21:54:29,151 : INFO : ball_device.bd_kicker_orbit : State: idle
2024-10-14 21:54:32,184 : INFO : SwitchController : <<<<<<< 's_kicker_orbit' active >>>>>>>
2024-10-14 21:54:32,221 : INFO : SwitchController : <<<<<<< 's_kicker_orbit' inactive >>>>>>>
2024-10-14 21:54:32,374 : INFO : SwitchController : <<<<<<< 's_kicker_orbit' active >>>>>>>
2024-10-14 21:54:32,876 : INFO : EventManager : Event: ======'balldevice_bd_kicker_orbit_ball_count_changed'====== Args={'balls': 1}
2024-10-14 21:54:32,876 : INFO : ball_device.bd_kicker_orbit : Received unexpected ball
2024-10-14 21:54:32,876 : INFO : EventManager : Event: ======'balldevice_captured_from_playfield'====== Args={'balls': 1}
2024-10-14 21:54:32,877 : INFO : EventManager : Event: ======'sw_playfield_active'====== Args={'balls': 1}
2024-10-14 21:54:32,877 : INFO : EventManager : Event: ======'playfield_ball_count_change'====== Args={'balls': 0, 'change': -1}
2024-10-14 21:54:32,878 : INFO : EventManager : Event: ======'balldevice_bd_kicker_orbit_ball_enter'====== Args={'new_balls': 1, 'unclaimed_balls': 1, 'new_available_balls': 1, 'device': <ball_device.bd_kicker_orbit>}
2024-10-14 21:54:32,878 : INFO : ball_device.bd_kicker_orbit : Ejecting 1 unexpected balls using path deque([<ball_device.bd_kicker_orbit>, <playfield.playfield>])
2024-10-14 21:54:32,879 : INFO : EventManager : Event: ======'balldevice_balls_available'====== Args={}
2024-10-14 21:54:32,879 : INFO : EventManager : Event: ======'balldevice_balls_available'====== Args={}
2024-10-14 21:54:32,879 : INFO : EventManager : Event: ======'balldevice_bd_kicker_orbit_ball_entered'====== Args={'new_balls': 1, 'device': <ball_device.bd_kicker_orbit>}
2024-10-14 21:54:32,880 : INFO : ball_device.bd_kicker_orbit : State: waiting_for_target_ready
2024-10-14 21:54:32,880 : INFO : EventManager : Event: ======'balldevice_bd_kicker_orbit_ball_eject_attempt'====== Args={'balls': 1, 'target': <playfield.playfield>, 'source': <ball_device.bd_kicker_orbit>, 'mechanical_eject': False, 'num_attempts': 0}
2024-10-14 21:54:32,880 : INFO : ball_device.bd_kicker_orbit : State: ejecting
2024-10-14 21:54:32,880 : INFO : ball_device.bd_kicker_orbit : Ejecting ball to <playfield.playfield>
2024-10-14 21:54:32,880 : INFO : EventManager : Event: ======'balldevice_bd_kicker_orbit_ejecting_ball'====== Args={'balls': 1, 'target': <playfield.playfield>, 'source': <ball_device.bd_kicker_orbit>, 'mechanical_eject': False, 'num_attempts': 0}
2024-10-14 21:54:32,881 : INFO : ball_device.bd_kicker_orbit : Wait for ball to leave device
2024-10-14 21:54:32,881 : INFO : coil.c_kicker_orbit : Pulsing Driver for 20ms (1.0 pulse_power)
2024-10-14 21:54:32,906 : INFO : SwitchController : <<<<<<< 's_kicker_orbit' inactive >>>>>>>
2024-10-14 21:54:32,908 : INFO : ball_device.bd_kicker_orbit : State: ball_left
2024-10-14 21:54:32,908 : INFO : ball_device.bd_kicker_orbit : Ball left
2024-10-14 21:54:32,908 : INFO : ball_device.bd_kicker_orbit : Wait for confirm with timeout 1.0
2024-10-14 21:54:33,387 : INFO : SwitchController : <<<<<<< 's_orbit_small_l' active >>>>>>>
2024-10-14 21:54:33,414 : INFO : SwitchController : <<<<<<< 's_orbit_small_l' inactive >>>>>>>
2024-10-14 21:54:33,909 : INFO : ball_device.bd_kicker_orbit : State: failed_confirm
2024-10-14 21:54:33,909 : INFO : ball_device.bd_kicker_orbit : Got timeout (1.0s) before confirm from <playfield.playfield>
2024-10-14 21:54:34,011 : INFO : ball_device.bd_kicker_orbit : Confirming eject because target is playfield and ball did not return.
2024-10-14 21:54:34,011 : INFO : ball_device.bd_kicker_orbit : Eject successful
2024-10-14 21:54:34,011 : INFO : EventManager : Event: ======'balldevice_bd_kicker_orbit_ball_eject_success'====== Args={'balls': 1, 'target': <playfield.playfield>}
2024-10-14 21:54:34,012 : INFO : EventManager : Event: ======'balldevice_playfield_ball_enter'====== Args={'new_balls': 1, 'unclaimed_balls': 1, 'device': <playfield.playfield>}
2024-10-14 21:54:34,012 : INFO : EventManager : Event: ======'playfield_ball_count_change'====== Args={'balls': 1, 'change': 1}
2024-10-14 21:54:34,013 : INFO : EventManager : Event: ======'balldevice_bd_kicker_orbit_ball_count_changed'====== Args={'balls': 0}
2024-10-14 21:54:34,013 : INFO : ball_device.bd_kicker_orbit : State: idle
2024-10-14 21:54:36,570 : INFO : SwitchController : <<<<<<< 's_kicker_orbit' active >>>>>>>
2024-10-14 21:54:37,071 : INFO : EventManager : Event: ======'balldevice_bd_kicker_orbit_ball_count_changed'====== Args={'balls': 1}
2024-10-14 21:54:37,072 : INFO : ball_device.bd_kicker_orbit : Received unexpected ball
2024-10-14 21:54:37,072 : INFO : EventManager : Event: ======'balldevice_captured_from_playfield'====== Args={'balls': 1}
2024-10-14 21:54:37,072 : INFO : EventManager : Event: ======'sw_playfield_active'====== Args={'balls': 1}
2024-10-14 21:54:37,073 : INFO : EventManager : Event: ======'playfield_ball_count_change'====== Args={'balls': 0, 'change': -1}
2024-10-14 21:54:37,073 : INFO : EventManager : Event: ======'balldevice_bd_kicker_orbit_ball_enter'====== Args={'new_balls': 1, 'unclaimed_balls': 1, 'new_available_balls': 1, 'device': <ball_device.bd_kicker_orbit>}
2024-10-14 21:54:37,074 : INFO : ball_device.bd_kicker_orbit : Ejecting 1 unexpected balls using path deque([<ball_device.bd_kicker_orbit>, <playfield.playfield>])
2024-10-14 21:54:37,074 : INFO : EventManager : Event: ======'balldevice_balls_available'====== Args={}
2024-10-14 21:54:37,074 : INFO : EventManager : Event: ======'balldevice_balls_available'====== Args={}
2024-10-14 21:54:37,074 : INFO : EventManager : Event: ======'balldevice_bd_kicker_orbit_ball_entered'====== Args={'new_balls': 1, 'device': <ball_device.bd_kicker_orbit>}
2024-10-14 21:54:37,075 : INFO : ball_device.bd_kicker_orbit : State: waiting_for_target_ready
2024-10-14 21:54:37,075 : INFO : EventManager : Event: ======'balldevice_bd_kicker_orbit_ball_eject_attempt'====== Args={'balls': 1, 'target': <playfield.playfield>, 'source': <ball_device.bd_kicker_orbit>, 'mechanical_eject': False, 'num_attempts': 0}
2024-10-14 21:54:37,075 : INFO : ball_device.bd_kicker_orbit : State: ejecting
2024-10-14 21:54:37,075 : INFO : ball_device.bd_kicker_orbit : Ejecting ball to <playfield.playfield>
2024-10-14 21:54:37,075 : INFO : EventManager : Event: ======'balldevice_bd_kicker_orbit_ejecting_ball'====== Args={'balls': 1, 'target': <playfield.playfield>, 'source': <ball_device.bd_kicker_orbit>, 'mechanical_eject': False, 'num_attempts': 0}
2024-10-14 21:54:37,076 : INFO : ball_device.bd_kicker_orbit : Wait for ball to leave device
2024-10-14 21:54:37,076 : INFO : coil.c_kicker_orbit : Pulsing Driver for 20ms (1.0 pulse_power)
2024-10-14 21:54:37,101 : INFO : SwitchController : <<<<<<< 's_kicker_orbit' inactive >>>>>>>
2024-10-14 21:54:37,102 : INFO : ball_device.bd_kicker_orbit : State: ball_left
2024-10-14 21:54:37,103 : INFO : ball_device.bd_kicker_orbit : Ball left
2024-10-14 21:54:37,103 : INFO : ball_device.bd_kicker_orbit : Wait for confirm with timeout 1.0
2024-10-14 21:54:37,627 : INFO : SwitchController : <<<<<<< 's_orbit_small_l' active >>>>>>>
2024-10-14 21:54:37,654 : INFO : SwitchController : <<<<<<< 's_orbit_small_l' inactive >>>>>>>
2024-10-14 21:54:38,104 : INFO : ball_device.bd_kicker_orbit : State: failed_confirm
2024-10-14 21:54:38,105 : INFO : ball_device.bd_kicker_orbit : Got timeout (1.0s) before confirm from <playfield.playfield>
2024-10-14 21:54:38,206 : INFO : ball_device.bd_kicker_orbit : Confirming eject because target is playfield and ball did not return.
2024-10-14 21:54:38,207 : INFO : ball_device.bd_kicker_orbit : Eject successful
2024-10-14 21:54:38,207 : INFO : EventManager : Event: ======'balldevice_bd_kicker_orbit_ball_eject_success'====== Args={'balls': 1, 'target': <playfield.playfield>}
2024-10-14 21:54:38,208 : INFO : EventManager : Event: ======'balldevice_playfield_ball_enter'====== Args={'new_balls': 1, 'unclaimed_balls': 1, 'device': <playfield.playfield>}
2024-10-14 21:54:38,208 : INFO : EventManager : Event: ======'playfield_ball_count_change'====== Args={'balls': 1, 'change': 1}
2024-10-14 21:54:38,208 : INFO : EventManager : Event: ======'balldevice_bd_kicker_orbit_ball_count_changed'====== Args={'balls': 0}
2024-10-14 21:54:38,209 : INFO : ball_device.bd_kicker_orbit : State: idle
2024-10-14 21:54:38,255 : INFO : SwitchController : <<<<<<< 's_flipper_but_l_1' active >>>>>>>
2024-10-14 21:54:38,256 : INFO : SwitchController : <<<<<<< 's_flipper_but_l_2' active >>>>>>>
2024-10-14 21:54:38,334 : INFO : SwitchController : <<<<<<< 's_pop' active >>>>>>>
2024-10-14 21:54:38,361 : INFO : SwitchController : <<<<<<< 's_pop' inactive >>>>>>>
2024-10-14 21:54:38,398 : INFO : SwitchController : <<<<<<< 's_flipper_but_l_2' inactive >>>>>>>
2024-10-14 21:54:38,402 : INFO : SwitchController : <<<<<<< 's_flipper_but_l_1' inactive >>>>>>>
2024-10-14 21:54:38,864 : INFO : SwitchController : <<<<<<< 's_flipper_but_r_1' active >>>>>>>
2024-10-14 21:54:38,872 : INFO : SwitchController : <<<<<<< 's_flipper_but_r_2' active >>>>>>>
2024-10-14 21:54:39,056 : INFO : SwitchController : <<<<<<< 's_flipper_but_r_2' inactive >>>>>>>
2024-10-14 21:54:39,083 : INFO : SwitchController : <<<<<<< 's_flipper_but_r_1' inactive >>>>>>>
2024-10-14 21:54:39,087 : INFO : SwitchController : <<<<<<< 's_flipper_but_l_1' active >>>>>>>
2024-10-14 21:54:39,091 : INFO : SwitchController : <<<<<<< 's_flipper_but_l_2' active >>>>>>>
2024-10-14 21:54:39,244 : INFO : SwitchController : <<<<<<< 's_flipper_but_r_1' active >>>>>>>
2024-10-14 21:54:39,249 : INFO : SwitchController : <<<<<<< 's_flipper_but_l_2' inactive >>>>>>>
2024-10-14 21:54:39,271 : INFO : SwitchController : <<<<<<< 's_flipper_but_l_1' inactive >>>>>>>
2024-10-14 21:54:39,271 : INFO : SwitchController : <<<<<<< 's_flipper_but_r_2' active >>>>>>>
2024-10-14 21:54:39,447 : INFO : SwitchController : <<<<<<< 's_flipper_but_r_2' inactive >>>>>>>
2024-10-14 21:54:39,473 : INFO : SwitchController : <<<<<<< 's_flipper_but_r_1' inactive >>>>>>>
2024-10-14 21:54:39,805 : INFO : SwitchController : <<<<<<< 's_trough_6' active >>>>>>>
2024-10-14 21:54:39,899 : INFO : SwitchController : <<<<<<< 's_trough_6' inactive >>>>>>>
2024-10-14 21:54:39,906 : INFO : SwitchController : <<<<<<< 's_trough_6' active >>>>>>>
2024-10-14 21:54:39,955 : INFO : SwitchController : <<<<<<< 's_trough_6' inactive >>>>>>>
2024-10-14 21:54:39,959 : INFO : SwitchController : <<<<<<< 's_trough_5' active >>>>>>>
2024-10-14 21:54:40,033 : INFO : SwitchController : <<<<<<< 's_trough_5' inactive >>>>>>>
2024-10-14 21:54:40,080 : INFO : SwitchController : <<<<<<< 's_trough_4' active >>>>>>>
2024-10-14 21:54:40,146 : INFO : SwitchController : <<<<<<< 's_trough_4' inactive >>>>>>>
2024-10-14 21:54:40,181 : INFO : SwitchController : <<<<<<< 's_trough_3' active >>>>>>>
2024-10-14 21:54:40,250 : INFO : SwitchController : <<<<<<< 's_trough_3' inactive >>>>>>>
2024-10-14 21:54:40,280 : INFO : SwitchController : <<<<<<< 's_trough_2' active >>>>>>>
2024-10-14 21:54:40,334 : INFO : SwitchController : <<<<<<< 's_trough_2' inactive >>>>>>>
2024-10-14 21:54:40,360 : INFO : SwitchController : <<<<<<< 's_trough_1' active >>>>>>>
2024-10-14 21:54:40,361 : INFO : SwitchController : <<<<<<< 's_trough_6' active >>>>>>>
2024-10-14 21:54:40,387 : INFO : SwitchController : <<<<<<< 's_trough_6' inactive >>>>>>>
2024-10-14 21:54:40,456 : INFO : SwitchController : <<<<<<< 's_trough_1' inactive >>>>>>>
2024-10-14 21:54:40,621 : INFO : SwitchController : <<<<<<< 's_trough_1' active >>>>>>>
2024-10-14 21:54:41,122 : INFO : EventManager : Event: ======'balldevice_bd_trough_ball_count_changed'====== Args={'balls': 1}
2024-10-14 21:54:41,123 : INFO : ball_device.bd_trough : Received unexpected ball
2024-10-14 21:54:41,123 : INFO : EventManager : Event: ======'balldevice_captured_from_playfield'====== Args={'balls': 1}
2024-10-14 21:54:41,123 : INFO : EventManager : Event: ======'sw_playfield_active'====== Args={'balls': 1}
2024-10-14 21:54:41,124 : INFO : EventManager : Event: ======'playfield_ball_count_change'====== Args={'balls': 0, 'change': -1}
2024-10-14 21:54:41,125 : INFO : EventManager : Event: ======'balldevice_bd_trough_ball_enter'====== Args={'new_balls': 1, 'unclaimed_balls': 1, 'new_available_balls': 1, 'device': <ball_device.bd_trough>}
2024-10-14 21:54:41,125 : INFO : EventManager : Event: ======'ball_drain'====== Args={'device': <ball_device.bd_trough>, 'balls': 1}
2024-10-14 21:54:41,125 : INFO : EventManager : Event: ======'collecting_balls_complete'====== Args={}
2024-10-14 21:54:41,126 : INFO : EventManager : Event: ======'balldevice_balls_available'====== Args={}
2024-10-14 21:54:41,126 : INFO : EventManager : Event: ======'balldevice_bd_trough_ball_entered'====== Args={'new_balls': 1, 'device': <ball_device.bd_trough>}
2024-10-14 21:54:42,014 : INFO : SwitchController : <<<<<<< 's_start' active >>>>>>>
2024-10-14 21:54:42,187 : INFO : SwitchController : <<<<<<< 's_start' inactive >>>>>>>
2024-10-14 21:54:42,187 : INFO : EventManager : Event: ======'request_to_start_game'====== Args={}
2024-10-14 21:54:42,188 : INFO : EventManager : Event: ======'game_start'====== Args={'buttons': [], 'hold_time': 0.17237304100000017}
2024-10-14 21:54:42,188 : INFO : EventManager : Event: ======'mode_game_will_start'====== Args={'buttons': [], 'hold_time': 0.17237304100000017}
2024-10-14 21:54:42,189 : INFO : EventManager : Event: ======'mode_game_starting'====== Args={'buttons': [], 'hold_time': 0.17237304100000017}
2024-10-14 21:54:42,190 : INFO : EventManager : Event: ======'mode_attract_will_stop'====== Args={}
2024-10-14 21:54:42,190 : INFO : EventManager : Event: ======'mode_attract_stopping'====== Args={}
2024-10-14 21:54:42,190 : INFO : Mode.attract : Stopped.
2024-10-14 21:54:42,190 : INFO : EventManager : Event: ======'modes_active_modes_changed'====== Args={}
2024-10-14 21:54:42,190 : INFO : EventManager : Event: ======'mode_attract_stopped'====== Args={}
2024-10-14 21:54:42,190 : INFO : EventManager : Event: ======'clear'====== Args={'key': 'attract'}
2024-10-14 21:54:42,190 : INFO : Mode.game : Started. Priority: 20
2024-10-14 21:54:42,190 : INFO : EventManager : Event: ======'modes_active_modes_changed'====== Args={}
2024-10-14 21:54:42,191 : INFO : EventManager : Event: ======'mode_game_started'====== Args={'buttons': [], 'hold_time': 0.17237304100000017}
2024-10-14 21:54:42,191 : INFO : EventManager : Event: ======'game_will_start'====== Args={}
2024-10-14 21:54:42,192 : INFO : EventManager : Event: ======'game_starting'====== Args={'game': <Mode.game>}
2024-10-14 21:54:42,192 : INFO : EventManager : Unordered handler for class <Auditor> on event game_ended with priority 1. Handlers: [RegisteredHandler(callback=<bound method Auditor.disable of <Auditor>>, priority=1, kwargs={}, key=UUID('45c567c3-9604-4881-81cb-791d555e75be'), condition=None, blocking_facility=None), RegisteredHandler(callback=<bound method Auditor._save_audits of <Auditor>>, priority=1, kwargs={}, key=UUID('08d0bbcf-a584-4c55-94cf-7c0f7afd7234'), condition=None, blocking_facility=None)]. The order of those handlers is not defined and they will be executed in random order. This might lead to race conditions and potential bugs.
2024-10-14 21:54:42,193 : INFO : EventManager : Event: ======'player_add_request'====== Args={}
2024-10-14 21:54:42,193 : INFO : EventManager : Event: ======'player_will_add'====== Args={'number': 1}
2024-10-14 21:54:42,193 : INFO : EventManager : Event: ======'player_adding'====== Args={'player': <Player 1>, 'number': 1}
2024-10-14 21:54:42,193 : INFO : EventManager : Event: ======'player_added'====== Args={'player': <Player 1>, 'num': 1}
2024-10-14 21:54:42,193 : INFO : Mode.game : Player added successfully. Total players: 1
2024-10-14 21:54:42,193 : INFO : EventManager : Event: ======'player_index'====== Args={'value': 0, 'prev_value': 0, 'change': 0, 'player_num': 1}
2024-10-14 21:54:42,193 : INFO : EventManager : Event: ======'player_number'====== Args={'value': 1, 'prev_value': 1, 'change': 0, 'player_num': 1}
2024-10-14 21:54:42,193 : INFO : EventManager : Event: ======'player_score'====== Args={'value': 0, 'prev_value': 0, 'change': 0, 'player_num': 1}
2024-10-14 21:54:42,194 : INFO : EventManager : Event: ======'game_started'====== Args={}
2024-10-14 21:54:42,194 : INFO : EventManager : Event: ======'player_turn_will_start'====== Args={'player': <Player 1>, 'number': 1}
2024-10-14 21:54:42,195 : INFO : EventManager : Event: ======'player_turn_starting'====== Args={'player': <Player 1>, 'number': 1}
2024-10-14 21:54:42,195 : INFO : EventManager : Event: ======'player_ball'====== Args={'value': 1, 'prev_value': 0, 'change': 1, 'player_num': 1}
2024-10-14 21:54:42,195 : INFO : EventManager : Event: ======'player_turn_started'====== Args={'player': <Player 1>, 'number': 1}
2024-10-14 21:54:42,196 : INFO : EventManager : Event: ======'ball_will_start'====== Args={'player': 1, 'ball': 1, 'balls_remaining': 2, 'is_extra_ball': False}
2024-10-14 21:54:42,196 : INFO : EventManager : Event: ======'ball_starting'====== Args={'player': 1, 'ball': 1, 'balls_remaining': 2, 'is_extra_ball': False}
2024-10-14 21:54:42,196 : INFO : EventManager : Event: ======'balls_in_play'====== Args={'balls': 1}
2024-10-14 21:54:42,196 : INFO : EventManager : Event: ======'ball_started'====== Args={'player': 1, 'ball': 1, 'balls_remaining': 2, 'is_extra_ball': False}
2024-10-14 21:54:42,204 : INFO : EventManager : Event: ======'single_player_ball_started'====== Args={}
2024-10-14 21:54:42,209 : INFO : EventManager : Event: ======'ball_start_target'====== Args={'target': 'playfield'}
2024-10-14 21:54:42,209 : INFO : ball_device.bd_autolauncher : Setting up player-controlled eject. Balls: 1, Target: <playfield.playfield>, player_controlled_eject_event: sw_launch
2024-10-14 21:54:42,210 : INFO : EventManager : Event: ======'balldevice_balls_available'====== Args={}
2024-10-14 21:54:42,210 : INFO : ball_device.bd_trough : State: waiting_for_target_ready
2024-10-14 21:54:42,210 : INFO : EventManager : Event: ======'balldevice_bd_trough_ball_eject_attempt'====== Args={'balls': 1, 'target': <ball_device.bd_autolauncher>, 'source': <ball_device.bd_trough>, 'mechanical_eject': True, 'num_attempts': 0}
2024-10-14 21:54:42,210 : INFO : ball_device.bd_autolauncher : State: waiting_for_ball
2024-10-14 21:54:42,210 : INFO : ball_device.bd_trough : State: ejecting
2024-10-14 21:54:42,210 : INFO : ball_device.bd_trough : Ejecting ball to <ball_device.bd_autolauncher>
2024-10-14 21:54:42,210 : INFO : EventManager : Event: ======'balldevice_bd_trough_ejecting_ball'====== Args={'balls': 1, 'target': <ball_device.bd_autolauncher>, 'source': <ball_device.bd_trough>, 'mechanical_eject': True, 'num_attempts': 0}
2024-10-14 21:54:42,210 : INFO : ball_device.bd_trough : Wait for ball to leave device
2024-10-14 21:54:42,210 : INFO : coil.c_trough : Pulsing Driver for 15ms (1.0 pulse_power)
2024-10-14 21:54:42,234 : INFO : SwitchController : <<<<<<< 's_trough_jam' active >>>>>>>
2024-10-14 21:54:42,234 : INFO : EventManager : Event: ======'machine_var_audits_switches_s_trough_jam'====== Args={'value': 7, 'prev_value': 6, 'change': 1}
2024-10-14 21:54:42,241 : INFO : SwitchController : <<<<<<< 's_trough_jam' inactive >>>>>>>
2024-10-14 21:54:42,304 : INFO : SwitchController : <<<<<<< 's_trough_1' inactive >>>>>>>
2024-10-14 21:54:42,305 : INFO : ball_device.bd_trough : State: ball_left
2024-10-14 21:54:42,305 : INFO : ball_device.bd_trough : Ball left
2024-10-14 21:54:42,305 : INFO : ball_device.bd_trough : Wait for confirm with timeout 1.0
2024-10-14 21:54:42,521 : INFO : SwitchController : <<<<<<< 's_autolauncher' active >>>>>>>
2024-10-14 21:54:42,522 : INFO : EventManager : Event: ======'machine_var_audits_switches_s_autolauncher'====== Args={'value': 7, 'prev_value': 6, 'change': 1}
2024-10-14 21:54:42,822 : INFO : ball_device.bd_autolauncher : Received ball from <ball_device.bd_trough>
2024-10-14 21:54:42,823 : INFO : EventManager : Event: ======'balldevice_bd_autolauncher_ball_enter'====== Args={'new_balls': 1, 'unclaimed_balls': 0, 'new_available_balls': 0, 'device': <ball_device.bd_autolauncher>}
2024-10-14 21:54:42,824 : INFO : EventManager : Event: ======'balldevice_bd_autolauncher_ball_entered'====== Args={'new_balls': 0, 'device': <ball_device.bd_autolauncher>}
2024-10-14 21:54:42,824 : INFO : EventManager : Event: ======'balldevice_bd_autolauncher_ball_count_changed'====== Args={'balls': 1}
2024-10-14 21:54:42,824 : INFO : ball_device.bd_trough : Got eject confirm
2024-10-14 21:54:42,824 : INFO : ball_device.bd_trough : Eject successful
2024-10-14 21:54:42,824 : INFO : EventManager : Event: ======'balldevice_bd_trough_ball_eject_success'====== Args={'balls': 1, 'target': <ball_device.bd_autolauncher>}
2024-10-14 21:54:42,825 : INFO : ball_device.bd_autolauncher : State: waiting_for_target_ready
2024-10-14 21:54:42,825 : INFO : EventManager : Event: ======'balldevice_bd_autolauncher_ball_eject_attempt'====== Args={'balls': 1, 'target': <playfield.playfield>, 'source': <ball_device.bd_autolauncher>, 'mechanical_eject': True, 'num_attempts': 0}
2024-10-14 21:54:42,825 : INFO : EventManager : Event: ======'balldevice_bd_trough_ball_count_changed'====== Args={'balls': 0}
2024-10-14 21:54:42,825 : INFO : ball_device.bd_trough : State: idle
2024-10-14 21:54:42,826 : INFO : ball_device.bd_autolauncher : State: ejecting
2024-10-14 21:54:42,826 : INFO : ball_device.bd_autolauncher : Ejecting ball to <playfield.playfield>
2024-10-14 21:54:42,826 : INFO : EventManager : Event: ======'balldevice_bd_autolauncher_ejecting_ball'====== Args={'balls': 1, 'target': <playfield.playfield>, 'source': <ball_device.bd_autolauncher>, 'mechanical_eject': True, 'num_attempts': 0}
2024-10-14 21:54:42,827 : INFO : ball_device.bd_autolauncher : Wait for ball to leave device
2024-10-14 21:54:43,566 : INFO : SwitchController : <<<<<<< 's_launch' active >>>>>>>
2024-10-14 21:54:43,567 : INFO : EventManager : Event: ======'sw_launch'====== Args={}
2024-10-14 21:54:43,567 : INFO : EventManager : Event: ======'machine_var_audits_switches_s_launch'====== Args={'value': 10, 'prev_value': 9, 'change': 1}
2024-10-14 21:54:43,569 : INFO : coil.c_autolauncher : Pulsing Driver for 15ms (1.0 pulse_power)
2024-10-14 21:54:43,594 : INFO : SwitchController : <<<<<<< 's_autolauncher' inactive >>>>>>>
2024-10-14 21:54:43,595 : INFO : ball_device.bd_autolauncher : State: ball_left
2024-10-14 21:54:43,595 : INFO : ball_device.bd_autolauncher : Ball left
2024-10-14 21:54:43,595 : INFO : ball_device.bd_autolauncher : Wait for confirm with timeout 3.0
2024-10-14 21:54:43,699 : INFO : SwitchController : <<<<<<< 's_launch' inactive >>>>>>>
2024-10-14 21:54:44,090 : INFO : SwitchController : <<<<<<< 's_vuk_back' active >>>>>>>
2024-10-14 21:54:44,090 : INFO : EventManager : Event: ======'machine_var_audits_switches_s_vuk_back'====== Args={'value': 1, 'prev_value': 0, 'change': 1}
2024-10-14 21:54:44,591 : INFO : EventManager : Event: ======'balldevice_bd_vuk_back_ball_count_changed'====== Args={'balls': 1}
2024-10-14 21:54:44,591 : INFO : ball_device.bd_vuk_back : Received unexpected ball
2024-10-14 21:54:44,592 : INFO : EventManager : Event: ======'balldevice_captured_from_playfield'====== Args={'balls': 1}
2024-10-14 21:54:44,592 : INFO : EventManager : Event: ======'sw_playfield_active'====== Args={'balls': 1}
2024-10-14 21:54:44,592 : INFO : EventManager : Event: ======'playfield_active'====== Args={}
2024-10-14 21:54:44,593 : INFO : EventManager : Event: ======'playfield_ball_count_change'====== Args={'balls': -1, 'change': -1}
2024-10-14 21:54:44,593 : INFO : EventManager : Event: ======'balldevice_bd_vuk_back_ball_enter'====== Args={'new_balls': 1, 'unclaimed_balls': 1, 'new_available_balls': 1, 'device': <ball_device.bd_vuk_back>}
2024-10-14 21:54:44,594 : INFO : ball_device.bd_autolauncher : Got eject confirm
2024-10-14 21:54:44,594 : INFO : ball_device.bd_autolauncher : Eject successful
2024-10-14 21:54:44,594 : INFO : EventManager : Event: ======'balldevice_bd_autolauncher_ball_eject_success'====== Args={'balls': 1, 'target': <playfield.playfield>}
2024-10-14 21:54:44,594 : INFO : ball_device.bd_vuk_back : Ejecting 1 unexpected balls using path deque([<ball_device.bd_vuk_back>, <playfield.playfield>])
2024-10-14 21:54:44,594 : INFO : EventManager : Event: ======'balldevice_balls_available'====== Args={}
2024-10-14 21:54:44,594 : INFO : EventManager : Event: ======'balldevice_balls_available'====== Args={}
2024-10-14 21:54:44,594 : INFO : EventManager : Event: ======'balldevice_bd_vuk_back_ball_entered'====== Args={'new_balls': 1, 'device': <ball_device.bd_vuk_back>}
2024-10-14 21:54:44,595 : INFO : EventManager : Event: ======'balldevice_playfield_ball_enter'====== Args={'new_balls': 1, 'unclaimed_balls': 1, 'device': <playfield.playfield>}
2024-10-14 21:54:44,595 : INFO : EventManager : Event: ======'playfield_ball_count_change'====== Args={'balls': 0, 'change': 1}
2024-10-14 21:54:44,595 : INFO : EventManager : Event: ======'balldevice_bd_autolauncher_ball_count_changed'====== Args={'balls': 0}
2024-10-14 21:54:44,595 : INFO : ball_device.bd_autolauncher : State: idle
2024-10-14 21:54:44,596 : INFO : ball_device.bd_vuk_back : State: waiting_for_target_ready
2024-10-14 21:54:44,596 : INFO : EventManager : Event: ======'balldevice_bd_vuk_back_ball_eject_attempt'====== Args={'balls': 1, 'target': <playfield.playfield>, 'source': <ball_device.bd_vuk_back>, 'mechanical_eject': False, 'num_attempts': 0}
2024-10-14 21:54:44,597 : INFO : ball_device.bd_vuk_back : State: ejecting
2024-10-14 21:54:44,597 : INFO : ball_device.bd_vuk_back : Ejecting ball to <playfield.playfield>
2024-10-14 21:54:44,597 : INFO : EventManager : Event: ======'balldevice_bd_vuk_back_ejecting_ball'====== Args={'balls': 1, 'target': <playfield.playfield>, 'source': <ball_device.bd_vuk_back>, 'mechanical_eject': False, 'num_attempts': 0}
2024-10-14 21:54:44,597 : INFO : ball_device.bd_vuk_back : Wait for ball to leave device
2024-10-14 21:54:44,598 : INFO : coil.c_vuk_back : Pulsing Driver for 30ms (1.0 pulse_power)
2024-10-14 21:54:44,663 : INFO : SwitchController : <<<<<<< 's_vuk_back' inactive >>>>>>>
2024-10-14 21:54:44,664 : INFO : ball_device.bd_vuk_back : State: ball_left
2024-10-14 21:54:44,664 : INFO : ball_device.bd_vuk_back : Ball left
2024-10-14 21:54:44,665 : INFO : ball_device.bd_vuk_back : Wait for confirm with timeout 2.0
2024-10-14 21:54:45,166 : INFO : SwitchController : <<<<<<< 's_flipper_but_r_1' active >>>>>>>
2024-10-14 21:54:45,167 : INFO : EventManager : Event: ======'machine_var_audits_switches_s_flipper_but_r_1'====== Args={'value': 39, 'prev_value': 38, 'change': 1}
2024-10-14 21:54:45,169 : INFO : SwitchController : <<<<<<< 's_flipper_but_r_2' active >>>>>>>
2024-10-14 21:54:45,169 : INFO : EventManager : Event: ======'machine_var_audits_switches_s_flipper_but_r_2'====== Args={'value': 37, 'prev_value': 36, 'change': 1}
2024-10-14 21:54:45,194 : INFO : SwitchController : <<<<<<< 's_flipper_r' active >>>>>>>
2024-10-14 21:54:45,194 : INFO : EventManager : Event: ======'machine_var_audits_switches_s_flipper_r'====== Args={'value': 66, 'prev_value': 65, 'change': 1}
2024-10-14 21:54:45,195 : INFO : SwitchController : <<<<<<< 's_trough_4' active >>>>>>>
2024-10-14 21:54:45,195 : INFO : EventManager : Event: ======'machine_var_audits_switches_s_trough_4'====== Args={'value': 9, 'prev_value': 8, 'change': 1}
2024-10-14 21:54:45,196 : INFO : SwitchController : <<<<<<< 's_b_eos' active >>>>>>>
2024-10-14 21:54:45,196 : INFO : EventManager : Event: ======'machine_var_audits_switches_s_b_eos'====== Args={'value': 1, 'prev_value': 0, 'change': 1}
2024-10-14 21:54:45,489 : INFO : SwitchController : <<<<<<< 's_flipper_but_l_1' active >>>>>>>
2024-10-14 21:54:45,490 : INFO : EventManager : Event: ======'machine_var_audits_switches_s_flipper_but_l_1'====== Args={'value': 48, 'prev_value': 47, 'change': 1}
2024-10-14 21:54:45,495 : INFO : SwitchController : <<<<<<< 's_flipper_but_l_2' active >>>>>>>
2024-10-14 21:54:45,495 : INFO : EventManager : Event: ======'machine_var_audits_switches_s_flipper_but_l_2'====== Args={'value': 46, 'prev_value': 45, 'change': 1}
2024-10-14 21:54:45,497 : INFO : SwitchController : <<<<<<< 's_flipper_but_r_2' inactive >>>>>>>
2024-10-14 21:54:45,516 : INFO : SwitchController : <<<<<<< 's_flipper_but_r_1' inactive >>>>>>>
2024-10-14 21:54:45,516 : INFO : SwitchController : <<<<<<< 's_flipper_l' active >>>>>>>
2024-10-14 21:54:45,516 : INFO : EventManager : Event: ======'machine_var_audits_switches_s_flipper_l'====== Args={'value': 55, 'prev_value': 54, 'change': 1}
2024-10-14 21:54:45,517 : INFO : SwitchController : <<<<<<< 's_lower_vuk' active >>>>>>>
2024-10-14 21:54:45,517 : INFO : EventManager : Event: ======'machine_var_audits_switches_s_lower_vuk'====== Args={'value': 1, 'prev_value': 0, 'change': 1}
2024-10-14 21:54:45,517 : INFO : SwitchController : <<<<<<< 's_trough_4' inactive >>>>>>>
2024-10-14 21:54:45,517 : INFO : SwitchController : <<<<<<< 's_flipper_upper_l' active >>>>>>>
2024-10-14 21:54:45,517 : INFO : EventManager : Event: ======'machine_var_audits_switches_s_flipper_upper_l'====== Args={'value': 42, 'prev_value': 41, 'change': 1}
2024-10-14 21:54:45,579 : INFO : SwitchController : <<<<<<< 's_flipper_r' inactive >>>>>>>
2024-10-14 21:54:45,587 : INFO : SwitchController : <<<<<<< 's_b_eos' inactive >>>>>>>
2024-10-14 21:54:45,612 : INFO : SwitchController : <<<<<<< 's_flipper_but_l_2' inactive >>>>>>>
2024-10-14 21:54:45,636 : INFO : SwitchController : <<<<<<< 's_flipper_but_l_1' inactive >>>>>>>
2024-10-14 21:54:45,657 : INFO : SwitchController : <<<<<<< 's_lower_vuk' inactive >>>>>>>
2024-10-14 21:54:45,716 : INFO : SwitchController : <<<<<<< 's_flipper_upper_l' inactive >>>>>>>
2024-10-14 21:54:45,717 : INFO : SwitchController : <<<<<<< 's_flipper_l' inactive >>>>>>>
2024-10-14 21:54:46,583 : INFO : SwitchController : <<<<<<< 's_flipper_but_l_1' active >>>>>>>
2024-10-14 21:54:46,584 : INFO : EventManager : Event: ======'machine_var_audits_switches_s_flipper_but_l_1'====== Args={'value': 49, 'prev_value': 48, 'change': 1}
2024-10-14 21:54:46,610 : INFO : SwitchController : <<<<<<< 's_flipper_but_l_2' active >>>>>>>
2024-10-14 21:54:46,610 : INFO : EventManager : Event: ======'machine_var_audits_switches_s_flipper_but_l_2'====== Args={'value': 47, 'prev_value': 46, 'change': 1}
2024-10-14 21:54:46,610 : INFO : SwitchController : <<<<<<< 's_flipper_l' active >>>>>>>
2024-10-14 21:54:46,611 : INFO : EventManager : Event: ======'machine_var_audits_switches_s_flipper_l'====== Args={'value': 56, 'prev_value': 55, 'change': 1}
2024-10-14 21:54:46,611 : INFO : SwitchController : <<<<<<< 's_flipper_upper_l' active >>>>>>>
2024-10-14 21:54:46,611 : INFO : EventManager : Event: ======'machine_var_audits_switches_s_flipper_upper_l'====== Args={'value': 43, 'prev_value': 42, 'change': 1}
2024-10-14 21:54:46,614 : INFO : SwitchController : <<<<<<< 's_lower_vuk' active >>>>>>>
2024-10-14 21:54:46,614 : INFO : EventManager : Event: ======'machine_var_audits_switches_s_lower_vuk'====== Args={'value': 2, 'prev_value': 1, 'change': 1}
2024-10-14 21:54:46,666 : INFO : ball_device.bd_vuk_back : State: failed_confirm
2024-10-14 21:54:46,666 : INFO : ball_device.bd_vuk_back : Got timeout (2.0s) before confirm from <playfield.playfield>
2024-10-14 21:54:46,768 : INFO : ball_device.bd_vuk_back : Confirming eject because target is playfield and ball did not return.
2024-10-14 21:54:46,768 : INFO : ball_device.bd_vuk_back : Eject successful
2024-10-14 21:54:46,769 : INFO : EventManager : Event: ======'balldevice_bd_vuk_back_ball_eject_success'====== Args={'balls': 1, 'target': <playfield.playfield>}
2024-10-14 21:54:46,769 : INFO : EventManager : Event: ======'balldevice_playfield_ball_enter'====== Args={'new_balls': 1, 'unclaimed_balls': 1, 'device': <playfield.playfield>}
2024-10-14 21:54:46,769 : INFO : EventManager : Event: ======'playfield_ball_count_change'====== Args={'balls': 1, 'change': 1}
2024-10-14 21:54:46,770 : INFO : EventManager : Event: ======'balldevice_bd_vuk_back_ball_count_changed'====== Args={'balls': 0}
2024-10-14 21:54:46,770 : INFO : ball_device.bd_vuk_back : State: idle
2024-10-14 21:54:46,990 : INFO : SwitchController : <<<<<<< 's_flipper_but_l_2' inactive >>>>>>>
2024-10-14 21:54:47,000 : INFO : SwitchController : <<<<<<< 's_flipper_but_l_1' inactive >>>>>>>
2024-10-14 21:54:47,036 : INFO : SwitchController : <<<<<<< 's_lower_vuk' inactive >>>>>>>
2024-10-14 21:54:47,089 : INFO : SwitchController : <<<<<<< 's_flipper_l' inactive >>>>>>>
2024-10-14 21:54:47,090 : INFO : SwitchController : <<<<<<< 's_flipper_upper_l' inactive >>>>>>>
2024-10-14 21:54:47,098 : INFO : SwitchController : <<<<<<< 's_flipper_l' active >>>>>>>
2024-10-14 21:54:47,099 : INFO : EventManager : Event: ======'machine_var_audits_switches_s_flipper_l'====== Args={'value': 57, 'prev_value': 56, 'change': 1}
2024-10-14 21:54:47,114 : INFO : SwitchController : <<<<<<< 's_flipper_l' inactive >>>>>>>
2024-10-14 21:54:47,402 : INFO : SwitchController : <<<<<<< 's_flipper_but_r_1' active >>>>>>>
2024-10-14 21:54:47,402 : INFO : EventManager : Event: ======'machine_var_audits_switches_s_flipper_but_r_1'====== Args={'value': 40, 'prev_value': 39, 'change': 1}
2024-10-14 21:54:47,411 : INFO : SwitchController : <<<<<<< 's_flipper_but_r_2' active >>>>>>>
2024-10-14 21:54:47,411 : INFO : EventManager : Event: ======'machine_var_audits_switches_s_flipper_but_r_2'====== Args={'value': 38, 'prev_value': 37, 'change': 1}
2024-10-14 21:54:47,427 : INFO : SwitchController : <<<<<<< 's_flipper_r' active >>>>>>>
2024-10-14 21:54:47,427 : INFO : EventManager : Event: ======'machine_var_audits_switches_s_flipper_r'====== Args={'value': 67, 'prev_value': 66, 'change': 1}
2024-10-14 21:54:47,432 : INFO : SwitchController : <<<<<<< 's_b_eos' active >>>>>>>
2024-10-14 21:54:47,432 : INFO : EventManager : Event: ======'machine_var_audits_switches_s_b_eos'====== Args={'value': 2, 'prev_value': 1, 'change': 1}
2024-10-14 21:54:47,434 : INFO : SwitchController : <<<<<<< 's_flipper_but_l_1' active >>>>>>>
2024-10-14 21:54:47,434 : INFO : EventManager : Event: ======'machine_var_audits_switches_s_flipper_but_l_1'====== Args={'value': 50, 'prev_value': 49, 'change': 1}
2024-10-14 21:54:47,452 : INFO : SwitchController : <<<<<<< 's_flipper_but_l_2' active >>>>>>>
2024-10-14 21:54:47,452 : INFO : EventManager : Event: ======'machine_var_audits_switches_s_flipper_but_l_2'====== Args={'value': 48, 'prev_value': 47, 'change': 1}
2024-10-14 21:54:47,454 : INFO : SwitchController : <<<<<<< 's_flipper_l' active >>>>>>>
2024-10-14 21:54:47,454 : INFO : EventManager : Event: ======'machine_var_audits_switches_s_flipper_l'====== Args={'value': 58, 'prev_value': 57, 'change': 1}
2024-10-14 21:54:47,460 : INFO : SwitchController : <<<<<<< 's_flipper_upper_l' active >>>>>>>
2024-10-14 21:54:47,460 : INFO : EventManager : Event: ======'machine_var_audits_switches_s_flipper_upper_l'====== Args={'value': 44, 'prev_value': 43, 'change': 1}
2024-10-14 21:54:47,470 : INFO : SwitchController : <<<<<<< 's_lower_vuk' active >>>>>>>
2024-10-14 21:54:47,470 : INFO : EventManager : Event: ======'machine_var_audits_switches_s_lower_vuk'====== Args={'value': 3, 'prev_value': 2, 'change': 1}
2024-10-14 21:54:47,575 : INFO : SwitchController : <<<<<<< 's_flipper_but_l_2' inactive >>>>>>>
2024-10-14 21:54:47,602 : INFO : SwitchController : <<<<<<< 's_flipper_but_l_1' inactive >>>>>>>
2024-10-14 21:54:47,622 : INFO : SwitchController : <<<<<<< 's_lower_vuk' inactive >>>>>>>
2024-10-14 21:54:47,682 : INFO : SwitchController : <<<<<<< 's_flipper_upper_l' inactive >>>>>>>
2024-10-14 21:54:47,685 : INFO : SwitchController : <<<<<<< 's_flipper_l' inactive >>>>>>>
2024-10-14 21:54:47,862 : INFO : SwitchController : <<<<<<< 's_flipper_but_r_2' inactive >>>>>>>
2024-10-14 21:54:47,870 : INFO : SwitchController : <<<<<<< 's_flipper_but_r_1' inactive >>>>>>>
2024-10-14 21:54:47,952 : INFO : SwitchController : <<<<<<< 's_flipper_but_l_1' active >>>>>>>
2024-10-14 21:54:47,952 : INFO : EventManager : Event: ======'machine_var_audits_switches_s_flipper_but_l_1'====== Args={'value': 51, 'prev_value': 50, 'change': 1}
2024-10-14 21:54:47,953 : INFO : SwitchController : <<<<<<< 's_flipper_r' inactive >>>>>>>
2024-10-14 21:54:47,955 : INFO : SwitchController : <<<<<<< 's_b_eos' inactive >>>>>>>
2024-10-14 21:54:47,959 : INFO : SwitchController : <<<<<<< 's_flipper_but_l_2' active >>>>>>>
2024-10-14 21:54:47,959 : INFO : EventManager : Event: ======'machine_var_audits_switches_s_flipper_but_l_2'====== Args={'value': 49, 'prev_value': 48, 'change': 1}
2024-10-14 21:54:47,978 : INFO : SwitchController : <<<<<<< 's_lower_vuk' active >>>>>>>
2024-10-14 21:54:47,978 : INFO : EventManager : Event: ======'machine_var_audits_switches_s_lower_vuk'====== Args={'value': 4, 'prev_value': 3, 'change': 1}
2024-10-14 21:54:47,978 : INFO : SwitchController : <<<<<<< 's_flipper_upper_l' active >>>>>>>
2024-10-14 21:54:47,978 : INFO : EventManager : Event: ======'machine_var_audits_switches_s_flipper_upper_l'====== Args={'value': 45, 'prev_value': 44, 'change': 1}
2024-10-14 21:54:47,995 : INFO : SwitchController : <<<<<<< 's_flipper_l' active >>>>>>>
2024-10-14 21:54:47,995 : INFO : EventManager : Event: ======'machine_var_audits_switches_s_flipper_l'====== Args={'value': 59, 'prev_value': 58, 'change': 1}
2024-10-14 21:54:48,104 : INFO : SwitchController : <<<<<<< 's_flipper_but_l_2' inactive >>>>>>>
2024-10-14 21:54:48,131 : INFO : SwitchController : <<<<<<< 's_flipper_but_l_1' inactive >>>>>>>
2024-10-14 21:54:48,148 : INFO : SwitchController : <<<<<<< 's_lower_vuk' inactive >>>>>>>
2024-10-14 21:54:48,208 : INFO : SwitchController : <<<<<<< 's_flipper_upper_l' inactive >>>>>>>
2024-10-14 21:54:48,212 : INFO : SwitchController : <<<<<<< 's_flipper_l' inactive >>>>>>>
2024-10-14 21:54:50,117 : INFO : SwitchController : <<<<<<< 's_flipper_but_r_1' active >>>>>>>
2024-10-14 21:54:50,117 : INFO : EventManager : Event: ======'machine_var_audits_switches_s_flipper_but_r_1'====== Args={'value': 41, 'prev_value': 40, 'change': 1}
2024-10-14 21:54:50,139 : INFO : SwitchController : <<<<<<< 's_flipper_but_r_2' active >>>>>>>
2024-10-14 21:54:50,139 : INFO : EventManager : Event: ======'machine_var_audits_switches_s_flipper_but_r_2'====== Args={'value': 39, 'prev_value': 38, 'change': 1}
2024-10-14 21:54:50,143 : INFO : SwitchController : <<<<<<< 's_b_eos' active >>>>>>>
2024-10-14 21:54:50,144 : INFO : EventManager : Event: ======'machine_var_audits_switches_s_b_eos'====== Args={'value': 3, 'prev_value': 2, 'change': 1}
2024-10-14 21:54:50,158 : INFO : SwitchController : <<<<<<< 's_flipper_r' active >>>>>>>
2024-10-14 21:54:50,158 : INFO : EventManager : Event: ======'machine_var_audits_switches_s_flipper_r'====== Args={'value': 68, 'prev_value': 67, 'change': 1}
2024-10-14 21:54:50,829 : INFO : SwitchController : <<<<<<< 's_flipper_but_r_2' inactive >>>>>>>
2024-10-14 21:54:50,856 : INFO : SwitchController : <<<<<<< 's_flipper_but_r_1' inactive >>>>>>>
2024-10-14 21:54:50,932 : INFO : SwitchController : <<<<<<< 's_b_eos' inactive >>>>>>>
2024-10-14 21:54:50,932 : INFO : SwitchController : <<<<<<< 's_flipper_r' inactive >>>>>>>
2024-10-14 21:54:50,941 : INFO : SwitchController : <<<<<<< 's_kicker_orbit' active >>>>>>>
2024-10-14 21:54:50,941 : INFO : EventManager : Event: ======'machine_var_audits_switches_s_kicker_orbit'====== Args={'value': 2, 'prev_value': 1, 'change': 1}
2024-10-14 21:54:51,443 : INFO : EventManager : Event: ======'balldevice_bd_kicker_orbit_ball_count_changed'====== Args={'balls': 1}
2024-10-14 21:54:51,443 : INFO : ball_device.bd_kicker_orbit : Received unexpected ball
2024-10-14 21:54:51,444 : INFO : EventManager : Event: ======'balldevice_captured_from_playfield'====== Args={'balls': 1}
2024-10-14 21:54:51,444 : INFO : EventManager : Event: ======'sw_playfield_active'====== Args={'balls': 1}
2024-10-14 21:54:51,444 : INFO : EventManager : Event: ======'playfield_ball_count_change'====== Args={'balls': 0, 'change': -1}
2024-10-14 21:54:51,445 : INFO : EventManager : Event: ======'balldevice_bd_kicker_orbit_ball_enter'====== Args={'new_balls': 1, 'unclaimed_balls': 1, 'new_available_balls': 1, 'device': <ball_device.bd_kicker_orbit>}
2024-10-14 21:54:51,446 : INFO : ball_device.bd_kicker_orbit : Ejecting 1 unexpected balls using path deque([<ball_device.bd_kicker_orbit>, <playfield.playfield>])
2024-10-14 21:54:51,446 : INFO : EventManager : Event: ======'balldevice_balls_available'====== Args={}
2024-10-14 21:54:51,446 : INFO : EventManager : Event: ======'balldevice_balls_available'====== Args={}
2024-10-14 21:54:51,446 : INFO : EventManager : Event: ======'balldevice_bd_kicker_orbit_ball_entered'====== Args={'new_balls': 1, 'device': <ball_device.bd_kicker_orbit>}
2024-10-14 21:54:51,447 : INFO : ball_device.bd_kicker_orbit : State: waiting_for_target_ready
2024-10-14 21:54:51,448 : INFO : EventManager : Event: ======'balldevice_bd_kicker_orbit_ball_eject_attempt'====== Args={'balls': 1, 'target': <playfield.playfield>, 'source': <ball_device.bd_kicker_orbit>, 'mechanical_eject': False, 'num_attempts': 0}
2024-10-14 21:54:51,448 : INFO : ball_device.bd_kicker_orbit : State: ejecting
2024-10-14 21:54:51,448 : INFO : ball_device.bd_kicker_orbit : Ejecting ball to <playfield.playfield>
2024-10-14 21:54:51,448 : INFO : EventManager : Event: ======'balldevice_bd_kicker_orbit_ejecting_ball'====== Args={'balls': 1, 'target': <playfield.playfield>, 'source': <ball_device.bd_kicker_orbit>, 'mechanical_eject': False, 'num_attempts': 0}
2024-10-14 21:54:51,449 : INFO : ball_device.bd_kicker_orbit : Wait for ball to leave device
2024-10-14 21:54:51,449 : INFO : coil.c_kicker_orbit : Pulsing Driver for 20ms (1.0 pulse_power)
2024-10-14 21:54:51,474 : INFO : SwitchController : <<<<<<< 's_kicker_orbit' inactive >>>>>>>
2024-10-14 21:54:51,475 : INFO : ball_device.bd_kicker_orbit : State: ball_left
2024-10-14 21:54:51,475 : INFO : ball_device.bd_kicker_orbit : Ball left
2024-10-14 21:54:51,475 : INFO : ball_device.bd_kicker_orbit : Wait for confirm with timeout 1.0
2024-10-14 21:54:52,037 : INFO : SwitchController : <<<<<<< 's_orbit_small_l' active >>>>>>>
2024-10-14 21:54:52,038 : INFO : EventManager : Event: ======'machine_var_audits_switches_s_orbit_small_l'====== Args={'value': 3, 'prev_value': 2, 'change': 1}
2024-10-14 21:54:52,074 : INFO : SwitchController : <<<<<<< 's_orbit_small_l' inactive >>>>>>>
2024-10-14 21:54:52,477 : INFO : ball_device.bd_kicker_orbit : State: failed_confirm
2024-10-14 21:54:52,477 : INFO : ball_device.bd_kicker_orbit : Got timeout (1.0s) before confirm from <playfield.playfield>
2024-10-14 21:54:52,579 : INFO : ball_device.bd_kicker_orbit : Confirming eject because target is playfield and ball did not return.
2024-10-14 21:54:52,579 : INFO : ball_device.bd_kicker_orbit : Eject successful
2024-10-14 21:54:52,579 : INFO : EventManager : Event: ======'balldevice_bd_kicker_orbit_ball_eject_success'====== Args={'balls': 1, 'target': <playfield.playfield>}
2024-10-14 21:54:52,580 : INFO : EventManager : Event: ======'balldevice_playfield_ball_enter'====== Args={'new_balls': 1, 'unclaimed_balls': 1, 'device': <playfield.playfield>}
2024-10-14 21:54:52,580 : INFO : EventManager : Event: ======'playfield_ball_count_change'====== Args={'balls': 1, 'change': 1}
2024-10-14 21:54:52,580 : INFO : EventManager : Event: ======'balldevice_bd_kicker_orbit_ball_count_changed'====== Args={'balls': 0}
2024-10-14 21:54:52,580 : INFO : ball_device.bd_kicker_orbit : State: idle
2024-10-14 21:54:52,833 : INFO : SwitchController : <<<<<<< 's_pop' active >>>>>>>
2024-10-14 21:54:52,833 : INFO : EventManager : Event: ======'machine_var_audits_switches_s_pop'====== Args={'value': 6, 'prev_value': 5, 'change': 1}
2024-10-14 21:54:52,862 : INFO : SwitchController : <<<<<<< 's_pop' inactive >>>>>>>
2024-10-14 21:54:53,337 : INFO : SwitchController : <<<<<<< 's_flipper_but_r_1' active >>>>>>>
2024-10-14 21:54:53,338 : INFO : EventManager : Event: ======'machine_var_audits_switches_s_flipper_but_r_1'====== Args={'value': 42, 'prev_value': 41, 'change': 1}
2024-10-14 21:54:53,341 : INFO : SwitchController : <<<<<<< 's_flipper_but_r_2' active >>>>>>>
2024-10-14 21:54:53,341 : INFO : EventManager : Event: ======'machine_var_audits_switches_s_flipper_but_r_2'====== Args={'value': 40, 'prev_value': 39, 'change': 1}
2024-10-14 21:54:53,365 : INFO : SwitchController : <<<<<<< 's_b_eos' active >>>>>>>
2024-10-14 21:54:53,365 : INFO : EventManager : Event: ======'machine_var_audits_switches_s_b_eos'====== Args={'value': 4, 'prev_value': 3, 'change': 1}
2024-10-14 21:54:53,375 : INFO : SwitchController : <<<<<<< 's_flipper_r' active >>>>>>>
2024-10-14 21:54:53,375 : INFO : EventManager : Event: ======'machine_var_audits_switches_s_flipper_r'====== Args={'value': 69, 'prev_value': 68, 'change': 1}
2024-10-14 21:54:53,529 : INFO : SwitchController : <<<<<<< 's_flipper_but_r_2' inactive >>>>>>>
2024-10-14 21:54:53,556 : INFO : SwitchController : <<<<<<< 's_flipper_but_r_1' inactive >>>>>>>
2024-10-14 21:54:53,610 : INFO : SwitchController : <<<<<<< 's_stationary_l' active >>>>>>>
2024-10-14 21:54:53,611 : INFO : EventManager : Event: ======'machine_var_audits_switches_s_stationary_l'====== Args={'value': 2, 'prev_value': 1, 'change': 1}
2024-10-14 21:54:53,619 : INFO : SwitchController : <<<<<<< 's_stationary_l' inactive >>>>>>>
2024-10-14 21:54:53,636 : INFO : SwitchController : <<<<<<< 's_b_eos' inactive >>>>>>>
2024-10-14 21:54:53,637 : INFO : SwitchController : <<<<<<< 's_flipper_r' inactive >>>>>>>
2024-10-14 21:54:53,999 : INFO : SwitchController : <<<<<<< 's_flipper_but_r_1' active >>>>>>>
2024-10-14 21:54:53,999 : INFO : EventManager : Event: ======'machine_var_audits_switches_s_flipper_but_r_1'====== Args={'value': 43, 'prev_value': 42, 'change': 1}
2024-10-14 21:54:54,003 : INFO : SwitchController : <<<<<<< 's_flipper_but_r_2' active >>>>>>>
2024-10-14 21:54:54,004 : INFO : EventManager : Event: ======'machine_var_audits_switches_s_flipper_but_r_2'====== Args={'value': 41, 'prev_value': 40, 'change': 1}
2024-10-14 21:54:54,026 : INFO : SwitchController : <<<<<<< 's_flipper_r' active >>>>>>>
2024-10-14 21:54:54,027 : INFO : EventManager : Event: ======'machine_var_audits_switches_s_flipper_r'====== Args={'value': 70, 'prev_value': 69, 'change': 1}
2024-10-14 21:54:54,027 : INFO : SwitchController : <<<<<<< 's_b_eos' active >>>>>>>
2024-10-14 21:54:54,027 : INFO : EventManager : Event: ======'machine_var_audits_switches_s_b_eos'====== Args={'value': 5, 'prev_value': 4, 'change': 1}
2024-10-14 21:54:54,045 : INFO : SwitchController : <<<<<<< 's_flipper_r' inactive >>>>>>>
2024-10-14 21:54:54,185 : INFO : SwitchController : <<<<<<< 's_flipper_but_r_2' inactive >>>>>>>
2024-10-14 21:54:54,194 : INFO : SwitchController : <<<<<<< 's_flipper_but_r_1' inactive >>>>>>>
2024-10-14 21:54:54,278 : INFO : SwitchController : <<<<<<< 's_b_eos' inactive >>>>>>>
2024-10-14 21:54:54,752 : INFO : SwitchController : <<<<<<< 's_flipper_but_l_1' active >>>>>>>
2024-10-14 21:54:54,753 : INFO : EventManager : Event: ======'machine_var_audits_switches_s_flipper_but_l_1'====== Args={'value': 52, 'prev_value': 51, 'change': 1}
2024-10-14 21:54:54,757 : INFO : SwitchController : <<<<<<< 's_flipper_but_l_2' active >>>>>>>
2024-10-14 21:54:54,757 : INFO : EventManager : Event: ======'machine_var_audits_switches_s_flipper_but_l_2'====== Args={'value': 50, 'prev_value': 49, 'change': 1}
2024-10-14 21:54:54,780 : INFO : SwitchController : <<<<<<< 's_flipper_l' active >>>>>>>
2024-10-14 21:54:54,781 : INFO : EventManager : Event: ======'machine_var_audits_switches_s_flipper_l'====== Args={'value': 60, 'prev_value': 59, 'change': 1}
2024-10-14 21:54:54,781 : INFO : SwitchController : <<<<<<< 's_lower_vuk' active >>>>>>>
2024-10-14 21:54:54,781 : INFO : EventManager : Event: ======'machine_var_audits_switches_s_lower_vuk'====== Args={'value': 5, 'prev_value': 4, 'change': 1}
2024-10-14 21:54:54,847 : INFO : SwitchController : <<<<<<< 's_flipper_but_l_2' inactive >>>>>>>
2024-10-14 21:54:54,874 : INFO : SwitchController : <<<<<<< 's_flipper_but_l_1' inactive >>>>>>>
2024-10-14 21:54:54,895 : INFO : SwitchController : <<<<<<< 's_lower_vuk' inactive >>>>>>>
2024-10-14 21:54:54,958 : INFO : SwitchController : <<<<<<< 's_flipper_l' inactive >>>>>>>
2024-10-14 21:54:56,656 : INFO : SwitchController : <<<<<<< 's_trough_6' active >>>>>>>
2024-10-14 21:54:56,657 : INFO : EventManager : Event: ======'machine_var_audits_switches_s_trough_6'====== Args={'value': 7, 'prev_value': 6, 'change': 1}
2024-10-14 21:54:56,765 : INFO : SwitchController : <<<<<<< 's_trough_6' inactive >>>>>>>
2024-10-14 21:54:56,771 : INFO : SwitchController : <<<<<<< 's_trough_6' active >>>>>>>
2024-10-14 21:54:56,771 : INFO : EventManager : Event: ======'machine_var_audits_switches_s_trough_6'====== Args={'value': 8, 'prev_value': 7, 'change': 1}
2024-10-14 21:54:56,826 : INFO : SwitchController : <<<<<<< 's_trough_5' active >>>>>>>
2024-10-14 21:54:56,827 : INFO : EventManager : Event: ======'machine_var_audits_switches_s_trough_5'====== Args={'value': 4, 'prev_value': 3, 'change': 1}
2024-10-14 21:54:56,903 : INFO : SwitchController : <<<<<<< 's_trough_5' inactive >>>>>>>
2024-10-14 21:54:56,951 : INFO : SwitchController : <<<<<<< 's_trough_4' active >>>>>>>
2024-10-14 21:54:56,952 : INFO : EventManager : Event: ======'machine_var_audits_switches_s_trough_4'====== Args={'value': 10, 'prev_value': 9, 'change': 1}
2024-10-14 21:54:57,017 : INFO : SwitchController : <<<<<<< 's_trough_4' inactive >>>>>>>
2024-10-14 21:54:57,054 : INFO : SwitchController : <<<<<<< 's_trough_3' active >>>>>>>
2024-10-14 21:54:57,055 : INFO : EventManager : Event: ======'machine_var_audits_switches_s_trough_3'====== Args={'value': 5, 'prev_value': 4, 'change': 1}
2024-10-14 21:54:57,131 : INFO : SwitchController : <<<<<<< 's_trough_3' inactive >>>>>>>
2024-10-14 21:54:57,168 : INFO : SwitchController : <<<<<<< 's_trough_2' active >>>>>>>
2024-10-14 21:54:57,168 : INFO : EventManager : Event: ======'machine_var_audits_switches_s_trough_2'====== Args={'value': 4, 'prev_value': 3, 'change': 1}
2024-10-14 21:54:57,207 : INFO : SwitchController : <<<<<<< 's_trough_2' inactive >>>>>>>
2024-10-14 21:54:57,226 : INFO : SwitchController : <<<<<<< 's_trough_1' active >>>>>>>
2024-10-14 21:54:57,227 : INFO : EventManager : Event: ======'machine_var_audits_switches_s_trough_1'====== Args={'value': 8, 'prev_value': 7, 'change': 1}
2024-10-14 21:54:57,325 : INFO : SwitchController : <<<<<<< 's_trough_6' inactive >>>>>>>
2024-10-14 21:54:57,353 : INFO : SwitchController : <<<<<<< 's_trough_1' inactive >>>>>>>
2024-10-14 21:54:57,382 : INFO : SwitchController : <<<<<<< 's_trough_1' active >>>>>>>
2024-10-14 21:54:57,382 : INFO : EventManager : Event: ======'machine_var_audits_switches_s_trough_1'====== Args={'value': 9, 'prev_value': 8, 'change': 1}
2024-10-14 21:54:57,883 : INFO : EventManager : Event: ======'balldevice_bd_trough_ball_count_changed'====== Args={'balls': 1}
2024-10-14 21:54:57,883 : INFO : ball_device.bd_trough : Received unexpected ball
2024-10-14 21:54:57,884 : INFO : EventManager : Event: ======'balldevice_captured_from_playfield'====== Args={'balls': 1}
2024-10-14 21:54:57,884 : INFO : EventManager : Event: ======'sw_playfield_active'====== Args={'balls': 1}
2024-10-14 21:54:57,884 : INFO : EventManager : Event: ======'playfield_ball_count_change'====== Args={'balls': 0, 'change': -1}
2024-10-14 21:54:57,885 : INFO : EventManager : Event: ======'balldevice_bd_trough_ball_enter'====== Args={'new_balls': 1, 'unclaimed_balls': 1, 'new_available_balls': 1, 'device': <ball_device.bd_trough>}
2024-10-14 21:54:57,885 : INFO : EventManager : Event: ======'ball_drain'====== Args={'device': <ball_device.bd_trough>, 'balls': 1}
2024-10-14 21:54:57,886 : INFO : EventManager : Event: ======'ball_will_end'====== Args={}
2024-10-14 21:54:57,886 : INFO : EventManager : Event: ======'balldevice_balls_available'====== Args={}
2024-10-14 21:54:57,886 : INFO : EventManager : Event: ======'balldevice_bd_trough_ball_entered'====== Args={'new_balls': 1, 'device': <ball_device.bd_trough>}
2024-10-14 21:54:57,887 : INFO : EventManager : Event: ======'ball_ending'====== Args={}
2024-10-14 21:54:57,888 : INFO : EventManager : Event: ======'ball_ended'====== Args={}
2024-10-14 21:54:57,889 : INFO : EventManager : Event: ======'player_turn_will_end'====== Args={'player': <Player 1>, 'number': 1}
2024-10-14 21:54:57,889 : INFO : EventManager : Event: ======'player_turn_ending'====== Args={'player': <Player 1>, 'number': 1}
2024-10-14 21:54:57,890 : INFO : EventManager : Event: ======'player_turn_ended'====== Args={'player': <Player 1>, 'number': 1}
2024-10-14 21:54:57,890 : INFO : EventManager : Event: ======'player_turn_will_start'====== Args={'player': <Player 1>, 'number': 1}
2024-10-14 21:54:57,890 : INFO : EventManager : Event: ======'player_turn_starting'====== Args={'player': <Player 1>, 'number': 1}
2024-10-14 21:54:57,890 : INFO : EventManager : Event: ======'player_ball'====== Args={'value': 2, 'prev_value': 1, 'change': 1, 'player_num': 1}
2024-10-14 21:54:57,890 : INFO : EventManager : Event: ======'player_turn_started'====== Args={'player': <Player 1>, 'number': 1}
2024-10-14 21:54:57,891 : INFO : EventManager : Event: ======'ball_will_start'====== Args={'player': 1, 'ball': 2, 'balls_remaining': 1, 'is_extra_ball': False}
2024-10-14 21:54:57,891 : INFO : EventManager : Event: ======'ball_starting'====== Args={'player': 1, 'ball': 2, 'balls_remaining': 1, 'is_extra_ball': False}
2024-10-14 21:54:57,892 : INFO : EventManager : Event: ======'balls_in_play'====== Args={'balls': 1}
2024-10-14 21:54:57,892 : INFO : EventManager : Event: ======'ball_started'====== Args={'player': 1, 'ball': 2, 'balls_remaining': 1, 'is_extra_ball': False}
2024-10-14 21:54:57,893 : INFO : EventManager : Event: ======'single_player_ball_started'====== Args={}
2024-10-14 21:54:57,893 : INFO : EventManager : Event: ======'ball_start_target'====== Args={'target': 'playfield'}
2024-10-14 21:54:57,894 : INFO : ball_device.bd_autolauncher : Setting up player-controlled eject. Balls: 1, Target: <playfield.playfield>, player_controlled_eject_event: sw_launch
2024-10-14 21:54:57,894 : INFO : EventManager : Event: ======'balldevice_balls_available'====== Args={}
2024-10-14 21:54:57,895 : INFO : ball_device.bd_trough : State: waiting_for_target_ready
2024-10-14 21:54:57,895 : INFO : EventManager : Event: ======'balldevice_bd_trough_ball_eject_attempt'====== Args={'balls': 1, 'target': <ball_device.bd_autolauncher>, 'source': <ball_device.bd_trough>, 'mechanical_eject': True, 'num_attempts': 0}
2024-10-14 21:54:57,895 : INFO : ball_device.bd_autolauncher : State: waiting_for_ball
2024-10-14 21:54:57,895 : INFO : ball_device.bd_trough : State: ejecting
2024-10-14 21:54:57,896 : INFO : ball_device.bd_trough : Ejecting ball to <ball_device.bd_autolauncher>
2024-10-14 21:54:57,896 : INFO : EventManager : Event: ======'balldevice_bd_trough_ejecting_ball'====== Args={'balls': 1, 'target': <ball_device.bd_autolauncher>, 'source': <ball_device.bd_trough>, 'mechanical_eject': True, 'num_attempts': 0}
2024-10-14 21:54:57,896 : INFO : ball_device.bd_trough : Wait for ball to leave device
2024-10-14 21:54:57,896 : INFO : coil.c_trough : Pulsing Driver for 15ms (1.0 pulse_power)
2024-10-14 21:54:57,922 : INFO : SwitchController : <<<<<<< 's_trough_jam' active >>>>>>>
2024-10-14 21:54:57,922 : INFO : EventManager : Event: ======'machine_var_audits_switches_s_trough_jam'====== Args={'value': 8, 'prev_value': 7, 'change': 1}
2024-10-14 21:54:57,925 : INFO : SwitchController : <<<<<<< 's_trough_4' active >>>>>>>
2024-10-14 21:54:57,925 : INFO : EventManager : Event: ======'machine_var_audits_switches_s_trough_4'====== Args={'value': 11, 'prev_value': 10, 'change': 1}
2024-10-14 21:54:57,925 : INFO : SwitchController : <<<<<<< 's_trough_jam' inactive >>>>>>>
2024-10-14 21:54:57,930 : INFO : SwitchController : <<<<<<< 's_trough_4' inactive >>>>>>>
2024-10-14 21:54:57,984 : INFO : SwitchController : <<<<<<< 's_trough_1' inactive >>>>>>>
2024-10-14 21:54:57,985 : INFO : ball_device.bd_trough : State: ball_left
2024-10-14 21:54:57,986 : INFO : ball_device.bd_trough : Ball left
2024-10-14 21:54:57,986 : INFO : ball_device.bd_trough : Wait for confirm with timeout 1.0
2024-10-14 21:54:58,144 : INFO : SwitchController : <<<<<<< 's_autolauncher' active >>>>>>>
2024-10-14 21:54:58,144 : INFO : EventManager : Event: ======'machine_var_audits_switches_s_autolauncher'====== Args={'value': 8, 'prev_value': 7, 'change': 1}
2024-10-14 21:54:58,445 : INFO : ball_device.bd_autolauncher : Received ball from <ball_device.bd_trough>
2024-10-14 21:54:58,445 : INFO : EventManager : Event: ======'balldevice_bd_autolauncher_ball_enter'====== Args={'new_balls': 1, 'unclaimed_balls': 0, 'new_available_balls': 0, 'device': <ball_device.bd_autolauncher>}
2024-10-14 21:54:58,446 : INFO : EventManager : Event: ======'balldevice_bd_autolauncher_ball_entered'====== Args={'new_balls': 0, 'device': <ball_device.bd_autolauncher>}
2024-10-14 21:54:58,447 : INFO : EventManager : Event: ======'balldevice_bd_autolauncher_ball_count_changed'====== Args={'balls': 1}
2024-10-14 21:54:58,447 : INFO : ball_device.bd_trough : Got eject confirm
2024-10-14 21:54:58,447 : INFO : ball_device.bd_trough : Eject successful
2024-10-14 21:54:58,447 : INFO : EventManager : Event: ======'balldevice_bd_trough_ball_eject_success'====== Args={'balls': 1, 'target': <ball_device.bd_autolauncher>}
2024-10-14 21:54:58,447 : INFO : ball_device.bd_autolauncher : State: waiting_for_target_ready
2024-10-14 21:54:58,447 : INFO : EventManager : Event: ======'balldevice_bd_autolauncher_ball_eject_attempt'====== Args={'balls': 1, 'target': <playfield.playfield>, 'source': <ball_device.bd_autolauncher>, 'mechanical_eject': True, 'num_attempts': 0}
2024-10-14 21:54:58,448 : INFO : EventManager : Event: ======'balldevice_bd_trough_ball_count_changed'====== Args={'balls': 0}
2024-10-14 21:54:58,448 : INFO : ball_device.bd_trough : State: idle
2024-10-14 21:54:58,449 : INFO : ball_device.bd_autolauncher : State: ejecting
2024-10-14 21:54:58,449 : INFO : ball_device.bd_autolauncher : Ejecting ball to <playfield.playfield>
2024-10-14 21:54:58,449 : INFO : EventManager : Event: ======'balldevice_bd_autolauncher_ejecting_ball'====== Args={'balls': 1, 'target': <playfield.playfield>, 'source': <ball_device.bd_autolauncher>, 'mechanical_eject': True, 'num_attempts': 0}
2024-10-14 21:54:58,449 : INFO : ball_device.bd_autolauncher : Wait for ball to leave device
2024-10-14 21:54:59,092 : INFO : Machine : Shutting down...
2024-10-14 21:54:59,093 : INFO : EventManager : Event: ======'shutdown'====== Args={}
2024-10-14 21:54:59,099 : INFO : EventManager : Event: ======'mode_game_will_stop'====== Args={}
2024-10-14 21:54:59,099 : INFO : EventManager : Event: ======'mode_game_stopping'====== Args={}
2024-10-14 21:54:59,099 : INFO : Mode.game : Stopped.
2024-10-14 21:54:59,099 : INFO : EventManager : Event: ======'modes_active_modes_changed'====== Args={}
2024-10-14 21:54:59,099 : INFO : EventManager : Event: ======'mode_game_stopped'====== Args={}
2024-10-14 21:54:59,099 : INFO : EventManager : Event: ======'clear'====== Args={'key': 'game'}
2024-10-14 21:54:59,205 : INFO : root : MPF run loop ended.
