2024-10-14 21:13:05,092 : INFO : root : Loading config.
2024-10-14 21:13:05,094 : INFO : YamlMultifileConfigLoader : Machine config file #1: config.yaml
2024-10-14 21:13:05,094 : INFO : ConfigProcessor : Loading config from cache: /var/folders/l2/q8hj_6s91xnb2jxg1sqm0h7r0000gn/T/fb4db0341b09a4be02e1d6b8eab00179.mpf_cache
2024-10-14 21:13:05,118 : INFO : ConfigProcessor : Loading config from cache: /var/folders/l2/q8hj_6s91xnb2jxg1sqm0h7r0000gn/T/c7af4841f7c2cabb0f971746daddf284.mpf_cache
2024-10-14 21:13:05,118 : INFO : ConfigProcessor : Loading config from cache: /var/folders/l2/q8hj_6s91xnb2jxg1sqm0h7r0000gn/T/edcc5f1d3215b377c9faab88c62e4ce0.mpf_cache
2024-10-14 21:13:05,118 : INFO : Machine : Mission Pinball Framework Core Engine v0.57.1.dev3
2024-10-14 21:13:05,118 : INFO : Machine : Command line arguments: {'no_load_cache': False, 'create_config_cache': True, 'bcp': False, 'configfile': ['config.yaml'], 'force_assets_load': False, 'platform_integration_test': False, 'jsonlogging': False, 'logfile': 'logs/2024-10-14-21-13-05-mpf-Tanners-Laptop.local.log', 'pause': False, 'production': False, 'text_ui': True, 'loglevel': 15, 'consoleloglevel': 20, 'force_platform': None, 'syslog_address': None, 'mc_file_name': None, 'no_sound': False}
2024-10-14 21:13:05,118 : INFO : Machine : MPF path: /Library/Frameworks/Python.framework/Versions/3.9/lib/python3.9/site-packages/mpf
2024-10-14 21:13:05,118 : INFO : Machine : Machine path: /Users/tannerpetch/Documents/GitHub/trashland_4
2024-10-14 21:13:05,118 : INFO : Machine : Platform: darwin
2024-10-14 21:13:05,118 : INFO : Machine : Python executable location: /Library/Frameworks/Python.framework/Versions/3.9/bin/python3.9
2024-10-14 21:13:05,118 : INFO : Machine : Python version: 3.9.13 (64-bit)
2024-10-14 21:13:05,119 : INFO : Machine : Initializing MPF...
2024-10-14 21:13:05,147 : INFO : FAST [NET] : Trying to connect to /dev/tty.usbmodem1401 at 921600bps
2024-10-14 21:13:05,153 : INFO : FAST [NET] : Connected to /dev/tty.usbmodem1401 at 921600bps
2024-10-14 21:13:05,154 : INFO : FAST [NET] : Connected to FP-CPU-2000 with firmware v02.21
2024-10-14 21:13:05,156 : INFO : FAST [NET] : Registered I/O Board 0: Model: FP-I/O-0804, Firmware: 01.10, Switches: 8, Drivers: 4
2024-10-14 21:13:05,157 : INFO : FAST [NET] : Registered I/O Board 1: Model: FP-I/O-0804, Firmware: 01.10, Switches: 8, Drivers: 4
2024-10-14 21:13:05,158 : INFO : FAST [NET] : Registered I/O Board 2: Model: FP-I/O-3208, Firmware: 01.10, Switches: 32, Drivers: 8
2024-10-14 21:13:05,159 : INFO : FAST [NET] : Registered I/O Board 3: Model: FP-I/O-1616, Firmware: 01.10, Switches: 16, Drivers: 16
2024-10-14 21:13:05,160 : INFO : FAST [NET] : Registered I/O Board 4: Model: FP-I/O-3208, Firmware: 01.10, Switches: 32, Drivers: 8
2024-10-14 21:13:05,160 : INFO : EventManager : Event: ======'machine_var_credits_string'====== Args={'value': 'FREE PLAY', 'prev_value': None, 'change': True}
2024-10-14 21:13:05,173 : INFO : EventManager : Event: ======'machine_var_master_volume'====== Args={'value': 0.5, 'prev_value': None, 'change': True}
2024-10-14 21:13:05,173 : INFO : EventManager : Event: ======'machine_var_player1_score'====== Args={'value': 0, 'prev_value': None, 'change': True}
2024-10-14 21:13:05,173 : INFO : EventManager : Event: ======'machine_var_mpf_version'====== Args={'value': 'Mission Pinball Framework v0.57.1.dev3', 'prev_value': None, 'change': True}
2024-10-14 21:13:05,173 : INFO : EventManager : Event: ======'machine_var_mpf_extended_version'====== Args={'value': 'Mission Pinball Framework v0.57.1.dev3, Config version:6, Show version: 6, BCP version:1.1', 'prev_value': None, 'change': True}
2024-10-14 21:13:05,173 : INFO : EventManager : Event: ======'machine_var_python_version'====== Args={'value': '3.9.13', 'prev_value': None, 'change': True}
2024-10-14 21:13:05,180 : INFO : EventManager : Event: ======'machine_var_platform'====== Args={'value': 'macOS-14.3-arm64-arm-64bit', 'prev_value': None, 'change': True}
2024-10-14 21:13:05,180 : INFO : EventManager : Event: ======'machine_var_platform_system'====== Args={'value': 'Darwin', 'prev_value': None, 'change': True}
2024-10-14 21:13:05,180 : INFO : EventManager : Event: ======'machine_var_platform_release'====== Args={'value': '23.3.0', 'prev_value': None, 'change': True}
2024-10-14 21:13:05,180 : INFO : EventManager : Event: ======'machine_var_platform_version'====== Args={'value': 'Darwin Kernel Version 23.3.0: Thu Dec 21 02:29:41 PST 2023; root:xnu-10002.81.5~11/RELEASE_ARM64_T8122', 'prev_value': None, 'change': True}
2024-10-14 21:13:05,180 : INFO : EventManager : Event: ======'machine_var_platform_machine'====== Args={'value': 'arm64', 'prev_value': None, 'change': True}
2024-10-14 21:13:05,180 : INFO : EventManager : Event: ======'init_phase_1'====== Args={}
2024-10-14 21:13:05,277 : WARNING : Machine : Iterating device collections directly is deprecated and will be removed. Access by value(): device_collections[switches] -> device_collections['switches'].values()
2024-10-14 21:13:05,277 : INFO : SwitchController : <<<<<<< 's_outlane_l' active >>>>>>>
2024-10-14 21:13:05,277 : INFO : SwitchController : <<<<<<< 's_trough_1' active >>>>>>>
2024-10-14 21:13:05,277 : INFO : SwitchController : <<<<<<< 's_drop_m' active >>>>>>>
2024-10-14 21:13:05,277 : INFO : SwitchController : <<<<<<< 's_drop_l' active >>>>>>>
2024-10-14 21:13:05,277 : INFO : SwitchController : <<<<<<< 's_drop_single' active >>>>>>>
2024-10-14 21:13:05,277 : INFO : SwitchController : <<<<<<< 's_vuk_back' active >>>>>>>
2024-10-14 21:13:05,278 : INFO : SwitchController : <<<<<<< 's_lock_1' active >>>>>>>
2024-10-14 21:13:05,278 : INFO : SwitchController : <<<<<<< 's_lock_2' active >>>>>>>
2024-10-14 21:13:05,278 : INFO : SwitchController : <<<<<<< 's_lock_3' active >>>>>>>
2024-10-14 21:13:05,278 : INFO : SwitchController : <<<<<<< 's_u_rollover' active >>>>>>>
2024-10-14 21:13:05,278 : INFO : SwitchController : <<<<<<< 's_u_target' active >>>>>>>
2024-10-14 21:13:05,278 : INFO : SwitchController : <<<<<<< 's_u_lane_r' active >>>>>>>
2024-10-14 21:13:05,278 : INFO : EventManager : Event: ======'init_phase_2'====== Args={}
2024-10-14 21:13:05,278 : INFO : SwitchController : Found active switch: (16, [FAST Platform Interface]) <switch.s_outlane_l>
2024-10-14 21:13:05,278 : INFO : SwitchController : Found active switch: (30, [FAST Platform Interface]) <switch.s_trough_1>
2024-10-14 21:13:05,278 : INFO : SwitchController : Found active switch: (50, [FAST Platform Interface]) <switch.s_drop_m>
2024-10-14 21:13:05,278 : INFO : SwitchController : Found active switch: (51, [FAST Platform Interface]) <switch.s_drop_l>
2024-10-14 21:13:05,278 : INFO : SwitchController : Found active switch: (57, [FAST Platform Interface]) <switch.s_drop_single>
2024-10-14 21:13:05,278 : INFO : SwitchController : Found active switch: (66, [FAST Platform Interface]) <switch.s_vuk_back>
2024-10-14 21:13:05,278 : INFO : SwitchController : Found active switch: (88, [FAST Platform Interface]) <switch.s_lock_1>
2024-10-14 21:13:05,278 : INFO : SwitchController : Found active switch: (89, [FAST Platform Interface]) <switch.s_lock_2>
2024-10-14 21:13:05,278 : INFO : SwitchController : Found active switch: (90, [FAST Platform Interface]) <switch.s_lock_3>
2024-10-14 21:13:05,278 : INFO : SwitchController : Found active switch: (72, [FAST Platform Interface]) <switch.s_u_rollover>
2024-10-14 21:13:05,278 : INFO : SwitchController : Found active switch: (73, [FAST Platform Interface]) <switch.s_u_target>
2024-10-14 21:13:05,278 : INFO : SwitchController : Found active switch: (74, [FAST Platform Interface]) <switch.s_u_lane_r>
2024-10-14 21:13:05,280 : INFO : ball_device.bd_middle_scoop : BCH: Initial count: 0
2024-10-14 21:13:05,280 : INFO : ball_device.bd_middle_scoop : State: idle
2024-10-14 21:13:05,779 : INFO : ball_device.bd_trough : BCH: Initial count: 1
2024-10-14 21:13:05,780 : INFO : ball_device.bd_trough : State: idle
2024-10-14 21:13:05,781 : INFO : ball_device.bd_autolauncher : BCH: Initial count: 0
2024-10-14 21:13:05,782 : INFO : ball_device.bd_autolauncher : State: idle
2024-10-14 21:13:05,783 : INFO : ball_device.bd_kicker_orbit : BCH: Initial count: 0
2024-10-14 21:13:05,783 : INFO : ball_device.bd_kicker_orbit : State: idle
2024-10-14 21:13:05,784 : INFO : ball_device.bd_lower_vuk : BCH: Initial count: 0
2024-10-14 21:13:05,785 : INFO : ball_device.bd_lower_vuk : State: idle
2024-10-14 21:13:05,785 : INFO : ball_device.bd_vuk_back : BCH: Initial count: 1
2024-10-14 21:13:05,786 : INFO : ball_device.bd_vuk_back : State: idle
2024-10-14 21:13:05,786 : INFO : ball_device.bd_b_lock : BCH: Initial count: 1
2024-10-14 21:13:05,787 : INFO : ball_device.bd_b_lock : State: idle
2024-10-14 21:13:05,798 : INFO : EventManager : Event: ======'init_phase_3'====== Args={}
2024-10-14 21:13:05,799 : INFO : EventManager : Event: ======'init_phase_4'====== Args={}
2024-10-14 21:13:05,799 : INFO : BallController : Initial balls found: 3
2024-10-14 21:13:05,800 : INFO : EventManager : Event: ======'machine_var_audits_events_game_ended'====== Args={'value': 1, 'prev_value': None, 'change': True}
2024-10-14 21:13:05,800 : INFO : EventManager : Event: ======'machine_var_audits_events_game_started'====== Args={'value': 4, 'prev_value': None, 'change': True}
2024-10-14 21:13:05,800 : INFO : EventManager : Event: ======'machine_var_audits_missing_switches_s_bot'====== Args={'value': 4, 'prev_value': None, 'change': True}
2024-10-14 21:13:05,800 : INFO : EventManager : Event: ======'machine_var_audits_missing_switches_s_bot_mid'====== Args={'value': 4, 'prev_value': None, 'change': True}
2024-10-14 21:13:05,800 : INFO : EventManager : Event: ======'machine_var_audits_missing_switches_s_captive_l'====== Args={'value': 4, 'prev_value': None, 'change': True}
2024-10-14 21:13:05,800 : INFO : EventManager : Event: ======'machine_var_audits_missing_switches_s_captive_r'====== Args={'value': 4, 'prev_value': None, 'change': True}
2024-10-14 21:13:05,800 : INFO : EventManager : Event: ======'machine_var_audits_missing_switches_s_drop_l'====== Args={'value': 4, 'prev_value': None, 'change': True}
2024-10-14 21:13:05,800 : INFO : EventManager : Event: ======'machine_var_audits_missing_switches_s_drop_m'====== Args={'value': 2, 'prev_value': None, 'change': True}
2024-10-14 21:13:05,800 : INFO : EventManager : Event: ======'machine_var_audits_missing_switches_s_drop_r'====== Args={'value': 4, 'prev_value': None, 'change': True}
2024-10-14 21:13:05,800 : INFO : EventManager : Event: ======'machine_var_audits_missing_switches_s_drop_single'====== Args={'value': 4, 'prev_value': None, 'change': True}
2024-10-14 21:13:05,800 : INFO : EventManager : Event: ======'machine_var_audits_missing_switches_s_inlane_l'====== Args={'value': 2, 'prev_value': None, 'change': True}
2024-10-14 21:13:05,800 : INFO : EventManager : Event: ======'machine_var_audits_missing_switches_s_inlane_r'====== Args={'value': 2, 'prev_value': None, 'change': True}
2024-10-14 21:13:05,800 : INFO : EventManager : Event: ======'machine_var_audits_missing_switches_s_kicker_orbit'====== Args={'value': 2, 'prev_value': None, 'change': True}
2024-10-14 21:13:05,800 : INFO : EventManager : Event: ======'machine_var_audits_missing_switches_s_lower_orbit'====== Args={'value': 4, 'prev_value': None, 'change': True}
2024-10-14 21:13:05,800 : INFO : EventManager : Event: ======'machine_var_audits_missing_switches_s_lower_single'====== Args={'value': 4, 'prev_value': None, 'change': True}
2024-10-14 21:13:05,800 : INFO : EventManager : Event: ======'machine_var_audits_missing_switches_s_lower_sling'====== Args={'value': 4, 'prev_value': None, 'change': True}
2024-10-14 21:13:05,800 : INFO : EventManager : Event: ======'machine_var_audits_missing_switches_s_lower_transfer'====== Args={'value': 4, 'prev_value': None, 'change': True}
2024-10-14 21:13:05,800 : INFO : EventManager : Event: ======'machine_var_audits_missing_switches_s_lower_vuk'====== Args={'value': 4, 'prev_value': None, 'change': True}
2024-10-14 21:13:05,800 : INFO : EventManager : Event: ======'machine_var_audits_missing_switches_s_middle_scoop'====== Args={'value': 1, 'prev_value': None, 'change': True}
2024-10-14 21:13:05,800 : INFO : EventManager : Event: ======'machine_var_audits_missing_switches_s_orbit_small_l'====== Args={'value': 2, 'prev_value': None, 'change': True}
2024-10-14 21:13:05,800 : INFO : EventManager : Event: ======'machine_var_audits_missing_switches_s_orbit_small_r'====== Args={'value': 2, 'prev_value': None, 'change': True}
2024-10-14 21:13:05,800 : INFO : EventManager : Event: ======'machine_var_audits_missing_switches_s_outlane_l'====== Args={'value': 4, 'prev_value': None, 'change': True}
2024-10-14 21:13:05,801 : INFO : EventManager : Event: ======'machine_var_audits_missing_switches_s_outlane_r'====== Args={'value': 4, 'prev_value': None, 'change': True}
2024-10-14 21:13:05,801 : INFO : EventManager : Event: ======'machine_var_audits_missing_switches_s_pop'====== Args={'value': 1, 'prev_value': None, 'change': True}
2024-10-14 21:13:05,801 : INFO : EventManager : Event: ======'machine_var_audits_missing_switches_s_scissor_save'====== Args={'value': 4, 'prev_value': None, 'change': True}
2024-10-14 21:13:05,801 : INFO : EventManager : Event: ======'machine_var_audits_missing_switches_s_sling_l'====== Args={'value': 2, 'prev_value': None, 'change': True}
2024-10-14 21:13:05,801 : INFO : EventManager : Event: ======'machine_var_audits_missing_switches_s_start'====== Args={'value': 4, 'prev_value': None, 'change': True}
2024-10-14 21:13:05,801 : INFO : EventManager : Event: ======'machine_var_audits_missing_switches_s_stationary_l'====== Args={'value': 2, 'prev_value': None, 'change': True}
2024-10-14 21:13:05,801 : INFO : EventManager : Event: ======'machine_var_audits_missing_switches_s_stationary_m'====== Args={'value': 2, 'prev_value': None, 'change': True}
2024-10-14 21:13:05,801 : INFO : EventManager : Event: ======'machine_var_audits_missing_switches_s_stationary_r'====== Args={'value': 2, 'prev_value': None, 'change': True}
2024-10-14 21:13:05,801 : INFO : EventManager : Event: ======'machine_var_audits_missing_switches_s_subway'====== Args={'value': 2, 'prev_value': None, 'change': True}
2024-10-14 21:13:05,801 : INFO : EventManager : Event: ======'machine_var_audits_missing_switches_s_tilt'====== Args={'value': 4, 'prev_value': None, 'change': True}
2024-10-14 21:13:05,801 : INFO : EventManager : Event: ======'machine_var_audits_missing_switches_s_top'====== Args={'value': 4, 'prev_value': None, 'change': True}
2024-10-14 21:13:05,801 : INFO : EventManager : Event: ======'machine_var_audits_missing_switches_s_top_mid'====== Args={'value': 4, 'prev_value': None, 'change': True}
2024-10-14 21:13:05,801 : INFO : EventManager : Event: ======'machine_var_audits_missing_switches_s_trough_1'====== Args={'value': 2, 'prev_value': None, 'change': True}
2024-10-14 21:13:05,801 : INFO : EventManager : Event: ======'machine_var_audits_missing_switches_s_trough_2'====== Args={'value': 2, 'prev_value': None, 'change': True}
2024-10-14 21:13:05,801 : INFO : EventManager : Event: ======'machine_var_audits_missing_switches_s_trough_3'====== Args={'value': 2, 'prev_value': None, 'change': True}
2024-10-14 21:13:05,801 : INFO : EventManager : Event: ======'machine_var_audits_missing_switches_s_trough_5'====== Args={'value': 2, 'prev_value': None, 'change': True}
2024-10-14 21:13:05,801 : INFO : EventManager : Event: ======'machine_var_audits_missing_switches_s_trough_6'====== Args={'value': 2, 'prev_value': None, 'change': True}
2024-10-14 21:13:05,802 : INFO : EventManager : Event: ======'machine_var_audits_missing_switches_s_trough_jam'====== Args={'value': 1, 'prev_value': None, 'change': True}
2024-10-14 21:13:05,802 : INFO : EventManager : Event: ======'machine_var_audits_player_score'====== Args={'value': {'average': 0, 'top': [0], 'total': 1}, 'prev_value': None, 'change': True}
2024-10-14 21:13:05,802 : INFO : EventManager : Event: ======'machine_var_audits_switches_s_autolauncher'====== Args={'value': 5, 'prev_value': None, 'change': True}
2024-10-14 21:13:05,802 : INFO : EventManager : Event: ======'machine_var_audits_switches_s_bot'====== Args={'value': 0, 'prev_value': None, 'change': True}
2024-10-14 21:13:05,802 : INFO : EventManager : Event: ======'machine_var_audits_switches_s_bot_mid'====== Args={'value': 0, 'prev_value': None, 'change': True}
2024-10-14 21:13:05,802 : INFO : EventManager : Event: ======'machine_var_audits_switches_s_captive_l'====== Args={'value': 0, 'prev_value': None, 'change': True}
2024-10-14 21:13:05,802 : INFO : EventManager : Event: ======'machine_var_audits_switches_s_captive_r'====== Args={'value': 0, 'prev_value': None, 'change': True}
2024-10-14 21:13:05,802 : INFO : EventManager : Event: ======'machine_var_audits_switches_s_drop_l'====== Args={'value': 0, 'prev_value': None, 'change': True}
2024-10-14 21:13:05,802 : INFO : EventManager : Event: ======'machine_var_audits_switches_s_drop_m'====== Args={'value': 1, 'prev_value': None, 'change': True}
2024-10-14 21:13:05,802 : INFO : EventManager : Event: ======'machine_var_audits_switches_s_drop_r'====== Args={'value': 0, 'prev_value': None, 'change': True}
2024-10-14 21:13:05,802 : INFO : EventManager : Event: ======'machine_var_audits_switches_s_drop_single'====== Args={'value': 0, 'prev_value': None, 'change': True}
2024-10-14 21:13:05,802 : INFO : EventManager : Event: ======'machine_var_audits_switches_s_flipper_but_l_1'====== Args={'value': 47, 'prev_value': None, 'change': True}
2024-10-14 21:13:05,802 : INFO : EventManager : Event: ======'machine_var_audits_switches_s_flipper_but_l_2'====== Args={'value': 45, 'prev_value': None, 'change': True}
2024-10-14 21:13:05,803 : INFO : EventManager : Event: ======'machine_var_audits_switches_s_flipper_but_r_1'====== Args={'value': 38, 'prev_value': None, 'change': True}
2024-10-14 21:13:05,803 : INFO : EventManager : Event: ======'machine_var_audits_switches_s_flipper_but_r_2'====== Args={'value': 36, 'prev_value': None, 'change': True}
2024-10-14 21:13:05,803 : INFO : EventManager : Event: ======'machine_var_audits_switches_s_flipper_l'====== Args={'value': 54, 'prev_value': None, 'change': True}
2024-10-14 21:13:05,803 : INFO : EventManager : Event: ======'machine_var_audits_switches_s_flipper_r'====== Args={'value': 65, 'prev_value': None, 'change': True}
2024-10-14 21:13:05,803 : INFO : EventManager : Event: ======'machine_var_audits_switches_s_flipper_upper_l'====== Args={'value': 41, 'prev_value': None, 'change': True}
2024-10-14 21:13:05,803 : INFO : EventManager : Event: ======'machine_var_audits_switches_s_inlane_l'====== Args={'value': 1, 'prev_value': None, 'change': True}
2024-10-14 21:13:05,803 : INFO : EventManager : Event: ======'machine_var_audits_switches_s_inlane_r'====== Args={'value': 5, 'prev_value': None, 'change': True}
2024-10-14 21:13:05,803 : INFO : EventManager : Event: ======'machine_var_audits_switches_s_kicker_orbit'====== Args={'value': 1, 'prev_value': None, 'change': True}
2024-10-14 21:13:05,803 : INFO : EventManager : Event: ======'machine_var_audits_switches_s_kicking_target'====== Args={'value': 8, 'prev_value': None, 'change': True}
2024-10-14 21:13:05,803 : INFO : EventManager : Event: ======'machine_var_audits_switches_s_launch'====== Args={'value': 9, 'prev_value': None, 'change': True}
2024-10-14 21:13:05,803 : INFO : EventManager : Event: ======'machine_var_audits_switches_s_lower_orbit'====== Args={'value': 0, 'prev_value': None, 'change': True}
2024-10-14 21:13:05,803 : INFO : EventManager : Event: ======'machine_var_audits_switches_s_lower_single'====== Args={'value': 0, 'prev_value': None, 'change': True}
2024-10-14 21:13:05,803 : INFO : EventManager : Event: ======'machine_var_audits_switches_s_lower_sling'====== Args={'value': 0, 'prev_value': None, 'change': True}
2024-10-14 21:13:05,804 : INFO : EventManager : Event: ======'machine_var_audits_switches_s_lower_transfer'====== Args={'value': 0, 'prev_value': None, 'change': True}
2024-10-14 21:13:05,804 : INFO : EventManager : Event: ======'machine_var_audits_switches_s_lower_vuk'====== Args={'value': 0, 'prev_value': None, 'change': True}
2024-10-14 21:13:05,804 : INFO : EventManager : Event: ======'machine_var_audits_switches_s_middle_scoop'====== Args={'value': 2, 'prev_value': None, 'change': True}
2024-10-14 21:13:05,804 : INFO : EventManager : Event: ======'machine_var_audits_switches_s_orbit_small_l'====== Args={'value': 2, 'prev_value': None, 'change': True}
2024-10-14 21:13:05,804 : INFO : EventManager : Event: ======'machine_var_audits_switches_s_orbit_small_r'====== Args={'value': 1, 'prev_value': None, 'change': True}
2024-10-14 21:13:05,804 : INFO : EventManager : Event: ======'machine_var_audits_switches_s_outlane_l'====== Args={'value': 0, 'prev_value': None, 'change': True}
2024-10-14 21:13:05,804 : INFO : EventManager : Event: ======'machine_var_audits_switches_s_outlane_r'====== Args={'value': 0, 'prev_value': None, 'change': True}
2024-10-14 21:13:05,804 : INFO : EventManager : Event: ======'machine_var_audits_switches_s_pop'====== Args={'value': 5, 'prev_value': None, 'change': True}
2024-10-14 21:13:05,804 : INFO : EventManager : Event: ======'machine_var_audits_switches_s_scissor_save'====== Args={'value': 0, 'prev_value': None, 'change': True}
2024-10-14 21:13:05,804 : INFO : EventManager : Event: ======'machine_var_audits_switches_s_sling_l'====== Args={'value': 6, 'prev_value': None, 'change': True}
2024-10-14 21:13:05,804 : INFO : EventManager : Event: ======'machine_var_audits_switches_s_start'====== Args={'value': 0, 'prev_value': None, 'change': True}
2024-10-14 21:13:05,805 : INFO : EventManager : Event: ======'machine_var_audits_switches_s_stationary_l'====== Args={'value': 1, 'prev_value': None, 'change': True}
2024-10-14 21:13:05,805 : INFO : EventManager : Event: ======'machine_var_audits_switches_s_stationary_m'====== Args={'value': 3, 'prev_value': None, 'change': True}
2024-10-14 21:13:05,805 : INFO : EventManager : Event: ======'machine_var_audits_switches_s_stationary_r'====== Args={'value': 1, 'prev_value': None, 'change': True}
2024-10-14 21:13:05,805 : INFO : EventManager : Event: ======'machine_var_audits_switches_s_subway'====== Args={'value': 3, 'prev_value': None, 'change': True}
2024-10-14 21:13:05,805 : INFO : EventManager : Event: ======'machine_var_audits_switches_s_tilt'====== Args={'value': 0, 'prev_value': None, 'change': True}
2024-10-14 21:13:05,805 : INFO : EventManager : Event: ======'machine_var_audits_switches_s_top'====== Args={'value': 0, 'prev_value': None, 'change': True}
2024-10-14 21:13:05,805 : INFO : EventManager : Event: ======'machine_var_audits_switches_s_top_mid'====== Args={'value': 0, 'prev_value': None, 'change': True}
2024-10-14 21:13:05,805 : INFO : EventManager : Event: ======'machine_var_audits_switches_s_trough_1'====== Args={'value': 6, 'prev_value': None, 'change': True}
2024-10-14 21:13:05,805 : INFO : EventManager : Event: ======'machine_var_audits_switches_s_trough_2'====== Args={'value': 3, 'prev_value': None, 'change': True}
2024-10-14 21:13:05,805 : INFO : EventManager : Event: ======'machine_var_audits_switches_s_trough_3'====== Args={'value': 4, 'prev_value': None, 'change': True}
2024-10-14 21:13:05,806 : INFO : EventManager : Event: ======'machine_var_audits_switches_s_trough_4'====== Args={'value': 8, 'prev_value': None, 'change': True}
2024-10-14 21:13:05,806 : INFO : EventManager : Event: ======'machine_var_audits_switches_s_trough_5'====== Args={'value': 3, 'prev_value': None, 'change': True}
2024-10-14 21:13:05,806 : INFO : EventManager : Event: ======'machine_var_audits_switches_s_trough_6'====== Args={'value': 6, 'prev_value': None, 'change': True}
2024-10-14 21:13:05,806 : INFO : EventManager : Event: ======'machine_var_audits_switches_s_trough_jam'====== Args={'value': 4, 'prev_value': None, 'change': True}
2024-10-14 21:13:05,806 : INFO : EventManager : Event: ======'machine_var_audits_switches_s_lock_2'====== Args={'value': 0, 'prev_value': None, 'change': True}
2024-10-14 21:13:05,806 : INFO : EventManager : Event: ======'machine_var_audits_switches_s_b_pop'====== Args={'value': 0, 'prev_value': None, 'change': True}
2024-10-14 21:13:05,806 : INFO : EventManager : Event: ======'machine_var_audits_switches_s_u_target'====== Args={'value': 0, 'prev_value': None, 'change': True}
2024-10-14 21:13:05,807 : INFO : EventManager : Event: ======'machine_var_audits_switches_s_b_target_left'====== Args={'value': 0, 'prev_value': None, 'change': True}
2024-10-14 21:13:05,807 : INFO : EventManager : Event: ======'machine_var_audits_switches_s_u_lane_l'====== Args={'value': 0, 'prev_value': None, 'change': True}
2024-10-14 21:13:05,807 : INFO : EventManager : Event: ======'machine_var_audits_switches_s_b_target_right'====== Args={'value': 0, 'prev_value': None, 'change': True}
2024-10-14 21:13:05,807 : INFO : EventManager : Event: ======'machine_var_audits_switches_s_b_rollover_misc'====== Args={'value': 0, 'prev_value': None, 'change': True}
2024-10-14 21:13:05,807 : INFO : EventManager : Event: ======'machine_var_audits_switches_s_b_rollover_loop'====== Args={'value': 0, 'prev_value': None, 'change': True}
2024-10-14 21:13:05,807 : INFO : EventManager : Event: ======'machine_var_audits_switches_s_lock_1'====== Args={'value': 0, 'prev_value': None, 'change': True}
2024-10-14 21:13:05,807 : INFO : EventManager : Event: ======'machine_var_audits_switches_s_u_lane_r'====== Args={'value': 0, 'prev_value': None, 'change': True}
2024-10-14 21:13:05,807 : INFO : EventManager : Event: ======'machine_var_audits_switches_s_b_eos'====== Args={'value': 0, 'prev_value': None, 'change': True}
2024-10-14 21:13:05,808 : INFO : EventManager : Event: ======'machine_var_audits_switches_s_vuk_back'====== Args={'value': 0, 'prev_value': None, 'change': True}
2024-10-14 21:13:05,808 : INFO : EventManager : Event: ======'machine_var_audits_switches_s_b_rollover_interchange'====== Args={'value': 0, 'prev_value': None, 'change': True}
2024-10-14 21:13:05,808 : INFO : EventManager : Event: ======'machine_var_audits_switches_s_lock_3'====== Args={'value': 0, 'prev_value': None, 'change': True}
2024-10-14 21:13:05,808 : INFO : EventManager : Event: ======'machine_var_audits_switches_s_u_rollover'====== Args={'value': 0, 'prev_value': None, 'change': True}
2024-10-14 21:13:05,809 : INFO : EventManager : Event: ======'init_phase_5'====== Args={}
2024-10-14 21:13:05,809 : INFO : EventManager : Event: ======'init_done'====== Args={}
2024-10-14 21:13:05,809 : INFO : EventManager : Event: ======'machine_reset_phase_1'====== Args={}
2024-10-14 21:13:05,809 : INFO : EventManager : Event: ======'machine_reset_phase_2'====== Args={}
2024-10-14 21:13:05,810 : INFO : EventManager : Event: ======'machine_reset_phase_3'====== Args={}
2024-10-14 21:13:05,810 : INFO : EventManager : Event: ======'reset_complete'====== Args={}
2024-10-14 21:13:05,810 : INFO : EventManager : Event: ======'mode_attract_will_start'====== Args={}
2024-10-14 21:13:05,810 : INFO : EventManager : Event: ======'mode_attract_starting'====== Args={}
2024-10-14 21:13:05,810 : INFO : Mode.attract : Started. Priority: 10
2024-10-14 21:13:05,810 : INFO : EventManager : Event: ======'modes_active_modes_changed'====== Args={}
2024-10-14 21:13:05,810 : INFO : EventManager : Event: ======'mode_attract_started'====== Args={}
2024-10-14 21:13:05,810 : INFO : EventManager : Event: ======'collecting_balls'====== Args={}
2024-10-14 21:13:05,810 : INFO : ball_device.bd_vuk_back : Adding 1 ball(s) to the eject_queue with target <playfield.playfield>.
2024-10-14 21:13:05,810 : INFO : EventManager : Event: ======'balldevice_balls_available'====== Args={}
2024-10-14 21:13:05,810 : INFO : ball_device.bd_b_lock : Adding 1 ball(s) to the eject_queue with target <playfield.playfield>.
2024-10-14 21:13:05,810 : INFO : EventManager : Event: ======'balldevice_balls_available'====== Args={}
2024-10-14 21:13:05,813 : INFO : Machine : Starting the main run loop.
2024-10-14 21:13:05,814 : INFO : ball_device.bd_vuk_back : State: waiting_for_target_ready
2024-10-14 21:13:05,814 : INFO : EventManager : Event: ======'balldevice_bd_vuk_back_ball_eject_attempt'====== Args={'balls': 1, 'target': <playfield.playfield>, 'source': <ball_device.bd_vuk_back>, 'mechanical_eject': False, 'num_attempts': 0}
2024-10-14 21:13:05,814 : INFO : ball_device.bd_b_lock : State: waiting_for_target_ready
2024-10-14 21:13:05,814 : INFO : EventManager : Event: ======'balldevice_bd_b_lock_ball_eject_attempt'====== Args={'balls': 1, 'target': <playfield.playfield>, 'source': <ball_device.bd_b_lock>, 'mechanical_eject': False, 'num_attempts': 0}
2024-10-14 21:13:05,814 : INFO : ball_device.bd_b_lock : State: ejecting
2024-10-14 21:13:05,814 : INFO : ball_device.bd_b_lock : Ejecting ball to <playfield.playfield>
2024-10-14 21:13:05,814 : INFO : EventManager : Event: ======'balldevice_bd_b_lock_ejecting_ball'====== Args={'balls': 1, 'target': <playfield.playfield>, 'source': <ball_device.bd_b_lock>, 'mechanical_eject': False, 'num_attempts': 0}
2024-10-14 21:13:05,814 : INFO : ball_device.bd_vuk_back : State: ejecting
2024-10-14 21:13:05,814 : INFO : ball_device.bd_vuk_back : Ejecting ball to <playfield.playfield>
2024-10-14 21:13:05,814 : INFO : EventManager : Event: ======'balldevice_bd_vuk_back_ejecting_ball'====== Args={'balls': 1, 'target': <playfield.playfield>, 'source': <ball_device.bd_vuk_back>, 'mechanical_eject': False, 'num_attempts': 0}
2024-10-14 21:13:05,814 : INFO : ball_device.bd_vuk_back : Wait for ball to leave device
2024-10-14 21:13:05,814 : INFO : coil.c_vuk_back : Pulsing Driver for 30ms (1.0 pulse_power)
2024-10-14 21:13:05,814 : INFO : ball_device.bd_b_lock : Wait for ball to leave device
2024-10-14 21:13:05,855 : INFO : coil.c_b_lock : Pulsing Driver for 100ms (0.7 pulse_power)
2024-10-14 21:13:07,815 : INFO : EventManager : Event: ======'balldevice_bd_vuk_back_ball_eject_failed'====== Args={'target': <playfield.playfield>, 'balls': 1, 'retry': True, 'num_attempts': 1}
2024-10-14 21:13:07,816 : INFO : EventManager : Event: ======'balldevice_bd_b_lock_ball_eject_failed'====== Args={'target': <playfield.playfield>, 'balls': 1, 'retry': True, 'num_attempts': 1}
2024-10-14 21:13:07,818 : INFO : ball_device.bd_b_lock : State: waiting_for_target_ready
2024-10-14 21:13:07,818 : INFO : EventManager : Event: ======'balldevice_bd_b_lock_ball_eject_attempt'====== Args={'balls': 1, 'target': <playfield.playfield>, 'source': <ball_device.bd_b_lock>, 'mechanical_eject': False, 'num_attempts': 1}
2024-10-14 21:13:07,818 : INFO : ball_device.bd_vuk_back : State: waiting_for_target_ready
2024-10-14 21:13:07,819 : INFO : EventManager : Event: ======'balldevice_bd_vuk_back_ball_eject_attempt'====== Args={'balls': 1, 'target': <playfield.playfield>, 'source': <ball_device.bd_vuk_back>, 'mechanical_eject': False, 'num_attempts': 1}
2024-10-14 21:13:07,819 : INFO : ball_device.bd_vuk_back : State: ejecting
2024-10-14 21:13:07,819 : INFO : ball_device.bd_vuk_back : Ejecting ball to <playfield.playfield>
2024-10-14 21:13:07,819 : INFO : EventManager : Event: ======'balldevice_bd_vuk_back_ejecting_ball'====== Args={'balls': 1, 'target': <playfield.playfield>, 'source': <ball_device.bd_vuk_back>, 'mechanical_eject': False, 'num_attempts': 1}
2024-10-14 21:13:07,819 : INFO : ball_device.bd_b_lock : State: ejecting
2024-10-14 21:13:07,819 : INFO : ball_device.bd_b_lock : Ejecting ball to <playfield.playfield>
2024-10-14 21:13:07,820 : INFO : EventManager : Event: ======'balldevice_bd_b_lock_ejecting_ball'====== Args={'balls': 1, 'target': <playfield.playfield>, 'source': <ball_device.bd_b_lock>, 'mechanical_eject': False, 'num_attempts': 1}
2024-10-14 21:13:07,820 : INFO : ball_device.bd_b_lock : Wait for ball to leave device
2024-10-14 21:13:07,821 : INFO : coil.c_b_lock : Pulsing Driver for 100ms (0.7 pulse_power)
2024-10-14 21:13:07,821 : INFO : ball_device.bd_vuk_back : Wait for ball to leave device
2024-10-14 21:13:07,932 : INFO : coil.c_vuk_back : Pulsing Driver for 30ms (1.0 pulse_power)
2024-10-14 21:13:09,822 : INFO : EventManager : Event: ======'balldevice_bd_b_lock_ball_eject_failed'====== Args={'target': <playfield.playfield>, 'balls': 1, 'retry': True, 'num_attempts': 2}
2024-10-14 21:13:09,823 : INFO : EventManager : Event: ======'balldevice_bd_vuk_back_ball_eject_failed'====== Args={'target': <playfield.playfield>, 'balls': 1, 'retry': True, 'num_attempts': 2}
2024-10-14 21:13:09,824 : INFO : ball_device.bd_vuk_back : State: waiting_for_target_ready
2024-10-14 21:13:09,824 : INFO : EventManager : Event: ======'balldevice_bd_vuk_back_ball_eject_attempt'====== Args={'balls': 1, 'target': <playfield.playfield>, 'source': <ball_device.bd_vuk_back>, 'mechanical_eject': False, 'num_attempts': 2}
2024-10-14 21:13:09,825 : INFO : ball_device.bd_b_lock : State: waiting_for_target_ready
2024-10-14 21:13:09,825 : INFO : EventManager : Event: ======'balldevice_bd_b_lock_ball_eject_attempt'====== Args={'balls': 1, 'target': <playfield.playfield>, 'source': <ball_device.bd_b_lock>, 'mechanical_eject': False, 'num_attempts': 2}
2024-10-14 21:13:09,825 : INFO : ball_device.bd_b_lock : State: ejecting
2024-10-14 21:13:09,825 : INFO : ball_device.bd_b_lock : Ejecting ball to <playfield.playfield>
2024-10-14 21:13:09,825 : INFO : EventManager : Event: ======'balldevice_bd_b_lock_ejecting_ball'====== Args={'balls': 1, 'target': <playfield.playfield>, 'source': <ball_device.bd_b_lock>, 'mechanical_eject': False, 'num_attempts': 2}
2024-10-14 21:13:09,825 : INFO : ball_device.bd_vuk_back : State: ejecting
2024-10-14 21:13:09,826 : INFO : ball_device.bd_vuk_back : Ejecting ball to <playfield.playfield>
2024-10-14 21:13:09,826 : INFO : EventManager : Event: ======'balldevice_bd_vuk_back_ejecting_ball'====== Args={'balls': 1, 'target': <playfield.playfield>, 'source': <ball_device.bd_vuk_back>, 'mechanical_eject': False, 'num_attempts': 2}
2024-10-14 21:13:09,826 : INFO : ball_device.bd_vuk_back : Wait for ball to leave device
2024-10-14 21:13:09,827 : INFO : coil.c_vuk_back : Pulsing Driver for 30ms (1.0 pulse_power)
2024-10-14 21:13:09,827 : INFO : ball_device.bd_b_lock : Wait for ball to leave device
2024-10-14 21:13:09,868 : INFO : coil.c_b_lock : Pulsing Driver for 100ms (0.7 pulse_power)
2024-10-14 21:13:11,828 : INFO : EventManager : Event: ======'balldevice_bd_vuk_back_ball_eject_failed'====== Args={'target': <playfield.playfield>, 'balls': 1, 'retry': True, 'num_attempts': 3}
2024-10-14 21:13:11,829 : INFO : EventManager : Event: ======'balldevice_bd_b_lock_ball_eject_failed'====== Args={'target': <playfield.playfield>, 'balls': 1, 'retry': True, 'num_attempts': 3}
2024-10-14 21:13:11,831 : INFO : ball_device.bd_b_lock : State: waiting_for_target_ready
2024-10-14 21:13:11,831 : INFO : EventManager : Event: ======'balldevice_bd_b_lock_ball_eject_attempt'====== Args={'balls': 1, 'target': <playfield.playfield>, 'source': <ball_device.bd_b_lock>, 'mechanical_eject': False, 'num_attempts': 3}
2024-10-14 21:13:11,831 : INFO : ball_device.bd_vuk_back : State: waiting_for_target_ready
2024-10-14 21:13:11,832 : INFO : EventManager : Event: ======'balldevice_bd_vuk_back_ball_eject_attempt'====== Args={'balls': 1, 'target': <playfield.playfield>, 'source': <ball_device.bd_vuk_back>, 'mechanical_eject': False, 'num_attempts': 3}
2024-10-14 21:13:11,832 : INFO : ball_device.bd_vuk_back : State: ejecting
2024-10-14 21:13:11,832 : INFO : ball_device.bd_vuk_back : Ejecting ball to <playfield.playfield>
2024-10-14 21:13:11,832 : INFO : EventManager : Event: ======'balldevice_bd_vuk_back_ejecting_ball'====== Args={'balls': 1, 'target': <playfield.playfield>, 'source': <ball_device.bd_vuk_back>, 'mechanical_eject': False, 'num_attempts': 3}
2024-10-14 21:13:11,832 : INFO : ball_device.bd_b_lock : State: ejecting
2024-10-14 21:13:11,832 : INFO : ball_device.bd_b_lock : Ejecting ball to <playfield.playfield>
2024-10-14 21:13:11,832 : INFO : EventManager : Event: ======'balldevice_bd_b_lock_ejecting_ball'====== Args={'balls': 1, 'target': <playfield.playfield>, 'source': <ball_device.bd_b_lock>, 'mechanical_eject': False, 'num_attempts': 3}
2024-10-14 21:13:11,833 : INFO : ball_device.bd_b_lock : Wait for ball to leave device
2024-10-14 21:13:11,833 : INFO : coil.c_b_lock : Pulsing Driver for 100ms (0.7 pulse_power)
2024-10-14 21:13:11,834 : INFO : ball_device.bd_vuk_back : Wait for ball to leave device
2024-10-14 21:13:11,945 : INFO : coil.c_vuk_back : Pulsing Driver for 30ms (1.0 pulse_power)
2024-10-14 21:13:13,835 : INFO : EventManager : Event: ======'balldevice_bd_b_lock_ball_eject_failed'====== Args={'target': <playfield.playfield>, 'balls': 1, 'retry': True, 'num_attempts': 4}
2024-10-14 21:13:13,836 : INFO : EventManager : Event: ======'balldevice_bd_vuk_back_ball_eject_failed'====== Args={'target': <playfield.playfield>, 'balls': 1, 'retry': True, 'num_attempts': 4}
2024-10-14 21:13:13,838 : INFO : ball_device.bd_vuk_back : State: waiting_for_target_ready
2024-10-14 21:13:13,838 : INFO : EventManager : Event: ======'balldevice_bd_vuk_back_ball_eject_attempt'====== Args={'balls': 1, 'target': <playfield.playfield>, 'source': <ball_device.bd_vuk_back>, 'mechanical_eject': False, 'num_attempts': 4}
2024-10-14 21:13:13,838 : INFO : ball_device.bd_b_lock : State: waiting_for_target_ready
2024-10-14 21:13:13,839 : INFO : EventManager : Event: ======'balldevice_bd_b_lock_ball_eject_attempt'====== Args={'balls': 1, 'target': <playfield.playfield>, 'source': <ball_device.bd_b_lock>, 'mechanical_eject': False, 'num_attempts': 4}
2024-10-14 21:13:13,839 : INFO : ball_device.bd_b_lock : State: ejecting
2024-10-14 21:13:13,839 : INFO : ball_device.bd_b_lock : Ejecting ball to <playfield.playfield>
2024-10-14 21:13:13,839 : INFO : EventManager : Event: ======'balldevice_bd_b_lock_ejecting_ball'====== Args={'balls': 1, 'target': <playfield.playfield>, 'source': <ball_device.bd_b_lock>, 'mechanical_eject': False, 'num_attempts': 4}
2024-10-14 21:13:13,839 : INFO : ball_device.bd_vuk_back : State: ejecting
2024-10-14 21:13:13,839 : INFO : ball_device.bd_vuk_back : Ejecting ball to <playfield.playfield>
2024-10-14 21:13:13,840 : INFO : EventManager : Event: ======'balldevice_bd_vuk_back_ejecting_ball'====== Args={'balls': 1, 'target': <playfield.playfield>, 'source': <ball_device.bd_vuk_back>, 'mechanical_eject': False, 'num_attempts': 4}
2024-10-14 21:13:13,840 : INFO : ball_device.bd_vuk_back : Wait for ball to leave device
2024-10-14 21:13:13,841 : INFO : coil.c_vuk_back : Pulsing Driver for 30ms (1.0 pulse_power)
2024-10-14 21:13:13,841 : INFO : ball_device.bd_b_lock : Wait for ball to leave device
2024-10-14 21:13:13,881 : INFO : coil.c_b_lock : Pulsing Driver for 100ms (0.7 pulse_power)
2024-10-14 21:13:14,378 : INFO : SwitchController : <<<<<<< 's_inlane_r' active >>>>>>>
2024-10-14 21:13:14,416 : INFO : SwitchController : <<<<<<< 's_inlane_r' inactive >>>>>>>
2024-10-14 21:13:15,790 : INFO : SwitchController : <<<<<<< 's_inlane_r' active >>>>>>>
2024-10-14 21:13:15,824 : INFO : SwitchController : <<<<<<< 's_inlane_r' inactive >>>>>>>
2024-10-14 21:13:15,842 : INFO : EventManager : Event: ======'balldevice_bd_vuk_back_ball_eject_failed'====== Args={'target': <playfield.playfield>, 'balls': 1, 'retry': True, 'num_attempts': 5}
2024-10-14 21:13:15,842 : INFO : EventManager : Event: ======'balldevice_bd_b_lock_ball_eject_failed'====== Args={'target': <playfield.playfield>, 'balls': 1, 'retry': True, 'num_attempts': 5}
2024-10-14 21:13:15,843 : INFO : ball_device.bd_b_lock : State: waiting_for_target_ready
2024-10-14 21:13:15,844 : INFO : EventManager : Event: ======'balldevice_bd_b_lock_ball_eject_attempt'====== Args={'balls': 1, 'target': <playfield.playfield>, 'source': <ball_device.bd_b_lock>, 'mechanical_eject': False, 'num_attempts': 5}
2024-10-14 21:13:15,844 : INFO : ball_device.bd_vuk_back : State: waiting_for_target_ready
2024-10-14 21:13:15,844 : INFO : EventManager : Event: ======'balldevice_bd_vuk_back_ball_eject_attempt'====== Args={'balls': 1, 'target': <playfield.playfield>, 'source': <ball_device.bd_vuk_back>, 'mechanical_eject': False, 'num_attempts': 5}
2024-10-14 21:13:15,844 : INFO : ball_device.bd_vuk_back : State: ejecting
2024-10-14 21:13:15,844 : INFO : ball_device.bd_vuk_back : Ejecting ball to <playfield.playfield>
2024-10-14 21:13:15,844 : INFO : EventManager : Event: ======'balldevice_bd_vuk_back_ejecting_ball'====== Args={'balls': 1, 'target': <playfield.playfield>, 'source': <ball_device.bd_vuk_back>, 'mechanical_eject': False, 'num_attempts': 5}
2024-10-14 21:13:15,844 : INFO : ball_device.bd_b_lock : State: ejecting
2024-10-14 21:13:15,844 : INFO : ball_device.bd_b_lock : Ejecting ball to <playfield.playfield>
2024-10-14 21:13:15,845 : INFO : EventManager : Event: ======'balldevice_bd_b_lock_ejecting_ball'====== Args={'balls': 1, 'target': <playfield.playfield>, 'source': <ball_device.bd_b_lock>, 'mechanical_eject': False, 'num_attempts': 5}
2024-10-14 21:13:15,845 : INFO : ball_device.bd_b_lock : Wait for ball to leave device
2024-10-14 21:13:15,845 : INFO : coil.c_b_lock : Pulsing Driver for 100ms (0.7 pulse_power)
2024-10-14 21:13:15,846 : INFO : ball_device.bd_vuk_back : Wait for ball to leave device
2024-10-14 21:13:15,957 : INFO : coil.c_vuk_back : Pulsing Driver for 30ms (1.0 pulse_power)
2024-10-14 21:13:16,304 : INFO : SwitchController : <<<<<<< 's_trough_4' active >>>>>>>
2024-10-14 21:13:16,369 : INFO : SwitchController : <<<<<<< 's_trough_4' inactive >>>>>>>
2024-10-14 21:13:16,387 : INFO : SwitchController : <<<<<<< 's_trough_6' active >>>>>>>
2024-10-14 21:13:16,504 : INFO : SwitchController : <<<<<<< 's_trough_6' inactive >>>>>>>
2024-10-14 21:13:16,565 : INFO : SwitchController : <<<<<<< 's_trough_5' active >>>>>>>
2024-10-14 21:13:16,646 : INFO : SwitchController : <<<<<<< 's_trough_5' inactive >>>>>>>
2024-10-14 21:13:16,686 : INFO : SwitchController : <<<<<<< 's_trough_4' active >>>>>>>
2024-10-14 21:13:16,691 : INFO : SwitchController : <<<<<<< 's_trough_4' inactive >>>>>>>
2024-10-14 21:13:16,696 : INFO : SwitchController : <<<<<<< 's_trough_4' active >>>>>>>
2024-10-14 21:13:16,761 : INFO : SwitchController : <<<<<<< 's_trough_4' inactive >>>>>>>
2024-10-14 21:13:16,799 : INFO : SwitchController : <<<<<<< 's_trough_3' active >>>>>>>
2024-10-14 21:13:16,875 : INFO : SwitchController : <<<<<<< 's_trough_3' inactive >>>>>>>
2024-10-14 21:13:16,900 : INFO : SwitchController : <<<<<<< 's_trough_2' active >>>>>>>
2024-10-14 21:13:17,847 : INFO : EventManager : Event: ======'balldevice_bd_b_lock_ball_eject_failed'====== Args={'target': <playfield.playfield>, 'balls': 1, 'retry': True, 'num_attempts': 6}
2024-10-14 21:13:17,848 : INFO : EventManager : Event: ======'balldevice_bd_vuk_back_ball_eject_failed'====== Args={'target': <playfield.playfield>, 'balls': 1, 'retry': True, 'num_attempts': 6}
2024-10-14 21:13:17,850 : INFO : ball_device.bd_vuk_back : State: waiting_for_target_ready
2024-10-14 21:13:17,850 : INFO : EventManager : Event: ======'balldevice_bd_vuk_back_ball_eject_attempt'====== Args={'balls': 1, 'target': <playfield.playfield>, 'source': <ball_device.bd_vuk_back>, 'mechanical_eject': False, 'num_attempts': 6}
2024-10-14 21:13:17,850 : INFO : ball_device.bd_b_lock : State: waiting_for_target_ready
2024-10-14 21:13:17,851 : INFO : EventManager : Event: ======'balldevice_bd_b_lock_ball_eject_attempt'====== Args={'balls': 1, 'target': <playfield.playfield>, 'source': <ball_device.bd_b_lock>, 'mechanical_eject': False, 'num_attempts': 6}
2024-10-14 21:13:17,851 : INFO : ball_device.bd_b_lock : State: ejecting
2024-10-14 21:13:17,851 : INFO : ball_device.bd_b_lock : Ejecting ball to <playfield.playfield>
2024-10-14 21:13:17,851 : INFO : EventManager : Event: ======'balldevice_bd_b_lock_ejecting_ball'====== Args={'balls': 1, 'target': <playfield.playfield>, 'source': <ball_device.bd_b_lock>, 'mechanical_eject': False, 'num_attempts': 6}
2024-10-14 21:13:17,852 : INFO : ball_device.bd_vuk_back : State: ejecting
2024-10-14 21:13:17,852 : INFO : ball_device.bd_vuk_back : Ejecting ball to <playfield.playfield>
2024-10-14 21:13:17,852 : INFO : EventManager : Event: ======'balldevice_bd_vuk_back_ejecting_ball'====== Args={'balls': 1, 'target': <playfield.playfield>, 'source': <ball_device.bd_vuk_back>, 'mechanical_eject': False, 'num_attempts': 6}
2024-10-14 21:13:17,853 : INFO : ball_device.bd_vuk_back : Wait for ball to leave device
2024-10-14 21:13:17,853 : INFO : coil.c_vuk_back : Pulsing Driver for 30ms (1.0 pulse_power)
2024-10-14 21:13:17,853 : INFO : ball_device.bd_b_lock : Wait for ball to leave device
2024-10-14 21:13:17,894 : INFO : coil.c_b_lock : Pulsing Driver for 100ms (0.7 pulse_power)
2024-10-14 21:13:19,855 : INFO : EventManager : Event: ======'balldevice_bd_vuk_back_ball_eject_failed'====== Args={'target': <playfield.playfield>, 'balls': 1, 'retry': True, 'num_attempts': 7}
2024-10-14 21:13:19,855 : INFO : EventManager : Event: ======'balldevice_bd_b_lock_ball_eject_failed'====== Args={'target': <playfield.playfield>, 'balls': 1, 'retry': True, 'num_attempts': 7}
2024-10-14 21:13:19,857 : INFO : ball_device.bd_b_lock : State: waiting_for_target_ready
2024-10-14 21:13:19,857 : INFO : EventManager : Event: ======'balldevice_bd_b_lock_ball_eject_attempt'====== Args={'balls': 1, 'target': <playfield.playfield>, 'source': <ball_device.bd_b_lock>, 'mechanical_eject': False, 'num_attempts': 7}
2024-10-14 21:13:19,857 : INFO : ball_device.bd_vuk_back : State: waiting_for_target_ready
2024-10-14 21:13:19,857 : INFO : EventManager : Event: ======'balldevice_bd_vuk_back_ball_eject_attempt'====== Args={'balls': 1, 'target': <playfield.playfield>, 'source': <ball_device.bd_vuk_back>, 'mechanical_eject': False, 'num_attempts': 7}
2024-10-14 21:13:19,858 : INFO : ball_device.bd_vuk_back : State: ejecting
2024-10-14 21:13:19,858 : INFO : ball_device.bd_vuk_back : Ejecting ball to <playfield.playfield>
2024-10-14 21:13:19,858 : INFO : EventManager : Event: ======'balldevice_bd_vuk_back_ejecting_ball'====== Args={'balls': 1, 'target': <playfield.playfield>, 'source': <ball_device.bd_vuk_back>, 'mechanical_eject': False, 'num_attempts': 7}
2024-10-14 21:13:19,858 : INFO : ball_device.bd_b_lock : State: ejecting
2024-10-14 21:13:19,858 : INFO : ball_device.bd_b_lock : Ejecting ball to <playfield.playfield>
2024-10-14 21:13:19,858 : INFO : EventManager : Event: ======'balldevice_bd_b_lock_ejecting_ball'====== Args={'balls': 1, 'target': <playfield.playfield>, 'source': <ball_device.bd_b_lock>, 'mechanical_eject': False, 'num_attempts': 7}
2024-10-14 21:13:19,859 : INFO : ball_device.bd_b_lock : Wait for ball to leave device
2024-10-14 21:13:19,859 : INFO : coil.c_b_lock : Pulsing Driver for 100ms (0.7 pulse_power)
2024-10-14 21:13:19,859 : INFO : ball_device.bd_vuk_back : Wait for ball to leave device
2024-10-14 21:13:19,970 : INFO : coil.c_vuk_back : Pulsing Driver for 30ms (1.0 pulse_power)
2024-10-14 21:13:21,861 : INFO : EventManager : Event: ======'balldevice_bd_b_lock_ball_eject_failed'====== Args={'target': <playfield.playfield>, 'balls': 1, 'retry': True, 'num_attempts': 8}
2024-10-14 21:13:21,861 : INFO : EventManager : Event: ======'balldevice_bd_vuk_back_ball_eject_failed'====== Args={'target': <playfield.playfield>, 'balls': 1, 'retry': True, 'num_attempts': 8}
2024-10-14 21:13:21,863 : INFO : ball_device.bd_vuk_back : State: waiting_for_target_ready
2024-10-14 21:13:21,863 : INFO : EventManager : Event: ======'balldevice_bd_vuk_back_ball_eject_attempt'====== Args={'balls': 1, 'target': <playfield.playfield>, 'source': <ball_device.bd_vuk_back>, 'mechanical_eject': False, 'num_attempts': 8}
2024-10-14 21:13:21,864 : INFO : ball_device.bd_b_lock : State: waiting_for_target_ready
2024-10-14 21:13:21,864 : INFO : EventManager : Event: ======'balldevice_bd_b_lock_ball_eject_attempt'====== Args={'balls': 1, 'target': <playfield.playfield>, 'source': <ball_device.bd_b_lock>, 'mechanical_eject': False, 'num_attempts': 8}
2024-10-14 21:13:21,864 : INFO : ball_device.bd_b_lock : State: ejecting
2024-10-14 21:13:21,864 : INFO : ball_device.bd_b_lock : Ejecting ball to <playfield.playfield>
2024-10-14 21:13:21,864 : INFO : EventManager : Event: ======'balldevice_bd_b_lock_ejecting_ball'====== Args={'balls': 1, 'target': <playfield.playfield>, 'source': <ball_device.bd_b_lock>, 'mechanical_eject': False, 'num_attempts': 8}
2024-10-14 21:13:21,864 : INFO : ball_device.bd_vuk_back : State: ejecting
2024-10-14 21:13:21,864 : INFO : ball_device.bd_vuk_back : Ejecting ball to <playfield.playfield>
2024-10-14 21:13:21,864 : INFO : EventManager : Event: ======'balldevice_bd_vuk_back_ejecting_ball'====== Args={'balls': 1, 'target': <playfield.playfield>, 'source': <ball_device.bd_vuk_back>, 'mechanical_eject': False, 'num_attempts': 8}
2024-10-14 21:13:21,865 : INFO : ball_device.bd_vuk_back : Wait for ball to leave device
2024-10-14 21:13:21,865 : INFO : coil.c_vuk_back : Pulsing Driver for 30ms (1.0 pulse_power)
2024-10-14 21:13:21,866 : INFO : ball_device.bd_b_lock : Wait for ball to leave device
2024-10-14 21:13:21,906 : INFO : coil.c_b_lock : Pulsing Driver for 100ms (0.7 pulse_power)
2024-10-14 21:13:23,866 : INFO : EventManager : Event: ======'balldevice_bd_vuk_back_ball_eject_failed'====== Args={'target': <playfield.playfield>, 'balls': 1, 'retry': True, 'num_attempts': 9}
2024-10-14 21:13:23,866 : INFO : EventManager : Event: ======'balldevice_bd_b_lock_ball_eject_failed'====== Args={'target': <playfield.playfield>, 'balls': 1, 'retry': True, 'num_attempts': 9}
2024-10-14 21:13:23,866 : INFO : ball_device.bd_vuk_back : State: waiting_for_target_ready
2024-10-14 21:13:23,866 : INFO : EventManager : Event: ======'balldevice_bd_vuk_back_ball_eject_attempt'====== Args={'balls': 1, 'target': <playfield.playfield>, 'source': <ball_device.bd_vuk_back>, 'mechanical_eject': False, 'num_attempts': 9}
2024-10-14 21:13:23,867 : INFO : ball_device.bd_vuk_back : State: ejecting
2024-10-14 21:13:23,867 : INFO : ball_device.bd_vuk_back : Ejecting ball to <playfield.playfield>
2024-10-14 21:13:23,867 : INFO : EventManager : Event: ======'balldevice_bd_vuk_back_ejecting_ball'====== Args={'balls': 1, 'target': <playfield.playfield>, 'source': <ball_device.bd_vuk_back>, 'mechanical_eject': False, 'num_attempts': 9}
2024-10-14 21:13:23,867 : INFO : ball_device.bd_b_lock : State: waiting_for_target_ready
2024-10-14 21:13:23,867 : INFO : EventManager : Event: ======'balldevice_bd_b_lock_ball_eject_attempt'====== Args={'balls': 1, 'target': <playfield.playfield>, 'source': <ball_device.bd_b_lock>, 'mechanical_eject': False, 'num_attempts': 9}
2024-10-14 21:13:23,867 : INFO : ball_device.bd_b_lock : State: ejecting
2024-10-14 21:13:23,867 : INFO : ball_device.bd_b_lock : Ejecting ball to <playfield.playfield>
2024-10-14 21:13:23,867 : INFO : EventManager : Event: ======'balldevice_bd_b_lock_ejecting_ball'====== Args={'balls': 1, 'target': <playfield.playfield>, 'source': <ball_device.bd_b_lock>, 'mechanical_eject': False, 'num_attempts': 9}
2024-10-14 21:13:23,867 : INFO : ball_device.bd_vuk_back : Wait for ball to leave device
2024-10-14 21:13:23,867 : INFO : coil.c_vuk_back : Pulsing Driver for 30ms (1.0 pulse_power)
2024-10-14 21:13:23,867 : INFO : ball_device.bd_b_lock : Wait for ball to leave device
2024-10-14 21:13:23,908 : INFO : coil.c_b_lock : Pulsing Driver for 100ms (0.7 pulse_power)
2024-10-14 21:13:25,868 : INFO : EventManager : Event: ======'balldevice_bd_vuk_back_ball_eject_failed'====== Args={'target': <playfield.playfield>, 'balls': 1, 'retry': True, 'num_attempts': 10}
2024-10-14 21:13:25,868 : INFO : EventManager : Event: ======'balldevice_bd_b_lock_ball_eject_failed'====== Args={'target': <playfield.playfield>, 'balls': 1, 'retry': True, 'num_attempts': 10}
2024-10-14 21:13:25,870 : INFO : ball_device.bd_b_lock : State: waiting_for_target_ready
2024-10-14 21:13:25,871 : INFO : EventManager : Event: ======'balldevice_bd_b_lock_ball_eject_attempt'====== Args={'balls': 1, 'target': <playfield.playfield>, 'source': <ball_device.bd_b_lock>, 'mechanical_eject': False, 'num_attempts': 10}
2024-10-14 21:13:25,871 : INFO : ball_device.bd_vuk_back : State: waiting_for_target_ready
2024-10-14 21:13:25,871 : INFO : EventManager : Event: ======'balldevice_bd_vuk_back_ball_eject_attempt'====== Args={'balls': 1, 'target': <playfield.playfield>, 'source': <ball_device.bd_vuk_back>, 'mechanical_eject': False, 'num_attempts': 10}
2024-10-14 21:13:25,871 : INFO : ball_device.bd_vuk_back : State: ejecting
2024-10-14 21:13:25,871 : INFO : ball_device.bd_vuk_back : Ejecting ball to <playfield.playfield>
2024-10-14 21:13:25,872 : INFO : EventManager : Event: ======'balldevice_bd_vuk_back_ejecting_ball'====== Args={'balls': 1, 'target': <playfield.playfield>, 'source': <ball_device.bd_vuk_back>, 'mechanical_eject': False, 'num_attempts': 10}
2024-10-14 21:13:25,872 : INFO : ball_device.bd_b_lock : State: ejecting
2024-10-14 21:13:25,872 : INFO : ball_device.bd_b_lock : Ejecting ball to <playfield.playfield>
2024-10-14 21:13:25,872 : INFO : EventManager : Event: ======'balldevice_bd_b_lock_ejecting_ball'====== Args={'balls': 1, 'target': <playfield.playfield>, 'source': <ball_device.bd_b_lock>, 'mechanical_eject': False, 'num_attempts': 10}
2024-10-14 21:13:25,873 : INFO : ball_device.bd_b_lock : Wait for ball to leave device
2024-10-14 21:13:25,873 : INFO : coil.c_b_lock : Pulsing Driver for 100ms (0.7 pulse_power)
2024-10-14 21:13:25,873 : INFO : ball_device.bd_vuk_back : Wait for ball to leave device
2024-10-14 21:13:25,984 : INFO : coil.c_vuk_back : Pulsing Driver for 30ms (1.0 pulse_power)
2024-10-14 21:13:27,874 : INFO : EventManager : Event: ======'balldevice_bd_b_lock_ball_eject_failed'====== Args={'target': <playfield.playfield>, 'balls': 1, 'retry': True, 'num_attempts': 11}
2024-10-14 21:13:27,875 : INFO : EventManager : Event: ======'balldevice_bd_vuk_back_ball_eject_failed'====== Args={'target': <playfield.playfield>, 'balls': 1, 'retry': True, 'num_attempts': 11}
2024-10-14 21:13:27,877 : INFO : ball_device.bd_vuk_back : State: waiting_for_target_ready
2024-10-14 21:13:27,877 : INFO : EventManager : Event: ======'balldevice_bd_vuk_back_ball_eject_attempt'====== Args={'balls': 1, 'target': <playfield.playfield>, 'source': <ball_device.bd_vuk_back>, 'mechanical_eject': False, 'num_attempts': 11}
2024-10-14 21:13:27,878 : INFO : ball_device.bd_b_lock : State: waiting_for_target_ready
2024-10-14 21:13:27,878 : INFO : EventManager : Event: ======'balldevice_bd_b_lock_ball_eject_attempt'====== Args={'balls': 1, 'target': <playfield.playfield>, 'source': <ball_device.bd_b_lock>, 'mechanical_eject': False, 'num_attempts': 11}
2024-10-14 21:13:27,878 : INFO : ball_device.bd_b_lock : State: ejecting
2024-10-14 21:13:27,879 : INFO : ball_device.bd_b_lock : Ejecting ball to <playfield.playfield>
2024-10-14 21:13:27,879 : INFO : EventManager : Event: ======'balldevice_bd_b_lock_ejecting_ball'====== Args={'balls': 1, 'target': <playfield.playfield>, 'source': <ball_device.bd_b_lock>, 'mechanical_eject': False, 'num_attempts': 11}
2024-10-14 21:13:27,879 : INFO : ball_device.bd_vuk_back : State: ejecting
2024-10-14 21:13:27,879 : INFO : ball_device.bd_vuk_back : Ejecting ball to <playfield.playfield>
2024-10-14 21:13:27,879 : INFO : EventManager : Event: ======'balldevice_bd_vuk_back_ejecting_ball'====== Args={'balls': 1, 'target': <playfield.playfield>, 'source': <ball_device.bd_vuk_back>, 'mechanical_eject': False, 'num_attempts': 11}
2024-10-14 21:13:27,880 : INFO : ball_device.bd_vuk_back : Wait for ball to leave device
2024-10-14 21:13:27,880 : INFO : coil.c_vuk_back : Pulsing Driver for 30ms (1.0 pulse_power)
2024-10-14 21:13:27,880 : INFO : ball_device.bd_b_lock : Wait for ball to leave device
2024-10-14 21:13:27,921 : INFO : coil.c_b_lock : Pulsing Driver for 100ms (0.7 pulse_power)
2024-10-14 21:13:29,882 : INFO : EventManager : Event: ======'balldevice_bd_vuk_back_ball_eject_failed'====== Args={'target': <playfield.playfield>, 'balls': 1, 'retry': True, 'num_attempts': 12}
2024-10-14 21:13:29,882 : INFO : EventManager : Event: ======'balldevice_bd_b_lock_ball_eject_failed'====== Args={'target': <playfield.playfield>, 'balls': 1, 'retry': True, 'num_attempts': 12}
2024-10-14 21:13:29,883 : INFO : ball_device.bd_b_lock : State: waiting_for_target_ready
2024-10-14 21:13:29,883 : INFO : EventManager : Event: ======'balldevice_bd_b_lock_ball_eject_attempt'====== Args={'balls': 1, 'target': <playfield.playfield>, 'source': <ball_device.bd_b_lock>, 'mechanical_eject': False, 'num_attempts': 12}
2024-10-14 21:13:29,884 : INFO : ball_device.bd_vuk_back : State: waiting_for_target_ready
2024-10-14 21:13:29,884 : INFO : EventManager : Event: ======'balldevice_bd_vuk_back_ball_eject_attempt'====== Args={'balls': 1, 'target': <playfield.playfield>, 'source': <ball_device.bd_vuk_back>, 'mechanical_eject': False, 'num_attempts': 12}
2024-10-14 21:13:29,884 : INFO : ball_device.bd_vuk_back : State: ejecting
2024-10-14 21:13:29,884 : INFO : ball_device.bd_vuk_back : Ejecting ball to <playfield.playfield>
2024-10-14 21:13:29,884 : INFO : EventManager : Event: ======'balldevice_bd_vuk_back_ejecting_ball'====== Args={'balls': 1, 'target': <playfield.playfield>, 'source': <ball_device.bd_vuk_back>, 'mechanical_eject': False, 'num_attempts': 12}
2024-10-14 21:13:29,884 : INFO : ball_device.bd_b_lock : State: ejecting
2024-10-14 21:13:29,884 : INFO : ball_device.bd_b_lock : Ejecting ball to <playfield.playfield>
2024-10-14 21:13:29,884 : INFO : EventManager : Event: ======'balldevice_bd_b_lock_ejecting_ball'====== Args={'balls': 1, 'target': <playfield.playfield>, 'source': <ball_device.bd_b_lock>, 'mechanical_eject': False, 'num_attempts': 12}
2024-10-14 21:13:29,885 : INFO : ball_device.bd_b_lock : Wait for ball to leave device
2024-10-14 21:13:29,885 : INFO : coil.c_b_lock : Pulsing Driver for 100ms (0.7 pulse_power)
2024-10-14 21:13:29,886 : INFO : ball_device.bd_vuk_back : Wait for ball to leave device
2024-10-14 21:13:29,997 : INFO : coil.c_vuk_back : Pulsing Driver for 30ms (1.0 pulse_power)
2024-10-14 21:13:30,763 : INFO : Machine : Shutting down...
2024-10-14 21:13:30,764 : INFO : EventManager : Event: ======'shutdown'====== Args={}
2024-10-14 21:13:30,873 : INFO : root : MPF run loop ended.
