2024-10-19 07:34:53,018 : INFO : root : Loading config.
2024-10-19 07:34:53,020 : INFO : YamlMultifileConfigLoader : Machine config file #1: config.yaml
2024-10-19 07:34:53,020 : WARNING : ConfigProcessor : Config file in cache changed: /Users/tannerpetch/Documents/GitHub/trashland_3/config/config.yaml
2024-10-19 07:34:53,020 : INFO : ConfigProcessor : Loading config from file /Library/Frameworks/Python.framework/Versions/3.11/lib/python3.11/site-packages/mpf/mpfconfig.yaml.
2024-10-19 07:34:53,024 : INFO : ConfigProcessor : Loading config: /Library/Frameworks/Python.framework/Versions/3.11/lib/python3.11/site-packages/mpf/mpfconfig.yaml
2024-10-19 07:34:53,024 : INFO : ConfigProcessor : Loading config from file /Users/tannerpetch/Documents/GitHub/trashland_3/config/config.yaml.
2024-10-19 07:34:53,028 : INFO : ConfigProcessor : Loading config: /Users/tannerpetch/Documents/GitHub/trashland_3/config/config.yaml
2024-10-19 07:34:53,029 : INFO : ConfigProcessor : Config file cache created: /var/folders/l2/q8hj_6s91xnb2jxg1sqm0h7r0000gn/T/9d21ea9a81fcfc5941f8ed75c4a080eb.mpf_cache
2024-10-19 07:34:53,062 : INFO : ConfigProcessor : Loading config from file /Library/Frameworks/Python.framework/Versions/3.11/lib/python3.11/site-packages/mpf/modes/attract/config/attract.yaml.
2024-10-19 07:34:53,062 : INFO : ConfigProcessor : Loading config: /Library/Frameworks/Python.framework/Versions/3.11/lib/python3.11/site-packages/mpf/modes/attract/config/attract.yaml
2024-10-19 07:34:53,062 : INFO : ConfigProcessor : Loading config from file /Users/tannerpetch/Documents/GitHub/trashland_3/modes/attract/config/attract.yaml.
2024-10-19 07:34:53,062 : INFO : ConfigProcessor : Loading config: /Users/tannerpetch/Documents/GitHub/trashland_3/modes/attract/config/attract.yaml
2024-10-19 07:34:53,063 : INFO : ConfigProcessor : Config file cache created: /var/folders/l2/q8hj_6s91xnb2jxg1sqm0h7r0000gn/T/43115b802accf167344a214047a50cd4.mpf_cache
2024-10-19 07:34:53,063 : INFO : ConfigProcessor : Loading config from cache: /var/folders/l2/q8hj_6s91xnb2jxg1sqm0h7r0000gn/T/bd1387dfa7de7ffc5bacad015019c743.mpf_cache
2024-10-19 07:34:53,063 : INFO : ConfigProcessor : Loading config from file /Users/tannerpetch/Documents/GitHub/trashland_3/modes/base/config/base.yaml.
2024-10-19 07:34:53,064 : INFO : ConfigProcessor : Loading config: /Users/tannerpetch/Documents/GitHub/trashland_3/modes/base/config/base.yaml
2024-10-19 07:34:53,064 : INFO : ConfigProcessor : Config file cache created: /var/folders/l2/q8hj_6s91xnb2jxg1sqm0h7r0000gn/T/d126ded0bd5e51d3c29826a335e85340.mpf_cache
2024-10-19 07:34:53,064 : INFO : ConfigProcessor : Loading config from cache: /var/folders/l2/q8hj_6s91xnb2jxg1sqm0h7r0000gn/T/43115b802accf167344a214047a50cd4.mpf_cache
2024-10-19 07:34:53,064 : INFO : ConfigProcessor : Loading config from file /Users/tannerpetch/Documents/GitHub/trashland_3/modes/attract/shows/./attract_lcd.yaml.
2024-10-19 07:34:53,065 : INFO : ConfigProcessor : Loading config: /Users/tannerpetch/Documents/GitHub/trashland_3/modes/attract/shows/./attract_lcd.yaml
2024-10-19 07:34:53,065 : INFO : ConfigProcessor : Config file cache created: /var/folders/l2/q8hj_6s91xnb2jxg1sqm0h7r0000gn/T/a4506495691bdf3563a8fd11a9d79f10.mpf_cache
2024-10-19 07:34:53,065 : INFO : ConfigProcessor : Loading config from file /Users/tannerpetch/Documents/GitHub/trashland_3/modes/attract/shows/./attracti_gi.yaml.
2024-10-19 07:34:53,065 : INFO : ConfigProcessor : Loading config: /Users/tannerpetch/Documents/GitHub/trashland_3/modes/attract/shows/./attracti_gi.yaml
2024-10-19 07:34:53,066 : INFO : ConfigProcessor : Config file cache created: /var/folders/l2/q8hj_6s91xnb2jxg1sqm0h7r0000gn/T/40b90811de8a75ce62c7eba4221d4b1e.mpf_cache
2024-10-19 07:34:53,066 : INFO : ConfigProcessor : Loading config from file /Users/tannerpetch/Documents/GitHub/trashland_3/modes/base/shows/./gi_on.yaml.
2024-10-19 07:34:53,066 : INFO : ConfigProcessor : Loading config: /Users/tannerpetch/Documents/GitHub/trashland_3/modes/base/shows/./gi_on.yaml
2024-10-19 07:34:53,066 : INFO : ConfigProcessor : Config file cache created: /var/folders/l2/q8hj_6s91xnb2jxg1sqm0h7r0000gn/T/db09ec9978a00e1c6f82e6773edea5b3.mpf_cache
2024-10-19 07:34:53,066 : INFO : Machine : Mission Pinball Framework Core Engine v0.80.0.dev4
2024-10-19 07:34:53,066 : INFO : Machine : Command line arguments: {'no_load_cache': False, 'create_config_cache': True, 'bcp': True, 'configfile': ['config.yaml'], 'force_assets_load': False, 'platform_integration_test': False, 'jsonlogging': False, 'logfile': 'logs/2024-10-19-07-34-53-mpf-Tanners-Laptop.local.log', 'pause': False, 'production': False, 'text_ui': True, 'loglevel': 15, 'consoleloglevel': 20, 'force_platform': None, 'syslog_address': None, 'mc_file_name': None, 'no_sound': False, 'full_logfile_path': '/Users/tannerpetch/Documents/GitHub/trashland_3/logs/2024-10-19-07-34-53-mpf-Tanners-Laptop.local.log'}
2024-10-19 07:34:53,066 : INFO : Machine : MPF path: /Library/Frameworks/Python.framework/Versions/3.11/lib/python3.11/site-packages/mpf
2024-10-19 07:34:53,066 : INFO : Machine : Machine path: /Users/tannerpetch/Documents/GitHub/trashland_3
2024-10-19 07:34:53,066 : INFO : Machine : Platform: darwin
2024-10-19 07:34:53,066 : INFO : Machine : Python executable location: /Library/Frameworks/Python.framework/Versions/3.11/bin/python3.11
2024-10-19 07:34:53,066 : INFO : Machine : Python version: 3.11.9 (64-bit)
2024-10-19 07:34:53,067 : INFO : Machine : Initializing MPF...
2024-10-19 07:34:53,263 : INFO : FAST : Auto-detecting ports for the following connections: ['net', 'exp']
2024-10-19 07:34:53,366 : ERROR : FAST [NET] : Failed to connect to any of the specified ports.
2024-10-19 07:34:53,367 : INFO : Machine : Shutting down...
2024-10-19 07:34:53,367 : INFO : EventManager : Event: ======'shutdown'====== Args={}
2024-10-19 07:34:53,469 : ERROR : Machine : Failed to initialize MPF
Traceback (most recent call last):
  File "/Library/Frameworks/Python.framework/Versions/3.11/lib/python3.11/site-packages/mpf/platforms/fast/fast.py", line 277, in _connect_to_hardware
    await communicator.connect()
  File "/Library/Frameworks/Python.framework/Versions/3.11/lib/python3.11/site-packages/mpf/platforms/fast/communicators/base.py", line 114, in connect
    raise SerialException(f"{self} could not connect to a serial port. Is it open in CoolTerm? ;)")
serial.serialutil.SerialException: [FAST NET] could not connect to a serial port. Is it open in CoolTerm? ;)

The above exception was the direct cause of the following exception:

Traceback (most recent call last):
  File "/Library/Frameworks/Python.framework/Versions/3.11/lib/python3.11/site-packages/mpf/core/machine.py", line 675, in initialize_mpf
    raise init.exception()
  File "/Library/Frameworks/Python.framework/Versions/3.11/lib/python3.11/site-packages/mpf/core/machine.py", line 247, in initialize
    await self.initialize_core_and_hardware()
  File "/Library/Frameworks/Python.framework/Versions/3.11/lib/python3.11/site-packages/mpf/core/machine.py", line 243, in initialize_core_and_hardware
    await self._initialize_platforms()
  File "/Library/Frameworks/Python.framework/Versions/3.11/lib/python3.11/site-packages/mpf/core/machine.py", line 333, in _initialize_platforms
    result.result()
  File "/Library/Frameworks/Python.framework/Versions/3.11/lib/python3.11/site-packages/mpf/platforms/fast/fast.py", line 123, in initialize
    await self._connect_to_hardware()
  File "/Library/Frameworks/Python.framework/Versions/3.11/lib/python3.11/site-packages/mpf/platforms/fast/fast.py", line 284, in _connect_to_hardware
    raise MpfRuntimeError(f"Could not open serial port {port}. Is something else connected to the port? "
mpf.exceptions.runtime_error.MpfRuntimeError: Runtime Error in FAST: Could not open serial port net. Is something else connected to the port? Did the port number or your computer change? Do you have permissions to access the port? Error Code: RE-FAST-1 (https://missionpinball.org/logs)
2024-10-19 07:34:53,473 : INFO : root : MPF run loop ended.
