2024-10-14 19:45:02,993 : INFO : root : Loading config.
2024-10-14 19:45:02,995 : INFO : YamlMultifileConfigLoader : Machine config file #1: config.yaml
2024-10-14 19:45:02,995 : INFO : ConfigProcessor : Loading config from cache: /var/folders/l2/q8hj_6s91xnb2jxg1sqm0h7r0000gn/T/fb4db0341b09a4be02e1d6b8eab00179.mpf_cache
2024-10-14 19:45:03,017 : INFO : ConfigProcessor : Loading config from cache: /var/folders/l2/q8hj_6s91xnb2jxg1sqm0h7r0000gn/T/c7af4841f7c2cabb0f971746daddf284.mpf_cache
2024-10-14 19:45:03,017 : INFO : ConfigProcessor : Loading config from cache: /var/folders/l2/q8hj_6s91xnb2jxg1sqm0h7r0000gn/T/edcc5f1d3215b377c9faab88c62e4ce0.mpf_cache
2024-10-14 19:45:03,018 : INFO : Machine : Mission Pinball Framework Core Engine v0.57.1.dev3
2024-10-14 19:45:03,018 : INFO : Machine : Command line arguments: {'no_load_cache': False, 'create_config_cache': True, 'bcp': False, 'configfile': ['config.yaml'], 'force_assets_load': False, 'platform_integration_test': False, 'jsonlogging': False, 'logfile': 'logs/2024-10-14-19-45-02-mpf-Tanners-Laptop.local.log', 'pause': False, 'production': False, 'text_ui': True, 'loglevel': 15, 'consoleloglevel': 20, 'force_platform': None, 'syslog_address': None, 'mc_file_name': None, 'no_sound': False}
2024-10-14 19:45:03,018 : INFO : Machine : MPF path: /Library/Frameworks/Python.framework/Versions/3.9/lib/python3.9/site-packages/mpf
2024-10-14 19:45:03,018 : INFO : Machine : Machine path: /Users/tannerpetch/Documents/GitHub/trashland_4
2024-10-14 19:45:03,018 : INFO : Machine : Platform: darwin
2024-10-14 19:45:03,018 : INFO : Machine : Python executable location: /Library/Frameworks/Python.framework/Versions/3.9/bin/python3.9
2024-10-14 19:45:03,018 : INFO : Machine : Python version: 3.9.13 (64-bit)
2024-10-14 19:45:03,018 : INFO : Machine : Initializing MPF...
2024-10-14 19:45:03,045 : INFO : FAST [NET] : Trying to connect to /dev/tty.usbmodem1401 at 921600bps
2024-10-14 19:45:03,051 : INFO : FAST [NET] : Connected to /dev/tty.usbmodem1401 at 921600bps
2024-10-14 19:45:03,052 : INFO : FAST [NET] : Connected to FP-CPU-2000 with firmware v02.21
2024-10-14 19:45:03,054 : INFO : FAST [NET] : Registered I/O Board 0: Model: FP-I/O-0804, Firmware: 01.10, Switches: 8, Drivers: 4
2024-10-14 19:45:03,055 : INFO : FAST [NET] : Registered I/O Board 1: Model: FP-I/O-0804, Firmware: 01.10, Switches: 8, Drivers: 4
2024-10-14 19:45:03,056 : INFO : FAST [NET] : Registered I/O Board 2: Model: FP-I/O-3208, Firmware: 01.10, Switches: 32, Drivers: 8
2024-10-14 19:45:03,057 : INFO : FAST [NET] : Registered I/O Board 3: Model: FP-I/O-1616, Firmware: 01.10, Switches: 16, Drivers: 16
2024-10-14 19:45:03,058 : INFO : FAST [NET] : Registered I/O Board 4: Model: FP-I/O-3208, Firmware: 01.10, Switches: 32, Drivers: 8
2024-10-14 19:45:03,058 : INFO : EventManager : Event: ======'machine_var_credits_string'====== Args={'value': 'FREE PLAY', 'prev_value': None, 'change': True}
2024-10-14 19:45:03,071 : INFO : EventManager : Event: ======'machine_var_master_volume'====== Args={'value': 0.5, 'prev_value': None, 'change': True}
2024-10-14 19:45:03,071 : INFO : EventManager : Event: ======'machine_var_player1_score'====== Args={'value': 0, 'prev_value': None, 'change': True}
2024-10-14 19:45:03,071 : INFO : EventManager : Event: ======'machine_var_mpf_version'====== Args={'value': 'Mission Pinball Framework v0.57.1.dev3', 'prev_value': None, 'change': True}
2024-10-14 19:45:03,071 : INFO : EventManager : Event: ======'machine_var_mpf_extended_version'====== Args={'value': 'Mission Pinball Framework v0.57.1.dev3, Config version:6, Show version: 6, BCP version:1.1', 'prev_value': None, 'change': True}
2024-10-14 19:45:03,071 : INFO : EventManager : Event: ======'machine_var_python_version'====== Args={'value': '3.9.13', 'prev_value': None, 'change': True}
2024-10-14 19:45:03,077 : INFO : EventManager : Event: ======'machine_var_platform'====== Args={'value': 'macOS-14.3-arm64-arm-64bit', 'prev_value': None, 'change': True}
2024-10-14 19:45:03,077 : INFO : EventManager : Event: ======'machine_var_platform_system'====== Args={'value': 'Darwin', 'prev_value': None, 'change': True}
2024-10-14 19:45:03,077 : INFO : EventManager : Event: ======'machine_var_platform_release'====== Args={'value': '23.3.0', 'prev_value': None, 'change': True}
2024-10-14 19:45:03,077 : INFO : EventManager : Event: ======'machine_var_platform_version'====== Args={'value': 'Darwin Kernel Version 23.3.0: Thu Dec 21 02:29:41 PST 2023; root:xnu-10002.81.5~11/RELEASE_ARM64_T8122', 'prev_value': None, 'change': True}
2024-10-14 19:45:03,077 : INFO : EventManager : Event: ======'machine_var_platform_machine'====== Args={'value': 'arm64', 'prev_value': None, 'change': True}
2024-10-14 19:45:03,077 : INFO : EventManager : Event: ======'init_phase_1'====== Args={}
2024-10-14 19:45:03,219 : WARNING : Machine : Iterating device collections directly is deprecated and will be removed. Access by value(): device_collections[switches] -> device_collections['switches'].values()
2024-10-14 19:45:03,219 : INFO : SwitchController : <<<<<<< 's_lower_orbit' active >>>>>>>
2024-10-14 19:45:03,219 : INFO : SwitchController : <<<<<<< 's_lower_vuk' active >>>>>>>
2024-10-14 19:45:03,219 : INFO : SwitchController : <<<<<<< 's_outlane_l' active >>>>>>>
2024-10-14 19:45:03,219 : INFO : SwitchController : <<<<<<< 's_inlane_l' active >>>>>>>
2024-10-14 19:45:03,219 : INFO : SwitchController : <<<<<<< 's_outlane_r' active >>>>>>>
2024-10-14 19:45:03,219 : INFO : SwitchController : <<<<<<< 's_inlane_r' active >>>>>>>
2024-10-14 19:45:03,219 : INFO : SwitchController : <<<<<<< 's_trough_6' active >>>>>>>
2024-10-14 19:45:03,219 : INFO : SwitchController : <<<<<<< 's_trough_5' active >>>>>>>
2024-10-14 19:45:03,219 : INFO : SwitchController : <<<<<<< 's_trough_4' active >>>>>>>
2024-10-14 19:45:03,219 : INFO : SwitchController : <<<<<<< 's_trough_3' active >>>>>>>
2024-10-14 19:45:03,219 : INFO : SwitchController : <<<<<<< 's_trough_2' active >>>>>>>
2024-10-14 19:45:03,219 : INFO : SwitchController : <<<<<<< 's_trough_1' active >>>>>>>
2024-10-14 19:45:03,219 : INFO : SwitchController : <<<<<<< 's_trough_jam' active >>>>>>>
2024-10-14 19:45:03,219 : INFO : SwitchController : <<<<<<< 's_flipper_l' active >>>>>>>
2024-10-14 19:45:03,219 : INFO : SwitchController : <<<<<<< 's_flipper_r' active >>>>>>>
2024-10-14 19:45:03,219 : INFO : SwitchController : <<<<<<< 's_flipper_upper_l' active >>>>>>>
2024-10-14 19:45:03,219 : INFO : SwitchController : <<<<<<< 's_kicker_orbit' active >>>>>>>
2024-10-14 19:45:03,219 : INFO : SwitchController : <<<<<<< 's_subway' active >>>>>>>
2024-10-14 19:45:03,219 : INFO : SwitchController : <<<<<<< 's_drop_single' active >>>>>>>
2024-10-14 19:45:03,219 : INFO : SwitchController : <<<<<<< 's_middle_scoop' active >>>>>>>
2024-10-14 19:45:03,219 : INFO : EventManager : Event: ======'init_phase_2'====== Args={}
2024-10-14 19:45:03,220 : INFO : SwitchController : Found active switch: (13, [FAST Platform Interface]) <switch.s_lower_orbit>
2024-10-14 19:45:03,220 : INFO : SwitchController : Found active switch: (15, [FAST Platform Interface]) <switch.s_lower_vuk>
2024-10-14 19:45:03,220 : INFO : SwitchController : Found active switch: (16, [FAST Platform Interface]) <switch.s_outlane_l>
2024-10-14 19:45:03,220 : INFO : SwitchController : Found active switch: (17, [FAST Platform Interface]) <switch.s_inlane_l>
2024-10-14 19:45:03,220 : INFO : SwitchController : Found active switch: (22, [FAST Platform Interface]) <switch.s_outlane_r>
2024-10-14 19:45:03,220 : INFO : SwitchController : Found active switch: (23, [FAST Platform Interface]) <switch.s_inlane_r>
2024-10-14 19:45:03,220 : INFO : SwitchController : Found active switch: (24, [FAST Platform Interface]) <switch.s_trough_6>
2024-10-14 19:45:03,220 : INFO : SwitchController : Found active switch: (25, [FAST Platform Interface]) <switch.s_trough_5>
2024-10-14 19:45:03,220 : INFO : SwitchController : Found active switch: (26, [FAST Platform Interface]) <switch.s_trough_4>
2024-10-14 19:45:03,220 : INFO : SwitchController : Found active switch: (27, [FAST Platform Interface]) <switch.s_trough_3>
2024-10-14 19:45:03,220 : INFO : SwitchController : Found active switch: (28, [FAST Platform Interface]) <switch.s_trough_2>
2024-10-14 19:45:03,220 : INFO : SwitchController : Found active switch: (30, [FAST Platform Interface]) <switch.s_trough_1>
2024-10-14 19:45:03,220 : INFO : SwitchController : Found active switch: (31, [FAST Platform Interface]) <switch.s_trough_jam>
2024-10-14 19:45:03,220 : INFO : SwitchController : Found active switch: (32, [FAST Platform Interface]) <switch.s_flipper_l>
2024-10-14 19:45:03,220 : INFO : SwitchController : Found active switch: (34, [FAST Platform Interface]) <switch.s_flipper_r>
2024-10-14 19:45:03,220 : INFO : SwitchController : Found active switch: (35, [FAST Platform Interface]) <switch.s_flipper_upper_l>
2024-10-14 19:45:03,220 : INFO : SwitchController : Found active switch: (48, [FAST Platform Interface]) <switch.s_kicker_orbit>
2024-10-14 19:45:03,220 : INFO : SwitchController : Found active switch: (52, [FAST Platform Interface]) <switch.s_subway>
2024-10-14 19:45:03,220 : INFO : SwitchController : Found active switch: (57, [FAST Platform Interface]) <switch.s_drop_single>
2024-10-14 19:45:03,220 : INFO : SwitchController : Found active switch: (59, [FAST Platform Interface]) <switch.s_middle_scoop>
2024-10-14 19:45:03,720 : INFO : ball_device.bd_middle_scoop : BCH: Initial count: 1
2024-10-14 19:45:03,722 : INFO : ball_device.bd_middle_scoop : State: idle
2024-10-14 19:45:03,724 : INFO : ball_device.bd_trough : BCH: Initial count: 2
2024-10-14 19:45:03,724 : INFO : ball_device.bd_trough : State: idle
2024-10-14 19:45:03,725 : INFO : ball_device.bd_autolauncher : BCH: Initial count: 0
2024-10-14 19:45:03,725 : INFO : ball_device.bd_autolauncher : State: idle
2024-10-14 19:45:03,726 : INFO : ball_device.bd_kicker_orbit : BCH: Initial count: 1
2024-10-14 19:45:03,727 : INFO : ball_device.bd_kicker_orbit : State: idle
2024-10-14 19:45:03,739 : INFO : EventManager : Event: ======'init_phase_3'====== Args={}
2024-10-14 19:45:03,739 : INFO : EventManager : Event: ======'init_phase_4'====== Args={}
2024-10-14 19:45:03,740 : INFO : BallController : Initial balls found: 4
2024-10-14 19:45:03,740 : INFO : EventManager : Event: ======'machine_var_audits_events_game_ended'====== Args={'value': 1, 'prev_value': None, 'change': True}
2024-10-14 19:45:03,740 : INFO : EventManager : Event: ======'machine_var_audits_events_game_started'====== Args={'value': 3, 'prev_value': None, 'change': True}
2024-10-14 19:45:03,740 : INFO : EventManager : Event: ======'machine_var_audits_missing_switches_s_bot'====== Args={'value': 3, 'prev_value': None, 'change': True}
2024-10-14 19:45:03,740 : INFO : EventManager : Event: ======'machine_var_audits_missing_switches_s_bot_mid'====== Args={'value': 3, 'prev_value': None, 'change': True}
2024-10-14 19:45:03,740 : INFO : EventManager : Event: ======'machine_var_audits_missing_switches_s_captive_l'====== Args={'value': 3, 'prev_value': None, 'change': True}
2024-10-14 19:45:03,740 : INFO : EventManager : Event: ======'machine_var_audits_missing_switches_s_captive_r'====== Args={'value': 3, 'prev_value': None, 'change': True}
2024-10-14 19:45:03,740 : INFO : EventManager : Event: ======'machine_var_audits_missing_switches_s_drop_l'====== Args={'value': 3, 'prev_value': None, 'change': True}
2024-10-14 19:45:03,740 : INFO : EventManager : Event: ======'machine_var_audits_missing_switches_s_drop_m'====== Args={'value': 1, 'prev_value': None, 'change': True}
2024-10-14 19:45:03,740 : INFO : EventManager : Event: ======'machine_var_audits_missing_switches_s_drop_r'====== Args={'value': 3, 'prev_value': None, 'change': True}
2024-10-14 19:45:03,740 : INFO : EventManager : Event: ======'machine_var_audits_missing_switches_s_drop_single'====== Args={'value': 3, 'prev_value': None, 'change': True}
2024-10-14 19:45:03,740 : INFO : EventManager : Event: ======'machine_var_audits_missing_switches_s_inlane_l'====== Args={'value': 1, 'prev_value': None, 'change': True}
2024-10-14 19:45:03,740 : INFO : EventManager : Event: ======'machine_var_audits_missing_switches_s_inlane_r'====== Args={'value': 1, 'prev_value': None, 'change': True}
2024-10-14 19:45:03,741 : INFO : EventManager : Event: ======'machine_var_audits_missing_switches_s_kicker_orbit'====== Args={'value': 1, 'prev_value': None, 'change': True}
2024-10-14 19:45:03,741 : INFO : EventManager : Event: ======'machine_var_audits_missing_switches_s_launch'====== Args={'value': 1, 'prev_value': None, 'change': True}
2024-10-14 19:45:03,741 : INFO : EventManager : Event: ======'machine_var_audits_missing_switches_s_lower_orbit'====== Args={'value': 3, 'prev_value': None, 'change': True}
2024-10-14 19:45:03,741 : INFO : EventManager : Event: ======'machine_var_audits_missing_switches_s_lower_single'====== Args={'value': 3, 'prev_value': None, 'change': True}
2024-10-14 19:45:03,741 : INFO : EventManager : Event: ======'machine_var_audits_missing_switches_s_lower_sling'====== Args={'value': 3, 'prev_value': None, 'change': True}
2024-10-14 19:45:03,741 : INFO : EventManager : Event: ======'machine_var_audits_missing_switches_s_lower_transfer'====== Args={'value': 3, 'prev_value': None, 'change': True}
2024-10-14 19:45:03,741 : INFO : EventManager : Event: ======'machine_var_audits_missing_switches_s_lower_vuk'====== Args={'value': 3, 'prev_value': None, 'change': True}
2024-10-14 19:45:03,741 : INFO : EventManager : Event: ======'machine_var_audits_missing_switches_s_orbit_small_l'====== Args={'value': 1, 'prev_value': None, 'change': True}
2024-10-14 19:45:03,741 : INFO : EventManager : Event: ======'machine_var_audits_missing_switches_s_orbit_small_r'====== Args={'value': 1, 'prev_value': None, 'change': True}
2024-10-14 19:45:03,741 : INFO : EventManager : Event: ======'machine_var_audits_missing_switches_s_outlane_l'====== Args={'value': 3, 'prev_value': None, 'change': True}
2024-10-14 19:45:03,741 : INFO : EventManager : Event: ======'machine_var_audits_missing_switches_s_outlane_r'====== Args={'value': 3, 'prev_value': None, 'change': True}
2024-10-14 19:45:03,741 : INFO : EventManager : Event: ======'machine_var_audits_missing_switches_s_scissor_save'====== Args={'value': 3, 'prev_value': None, 'change': True}
2024-10-14 19:45:03,741 : INFO : EventManager : Event: ======'machine_var_audits_missing_switches_s_sling_l'====== Args={'value': 1, 'prev_value': None, 'change': True}
2024-10-14 19:45:03,741 : INFO : EventManager : Event: ======'machine_var_audits_missing_switches_s_start'====== Args={'value': 3, 'prev_value': None, 'change': True}
2024-10-14 19:45:03,741 : INFO : EventManager : Event: ======'machine_var_audits_missing_switches_s_stationary_l'====== Args={'value': 1, 'prev_value': None, 'change': True}
2024-10-14 19:45:03,741 : INFO : EventManager : Event: ======'machine_var_audits_missing_switches_s_stationary_m'====== Args={'value': 1, 'prev_value': None, 'change': True}
2024-10-14 19:45:03,741 : INFO : EventManager : Event: ======'machine_var_audits_missing_switches_s_stationary_r'====== Args={'value': 1, 'prev_value': None, 'change': True}
2024-10-14 19:45:03,741 : INFO : EventManager : Event: ======'machine_var_audits_missing_switches_s_subway'====== Args={'value': 1, 'prev_value': None, 'change': True}
2024-10-14 19:45:03,741 : INFO : EventManager : Event: ======'machine_var_audits_missing_switches_s_tilt'====== Args={'value': 3, 'prev_value': None, 'change': True}
2024-10-14 19:45:03,741 : INFO : EventManager : Event: ======'machine_var_audits_missing_switches_s_top'====== Args={'value': 3, 'prev_value': None, 'change': True}
2024-10-14 19:45:03,742 : INFO : EventManager : Event: ======'machine_var_audits_missing_switches_s_top_mid'====== Args={'value': 3, 'prev_value': None, 'change': True}
2024-10-14 19:45:03,742 : INFO : EventManager : Event: ======'machine_var_audits_missing_switches_s_trough_1'====== Args={'value': 1, 'prev_value': None, 'change': True}
2024-10-14 19:45:03,742 : INFO : EventManager : Event: ======'machine_var_audits_missing_switches_s_trough_2'====== Args={'value': 1, 'prev_value': None, 'change': True}
2024-10-14 19:45:03,742 : INFO : EventManager : Event: ======'machine_var_audits_missing_switches_s_trough_3'====== Args={'value': 1, 'prev_value': None, 'change': True}
2024-10-14 19:45:03,742 : INFO : EventManager : Event: ======'machine_var_audits_missing_switches_s_trough_5'====== Args={'value': 1, 'prev_value': None, 'change': True}
2024-10-14 19:45:03,742 : INFO : EventManager : Event: ======'machine_var_audits_missing_switches_s_trough_6'====== Args={'value': 1, 'prev_value': None, 'change': True}
2024-10-14 19:45:03,742 : INFO : EventManager : Event: ======'machine_var_audits_player_score'====== Args={'value': {'average': 0, 'top': [0], 'total': 1}, 'prev_value': None, 'change': True}
2024-10-14 19:45:03,742 : INFO : EventManager : Event: ======'machine_var_audits_switches_s_autolauncher'====== Args={'value': 4, 'prev_value': None, 'change': True}
2024-10-14 19:45:03,742 : INFO : EventManager : Event: ======'machine_var_audits_switches_s_bot'====== Args={'value': 0, 'prev_value': None, 'change': True}
2024-10-14 19:45:03,742 : INFO : EventManager : Event: ======'machine_var_audits_switches_s_bot_mid'====== Args={'value': 0, 'prev_value': None, 'change': True}
2024-10-14 19:45:03,742 : INFO : EventManager : Event: ======'machine_var_audits_switches_s_captive_l'====== Args={'value': 0, 'prev_value': None, 'change': True}
2024-10-14 19:45:03,742 : INFO : EventManager : Event: ======'machine_var_audits_switches_s_captive_r'====== Args={'value': 0, 'prev_value': None, 'change': True}
2024-10-14 19:45:03,742 : INFO : EventManager : Event: ======'machine_var_audits_switches_s_drop_l'====== Args={'value': 0, 'prev_value': None, 'change': True}
2024-10-14 19:45:03,742 : INFO : EventManager : Event: ======'machine_var_audits_switches_s_drop_m'====== Args={'value': 1, 'prev_value': None, 'change': True}
2024-10-14 19:45:03,742 : INFO : EventManager : Event: ======'machine_var_audits_switches_s_drop_r'====== Args={'value': 0, 'prev_value': None, 'change': True}
2024-10-14 19:45:03,743 : INFO : EventManager : Event: ======'machine_var_audits_switches_s_drop_single'====== Args={'value': 0, 'prev_value': None, 'change': True}
2024-10-14 19:45:03,743 : INFO : EventManager : Event: ======'machine_var_audits_switches_s_flipper_but_l_1'====== Args={'value': 44, 'prev_value': None, 'change': True}
2024-10-14 19:45:03,743 : INFO : EventManager : Event: ======'machine_var_audits_switches_s_flipper_but_l_2'====== Args={'value': 42, 'prev_value': None, 'change': True}
2024-10-14 19:45:03,743 : INFO : EventManager : Event: ======'machine_var_audits_switches_s_flipper_but_r_1'====== Args={'value': 34, 'prev_value': None, 'change': True}
2024-10-14 19:45:03,743 : INFO : EventManager : Event: ======'machine_var_audits_switches_s_flipper_but_r_2'====== Args={'value': 32, 'prev_value': None, 'change': True}
2024-10-14 19:45:03,743 : INFO : EventManager : Event: ======'machine_var_audits_switches_s_flipper_l'====== Args={'value': 52, 'prev_value': None, 'change': True}
2024-10-14 19:45:03,743 : INFO : EventManager : Event: ======'machine_var_audits_switches_s_flipper_r'====== Args={'value': 62, 'prev_value': None, 'change': True}
2024-10-14 19:45:03,743 : INFO : EventManager : Event: ======'machine_var_audits_switches_s_flipper_upper_l'====== Args={'value': 39, 'prev_value': None, 'change': True}
2024-10-14 19:45:03,743 : INFO : EventManager : Event: ======'machine_var_audits_switches_s_inlane_l'====== Args={'value': 1, 'prev_value': None, 'change': True}
2024-10-14 19:45:03,743 : INFO : EventManager : Event: ======'machine_var_audits_switches_s_inlane_r'====== Args={'value': 5, 'prev_value': None, 'change': True}
2024-10-14 19:45:03,743 : INFO : EventManager : Event: ======'machine_var_audits_switches_s_kicker_orbit'====== Args={'value': 1, 'prev_value': None, 'change': True}
2024-10-14 19:45:03,743 : INFO : EventManager : Event: ======'machine_var_audits_switches_s_kicking_target'====== Args={'value': 7, 'prev_value': None, 'change': True}
2024-10-14 19:45:03,743 : INFO : EventManager : Event: ======'machine_var_audits_switches_s_launch'====== Args={'value': 8, 'prev_value': None, 'change': True}
2024-10-14 19:45:03,744 : INFO : EventManager : Event: ======'machine_var_audits_switches_s_lower_orbit'====== Args={'value': 0, 'prev_value': None, 'change': True}
2024-10-14 19:45:03,744 : INFO : EventManager : Event: ======'machine_var_audits_switches_s_lower_single'====== Args={'value': 0, 'prev_value': None, 'change': True}
2024-10-14 19:45:03,744 : INFO : EventManager : Event: ======'machine_var_audits_switches_s_lower_sling'====== Args={'value': 0, 'prev_value': None, 'change': True}
2024-10-14 19:45:03,744 : INFO : EventManager : Event: ======'machine_var_audits_switches_s_lower_transfer'====== Args={'value': 0, 'prev_value': None, 'change': True}
2024-10-14 19:45:03,744 : INFO : EventManager : Event: ======'machine_var_audits_switches_s_lower_vuk'====== Args={'value': 0, 'prev_value': None, 'change': True}
2024-10-14 19:45:03,744 : INFO : EventManager : Event: ======'machine_var_audits_switches_s_middle_scoop'====== Args={'value': 2, 'prev_value': None, 'change': True}
2024-10-14 19:45:03,744 : INFO : EventManager : Event: ======'machine_var_audits_switches_s_orbit_small_l'====== Args={'value': 2, 'prev_value': None, 'change': True}
2024-10-14 19:45:03,744 : INFO : EventManager : Event: ======'machine_var_audits_switches_s_orbit_small_r'====== Args={'value': 1, 'prev_value': None, 'change': True}
2024-10-14 19:45:03,744 : INFO : EventManager : Event: ======'machine_var_audits_switches_s_outlane_l'====== Args={'value': 0, 'prev_value': None, 'change': True}
2024-10-14 19:45:03,744 : INFO : EventManager : Event: ======'machine_var_audits_switches_s_outlane_r'====== Args={'value': 0, 'prev_value': None, 'change': True}
2024-10-14 19:45:03,744 : INFO : EventManager : Event: ======'machine_var_audits_switches_s_pop'====== Args={'value': 5, 'prev_value': None, 'change': True}
2024-10-14 19:45:03,745 : INFO : EventManager : Event: ======'machine_var_audits_switches_s_scissor_save'====== Args={'value': 0, 'prev_value': None, 'change': True}
2024-10-14 19:45:03,745 : INFO : EventManager : Event: ======'machine_var_audits_switches_s_sling_l'====== Args={'value': 6, 'prev_value': None, 'change': True}
2024-10-14 19:45:03,745 : INFO : EventManager : Event: ======'machine_var_audits_switches_s_start'====== Args={'value': 0, 'prev_value': None, 'change': True}
2024-10-14 19:45:03,745 : INFO : EventManager : Event: ======'machine_var_audits_switches_s_stationary_l'====== Args={'value': 1, 'prev_value': None, 'change': True}
2024-10-14 19:45:03,745 : INFO : EventManager : Event: ======'machine_var_audits_switches_s_stationary_m'====== Args={'value': 3, 'prev_value': None, 'change': True}
2024-10-14 19:45:03,745 : INFO : EventManager : Event: ======'machine_var_audits_switches_s_stationary_r'====== Args={'value': 1, 'prev_value': None, 'change': True}
2024-10-14 19:45:03,745 : INFO : EventManager : Event: ======'machine_var_audits_switches_s_subway'====== Args={'value': 3, 'prev_value': None, 'change': True}
2024-10-14 19:45:03,745 : INFO : EventManager : Event: ======'machine_var_audits_switches_s_tilt'====== Args={'value': 0, 'prev_value': None, 'change': True}
2024-10-14 19:45:03,745 : INFO : EventManager : Event: ======'machine_var_audits_switches_s_top'====== Args={'value': 0, 'prev_value': None, 'change': True}
2024-10-14 19:45:03,745 : INFO : EventManager : Event: ======'machine_var_audits_switches_s_top_mid'====== Args={'value': 0, 'prev_value': None, 'change': True}
2024-10-14 19:45:03,746 : INFO : EventManager : Event: ======'machine_var_audits_switches_s_trough_1'====== Args={'value': 6, 'prev_value': None, 'change': True}
2024-10-14 19:45:03,746 : INFO : EventManager : Event: ======'machine_var_audits_switches_s_trough_2'====== Args={'value': 3, 'prev_value': None, 'change': True}
2024-10-14 19:45:03,746 : INFO : EventManager : Event: ======'machine_var_audits_switches_s_trough_3'====== Args={'value': 4, 'prev_value': None, 'change': True}
2024-10-14 19:45:03,746 : INFO : EventManager : Event: ======'machine_var_audits_switches_s_trough_4'====== Args={'value': 5, 'prev_value': None, 'change': True}
2024-10-14 19:45:03,746 : INFO : EventManager : Event: ======'machine_var_audits_switches_s_trough_5'====== Args={'value': 3, 'prev_value': None, 'change': True}
2024-10-14 19:45:03,746 : INFO : EventManager : Event: ======'machine_var_audits_switches_s_trough_6'====== Args={'value': 6, 'prev_value': None, 'change': True}
2024-10-14 19:45:03,746 : INFO : EventManager : Event: ======'machine_var_audits_switches_s_trough_jam'====== Args={'value': 4, 'prev_value': None, 'change': True}
2024-10-14 19:45:03,747 : INFO : EventManager : Event: ======'init_phase_5'====== Args={}
2024-10-14 19:45:03,747 : INFO : ball_device.bd_trough : BCH: Count is unstable. Trying to reorder balls.
2024-10-14 19:45:03,747 : WARNING : ball_device.bd_trough : Cannot reorder device because eject_coil_reorder_pulse is not configured
2024-10-14 19:45:03,747 : INFO : ball_device.bd_trough : BCH: Repulse done. Waiting for balls to settle.
2024-10-14 19:45:03,747 : INFO : ball_device.bd_trough : BCH: Reordered count: 2
2024-10-14 19:45:03,748 : INFO : EventManager : Event: ======'init_done'====== Args={}
2024-10-14 19:45:03,748 : INFO : EventManager : Event: ======'machine_reset_phase_1'====== Args={}
2024-10-14 19:45:03,748 : INFO : EventManager : Event: ======'machine_reset_phase_2'====== Args={}
2024-10-14 19:45:03,748 : INFO : EventManager : Event: ======'machine_reset_phase_3'====== Args={}
2024-10-14 19:45:03,748 : INFO : EventManager : Event: ======'reset_complete'====== Args={}
2024-10-14 19:45:03,748 : INFO : EventManager : Event: ======'mode_attract_will_start'====== Args={}
2024-10-14 19:45:03,748 : INFO : EventManager : Event: ======'mode_attract_starting'====== Args={}
2024-10-14 19:45:03,748 : INFO : Mode.attract : Started. Priority: 10
2024-10-14 19:45:03,748 : INFO : EventManager : Event: ======'modes_active_modes_changed'====== Args={}
2024-10-14 19:45:03,748 : INFO : EventManager : Event: ======'mode_attract_started'====== Args={}
2024-10-14 19:45:03,748 : INFO : EventManager : Event: ======'collecting_balls'====== Args={}
2024-10-14 19:45:03,748 : INFO : ball_device.bd_kicker_orbit : Adding 1 ball(s) to the eject_queue with target <playfield.playfield>.
2024-10-14 19:45:03,748 : INFO : EventManager : Event: ======'balldevice_balls_available'====== Args={}
2024-10-14 19:45:03,748 : INFO : ball_device.bd_middle_scoop : Adding 1 ball(s) to the eject_queue with target <playfield.playfield>.
2024-10-14 19:45:03,748 : INFO : EventManager : Event: ======'balldevice_balls_available'====== Args={}
2024-10-14 19:45:03,749 : INFO : Machine : Starting the main run loop.
2024-10-14 19:45:03,749 : INFO : ball_device.bd_kicker_orbit : State: waiting_for_target_ready
2024-10-14 19:45:03,749 : INFO : EventManager : Event: ======'balldevice_bd_kicker_orbit_ball_eject_attempt'====== Args={'balls': 1, 'target': <playfield.playfield>, 'source': <ball_device.bd_kicker_orbit>, 'mechanical_eject': False, 'num_attempts': 0}
2024-10-14 19:45:03,749 : INFO : ball_device.bd_middle_scoop : State: waiting_for_target_ready
2024-10-14 19:45:03,749 : INFO : EventManager : Event: ======'balldevice_bd_middle_scoop_ball_eject_attempt'====== Args={'balls': 1, 'target': <playfield.playfield>, 'source': <ball_device.bd_middle_scoop>, 'mechanical_eject': False, 'num_attempts': 0}
2024-10-14 19:45:03,749 : INFO : ball_device.bd_middle_scoop : State: ejecting
2024-10-14 19:45:03,749 : INFO : ball_device.bd_middle_scoop : Ejecting ball to <playfield.playfield>
2024-10-14 19:45:03,749 : INFO : EventManager : Event: ======'balldevice_bd_middle_scoop_ejecting_ball'====== Args={'balls': 1, 'target': <playfield.playfield>, 'source': <ball_device.bd_middle_scoop>, 'mechanical_eject': False, 'num_attempts': 0}
2024-10-14 19:45:03,749 : INFO : ball_device.bd_kicker_orbit : State: ejecting
2024-10-14 19:45:03,749 : INFO : ball_device.bd_kicker_orbit : Ejecting ball to <playfield.playfield>
2024-10-14 19:45:03,749 : INFO : EventManager : Event: ======'balldevice_bd_kicker_orbit_ejecting_ball'====== Args={'balls': 1, 'target': <playfield.playfield>, 'source': <ball_device.bd_kicker_orbit>, 'mechanical_eject': False, 'num_attempts': 0}
2024-10-14 19:45:03,749 : INFO : ball_device.bd_kicker_orbit : Wait for ball to leave device
2024-10-14 19:45:03,749 : INFO : coil.c_kicker_orbit : Pulsing Driver for 10ms (0.75 pulse_power)
2024-10-14 19:45:03,750 : INFO : ball_device.bd_middle_scoop : Wait for ball to leave device
2024-10-14 19:45:03,770 : INFO : coil.c_middle_scoop : Pulsing Driver for 20ms (1.0 pulse_power)
2024-10-14 19:45:03,789 : WARNING : SwitchController : Received duplicate switch state 1 for switch s_middle_scoop from the platform interface. Log Code: Log-SwitchController-1 (https://missionpinball.org/logs)
2024-10-14 19:45:03,822 : INFO : SwitchController : <<<<<<< 's_middle_scoop' inactive >>>>>>>
2024-10-14 19:45:03,823 : INFO : ball_device.bd_middle_scoop : State: ball_left
2024-10-14 19:45:03,823 : INFO : ball_device.bd_middle_scoop : Ball left
2024-10-14 19:45:03,823 : INFO : ball_device.bd_middle_scoop : Wait for confirm with timeout 1.0
2024-10-14 19:45:04,751 : INFO : EventManager : Event: ======'balldevice_bd_kicker_orbit_ball_eject_failed'====== Args={'target': <playfield.playfield>, 'balls': 1, 'retry': True, 'num_attempts': 1}
2024-10-14 19:45:04,753 : INFO : ball_device.bd_kicker_orbit : State: waiting_for_target_ready
2024-10-14 19:45:04,753 : INFO : EventManager : Event: ======'balldevice_bd_kicker_orbit_ball_eject_attempt'====== Args={'balls': 1, 'target': <playfield.playfield>, 'source': <ball_device.bd_kicker_orbit>, 'mechanical_eject': False, 'num_attempts': 1}
2024-10-14 19:45:04,753 : INFO : ball_device.bd_kicker_orbit : State: ejecting
2024-10-14 19:45:04,753 : INFO : ball_device.bd_kicker_orbit : Ejecting ball to <playfield.playfield>
2024-10-14 19:45:04,754 : INFO : EventManager : Event: ======'balldevice_bd_kicker_orbit_ejecting_ball'====== Args={'balls': 1, 'target': <playfield.playfield>, 'source': <ball_device.bd_kicker_orbit>, 'mechanical_eject': False, 'num_attempts': 1}
2024-10-14 19:45:04,754 : INFO : ball_device.bd_kicker_orbit : Wait for ball to leave device
2024-10-14 19:45:04,755 : INFO : coil.c_kicker_orbit : Pulsing Driver for 10ms (0.75 pulse_power)
2024-10-14 19:45:04,824 : INFO : ball_device.bd_middle_scoop : State: failed_confirm
2024-10-14 19:45:04,825 : INFO : ball_device.bd_middle_scoop : Got timeout (1.0s) before confirm from <playfield.playfield>
2024-10-14 19:45:04,926 : INFO : ball_device.bd_middle_scoop : Confirming eject because target is playfield and ball did not return.
2024-10-14 19:45:04,927 : INFO : ball_device.bd_middle_scoop : Eject successful
2024-10-14 19:45:04,927 : INFO : EventManager : Event: ======'balldevice_bd_middle_scoop_ball_eject_success'====== Args={'balls': 1, 'target': <playfield.playfield>}
2024-10-14 19:45:04,928 : INFO : EventManager : Event: ======'balldevice_playfield_ball_enter'====== Args={'new_balls': 1, 'unclaimed_balls': 1, 'device': <playfield.playfield>}
2024-10-14 19:45:04,928 : INFO : EventManager : Event: ======'playfield_ball_count_change'====== Args={'balls': 1, 'change': 1}
2024-10-14 19:45:04,928 : INFO : EventManager : Event: ======'balldevice_bd_middle_scoop_ball_count_changed'====== Args={'balls': 0}
2024-10-14 19:45:04,929 : INFO : ball_device.bd_middle_scoop : State: idle
2024-10-14 19:45:05,756 : INFO : EventManager : Event: ======'balldevice_bd_kicker_orbit_ball_eject_failed'====== Args={'target': <playfield.playfield>, 'balls': 1, 'retry': True, 'num_attempts': 2}
2024-10-14 19:45:05,758 : INFO : ball_device.bd_kicker_orbit : State: waiting_for_target_ready
2024-10-14 19:45:05,758 : INFO : EventManager : Event: ======'balldevice_bd_kicker_orbit_ball_eject_attempt'====== Args={'balls': 1, 'target': <playfield.playfield>, 'source': <ball_device.bd_kicker_orbit>, 'mechanical_eject': False, 'num_attempts': 2}
2024-10-14 19:45:05,759 : INFO : ball_device.bd_kicker_orbit : State: ejecting
2024-10-14 19:45:05,759 : INFO : ball_device.bd_kicker_orbit : Ejecting ball to <playfield.playfield>
2024-10-14 19:45:05,759 : INFO : EventManager : Event: ======'balldevice_bd_kicker_orbit_ejecting_ball'====== Args={'balls': 1, 'target': <playfield.playfield>, 'source': <ball_device.bd_kicker_orbit>, 'mechanical_eject': False, 'num_attempts': 2}
2024-10-14 19:45:05,760 : INFO : ball_device.bd_kicker_orbit : Wait for ball to leave device
2024-10-14 19:45:05,760 : INFO : coil.c_kicker_orbit : Pulsing Driver for 10ms (0.75 pulse_power)
2024-10-14 19:45:06,761 : INFO : EventManager : Event: ======'balldevice_bd_kicker_orbit_ball_eject_failed'====== Args={'target': <playfield.playfield>, 'balls': 1, 'retry': True, 'num_attempts': 3}
2024-10-14 19:45:06,763 : INFO : ball_device.bd_kicker_orbit : State: waiting_for_target_ready
2024-10-14 19:45:06,764 : INFO : EventManager : Event: ======'balldevice_bd_kicker_orbit_ball_eject_attempt'====== Args={'balls': 1, 'target': <playfield.playfield>, 'source': <ball_device.bd_kicker_orbit>, 'mechanical_eject': False, 'num_attempts': 3}
2024-10-14 19:45:06,764 : INFO : ball_device.bd_kicker_orbit : State: ejecting
2024-10-14 19:45:06,764 : INFO : ball_device.bd_kicker_orbit : Ejecting ball to <playfield.playfield>
2024-10-14 19:45:06,764 : INFO : EventManager : Event: ======'balldevice_bd_kicker_orbit_ejecting_ball'====== Args={'balls': 1, 'target': <playfield.playfield>, 'source': <ball_device.bd_kicker_orbit>, 'mechanical_eject': False, 'num_attempts': 3}
2024-10-14 19:45:06,765 : INFO : ball_device.bd_kicker_orbit : Wait for ball to leave device
2024-10-14 19:45:06,765 : INFO : coil.c_kicker_orbit : Pulsing Driver for 10ms (0.75 pulse_power)
2024-10-14 19:45:06,789 : INFO : SwitchController : <<<<<<< 's_start' active >>>>>>>
2024-10-14 19:45:06,959 : INFO : SwitchController : <<<<<<< 's_start' inactive >>>>>>>
2024-10-14 19:45:06,959 : INFO : EventManager : Event: ======'request_to_start_game'====== Args={}
2024-10-14 19:45:06,960 : INFO : EventManager : Event: ======'collecting_balls'====== Args={}
2024-10-14 19:45:06,961 : INFO : BallController : Known balls: 4
2024-10-14 19:45:06,961 : INFO : BallController : bd_middle_scoop contains 0 balls. Tags []
2024-10-14 19:45:06,961 : INFO : BallController : bd_trough contains 2 balls. Tags ['trough', 'home', 'drain']
2024-10-14 19:45:06,961 : INFO : BallController : bd_autolauncher contains 0 balls. Tags []
2024-10-14 19:45:06,961 : INFO : BallController : bd_kicker_orbit contains 1 balls. Tags []
2024-10-14 19:45:06,961 : INFO : BallController : playfield contains 1 balls. Tags ['default']
2024-10-14 19:45:06,961 : WARNING : BallController : BallController denies game start. Balls are not in their home positions.
2024-10-14 19:45:07,767 : INFO : EventManager : Event: ======'balldevice_bd_kicker_orbit_ball_eject_failed'====== Args={'target': <playfield.playfield>, 'balls': 1, 'retry': True, 'num_attempts': 4}
2024-10-14 19:45:07,770 : INFO : ball_device.bd_kicker_orbit : State: waiting_for_target_ready
2024-10-14 19:45:07,770 : INFO : EventManager : Event: ======'balldevice_bd_kicker_orbit_ball_eject_attempt'====== Args={'balls': 1, 'target': <playfield.playfield>, 'source': <ball_device.bd_kicker_orbit>, 'mechanical_eject': False, 'num_attempts': 4}
2024-10-14 19:45:07,770 : INFO : ball_device.bd_kicker_orbit : State: ejecting
2024-10-14 19:45:07,770 : INFO : ball_device.bd_kicker_orbit : Ejecting ball to <playfield.playfield>
2024-10-14 19:45:07,770 : INFO : EventManager : Event: ======'balldevice_bd_kicker_orbit_ejecting_ball'====== Args={'balls': 1, 'target': <playfield.playfield>, 'source': <ball_device.bd_kicker_orbit>, 'mechanical_eject': False, 'num_attempts': 4}
2024-10-14 19:45:07,771 : INFO : ball_device.bd_kicker_orbit : Wait for ball to leave device
2024-10-14 19:45:07,771 : INFO : coil.c_kicker_orbit : Pulsing Driver for 10ms (0.75 pulse_power)
2024-10-14 19:45:08,773 : INFO : EventManager : Event: ======'balldevice_bd_kicker_orbit_ball_eject_failed'====== Args={'target': <playfield.playfield>, 'balls': 1, 'retry': True, 'num_attempts': 5}
2024-10-14 19:45:08,774 : INFO : ball_device.bd_kicker_orbit : State: waiting_for_target_ready
2024-10-14 19:45:08,774 : INFO : EventManager : Event: ======'balldevice_bd_kicker_orbit_ball_eject_attempt'====== Args={'balls': 1, 'target': <playfield.playfield>, 'source': <ball_device.bd_kicker_orbit>, 'mechanical_eject': False, 'num_attempts': 5}
2024-10-14 19:45:08,775 : INFO : ball_device.bd_kicker_orbit : State: ejecting
2024-10-14 19:45:08,775 : INFO : ball_device.bd_kicker_orbit : Ejecting ball to <playfield.playfield>
2024-10-14 19:45:08,775 : INFO : EventManager : Event: ======'balldevice_bd_kicker_orbit_ejecting_ball'====== Args={'balls': 1, 'target': <playfield.playfield>, 'source': <ball_device.bd_kicker_orbit>, 'mechanical_eject': False, 'num_attempts': 5}
2024-10-14 19:45:08,776 : INFO : ball_device.bd_kicker_orbit : Wait for ball to leave device
2024-10-14 19:45:08,776 : INFO : coil.c_kicker_orbit : Pulsing Driver for 10ms (0.75 pulse_power)
2024-10-14 19:45:09,778 : INFO : EventManager : Event: ======'balldevice_bd_kicker_orbit_ball_eject_failed'====== Args={'target': <playfield.playfield>, 'balls': 1, 'retry': True, 'num_attempts': 6}
2024-10-14 19:45:09,779 : INFO : ball_device.bd_kicker_orbit : State: waiting_for_target_ready
2024-10-14 19:45:09,779 : INFO : EventManager : Event: ======'balldevice_bd_kicker_orbit_ball_eject_attempt'====== Args={'balls': 1, 'target': <playfield.playfield>, 'source': <ball_device.bd_kicker_orbit>, 'mechanical_eject': False, 'num_attempts': 6}
2024-10-14 19:45:09,780 : INFO : ball_device.bd_kicker_orbit : State: ejecting
2024-10-14 19:45:09,780 : INFO : ball_device.bd_kicker_orbit : Ejecting ball to <playfield.playfield>
2024-10-14 19:45:09,780 : INFO : EventManager : Event: ======'balldevice_bd_kicker_orbit_ejecting_ball'====== Args={'balls': 1, 'target': <playfield.playfield>, 'source': <ball_device.bd_kicker_orbit>, 'mechanical_eject': False, 'num_attempts': 6}
2024-10-14 19:45:09,780 : INFO : ball_device.bd_kicker_orbit : Wait for ball to leave device
2024-10-14 19:45:09,781 : INFO : coil.c_kicker_orbit : Pulsing Driver for 10ms (0.75 pulse_power)
2024-10-14 19:45:10,782 : INFO : EventManager : Event: ======'balldevice_bd_kicker_orbit_ball_eject_failed'====== Args={'target': <playfield.playfield>, 'balls': 1, 'retry': True, 'num_attempts': 7}
2024-10-14 19:45:10,784 : INFO : ball_device.bd_kicker_orbit : State: waiting_for_target_ready
2024-10-14 19:45:10,785 : INFO : EventManager : Event: ======'balldevice_bd_kicker_orbit_ball_eject_attempt'====== Args={'balls': 1, 'target': <playfield.playfield>, 'source': <ball_device.bd_kicker_orbit>, 'mechanical_eject': False, 'num_attempts': 7}
2024-10-14 19:45:10,785 : INFO : ball_device.bd_kicker_orbit : State: ejecting
2024-10-14 19:45:10,785 : INFO : ball_device.bd_kicker_orbit : Ejecting ball to <playfield.playfield>
2024-10-14 19:45:10,786 : INFO : EventManager : Event: ======'balldevice_bd_kicker_orbit_ejecting_ball'====== Args={'balls': 1, 'target': <playfield.playfield>, 'source': <ball_device.bd_kicker_orbit>, 'mechanical_eject': False, 'num_attempts': 7}
2024-10-14 19:45:10,786 : INFO : ball_device.bd_kicker_orbit : Wait for ball to leave device
2024-10-14 19:45:10,787 : INFO : coil.c_kicker_orbit : Pulsing Driver for 10ms (0.75 pulse_power)
2024-10-14 19:45:11,788 : INFO : EventManager : Event: ======'balldevice_bd_kicker_orbit_ball_eject_failed'====== Args={'target': <playfield.playfield>, 'balls': 1, 'retry': True, 'num_attempts': 8}
2024-10-14 19:45:11,790 : INFO : ball_device.bd_kicker_orbit : State: waiting_for_target_ready
2024-10-14 19:45:11,790 : INFO : EventManager : Event: ======'balldevice_bd_kicker_orbit_ball_eject_attempt'====== Args={'balls': 1, 'target': <playfield.playfield>, 'source': <ball_device.bd_kicker_orbit>, 'mechanical_eject': False, 'num_attempts': 8}
2024-10-14 19:45:11,791 : INFO : ball_device.bd_kicker_orbit : State: ejecting
2024-10-14 19:45:11,791 : INFO : ball_device.bd_kicker_orbit : Ejecting ball to <playfield.playfield>
2024-10-14 19:45:11,791 : INFO : EventManager : Event: ======'balldevice_bd_kicker_orbit_ejecting_ball'====== Args={'balls': 1, 'target': <playfield.playfield>, 'source': <ball_device.bd_kicker_orbit>, 'mechanical_eject': False, 'num_attempts': 8}
2024-10-14 19:45:11,792 : INFO : ball_device.bd_kicker_orbit : Wait for ball to leave device
2024-10-14 19:45:11,792 : INFO : coil.c_kicker_orbit : Pulsing Driver for 10ms (0.75 pulse_power)
2024-10-14 19:45:12,793 : INFO : EventManager : Event: ======'balldevice_bd_kicker_orbit_ball_eject_failed'====== Args={'target': <playfield.playfield>, 'balls': 1, 'retry': True, 'num_attempts': 9}
2024-10-14 19:45:12,795 : INFO : ball_device.bd_kicker_orbit : State: waiting_for_target_ready
2024-10-14 19:45:12,795 : INFO : EventManager : Event: ======'balldevice_bd_kicker_orbit_ball_eject_attempt'====== Args={'balls': 1, 'target': <playfield.playfield>, 'source': <ball_device.bd_kicker_orbit>, 'mechanical_eject': False, 'num_attempts': 9}
2024-10-14 19:45:12,796 : INFO : ball_device.bd_kicker_orbit : State: ejecting
2024-10-14 19:45:12,796 : INFO : ball_device.bd_kicker_orbit : Ejecting ball to <playfield.playfield>
2024-10-14 19:45:12,796 : INFO : EventManager : Event: ======'balldevice_bd_kicker_orbit_ejecting_ball'====== Args={'balls': 1, 'target': <playfield.playfield>, 'source': <ball_device.bd_kicker_orbit>, 'mechanical_eject': False, 'num_attempts': 9}
2024-10-14 19:45:12,797 : INFO : ball_device.bd_kicker_orbit : Wait for ball to leave device
2024-10-14 19:45:12,797 : INFO : coil.c_kicker_orbit : Pulsing Driver for 10ms (0.75 pulse_power)
2024-10-14 19:45:13,799 : INFO : EventManager : Event: ======'balldevice_bd_kicker_orbit_ball_eject_failed'====== Args={'target': <playfield.playfield>, 'balls': 1, 'retry': True, 'num_attempts': 10}
2024-10-14 19:45:13,801 : INFO : ball_device.bd_kicker_orbit : State: waiting_for_target_ready
2024-10-14 19:45:13,801 : INFO : EventManager : Event: ======'balldevice_bd_kicker_orbit_ball_eject_attempt'====== Args={'balls': 1, 'target': <playfield.playfield>, 'source': <ball_device.bd_kicker_orbit>, 'mechanical_eject': False, 'num_attempts': 10}
2024-10-14 19:45:13,802 : INFO : ball_device.bd_kicker_orbit : State: ejecting
2024-10-14 19:45:13,802 : INFO : ball_device.bd_kicker_orbit : Ejecting ball to <playfield.playfield>
2024-10-14 19:45:13,802 : INFO : EventManager : Event: ======'balldevice_bd_kicker_orbit_ejecting_ball'====== Args={'balls': 1, 'target': <playfield.playfield>, 'source': <ball_device.bd_kicker_orbit>, 'mechanical_eject': False, 'num_attempts': 10}
2024-10-14 19:45:13,803 : INFO : ball_device.bd_kicker_orbit : Wait for ball to leave device
2024-10-14 19:45:13,803 : INFO : coil.c_kicker_orbit : Pulsing Driver for 10ms (0.75 pulse_power)
2024-10-14 19:45:14,805 : INFO : EventManager : Event: ======'balldevice_bd_kicker_orbit_ball_eject_failed'====== Args={'target': <playfield.playfield>, 'balls': 1, 'retry': True, 'num_attempts': 11}
2024-10-14 19:45:14,806 : INFO : ball_device.bd_kicker_orbit : State: waiting_for_target_ready
2024-10-14 19:45:14,807 : INFO : EventManager : Event: ======'balldevice_bd_kicker_orbit_ball_eject_attempt'====== Args={'balls': 1, 'target': <playfield.playfield>, 'source': <ball_device.bd_kicker_orbit>, 'mechanical_eject': False, 'num_attempts': 11}
2024-10-14 19:45:14,807 : INFO : ball_device.bd_kicker_orbit : State: ejecting
2024-10-14 19:45:14,807 : INFO : ball_device.bd_kicker_orbit : Ejecting ball to <playfield.playfield>
2024-10-14 19:45:14,807 : INFO : EventManager : Event: ======'balldevice_bd_kicker_orbit_ejecting_ball'====== Args={'balls': 1, 'target': <playfield.playfield>, 'source': <ball_device.bd_kicker_orbit>, 'mechanical_eject': False, 'num_attempts': 11}
2024-10-14 19:45:14,808 : INFO : ball_device.bd_kicker_orbit : Wait for ball to leave device
2024-10-14 19:45:14,808 : INFO : coil.c_kicker_orbit : Pulsing Driver for 10ms (0.75 pulse_power)
2024-10-14 19:45:15,810 : INFO : EventManager : Event: ======'balldevice_bd_kicker_orbit_ball_eject_failed'====== Args={'target': <playfield.playfield>, 'balls': 1, 'retry': True, 'num_attempts': 12}
2024-10-14 19:45:15,812 : INFO : ball_device.bd_kicker_orbit : State: waiting_for_target_ready
2024-10-14 19:45:15,812 : INFO : EventManager : Event: ======'balldevice_bd_kicker_orbit_ball_eject_attempt'====== Args={'balls': 1, 'target': <playfield.playfield>, 'source': <ball_device.bd_kicker_orbit>, 'mechanical_eject': False, 'num_attempts': 12}
2024-10-14 19:45:15,813 : INFO : ball_device.bd_kicker_orbit : State: ejecting
2024-10-14 19:45:15,813 : INFO : ball_device.bd_kicker_orbit : Ejecting ball to <playfield.playfield>
2024-10-14 19:45:15,813 : INFO : EventManager : Event: ======'balldevice_bd_kicker_orbit_ejecting_ball'====== Args={'balls': 1, 'target': <playfield.playfield>, 'source': <ball_device.bd_kicker_orbit>, 'mechanical_eject': False, 'num_attempts': 12}
2024-10-14 19:45:15,814 : INFO : ball_device.bd_kicker_orbit : Wait for ball to leave device
2024-10-14 19:45:15,814 : INFO : coil.c_kicker_orbit : Pulsing Driver for 10ms (0.75 pulse_power)
2024-10-14 19:45:16,816 : INFO : EventManager : Event: ======'balldevice_bd_kicker_orbit_ball_eject_failed'====== Args={'target': <playfield.playfield>, 'balls': 1, 'retry': True, 'num_attempts': 13}
2024-10-14 19:45:16,818 : INFO : ball_device.bd_kicker_orbit : State: waiting_for_target_ready
2024-10-14 19:45:16,818 : INFO : EventManager : Event: ======'balldevice_bd_kicker_orbit_ball_eject_attempt'====== Args={'balls': 1, 'target': <playfield.playfield>, 'source': <ball_device.bd_kicker_orbit>, 'mechanical_eject': False, 'num_attempts': 13}
2024-10-14 19:45:16,818 : INFO : ball_device.bd_kicker_orbit : State: ejecting
2024-10-14 19:45:16,818 : INFO : ball_device.bd_kicker_orbit : Ejecting ball to <playfield.playfield>
2024-10-14 19:45:16,819 : INFO : EventManager : Event: ======'balldevice_bd_kicker_orbit_ejecting_ball'====== Args={'balls': 1, 'target': <playfield.playfield>, 'source': <ball_device.bd_kicker_orbit>, 'mechanical_eject': False, 'num_attempts': 13}
2024-10-14 19:45:16,819 : INFO : ball_device.bd_kicker_orbit : Wait for ball to leave device
2024-10-14 19:45:16,819 : INFO : coil.c_kicker_orbit : Pulsing Driver for 10ms (0.75 pulse_power)
2024-10-14 19:45:17,821 : INFO : EventManager : Event: ======'balldevice_bd_kicker_orbit_ball_eject_failed'====== Args={'target': <playfield.playfield>, 'balls': 1, 'retry': True, 'num_attempts': 14}
2024-10-14 19:45:17,823 : WARNING : SwitchController : Received duplicate switch state 1 for switch s_kicker_orbit from the platform interface. Log Code: Log-SwitchController-1 (https://missionpinball.org/logs)
2024-10-14 19:45:17,824 : INFO : ball_device.bd_kicker_orbit : State: waiting_for_target_ready
2024-10-14 19:45:17,824 : INFO : EventManager : Event: ======'balldevice_bd_kicker_orbit_ball_eject_attempt'====== Args={'balls': 1, 'target': <playfield.playfield>, 'source': <ball_device.bd_kicker_orbit>, 'mechanical_eject': False, 'num_attempts': 14}
2024-10-14 19:45:17,824 : INFO : ball_device.bd_kicker_orbit : State: ejecting
2024-10-14 19:45:17,825 : INFO : ball_device.bd_kicker_orbit : Ejecting ball to <playfield.playfield>
2024-10-14 19:45:17,825 : INFO : EventManager : Event: ======'balldevice_bd_kicker_orbit_ejecting_ball'====== Args={'balls': 1, 'target': <playfield.playfield>, 'source': <ball_device.bd_kicker_orbit>, 'mechanical_eject': False, 'num_attempts': 14}
2024-10-14 19:45:17,825 : INFO : ball_device.bd_kicker_orbit : Wait for ball to leave device
2024-10-14 19:45:17,825 : INFO : coil.c_kicker_orbit : Pulsing Driver for 10ms (0.75 pulse_power)
2024-10-14 19:45:17,848 : INFO : SwitchController : <<<<<<< 's_kicker_orbit' inactive >>>>>>>
2024-10-14 19:45:17,850 : INFO : ball_device.bd_kicker_orbit : State: ball_left
2024-10-14 19:45:17,850 : INFO : ball_device.bd_kicker_orbit : Ball left
2024-10-14 19:45:17,850 : INFO : ball_device.bd_kicker_orbit : Wait for confirm with timeout 1.0
2024-10-14 19:45:17,872 : INFO : SwitchController : <<<<<<< 's_kicker_orbit' active >>>>>>>
2024-10-14 19:45:18,366 : INFO : SwitchController : <<<<<<< 's_kicker_orbit' inactive >>>>>>>
2024-10-14 19:45:18,851 : INFO : ball_device.bd_kicker_orbit : State: failed_confirm
2024-10-14 19:45:18,852 : INFO : ball_device.bd_kicker_orbit : Got timeout (1.0s) before confirm from <playfield.playfield>
2024-10-14 19:45:18,909 : INFO : SwitchController : <<<<<<< 's_kicker_orbit' active >>>>>>>
2024-10-14 19:45:18,954 : INFO : ball_device.bd_kicker_orbit : Confirming eject because target is playfield and ball did not return.
2024-10-14 19:45:18,954 : INFO : ball_device.bd_kicker_orbit : Eject successful
2024-10-14 19:45:18,954 : INFO : EventManager : Event: ======'balldevice_bd_kicker_orbit_ball_eject_success'====== Args={'balls': 1, 'target': <playfield.playfield>}
2024-10-14 19:45:18,955 : INFO : EventManager : Event: ======'balldevice_playfield_ball_enter'====== Args={'new_balls': 1, 'unclaimed_balls': 1, 'device': <playfield.playfield>}
2024-10-14 19:45:18,955 : INFO : EventManager : Event: ======'playfield_ball_count_change'====== Args={'balls': 2, 'change': 1}
2024-10-14 19:45:18,956 : INFO : EventManager : Event: ======'balldevice_bd_kicker_orbit_ball_count_changed'====== Args={'balls': 0}
2024-10-14 19:45:19,410 : INFO : ball_device.bd_kicker_orbit : State: idle
2024-10-14 19:45:19,411 : INFO : EventManager : Event: ======'balldevice_bd_kicker_orbit_ball_count_changed'====== Args={'balls': 1}
2024-10-14 19:45:19,411 : INFO : ball_device.bd_kicker_orbit : Received unexpected ball
2024-10-14 19:45:19,411 : INFO : EventManager : Event: ======'balldevice_captured_from_playfield'====== Args={'balls': 1}
2024-10-14 19:45:19,412 : INFO : EventManager : Event: ======'sw_playfield_active'====== Args={'balls': 1}
2024-10-14 19:45:19,412 : INFO : EventManager : Event: ======'playfield_ball_count_change'====== Args={'balls': 1, 'change': -1}
2024-10-14 19:45:19,413 : INFO : EventManager : Event: ======'balldevice_bd_kicker_orbit_ball_enter'====== Args={'new_balls': 1, 'unclaimed_balls': 1, 'new_available_balls': 1, 'device': <ball_device.bd_kicker_orbit>}
2024-10-14 19:45:19,414 : INFO : ball_device.bd_kicker_orbit : Ejecting 1 unexpected balls using path deque([<ball_device.bd_kicker_orbit>, <playfield.playfield>])
2024-10-14 19:45:19,414 : INFO : EventManager : Event: ======'balldevice_balls_available'====== Args={}
2024-10-14 19:45:19,414 : INFO : EventManager : Event: ======'balldevice_balls_available'====== Args={}
2024-10-14 19:45:19,414 : INFO : EventManager : Event: ======'balldevice_bd_kicker_orbit_ball_entered'====== Args={'new_balls': 1, 'device': <ball_device.bd_kicker_orbit>}
2024-10-14 19:45:19,415 : INFO : ball_device.bd_kicker_orbit : State: waiting_for_target_ready
2024-10-14 19:45:19,415 : INFO : EventManager : Event: ======'balldevice_bd_kicker_orbit_ball_eject_attempt'====== Args={'balls': 1, 'target': <playfield.playfield>, 'source': <ball_device.bd_kicker_orbit>, 'mechanical_eject': False, 'num_attempts': 0}
2024-10-14 19:45:19,415 : INFO : ball_device.bd_kicker_orbit : State: ejecting
2024-10-14 19:45:19,415 : INFO : ball_device.bd_kicker_orbit : Ejecting ball to <playfield.playfield>
2024-10-14 19:45:19,416 : INFO : EventManager : Event: ======'balldevice_bd_kicker_orbit_ejecting_ball'====== Args={'balls': 1, 'target': <playfield.playfield>, 'source': <ball_device.bd_kicker_orbit>, 'mechanical_eject': False, 'num_attempts': 0}
2024-10-14 19:45:19,416 : INFO : ball_device.bd_kicker_orbit : Wait for ball to leave device
2024-10-14 19:45:19,417 : INFO : coil.c_kicker_orbit : Pulsing Driver for 10ms (0.75 pulse_power)
2024-10-14 19:45:19,646 : INFO : SwitchController : <<<<<<< 's_kicker_orbit' inactive >>>>>>>
2024-10-14 19:45:19,648 : INFO : ball_device.bd_kicker_orbit : State: ball_left
2024-10-14 19:45:19,648 : INFO : ball_device.bd_kicker_orbit : Ball left
2024-10-14 19:45:19,648 : INFO : ball_device.bd_kicker_orbit : Wait for confirm with timeout 1.0
2024-10-14 19:45:20,649 : INFO : ball_device.bd_kicker_orbit : State: failed_confirm
2024-10-14 19:45:20,650 : INFO : ball_device.bd_kicker_orbit : Got timeout (1.0s) before confirm from <playfield.playfield>
2024-10-14 19:45:20,752 : INFO : ball_device.bd_kicker_orbit : Confirming eject because target is playfield and ball did not return.
2024-10-14 19:45:20,752 : INFO : ball_device.bd_kicker_orbit : Eject successful
2024-10-14 19:45:20,752 : INFO : EventManager : Event: ======'balldevice_bd_kicker_orbit_ball_eject_success'====== Args={'balls': 1, 'target': <playfield.playfield>}
2024-10-14 19:45:20,753 : INFO : EventManager : Event: ======'balldevice_playfield_ball_enter'====== Args={'new_balls': 1, 'unclaimed_balls': 1, 'device': <playfield.playfield>}
2024-10-14 19:45:20,753 : INFO : EventManager : Event: ======'playfield_ball_count_change'====== Args={'balls': 2, 'change': 1}
2024-10-14 19:45:20,754 : INFO : EventManager : Event: ======'balldevice_bd_kicker_orbit_ball_count_changed'====== Args={'balls': 0}
2024-10-14 19:45:20,754 : INFO : ball_device.bd_kicker_orbit : State: idle
2024-10-14 19:45:22,930 : INFO : SwitchController : <<<<<<< 's_start' active >>>>>>>
2024-10-14 19:45:23,102 : INFO : SwitchController : <<<<<<< 's_start' inactive >>>>>>>
2024-10-14 19:45:23,102 : INFO : EventManager : Event: ======'request_to_start_game'====== Args={}
2024-10-14 19:45:23,103 : INFO : EventManager : Event: ======'collecting_balls'====== Args={}
2024-10-14 19:45:23,103 : INFO : BallController : Known balls: 4
2024-10-14 19:45:23,103 : INFO : BallController : bd_middle_scoop contains 0 balls. Tags []
2024-10-14 19:45:23,104 : INFO : BallController : bd_trough contains 2 balls. Tags ['trough', 'home', 'drain']
2024-10-14 19:45:23,104 : INFO : BallController : bd_autolauncher contains 0 balls. Tags []
2024-10-14 19:45:23,104 : INFO : BallController : bd_kicker_orbit contains 0 balls. Tags []
2024-10-14 19:45:23,104 : INFO : BallController : playfield contains 2 balls. Tags ['default']
2024-10-14 19:45:23,104 : WARNING : BallController : BallController denies game start. Balls are not in their home positions.
2024-10-14 19:45:23,641 : INFO : SwitchController : <<<<<<< 's_launch' active >>>>>>>
2024-10-14 19:45:23,807 : INFO : SwitchController : <<<<<<< 's_launch' inactive >>>>>>>
2024-10-14 19:45:40,361 : WARNING : SwitchController : Received duplicate switch state 1 for switch s_trough_4 from the platform interface. Log Code: Log-SwitchController-1 (https://missionpinball.org/logs)
2024-10-14 19:45:40,376 : INFO : SwitchController : <<<<<<< 's_trough_4' inactive >>>>>>>
2024-10-14 19:45:40,424 : WARNING : SwitchController : Received duplicate switch state 1 for switch s_trough_6 from the platform interface. Log Code: Log-SwitchController-1 (https://missionpinball.org/logs)
2024-10-14 19:45:40,427 : INFO : SwitchController : <<<<<<< 's_trough_4' active >>>>>>>
2024-10-14 19:45:40,565 : INFO : SwitchController : <<<<<<< 's_trough_6' inactive >>>>>>>
2024-10-14 19:45:40,639 : WARNING : SwitchController : Received duplicate switch state 1 for switch s_trough_5 from the platform interface. Log Code: Log-SwitchController-1 (https://missionpinball.org/logs)
2024-10-14 19:45:40,730 : INFO : SwitchController : <<<<<<< 's_trough_5' inactive >>>>>>>
2024-10-14 19:45:40,774 : INFO : SwitchController : <<<<<<< 's_trough_4' inactive >>>>>>>
2024-10-14 19:45:40,792 : INFO : SwitchController : <<<<<<< 's_trough_4' active >>>>>>>
2024-10-14 19:45:40,853 : INFO : SwitchController : <<<<<<< 's_trough_4' inactive >>>>>>>
2024-10-14 19:45:40,893 : WARNING : SwitchController : Received duplicate switch state 1 for switch s_trough_3 from the platform interface. Log Code: Log-SwitchController-1 (https://missionpinball.org/logs)
2024-10-14 19:45:40,963 : INFO : SwitchController : <<<<<<< 's_trough_3' inactive >>>>>>>
2024-10-14 19:45:41,002 : WARNING : SwitchController : Received duplicate switch state 1 for switch s_trough_2 from the platform interface. Log Code: Log-SwitchController-1 (https://missionpinball.org/logs)
2024-10-14 19:45:41,060 : INFO : SwitchController : <<<<<<< 's_trough_2' inactive >>>>>>>
2024-10-14 19:45:41,076 : WARNING : SwitchController : Received duplicate switch state 1 for switch s_trough_1 from the platform interface. Log Code: Log-SwitchController-1 (https://missionpinball.org/logs)
2024-10-14 19:45:41,168 : INFO : SwitchController : <<<<<<< 's_trough_4' active >>>>>>>
2024-10-14 19:45:41,188 : INFO : SwitchController : <<<<<<< 's_trough_1' inactive >>>>>>>
2024-10-14 19:45:41,230 : INFO : SwitchController : <<<<<<< 's_trough_4' inactive >>>>>>>
2024-10-14 19:45:41,272 : INFO : SwitchController : <<<<<<< 's_trough_1' active >>>>>>>
2024-10-14 19:45:42,476 : INFO : SwitchController : <<<<<<< 's_start' active >>>>>>>
2024-10-14 19:45:42,620 : INFO : SwitchController : <<<<<<< 's_start' inactive >>>>>>>
2024-10-14 19:45:42,620 : INFO : EventManager : Event: ======'request_to_start_game'====== Args={}
2024-10-14 19:45:42,621 : INFO : EventManager : Event: ======'collecting_balls'====== Args={}
2024-10-14 19:45:42,622 : INFO : BallController : Known balls: 4
2024-10-14 19:45:42,622 : INFO : BallController : bd_middle_scoop contains 0 balls. Tags []
2024-10-14 19:45:42,622 : INFO : BallController : bd_trough contains 2 balls. Tags ['trough', 'home', 'drain']
2024-10-14 19:45:42,622 : INFO : BallController : bd_autolauncher contains 0 balls. Tags []
2024-10-14 19:45:42,622 : INFO : BallController : bd_kicker_orbit contains 0 balls. Tags []
2024-10-14 19:45:42,622 : INFO : BallController : playfield contains 2 balls. Tags ['default']
2024-10-14 19:45:42,622 : WARNING : BallController : BallController denies game start. Balls are not in their home positions.
2024-10-14 19:45:43,982 : INFO : SwitchController : <<<<<<< 's_start' active >>>>>>>
2024-10-14 19:45:44,185 : INFO : SwitchController : <<<<<<< 's_start' inactive >>>>>>>
2024-10-14 19:45:44,185 : INFO : EventManager : Event: ======'request_to_start_game'====== Args={}
2024-10-14 19:45:44,186 : INFO : EventManager : Event: ======'collecting_balls'====== Args={}
2024-10-14 19:45:44,187 : INFO : BallController : Known balls: 4
2024-10-14 19:45:44,187 : INFO : BallController : bd_middle_scoop contains 0 balls. Tags []
2024-10-14 19:45:44,187 : INFO : BallController : bd_trough contains 2 balls. Tags ['trough', 'home', 'drain']
2024-10-14 19:45:44,187 : INFO : BallController : bd_autolauncher contains 0 balls. Tags []
2024-10-14 19:45:44,187 : INFO : BallController : bd_kicker_orbit contains 0 balls. Tags []
2024-10-14 19:45:44,187 : INFO : BallController : playfield contains 2 balls. Tags ['default']
2024-10-14 19:45:44,187 : WARNING : BallController : BallController denies game start. Balls are not in their home positions.
2024-10-14 19:45:44,714 : INFO : SwitchController : <<<<<<< 's_launch' active >>>>>>>
2024-10-14 19:45:44,940 : INFO : SwitchController : <<<<<<< 's_launch' inactive >>>>>>>
2024-10-14 19:45:45,536 : INFO : SwitchController : <<<<<<< 's_flipper_but_r_1' active >>>>>>>
2024-10-14 19:45:45,541 : INFO : SwitchController : <<<<<<< 's_flipper_but_r_2' active >>>>>>>
2024-10-14 19:45:45,607 : INFO : SwitchController : <<<<<<< 's_flipper_but_l_1' active >>>>>>>
2024-10-14 19:45:45,612 : INFO : SwitchController : <<<<<<< 's_flipper_but_l_2' active >>>>>>>
2024-10-14 19:45:45,720 : INFO : SwitchController : <<<<<<< 's_flipper_but_r_2' inactive >>>>>>>
2024-10-14 19:45:45,729 : INFO : SwitchController : <<<<<<< 's_flipper_but_r_1' inactive >>>>>>>
2024-10-14 19:45:45,784 : INFO : SwitchController : <<<<<<< 's_flipper_but_l_2' inactive >>>>>>>
2024-10-14 19:45:45,792 : INFO : SwitchController : <<<<<<< 's_flipper_but_l_1' inactive >>>>>>>
2024-10-14 19:45:45,867 : INFO : SwitchController : <<<<<<< 's_flipper_but_r_1' active >>>>>>>
2024-10-14 19:45:45,873 : INFO : SwitchController : <<<<<<< 's_flipper_but_r_2' active >>>>>>>
2024-10-14 19:45:45,887 : INFO : SwitchController : <<<<<<< 's_flipper_but_l_1' active >>>>>>>
2024-10-14 19:45:45,892 : INFO : SwitchController : <<<<<<< 's_flipper_but_l_2' active >>>>>>>
2024-10-14 19:45:46,002 : INFO : SwitchController : <<<<<<< 's_flipper_but_l_2' inactive >>>>>>>
2024-10-14 19:45:46,008 : INFO : SwitchController : <<<<<<< 's_flipper_but_l_1' inactive >>>>>>>
2024-10-14 19:45:46,032 : INFO : SwitchController : <<<<<<< 's_flipper_but_r_2' inactive >>>>>>>
2024-10-14 19:45:46,051 : INFO : SwitchController : <<<<<<< 's_flipper_but_r_1' inactive >>>>>>>
2024-10-14 19:45:47,298 : INFO : SwitchController : <<<<<<< 's_start' active >>>>>>>
2024-10-14 19:45:47,506 : INFO : SwitchController : <<<<<<< 's_start' inactive >>>>>>>
2024-10-14 19:45:47,506 : INFO : EventManager : Event: ======'request_to_start_game'====== Args={}
2024-10-14 19:45:47,507 : INFO : EventManager : Event: ======'collecting_balls'====== Args={}
2024-10-14 19:45:47,508 : INFO : BallController : Known balls: 4
2024-10-14 19:45:47,508 : INFO : BallController : bd_middle_scoop contains 0 balls. Tags []
2024-10-14 19:45:47,508 : INFO : BallController : bd_trough contains 2 balls. Tags ['trough', 'home', 'drain']
2024-10-14 19:45:47,508 : INFO : BallController : bd_autolauncher contains 0 balls. Tags []
2024-10-14 19:45:47,508 : INFO : BallController : bd_kicker_orbit contains 0 balls. Tags []
2024-10-14 19:45:47,508 : INFO : BallController : playfield contains 2 balls. Tags ['default']
2024-10-14 19:45:47,508 : WARNING : BallController : BallController denies game start. Balls are not in their home positions.
2024-10-14 19:45:48,863 : INFO : Machine : Shutting down...
2024-10-14 19:45:48,863 : INFO : EventManager : Event: ======'shutdown'====== Args={}
2024-10-14 19:45:48,974 : INFO : root : MPF run loop ended.
