2024-10-14 21:56:47,871 : INFO : root : Loading config.
2024-10-14 21:56:47,874 : INFO : YamlMultifileConfigLoader : Machine config file #1: config.yaml
2024-10-14 21:56:47,875 : WARNING : ConfigProcessor : Config file in cache changed: /Users/tannerpetch/Documents/GitHub/trashland_4/config/config.yaml
2024-10-14 21:56:47,875 : INFO : ConfigProcessor : Loading config from file /Library/Frameworks/Python.framework/Versions/3.9/lib/python3.9/site-packages/mpf/mpfconfig.yaml.
2024-10-14 21:56:47,880 : INFO : ConfigProcessor : Loading config: /Library/Frameworks/Python.framework/Versions/3.9/lib/python3.9/site-packages/mpf/mpfconfig.yaml
2024-10-14 21:56:47,881 : INFO : ConfigProcessor : Loading config from file /Users/tannerpetch/Documents/GitHub/trashland_4/config/config.yaml.
2024-10-14 21:56:47,885 : INFO : ConfigProcessor : Loading config: /Users/tannerpetch/Documents/GitHub/trashland_4/config/config.yaml
2024-10-14 21:56:47,886 : INFO : ConfigProcessor : Config file cache created: /var/folders/l2/q8hj_6s91xnb2jxg1sqm0h7r0000gn/T/fb4db0341b09a4be02e1d6b8eab00179.mpf_cache
2024-10-14 21:56:47,911 : INFO : ConfigProcessor : Loading config from cache: /var/folders/l2/q8hj_6s91xnb2jxg1sqm0h7r0000gn/T/c7af4841f7c2cabb0f971746daddf284.mpf_cache
2024-10-14 21:56:47,912 : INFO : ConfigProcessor : Loading config from cache: /var/folders/l2/q8hj_6s91xnb2jxg1sqm0h7r0000gn/T/edcc5f1d3215b377c9faab88c62e4ce0.mpf_cache
2024-10-14 21:56:47,912 : INFO : Machine : Mission Pinball Framework Core Engine v0.57.1.dev3
2024-10-14 21:56:47,912 : INFO : Machine : Command line arguments: {'no_load_cache': False, 'create_config_cache': True, 'bcp': False, 'configfile': ['config.yaml'], 'force_assets_load': False, 'platform_integration_test': False, 'jsonlogging': False, 'logfile': 'logs/2024-10-14-21-56-47-mpf-Tanners-Laptop.local.log', 'pause': False, 'production': False, 'text_ui': True, 'loglevel': 15, 'consoleloglevel': 20, 'force_platform': None, 'syslog_address': None, 'mc_file_name': None, 'no_sound': False}
2024-10-14 21:56:47,912 : INFO : Machine : MPF path: /Library/Frameworks/Python.framework/Versions/3.9/lib/python3.9/site-packages/mpf
2024-10-14 21:56:47,912 : INFO : Machine : Machine path: /Users/tannerpetch/Documents/GitHub/trashland_4
2024-10-14 21:56:47,912 : INFO : Machine : Platform: darwin
2024-10-14 21:56:47,912 : INFO : Machine : Python executable location: /Library/Frameworks/Python.framework/Versions/3.9/bin/python3.9
2024-10-14 21:56:47,912 : INFO : Machine : Python version: 3.9.13 (64-bit)
2024-10-14 21:56:47,912 : INFO : Machine : Initializing MPF...
2024-10-14 21:56:47,946 : INFO : FAST [NET] : Trying to connect to /dev/tty.usbmodem1401 at 921600bps
2024-10-14 21:56:47,953 : INFO : FAST [NET] : Connected to /dev/tty.usbmodem1401 at 921600bps
2024-10-14 21:56:47,954 : INFO : FAST [NET] : Connected to FP-CPU-2000 with firmware v02.21
2024-10-14 21:56:47,955 : INFO : FAST [NET] : Registered I/O Board 0: Model: FP-I/O-0804, Firmware: 01.10, Switches: 8, Drivers: 4
2024-10-14 21:56:47,956 : INFO : FAST [NET] : Registered I/O Board 1: Model: FP-I/O-0804, Firmware: 01.10, Switches: 8, Drivers: 4
2024-10-14 21:56:47,957 : INFO : FAST [NET] : Registered I/O Board 2: Model: FP-I/O-3208, Firmware: 01.10, Switches: 32, Drivers: 8
2024-10-14 21:56:47,958 : INFO : FAST [NET] : Registered I/O Board 3: Model: FP-I/O-1616, Firmware: 01.10, Switches: 16, Drivers: 16
2024-10-14 21:56:47,959 : INFO : FAST [NET] : Registered I/O Board 4: Model: FP-I/O-3208, Firmware: 01.10, Switches: 32, Drivers: 8
2024-10-14 21:56:47,960 : INFO : EventManager : Event: ======'machine_var_credits_string'====== Args={'value': 'FREE PLAY', 'prev_value': None, 'change': True}
2024-10-14 21:56:47,973 : INFO : EventManager : Event: ======'machine_var_master_volume'====== Args={'value': 0.5, 'prev_value': None, 'change': True}
2024-10-14 21:56:47,973 : INFO : EventManager : Event: ======'machine_var_player1_score'====== Args={'value': 0, 'prev_value': None, 'change': True}
2024-10-14 21:56:47,973 : INFO : EventManager : Event: ======'machine_var_mpf_version'====== Args={'value': 'Mission Pinball Framework v0.57.1.dev3', 'prev_value': None, 'change': True}
2024-10-14 21:56:47,973 : INFO : EventManager : Event: ======'machine_var_mpf_extended_version'====== Args={'value': 'Mission Pinball Framework v0.57.1.dev3, Config version:6, Show version: 6, BCP version:1.1', 'prev_value': None, 'change': True}
2024-10-14 21:56:47,973 : INFO : EventManager : Event: ======'machine_var_python_version'====== Args={'value': '3.9.13', 'prev_value': None, 'change': True}
2024-10-14 21:56:47,983 : INFO : EventManager : Event: ======'machine_var_platform'====== Args={'value': 'macOS-14.3-arm64-arm-64bit', 'prev_value': None, 'change': True}
2024-10-14 21:56:47,983 : INFO : EventManager : Event: ======'machine_var_platform_system'====== Args={'value': 'Darwin', 'prev_value': None, 'change': True}
2024-10-14 21:56:47,983 : INFO : EventManager : Event: ======'machine_var_platform_release'====== Args={'value': '23.3.0', 'prev_value': None, 'change': True}
2024-10-14 21:56:47,983 : INFO : EventManager : Event: ======'machine_var_platform_version'====== Args={'value': 'Darwin Kernel Version 23.3.0: Thu Dec 21 02:29:41 PST 2023; root:xnu-10002.81.5~11/RELEASE_ARM64_T8122', 'prev_value': None, 'change': True}
2024-10-14 21:56:47,983 : INFO : EventManager : Event: ======'machine_var_platform_machine'====== Args={'value': 'arm64', 'prev_value': None, 'change': True}
2024-10-14 21:56:47,983 : INFO : EventManager : Event: ======'init_phase_1'====== Args={}
2024-10-14 21:56:48,092 : WARNING : Machine : Iterating device collections directly is deprecated and will be removed. Access by value(): device_collections[switches] -> device_collections['switches'].values()
2024-10-14 21:56:48,093 : INFO : SwitchController : <<<<<<< 's_outlane_l' active >>>>>>>
2024-10-14 21:56:48,093 : INFO : SwitchController : <<<<<<< 's_autolauncher' active >>>>>>>
2024-10-14 21:56:48,093 : INFO : SwitchController : <<<<<<< 's_kicker_orbit' active >>>>>>>
2024-10-14 21:56:48,093 : INFO : SwitchController : <<<<<<< 's_drop_m' active >>>>>>>
2024-10-14 21:56:48,093 : INFO : SwitchController : <<<<<<< 's_drop_l' active >>>>>>>
2024-10-14 21:56:48,093 : INFO : SwitchController : <<<<<<< 's_drop_single' active >>>>>>>
2024-10-14 21:56:48,093 : INFO : EventManager : Event: ======'init_phase_2'====== Args={}
2024-10-14 21:56:48,093 : INFO : SwitchController : Found active switch: (16, [FAST Platform Interface]) <switch.s_outlane_l>
2024-10-14 21:56:48,093 : INFO : SwitchController : Found active switch: (38, [FAST Platform Interface]) <switch.s_autolauncher>
2024-10-14 21:56:48,093 : INFO : SwitchController : Found active switch: (48, [FAST Platform Interface]) <switch.s_kicker_orbit>
2024-10-14 21:56:48,093 : INFO : SwitchController : Found active switch: (50, [FAST Platform Interface]) <switch.s_drop_m>
2024-10-14 21:56:48,093 : INFO : SwitchController : Found active switch: (51, [FAST Platform Interface]) <switch.s_drop_l>
2024-10-14 21:56:48,093 : INFO : SwitchController : Found active switch: (57, [FAST Platform Interface]) <switch.s_drop_single>
2024-10-14 21:56:48,094 : INFO : ball_device.bd_middle_scoop : BCH: Initial count: 0
2024-10-14 21:56:48,095 : INFO : ball_device.bd_middle_scoop : State: idle
2024-10-14 21:56:48,095 : INFO : ball_device.bd_trough : BCH: Initial count: 0
2024-10-14 21:56:48,095 : INFO : ball_device.bd_trough : State: idle
2024-10-14 21:56:48,394 : INFO : ball_device.bd_autolauncher : BCH: Initial count: 1
2024-10-14 21:56:48,395 : INFO : ball_device.bd_autolauncher : State: idle
2024-10-14 21:56:48,594 : INFO : ball_device.bd_kicker_orbit : BCH: Initial count: 1
2024-10-14 21:56:48,595 : INFO : ball_device.bd_kicker_orbit : State: idle
2024-10-14 21:56:48,596 : INFO : ball_device.bd_lower_vuk : BCH: Initial count: 0
2024-10-14 21:56:48,596 : INFO : ball_device.bd_lower_vuk : State: idle
2024-10-14 21:56:48,597 : INFO : ball_device.bd_vuk_back : BCH: Initial count: 0
2024-10-14 21:56:48,598 : INFO : ball_device.bd_vuk_back : State: idle
2024-10-14 21:56:48,599 : INFO : ball_device.bd_vuk_upper : BCH: Initial count: 0
2024-10-14 21:56:48,599 : INFO : ball_device.bd_vuk_upper : State: idle
2024-10-14 21:56:48,600 : INFO : ball_device.bd_b_lock : BCH: Initial count: 0
2024-10-14 21:56:48,600 : INFO : ball_device.bd_b_lock : State: idle
2024-10-14 21:56:48,612 : INFO : EventManager : Event: ======'init_phase_3'====== Args={}
2024-10-14 21:56:48,613 : INFO : EventManager : Event: ======'init_phase_4'====== Args={}
2024-10-14 21:56:48,613 : INFO : BallController : Initial balls found: 2
2024-10-14 21:56:48,614 : INFO : EventManager : Event: ======'machine_var_audits_events_game_ended'====== Args={'value': 1, 'prev_value': None, 'change': True}
2024-10-14 21:56:48,614 : INFO : EventManager : Event: ======'machine_var_audits_events_game_started'====== Args={'value': 7, 'prev_value': None, 'change': True}
2024-10-14 21:56:48,614 : INFO : EventManager : Event: ======'machine_var_audits_missing_switches_s_b_pop'====== Args={'value': 3, 'prev_value': None, 'change': True}
2024-10-14 21:56:48,614 : INFO : EventManager : Event: ======'machine_var_audits_missing_switches_s_b_rollover_interchange'====== Args={'value': 3, 'prev_value': None, 'change': True}
2024-10-14 21:56:48,614 : INFO : EventManager : Event: ======'machine_var_audits_missing_switches_s_b_rollover_loop'====== Args={'value': 3, 'prev_value': None, 'change': True}
2024-10-14 21:56:48,614 : INFO : EventManager : Event: ======'machine_var_audits_missing_switches_s_b_rollover_misc'====== Args={'value': 3, 'prev_value': None, 'change': True}
2024-10-14 21:56:48,614 : INFO : EventManager : Event: ======'machine_var_audits_missing_switches_s_b_target_left'====== Args={'value': 3, 'prev_value': None, 'change': True}
2024-10-14 21:56:48,614 : INFO : EventManager : Event: ======'machine_var_audits_missing_switches_s_b_target_right'====== Args={'value': 3, 'prev_value': None, 'change': True}
2024-10-14 21:56:48,614 : INFO : EventManager : Event: ======'machine_var_audits_missing_switches_s_bot'====== Args={'value': 7, 'prev_value': None, 'change': True}
2024-10-14 21:56:48,614 : INFO : EventManager : Event: ======'machine_var_audits_missing_switches_s_bot_mid'====== Args={'value': 7, 'prev_value': None, 'change': True}
2024-10-14 21:56:48,614 : INFO : EventManager : Event: ======'machine_var_audits_missing_switches_s_captive_l'====== Args={'value': 7, 'prev_value': None, 'change': True}
2024-10-14 21:56:48,614 : INFO : EventManager : Event: ======'machine_var_audits_missing_switches_s_captive_r'====== Args={'value': 7, 'prev_value': None, 'change': True}
2024-10-14 21:56:48,614 : INFO : EventManager : Event: ======'machine_var_audits_missing_switches_s_drop_l'====== Args={'value': 7, 'prev_value': None, 'change': True}
2024-10-14 21:56:48,614 : INFO : EventManager : Event: ======'machine_var_audits_missing_switches_s_drop_m'====== Args={'value': 5, 'prev_value': None, 'change': True}
2024-10-14 21:56:48,615 : INFO : EventManager : Event: ======'machine_var_audits_missing_switches_s_drop_r'====== Args={'value': 7, 'prev_value': None, 'change': True}
2024-10-14 21:56:48,615 : INFO : EventManager : Event: ======'machine_var_audits_missing_switches_s_drop_single'====== Args={'value': 7, 'prev_value': None, 'change': True}
2024-10-14 21:56:48,615 : INFO : EventManager : Event: ======'machine_var_audits_missing_switches_s_inlane_l'====== Args={'value': 5, 'prev_value': None, 'change': True}
2024-10-14 21:56:48,615 : INFO : EventManager : Event: ======'machine_var_audits_missing_switches_s_inlane_r'====== Args={'value': 5, 'prev_value': None, 'change': True}
2024-10-14 21:56:48,615 : INFO : EventManager : Event: ======'machine_var_audits_missing_switches_s_kicking_target'====== Args={'value': 3, 'prev_value': None, 'change': True}
2024-10-14 21:56:48,615 : INFO : EventManager : Event: ======'machine_var_audits_missing_switches_s_lock_1'====== Args={'value': 3, 'prev_value': None, 'change': True}
2024-10-14 21:56:48,615 : INFO : EventManager : Event: ======'machine_var_audits_missing_switches_s_lock_2'====== Args={'value': 3, 'prev_value': None, 'change': True}
2024-10-14 21:56:48,615 : INFO : EventManager : Event: ======'machine_var_audits_missing_switches_s_lock_3'====== Args={'value': 3, 'prev_value': None, 'change': True}
2024-10-14 21:56:48,615 : INFO : EventManager : Event: ======'machine_var_audits_missing_switches_s_lower_orbit'====== Args={'value': 7, 'prev_value': None, 'change': True}
2024-10-14 21:56:48,615 : INFO : EventManager : Event: ======'machine_var_audits_missing_switches_s_lower_single'====== Args={'value': 7, 'prev_value': None, 'change': True}
2024-10-14 21:56:48,615 : INFO : EventManager : Event: ======'machine_var_audits_missing_switches_s_lower_sling'====== Args={'value': 7, 'prev_value': None, 'change': True}
2024-10-14 21:56:48,615 : INFO : EventManager : Event: ======'machine_var_audits_missing_switches_s_lower_transfer'====== Args={'value': 7, 'prev_value': None, 'change': True}
2024-10-14 21:56:48,615 : INFO : EventManager : Event: ======'machine_var_audits_missing_switches_s_middle_scoop'====== Args={'value': 4, 'prev_value': None, 'change': True}
2024-10-14 21:56:48,615 : INFO : EventManager : Event: ======'machine_var_audits_missing_switches_s_orbit_small_r'====== Args={'value': 5, 'prev_value': None, 'change': True}
2024-10-14 21:56:48,615 : INFO : EventManager : Event: ======'machine_var_audits_missing_switches_s_outlane_l'====== Args={'value': 7, 'prev_value': None, 'change': True}
2024-10-14 21:56:48,615 : INFO : EventManager : Event: ======'machine_var_audits_missing_switches_s_outlane_r'====== Args={'value': 7, 'prev_value': None, 'change': True}
2024-10-14 21:56:48,615 : INFO : EventManager : Event: ======'machine_var_audits_missing_switches_s_scissor_save'====== Args={'value': 7, 'prev_value': None, 'change': True}
2024-10-14 21:56:48,615 : INFO : EventManager : Event: ======'machine_var_audits_missing_switches_s_sling_l'====== Args={'value': 5, 'prev_value': None, 'change': True}
2024-10-14 21:56:48,616 : INFO : EventManager : Event: ======'machine_var_audits_missing_switches_s_start'====== Args={'value': 7, 'prev_value': None, 'change': True}
2024-10-14 21:56:48,616 : INFO : EventManager : Event: ======'machine_var_audits_missing_switches_s_stationary_m'====== Args={'value': 5, 'prev_value': None, 'change': True}
2024-10-14 21:56:48,616 : INFO : EventManager : Event: ======'machine_var_audits_missing_switches_s_stationary_r'====== Args={'value': 5, 'prev_value': None, 'change': True}
2024-10-14 21:56:48,616 : INFO : EventManager : Event: ======'machine_var_audits_missing_switches_s_subway'====== Args={'value': 5, 'prev_value': None, 'change': True}
2024-10-14 21:56:48,616 : INFO : EventManager : Event: ======'machine_var_audits_missing_switches_s_tilt'====== Args={'value': 7, 'prev_value': None, 'change': True}
2024-10-14 21:56:48,616 : INFO : EventManager : Event: ======'machine_var_audits_missing_switches_s_top'====== Args={'value': 7, 'prev_value': None, 'change': True}
2024-10-14 21:56:48,616 : INFO : EventManager : Event: ======'machine_var_audits_missing_switches_s_top_mid'====== Args={'value': 7, 'prev_value': None, 'change': True}
2024-10-14 21:56:48,616 : INFO : EventManager : Event: ======'machine_var_audits_missing_switches_s_u_lane_l'====== Args={'value': 3, 'prev_value': None, 'change': True}
2024-10-14 21:56:48,616 : INFO : EventManager : Event: ======'machine_var_audits_missing_switches_s_u_lane_r'====== Args={'value': 3, 'prev_value': None, 'change': True}
2024-10-14 21:56:48,616 : INFO : EventManager : Event: ======'machine_var_audits_missing_switches_s_u_rollover'====== Args={'value': 3, 'prev_value': None, 'change': True}
2024-10-14 21:56:48,616 : INFO : EventManager : Event: ======'machine_var_audits_missing_switches_s_u_target'====== Args={'value': 3, 'prev_value': None, 'change': True}
2024-10-14 21:56:48,616 : INFO : EventManager : Event: ======'machine_var_audits_missing_switches_s_vuk_upper'====== Args={'value': 1, 'prev_value': None, 'change': True}
2024-10-14 21:56:48,616 : INFO : EventManager : Event: ======'machine_var_audits_player_score'====== Args={'value': {'average': 0, 'top': [0], 'total': 1}, 'prev_value': None, 'change': True}
2024-10-14 21:56:48,616 : INFO : EventManager : Event: ======'machine_var_audits_switches_s_autolauncher'====== Args={'value': 8, 'prev_value': None, 'change': True}
2024-10-14 21:56:48,617 : INFO : EventManager : Event: ======'machine_var_audits_switches_s_b_eos'====== Args={'value': 5, 'prev_value': None, 'change': True}
2024-10-14 21:56:48,617 : INFO : EventManager : Event: ======'machine_var_audits_switches_s_b_pop'====== Args={'value': 0, 'prev_value': None, 'change': True}
2024-10-14 21:56:48,617 : INFO : EventManager : Event: ======'machine_var_audits_switches_s_b_rollover_interchange'====== Args={'value': 0, 'prev_value': None, 'change': True}
2024-10-14 21:56:48,617 : INFO : EventManager : Event: ======'machine_var_audits_switches_s_b_rollover_loop'====== Args={'value': 0, 'prev_value': None, 'change': True}
2024-10-14 21:56:48,617 : INFO : EventManager : Event: ======'machine_var_audits_switches_s_b_rollover_misc'====== Args={'value': 0, 'prev_value': None, 'change': True}
2024-10-14 21:56:48,617 : INFO : EventManager : Event: ======'machine_var_audits_switches_s_b_target_left'====== Args={'value': 0, 'prev_value': None, 'change': True}
2024-10-14 21:56:48,617 : INFO : EventManager : Event: ======'machine_var_audits_switches_s_b_target_right'====== Args={'value': 0, 'prev_value': None, 'change': True}
2024-10-14 21:56:48,617 : INFO : EventManager : Event: ======'machine_var_audits_switches_s_bot'====== Args={'value': 0, 'prev_value': None, 'change': True}
2024-10-14 21:56:48,617 : INFO : EventManager : Event: ======'machine_var_audits_switches_s_bot_mid'====== Args={'value': 0, 'prev_value': None, 'change': True}
2024-10-14 21:56:48,617 : INFO : EventManager : Event: ======'machine_var_audits_switches_s_captive_l'====== Args={'value': 0, 'prev_value': None, 'change': True}
2024-10-14 21:56:48,617 : INFO : EventManager : Event: ======'machine_var_audits_switches_s_captive_r'====== Args={'value': 0, 'prev_value': None, 'change': True}
2024-10-14 21:56:48,617 : INFO : EventManager : Event: ======'machine_var_audits_switches_s_drop_l'====== Args={'value': 0, 'prev_value': None, 'change': True}
2024-10-14 21:56:48,617 : INFO : EventManager : Event: ======'machine_var_audits_switches_s_drop_m'====== Args={'value': 1, 'prev_value': None, 'change': True}
2024-10-14 21:56:48,618 : INFO : EventManager : Event: ======'machine_var_audits_switches_s_drop_r'====== Args={'value': 0, 'prev_value': None, 'change': True}
2024-10-14 21:56:48,618 : INFO : EventManager : Event: ======'machine_var_audits_switches_s_drop_single'====== Args={'value': 0, 'prev_value': None, 'change': True}
2024-10-14 21:56:48,618 : INFO : EventManager : Event: ======'machine_var_audits_switches_s_flipper_but_l_1'====== Args={'value': 52, 'prev_value': None, 'change': True}
2024-10-14 21:56:48,618 : INFO : EventManager : Event: ======'machine_var_audits_switches_s_flipper_but_l_2'====== Args={'value': 50, 'prev_value': None, 'change': True}
2024-10-14 21:56:48,618 : INFO : EventManager : Event: ======'machine_var_audits_switches_s_flipper_but_r_1'====== Args={'value': 43, 'prev_value': None, 'change': True}
2024-10-14 21:56:48,618 : INFO : EventManager : Event: ======'machine_var_audits_switches_s_flipper_but_r_2'====== Args={'value': 41, 'prev_value': None, 'change': True}
2024-10-14 21:56:48,618 : INFO : EventManager : Event: ======'machine_var_audits_switches_s_flipper_l'====== Args={'value': 60, 'prev_value': None, 'change': True}
2024-10-14 21:56:48,618 : INFO : EventManager : Event: ======'machine_var_audits_switches_s_flipper_r'====== Args={'value': 70, 'prev_value': None, 'change': True}
2024-10-14 21:56:48,618 : INFO : EventManager : Event: ======'machine_var_audits_switches_s_flipper_upper_l'====== Args={'value': 45, 'prev_value': None, 'change': True}
2024-10-14 21:56:48,618 : INFO : EventManager : Event: ======'machine_var_audits_switches_s_inlane_l'====== Args={'value': 1, 'prev_value': None, 'change': True}
2024-10-14 21:56:48,618 : INFO : EventManager : Event: ======'machine_var_audits_switches_s_inlane_r'====== Args={'value': 5, 'prev_value': None, 'change': True}
2024-10-14 21:56:48,619 : INFO : EventManager : Event: ======'machine_var_audits_switches_s_kicker_orbit'====== Args={'value': 2, 'prev_value': None, 'change': True}
2024-10-14 21:56:48,619 : INFO : EventManager : Event: ======'machine_var_audits_switches_s_kicking_target'====== Args={'value': 8, 'prev_value': None, 'change': True}
2024-10-14 21:56:48,619 : INFO : EventManager : Event: ======'machine_var_audits_switches_s_launch'====== Args={'value': 10, 'prev_value': None, 'change': True}
2024-10-14 21:56:48,619 : INFO : EventManager : Event: ======'machine_var_audits_switches_s_lock_1'====== Args={'value': 0, 'prev_value': None, 'change': True}
2024-10-14 21:56:48,619 : INFO : EventManager : Event: ======'machine_var_audits_switches_s_lock_2'====== Args={'value': 0, 'prev_value': None, 'change': True}
2024-10-14 21:56:48,619 : INFO : EventManager : Event: ======'machine_var_audits_switches_s_lock_3'====== Args={'value': 0, 'prev_value': None, 'change': True}
2024-10-14 21:56:48,619 : INFO : EventManager : Event: ======'machine_var_audits_switches_s_lower_orbit'====== Args={'value': 0, 'prev_value': None, 'change': True}
2024-10-14 21:56:48,619 : INFO : EventManager : Event: ======'machine_var_audits_switches_s_lower_single'====== Args={'value': 0, 'prev_value': None, 'change': True}
2024-10-14 21:56:48,619 : INFO : EventManager : Event: ======'machine_var_audits_switches_s_lower_sling'====== Args={'value': 0, 'prev_value': None, 'change': True}
2024-10-14 21:56:48,620 : INFO : EventManager : Event: ======'machine_var_audits_switches_s_lower_transfer'====== Args={'value': 0, 'prev_value': None, 'change': True}
2024-10-14 21:56:48,620 : INFO : EventManager : Event: ======'machine_var_audits_switches_s_lower_vuk'====== Args={'value': 5, 'prev_value': None, 'change': True}
2024-10-14 21:56:48,620 : INFO : EventManager : Event: ======'machine_var_audits_switches_s_middle_scoop'====== Args={'value': 2, 'prev_value': None, 'change': True}
2024-10-14 21:56:48,620 : INFO : EventManager : Event: ======'machine_var_audits_switches_s_orbit_small_l'====== Args={'value': 3, 'prev_value': None, 'change': True}
2024-10-14 21:56:48,620 : INFO : EventManager : Event: ======'machine_var_audits_switches_s_orbit_small_r'====== Args={'value': 1, 'prev_value': None, 'change': True}
2024-10-14 21:56:48,620 : INFO : EventManager : Event: ======'machine_var_audits_switches_s_outlane_l'====== Args={'value': 0, 'prev_value': None, 'change': True}
2024-10-14 21:56:48,620 : INFO : EventManager : Event: ======'machine_var_audits_switches_s_outlane_r'====== Args={'value': 0, 'prev_value': None, 'change': True}
2024-10-14 21:56:48,620 : INFO : EventManager : Event: ======'machine_var_audits_switches_s_pop'====== Args={'value': 6, 'prev_value': None, 'change': True}
2024-10-14 21:56:48,620 : INFO : EventManager : Event: ======'machine_var_audits_switches_s_scissor_save'====== Args={'value': 0, 'prev_value': None, 'change': True}
2024-10-14 21:56:48,621 : INFO : EventManager : Event: ======'machine_var_audits_switches_s_sling_l'====== Args={'value': 6, 'prev_value': None, 'change': True}
2024-10-14 21:56:48,621 : INFO : EventManager : Event: ======'machine_var_audits_switches_s_start'====== Args={'value': 0, 'prev_value': None, 'change': True}
2024-10-14 21:56:48,621 : INFO : EventManager : Event: ======'machine_var_audits_switches_s_stationary_l'====== Args={'value': 2, 'prev_value': None, 'change': True}
2024-10-14 21:56:48,621 : INFO : EventManager : Event: ======'machine_var_audits_switches_s_stationary_m'====== Args={'value': 3, 'prev_value': None, 'change': True}
2024-10-14 21:56:48,621 : INFO : EventManager : Event: ======'machine_var_audits_switches_s_stationary_r'====== Args={'value': 1, 'prev_value': None, 'change': True}
2024-10-14 21:56:48,621 : INFO : EventManager : Event: ======'machine_var_audits_switches_s_subway'====== Args={'value': 3, 'prev_value': None, 'change': True}
2024-10-14 21:56:48,621 : INFO : EventManager : Event: ======'machine_var_audits_switches_s_tilt'====== Args={'value': 0, 'prev_value': None, 'change': True}
2024-10-14 21:56:48,621 : INFO : EventManager : Event: ======'machine_var_audits_switches_s_top'====== Args={'value': 0, 'prev_value': None, 'change': True}
2024-10-14 21:56:48,622 : INFO : EventManager : Event: ======'machine_var_audits_switches_s_top_mid'====== Args={'value': 0, 'prev_value': None, 'change': True}
2024-10-14 21:56:48,622 : INFO : EventManager : Event: ======'machine_var_audits_switches_s_trough_1'====== Args={'value': 9, 'prev_value': None, 'change': True}
2024-10-14 21:56:48,622 : INFO : EventManager : Event: ======'machine_var_audits_switches_s_trough_2'====== Args={'value': 4, 'prev_value': None, 'change': True}
2024-10-14 21:56:48,622 : INFO : EventManager : Event: ======'machine_var_audits_switches_s_trough_3'====== Args={'value': 5, 'prev_value': None, 'change': True}
2024-10-14 21:56:48,622 : INFO : EventManager : Event: ======'machine_var_audits_switches_s_trough_4'====== Args={'value': 11, 'prev_value': None, 'change': True}
2024-10-14 21:56:48,622 : INFO : EventManager : Event: ======'machine_var_audits_switches_s_trough_5'====== Args={'value': 4, 'prev_value': None, 'change': True}
2024-10-14 21:56:48,622 : INFO : EventManager : Event: ======'machine_var_audits_switches_s_trough_6'====== Args={'value': 8, 'prev_value': None, 'change': True}
2024-10-14 21:56:48,622 : INFO : EventManager : Event: ======'machine_var_audits_switches_s_trough_jam'====== Args={'value': 8, 'prev_value': None, 'change': True}
2024-10-14 21:56:48,622 : INFO : EventManager : Event: ======'machine_var_audits_switches_s_u_lane_l'====== Args={'value': 0, 'prev_value': None, 'change': True}
2024-10-14 21:56:48,623 : INFO : EventManager : Event: ======'machine_var_audits_switches_s_u_lane_r'====== Args={'value': 0, 'prev_value': None, 'change': True}
2024-10-14 21:56:48,623 : INFO : EventManager : Event: ======'machine_var_audits_switches_s_u_rollover'====== Args={'value': 0, 'prev_value': None, 'change': True}
2024-10-14 21:56:48,623 : INFO : EventManager : Event: ======'machine_var_audits_switches_s_u_target'====== Args={'value': 0, 'prev_value': None, 'change': True}
2024-10-14 21:56:48,623 : INFO : EventManager : Event: ======'machine_var_audits_switches_s_vuk_back'====== Args={'value': 1, 'prev_value': None, 'change': True}
2024-10-14 21:56:48,623 : INFO : EventManager : Event: ======'machine_var_audits_switches_s_vuk_upper'====== Args={'value': 23, 'prev_value': None, 'change': True}
2024-10-14 21:56:48,624 : INFO : EventManager : Event: ======'init_phase_5'====== Args={}
2024-10-14 21:56:48,624 : INFO : EventManager : Event: ======'init_done'====== Args={}
2024-10-14 21:56:48,624 : INFO : EventManager : Event: ======'machine_reset_phase_1'====== Args={}
2024-10-14 21:56:48,631 : INFO : EventManager : Event: ======'machine_reset_phase_2'====== Args={}
2024-10-14 21:56:48,632 : INFO : EventManager : Event: ======'machine_reset_phase_3'====== Args={}
2024-10-14 21:56:48,632 : INFO : EventManager : Event: ======'reset_complete'====== Args={}
2024-10-14 21:56:48,632 : INFO : EventManager : Event: ======'mode_attract_will_start'====== Args={}
2024-10-14 21:56:48,632 : INFO : EventManager : Event: ======'mode_attract_starting'====== Args={}
2024-10-14 21:56:48,632 : INFO : Mode.attract : Started. Priority: 10
2024-10-14 21:56:48,632 : INFO : EventManager : Event: ======'modes_active_modes_changed'====== Args={}
2024-10-14 21:56:48,632 : INFO : EventManager : Event: ======'mode_attract_started'====== Args={}
2024-10-14 21:56:48,632 : INFO : EventManager : Event: ======'collecting_balls'====== Args={}
2024-10-14 21:56:48,632 : INFO : ball_device.bd_kicker_orbit : Adding 1 ball(s) to the eject_queue with target <playfield.playfield>.
2024-10-14 21:56:48,632 : INFO : EventManager : Event: ======'balldevice_balls_available'====== Args={}
2024-10-14 21:56:48,632 : INFO : ball_device.bd_autolauncher : Adding 1 ball(s) to the eject_queue with target <playfield.playfield>.
2024-10-14 21:56:48,632 : INFO : EventManager : Event: ======'balldevice_balls_available'====== Args={}
2024-10-14 21:56:48,632 : INFO : Machine : Starting the main run loop.
2024-10-14 21:56:48,632 : INFO : ball_device.bd_kicker_orbit : State: waiting_for_target_ready
2024-10-14 21:56:48,633 : INFO : EventManager : Event: ======'balldevice_bd_kicker_orbit_ball_eject_attempt'====== Args={'balls': 1, 'target': <playfield.playfield>, 'source': <ball_device.bd_kicker_orbit>, 'mechanical_eject': False, 'num_attempts': 0}
2024-10-14 21:56:48,633 : INFO : ball_device.bd_autolauncher : State: waiting_for_target_ready
2024-10-14 21:56:48,633 : INFO : EventManager : Event: ======'balldevice_bd_autolauncher_ball_eject_attempt'====== Args={'balls': 1, 'target': <playfield.playfield>, 'source': <ball_device.bd_autolauncher>, 'mechanical_eject': False, 'num_attempts': 0}
2024-10-14 21:56:48,633 : INFO : ball_device.bd_autolauncher : State: ejecting
2024-10-14 21:56:48,633 : INFO : ball_device.bd_autolauncher : Ejecting ball to <playfield.playfield>
2024-10-14 21:56:48,633 : INFO : EventManager : Event: ======'balldevice_bd_autolauncher_ejecting_ball'====== Args={'balls': 1, 'target': <playfield.playfield>, 'source': <ball_device.bd_autolauncher>, 'mechanical_eject': False, 'num_attempts': 0}
2024-10-14 21:56:48,633 : INFO : ball_device.bd_kicker_orbit : State: ejecting
2024-10-14 21:56:48,633 : INFO : ball_device.bd_kicker_orbit : Ejecting ball to <playfield.playfield>
2024-10-14 21:56:48,633 : INFO : EventManager : Event: ======'balldevice_bd_kicker_orbit_ejecting_ball'====== Args={'balls': 1, 'target': <playfield.playfield>, 'source': <ball_device.bd_kicker_orbit>, 'mechanical_eject': False, 'num_attempts': 0}
2024-10-14 21:56:48,633 : INFO : ball_device.bd_kicker_orbit : Wait for ball to leave device
2024-10-14 21:56:48,633 : INFO : coil.c_kicker_orbit : Pulsing Driver for 20ms (1.0 pulse_power)
2024-10-14 21:56:48,633 : INFO : ball_device.bd_autolauncher : Wait for ball to leave device
2024-10-14 21:56:48,657 : INFO : SwitchController : <<<<<<< 's_kicker_orbit' inactive >>>>>>>
2024-10-14 21:56:48,657 : INFO : ball_device.bd_kicker_orbit : State: ball_left
2024-10-14 21:56:48,657 : INFO : ball_device.bd_kicker_orbit : Ball left
2024-10-14 21:56:48,658 : INFO : ball_device.bd_kicker_orbit : Wait for confirm with timeout 1.0
2024-10-14 21:56:48,664 : INFO : coil.c_autolauncher : Pulsing Driver for 15ms (1.0 pulse_power)
2024-10-14 21:56:48,685 : INFO : SwitchController : <<<<<<< 's_autolauncher' inactive >>>>>>>
2024-10-14 21:56:48,686 : INFO : ball_device.bd_autolauncher : State: ball_left
2024-10-14 21:56:48,686 : INFO : ball_device.bd_autolauncher : Ball left
2024-10-14 21:56:48,686 : INFO : ball_device.bd_autolauncher : Wait for confirm with timeout 3.0
2024-10-14 21:56:49,256 : INFO : SwitchController : <<<<<<< 's_vuk_back' active >>>>>>>
2024-10-14 21:56:49,659 : INFO : ball_device.bd_kicker_orbit : State: failed_confirm
2024-10-14 21:56:49,660 : INFO : ball_device.bd_kicker_orbit : Got timeout (1.0s) before confirm from <playfield.playfield>
2024-10-14 21:56:49,758 : INFO : EventManager : Event: ======'balldevice_bd_vuk_back_ball_count_changed'====== Args={'balls': 1}
2024-10-14 21:56:49,758 : INFO : ball_device.bd_vuk_back : Received unexpected ball
2024-10-14 21:56:49,758 : INFO : EventManager : Event: ======'balldevice_captured_from_playfield'====== Args={'balls': 1}
2024-10-14 21:56:49,758 : INFO : EventManager : Event: ======'sw_playfield_active'====== Args={'balls': 1}
2024-10-14 21:56:49,759 : INFO : EventManager : Event: ======'playfield_active'====== Args={}
2024-10-14 21:56:49,759 : INFO : EventManager : Event: ======'playfield_ball_count_change'====== Args={'balls': -1, 'change': -1}
2024-10-14 21:56:49,760 : INFO : EventManager : Event: ======'balldevice_bd_vuk_back_ball_enter'====== Args={'new_balls': 1, 'unclaimed_balls': 1, 'new_available_balls': 1, 'device': <ball_device.bd_vuk_back>}
2024-10-14 21:56:49,760 : INFO : ball_device.bd_vuk_back : Ejecting 1 unexpected balls using path deque([<ball_device.bd_vuk_back>, <playfield.playfield>])
2024-10-14 21:56:49,760 : INFO : EventManager : Event: ======'balldevice_balls_available'====== Args={}
2024-10-14 21:56:49,760 : INFO : EventManager : Event: ======'balldevice_balls_available'====== Args={}
2024-10-14 21:56:49,760 : INFO : EventManager : Event: ======'balldevice_bd_vuk_back_ball_entered'====== Args={'new_balls': 1, 'device': <ball_device.bd_vuk_back>}
2024-10-14 21:56:49,761 : INFO : ball_device.bd_kicker_orbit : Confirming eject because target is playfield and ball did not return.
2024-10-14 21:56:49,761 : INFO : ball_device.bd_kicker_orbit : Eject successful
2024-10-14 21:56:49,761 : INFO : EventManager : Event: ======'balldevice_bd_kicker_orbit_ball_eject_success'====== Args={'balls': 1, 'target': <playfield.playfield>}
2024-10-14 21:56:49,761 : INFO : EventManager : Event: ======'balldevice_playfield_ball_enter'====== Args={'new_balls': 1, 'unclaimed_balls': 1, 'device': <playfield.playfield>}
2024-10-14 21:56:49,761 : INFO : EventManager : Event: ======'playfield_ball_count_change'====== Args={'balls': 0, 'change': 1}
2024-10-14 21:56:49,761 : INFO : EventManager : Event: ======'balldevice_bd_kicker_orbit_ball_count_changed'====== Args={'balls': 0}
2024-10-14 21:56:49,761 : INFO : ball_device.bd_kicker_orbit : State: idle
2024-10-14 21:56:49,762 : INFO : ball_device.bd_vuk_back : State: waiting_for_target_ready
2024-10-14 21:56:49,762 : INFO : EventManager : Event: ======'balldevice_bd_vuk_back_ball_eject_attempt'====== Args={'balls': 1, 'target': <playfield.playfield>, 'source': <ball_device.bd_vuk_back>, 'mechanical_eject': False, 'num_attempts': 0}
2024-10-14 21:56:49,762 : INFO : ball_device.bd_vuk_back : State: ejecting
2024-10-14 21:56:49,762 : INFO : ball_device.bd_vuk_back : Ejecting ball to <playfield.playfield>
2024-10-14 21:56:49,762 : INFO : EventManager : Event: ======'balldevice_bd_vuk_back_ejecting_ball'====== Args={'balls': 1, 'target': <playfield.playfield>, 'source': <ball_device.bd_vuk_back>, 'mechanical_eject': False, 'num_attempts': 0}
2024-10-14 21:56:49,763 : INFO : ball_device.bd_vuk_back : Wait for ball to leave device
2024-10-14 21:56:49,763 : INFO : coil.c_vuk_back : Pulsing Driver for 30ms (1.0 pulse_power)
2024-10-14 21:56:49,805 : INFO : SwitchController : <<<<<<< 's_pop' active >>>>>>>
2024-10-14 21:56:49,830 : INFO : SwitchController : <<<<<<< 's_pop' inactive >>>>>>>
2024-10-14 21:56:49,831 : INFO : SwitchController : <<<<<<< 's_vuk_back' inactive >>>>>>>
2024-10-14 21:56:49,831 : INFO : ball_device.bd_vuk_back : State: ball_left
2024-10-14 21:56:49,831 : INFO : ball_device.bd_vuk_back : Ball left
2024-10-14 21:56:49,831 : INFO : ball_device.bd_vuk_back : Wait for confirm with timeout 2.0
2024-10-14 21:56:51,687 : INFO : ball_device.bd_autolauncher : State: failed_confirm
2024-10-14 21:56:51,687 : INFO : ball_device.bd_autolauncher : Got timeout (3.0s) before confirm from <playfield.playfield>
2024-10-14 21:56:51,789 : INFO : ball_device.bd_autolauncher : Confirming eject because target is playfield and ball did not return.
2024-10-14 21:56:51,790 : INFO : ball_device.bd_autolauncher : Eject successful
2024-10-14 21:56:51,790 : INFO : EventManager : Event: ======'balldevice_bd_autolauncher_ball_eject_success'====== Args={'balls': 1, 'target': <playfield.playfield>}
2024-10-14 21:56:51,790 : INFO : EventManager : Event: ======'balldevice_playfield_ball_enter'====== Args={'new_balls': 1, 'unclaimed_balls': 1, 'device': <playfield.playfield>}
2024-10-14 21:56:51,791 : INFO : EventManager : Event: ======'playfield_ball_count_change'====== Args={'balls': 1, 'change': 1}
2024-10-14 21:56:51,791 : INFO : EventManager : Event: ======'balldevice_bd_autolauncher_ball_count_changed'====== Args={'balls': 0}
2024-10-14 21:56:51,791 : INFO : ball_device.bd_autolauncher : State: idle
2024-10-14 21:56:51,832 : INFO : ball_device.bd_vuk_back : State: failed_confirm
2024-10-14 21:56:51,833 : INFO : ball_device.bd_vuk_back : Got timeout (2.0s) before confirm from <playfield.playfield>
2024-10-14 21:56:51,934 : INFO : ball_device.bd_vuk_back : Confirming eject because target is playfield and ball did not return.
2024-10-14 21:56:51,935 : INFO : ball_device.bd_vuk_back : Eject successful
2024-10-14 21:56:51,935 : INFO : EventManager : Event: ======'balldevice_bd_vuk_back_ball_eject_success'====== Args={'balls': 1, 'target': <playfield.playfield>}
2024-10-14 21:56:51,936 : INFO : EventManager : Event: ======'balldevice_playfield_ball_enter'====== Args={'new_balls': 1, 'unclaimed_balls': 1, 'device': <playfield.playfield>}
2024-10-14 21:56:51,936 : INFO : EventManager : Event: ======'playfield_ball_count_change'====== Args={'balls': 2, 'change': 1}
2024-10-14 21:56:51,937 : INFO : EventManager : Event: ======'balldevice_bd_vuk_back_ball_count_changed'====== Args={'balls': 0}
2024-10-14 21:56:51,937 : INFO : ball_device.bd_vuk_back : State: idle
2024-10-14 21:56:52,500 : INFO : SwitchController : <<<<<<< 's_inlane_r' active >>>>>>>
2024-10-14 21:56:52,553 : INFO : SwitchController : <<<<<<< 's_inlane_r' inactive >>>>>>>
2024-10-14 21:56:52,591 : INFO : SwitchController : <<<<<<< 's_trough_4' active >>>>>>>
2024-10-14 21:56:52,647 : INFO : SwitchController : <<<<<<< 's_trough_6' active >>>>>>>
2024-10-14 21:56:52,789 : INFO : SwitchController : <<<<<<< 's_trough_6' inactive >>>>>>>
2024-10-14 21:56:52,797 : INFO : SwitchController : <<<<<<< 's_trough_6' active >>>>>>>
2024-10-14 21:56:52,859 : INFO : SwitchController : <<<<<<< 's_trough_5' active >>>>>>>
2024-10-14 21:56:52,944 : INFO : SwitchController : <<<<<<< 's_trough_5' inactive >>>>>>>
2024-10-14 21:56:53,068 : INFO : SwitchController : <<<<<<< 's_trough_4' inactive >>>>>>>
2024-10-14 21:56:53,105 : INFO : SwitchController : <<<<<<< 's_trough_3' active >>>>>>>
2024-10-14 21:56:53,171 : INFO : SwitchController : <<<<<<< 's_trough_3' inactive >>>>>>>
2024-10-14 21:56:53,209 : INFO : SwitchController : <<<<<<< 's_trough_2' active >>>>>>>
2024-10-14 21:56:53,261 : INFO : SwitchController : <<<<<<< 's_trough_6' inactive >>>>>>>
2024-10-14 21:56:53,264 : INFO : SwitchController : <<<<<<< 's_trough_2' inactive >>>>>>>
2024-10-14 21:56:53,286 : INFO : SwitchController : <<<<<<< 's_trough_1' active >>>>>>>
2024-10-14 21:56:53,320 : INFO : SwitchController : <<<<<<< 's_trough_6' active >>>>>>>
2024-10-14 21:56:53,372 : INFO : SwitchController : <<<<<<< 's_trough_6' inactive >>>>>>>
2024-10-14 21:56:53,376 : INFO : SwitchController : <<<<<<< 's_trough_4' active >>>>>>>
2024-10-14 21:56:53,397 : INFO : SwitchController : <<<<<<< 's_trough_1' inactive >>>>>>>
2024-10-14 21:56:53,419 : INFO : SwitchController : <<<<<<< 's_trough_4' inactive >>>>>>>
2024-10-14 21:56:53,459 : INFO : SwitchController : <<<<<<< 's_trough_1' active >>>>>>>
2024-10-14 21:56:53,637 : INFO : SwitchController : <<<<<<< 's_trough_4' active >>>>>>>
2024-10-14 21:56:53,965 : INFO : EventManager : Event: ======'balldevice_bd_trough_ball_count_changed'====== Args={'balls': 1}
2024-10-14 21:56:53,965 : INFO : ball_device.bd_trough : Received unexpected ball
2024-10-14 21:56:53,965 : INFO : EventManager : Event: ======'balldevice_captured_from_playfield'====== Args={'balls': 1}
2024-10-14 21:56:53,965 : INFO : EventManager : Event: ======'sw_playfield_active'====== Args={'balls': 1}
2024-10-14 21:56:53,965 : INFO : EventManager : Event: ======'playfield_ball_count_change'====== Args={'balls': 1, 'change': -1}
2024-10-14 21:56:53,966 : INFO : EventManager : Event: ======'balldevice_bd_trough_ball_enter'====== Args={'new_balls': 1, 'unclaimed_balls': 1, 'new_available_balls': 1, 'device': <ball_device.bd_trough>}
2024-10-14 21:56:53,966 : INFO : EventManager : Event: ======'ball_drain'====== Args={'device': <ball_device.bd_trough>, 'balls': 1}
2024-10-14 21:56:53,966 : INFO : EventManager : Event: ======'balldevice_balls_available'====== Args={}
2024-10-14 21:56:53,966 : INFO : EventManager : Event: ======'balldevice_bd_trough_ball_entered'====== Args={'new_balls': 1, 'device': <ball_device.bd_trough>}
2024-10-14 21:56:54,164 : INFO : SwitchController : <<<<<<< 's_trough_4' inactive >>>>>>>
2024-10-14 21:56:56,535 : INFO : SwitchController : <<<<<<< 's_kicker_orbit' active >>>>>>>
2024-10-14 21:56:57,037 : INFO : EventManager : Event: ======'balldevice_bd_kicker_orbit_ball_count_changed'====== Args={'balls': 1}
2024-10-14 21:56:57,037 : INFO : ball_device.bd_kicker_orbit : Received unexpected ball
2024-10-14 21:56:57,037 : INFO : EventManager : Event: ======'balldevice_captured_from_playfield'====== Args={'balls': 1}
2024-10-14 21:56:57,038 : INFO : EventManager : Event: ======'sw_playfield_active'====== Args={'balls': 1}
2024-10-14 21:56:57,038 : INFO : EventManager : Event: ======'playfield_ball_count_change'====== Args={'balls': 0, 'change': -1}
2024-10-14 21:56:57,039 : INFO : EventManager : Event: ======'balldevice_bd_kicker_orbit_ball_enter'====== Args={'new_balls': 1, 'unclaimed_balls': 1, 'new_available_balls': 1, 'device': <ball_device.bd_kicker_orbit>}
2024-10-14 21:56:57,040 : INFO : ball_device.bd_kicker_orbit : Ejecting 1 unexpected balls using path deque([<ball_device.bd_kicker_orbit>, <playfield.playfield>])
2024-10-14 21:56:57,040 : INFO : EventManager : Event: ======'balldevice_balls_available'====== Args={}
2024-10-14 21:56:57,040 : INFO : EventManager : Event: ======'balldevice_balls_available'====== Args={}
2024-10-14 21:56:57,040 : INFO : EventManager : Event: ======'balldevice_bd_kicker_orbit_ball_entered'====== Args={'new_balls': 1, 'device': <ball_device.bd_kicker_orbit>}
2024-10-14 21:56:57,041 : INFO : ball_device.bd_kicker_orbit : State: waiting_for_target_ready
2024-10-14 21:56:57,041 : INFO : EventManager : Event: ======'balldevice_bd_kicker_orbit_ball_eject_attempt'====== Args={'balls': 1, 'target': <playfield.playfield>, 'source': <ball_device.bd_kicker_orbit>, 'mechanical_eject': False, 'num_attempts': 0}
2024-10-14 21:56:57,041 : INFO : ball_device.bd_kicker_orbit : State: ejecting
2024-10-14 21:56:57,042 : INFO : ball_device.bd_kicker_orbit : Ejecting ball to <playfield.playfield>
2024-10-14 21:56:57,042 : INFO : EventManager : Event: ======'balldevice_bd_kicker_orbit_ejecting_ball'====== Args={'balls': 1, 'target': <playfield.playfield>, 'source': <ball_device.bd_kicker_orbit>, 'mechanical_eject': False, 'num_attempts': 0}
2024-10-14 21:56:57,042 : INFO : ball_device.bd_kicker_orbit : Wait for ball to leave device
2024-10-14 21:56:57,042 : INFO : coil.c_kicker_orbit : Pulsing Driver for 20ms (1.0 pulse_power)
2024-10-14 21:56:57,067 : INFO : SwitchController : <<<<<<< 's_kicker_orbit' inactive >>>>>>>
2024-10-14 21:56:57,068 : INFO : ball_device.bd_kicker_orbit : State: ball_left
2024-10-14 21:56:57,068 : INFO : ball_device.bd_kicker_orbit : Ball left
2024-10-14 21:56:57,068 : INFO : ball_device.bd_kicker_orbit : Wait for confirm with timeout 1.0
2024-10-14 21:56:58,070 : INFO : ball_device.bd_kicker_orbit : State: failed_confirm
2024-10-14 21:56:58,070 : INFO : ball_device.bd_kicker_orbit : Got timeout (1.0s) before confirm from <playfield.playfield>
2024-10-14 21:56:58,172 : INFO : ball_device.bd_kicker_orbit : Confirming eject because target is playfield and ball did not return.
2024-10-14 21:56:58,173 : INFO : ball_device.bd_kicker_orbit : Eject successful
2024-10-14 21:56:58,173 : INFO : EventManager : Event: ======'balldevice_bd_kicker_orbit_ball_eject_success'====== Args={'balls': 1, 'target': <playfield.playfield>}
2024-10-14 21:56:58,174 : INFO : EventManager : Event: ======'balldevice_playfield_ball_enter'====== Args={'new_balls': 1, 'unclaimed_balls': 1, 'device': <playfield.playfield>}
2024-10-14 21:56:58,174 : INFO : EventManager : Event: ======'playfield_ball_count_change'====== Args={'balls': 1, 'change': 1}
2024-10-14 21:56:58,174 : INFO : EventManager : Event: ======'balldevice_bd_kicker_orbit_ball_count_changed'====== Args={'balls': 0}
2024-10-14 21:56:58,175 : INFO : ball_device.bd_kicker_orbit : State: idle
2024-10-14 21:57:05,098 : INFO : SwitchController : <<<<<<< 's_kicker_orbit' active >>>>>>>
2024-10-14 21:57:05,126 : INFO : SwitchController : <<<<<<< 's_kicker_orbit' inactive >>>>>>>
2024-10-14 21:57:05,269 : INFO : SwitchController : <<<<<<< 's_kicker_orbit' active >>>>>>>
2024-10-14 21:57:05,771 : INFO : EventManager : Event: ======'balldevice_bd_kicker_orbit_ball_count_changed'====== Args={'balls': 1}
2024-10-14 21:57:05,771 : INFO : ball_device.bd_kicker_orbit : Received unexpected ball
2024-10-14 21:57:05,772 : INFO : EventManager : Event: ======'balldevice_captured_from_playfield'====== Args={'balls': 1}
2024-10-14 21:57:05,772 : INFO : EventManager : Event: ======'sw_playfield_active'====== Args={'balls': 1}
2024-10-14 21:57:05,772 : INFO : EventManager : Event: ======'playfield_ball_count_change'====== Args={'balls': 0, 'change': -1}
2024-10-14 21:57:05,773 : INFO : EventManager : Event: ======'balldevice_bd_kicker_orbit_ball_enter'====== Args={'new_balls': 1, 'unclaimed_balls': 1, 'new_available_balls': 1, 'device': <ball_device.bd_kicker_orbit>}
2024-10-14 21:57:05,774 : INFO : ball_device.bd_kicker_orbit : Ejecting 1 unexpected balls using path deque([<ball_device.bd_kicker_orbit>, <playfield.playfield>])
2024-10-14 21:57:05,774 : INFO : EventManager : Event: ======'balldevice_balls_available'====== Args={}
2024-10-14 21:57:05,774 : INFO : EventManager : Event: ======'balldevice_balls_available'====== Args={}
2024-10-14 21:57:05,774 : INFO : EventManager : Event: ======'balldevice_bd_kicker_orbit_ball_entered'====== Args={'new_balls': 1, 'device': <ball_device.bd_kicker_orbit>}
2024-10-14 21:57:05,775 : INFO : ball_device.bd_kicker_orbit : State: waiting_for_target_ready
2024-10-14 21:57:05,776 : INFO : EventManager : Event: ======'balldevice_bd_kicker_orbit_ball_eject_attempt'====== Args={'balls': 1, 'target': <playfield.playfield>, 'source': <ball_device.bd_kicker_orbit>, 'mechanical_eject': False, 'num_attempts': 0}
2024-10-14 21:57:05,776 : INFO : ball_device.bd_kicker_orbit : State: ejecting
2024-10-14 21:57:05,776 : INFO : ball_device.bd_kicker_orbit : Ejecting ball to <playfield.playfield>
2024-10-14 21:57:05,776 : INFO : EventManager : Event: ======'balldevice_bd_kicker_orbit_ejecting_ball'====== Args={'balls': 1, 'target': <playfield.playfield>, 'source': <ball_device.bd_kicker_orbit>, 'mechanical_eject': False, 'num_attempts': 0}
2024-10-14 21:57:05,777 : INFO : ball_device.bd_kicker_orbit : Wait for ball to leave device
2024-10-14 21:57:05,777 : INFO : coil.c_kicker_orbit : Pulsing Driver for 20ms (1.0 pulse_power)
2024-10-14 21:57:05,802 : INFO : SwitchController : <<<<<<< 's_kicker_orbit' inactive >>>>>>>
2024-10-14 21:57:05,803 : INFO : ball_device.bd_kicker_orbit : State: ball_left
2024-10-14 21:57:05,803 : INFO : ball_device.bd_kicker_orbit : Ball left
2024-10-14 21:57:05,803 : INFO : ball_device.bd_kicker_orbit : Wait for confirm with timeout 1.0
2024-10-14 21:57:06,285 : INFO : SwitchController : <<<<<<< 's_orbit_small_l' active >>>>>>>
2024-10-14 21:57:06,313 : INFO : SwitchController : <<<<<<< 's_orbit_small_l' inactive >>>>>>>
2024-10-14 21:57:06,804 : INFO : ball_device.bd_kicker_orbit : State: failed_confirm
2024-10-14 21:57:06,804 : INFO : ball_device.bd_kicker_orbit : Got timeout (1.0s) before confirm from <playfield.playfield>
2024-10-14 21:57:06,906 : INFO : ball_device.bd_kicker_orbit : Confirming eject because target is playfield and ball did not return.
2024-10-14 21:57:06,906 : INFO : ball_device.bd_kicker_orbit : Eject successful
2024-10-14 21:57:06,907 : INFO : EventManager : Event: ======'balldevice_bd_kicker_orbit_ball_eject_success'====== Args={'balls': 1, 'target': <playfield.playfield>}
2024-10-14 21:57:06,907 : INFO : EventManager : Event: ======'balldevice_playfield_ball_enter'====== Args={'new_balls': 1, 'unclaimed_balls': 1, 'device': <playfield.playfield>}
2024-10-14 21:57:06,907 : INFO : EventManager : Event: ======'playfield_ball_count_change'====== Args={'balls': 1, 'change': 1}
2024-10-14 21:57:06,908 : INFO : EventManager : Event: ======'balldevice_bd_kicker_orbit_ball_count_changed'====== Args={'balls': 0}
2024-10-14 21:57:06,908 : INFO : ball_device.bd_kicker_orbit : State: idle
2024-10-14 21:57:08,062 : INFO : SwitchController : <<<<<<< 's_trough_4' active >>>>>>>
2024-10-14 21:57:08,069 : INFO : SwitchController : <<<<<<< 's_trough_2' active >>>>>>>
2024-10-14 21:57:08,070 : INFO : SwitchController : <<<<<<< 's_trough_4' inactive >>>>>>>
2024-10-14 21:57:08,088 : INFO : SwitchController : <<<<<<< 's_trough_2' inactive >>>>>>>
2024-10-14 21:57:08,089 : INFO : SwitchController : <<<<<<< 's_trough_6' active >>>>>>>
2024-10-14 21:57:08,096 : INFO : SwitchController : <<<<<<< 's_trough_6' inactive >>>>>>>
2024-10-14 21:57:08,190 : INFO : SwitchController : <<<<<<< 's_trough_6' active >>>>>>>
2024-10-14 21:57:08,353 : INFO : SwitchController : <<<<<<< 's_trough_6' inactive >>>>>>>
2024-10-14 21:57:08,423 : INFO : SwitchController : <<<<<<< 's_trough_5' active >>>>>>>
2024-10-14 21:57:08,511 : INFO : SwitchController : <<<<<<< 's_trough_5' inactive >>>>>>>
2024-10-14 21:57:08,568 : INFO : SwitchController : <<<<<<< 's_trough_4' active >>>>>>>
2024-10-14 21:57:08,634 : INFO : SwitchController : <<<<<<< 's_trough_4' inactive >>>>>>>
2024-10-14 21:57:08,673 : INFO : SwitchController : <<<<<<< 's_trough_3' active >>>>>>>
2024-10-14 21:57:08,742 : INFO : SwitchController : <<<<<<< 's_trough_3' inactive >>>>>>>
2024-10-14 21:57:08,780 : INFO : SwitchController : <<<<<<< 's_trough_2' active >>>>>>>
2024-10-14 21:57:12,832 : INFO : SwitchController : <<<<<<< 's_start' active >>>>>>>
2024-10-14 21:57:13,019 : INFO : SwitchController : <<<<<<< 's_start' inactive >>>>>>>
2024-10-14 21:57:13,020 : INFO : EventManager : Event: ======'request_to_start_game'====== Args={}
2024-10-14 21:57:13,020 : INFO : EventManager : Event: ======'collecting_balls'====== Args={}
2024-10-14 21:57:13,021 : INFO : BallController : Known balls: 2
2024-10-14 21:57:13,021 : INFO : BallController : bd_middle_scoop contains 0 balls. Tags []
2024-10-14 21:57:13,021 : INFO : BallController : bd_trough contains 1 balls. Tags ['trough', 'home', 'drain']
2024-10-14 21:57:13,021 : INFO : BallController : bd_autolauncher contains 0 balls. Tags []
2024-10-14 21:57:13,021 : INFO : BallController : bd_kicker_orbit contains 0 balls. Tags []
2024-10-14 21:57:13,022 : INFO : BallController : bd_lower_vuk contains 0 balls. Tags []
2024-10-14 21:57:13,022 : INFO : BallController : bd_vuk_back contains 0 balls. Tags []
2024-10-14 21:57:13,022 : INFO : BallController : bd_vuk_upper contains 0 balls. Tags []
2024-10-14 21:57:13,022 : INFO : BallController : bd_b_lock contains 0 balls. Tags []
2024-10-14 21:57:13,022 : INFO : BallController : playfield contains 1 balls. Tags ['default']
2024-10-14 21:57:13,022 : WARNING : BallController : BallController denies game start. Balls are not in their home positions.
2024-10-14 21:57:14,147 : INFO : SwitchController : <<<<<<< 's_start' active >>>>>>>
2024-10-14 21:57:14,329 : INFO : SwitchController : <<<<<<< 's_start' inactive >>>>>>>
2024-10-14 21:57:14,329 : INFO : EventManager : Event: ======'request_to_start_game'====== Args={}
2024-10-14 21:57:14,330 : INFO : EventManager : Event: ======'collecting_balls'====== Args={}
2024-10-14 21:57:14,330 : INFO : BallController : Known balls: 2
2024-10-14 21:57:14,330 : INFO : BallController : bd_middle_scoop contains 0 balls. Tags []
2024-10-14 21:57:14,331 : INFO : BallController : bd_trough contains 1 balls. Tags ['trough', 'home', 'drain']
2024-10-14 21:57:14,331 : INFO : BallController : bd_autolauncher contains 0 balls. Tags []
2024-10-14 21:57:14,331 : INFO : BallController : bd_kicker_orbit contains 0 balls. Tags []
2024-10-14 21:57:14,331 : INFO : BallController : bd_lower_vuk contains 0 balls. Tags []
2024-10-14 21:57:14,331 : INFO : BallController : bd_vuk_back contains 0 balls. Tags []
2024-10-14 21:57:14,331 : INFO : BallController : bd_vuk_upper contains 0 balls. Tags []
2024-10-14 21:57:14,331 : INFO : BallController : bd_b_lock contains 0 balls. Tags []
2024-10-14 21:57:14,331 : INFO : BallController : playfield contains 1 balls. Tags ['default']
2024-10-14 21:57:14,331 : WARNING : BallController : BallController denies game start. Balls are not in their home positions.
2024-10-14 21:57:15,558 : INFO : Machine : Shutting down...
2024-10-14 21:57:15,558 : INFO : EventManager : Event: ======'shutdown'====== Args={}
2024-10-14 21:57:15,670 : INFO : root : MPF run loop ended.
