2024-10-15 19:13:08,165 : INFO : root : Loading config.
2024-10-15 19:13:08,167 : INFO : YamlMultifileConfigLoader : Machine config file #1: config.yaml
2024-10-15 19:13:08,167 : INFO : ConfigProcessor : Loading config from cache: /var/folders/l2/q8hj_6s91xnb2jxg1sqm0h7r0000gn/T/fb4db0341b09a4be02e1d6b8eab00179.mpf_cache
2024-10-15 19:13:08,197 : INFO : ConfigProcessor : Loading config from cache: /var/folders/l2/q8hj_6s91xnb2jxg1sqm0h7r0000gn/T/c7af4841f7c2cabb0f971746daddf284.mpf_cache
2024-10-15 19:13:08,197 : INFO : ConfigProcessor : Loading config from cache: /var/folders/l2/q8hj_6s91xnb2jxg1sqm0h7r0000gn/T/edcc5f1d3215b377c9faab88c62e4ce0.mpf_cache
2024-10-15 19:13:08,198 : INFO : Machine : Mission Pinball Framework Core Engine v0.57.1.dev3
2024-10-15 19:13:08,198 : INFO : Machine : Command line arguments: {'no_load_cache': False, 'create_config_cache': True, 'bcp': False, 'configfile': ['config.yaml'], 'force_assets_load': False, 'platform_integration_test': False, 'jsonlogging': False, 'logfile': 'logs/2024-10-15-19-13-08-mpf-Tanners-Laptop.local.log', 'pause': False, 'production': False, 'text_ui': True, 'loglevel': 15, 'consoleloglevel': 20, 'force_platform': None, 'syslog_address': None, 'mc_file_name': None, 'no_sound': False}
2024-10-15 19:13:08,198 : INFO : Machine : MPF path: /Library/Frameworks/Python.framework/Versions/3.9/lib/python3.9/site-packages/mpf
2024-10-15 19:13:08,198 : INFO : Machine : Machine path: /Users/tannerpetch/Documents/GitHub/trashland_4
2024-10-15 19:13:08,198 : INFO : Machine : Platform: darwin
2024-10-15 19:13:08,198 : INFO : Machine : Python executable location: /Library/Frameworks/Python.framework/Versions/3.9/bin/python3.9
2024-10-15 19:13:08,198 : INFO : Machine : Python version: 3.9.13 (64-bit)
2024-10-15 19:13:08,198 : INFO : Machine : Initializing MPF...
2024-10-15 19:13:08,229 : INFO : FAST [NET] : Trying to connect to /dev/tty.usbmodem1301 at 921600bps
2024-10-15 19:13:08,235 : INFO : FAST [NET] : Connected to /dev/tty.usbmodem1301 at 921600bps
2024-10-15 19:13:08,236 : INFO : FAST [NET] : Connected to FP-CPU-2000 with firmware v02.21
2024-10-15 19:13:08,238 : INFO : FAST [NET] : Registered I/O Board 0: Model: FP-I/O-0804, Firmware: 01.10, Switches: 8, Drivers: 4
2024-10-15 19:13:08,239 : INFO : FAST [NET] : Registered I/O Board 1: Model: FP-I/O-0804, Firmware: 01.10, Switches: 8, Drivers: 4
2024-10-15 19:13:08,240 : INFO : FAST [NET] : Registered I/O Board 2: Model: FP-I/O-3208, Firmware: 01.10, Switches: 32, Drivers: 8
2024-10-15 19:13:08,241 : INFO : FAST [NET] : Registered I/O Board 3: Model: FP-I/O-1616, Firmware: 01.10, Switches: 16, Drivers: 16
2024-10-15 19:13:08,242 : INFO : FAST [NET] : Registered I/O Board 4: Model: FP-I/O-3208, Firmware: 01.10, Switches: 32, Drivers: 8
2024-10-15 19:13:08,242 : INFO : EventManager : Event: ======'machine_var_credits_string'====== Args={'value': 'FREE PLAY', 'prev_value': None, 'change': True}
2024-10-15 19:13:08,256 : INFO : EventManager : Event: ======'machine_var_master_volume'====== Args={'value': 0.5, 'prev_value': None, 'change': True}
2024-10-15 19:13:08,256 : INFO : EventManager : Event: ======'machine_var_player1_score'====== Args={'value': 0, 'prev_value': None, 'change': True}
2024-10-15 19:13:08,256 : INFO : EventManager : Event: ======'machine_var_mpf_version'====== Args={'value': 'Mission Pinball Framework v0.57.1.dev3', 'prev_value': None, 'change': True}
2024-10-15 19:13:08,256 : INFO : EventManager : Event: ======'machine_var_mpf_extended_version'====== Args={'value': 'Mission Pinball Framework v0.57.1.dev3, Config version:6, Show version: 6, BCP version:1.1', 'prev_value': None, 'change': True}
2024-10-15 19:13:08,256 : INFO : EventManager : Event: ======'machine_var_python_version'====== Args={'value': '3.9.13', 'prev_value': None, 'change': True}
2024-10-15 19:13:08,263 : INFO : EventManager : Event: ======'machine_var_platform'====== Args={'value': 'macOS-14.3-arm64-arm-64bit', 'prev_value': None, 'change': True}
2024-10-15 19:13:08,264 : INFO : EventManager : Event: ======'machine_var_platform_system'====== Args={'value': 'Darwin', 'prev_value': None, 'change': True}
2024-10-15 19:13:08,264 : INFO : EventManager : Event: ======'machine_var_platform_release'====== Args={'value': '23.3.0', 'prev_value': None, 'change': True}
2024-10-15 19:13:08,264 : INFO : EventManager : Event: ======'machine_var_platform_version'====== Args={'value': 'Darwin Kernel Version 23.3.0: Thu Dec 21 02:29:41 PST 2023; root:xnu-10002.81.5~11/RELEASE_ARM64_T8122', 'prev_value': None, 'change': True}
2024-10-15 19:13:08,264 : INFO : EventManager : Event: ======'machine_var_platform_machine'====== Args={'value': 'arm64', 'prev_value': None, 'change': True}
2024-10-15 19:13:08,264 : INFO : EventManager : Event: ======'init_phase_1'====== Args={}
2024-10-15 19:13:08,276 : INFO : EventManager : Event: ======'drop_target_bank_dt_single_up'====== Args={}
2024-10-15 19:13:08,276 : INFO : EventManager : Event: ======'drop_target_bank_mid_up'====== Args={}
2024-10-15 19:13:08,420 : WARNING : Machine : Iterating device collections directly is deprecated and will be removed. Access by value(): device_collections[switches] -> device_collections['switches'].values()
2024-10-15 19:13:08,420 : INFO : SwitchController : <<<<<<< 's_lower_orbit' active >>>>>>>
2024-10-15 19:13:08,420 : INFO : SwitchController : <<<<<<< 's_lower_vuk' active >>>>>>>
2024-10-15 19:13:08,420 : INFO : SwitchController : <<<<<<< 's_outlane_l' active >>>>>>>
2024-10-15 19:13:08,420 : INFO : SwitchController : <<<<<<< 's_inlane_l' active >>>>>>>
2024-10-15 19:13:08,420 : INFO : SwitchController : <<<<<<< 's_outlane_r' active >>>>>>>
2024-10-15 19:13:08,420 : INFO : SwitchController : <<<<<<< 's_inlane_r' active >>>>>>>
2024-10-15 19:13:08,420 : INFO : SwitchController : <<<<<<< 's_trough_6' active >>>>>>>
2024-10-15 19:13:08,420 : INFO : SwitchController : <<<<<<< 's_trough_5' active >>>>>>>
2024-10-15 19:13:08,420 : INFO : SwitchController : <<<<<<< 's_trough_4' active >>>>>>>
2024-10-15 19:13:08,420 : INFO : SwitchController : <<<<<<< 's_trough_3' active >>>>>>>
2024-10-15 19:13:08,420 : INFO : SwitchController : <<<<<<< 's_trough_2' active >>>>>>>
2024-10-15 19:13:08,420 : INFO : SwitchController : <<<<<<< 's_trough_1' active >>>>>>>
2024-10-15 19:13:08,420 : INFO : SwitchController : <<<<<<< 's_trough_jam' active >>>>>>>
2024-10-15 19:13:08,420 : INFO : SwitchController : <<<<<<< 's_flipper_l' active >>>>>>>
2024-10-15 19:13:08,420 : INFO : SwitchController : <<<<<<< 's_flipper_r' active >>>>>>>
2024-10-15 19:13:08,420 : INFO : SwitchController : <<<<<<< 's_flipper_upper_l' active >>>>>>>
2024-10-15 19:13:08,420 : INFO : SwitchController : <<<<<<< 's_kicker_orbit' active >>>>>>>
2024-10-15 19:13:08,421 : INFO : SwitchController : <<<<<<< 's_subway' active >>>>>>>
2024-10-15 19:13:08,421 : INFO : SwitchController : <<<<<<< 's_drop_single' active >>>>>>>
2024-10-15 19:13:08,421 : INFO : SwitchController : <<<<<<< 's_middle_scoop' active >>>>>>>
2024-10-15 19:13:08,421 : INFO : SwitchController : <<<<<<< 's_vuk_back' active >>>>>>>
2024-10-15 19:13:08,421 : INFO : SwitchController : <<<<<<< 's_b_eos' active >>>>>>>
2024-10-15 19:13:08,421 : INFO : SwitchController : <<<<<<< 's_lock_1' active >>>>>>>
2024-10-15 19:13:08,421 : INFO : SwitchController : <<<<<<< 's_lock_2' active >>>>>>>
2024-10-15 19:13:08,421 : INFO : SwitchController : <<<<<<< 's_lock_3' active >>>>>>>
2024-10-15 19:13:08,421 : INFO : SwitchController : <<<<<<< 's_vuk_upper' active >>>>>>>
2024-10-15 19:13:08,421 : INFO : EventManager : Event: ======'init_phase_2'====== Args={}
2024-10-15 19:13:08,421 : INFO : SwitchController : Found active switch: (13, [FAST Platform Interface]) <switch.s_lower_orbit>
2024-10-15 19:13:08,421 : INFO : SwitchController : Found active switch: (15, [FAST Platform Interface]) <switch.s_lower_vuk>
2024-10-15 19:13:08,421 : INFO : SwitchController : Found active switch: (16, [FAST Platform Interface]) <switch.s_outlane_l>
2024-10-15 19:13:08,421 : INFO : SwitchController : Found active switch: (17, [FAST Platform Interface]) <switch.s_inlane_l>
2024-10-15 19:13:08,421 : INFO : SwitchController : Found active switch: (22, [FAST Platform Interface]) <switch.s_outlane_r>
2024-10-15 19:13:08,421 : INFO : SwitchController : Found active switch: (23, [FAST Platform Interface]) <switch.s_inlane_r>
2024-10-15 19:13:08,421 : INFO : SwitchController : Found active switch: (24, [FAST Platform Interface]) <switch.s_trough_6>
2024-10-15 19:13:08,421 : INFO : SwitchController : Found active switch: (25, [FAST Platform Interface]) <switch.s_trough_5>
2024-10-15 19:13:08,421 : INFO : SwitchController : Found active switch: (26, [FAST Platform Interface]) <switch.s_trough_4>
2024-10-15 19:13:08,421 : INFO : SwitchController : Found active switch: (27, [FAST Platform Interface]) <switch.s_trough_3>
2024-10-15 19:13:08,421 : INFO : SwitchController : Found active switch: (28, [FAST Platform Interface]) <switch.s_trough_2>
2024-10-15 19:13:08,421 : INFO : SwitchController : Found active switch: (30, [FAST Platform Interface]) <switch.s_trough_1>
2024-10-15 19:13:08,421 : INFO : SwitchController : Found active switch: (31, [FAST Platform Interface]) <switch.s_trough_jam>
2024-10-15 19:13:08,422 : INFO : SwitchController : Found active switch: (32, [FAST Platform Interface]) <switch.s_flipper_l>
2024-10-15 19:13:08,422 : INFO : SwitchController : Found active switch: (34, [FAST Platform Interface]) <switch.s_flipper_r>
2024-10-15 19:13:08,422 : INFO : SwitchController : Found active switch: (35, [FAST Platform Interface]) <switch.s_flipper_upper_l>
2024-10-15 19:13:08,422 : INFO : SwitchController : Found active switch: (48, [FAST Platform Interface]) <switch.s_kicker_orbit>
2024-10-15 19:13:08,422 : INFO : SwitchController : Found active switch: (52, [FAST Platform Interface]) <switch.s_subway>
2024-10-15 19:13:08,422 : INFO : SwitchController : Found active switch: (57, [FAST Platform Interface]) <switch.s_drop_single>
2024-10-15 19:13:08,422 : INFO : SwitchController : Found active switch: (59, [FAST Platform Interface]) <switch.s_middle_scoop>
2024-10-15 19:13:08,422 : INFO : SwitchController : Found active switch: (66, [FAST Platform Interface]) <switch.s_vuk_back>
2024-10-15 19:13:08,422 : INFO : SwitchController : Found active switch: (64, [FAST Platform Interface]) <switch.s_b_eos>
2024-10-15 19:13:08,422 : INFO : SwitchController : Found active switch: (88, [FAST Platform Interface]) <switch.s_lock_1>
2024-10-15 19:13:08,422 : INFO : SwitchController : Found active switch: (89, [FAST Platform Interface]) <switch.s_lock_2>
2024-10-15 19:13:08,422 : INFO : SwitchController : Found active switch: (90, [FAST Platform Interface]) <switch.s_lock_3>
2024-10-15 19:13:08,422 : INFO : SwitchController : Found active switch: (91, [FAST Platform Interface]) <switch.s_vuk_upper>
2024-10-15 19:13:08,922 : INFO : ball_device.bd_middle_scoop : BCH: Initial count: 1
2024-10-15 19:13:08,924 : INFO : ball_device.bd_middle_scoop : State: idle
2024-10-15 19:13:08,925 : INFO : ball_device.bd_trough : BCH: Initial count: 2
2024-10-15 19:13:08,926 : INFO : ball_device.bd_trough : State: idle
2024-10-15 19:13:08,926 : INFO : ball_device.bd_autolauncher : BCH: Initial count: 0
2024-10-15 19:13:08,926 : INFO : ball_device.bd_autolauncher : State: idle
2024-10-15 19:13:08,927 : INFO : ball_device.bd_kicker_orbit : BCH: Initial count: 1
2024-10-15 19:13:08,927 : INFO : ball_device.bd_kicker_orbit : State: idle
2024-10-15 19:13:08,928 : INFO : ball_device.bd_lower_vuk : BCH: Initial count: 1
2024-10-15 19:13:08,928 : INFO : ball_device.bd_lower_vuk : State: idle
2024-10-15 19:13:08,928 : INFO : ball_device.bd_vuk_back : BCH: Initial count: 1
2024-10-15 19:13:08,929 : INFO : ball_device.bd_vuk_back : State: idle
2024-10-15 19:13:08,929 : INFO : ball_device.bd_vuk_upper : BCH: Initial count: 1
2024-10-15 19:13:08,929 : INFO : ball_device.bd_vuk_upper : State: idle
2024-10-15 19:13:08,930 : INFO : ball_device.bd_b_lock : BCH: Initial count: 1
2024-10-15 19:13:08,930 : INFO : ball_device.bd_b_lock : State: idle
2024-10-15 19:13:08,940 : INFO : EventManager : Event: ======'init_phase_3'====== Args={}
2024-10-15 19:13:08,941 : INFO : EventManager : Event: ======'init_phase_4'====== Args={}
2024-10-15 19:13:08,942 : INFO : EventManager : Event: ======'drop_target_d_drop_single_down'====== Args={'device': <drop_target.d_drop_single>}
2024-10-15 19:13:08,942 : INFO : EventManager : Event: ======'drop_target_bank_dt_single_down'====== Args={}
2024-10-15 19:13:08,942 : INFO : BallController : Initial balls found: 8
2024-10-15 19:13:08,942 : INFO : EventManager : Event: ======'machine_var_audits_events_game_ended'====== Args={'value': 9, 'prev_value': None, 'change': True}
2024-10-15 19:13:08,943 : INFO : EventManager : Event: ======'machine_var_audits_events_game_started'====== Args={'value': 33, 'prev_value': None, 'change': True}
2024-10-15 19:13:08,943 : INFO : EventManager : Event: ======'machine_var_audits_missing_switches_s_inlane_l'====== Args={'value': 31, 'prev_value': None, 'change': True}
2024-10-15 19:13:08,943 : INFO : EventManager : Event: ======'machine_var_audits_missing_switches_s_inlane_r'====== Args={'value': 1, 'prev_value': None, 'change': True}
2024-10-15 19:13:08,943 : INFO : EventManager : Event: ======'machine_var_audits_missing_switches_s_lock_1'====== Args={'value': 4, 'prev_value': None, 'change': True}
2024-10-15 19:13:08,943 : INFO : EventManager : Event: ======'machine_var_audits_missing_switches_s_lock_2'====== Args={'value': 4, 'prev_value': None, 'change': True}
2024-10-15 19:13:08,943 : INFO : EventManager : Event: ======'machine_var_audits_missing_switches_s_lock_3'====== Args={'value': 4, 'prev_value': None, 'change': True}
2024-10-15 19:13:08,943 : INFO : EventManager : Event: ======'machine_var_audits_missing_switches_s_outlane_l'====== Args={'value': 33, 'prev_value': None, 'change': True}
2024-10-15 19:13:08,943 : INFO : EventManager : Event: ======'machine_var_audits_missing_switches_s_outlane_r'====== Args={'value': 33, 'prev_value': None, 'change': True}
2024-10-15 19:13:08,943 : INFO : EventManager : Event: ======'machine_var_audits_player_score'====== Args={'value': {'average': 0, 'top': [0, 0, 0, 0, 0, 0, 0, 0, 0], 'total': 9}, 'prev_value': None, 'change': True}
2024-10-15 19:13:08,943 : INFO : EventManager : Event: ======'machine_var_audits_switches_s_autolauncher'====== Args={'value': 109, 'prev_value': None, 'change': True}
2024-10-15 19:13:08,943 : INFO : EventManager : Event: ======'machine_var_audits_switches_s_b_eos'====== Args={'value': 565, 'prev_value': None, 'change': True}
2024-10-15 19:13:08,943 : INFO : EventManager : Event: ======'machine_var_audits_switches_s_b_pop'====== Args={'value': 124, 'prev_value': None, 'change': True}
2024-10-15 19:13:08,943 : INFO : EventManager : Event: ======'machine_var_audits_switches_s_b_rollover_interchange'====== Args={'value': 1, 'prev_value': None, 'change': True}
2024-10-15 19:13:08,943 : INFO : EventManager : Event: ======'machine_var_audits_switches_s_b_rollover_loop'====== Args={'value': 6, 'prev_value': None, 'change': True}
2024-10-15 19:13:08,943 : INFO : EventManager : Event: ======'machine_var_audits_switches_s_b_rollover_misc'====== Args={'value': 1, 'prev_value': None, 'change': True}
2024-10-15 19:13:08,943 : INFO : EventManager : Event: ======'machine_var_audits_switches_s_b_target_left'====== Args={'value': 1, 'prev_value': None, 'change': True}
2024-10-15 19:13:08,943 : INFO : EventManager : Event: ======'machine_var_audits_switches_s_b_target_right'====== Args={'value': 1, 'prev_value': None, 'change': True}
2024-10-15 19:13:08,943 : INFO : EventManager : Event: ======'machine_var_audits_switches_s_bot'====== Args={'value': 1, 'prev_value': None, 'change': True}
2024-10-15 19:13:08,943 : INFO : EventManager : Event: ======'machine_var_audits_switches_s_bot_mid'====== Args={'value': 3, 'prev_value': None, 'change': True}
2024-10-15 19:13:08,943 : INFO : EventManager : Event: ======'machine_var_audits_switches_s_captive_l'====== Args={'value': 1, 'prev_value': None, 'change': True}
2024-10-15 19:13:08,943 : INFO : EventManager : Event: ======'machine_var_audits_switches_s_captive_r'====== Args={'value': 1, 'prev_value': None, 'change': True}
2024-10-15 19:13:08,943 : INFO : EventManager : Event: ======'machine_var_audits_switches_s_drop_l'====== Args={'value': 4, 'prev_value': None, 'change': True}
2024-10-15 19:13:08,944 : INFO : EventManager : Event: ======'machine_var_audits_switches_s_drop_m'====== Args={'value': 13, 'prev_value': None, 'change': True}
2024-10-15 19:13:08,944 : INFO : EventManager : Event: ======'machine_var_audits_switches_s_drop_r'====== Args={'value': 4, 'prev_value': None, 'change': True}
2024-10-15 19:13:08,944 : INFO : EventManager : Event: ======'machine_var_audits_switches_s_drop_single'====== Args={'value': 10, 'prev_value': None, 'change': True}
2024-10-15 19:13:08,944 : INFO : EventManager : Event: ======'machine_var_audits_switches_s_flipper_but_l_1'====== Args={'value': 347, 'prev_value': None, 'change': True}
2024-10-15 19:13:08,944 : INFO : EventManager : Event: ======'machine_var_audits_switches_s_flipper_but_l_2'====== Args={'value': 324, 'prev_value': None, 'change': True}
2024-10-15 19:13:08,944 : INFO : EventManager : Event: ======'machine_var_audits_switches_s_flipper_but_r_1'====== Args={'value': 703, 'prev_value': None, 'change': True}
2024-10-15 19:13:08,944 : INFO : EventManager : Event: ======'machine_var_audits_switches_s_flipper_but_r_2'====== Args={'value': 695, 'prev_value': None, 'change': True}
2024-10-15 19:13:08,944 : INFO : EventManager : Event: ======'machine_var_audits_switches_s_flipper_l'====== Args={'value': 324, 'prev_value': None, 'change': True}
2024-10-15 19:13:08,944 : INFO : EventManager : Event: ======'machine_var_audits_switches_s_flipper_r'====== Args={'value': 1569, 'prev_value': None, 'change': True}
2024-10-15 19:13:08,945 : INFO : EventManager : Event: ======'machine_var_audits_switches_s_flipper_upper_l'====== Args={'value': 296, 'prev_value': None, 'change': True}
2024-10-15 19:13:08,945 : INFO : EventManager : Event: ======'machine_var_audits_switches_s_inlane_l'====== Args={'value': 1, 'prev_value': None, 'change': True}
2024-10-15 19:13:08,945 : INFO : EventManager : Event: ======'machine_var_audits_switches_s_inlane_r'====== Args={'value': 69, 'prev_value': None, 'change': True}
2024-10-15 19:13:08,945 : INFO : EventManager : Event: ======'machine_var_audits_switches_s_kicker_orbit'====== Args={'value': 170, 'prev_value': None, 'change': True}
2024-10-15 19:13:08,945 : INFO : EventManager : Event: ======'machine_var_audits_switches_s_kicking_target'====== Args={'value': 532, 'prev_value': None, 'change': True}
2024-10-15 19:13:08,945 : INFO : EventManager : Event: ======'machine_var_audits_switches_s_launch'====== Args={'value': 117, 'prev_value': None, 'change': True}
2024-10-15 19:13:08,945 : INFO : EventManager : Event: ======'machine_var_audits_switches_s_lock_1'====== Args={'value': 10, 'prev_value': None, 'change': True}
2024-10-15 19:13:08,945 : INFO : EventManager : Event: ======'machine_var_audits_switches_s_lock_2'====== Args={'value': 4, 'prev_value': None, 'change': True}
2024-10-15 19:13:08,945 : INFO : EventManager : Event: ======'machine_var_audits_switches_s_lock_3'====== Args={'value': 4, 'prev_value': None, 'change': True}
2024-10-15 19:13:08,945 : INFO : EventManager : Event: ======'machine_var_audits_switches_s_lower_orbit'====== Args={'value': 5, 'prev_value': None, 'change': True}
2024-10-15 19:13:08,945 : INFO : EventManager : Event: ======'machine_var_audits_switches_s_lower_single'====== Args={'value': 1, 'prev_value': None, 'change': True}
2024-10-15 19:13:08,945 : INFO : EventManager : Event: ======'machine_var_audits_switches_s_lower_sling'====== Args={'value': 3, 'prev_value': None, 'change': True}
2024-10-15 19:13:08,945 : INFO : EventManager : Event: ======'machine_var_audits_switches_s_lower_transfer'====== Args={'value': 3, 'prev_value': None, 'change': True}
2024-10-15 19:13:08,945 : INFO : EventManager : Event: ======'machine_var_audits_switches_s_lower_vuk'====== Args={'value': 13, 'prev_value': None, 'change': True}
2024-10-15 19:13:08,945 : INFO : EventManager : Event: ======'machine_var_audits_switches_s_middle_scoop'====== Args={'value': 11, 'prev_value': None, 'change': True}
2024-10-15 19:13:08,946 : INFO : EventManager : Event: ======'machine_var_audits_switches_s_orbit_small_l'====== Args={'value': 36, 'prev_value': None, 'change': True}
2024-10-15 19:13:08,946 : INFO : EventManager : Event: ======'machine_var_audits_switches_s_orbit_small_r'====== Args={'value': 195, 'prev_value': None, 'change': True}
2024-10-15 19:13:08,946 : INFO : EventManager : Event: ======'machine_var_audits_switches_s_outlane_l'====== Args={'value': 0, 'prev_value': None, 'change': True}
2024-10-15 19:13:08,946 : INFO : EventManager : Event: ======'machine_var_audits_switches_s_outlane_r'====== Args={'value': 0, 'prev_value': None, 'change': True}
2024-10-15 19:13:08,946 : INFO : EventManager : Event: ======'machine_var_audits_switches_s_pop'====== Args={'value': 77, 'prev_value': None, 'change': True}
2024-10-15 19:13:08,946 : INFO : EventManager : Event: ======'machine_var_audits_switches_s_scissor_save'====== Args={'value': 3, 'prev_value': None, 'change': True}
2024-10-15 19:13:08,946 : INFO : EventManager : Event: ======'machine_var_audits_switches_s_sling_l'====== Args={'value': 16, 'prev_value': None, 'change': True}
2024-10-15 19:13:08,946 : INFO : EventManager : Event: ======'machine_var_audits_switches_s_start'====== Args={'value': 5, 'prev_value': None, 'change': True}
2024-10-15 19:13:08,946 : INFO : EventManager : Event: ======'machine_var_audits_switches_s_stationary_l'====== Args={'value': 101, 'prev_value': None, 'change': True}
2024-10-15 19:13:08,946 : INFO : EventManager : Event: ======'machine_var_audits_switches_s_stationary_m'====== Args={'value': 23, 'prev_value': None, 'change': True}
2024-10-15 19:13:08,946 : INFO : EventManager : Event: ======'machine_var_audits_switches_s_stationary_r'====== Args={'value': 27, 'prev_value': None, 'change': True}
2024-10-15 19:13:08,946 : INFO : EventManager : Event: ======'machine_var_audits_switches_s_subway'====== Args={'value': 165, 'prev_value': None, 'change': True}
2024-10-15 19:13:08,947 : INFO : EventManager : Event: ======'machine_var_audits_switches_s_tilt'====== Args={'value': 1, 'prev_value': None, 'change': True}
2024-10-15 19:13:08,947 : INFO : EventManager : Event: ======'machine_var_audits_switches_s_top'====== Args={'value': 5, 'prev_value': None, 'change': True}
2024-10-15 19:13:08,947 : INFO : EventManager : Event: ======'machine_var_audits_switches_s_top_mid'====== Args={'value': 1, 'prev_value': None, 'change': True}
2024-10-15 19:13:08,947 : INFO : EventManager : Event: ======'machine_var_audits_switches_s_trough_1'====== Args={'value': 95, 'prev_value': None, 'change': True}
2024-10-15 19:13:08,947 : INFO : EventManager : Event: ======'machine_var_audits_switches_s_trough_2'====== Args={'value': 55, 'prev_value': None, 'change': True}
2024-10-15 19:13:08,947 : INFO : EventManager : Event: ======'machine_var_audits_switches_s_trough_3'====== Args={'value': 55, 'prev_value': None, 'change': True}
2024-10-15 19:13:08,947 : INFO : EventManager : Event: ======'machine_var_audits_switches_s_trough_4'====== Args={'value': 133, 'prev_value': None, 'change': True}
2024-10-15 19:13:08,947 : INFO : EventManager : Event: ======'machine_var_audits_switches_s_trough_5'====== Args={'value': 47, 'prev_value': None, 'change': True}
2024-10-15 19:13:08,947 : INFO : EventManager : Event: ======'machine_var_audits_switches_s_trough_6'====== Args={'value': 99, 'prev_value': None, 'change': True}
2024-10-15 19:13:08,947 : INFO : EventManager : Event: ======'machine_var_audits_switches_s_trough_jam'====== Args={'value': 69, 'prev_value': None, 'change': True}
2024-10-15 19:13:08,948 : INFO : EventManager : Event: ======'machine_var_audits_switches_s_u_lane_l'====== Args={'value': 1, 'prev_value': None, 'change': True}
2024-10-15 19:13:08,948 : INFO : EventManager : Event: ======'machine_var_audits_switches_s_u_lane_r'====== Args={'value': 1, 'prev_value': None, 'change': True}
2024-10-15 19:13:08,948 : INFO : EventManager : Event: ======'machine_var_audits_switches_s_u_rollover'====== Args={'value': 1, 'prev_value': None, 'change': True}
2024-10-15 19:13:08,948 : INFO : EventManager : Event: ======'machine_var_audits_switches_s_u_target'====== Args={'value': 1, 'prev_value': None, 'change': True}
2024-10-15 19:13:08,948 : INFO : EventManager : Event: ======'machine_var_audits_switches_s_vuk_back'====== Args={'value': 53, 'prev_value': None, 'change': True}
2024-10-15 19:13:08,948 : INFO : EventManager : Event: ======'machine_var_audits_switches_s_vuk_upper'====== Args={'value': 58, 'prev_value': None, 'change': True}
2024-10-15 19:13:08,949 : INFO : EventManager : Event: ======'init_phase_5'====== Args={}
2024-10-15 19:13:08,949 : INFO : ball_device.bd_trough : BCH: Count is unstable. Trying to reorder balls.
2024-10-15 19:13:08,949 : WARNING : ball_device.bd_trough : Cannot reorder device because eject_coil_reorder_pulse is not configured
2024-10-15 19:13:08,949 : INFO : ball_device.bd_trough : BCH: Repulse done. Waiting for balls to settle.
2024-10-15 19:13:08,949 : INFO : ball_device.bd_trough : BCH: Reordered count: 2
2024-10-15 19:13:08,949 : INFO : EventManager : Event: ======'init_done'====== Args={}
2024-10-15 19:13:08,949 : INFO : EventManager : Event: ======'machine_reset_phase_1'====== Args={}
2024-10-15 19:13:08,950 : INFO : EventManager : Event: ======'machine_reset_phase_2'====== Args={}
2024-10-15 19:13:08,950 : INFO : EventManager : Event: ======'machine_reset_phase_3'====== Args={}
2024-10-15 19:13:08,950 : INFO : EventManager : Event: ======'reset_complete'====== Args={}
2024-10-15 19:13:08,950 : INFO : EventManager : Event: ======'mode_attract_will_start'====== Args={}
2024-10-15 19:13:08,950 : INFO : EventManager : Event: ======'mode_attract_starting'====== Args={}
2024-10-15 19:13:08,950 : INFO : Mode.attract : Started. Priority: 10
2024-10-15 19:13:08,950 : INFO : EventManager : Event: ======'modes_active_modes_changed'====== Args={}
2024-10-15 19:13:08,950 : INFO : EventManager : Event: ======'mode_attract_started'====== Args={}
2024-10-15 19:13:08,950 : INFO : EventManager : Event: ======'collecting_balls'====== Args={}
2024-10-15 19:13:08,950 : INFO : ball_device.bd_vuk_back : Adding 1 ball(s) to the eject_queue with target <playfield.playfield>.
2024-10-15 19:13:08,950 : INFO : EventManager : Event: ======'balldevice_balls_available'====== Args={}
2024-10-15 19:13:08,950 : INFO : ball_device.bd_kicker_orbit : Adding 1 ball(s) to the eject_queue with target <playfield.playfield>.
2024-10-15 19:13:08,950 : INFO : EventManager : Event: ======'balldevice_balls_available'====== Args={}
2024-10-15 19:13:08,950 : INFO : ball_device.bd_middle_scoop : Adding 1 ball(s) to the eject_queue with target <playfield.playfield>.
2024-10-15 19:13:08,950 : INFO : EventManager : Event: ======'balldevice_balls_available'====== Args={}
2024-10-15 19:13:08,950 : INFO : ball_device.bd_vuk_upper : Adding 1 ball(s) to the eject_queue with target <playfield.playfield>.
2024-10-15 19:13:08,950 : INFO : EventManager : Event: ======'balldevice_balls_available'====== Args={}
2024-10-15 19:13:08,950 : INFO : ball_device.bd_lower_vuk : Adding 1 ball(s) to the eject_queue with target <playfield.playfield>.
2024-10-15 19:13:08,950 : INFO : EventManager : Event: ======'balldevice_balls_available'====== Args={}
2024-10-15 19:13:08,950 : INFO : ball_device.bd_b_lock : Adding 1 ball(s) to the eject_queue with target <playfield.playfield>.
2024-10-15 19:13:08,950 : INFO : EventManager : Event: ======'balldevice_balls_available'====== Args={}
2024-10-15 19:13:08,951 : INFO : Machine : Starting the main run loop.
2024-10-15 19:13:08,951 : INFO : ball_device.bd_vuk_back : State: waiting_for_target_ready
2024-10-15 19:13:08,951 : INFO : EventManager : Event: ======'balldevice_bd_vuk_back_ball_eject_attempt'====== Args={'balls': 1, 'target': <playfield.playfield>, 'source': <ball_device.bd_vuk_back>, 'mechanical_eject': False, 'num_attempts': 0}
2024-10-15 19:13:08,951 : INFO : ball_device.bd_kicker_orbit : State: waiting_for_target_ready
2024-10-15 19:13:08,951 : INFO : EventManager : Event: ======'balldevice_bd_kicker_orbit_ball_eject_attempt'====== Args={'balls': 1, 'target': <playfield.playfield>, 'source': <ball_device.bd_kicker_orbit>, 'mechanical_eject': False, 'num_attempts': 0}
2024-10-15 19:13:08,951 : INFO : ball_device.bd_middle_scoop : State: waiting_for_target_ready
2024-10-15 19:13:08,951 : INFO : EventManager : Event: ======'balldevice_bd_middle_scoop_ball_eject_attempt'====== Args={'balls': 1, 'target': <playfield.playfield>, 'source': <ball_device.bd_middle_scoop>, 'mechanical_eject': False, 'num_attempts': 0}
2024-10-15 19:13:08,951 : INFO : ball_device.bd_vuk_upper : State: waiting_for_target_ready
2024-10-15 19:13:08,951 : INFO : EventManager : Event: ======'balldevice_bd_vuk_upper_ball_eject_attempt'====== Args={'balls': 1, 'target': <playfield.playfield>, 'source': <ball_device.bd_vuk_upper>, 'mechanical_eject': False, 'num_attempts': 0}
2024-10-15 19:13:08,951 : INFO : ball_device.bd_lower_vuk : State: waiting_for_target_ready
2024-10-15 19:13:08,951 : INFO : EventManager : Event: ======'balldevice_bd_lower_vuk_ball_eject_attempt'====== Args={'balls': 1, 'target': <playfield.playfield>, 'source': <ball_device.bd_lower_vuk>, 'mechanical_eject': False, 'num_attempts': 0}
2024-10-15 19:13:08,951 : INFO : ball_device.bd_b_lock : State: waiting_for_target_ready
2024-10-15 19:13:08,951 : INFO : EventManager : Event: ======'balldevice_bd_b_lock_ball_eject_attempt'====== Args={'balls': 1, 'target': <playfield.playfield>, 'source': <ball_device.bd_b_lock>, 'mechanical_eject': False, 'num_attempts': 0}
2024-10-15 19:13:08,952 : INFO : ball_device.bd_b_lock : State: ejecting
2024-10-15 19:13:08,952 : INFO : ball_device.bd_b_lock : Ejecting ball to <playfield.playfield>
2024-10-15 19:13:08,952 : INFO : EventManager : Event: ======'balldevice_bd_b_lock_ejecting_ball'====== Args={'balls': 1, 'target': <playfield.playfield>, 'source': <ball_device.bd_b_lock>, 'mechanical_eject': False, 'num_attempts': 0}
2024-10-15 19:13:08,952 : INFO : ball_device.bd_lower_vuk : State: ejecting
2024-10-15 19:13:08,952 : INFO : ball_device.bd_lower_vuk : Ejecting ball to <playfield.playfield>
2024-10-15 19:13:08,952 : INFO : EventManager : Event: ======'balldevice_bd_lower_vuk_ejecting_ball'====== Args={'balls': 1, 'target': <playfield.playfield>, 'source': <ball_device.bd_lower_vuk>, 'mechanical_eject': False, 'num_attempts': 0}
2024-10-15 19:13:08,952 : INFO : ball_device.bd_vuk_upper : State: ejecting
2024-10-15 19:13:08,952 : INFO : ball_device.bd_vuk_upper : Ejecting ball to <playfield.playfield>
2024-10-15 19:13:08,952 : INFO : EventManager : Event: ======'balldevice_bd_vuk_upper_ejecting_ball'====== Args={'balls': 1, 'target': <playfield.playfield>, 'source': <ball_device.bd_vuk_upper>, 'mechanical_eject': False, 'num_attempts': 0}
2024-10-15 19:13:08,952 : INFO : ball_device.bd_middle_scoop : State: ejecting
2024-10-15 19:13:08,952 : INFO : ball_device.bd_middle_scoop : Ejecting ball to <playfield.playfield>
2024-10-15 19:13:08,952 : INFO : EventManager : Event: ======'balldevice_bd_middle_scoop_ejecting_ball'====== Args={'balls': 1, 'target': <playfield.playfield>, 'source': <ball_device.bd_middle_scoop>, 'mechanical_eject': False, 'num_attempts': 0}
2024-10-15 19:13:08,952 : INFO : ball_device.bd_kicker_orbit : State: ejecting
2024-10-15 19:13:08,952 : INFO : ball_device.bd_kicker_orbit : Ejecting ball to <playfield.playfield>
2024-10-15 19:13:08,952 : INFO : EventManager : Event: ======'balldevice_bd_kicker_orbit_ejecting_ball'====== Args={'balls': 1, 'target': <playfield.playfield>, 'source': <ball_device.bd_kicker_orbit>, 'mechanical_eject': False, 'num_attempts': 0}
2024-10-15 19:13:08,952 : INFO : ball_device.bd_vuk_back : State: ejecting
2024-10-15 19:13:08,952 : INFO : ball_device.bd_vuk_back : Ejecting ball to <playfield.playfield>
2024-10-15 19:13:08,952 : INFO : EventManager : Event: ======'balldevice_bd_vuk_back_ejecting_ball'====== Args={'balls': 1, 'target': <playfield.playfield>, 'source': <ball_device.bd_vuk_back>, 'mechanical_eject': False, 'num_attempts': 0}
2024-10-15 19:13:08,952 : INFO : ball_device.bd_vuk_back : Wait for ball to leave device
2024-10-15 19:13:08,952 : INFO : coil.c_vuk_back : Pulsing Driver for 30ms (1.0 pulse_power)
2024-10-15 19:13:08,952 : INFO : ball_device.bd_kicker_orbit : Wait for ball to leave device
2024-10-15 19:13:08,952 : INFO : ball_device.bd_middle_scoop : Wait for ball to leave device
2024-10-15 19:13:08,953 : INFO : ball_device.bd_vuk_upper : Wait for ball to leave device
2024-10-15 19:13:08,953 : INFO : ball_device.bd_lower_vuk : Wait for ball to leave device
2024-10-15 19:13:08,953 : INFO : ball_device.bd_b_lock : Wait for ball to leave device
2024-10-15 19:13:08,974 : WARNING : SwitchController : Received duplicate switch state 1 for switch s_vuk_back from the platform interface. Log Code: Log-SwitchController-1 (https://missionpinball.org/logs)
2024-10-15 19:13:08,993 : INFO : coil.c_kicker_orbit : Pulsing Driver for 20ms (1.0 pulse_power)
2024-10-15 19:13:09,020 : INFO : SwitchController : <<<<<<< 's_vuk_back' inactive >>>>>>>
2024-10-15 19:13:09,021 : INFO : ball_device.bd_vuk_back : State: ball_left
2024-10-15 19:13:09,021 : INFO : ball_device.bd_vuk_back : Ball left
2024-10-15 19:13:09,021 : INFO : ball_device.bd_vuk_back : Wait for confirm with timeout 2.0
2024-10-15 19:13:09,023 : INFO : coil.c_middle_scoop : Pulsing Driver for 20ms (1.0 pulse_power)
2024-10-15 19:13:09,041 : WARNING : SwitchController : Received duplicate switch state 1 for switch s_middle_scoop from the platform interface. Log Code: Log-SwitchController-1 (https://missionpinball.org/logs)
2024-10-15 19:13:09,048 : WARNING : SwitchController : Received duplicate switch state 1 for switch s_trough_4 from the platform interface. Log Code: Log-SwitchController-1 (https://missionpinball.org/logs)
2024-10-15 19:13:09,053 : INFO : coil.c_vuk_upper : Pulsing Driver for 30ms (1.0 pulse_power)
2024-10-15 19:13:09,072 : WARNING : SwitchController : Received duplicate switch state 1 for switch s_vuk_upper from the platform interface. Log Code: Log-SwitchController-1 (https://missionpinball.org/logs)
2024-10-15 19:13:09,074 : INFO : SwitchController : <<<<<<< 's_middle_scoop' inactive >>>>>>>
2024-10-15 19:13:09,075 : INFO : ball_device.bd_middle_scoop : State: ball_left
2024-10-15 19:13:09,075 : INFO : ball_device.bd_middle_scoop : Ball left
2024-10-15 19:13:09,075 : INFO : ball_device.bd_middle_scoop : Wait for confirm with timeout 1.0
2024-10-15 19:13:09,093 : INFO : coil.c_lower_vuk : Pulsing Driver for 30ms (1.0 pulse_power)
2024-10-15 19:13:09,111 : WARNING : SwitchController : Received duplicate switch state 1 for switch s_lower_vuk from the platform interface. Log Code: Log-SwitchController-1 (https://missionpinball.org/logs)
2024-10-15 19:13:09,117 : INFO : SwitchController : <<<<<<< 's_vuk_upper' inactive >>>>>>>
2024-10-15 19:13:09,118 : INFO : ball_device.bd_vuk_upper : State: ball_left
2024-10-15 19:13:09,118 : INFO : ball_device.bd_vuk_upper : Ball left
2024-10-15 19:13:09,118 : INFO : ball_device.bd_vuk_upper : Wait for confirm with timeout 2.0
2024-10-15 19:13:09,134 : INFO : coil.c_b_lock : Pulsing Driver for 100ms (0.7 pulse_power)
2024-10-15 19:13:09,165 : INFO : SwitchController : <<<<<<< 's_lower_vuk' inactive >>>>>>>
2024-10-15 19:13:09,166 : INFO : ball_device.bd_lower_vuk : State: ball_left
2024-10-15 19:13:09,166 : INFO : ball_device.bd_lower_vuk : Ball left
2024-10-15 19:13:09,166 : INFO : ball_device.bd_lower_vuk : Wait for confirm with timeout 1.0
2024-10-15 19:13:09,954 : INFO : EventManager : Event: ======'balldevice_bd_kicker_orbit_ball_eject_failed'====== Args={'target': <playfield.playfield>, 'balls': 1, 'retry': True, 'num_attempts': 1}
2024-10-15 19:13:09,955 : INFO : ball_device.bd_kicker_orbit : State: waiting_for_target_ready
2024-10-15 19:13:09,956 : INFO : EventManager : Event: ======'balldevice_bd_kicker_orbit_ball_eject_attempt'====== Args={'balls': 1, 'target': <playfield.playfield>, 'source': <ball_device.bd_kicker_orbit>, 'mechanical_eject': False, 'num_attempts': 1}
2024-10-15 19:13:09,956 : INFO : ball_device.bd_kicker_orbit : State: ejecting
2024-10-15 19:13:09,956 : INFO : ball_device.bd_kicker_orbit : Ejecting ball to <playfield.playfield>
2024-10-15 19:13:09,956 : INFO : EventManager : Event: ======'balldevice_bd_kicker_orbit_ejecting_ball'====== Args={'balls': 1, 'target': <playfield.playfield>, 'source': <ball_device.bd_kicker_orbit>, 'mechanical_eject': False, 'num_attempts': 1}
2024-10-15 19:13:09,957 : INFO : ball_device.bd_kicker_orbit : Wait for ball to leave device
2024-10-15 19:13:09,957 : INFO : coil.c_kicker_orbit : Pulsing Driver for 20ms (1.0 pulse_power)
2024-10-15 19:13:10,077 : INFO : ball_device.bd_middle_scoop : State: failed_confirm
2024-10-15 19:13:10,077 : INFO : ball_device.bd_middle_scoop : Got timeout (1.0s) before confirm from <playfield.playfield>
2024-10-15 19:13:10,167 : INFO : ball_device.bd_lower_vuk : State: failed_confirm
2024-10-15 19:13:10,167 : INFO : ball_device.bd_lower_vuk : Got timeout (1.0s) before confirm from <playfield.playfield>
2024-10-15 19:13:10,178 : INFO : ball_device.bd_middle_scoop : Confirming eject because target is playfield and ball did not return.
2024-10-15 19:13:10,178 : INFO : ball_device.bd_middle_scoop : Eject successful
2024-10-15 19:13:10,178 : INFO : EventManager : Event: ======'balldevice_bd_middle_scoop_ball_eject_success'====== Args={'balls': 1, 'target': <playfield.playfield>}
2024-10-15 19:13:10,179 : INFO : EventManager : Event: ======'balldevice_playfield_ball_enter'====== Args={'new_balls': 1, 'unclaimed_balls': 1, 'device': <playfield.playfield>}
2024-10-15 19:13:10,179 : INFO : EventManager : Event: ======'playfield_ball_count_change'====== Args={'balls': 1, 'change': 1}
2024-10-15 19:13:10,179 : INFO : EventManager : Event: ======'balldevice_bd_middle_scoop_ball_count_changed'====== Args={'balls': 0}
2024-10-15 19:13:10,180 : INFO : ball_device.bd_middle_scoop : State: idle
2024-10-15 19:13:10,269 : INFO : ball_device.bd_lower_vuk : Confirming eject because target is playfield and ball did not return.
2024-10-15 19:13:10,269 : INFO : ball_device.bd_lower_vuk : Eject successful
2024-10-15 19:13:10,269 : INFO : EventManager : Event: ======'balldevice_bd_lower_vuk_ball_eject_success'====== Args={'balls': 1, 'target': <playfield.playfield>}
2024-10-15 19:13:10,270 : INFO : EventManager : Event: ======'balldevice_playfield_ball_enter'====== Args={'new_balls': 1, 'unclaimed_balls': 1, 'device': <playfield.playfield>}
2024-10-15 19:13:10,270 : INFO : EventManager : Event: ======'playfield_ball_count_change'====== Args={'balls': 2, 'change': 1}
2024-10-15 19:13:10,270 : INFO : EventManager : Event: ======'balldevice_bd_lower_vuk_ball_count_changed'====== Args={'balls': 0}
2024-10-15 19:13:10,270 : INFO : ball_device.bd_lower_vuk : State: idle
2024-10-15 19:13:10,954 : INFO : EventManager : Event: ======'balldevice_bd_b_lock_ball_eject_failed'====== Args={'target': <playfield.playfield>, 'balls': 1, 'retry': True, 'num_attempts': 1}
2024-10-15 19:13:10,956 : INFO : ball_device.bd_b_lock : State: waiting_for_target_ready
2024-10-15 19:13:10,956 : INFO : EventManager : Event: ======'balldevice_bd_b_lock_ball_eject_attempt'====== Args={'balls': 1, 'target': <playfield.playfield>, 'source': <ball_device.bd_b_lock>, 'mechanical_eject': False, 'num_attempts': 1}
2024-10-15 19:13:10,956 : INFO : ball_device.bd_b_lock : State: ejecting
2024-10-15 19:13:10,956 : INFO : ball_device.bd_b_lock : Ejecting ball to <playfield.playfield>
2024-10-15 19:13:10,956 : INFO : EventManager : Event: ======'balldevice_bd_b_lock_ejecting_ball'====== Args={'balls': 1, 'target': <playfield.playfield>, 'source': <ball_device.bd_b_lock>, 'mechanical_eject': False, 'num_attempts': 1}
2024-10-15 19:13:10,957 : INFO : ball_device.bd_b_lock : Wait for ball to leave device
2024-10-15 19:13:10,957 : INFO : coil.c_b_lock : Pulsing Driver for 100ms (0.7 pulse_power)
2024-10-15 19:13:10,958 : INFO : EventManager : Event: ======'balldevice_bd_kicker_orbit_ball_eject_failed'====== Args={'target': <playfield.playfield>, 'balls': 1, 'retry': True, 'num_attempts': 2}
2024-10-15 19:13:10,959 : INFO : ball_device.bd_kicker_orbit : State: waiting_for_target_ready
2024-10-15 19:13:10,959 : INFO : EventManager : Event: ======'balldevice_bd_kicker_orbit_ball_eject_attempt'====== Args={'balls': 1, 'target': <playfield.playfield>, 'source': <ball_device.bd_kicker_orbit>, 'mechanical_eject': False, 'num_attempts': 2}
2024-10-15 19:13:10,959 : INFO : ball_device.bd_kicker_orbit : State: ejecting
2024-10-15 19:13:10,959 : INFO : ball_device.bd_kicker_orbit : Ejecting ball to <playfield.playfield>
2024-10-15 19:13:10,959 : INFO : EventManager : Event: ======'balldevice_bd_kicker_orbit_ejecting_ball'====== Args={'balls': 1, 'target': <playfield.playfield>, 'source': <ball_device.bd_kicker_orbit>, 'mechanical_eject': False, 'num_attempts': 2}
2024-10-15 19:13:10,960 : INFO : ball_device.bd_kicker_orbit : Wait for ball to leave device
2024-10-15 19:13:11,022 : INFO : ball_device.bd_vuk_back : State: failed_confirm
2024-10-15 19:13:11,023 : INFO : ball_device.bd_vuk_back : Got timeout (2.0s) before confirm from <playfield.playfield>
2024-10-15 19:13:11,069 : INFO : coil.c_kicker_orbit : Pulsing Driver for 20ms (1.0 pulse_power)
2024-10-15 19:13:11,120 : INFO : ball_device.bd_vuk_upper : State: failed_confirm
2024-10-15 19:13:11,120 : INFO : ball_device.bd_vuk_upper : Got timeout (2.0s) before confirm from <playfield.playfield>
2024-10-15 19:13:11,124 : INFO : ball_device.bd_vuk_back : Confirming eject because target is playfield and ball did not return.
2024-10-15 19:13:11,124 : INFO : ball_device.bd_vuk_back : Eject successful
2024-10-15 19:13:11,124 : INFO : EventManager : Event: ======'balldevice_bd_vuk_back_ball_eject_success'====== Args={'balls': 1, 'target': <playfield.playfield>}
2024-10-15 19:13:11,125 : INFO : EventManager : Event: ======'balldevice_playfield_ball_enter'====== Args={'new_balls': 1, 'unclaimed_balls': 1, 'device': <playfield.playfield>}
2024-10-15 19:13:11,125 : INFO : EventManager : Event: ======'playfield_ball_count_change'====== Args={'balls': 3, 'change': 1}
2024-10-15 19:13:11,125 : INFO : EventManager : Event: ======'balldevice_bd_vuk_back_ball_count_changed'====== Args={'balls': 0}
2024-10-15 19:13:11,126 : INFO : ball_device.bd_vuk_back : State: idle
2024-10-15 19:13:11,221 : INFO : ball_device.bd_vuk_upper : Confirming eject because target is playfield and ball did not return.
2024-10-15 19:13:11,221 : INFO : ball_device.bd_vuk_upper : Eject successful
2024-10-15 19:13:11,221 : INFO : EventManager : Event: ======'balldevice_bd_vuk_upper_ball_eject_success'====== Args={'balls': 1, 'target': <playfield.playfield>}
2024-10-15 19:13:11,222 : INFO : EventManager : Event: ======'balldevice_playfield_ball_enter'====== Args={'new_balls': 1, 'unclaimed_balls': 1, 'device': <playfield.playfield>}
2024-10-15 19:13:11,222 : INFO : EventManager : Event: ======'playfield_ball_count_change'====== Args={'balls': 4, 'change': 1}
2024-10-15 19:13:11,223 : INFO : EventManager : Event: ======'balldevice_bd_vuk_upper_ball_count_changed'====== Args={'balls': 0}
2024-10-15 19:13:11,223 : INFO : ball_device.bd_vuk_upper : State: idle
2024-10-15 19:13:11,961 : INFO : EventManager : Event: ======'balldevice_bd_kicker_orbit_ball_eject_failed'====== Args={'target': <playfield.playfield>, 'balls': 1, 'retry': True, 'num_attempts': 3}
2024-10-15 19:13:11,962 : INFO : ball_device.bd_kicker_orbit : State: waiting_for_target_ready
2024-10-15 19:13:11,962 : INFO : EventManager : Event: ======'balldevice_bd_kicker_orbit_ball_eject_attempt'====== Args={'balls': 1, 'target': <playfield.playfield>, 'source': <ball_device.bd_kicker_orbit>, 'mechanical_eject': False, 'num_attempts': 3}
2024-10-15 19:13:11,963 : INFO : ball_device.bd_kicker_orbit : State: ejecting
2024-10-15 19:13:11,963 : INFO : ball_device.bd_kicker_orbit : Ejecting ball to <playfield.playfield>
2024-10-15 19:13:11,963 : INFO : EventManager : Event: ======'balldevice_bd_kicker_orbit_ejecting_ball'====== Args={'balls': 1, 'target': <playfield.playfield>, 'source': <ball_device.bd_kicker_orbit>, 'mechanical_eject': False, 'num_attempts': 3}
2024-10-15 19:13:11,964 : INFO : ball_device.bd_kicker_orbit : Wait for ball to leave device
2024-10-15 19:13:11,964 : INFO : coil.c_kicker_orbit : Pulsing Driver for 20ms (1.0 pulse_power)
2024-10-15 19:13:12,851 : INFO : SwitchController : <<<<<<< 's_trough_4' inactive >>>>>>>
2024-10-15 19:13:12,959 : INFO : EventManager : Event: ======'balldevice_bd_b_lock_ball_eject_failed'====== Args={'target': <playfield.playfield>, 'balls': 1, 'retry': True, 'num_attempts': 2}
2024-10-15 19:13:12,960 : INFO : ball_device.bd_b_lock : State: waiting_for_target_ready
2024-10-15 19:13:12,960 : INFO : EventManager : Event: ======'balldevice_bd_b_lock_ball_eject_attempt'====== Args={'balls': 1, 'target': <playfield.playfield>, 'source': <ball_device.bd_b_lock>, 'mechanical_eject': False, 'num_attempts': 2}
2024-10-15 19:13:12,961 : INFO : ball_device.bd_b_lock : State: ejecting
2024-10-15 19:13:12,961 : INFO : ball_device.bd_b_lock : Ejecting ball to <playfield.playfield>
2024-10-15 19:13:12,961 : INFO : EventManager : Event: ======'balldevice_bd_b_lock_ejecting_ball'====== Args={'balls': 1, 'target': <playfield.playfield>, 'source': <ball_device.bd_b_lock>, 'mechanical_eject': False, 'num_attempts': 2}
2024-10-15 19:13:12,962 : INFO : ball_device.bd_b_lock : Wait for ball to leave device
2024-10-15 19:13:12,962 : INFO : coil.c_b_lock : Pulsing Driver for 100ms (0.7 pulse_power)
2024-10-15 19:13:12,964 : INFO : EventManager : Event: ======'balldevice_bd_kicker_orbit_ball_eject_failed'====== Args={'target': <playfield.playfield>, 'balls': 1, 'retry': True, 'num_attempts': 4}
2024-10-15 19:13:12,965 : INFO : ball_device.bd_kicker_orbit : State: waiting_for_target_ready
2024-10-15 19:13:12,965 : INFO : EventManager : Event: ======'balldevice_bd_kicker_orbit_ball_eject_attempt'====== Args={'balls': 1, 'target': <playfield.playfield>, 'source': <ball_device.bd_kicker_orbit>, 'mechanical_eject': False, 'num_attempts': 4}
2024-10-15 19:13:12,966 : INFO : ball_device.bd_kicker_orbit : State: ejecting
2024-10-15 19:13:12,966 : INFO : ball_device.bd_kicker_orbit : Ejecting ball to <playfield.playfield>
2024-10-15 19:13:12,966 : INFO : EventManager : Event: ======'balldevice_bd_kicker_orbit_ejecting_ball'====== Args={'balls': 1, 'target': <playfield.playfield>, 'source': <ball_device.bd_kicker_orbit>, 'mechanical_eject': False, 'num_attempts': 4}
2024-10-15 19:13:12,966 : INFO : ball_device.bd_kicker_orbit : Wait for ball to leave device
2024-10-15 19:13:13,074 : INFO : coil.c_kicker_orbit : Pulsing Driver for 20ms (1.0 pulse_power)
2024-10-15 19:13:13,302 : INFO : SwitchController : <<<<<<< 's_start' active >>>>>>>
2024-10-15 19:13:13,527 : INFO : SwitchController : <<<<<<< 's_start' inactive >>>>>>>
2024-10-15 19:13:13,528 : INFO : EventManager : Event: ======'request_to_start_game'====== Args={}
2024-10-15 19:13:13,529 : INFO : EventManager : Event: ======'collecting_balls'====== Args={}
2024-10-15 19:13:13,529 : INFO : BallController : Known balls: 8
2024-10-15 19:13:13,529 : INFO : BallController : bd_middle_scoop contains 0 balls. Tags []
2024-10-15 19:13:13,529 : INFO : BallController : bd_trough contains 2 balls. Tags ['trough', 'home', 'drain']
2024-10-15 19:13:13,530 : INFO : BallController : bd_autolauncher contains 0 balls. Tags []
2024-10-15 19:13:13,530 : INFO : BallController : bd_kicker_orbit contains 1 balls. Tags []
2024-10-15 19:13:13,530 : INFO : BallController : bd_lower_vuk contains 0 balls. Tags []
2024-10-15 19:13:13,530 : INFO : BallController : bd_vuk_back contains 0 balls. Tags []
2024-10-15 19:13:13,530 : INFO : BallController : bd_vuk_upper contains 0 balls. Tags []
2024-10-15 19:13:13,530 : INFO : BallController : bd_b_lock contains 1 balls. Tags []
2024-10-15 19:13:13,530 : INFO : BallController : playfield contains 4 balls. Tags ['default']
2024-10-15 19:13:13,530 : WARNING : BallController : BallController denies game start. Balls are not in their home positions.
2024-10-15 19:13:13,967 : INFO : EventManager : Event: ======'balldevice_bd_kicker_orbit_ball_eject_failed'====== Args={'target': <playfield.playfield>, 'balls': 1, 'retry': True, 'num_attempts': 5}
2024-10-15 19:13:13,969 : INFO : ball_device.bd_kicker_orbit : State: waiting_for_target_ready
2024-10-15 19:13:13,969 : INFO : EventManager : Event: ======'balldevice_bd_kicker_orbit_ball_eject_attempt'====== Args={'balls': 1, 'target': <playfield.playfield>, 'source': <ball_device.bd_kicker_orbit>, 'mechanical_eject': False, 'num_attempts': 5}
2024-10-15 19:13:13,969 : INFO : ball_device.bd_kicker_orbit : State: ejecting
2024-10-15 19:13:13,969 : INFO : ball_device.bd_kicker_orbit : Ejecting ball to <playfield.playfield>
2024-10-15 19:13:13,969 : INFO : EventManager : Event: ======'balldevice_bd_kicker_orbit_ejecting_ball'====== Args={'balls': 1, 'target': <playfield.playfield>, 'source': <ball_device.bd_kicker_orbit>, 'mechanical_eject': False, 'num_attempts': 5}
2024-10-15 19:13:13,970 : INFO : ball_device.bd_kicker_orbit : Wait for ball to leave device
2024-10-15 19:13:13,971 : INFO : coil.c_kicker_orbit : Pulsing Driver for 20ms (1.0 pulse_power)
2024-10-15 19:13:14,182 : INFO : SwitchController : <<<<<<< 's_flipper_but_r_1' active >>>>>>>
2024-10-15 19:13:14,226 : INFO : SwitchController : <<<<<<< 's_flipper_but_r_2' active >>>>>>>
2024-10-15 19:13:14,255 : INFO : SwitchController : <<<<<<< 's_flipper_but_l_1' active >>>>>>>
2024-10-15 19:13:14,259 : INFO : SwitchController : <<<<<<< 's_flipper_but_l_2' active >>>>>>>
2024-10-15 19:13:14,457 : INFO : SwitchController : <<<<<<< 's_flipper_but_r_2' inactive >>>>>>>
2024-10-15 19:13:14,460 : INFO : SwitchController : <<<<<<< 's_flipper_but_l_2' inactive >>>>>>>
2024-10-15 19:13:14,466 : INFO : SwitchController : <<<<<<< 's_flipper_but_l_1' inactive >>>>>>>
2024-10-15 19:13:14,475 : INFO : SwitchController : <<<<<<< 's_flipper_but_r_1' inactive >>>>>>>
2024-10-15 19:13:14,567 : INFO : SwitchController : <<<<<<< 's_flipper_but_r_1' active >>>>>>>
2024-10-15 19:13:14,571 : INFO : SwitchController : <<<<<<< 's_flipper_but_r_2' active >>>>>>>
2024-10-15 19:13:14,587 : INFO : SwitchController : <<<<<<< 's_flipper_but_l_1' active >>>>>>>
2024-10-15 19:13:14,590 : INFO : SwitchController : <<<<<<< 's_flipper_but_l_2' active >>>>>>>
2024-10-15 19:13:14,703 : INFO : SwitchController : <<<<<<< 's_flipper_but_r_2' inactive >>>>>>>
2024-10-15 19:13:14,721 : INFO : SwitchController : <<<<<<< 's_flipper_but_r_1' inactive >>>>>>>
2024-10-15 19:13:14,722 : INFO : SwitchController : <<<<<<< 's_flipper_but_l_2' inactive >>>>>>>
2024-10-15 19:13:14,728 : INFO : SwitchController : <<<<<<< 's_flipper_but_l_1' inactive >>>>>>>
2024-10-15 19:13:14,818 : INFO : SwitchController : <<<<<<< 's_flipper_but_r_1' active >>>>>>>
2024-10-15 19:13:14,825 : INFO : SwitchController : <<<<<<< 's_flipper_but_r_2' active >>>>>>>
2024-10-15 19:13:14,964 : INFO : EventManager : Event: ======'balldevice_bd_b_lock_ball_eject_failed'====== Args={'target': <playfield.playfield>, 'balls': 1, 'retry': True, 'num_attempts': 3}
2024-10-15 19:13:14,965 : INFO : ball_device.bd_b_lock : State: waiting_for_target_ready
2024-10-15 19:13:14,966 : INFO : EventManager : Event: ======'balldevice_bd_b_lock_ball_eject_attempt'====== Args={'balls': 1, 'target': <playfield.playfield>, 'source': <ball_device.bd_b_lock>, 'mechanical_eject': False, 'num_attempts': 3}
2024-10-15 19:13:14,966 : INFO : ball_device.bd_b_lock : State: ejecting
2024-10-15 19:13:14,966 : INFO : ball_device.bd_b_lock : Ejecting ball to <playfield.playfield>
2024-10-15 19:13:14,967 : INFO : EventManager : Event: ======'balldevice_bd_b_lock_ejecting_ball'====== Args={'balls': 1, 'target': <playfield.playfield>, 'source': <ball_device.bd_b_lock>, 'mechanical_eject': False, 'num_attempts': 3}
2024-10-15 19:13:14,967 : INFO : ball_device.bd_b_lock : Wait for ball to leave device
2024-10-15 19:13:14,967 : INFO : coil.c_b_lock : Pulsing Driver for 100ms (0.7 pulse_power)
2024-10-15 19:13:14,972 : INFO : EventManager : Event: ======'balldevice_bd_kicker_orbit_ball_eject_failed'====== Args={'target': <playfield.playfield>, 'balls': 1, 'retry': True, 'num_attempts': 6}
2024-10-15 19:13:14,972 : INFO : ball_device.bd_kicker_orbit : State: waiting_for_target_ready
2024-10-15 19:13:14,972 : INFO : EventManager : Event: ======'balldevice_bd_kicker_orbit_ball_eject_attempt'====== Args={'balls': 1, 'target': <playfield.playfield>, 'source': <ball_device.bd_kicker_orbit>, 'mechanical_eject': False, 'num_attempts': 6}
2024-10-15 19:13:14,972 : INFO : ball_device.bd_kicker_orbit : State: ejecting
2024-10-15 19:13:14,973 : INFO : ball_device.bd_kicker_orbit : Ejecting ball to <playfield.playfield>
2024-10-15 19:13:14,973 : INFO : EventManager : Event: ======'balldevice_bd_kicker_orbit_ejecting_ball'====== Args={'balls': 1, 'target': <playfield.playfield>, 'source': <ball_device.bd_kicker_orbit>, 'mechanical_eject': False, 'num_attempts': 6}
2024-10-15 19:13:14,973 : INFO : ball_device.bd_kicker_orbit : Wait for ball to leave device
2024-10-15 19:13:15,015 : INFO : SwitchController : <<<<<<< 's_flipper_but_r_2' inactive >>>>>>>
2024-10-15 19:13:15,033 : INFO : SwitchController : <<<<<<< 's_flipper_but_r_1' inactive >>>>>>>
2024-10-15 19:13:15,079 : INFO : coil.c_kicker_orbit : Pulsing Driver for 20ms (1.0 pulse_power)
2024-10-15 19:13:15,119 : INFO : SwitchController : <<<<<<< 's_flipper_but_r_1' active >>>>>>>
2024-10-15 19:13:15,123 : INFO : SwitchController : <<<<<<< 's_flipper_but_r_2' active >>>>>>>
2024-10-15 19:13:15,384 : INFO : SwitchController : <<<<<<< 's_flipper_but_r_2' inactive >>>>>>>
2024-10-15 19:13:15,403 : INFO : SwitchController : <<<<<<< 's_flipper_but_r_1' inactive >>>>>>>
2024-10-15 19:13:15,491 : INFO : SwitchController : <<<<<<< 's_flipper_but_r_1' active >>>>>>>
2024-10-15 19:13:15,495 : INFO : SwitchController : <<<<<<< 's_flipper_but_r_2' active >>>>>>>
2024-10-15 19:13:15,647 : INFO : SwitchController : <<<<<<< 's_flipper_but_l_1' active >>>>>>>
2024-10-15 19:13:15,650 : INFO : SwitchController : <<<<<<< 's_flipper_but_l_2' active >>>>>>>
2024-10-15 19:13:15,773 : INFO : SwitchController : <<<<<<< 's_flipper_but_r_2' inactive >>>>>>>
2024-10-15 19:13:15,793 : INFO : SwitchController : <<<<<<< 's_flipper_but_r_1' inactive >>>>>>>
2024-10-15 19:13:15,886 : INFO : SwitchController : <<<<<<< 's_flipper_but_l_2' inactive >>>>>>>
2024-10-15 19:13:15,905 : INFO : SwitchController : <<<<<<< 's_flipper_but_l_1' inactive >>>>>>>
2024-10-15 19:13:15,975 : INFO : EventManager : Event: ======'balldevice_bd_kicker_orbit_ball_eject_failed'====== Args={'target': <playfield.playfield>, 'balls': 1, 'retry': True, 'num_attempts': 7}
2024-10-15 19:13:15,976 : INFO : ball_device.bd_kicker_orbit : State: waiting_for_target_ready
2024-10-15 19:13:15,976 : INFO : EventManager : Event: ======'balldevice_bd_kicker_orbit_ball_eject_attempt'====== Args={'balls': 1, 'target': <playfield.playfield>, 'source': <ball_device.bd_kicker_orbit>, 'mechanical_eject': False, 'num_attempts': 7}
2024-10-15 19:13:15,976 : INFO : ball_device.bd_kicker_orbit : State: ejecting
2024-10-15 19:13:15,977 : INFO : ball_device.bd_kicker_orbit : Ejecting ball to <playfield.playfield>
2024-10-15 19:13:15,977 : INFO : EventManager : Event: ======'balldevice_bd_kicker_orbit_ejecting_ball'====== Args={'balls': 1, 'target': <playfield.playfield>, 'source': <ball_device.bd_kicker_orbit>, 'mechanical_eject': False, 'num_attempts': 7}
2024-10-15 19:13:15,977 : INFO : ball_device.bd_kicker_orbit : Wait for ball to leave device
2024-10-15 19:13:15,977 : INFO : coil.c_kicker_orbit : Pulsing Driver for 20ms (1.0 pulse_power)
2024-10-15 19:13:16,291 : INFO : SwitchController : <<<<<<< 's_launch' active >>>>>>>
2024-10-15 19:13:16,490 : INFO : SwitchController : <<<<<<< 's_launch' inactive >>>>>>>
2024-10-15 19:13:16,562 : INFO : SwitchController : <<<<<<< 's_launch' active >>>>>>>
2024-10-15 19:13:16,725 : INFO : SwitchController : <<<<<<< 's_launch' inactive >>>>>>>
2024-10-15 19:13:16,969 : INFO : EventManager : Event: ======'balldevice_bd_b_lock_ball_eject_failed'====== Args={'target': <playfield.playfield>, 'balls': 1, 'retry': True, 'num_attempts': 4}
2024-10-15 19:13:16,971 : INFO : ball_device.bd_b_lock : State: waiting_for_target_ready
2024-10-15 19:13:16,971 : INFO : EventManager : Event: ======'balldevice_bd_b_lock_ball_eject_attempt'====== Args={'balls': 1, 'target': <playfield.playfield>, 'source': <ball_device.bd_b_lock>, 'mechanical_eject': False, 'num_attempts': 4}
2024-10-15 19:13:16,972 : INFO : ball_device.bd_b_lock : State: ejecting
2024-10-15 19:13:16,972 : INFO : ball_device.bd_b_lock : Ejecting ball to <playfield.playfield>
2024-10-15 19:13:16,972 : INFO : EventManager : Event: ======'balldevice_bd_b_lock_ejecting_ball'====== Args={'balls': 1, 'target': <playfield.playfield>, 'source': <ball_device.bd_b_lock>, 'mechanical_eject': False, 'num_attempts': 4}
2024-10-15 19:13:16,974 : INFO : ball_device.bd_b_lock : Wait for ball to leave device
2024-10-15 19:13:16,974 : INFO : coil.c_b_lock : Pulsing Driver for 100ms (0.7 pulse_power)
2024-10-15 19:13:16,978 : INFO : EventManager : Event: ======'balldevice_bd_kicker_orbit_ball_eject_failed'====== Args={'target': <playfield.playfield>, 'balls': 1, 'retry': True, 'num_attempts': 8}
2024-10-15 19:13:16,979 : INFO : ball_device.bd_kicker_orbit : State: waiting_for_target_ready
2024-10-15 19:13:16,979 : INFO : EventManager : Event: ======'balldevice_bd_kicker_orbit_ball_eject_attempt'====== Args={'balls': 1, 'target': <playfield.playfield>, 'source': <ball_device.bd_kicker_orbit>, 'mechanical_eject': False, 'num_attempts': 8}
2024-10-15 19:13:16,979 : INFO : ball_device.bd_kicker_orbit : State: ejecting
2024-10-15 19:13:16,979 : INFO : ball_device.bd_kicker_orbit : Ejecting ball to <playfield.playfield>
2024-10-15 19:13:16,979 : INFO : EventManager : Event: ======'balldevice_bd_kicker_orbit_ejecting_ball'====== Args={'balls': 1, 'target': <playfield.playfield>, 'source': <ball_device.bd_kicker_orbit>, 'mechanical_eject': False, 'num_attempts': 8}
2024-10-15 19:13:16,980 : INFO : ball_device.bd_kicker_orbit : Wait for ball to leave device
2024-10-15 19:13:17,085 : INFO : coil.c_kicker_orbit : Pulsing Driver for 20ms (1.0 pulse_power)
2024-10-15 19:13:17,982 : INFO : EventManager : Event: ======'balldevice_bd_kicker_orbit_ball_eject_failed'====== Args={'target': <playfield.playfield>, 'balls': 1, 'retry': True, 'num_attempts': 9}
2024-10-15 19:13:17,984 : INFO : ball_device.bd_kicker_orbit : State: waiting_for_target_ready
2024-10-15 19:13:17,984 : INFO : EventManager : Event: ======'balldevice_bd_kicker_orbit_ball_eject_attempt'====== Args={'balls': 1, 'target': <playfield.playfield>, 'source': <ball_device.bd_kicker_orbit>, 'mechanical_eject': False, 'num_attempts': 9}
2024-10-15 19:13:17,984 : INFO : ball_device.bd_kicker_orbit : State: ejecting
2024-10-15 19:13:17,984 : INFO : ball_device.bd_kicker_orbit : Ejecting ball to <playfield.playfield>
2024-10-15 19:13:17,985 : INFO : EventManager : Event: ======'balldevice_bd_kicker_orbit_ejecting_ball'====== Args={'balls': 1, 'target': <playfield.playfield>, 'source': <ball_device.bd_kicker_orbit>, 'mechanical_eject': False, 'num_attempts': 9}
2024-10-15 19:13:17,985 : INFO : ball_device.bd_kicker_orbit : Wait for ball to leave device
2024-10-15 19:13:17,986 : INFO : coil.c_kicker_orbit : Pulsing Driver for 20ms (1.0 pulse_power)
2024-10-15 19:13:18,942 : INFO : drop_target_bank.dt_single : 1 targets are down. Will reset those.
2024-10-15 19:13:18,943 : INFO : coil.c_drop_single : Pulsing Driver for 60ms (0.75 pulse_power)
2024-10-15 19:13:18,976 : INFO : EventManager : Event: ======'balldevice_bd_b_lock_ball_eject_failed'====== Args={'target': <playfield.playfield>, 'balls': 1, 'retry': True, 'num_attempts': 5}
2024-10-15 19:13:18,977 : INFO : ball_device.bd_b_lock : State: waiting_for_target_ready
2024-10-15 19:13:18,978 : INFO : EventManager : Event: ======'balldevice_bd_b_lock_ball_eject_attempt'====== Args={'balls': 1, 'target': <playfield.playfield>, 'source': <ball_device.bd_b_lock>, 'mechanical_eject': False, 'num_attempts': 5}
2024-10-15 19:13:18,978 : INFO : ball_device.bd_b_lock : State: ejecting
2024-10-15 19:13:18,978 : INFO : ball_device.bd_b_lock : Ejecting ball to <playfield.playfield>
2024-10-15 19:13:18,978 : INFO : EventManager : Event: ======'balldevice_bd_b_lock_ejecting_ball'====== Args={'balls': 1, 'target': <playfield.playfield>, 'source': <ball_device.bd_b_lock>, 'mechanical_eject': False, 'num_attempts': 5}
2024-10-15 19:13:18,979 : INFO : ball_device.bd_b_lock : Wait for ball to leave device
2024-10-15 19:13:18,985 : INFO : SwitchController : <<<<<<< 's_drop_single' inactive >>>>>>>
2024-10-15 19:13:18,986 : INFO : EventManager : Event: ======'balldevice_bd_kicker_orbit_ball_eject_failed'====== Args={'target': <playfield.playfield>, 'balls': 1, 'retry': True, 'num_attempts': 10}
2024-10-15 19:13:18,987 : INFO : ball_device.bd_kicker_orbit : State: waiting_for_target_ready
2024-10-15 19:13:18,987 : INFO : EventManager : Event: ======'balldevice_bd_kicker_orbit_ball_eject_attempt'====== Args={'balls': 1, 'target': <playfield.playfield>, 'source': <ball_device.bd_kicker_orbit>, 'mechanical_eject': False, 'num_attempts': 10}
2024-10-15 19:13:18,988 : INFO : ball_device.bd_kicker_orbit : State: ejecting
2024-10-15 19:13:18,988 : INFO : ball_device.bd_kicker_orbit : Ejecting ball to <playfield.playfield>
2024-10-15 19:13:18,988 : INFO : EventManager : Event: ======'balldevice_bd_kicker_orbit_ejecting_ball'====== Args={'balls': 1, 'target': <playfield.playfield>, 'source': <ball_device.bd_kicker_orbit>, 'mechanical_eject': False, 'num_attempts': 10}
2024-10-15 19:13:18,989 : INFO : ball_device.bd_kicker_orbit : Wait for ball to leave device
2024-10-15 19:13:19,014 : INFO : coil.c_b_lock : Pulsing Driver for 100ms (0.7 pulse_power)
2024-10-15 19:13:19,052 : INFO : SwitchController : <<<<<<< 's_drop_single' active >>>>>>>
2024-10-15 19:13:19,124 : INFO : coil.c_kicker_orbit : Pulsing Driver for 20ms (1.0 pulse_power)
2024-10-15 19:13:19,991 : INFO : EventManager : Event: ======'balldevice_bd_kicker_orbit_ball_eject_failed'====== Args={'target': <playfield.playfield>, 'balls': 1, 'retry': True, 'num_attempts': 11}
2024-10-15 19:13:19,993 : INFO : ball_device.bd_kicker_orbit : State: waiting_for_target_ready
2024-10-15 19:13:19,993 : INFO : EventManager : Event: ======'balldevice_bd_kicker_orbit_ball_eject_attempt'====== Args={'balls': 1, 'target': <playfield.playfield>, 'source': <ball_device.bd_kicker_orbit>, 'mechanical_eject': False, 'num_attempts': 11}
2024-10-15 19:13:19,993 : INFO : ball_device.bd_kicker_orbit : State: ejecting
2024-10-15 19:13:19,993 : INFO : ball_device.bd_kicker_orbit : Ejecting ball to <playfield.playfield>
2024-10-15 19:13:19,993 : INFO : EventManager : Event: ======'balldevice_bd_kicker_orbit_ejecting_ball'====== Args={'balls': 1, 'target': <playfield.playfield>, 'source': <ball_device.bd_kicker_orbit>, 'mechanical_eject': False, 'num_attempts': 11}
2024-10-15 19:13:19,994 : INFO : ball_device.bd_kicker_orbit : Wait for ball to leave device
2024-10-15 19:13:19,994 : INFO : coil.c_kicker_orbit : Pulsing Driver for 20ms (1.0 pulse_power)
2024-10-15 19:13:20,981 : INFO : EventManager : Event: ======'balldevice_bd_b_lock_ball_eject_failed'====== Args={'target': <playfield.playfield>, 'balls': 1, 'retry': True, 'num_attempts': 6}
2024-10-15 19:13:20,983 : INFO : ball_device.bd_b_lock : State: waiting_for_target_ready
2024-10-15 19:13:20,983 : INFO : EventManager : Event: ======'balldevice_bd_b_lock_ball_eject_attempt'====== Args={'balls': 1, 'target': <playfield.playfield>, 'source': <ball_device.bd_b_lock>, 'mechanical_eject': False, 'num_attempts': 6}
2024-10-15 19:13:20,983 : INFO : ball_device.bd_b_lock : State: ejecting
2024-10-15 19:13:20,983 : INFO : ball_device.bd_b_lock : Ejecting ball to <playfield.playfield>
2024-10-15 19:13:20,984 : INFO : EventManager : Event: ======'balldevice_bd_b_lock_ejecting_ball'====== Args={'balls': 1, 'target': <playfield.playfield>, 'source': <ball_device.bd_b_lock>, 'mechanical_eject': False, 'num_attempts': 6}
2024-10-15 19:13:20,984 : INFO : ball_device.bd_b_lock : Wait for ball to leave device
2024-10-15 19:13:20,984 : INFO : coil.c_b_lock : Pulsing Driver for 100ms (0.7 pulse_power)
2024-10-15 19:13:20,995 : INFO : EventManager : Event: ======'balldevice_bd_kicker_orbit_ball_eject_failed'====== Args={'target': <playfield.playfield>, 'balls': 1, 'retry': True, 'num_attempts': 12}
2024-10-15 19:13:20,997 : INFO : ball_device.bd_kicker_orbit : State: waiting_for_target_ready
2024-10-15 19:13:20,997 : INFO : EventManager : Event: ======'balldevice_bd_kicker_orbit_ball_eject_attempt'====== Args={'balls': 1, 'target': <playfield.playfield>, 'source': <ball_device.bd_kicker_orbit>, 'mechanical_eject': False, 'num_attempts': 12}
2024-10-15 19:13:20,998 : INFO : ball_device.bd_kicker_orbit : State: ejecting
2024-10-15 19:13:20,998 : INFO : ball_device.bd_kicker_orbit : Ejecting ball to <playfield.playfield>
2024-10-15 19:13:20,998 : INFO : EventManager : Event: ======'balldevice_bd_kicker_orbit_ejecting_ball'====== Args={'balls': 1, 'target': <playfield.playfield>, 'source': <ball_device.bd_kicker_orbit>, 'mechanical_eject': False, 'num_attempts': 12}
2024-10-15 19:13:20,999 : INFO : ball_device.bd_kicker_orbit : Wait for ball to leave device
2024-10-15 19:13:21,096 : INFO : coil.c_kicker_orbit : Pulsing Driver for 20ms (1.0 pulse_power)
2024-10-15 19:13:22,000 : INFO : EventManager : Event: ======'balldevice_bd_kicker_orbit_ball_eject_failed'====== Args={'target': <playfield.playfield>, 'balls': 1, 'retry': True, 'num_attempts': 13}
2024-10-15 19:13:22,002 : INFO : ball_device.bd_kicker_orbit : State: waiting_for_target_ready
2024-10-15 19:13:22,002 : INFO : EventManager : Event: ======'balldevice_bd_kicker_orbit_ball_eject_attempt'====== Args={'balls': 1, 'target': <playfield.playfield>, 'source': <ball_device.bd_kicker_orbit>, 'mechanical_eject': False, 'num_attempts': 13}
2024-10-15 19:13:22,003 : INFO : ball_device.bd_kicker_orbit : State: ejecting
2024-10-15 19:13:22,003 : INFO : ball_device.bd_kicker_orbit : Ejecting ball to <playfield.playfield>
2024-10-15 19:13:22,003 : INFO : EventManager : Event: ======'balldevice_bd_kicker_orbit_ejecting_ball'====== Args={'balls': 1, 'target': <playfield.playfield>, 'source': <ball_device.bd_kicker_orbit>, 'mechanical_eject': False, 'num_attempts': 13}
2024-10-15 19:13:22,004 : INFO : ball_device.bd_kicker_orbit : Wait for ball to leave device
2024-10-15 19:13:22,004 : INFO : coil.c_kicker_orbit : Pulsing Driver for 20ms (1.0 pulse_power)
2024-10-15 19:13:22,986 : INFO : EventManager : Event: ======'balldevice_bd_b_lock_ball_eject_failed'====== Args={'target': <playfield.playfield>, 'balls': 1, 'retry': True, 'num_attempts': 7}
2024-10-15 19:13:22,987 : INFO : ball_device.bd_b_lock : State: waiting_for_target_ready
2024-10-15 19:13:22,988 : INFO : EventManager : Event: ======'balldevice_bd_b_lock_ball_eject_attempt'====== Args={'balls': 1, 'target': <playfield.playfield>, 'source': <ball_device.bd_b_lock>, 'mechanical_eject': False, 'num_attempts': 7}
2024-10-15 19:13:22,988 : INFO : ball_device.bd_b_lock : State: ejecting
2024-10-15 19:13:22,988 : INFO : ball_device.bd_b_lock : Ejecting ball to <playfield.playfield>
2024-10-15 19:13:22,988 : INFO : EventManager : Event: ======'balldevice_bd_b_lock_ejecting_ball'====== Args={'balls': 1, 'target': <playfield.playfield>, 'source': <ball_device.bd_b_lock>, 'mechanical_eject': False, 'num_attempts': 7}
2024-10-15 19:13:22,989 : INFO : ball_device.bd_b_lock : Wait for ball to leave device
2024-10-15 19:13:22,989 : INFO : coil.c_b_lock : Pulsing Driver for 100ms (0.7 pulse_power)
2024-10-15 19:13:23,005 : INFO : EventManager : Event: ======'balldevice_bd_kicker_orbit_ball_eject_failed'====== Args={'target': <playfield.playfield>, 'balls': 1, 'retry': True, 'num_attempts': 14}
2024-10-15 19:13:23,008 : INFO : ball_device.bd_kicker_orbit : State: waiting_for_target_ready
2024-10-15 19:13:23,008 : INFO : EventManager : Event: ======'balldevice_bd_kicker_orbit_ball_eject_attempt'====== Args={'balls': 1, 'target': <playfield.playfield>, 'source': <ball_device.bd_kicker_orbit>, 'mechanical_eject': False, 'num_attempts': 14}
2024-10-15 19:13:23,008 : INFO : ball_device.bd_kicker_orbit : State: ejecting
2024-10-15 19:13:23,008 : INFO : ball_device.bd_kicker_orbit : Ejecting ball to <playfield.playfield>
2024-10-15 19:13:23,009 : INFO : EventManager : Event: ======'balldevice_bd_kicker_orbit_ejecting_ball'====== Args={'balls': 1, 'target': <playfield.playfield>, 'source': <ball_device.bd_kicker_orbit>, 'mechanical_eject': False, 'num_attempts': 14}
2024-10-15 19:13:23,009 : INFO : ball_device.bd_kicker_orbit : Wait for ball to leave device
2024-10-15 19:13:23,100 : INFO : coil.c_kicker_orbit : Pulsing Driver for 20ms (1.0 pulse_power)
2024-10-15 19:13:24,011 : INFO : EventManager : Event: ======'balldevice_bd_kicker_orbit_ball_eject_failed'====== Args={'target': <playfield.playfield>, 'balls': 1, 'retry': True, 'num_attempts': 15}
2024-10-15 19:13:24,013 : INFO : ball_device.bd_kicker_orbit : State: waiting_for_target_ready
2024-10-15 19:13:24,013 : INFO : EventManager : Event: ======'balldevice_bd_kicker_orbit_ball_eject_attempt'====== Args={'balls': 1, 'target': <playfield.playfield>, 'source': <ball_device.bd_kicker_orbit>, 'mechanical_eject': False, 'num_attempts': 15}
2024-10-15 19:13:24,014 : INFO : ball_device.bd_kicker_orbit : State: ejecting
2024-10-15 19:13:24,014 : INFO : ball_device.bd_kicker_orbit : Ejecting ball to <playfield.playfield>
2024-10-15 19:13:24,014 : INFO : EventManager : Event: ======'balldevice_bd_kicker_orbit_ejecting_ball'====== Args={'balls': 1, 'target': <playfield.playfield>, 'source': <ball_device.bd_kicker_orbit>, 'mechanical_eject': False, 'num_attempts': 15}
2024-10-15 19:13:24,015 : INFO : ball_device.bd_kicker_orbit : Wait for ball to leave device
2024-10-15 19:13:24,015 : INFO : coil.c_kicker_orbit : Pulsing Driver for 20ms (1.0 pulse_power)
2024-10-15 19:13:24,991 : INFO : EventManager : Event: ======'balldevice_bd_b_lock_ball_eject_failed'====== Args={'target': <playfield.playfield>, 'balls': 1, 'retry': True, 'num_attempts': 8}
2024-10-15 19:13:24,993 : INFO : ball_device.bd_b_lock : State: waiting_for_target_ready
2024-10-15 19:13:24,993 : INFO : EventManager : Event: ======'balldevice_bd_b_lock_ball_eject_attempt'====== Args={'balls': 1, 'target': <playfield.playfield>, 'source': <ball_device.bd_b_lock>, 'mechanical_eject': False, 'num_attempts': 8}
2024-10-15 19:13:24,993 : INFO : ball_device.bd_b_lock : State: ejecting
2024-10-15 19:13:24,993 : INFO : ball_device.bd_b_lock : Ejecting ball to <playfield.playfield>
2024-10-15 19:13:24,994 : INFO : EventManager : Event: ======'balldevice_bd_b_lock_ejecting_ball'====== Args={'balls': 1, 'target': <playfield.playfield>, 'source': <ball_device.bd_b_lock>, 'mechanical_eject': False, 'num_attempts': 8}
2024-10-15 19:13:24,994 : INFO : ball_device.bd_b_lock : Wait for ball to leave device
2024-10-15 19:13:24,994 : INFO : coil.c_b_lock : Pulsing Driver for 100ms (0.7 pulse_power)
2024-10-15 19:13:25,016 : INFO : EventManager : Event: ======'balldevice_bd_kicker_orbit_ball_eject_failed'====== Args={'target': <playfield.playfield>, 'balls': 1, 'retry': True, 'num_attempts': 16}
2024-10-15 19:13:25,018 : INFO : ball_device.bd_kicker_orbit : State: waiting_for_target_ready
2024-10-15 19:13:25,018 : INFO : EventManager : Event: ======'balldevice_bd_kicker_orbit_ball_eject_attempt'====== Args={'balls': 1, 'target': <playfield.playfield>, 'source': <ball_device.bd_kicker_orbit>, 'mechanical_eject': False, 'num_attempts': 16}
2024-10-15 19:13:25,018 : INFO : ball_device.bd_kicker_orbit : State: ejecting
2024-10-15 19:13:25,019 : INFO : ball_device.bd_kicker_orbit : Ejecting ball to <playfield.playfield>
2024-10-15 19:13:25,019 : INFO : EventManager : Event: ======'balldevice_bd_kicker_orbit_ejecting_ball'====== Args={'balls': 1, 'target': <playfield.playfield>, 'source': <ball_device.bd_kicker_orbit>, 'mechanical_eject': False, 'num_attempts': 16}
2024-10-15 19:13:25,020 : INFO : ball_device.bd_kicker_orbit : Wait for ball to leave device
2024-10-15 19:13:25,106 : INFO : coil.c_kicker_orbit : Pulsing Driver for 20ms (1.0 pulse_power)
2024-10-15 19:13:26,021 : INFO : EventManager : Event: ======'balldevice_bd_kicker_orbit_ball_eject_failed'====== Args={'target': <playfield.playfield>, 'balls': 1, 'retry': True, 'num_attempts': 17}
2024-10-15 19:13:26,024 : INFO : ball_device.bd_kicker_orbit : State: waiting_for_target_ready
2024-10-15 19:13:26,024 : INFO : EventManager : Event: ======'balldevice_bd_kicker_orbit_ball_eject_attempt'====== Args={'balls': 1, 'target': <playfield.playfield>, 'source': <ball_device.bd_kicker_orbit>, 'mechanical_eject': False, 'num_attempts': 17}
2024-10-15 19:13:26,025 : INFO : ball_device.bd_kicker_orbit : State: ejecting
2024-10-15 19:13:26,025 : INFO : ball_device.bd_kicker_orbit : Ejecting ball to <playfield.playfield>
2024-10-15 19:13:26,025 : INFO : EventManager : Event: ======'balldevice_bd_kicker_orbit_ejecting_ball'====== Args={'balls': 1, 'target': <playfield.playfield>, 'source': <ball_device.bd_kicker_orbit>, 'mechanical_eject': False, 'num_attempts': 17}
2024-10-15 19:13:26,026 : INFO : ball_device.bd_kicker_orbit : Wait for ball to leave device
2024-10-15 19:13:26,026 : INFO : coil.c_kicker_orbit : Pulsing Driver for 20ms (1.0 pulse_power)
2024-10-15 19:13:26,996 : INFO : EventManager : Event: ======'balldevice_bd_b_lock_ball_eject_failed'====== Args={'target': <playfield.playfield>, 'balls': 1, 'retry': True, 'num_attempts': 9}
2024-10-15 19:13:26,998 : INFO : ball_device.bd_b_lock : State: waiting_for_target_ready
2024-10-15 19:13:26,998 : INFO : EventManager : Event: ======'balldevice_bd_b_lock_ball_eject_attempt'====== Args={'balls': 1, 'target': <playfield.playfield>, 'source': <ball_device.bd_b_lock>, 'mechanical_eject': False, 'num_attempts': 9}
2024-10-15 19:13:26,998 : INFO : ball_device.bd_b_lock : State: ejecting
2024-10-15 19:13:26,999 : INFO : ball_device.bd_b_lock : Ejecting ball to <playfield.playfield>
2024-10-15 19:13:26,999 : INFO : EventManager : Event: ======'balldevice_bd_b_lock_ejecting_ball'====== Args={'balls': 1, 'target': <playfield.playfield>, 'source': <ball_device.bd_b_lock>, 'mechanical_eject': False, 'num_attempts': 9}
2024-10-15 19:13:26,999 : INFO : ball_device.bd_b_lock : Wait for ball to leave device
2024-10-15 19:13:26,999 : INFO : coil.c_b_lock : Pulsing Driver for 100ms (0.7 pulse_power)
2024-10-15 19:13:27,026 : INFO : EventManager : Event: ======'balldevice_bd_kicker_orbit_ball_eject_failed'====== Args={'target': <playfield.playfield>, 'balls': 1, 'retry': True, 'num_attempts': 18}
2024-10-15 19:13:27,027 : INFO : ball_device.bd_kicker_orbit : State: waiting_for_target_ready
2024-10-15 19:13:27,027 : INFO : EventManager : Event: ======'balldevice_bd_kicker_orbit_ball_eject_attempt'====== Args={'balls': 1, 'target': <playfield.playfield>, 'source': <ball_device.bd_kicker_orbit>, 'mechanical_eject': False, 'num_attempts': 18}
2024-10-15 19:13:27,027 : INFO : ball_device.bd_kicker_orbit : State: ejecting
2024-10-15 19:13:27,027 : INFO : ball_device.bd_kicker_orbit : Ejecting ball to <playfield.playfield>
2024-10-15 19:13:27,027 : INFO : EventManager : Event: ======'balldevice_bd_kicker_orbit_ejecting_ball'====== Args={'balls': 1, 'target': <playfield.playfield>, 'source': <ball_device.bd_kicker_orbit>, 'mechanical_eject': False, 'num_attempts': 18}
2024-10-15 19:13:27,027 : INFO : ball_device.bd_kicker_orbit : Wait for ball to leave device
2024-10-15 19:13:27,110 : INFO : coil.c_kicker_orbit : Pulsing Driver for 20ms (1.0 pulse_power)
2024-10-15 19:13:28,029 : INFO : EventManager : Event: ======'balldevice_bd_kicker_orbit_ball_eject_failed'====== Args={'target': <playfield.playfield>, 'balls': 1, 'retry': True, 'num_attempts': 19}
2024-10-15 19:13:28,031 : INFO : ball_device.bd_kicker_orbit : State: waiting_for_target_ready
2024-10-15 19:13:28,031 : INFO : EventManager : Event: ======'balldevice_bd_kicker_orbit_ball_eject_attempt'====== Args={'balls': 1, 'target': <playfield.playfield>, 'source': <ball_device.bd_kicker_orbit>, 'mechanical_eject': False, 'num_attempts': 19}
2024-10-15 19:13:28,031 : INFO : ball_device.bd_kicker_orbit : State: ejecting
2024-10-15 19:13:28,032 : INFO : ball_device.bd_kicker_orbit : Ejecting ball to <playfield.playfield>
2024-10-15 19:13:28,032 : INFO : EventManager : Event: ======'balldevice_bd_kicker_orbit_ejecting_ball'====== Args={'balls': 1, 'target': <playfield.playfield>, 'source': <ball_device.bd_kicker_orbit>, 'mechanical_eject': False, 'num_attempts': 19}
2024-10-15 19:13:28,032 : INFO : ball_device.bd_kicker_orbit : Wait for ball to leave device
2024-10-15 19:13:28,033 : INFO : coil.c_kicker_orbit : Pulsing Driver for 20ms (1.0 pulse_power)
2024-10-15 19:13:28,914 : INFO : Machine : Shutting down...
2024-10-15 19:13:28,914 : INFO : EventManager : Event: ======'shutdown'====== Args={}
2024-10-15 19:13:29,028 : INFO : root : MPF run loop ended.
