2024-10-14 08:48:53,753 : INFO : root : Loading config.
2024-10-14 08:48:53,755 : INFO : YamlMultifileConfigLoader : Machine config file #1: config.yaml
2024-10-14 08:48:53,755 : WARNING : ConfigProcessor : Config file in cache changed: /Users/tannerpetch/Documents/GitHub/trashland_4/config/config.yaml
2024-10-14 08:48:53,755 : INFO : ConfigProcessor : Loading config from file /Library/Frameworks/Python.framework/Versions/3.9/lib/python3.9/site-packages/mpf/mpfconfig.yaml.
2024-10-14 08:48:53,760 : INFO : ConfigProcessor : Loading config: /Library/Frameworks/Python.framework/Versions/3.9/lib/python3.9/site-packages/mpf/mpfconfig.yaml
2024-10-14 08:48:53,761 : INFO : ConfigProcessor : Loading config from file /Users/tannerpetch/Documents/GitHub/trashland_4/config/config.yaml.
2024-10-14 08:48:53,762 : INFO : ConfigProcessor : Loading config: /Users/tannerpetch/Documents/GitHub/trashland_4/config/config.yaml
2024-10-14 08:48:53,763 : INFO : ConfigProcessor : Config file cache created: /var/folders/l2/q8hj_6s91xnb2jxg1sqm0h7r0000gn/T/fb4db0341b09a4be02e1d6b8eab00179.mpf_cache
2024-10-14 08:48:53,788 : INFO : ConfigProcessor : Loading config from cache: /var/folders/l2/q8hj_6s91xnb2jxg1sqm0h7r0000gn/T/c7af4841f7c2cabb0f971746daddf284.mpf_cache
2024-10-14 08:48:53,788 : INFO : ConfigProcessor : Loading config from cache: /var/folders/l2/q8hj_6s91xnb2jxg1sqm0h7r0000gn/T/edcc5f1d3215b377c9faab88c62e4ce0.mpf_cache
2024-10-14 08:48:53,788 : INFO : Machine : Mission Pinball Framework Core Engine v0.57.1.dev3
2024-10-14 08:48:53,788 : INFO : Machine : Command line arguments: {'no_load_cache': False, 'create_config_cache': True, 'bcp': False, 'configfile': ['config.yaml'], 'force_assets_load': False, 'platform_integration_test': False, 'jsonlogging': False, 'logfile': 'logs/2024-10-14-08-48-53-mpf-Tanners-Laptop.local.log', 'pause': False, 'production': False, 'text_ui': True, 'loglevel': 15, 'consoleloglevel': 20, 'force_platform': None, 'syslog_address': None, 'mc_file_name': None, 'no_sound': False}
2024-10-14 08:48:53,788 : INFO : Machine : MPF path: /Library/Frameworks/Python.framework/Versions/3.9/lib/python3.9/site-packages/mpf
2024-10-14 08:48:53,788 : INFO : Machine : Machine path: /Users/tannerpetch/Documents/GitHub/trashland_4
2024-10-14 08:48:53,788 : INFO : Machine : Platform: darwin
2024-10-14 08:48:53,788 : INFO : Machine : Python executable location: /Library/Frameworks/Python.framework/Versions/3.9/bin/python3.9
2024-10-14 08:48:53,788 : INFO : Machine : Python version: 3.9.13 (64-bit)
2024-10-14 08:48:53,789 : INFO : Machine : Initializing MPF...
2024-10-14 08:48:53,816 : INFO : FAST [NET] : Trying to connect to /dev/tty.usbmodem1401 at 921600bps
2024-10-14 08:48:53,821 : INFO : FAST [NET] : Connected to /dev/tty.usbmodem1401 at 921600bps
2024-10-14 08:48:53,822 : INFO : FAST [NET] : Connected to FP-CPU-2000 with firmware v02.21
2024-10-14 08:48:53,824 : INFO : FAST [NET] : Registered I/O Board 0: Model: FP-I/O-0804, Firmware: 01.10, Switches: 8, Drivers: 4
2024-10-14 08:48:53,825 : INFO : FAST [NET] : Registered I/O Board 1: Model: FP-I/O-0804, Firmware: 01.10, Switches: 8, Drivers: 4
2024-10-14 08:48:53,826 : INFO : FAST [NET] : Registered I/O Board 2: Model: FP-I/O-3208, Firmware: 01.10, Switches: 32, Drivers: 8
2024-10-14 08:48:53,827 : INFO : FAST [NET] : Registered I/O Board 3: Model: FP-I/O-1616, Firmware: 01.10, Switches: 16, Drivers: 16
2024-10-14 08:48:53,828 : INFO : FAST [NET] : Registered I/O Board 4: Model: FP-I/O-3208, Firmware: 01.10, Switches: 32, Drivers: 8
2024-10-14 08:48:53,828 : INFO : EventManager : Event: ======'machine_var_credits_string'====== Args={'value': 'FREE PLAY', 'prev_value': None, 'change': True}
2024-10-14 08:48:53,841 : INFO : EventManager : Event: ======'machine_var_master_volume'====== Args={'value': 0.5, 'prev_value': None, 'change': True}
2024-10-14 08:48:53,841 : INFO : EventManager : Event: ======'machine_var_mpf_version'====== Args={'value': 'Mission Pinball Framework v0.57.1.dev3', 'prev_value': None, 'change': True}
2024-10-14 08:48:53,841 : INFO : EventManager : Event: ======'machine_var_mpf_extended_version'====== Args={'value': 'Mission Pinball Framework v0.57.1.dev3, Config version:6, Show version: 6, BCP version:1.1', 'prev_value': None, 'change': True}
2024-10-14 08:48:53,841 : INFO : EventManager : Event: ======'machine_var_python_version'====== Args={'value': '3.9.13', 'prev_value': None, 'change': True}
2024-10-14 08:48:53,848 : INFO : EventManager : Event: ======'machine_var_platform'====== Args={'value': 'macOS-14.3-arm64-arm-64bit', 'prev_value': None, 'change': True}
2024-10-14 08:48:53,849 : INFO : EventManager : Event: ======'machine_var_platform_system'====== Args={'value': 'Darwin', 'prev_value': None, 'change': True}
2024-10-14 08:48:53,849 : INFO : EventManager : Event: ======'machine_var_platform_release'====== Args={'value': '23.3.0', 'prev_value': None, 'change': True}
2024-10-14 08:48:53,849 : INFO : EventManager : Event: ======'machine_var_platform_version'====== Args={'value': 'Darwin Kernel Version 23.3.0: Thu Dec 21 02:29:41 PST 2023; root:xnu-10002.81.5~11/RELEASE_ARM64_T8122', 'prev_value': None, 'change': True}
2024-10-14 08:48:53,849 : INFO : EventManager : Event: ======'machine_var_platform_machine'====== Args={'value': 'arm64', 'prev_value': None, 'change': True}
2024-10-14 08:48:53,849 : INFO : EventManager : Event: ======'init_phase_1'====== Args={}
2024-10-14 08:48:53,948 : WARNING : Machine : Iterating device collections directly is deprecated and will be removed. Access by value(): device_collections[switches] -> device_collections['switches'].values()
2024-10-14 08:48:53,948 : INFO : SwitchController : <<<<<<< 's_outlane_l' active >>>>>>>
2024-10-14 08:48:53,948 : INFO : SwitchController : <<<<<<< 's_inlane_l' active >>>>>>>
2024-10-14 08:48:53,948 : INFO : SwitchController : <<<<<<< 's_trough_5' active >>>>>>>
2024-10-14 08:48:53,948 : INFO : EventManager : Event: ======'init_phase_2'====== Args={}
2024-10-14 08:48:53,948 : INFO : SwitchController : Found active switch: (16, [FAST Platform Interface]) <switch.s_outlane_l>
2024-10-14 08:48:53,948 : INFO : SwitchController : Found active switch: (17, [FAST Platform Interface]) <switch.s_inlane_l>
2024-10-14 08:48:53,948 : INFO : SwitchController : Found active switch: (25, [FAST Platform Interface]) <switch.s_trough_5>
2024-10-14 08:48:53,951 : INFO : EventManager : Event: ======'init_phase_3'====== Args={}
2024-10-14 08:48:53,952 : INFO : EventManager : Event: ======'init_phase_4'====== Args={}
2024-10-14 08:48:53,953 : ERROR : asyncio : Exception in callback EventManager._queue_task_done(<Task finishe...s_trough_6>')>)
handle: <Handle EventManager._queue_task_done(<Task finishe...s_trough_6>')>)>
Traceback (most recent call last):
  File "/Library/Frameworks/Python.framework/Versions/3.9/lib/python3.9/asyncio/events.py", line 80, in _run
    self._context.run(self._callback, *self._args)
  File "/Library/Frameworks/Python.framework/Versions/3.9/lib/python3.9/site-packages/mpf/core/events.py", line 795, in _queue_task_done
    future.result()
  File "/Library/Frameworks/Python.framework/Versions/3.9/lib/python3.9/site-packages/mpf/core/events.py", line 708, in _run_handlers_sequential
    handler.callback(queue=queue, **merged_kwargs)
  File "/Library/Frameworks/Python.framework/Versions/3.9/lib/python3.9/site-packages/mpf/devices/switch.py", line 80, in _check_duplicate_switch_numbers
    raise AssertionError(
AssertionError: Duplicate switch number 24 for switch <switch.s_trough_6>
2024-10-14 08:48:53,954 : INFO : Machine : Starting the main run loop.
2024-10-14 08:48:53,954 : INFO : Machine : Shutting down...
2024-10-14 08:48:53,954 : INFO : EventManager : Event: ======'shutdown'====== Args={}
2024-10-14 08:48:55,058 : ERROR : Machine : Runtime Exception
Traceback (most recent call last):
  File "/Library/Frameworks/Python.framework/Versions/3.9/lib/python3.9/site-packages/mpf/core/machine.py", line 793, in _run_loop
    raise self._exception['exception']
  File "/Library/Frameworks/Python.framework/Versions/3.9/lib/python3.9/asyncio/events.py", line 80, in _run
    self._context.run(self._callback, *self._args)
  File "/Library/Frameworks/Python.framework/Versions/3.9/lib/python3.9/site-packages/mpf/core/events.py", line 795, in _queue_task_done
    future.result()
  File "/Library/Frameworks/Python.framework/Versions/3.9/lib/python3.9/site-packages/mpf/core/events.py", line 708, in _run_handlers_sequential
    handler.callback(queue=queue, **merged_kwargs)
  File "/Library/Frameworks/Python.framework/Versions/3.9/lib/python3.9/site-packages/mpf/devices/switch.py", line 80, in _check_duplicate_switch_numbers
    raise AssertionError(
AssertionError: Duplicate switch number 24 for switch <switch.s_trough_6>
2024-10-14 08:49:13,293 : INFO : root : MPF run loop ended.
