2024-10-14 21:57:37,756 : INFO : root : Loading config.
2024-10-14 21:57:37,758 : INFO : YamlMultifileConfigLoader : Machine config file #1: config.yaml
2024-10-14 21:57:37,758 : INFO : ConfigProcessor : Loading config from cache: /var/folders/l2/q8hj_6s91xnb2jxg1sqm0h7r0000gn/T/fb4db0341b09a4be02e1d6b8eab00179.mpf_cache
2024-10-14 21:57:37,784 : INFO : ConfigProcessor : Loading config from cache: /var/folders/l2/q8hj_6s91xnb2jxg1sqm0h7r0000gn/T/c7af4841f7c2cabb0f971746daddf284.mpf_cache
2024-10-14 21:57:37,784 : INFO : ConfigProcessor : Loading config from cache: /var/folders/l2/q8hj_6s91xnb2jxg1sqm0h7r0000gn/T/edcc5f1d3215b377c9faab88c62e4ce0.mpf_cache
2024-10-14 21:57:37,784 : INFO : Machine : Mission Pinball Framework Core Engine v0.57.1.dev3
2024-10-14 21:57:37,784 : INFO : Machine : Command line arguments: {'no_load_cache': False, 'create_config_cache': True, 'bcp': False, 'configfile': ['config.yaml'], 'force_assets_load': False, 'platform_integration_test': False, 'jsonlogging': False, 'logfile': 'logs/2024-10-14-21-57-37-mpf-Tanners-Laptop.local.log', 'pause': False, 'production': False, 'text_ui': True, 'loglevel': 15, 'consoleloglevel': 20, 'force_platform': None, 'syslog_address': None, 'mc_file_name': None, 'no_sound': False}
2024-10-14 21:57:37,784 : INFO : Machine : MPF path: /Library/Frameworks/Python.framework/Versions/3.9/lib/python3.9/site-packages/mpf
2024-10-14 21:57:37,784 : INFO : Machine : Machine path: /Users/tannerpetch/Documents/GitHub/trashland_4
2024-10-14 21:57:37,784 : INFO : Machine : Platform: darwin
2024-10-14 21:57:37,784 : INFO : Machine : Python executable location: /Library/Frameworks/Python.framework/Versions/3.9/bin/python3.9
2024-10-14 21:57:37,784 : INFO : Machine : Python version: 3.9.13 (64-bit)
2024-10-14 21:57:37,785 : INFO : Machine : Initializing MPF...
2024-10-14 21:57:37,815 : INFO : FAST [NET] : Trying to connect to /dev/tty.usbmodem1401 at 921600bps
2024-10-14 21:57:37,821 : INFO : FAST [NET] : Connected to /dev/tty.usbmodem1401 at 921600bps
2024-10-14 21:57:37,822 : INFO : FAST [NET] : Connected to FP-CPU-2000 with firmware v02.21
2024-10-14 21:57:37,824 : INFO : FAST [NET] : Registered I/O Board 0: Model: FP-I/O-0804, Firmware: 01.10, Switches: 8, Drivers: 4
2024-10-14 21:57:37,825 : INFO : FAST [NET] : Registered I/O Board 1: Model: FP-I/O-0804, Firmware: 01.10, Switches: 8, Drivers: 4
2024-10-14 21:57:37,826 : INFO : FAST [NET] : Registered I/O Board 2: Model: FP-I/O-3208, Firmware: 01.10, Switches: 32, Drivers: 8
2024-10-14 21:57:37,827 : INFO : FAST [NET] : Registered I/O Board 3: Model: FP-I/O-1616, Firmware: 01.10, Switches: 16, Drivers: 16
2024-10-14 21:57:37,828 : INFO : FAST [NET] : Registered I/O Board 4: Model: FP-I/O-3208, Firmware: 01.10, Switches: 32, Drivers: 8
2024-10-14 21:57:37,828 : INFO : EventManager : Event: ======'machine_var_credits_string'====== Args={'value': 'FREE PLAY', 'prev_value': None, 'change': True}
2024-10-14 21:57:37,841 : INFO : EventManager : Event: ======'machine_var_master_volume'====== Args={'value': 0.5, 'prev_value': None, 'change': True}
2024-10-14 21:57:37,842 : INFO : EventManager : Event: ======'machine_var_player1_score'====== Args={'value': 0, 'prev_value': None, 'change': True}
2024-10-14 21:57:37,842 : INFO : EventManager : Event: ======'machine_var_mpf_version'====== Args={'value': 'Mission Pinball Framework v0.57.1.dev3', 'prev_value': None, 'change': True}
2024-10-14 21:57:37,842 : INFO : EventManager : Event: ======'machine_var_mpf_extended_version'====== Args={'value': 'Mission Pinball Framework v0.57.1.dev3, Config version:6, Show version: 6, BCP version:1.1', 'prev_value': None, 'change': True}
2024-10-14 21:57:37,842 : INFO : EventManager : Event: ======'machine_var_python_version'====== Args={'value': '3.9.13', 'prev_value': None, 'change': True}
2024-10-14 21:57:37,849 : INFO : EventManager : Event: ======'machine_var_platform'====== Args={'value': 'macOS-14.3-arm64-arm-64bit', 'prev_value': None, 'change': True}
2024-10-14 21:57:37,849 : INFO : EventManager : Event: ======'machine_var_platform_system'====== Args={'value': 'Darwin', 'prev_value': None, 'change': True}
2024-10-14 21:57:37,849 : INFO : EventManager : Event: ======'machine_var_platform_release'====== Args={'value': '23.3.0', 'prev_value': None, 'change': True}
2024-10-14 21:57:37,849 : INFO : EventManager : Event: ======'machine_var_platform_version'====== Args={'value': 'Darwin Kernel Version 23.3.0: Thu Dec 21 02:29:41 PST 2023; root:xnu-10002.81.5~11/RELEASE_ARM64_T8122', 'prev_value': None, 'change': True}
2024-10-14 21:57:37,849 : INFO : EventManager : Event: ======'machine_var_platform_machine'====== Args={'value': 'arm64', 'prev_value': None, 'change': True}
2024-10-14 21:57:37,849 : INFO : EventManager : Event: ======'init_phase_1'====== Args={}
2024-10-14 21:57:37,957 : WARNING : Machine : Iterating device collections directly is deprecated and will be removed. Access by value(): device_collections[switches] -> device_collections['switches'].values()
2024-10-14 21:57:37,957 : INFO : SwitchController : <<<<<<< 's_outlane_l' active >>>>>>>
2024-10-14 21:57:37,957 : INFO : SwitchController : <<<<<<< 's_trough_2' active >>>>>>>
2024-10-14 21:57:37,957 : INFO : SwitchController : <<<<<<< 's_trough_1' active >>>>>>>
2024-10-14 21:57:37,957 : INFO : SwitchController : <<<<<<< 's_drop_m' active >>>>>>>
2024-10-14 21:57:37,957 : INFO : SwitchController : <<<<<<< 's_drop_l' active >>>>>>>
2024-10-14 21:57:37,957 : INFO : SwitchController : <<<<<<< 's_drop_single' active >>>>>>>
2024-10-14 21:57:37,958 : INFO : EventManager : Event: ======'init_phase_2'====== Args={}
2024-10-14 21:57:37,958 : INFO : SwitchController : Found active switch: (16, [FAST Platform Interface]) <switch.s_outlane_l>
2024-10-14 21:57:37,958 : INFO : SwitchController : Found active switch: (28, [FAST Platform Interface]) <switch.s_trough_2>
2024-10-14 21:57:37,958 : INFO : SwitchController : Found active switch: (30, [FAST Platform Interface]) <switch.s_trough_1>
2024-10-14 21:57:37,958 : INFO : SwitchController : Found active switch: (50, [FAST Platform Interface]) <switch.s_drop_m>
2024-10-14 21:57:37,958 : INFO : SwitchController : Found active switch: (51, [FAST Platform Interface]) <switch.s_drop_l>
2024-10-14 21:57:37,958 : INFO : SwitchController : Found active switch: (57, [FAST Platform Interface]) <switch.s_drop_single>
2024-10-14 21:57:37,959 : INFO : ball_device.bd_middle_scoop : BCH: Initial count: 0
2024-10-14 21:57:37,959 : INFO : ball_device.bd_middle_scoop : State: idle
2024-10-14 21:57:38,459 : INFO : ball_device.bd_trough : BCH: Initial count: 1
2024-10-14 21:57:38,459 : INFO : ball_device.bd_trough : State: idle
2024-10-14 21:57:38,460 : INFO : ball_device.bd_autolauncher : BCH: Initial count: 0
2024-10-14 21:57:38,460 : INFO : ball_device.bd_autolauncher : State: idle
2024-10-14 21:57:38,461 : INFO : ball_device.bd_kicker_orbit : BCH: Initial count: 0
2024-10-14 21:57:38,461 : INFO : ball_device.bd_kicker_orbit : State: idle
2024-10-14 21:57:38,462 : INFO : ball_device.bd_lower_vuk : BCH: Initial count: 0
2024-10-14 21:57:38,462 : INFO : ball_device.bd_lower_vuk : State: idle
2024-10-14 21:57:38,463 : INFO : ball_device.bd_vuk_back : BCH: Initial count: 0
2024-10-14 21:57:38,463 : INFO : ball_device.bd_vuk_back : State: idle
2024-10-14 21:57:38,463 : INFO : ball_device.bd_vuk_upper : BCH: Initial count: 0
2024-10-14 21:57:38,463 : INFO : ball_device.bd_vuk_upper : State: idle
2024-10-14 21:57:38,464 : INFO : ball_device.bd_b_lock : BCH: Initial count: 0
2024-10-14 21:57:38,464 : INFO : ball_device.bd_b_lock : State: idle
2024-10-14 21:57:38,475 : INFO : EventManager : Event: ======'init_phase_3'====== Args={}
2024-10-14 21:57:38,476 : INFO : EventManager : Event: ======'init_phase_4'====== Args={}
2024-10-14 21:57:38,476 : INFO : BallController : Initial balls found: 1
2024-10-14 21:57:38,477 : INFO : EventManager : Event: ======'machine_var_audits_events_game_ended'====== Args={'value': 1, 'prev_value': None, 'change': True}
2024-10-14 21:57:38,477 : INFO : EventManager : Event: ======'machine_var_audits_events_game_started'====== Args={'value': 8, 'prev_value': None, 'change': True}
2024-10-14 21:57:38,477 : INFO : EventManager : Event: ======'machine_var_audits_missing_switches_s_b_eos'====== Args={'value': 1, 'prev_value': None, 'change': True}
2024-10-14 21:57:38,477 : INFO : EventManager : Event: ======'machine_var_audits_missing_switches_s_b_pop'====== Args={'value': 4, 'prev_value': None, 'change': True}
2024-10-14 21:57:38,477 : INFO : EventManager : Event: ======'machine_var_audits_missing_switches_s_b_rollover_interchange'====== Args={'value': 4, 'prev_value': None, 'change': True}
2024-10-14 21:57:38,477 : INFO : EventManager : Event: ======'machine_var_audits_missing_switches_s_b_rollover_loop'====== Args={'value': 4, 'prev_value': None, 'change': True}
2024-10-14 21:57:38,477 : INFO : EventManager : Event: ======'machine_var_audits_missing_switches_s_b_rollover_misc'====== Args={'value': 4, 'prev_value': None, 'change': True}
2024-10-14 21:57:38,477 : INFO : EventManager : Event: ======'machine_var_audits_missing_switches_s_b_target_left'====== Args={'value': 4, 'prev_value': None, 'change': True}
2024-10-14 21:57:38,477 : INFO : EventManager : Event: ======'machine_var_audits_missing_switches_s_b_target_right'====== Args={'value': 4, 'prev_value': None, 'change': True}
2024-10-14 21:57:38,477 : INFO : EventManager : Event: ======'machine_var_audits_missing_switches_s_bot'====== Args={'value': 8, 'prev_value': None, 'change': True}
2024-10-14 21:57:38,477 : INFO : EventManager : Event: ======'machine_var_audits_missing_switches_s_bot_mid'====== Args={'value': 8, 'prev_value': None, 'change': True}
2024-10-14 21:57:38,477 : INFO : EventManager : Event: ======'machine_var_audits_missing_switches_s_captive_l'====== Args={'value': 8, 'prev_value': None, 'change': True}
2024-10-14 21:57:38,477 : INFO : EventManager : Event: ======'machine_var_audits_missing_switches_s_captive_r'====== Args={'value': 8, 'prev_value': None, 'change': True}
2024-10-14 21:57:38,477 : INFO : EventManager : Event: ======'machine_var_audits_missing_switches_s_drop_l'====== Args={'value': 8, 'prev_value': None, 'change': True}
2024-10-14 21:57:38,477 : INFO : EventManager : Event: ======'machine_var_audits_missing_switches_s_drop_m'====== Args={'value': 6, 'prev_value': None, 'change': True}
2024-10-14 21:57:38,477 : INFO : EventManager : Event: ======'machine_var_audits_missing_switches_s_drop_r'====== Args={'value': 8, 'prev_value': None, 'change': True}
2024-10-14 21:57:38,478 : INFO : EventManager : Event: ======'machine_var_audits_missing_switches_s_drop_single'====== Args={'value': 8, 'prev_value': None, 'change': True}
2024-10-14 21:57:38,478 : INFO : EventManager : Event: ======'machine_var_audits_missing_switches_s_flipper_l'====== Args={'value': 1, 'prev_value': None, 'change': True}
2024-10-14 21:57:38,478 : INFO : EventManager : Event: ======'machine_var_audits_missing_switches_s_flipper_r'====== Args={'value': 1, 'prev_value': None, 'change': True}
2024-10-14 21:57:38,478 : INFO : EventManager : Event: ======'machine_var_audits_missing_switches_s_flipper_upper_l'====== Args={'value': 1, 'prev_value': None, 'change': True}
2024-10-14 21:57:38,478 : INFO : EventManager : Event: ======'machine_var_audits_missing_switches_s_inlane_l'====== Args={'value': 6, 'prev_value': None, 'change': True}
2024-10-14 21:57:38,478 : INFO : EventManager : Event: ======'machine_var_audits_missing_switches_s_kicker_orbit'====== Args={'value': 1, 'prev_value': None, 'change': True}
2024-10-14 21:57:38,478 : INFO : EventManager : Event: ======'machine_var_audits_missing_switches_s_kicking_target'====== Args={'value': 4, 'prev_value': None, 'change': True}
2024-10-14 21:57:38,478 : INFO : EventManager : Event: ======'machine_var_audits_missing_switches_s_lock_1'====== Args={'value': 4, 'prev_value': None, 'change': True}
2024-10-14 21:57:38,478 : INFO : EventManager : Event: ======'machine_var_audits_missing_switches_s_lock_2'====== Args={'value': 4, 'prev_value': None, 'change': True}
2024-10-14 21:57:38,478 : INFO : EventManager : Event: ======'machine_var_audits_missing_switches_s_lock_3'====== Args={'value': 4, 'prev_value': None, 'change': True}
2024-10-14 21:57:38,478 : INFO : EventManager : Event: ======'machine_var_audits_missing_switches_s_lower_orbit'====== Args={'value': 8, 'prev_value': None, 'change': True}
2024-10-14 21:57:38,478 : INFO : EventManager : Event: ======'machine_var_audits_missing_switches_s_lower_single'====== Args={'value': 8, 'prev_value': None, 'change': True}
2024-10-14 21:57:38,478 : INFO : EventManager : Event: ======'machine_var_audits_missing_switches_s_lower_sling'====== Args={'value': 8, 'prev_value': None, 'change': True}
2024-10-14 21:57:38,478 : INFO : EventManager : Event: ======'machine_var_audits_missing_switches_s_lower_transfer'====== Args={'value': 8, 'prev_value': None, 'change': True}
2024-10-14 21:57:38,478 : INFO : EventManager : Event: ======'machine_var_audits_missing_switches_s_lower_vuk'====== Args={'value': 1, 'prev_value': None, 'change': True}
2024-10-14 21:57:38,478 : INFO : EventManager : Event: ======'machine_var_audits_missing_switches_s_middle_scoop'====== Args={'value': 5, 'prev_value': None, 'change': True}
2024-10-14 21:57:38,478 : INFO : EventManager : Event: ======'machine_var_audits_missing_switches_s_orbit_small_l'====== Args={'value': 1, 'prev_value': None, 'change': True}
2024-10-14 21:57:38,478 : INFO : EventManager : Event: ======'machine_var_audits_missing_switches_s_orbit_small_r'====== Args={'value': 6, 'prev_value': None, 'change': True}
2024-10-14 21:57:38,478 : INFO : EventManager : Event: ======'machine_var_audits_missing_switches_s_outlane_l'====== Args={'value': 8, 'prev_value': None, 'change': True}
2024-10-14 21:57:38,479 : INFO : EventManager : Event: ======'machine_var_audits_missing_switches_s_outlane_r'====== Args={'value': 8, 'prev_value': None, 'change': True}
2024-10-14 21:57:38,479 : INFO : EventManager : Event: ======'machine_var_audits_missing_switches_s_pop'====== Args={'value': 1, 'prev_value': None, 'change': True}
2024-10-14 21:57:38,479 : INFO : EventManager : Event: ======'machine_var_audits_missing_switches_s_scissor_save'====== Args={'value': 8, 'prev_value': None, 'change': True}
2024-10-14 21:57:38,479 : INFO : EventManager : Event: ======'machine_var_audits_missing_switches_s_sling_l'====== Args={'value': 6, 'prev_value': None, 'change': True}
2024-10-14 21:57:38,479 : INFO : EventManager : Event: ======'machine_var_audits_missing_switches_s_stationary_l'====== Args={'value': 1, 'prev_value': None, 'change': True}
2024-10-14 21:57:38,479 : INFO : EventManager : Event: ======'machine_var_audits_missing_switches_s_stationary_m'====== Args={'value': 6, 'prev_value': None, 'change': True}
2024-10-14 21:57:38,479 : INFO : EventManager : Event: ======'machine_var_audits_missing_switches_s_stationary_r'====== Args={'value': 6, 'prev_value': None, 'change': True}
2024-10-14 21:57:38,479 : INFO : EventManager : Event: ======'machine_var_audits_missing_switches_s_subway'====== Args={'value': 6, 'prev_value': None, 'change': True}
2024-10-14 21:57:38,479 : INFO : EventManager : Event: ======'machine_var_audits_missing_switches_s_tilt'====== Args={'value': 8, 'prev_value': None, 'change': True}
2024-10-14 21:57:38,479 : INFO : EventManager : Event: ======'machine_var_audits_missing_switches_s_top'====== Args={'value': 8, 'prev_value': None, 'change': True}
2024-10-14 21:57:38,479 : INFO : EventManager : Event: ======'machine_var_audits_missing_switches_s_top_mid'====== Args={'value': 8, 'prev_value': None, 'change': True}
2024-10-14 21:57:38,479 : INFO : EventManager : Event: ======'machine_var_audits_missing_switches_s_u_lane_l'====== Args={'value': 4, 'prev_value': None, 'change': True}
2024-10-14 21:57:38,479 : INFO : EventManager : Event: ======'machine_var_audits_missing_switches_s_u_lane_r'====== Args={'value': 4, 'prev_value': None, 'change': True}
2024-10-14 21:57:38,479 : INFO : EventManager : Event: ======'machine_var_audits_missing_switches_s_u_rollover'====== Args={'value': 4, 'prev_value': None, 'change': True}
2024-10-14 21:57:38,480 : INFO : EventManager : Event: ======'machine_var_audits_missing_switches_s_u_target'====== Args={'value': 4, 'prev_value': None, 'change': True}
2024-10-14 21:57:38,480 : INFO : EventManager : Event: ======'machine_var_audits_missing_switches_s_vuk_upper'====== Args={'value': 2, 'prev_value': None, 'change': True}
2024-10-14 21:57:38,480 : INFO : EventManager : Event: ======'machine_var_audits_player_score'====== Args={'value': {'average': 0, 'top': [0], 'total': 1}, 'prev_value': None, 'change': True}
2024-10-14 21:57:38,480 : INFO : EventManager : Event: ======'machine_var_audits_switches_s_autolauncher'====== Args={'value': 10, 'prev_value': None, 'change': True}
2024-10-14 21:57:38,480 : INFO : EventManager : Event: ======'machine_var_audits_switches_s_b_eos'====== Args={'value': 5, 'prev_value': None, 'change': True}
2024-10-14 21:57:38,480 : INFO : EventManager : Event: ======'machine_var_audits_switches_s_b_pop'====== Args={'value': 0, 'prev_value': None, 'change': True}
2024-10-14 21:57:38,480 : INFO : EventManager : Event: ======'machine_var_audits_switches_s_b_rollover_interchange'====== Args={'value': 0, 'prev_value': None, 'change': True}
2024-10-14 21:57:38,480 : INFO : EventManager : Event: ======'machine_var_audits_switches_s_b_rollover_loop'====== Args={'value': 0, 'prev_value': None, 'change': True}
2024-10-14 21:57:38,480 : INFO : EventManager : Event: ======'machine_var_audits_switches_s_b_rollover_misc'====== Args={'value': 0, 'prev_value': None, 'change': True}
2024-10-14 21:57:38,480 : INFO : EventManager : Event: ======'machine_var_audits_switches_s_b_target_left'====== Args={'value': 0, 'prev_value': None, 'change': True}
2024-10-14 21:57:38,480 : INFO : EventManager : Event: ======'machine_var_audits_switches_s_b_target_right'====== Args={'value': 0, 'prev_value': None, 'change': True}
2024-10-14 21:57:38,480 : INFO : EventManager : Event: ======'machine_var_audits_switches_s_bot'====== Args={'value': 0, 'prev_value': None, 'change': True}
2024-10-14 21:57:38,480 : INFO : EventManager : Event: ======'machine_var_audits_switches_s_bot_mid'====== Args={'value': 0, 'prev_value': None, 'change': True}
2024-10-14 21:57:38,481 : INFO : EventManager : Event: ======'machine_var_audits_switches_s_captive_l'====== Args={'value': 0, 'prev_value': None, 'change': True}
2024-10-14 21:57:38,481 : INFO : EventManager : Event: ======'machine_var_audits_switches_s_captive_r'====== Args={'value': 0, 'prev_value': None, 'change': True}
2024-10-14 21:57:38,481 : INFO : EventManager : Event: ======'machine_var_audits_switches_s_drop_l'====== Args={'value': 0, 'prev_value': None, 'change': True}
2024-10-14 21:57:38,481 : INFO : EventManager : Event: ======'machine_var_audits_switches_s_drop_m'====== Args={'value': 1, 'prev_value': None, 'change': True}
2024-10-14 21:57:38,481 : INFO : EventManager : Event: ======'machine_var_audits_switches_s_drop_r'====== Args={'value': 0, 'prev_value': None, 'change': True}
2024-10-14 21:57:38,481 : INFO : EventManager : Event: ======'machine_var_audits_switches_s_drop_single'====== Args={'value': 0, 'prev_value': None, 'change': True}
2024-10-14 21:57:38,481 : INFO : EventManager : Event: ======'machine_var_audits_switches_s_flipper_but_l_1'====== Args={'value': 56, 'prev_value': None, 'change': True}
2024-10-14 21:57:38,481 : INFO : EventManager : Event: ======'machine_var_audits_switches_s_flipper_but_l_2'====== Args={'value': 54, 'prev_value': None, 'change': True}
2024-10-14 21:57:38,481 : INFO : EventManager : Event: ======'machine_var_audits_switches_s_flipper_but_r_1'====== Args={'value': 49, 'prev_value': None, 'change': True}
2024-10-14 21:57:38,481 : INFO : EventManager : Event: ======'machine_var_audits_switches_s_flipper_but_r_2'====== Args={'value': 47, 'prev_value': None, 'change': True}
2024-10-14 21:57:38,481 : INFO : EventManager : Event: ======'machine_var_audits_switches_s_flipper_l'====== Args={'value': 60, 'prev_value': None, 'change': True}
2024-10-14 21:57:38,482 : INFO : EventManager : Event: ======'machine_var_audits_switches_s_flipper_r'====== Args={'value': 70, 'prev_value': None, 'change': True}
2024-10-14 21:57:38,482 : INFO : EventManager : Event: ======'machine_var_audits_switches_s_flipper_upper_l'====== Args={'value': 45, 'prev_value': None, 'change': True}
2024-10-14 21:57:38,482 : INFO : EventManager : Event: ======'machine_var_audits_switches_s_inlane_l'====== Args={'value': 1, 'prev_value': None, 'change': True}
2024-10-14 21:57:38,482 : INFO : EventManager : Event: ======'machine_var_audits_switches_s_inlane_r'====== Args={'value': 6, 'prev_value': None, 'change': True}
2024-10-14 21:57:38,482 : INFO : EventManager : Event: ======'machine_var_audits_switches_s_kicker_orbit'====== Args={'value': 2, 'prev_value': None, 'change': True}
2024-10-14 21:57:38,482 : INFO : EventManager : Event: ======'machine_var_audits_switches_s_kicking_target'====== Args={'value': 8, 'prev_value': None, 'change': True}
2024-10-14 21:57:38,482 : INFO : EventManager : Event: ======'machine_var_audits_switches_s_launch'====== Args={'value': 14, 'prev_value': None, 'change': True}
2024-10-14 21:57:38,482 : INFO : EventManager : Event: ======'machine_var_audits_switches_s_lock_1'====== Args={'value': 0, 'prev_value': None, 'change': True}
2024-10-14 21:57:38,482 : INFO : EventManager : Event: ======'machine_var_audits_switches_s_lock_2'====== Args={'value': 0, 'prev_value': None, 'change': True}
2024-10-14 21:57:38,483 : INFO : EventManager : Event: ======'machine_var_audits_switches_s_lock_3'====== Args={'value': 0, 'prev_value': None, 'change': True}
2024-10-14 21:57:38,483 : INFO : EventManager : Event: ======'machine_var_audits_switches_s_lower_orbit'====== Args={'value': 0, 'prev_value': None, 'change': True}
2024-10-14 21:57:38,483 : INFO : EventManager : Event: ======'machine_var_audits_switches_s_lower_single'====== Args={'value': 0, 'prev_value': None, 'change': True}
2024-10-14 21:57:38,483 : INFO : EventManager : Event: ======'machine_var_audits_switches_s_lower_sling'====== Args={'value': 0, 'prev_value': None, 'change': True}
2024-10-14 21:57:38,483 : INFO : EventManager : Event: ======'machine_var_audits_switches_s_lower_transfer'====== Args={'value': 0, 'prev_value': None, 'change': True}
2024-10-14 21:57:38,483 : INFO : EventManager : Event: ======'machine_var_audits_switches_s_lower_vuk'====== Args={'value': 5, 'prev_value': None, 'change': True}
2024-10-14 21:57:38,483 : INFO : EventManager : Event: ======'machine_var_audits_switches_s_middle_scoop'====== Args={'value': 2, 'prev_value': None, 'change': True}
2024-10-14 21:57:38,483 : INFO : EventManager : Event: ======'machine_var_audits_switches_s_orbit_small_l'====== Args={'value': 3, 'prev_value': None, 'change': True}
2024-10-14 21:57:38,484 : INFO : EventManager : Event: ======'machine_var_audits_switches_s_orbit_small_r'====== Args={'value': 1, 'prev_value': None, 'change': True}
2024-10-14 21:57:38,484 : INFO : EventManager : Event: ======'machine_var_audits_switches_s_outlane_l'====== Args={'value': 0, 'prev_value': None, 'change': True}
2024-10-14 21:57:38,484 : INFO : EventManager : Event: ======'machine_var_audits_switches_s_outlane_r'====== Args={'value': 0, 'prev_value': None, 'change': True}
2024-10-14 21:57:38,484 : INFO : EventManager : Event: ======'machine_var_audits_switches_s_pop'====== Args={'value': 6, 'prev_value': None, 'change': True}
2024-10-14 21:57:38,484 : INFO : EventManager : Event: ======'machine_var_audits_switches_s_scissor_save'====== Args={'value': 0, 'prev_value': None, 'change': True}
2024-10-14 21:57:38,484 : INFO : EventManager : Event: ======'machine_var_audits_switches_s_sling_l'====== Args={'value': 6, 'prev_value': None, 'change': True}
2024-10-14 21:57:38,484 : INFO : EventManager : Event: ======'machine_var_audits_switches_s_start'====== Args={'value': 1, 'prev_value': None, 'change': True}
2024-10-14 21:57:38,484 : INFO : EventManager : Event: ======'machine_var_audits_switches_s_stationary_l'====== Args={'value': 2, 'prev_value': None, 'change': True}
2024-10-14 21:57:38,485 : INFO : EventManager : Event: ======'machine_var_audits_switches_s_stationary_m'====== Args={'value': 3, 'prev_value': None, 'change': True}
2024-10-14 21:57:38,485 : INFO : EventManager : Event: ======'machine_var_audits_switches_s_stationary_r'====== Args={'value': 1, 'prev_value': None, 'change': True}
2024-10-14 21:57:38,485 : INFO : EventManager : Event: ======'machine_var_audits_switches_s_subway'====== Args={'value': 3, 'prev_value': None, 'change': True}
2024-10-14 21:57:38,485 : INFO : EventManager : Event: ======'machine_var_audits_switches_s_tilt'====== Args={'value': 0, 'prev_value': None, 'change': True}
2024-10-14 21:57:38,485 : INFO : EventManager : Event: ======'machine_var_audits_switches_s_top'====== Args={'value': 0, 'prev_value': None, 'change': True}
2024-10-14 21:57:38,485 : INFO : EventManager : Event: ======'machine_var_audits_switches_s_top_mid'====== Args={'value': 0, 'prev_value': None, 'change': True}
2024-10-14 21:57:38,485 : INFO : EventManager : Event: ======'machine_var_audits_switches_s_trough_1'====== Args={'value': 10, 'prev_value': None, 'change': True}
2024-10-14 21:57:38,485 : INFO : EventManager : Event: ======'machine_var_audits_switches_s_trough_2'====== Args={'value': 5, 'prev_value': None, 'change': True}
2024-10-14 21:57:38,486 : INFO : EventManager : Event: ======'machine_var_audits_switches_s_trough_3'====== Args={'value': 6, 'prev_value': None, 'change': True}
2024-10-14 21:57:38,486 : INFO : EventManager : Event: ======'machine_var_audits_switches_s_trough_4'====== Args={'value': 15, 'prev_value': None, 'change': True}
2024-10-14 21:57:38,486 : INFO : EventManager : Event: ======'machine_var_audits_switches_s_trough_5'====== Args={'value': 5, 'prev_value': None, 'change': True}
2024-10-14 21:57:38,486 : INFO : EventManager : Event: ======'machine_var_audits_switches_s_trough_6'====== Args={'value': 9, 'prev_value': None, 'change': True}
2024-10-14 21:57:38,486 : INFO : EventManager : Event: ======'machine_var_audits_switches_s_trough_jam'====== Args={'value': 9, 'prev_value': None, 'change': True}
2024-10-14 21:57:38,486 : INFO : EventManager : Event: ======'machine_var_audits_switches_s_u_lane_l'====== Args={'value': 0, 'prev_value': None, 'change': True}
2024-10-14 21:57:38,486 : INFO : EventManager : Event: ======'machine_var_audits_switches_s_u_lane_r'====== Args={'value': 0, 'prev_value': None, 'change': True}
2024-10-14 21:57:38,486 : INFO : EventManager : Event: ======'machine_var_audits_switches_s_u_rollover'====== Args={'value': 0, 'prev_value': None, 'change': True}
2024-10-14 21:57:38,487 : INFO : EventManager : Event: ======'machine_var_audits_switches_s_u_target'====== Args={'value': 0, 'prev_value': None, 'change': True}
2024-10-14 21:57:38,487 : INFO : EventManager : Event: ======'machine_var_audits_switches_s_vuk_back'====== Args={'value': 2, 'prev_value': None, 'change': True}
2024-10-14 21:57:38,487 : INFO : EventManager : Event: ======'machine_var_audits_switches_s_vuk_upper'====== Args={'value': 23, 'prev_value': None, 'change': True}
2024-10-14 21:57:38,487 : INFO : EventManager : Event: ======'init_phase_5'====== Args={}
2024-10-14 21:57:38,494 : INFO : EventManager : Event: ======'init_done'====== Args={}
2024-10-14 21:57:38,494 : INFO : EventManager : Event: ======'machine_reset_phase_1'====== Args={}
2024-10-14 21:57:38,495 : INFO : EventManager : Event: ======'machine_reset_phase_2'====== Args={}
2024-10-14 21:57:38,495 : INFO : EventManager : Event: ======'machine_reset_phase_3'====== Args={}
2024-10-14 21:57:38,495 : INFO : EventManager : Event: ======'reset_complete'====== Args={}
2024-10-14 21:57:38,495 : INFO : EventManager : Event: ======'mode_attract_will_start'====== Args={}
2024-10-14 21:57:38,495 : INFO : EventManager : Event: ======'mode_attract_starting'====== Args={}
2024-10-14 21:57:38,495 : INFO : Mode.attract : Started. Priority: 10
2024-10-14 21:57:38,495 : INFO : EventManager : Event: ======'modes_active_modes_changed'====== Args={}
2024-10-14 21:57:38,495 : INFO : EventManager : Event: ======'mode_attract_started'====== Args={}
2024-10-14 21:57:38,495 : INFO : EventManager : Event: ======'collecting_balls_complete'====== Args={}
2024-10-14 21:57:38,496 : INFO : Machine : Starting the main run loop.
2024-10-14 21:57:40,384 : INFO : SwitchController : <<<<<<< 's_start' active >>>>>>>
2024-10-14 21:57:40,527 : INFO : SwitchController : <<<<<<< 's_start' inactive >>>>>>>
2024-10-14 21:57:40,527 : INFO : EventManager : Event: ======'request_to_start_game'====== Args={}
2024-10-14 21:57:40,528 : INFO : EventManager : Event: ======'game_start'====== Args={'buttons': [], 'hold_time': 0.14256599999999997}
2024-10-14 21:57:40,528 : INFO : EventManager : Event: ======'mode_game_will_start'====== Args={'buttons': [], 'hold_time': 0.14256599999999997}
2024-10-14 21:57:40,529 : INFO : EventManager : Event: ======'mode_game_starting'====== Args={'buttons': [], 'hold_time': 0.14256599999999997}
2024-10-14 21:57:40,529 : INFO : EventManager : Event: ======'mode_attract_will_stop'====== Args={}
2024-10-14 21:57:40,529 : INFO : EventManager : Event: ======'mode_attract_stopping'====== Args={}
2024-10-14 21:57:40,529 : INFO : Mode.attract : Stopped.
2024-10-14 21:57:40,529 : INFO : EventManager : Event: ======'modes_active_modes_changed'====== Args={}
2024-10-14 21:57:40,530 : INFO : EventManager : Event: ======'mode_attract_stopped'====== Args={}
2024-10-14 21:57:40,530 : INFO : EventManager : Event: ======'clear'====== Args={'key': 'attract'}
2024-10-14 21:57:40,530 : INFO : Mode.game : Started. Priority: 20
2024-10-14 21:57:40,530 : INFO : EventManager : Event: ======'modes_active_modes_changed'====== Args={}
2024-10-14 21:57:40,530 : INFO : EventManager : Event: ======'mode_game_started'====== Args={'buttons': [], 'hold_time': 0.14256599999999997}
2024-10-14 21:57:40,531 : INFO : EventManager : Event: ======'game_will_start'====== Args={}
2024-10-14 21:57:40,531 : INFO : EventManager : Event: ======'game_starting'====== Args={'game': <Mode.game>}
2024-10-14 21:57:40,532 : INFO : EventManager : Unordered handler for class <Auditor> on event game_ended with priority 1. Handlers: [RegisteredHandler(callback=<bound method Auditor.disable of <Auditor>>, priority=1, kwargs={}, key=UUID('4e0d4fa9-7776-46df-8e6d-8e4031e7d0b1'), condition=None, blocking_facility=None), RegisteredHandler(callback=<bound method Auditor._save_audits of <Auditor>>, priority=1, kwargs={}, key=UUID('65119047-276b-486b-9dcc-79551ecb9954'), condition=None, blocking_facility=None)]. The order of those handlers is not defined and they will be executed in random order. This might lead to race conditions and potential bugs.
2024-10-14 21:57:40,533 : INFO : EventManager : Event: ======'player_add_request'====== Args={}
2024-10-14 21:57:40,533 : INFO : EventManager : Event: ======'player_will_add'====== Args={'number': 1}
2024-10-14 21:57:40,533 : INFO : EventManager : Event: ======'player_adding'====== Args={'player': <Player 1>, 'number': 1}
2024-10-14 21:57:40,533 : INFO : EventManager : Event: ======'player_added'====== Args={'player': <Player 1>, 'num': 1}
2024-10-14 21:57:40,533 : INFO : Mode.game : Player added successfully. Total players: 1
2024-10-14 21:57:40,533 : INFO : EventManager : Event: ======'player_index'====== Args={'value': 0, 'prev_value': 0, 'change': 0, 'player_num': 1}
2024-10-14 21:57:40,533 : INFO : EventManager : Event: ======'player_number'====== Args={'value': 1, 'prev_value': 1, 'change': 0, 'player_num': 1}
2024-10-14 21:57:40,534 : INFO : EventManager : Event: ======'player_score'====== Args={'value': 0, 'prev_value': 0, 'change': 0, 'player_num': 1}
2024-10-14 21:57:40,534 : INFO : EventManager : Event: ======'game_started'====== Args={}
2024-10-14 21:57:40,535 : INFO : EventManager : Event: ======'player_turn_will_start'====== Args={'player': <Player 1>, 'number': 1}
2024-10-14 21:57:40,535 : INFO : EventManager : Event: ======'player_turn_starting'====== Args={'player': <Player 1>, 'number': 1}
2024-10-14 21:57:40,542 : INFO : EventManager : Event: ======'player_ball'====== Args={'value': 1, 'prev_value': 0, 'change': 1, 'player_num': 1}
2024-10-14 21:57:40,542 : INFO : EventManager : Event: ======'player_turn_started'====== Args={'player': <Player 1>, 'number': 1}
2024-10-14 21:57:40,547 : INFO : EventManager : Event: ======'ball_will_start'====== Args={'player': 1, 'ball': 1, 'balls_remaining': 2, 'is_extra_ball': False}
2024-10-14 21:57:40,547 : INFO : EventManager : Event: ======'ball_starting'====== Args={'player': 1, 'ball': 1, 'balls_remaining': 2, 'is_extra_ball': False}
2024-10-14 21:57:40,547 : INFO : EventManager : Event: ======'balls_in_play'====== Args={'balls': 1}
2024-10-14 21:57:40,547 : INFO : EventManager : Event: ======'ball_started'====== Args={'player': 1, 'ball': 1, 'balls_remaining': 2, 'is_extra_ball': False}
2024-10-14 21:57:40,548 : INFO : EventManager : Event: ======'single_player_ball_started'====== Args={}
2024-10-14 21:57:40,548 : INFO : EventManager : Event: ======'ball_start_target'====== Args={'target': 'playfield'}
2024-10-14 21:57:40,548 : INFO : ball_device.bd_autolauncher : Setting up player-controlled eject. Balls: 1, Target: <playfield.playfield>, player_controlled_eject_event: sw_launch
2024-10-14 21:57:40,548 : INFO : EventManager : Event: ======'balldevice_balls_available'====== Args={}
2024-10-14 21:57:40,549 : INFO : ball_device.bd_trough : State: waiting_for_target_ready
2024-10-14 21:57:40,549 : INFO : EventManager : Event: ======'balldevice_bd_trough_ball_eject_attempt'====== Args={'balls': 1, 'target': <ball_device.bd_autolauncher>, 'source': <ball_device.bd_trough>, 'mechanical_eject': True, 'num_attempts': 0}
2024-10-14 21:57:40,549 : INFO : ball_device.bd_autolauncher : State: waiting_for_ball
2024-10-14 21:57:40,549 : INFO : ball_device.bd_trough : State: ejecting
2024-10-14 21:57:40,549 : INFO : ball_device.bd_trough : Ejecting ball to <ball_device.bd_autolauncher>
2024-10-14 21:57:40,549 : INFO : EventManager : Event: ======'balldevice_bd_trough_ejecting_ball'====== Args={'balls': 1, 'target': <ball_device.bd_autolauncher>, 'source': <ball_device.bd_trough>, 'mechanical_eject': True, 'num_attempts': 0}
2024-10-14 21:57:40,549 : INFO : ball_device.bd_trough : Wait for ball to leave device
2024-10-14 21:57:40,549 : INFO : coil.c_trough : Pulsing Driver for 15ms (1.0 pulse_power)
2024-10-14 21:57:40,574 : INFO : SwitchController : <<<<<<< 's_trough_jam' active >>>>>>>
2024-10-14 21:57:40,574 : INFO : EventManager : Event: ======'machine_var_audits_switches_s_trough_jam'====== Args={'value': 10, 'prev_value': 9, 'change': 1}
2024-10-14 21:57:40,578 : INFO : SwitchController : <<<<<<< 's_trough_4' active >>>>>>>
2024-10-14 21:57:40,578 : INFO : EventManager : Event: ======'machine_var_audits_switches_s_trough_4'====== Args={'value': 16, 'prev_value': 15, 'change': 1}
2024-10-14 21:57:40,581 : INFO : SwitchController : <<<<<<< 's_trough_jam' inactive >>>>>>>
2024-10-14 21:57:40,589 : INFO : SwitchController : <<<<<<< 's_trough_4' inactive >>>>>>>
2024-10-14 21:57:40,604 : INFO : SwitchController : <<<<<<< 's_trough_4' active >>>>>>>
2024-10-14 21:57:40,604 : INFO : EventManager : Event: ======'machine_var_audits_switches_s_trough_4'====== Args={'value': 17, 'prev_value': 16, 'change': 1}
2024-10-14 21:57:40,610 : INFO : SwitchController : <<<<<<< 's_trough_4' inactive >>>>>>>
2024-10-14 21:57:40,626 : INFO : SwitchController : <<<<<<< 's_trough_4' active >>>>>>>
2024-10-14 21:57:40,626 : INFO : EventManager : Event: ======'machine_var_audits_switches_s_trough_4'====== Args={'value': 18, 'prev_value': 17, 'change': 1}
2024-10-14 21:57:40,650 : INFO : SwitchController : <<<<<<< 's_trough_4' inactive >>>>>>>
2024-10-14 21:57:40,650 : INFO : SwitchController : <<<<<<< 's_trough_1' inactive >>>>>>>
2024-10-14 21:57:40,650 : INFO : ball_device.bd_trough : State: ball_left
2024-10-14 21:57:40,650 : INFO : ball_device.bd_trough : Ball left
2024-10-14 21:57:40,650 : INFO : ball_device.bd_trough : Wait for confirm with timeout 1.0
2024-10-14 21:57:40,750 : INFO : SwitchController : <<<<<<< 's_trough_2' inactive >>>>>>>
2024-10-14 21:57:40,804 : INFO : SwitchController : <<<<<<< 's_trough_1' active >>>>>>>
2024-10-14 21:57:40,804 : INFO : EventManager : Event: ======'machine_var_audits_switches_s_trough_1'====== Args={'value': 11, 'prev_value': 10, 'change': 1}
2024-10-14 21:57:40,830 : INFO : SwitchController : <<<<<<< 's_autolauncher' active >>>>>>>
2024-10-14 21:57:40,830 : INFO : EventManager : Event: ======'machine_var_audits_switches_s_autolauncher'====== Args={'value': 11, 'prev_value': 10, 'change': 1}
2024-10-14 21:57:41,132 : INFO : ball_device.bd_autolauncher : Received ball from <ball_device.bd_trough>
2024-10-14 21:57:41,132 : INFO : EventManager : Event: ======'balldevice_bd_autolauncher_ball_enter'====== Args={'new_balls': 1, 'unclaimed_balls': 0, 'new_available_balls': 0, 'device': <ball_device.bd_autolauncher>}
2024-10-14 21:57:41,133 : INFO : EventManager : Event: ======'balldevice_bd_autolauncher_ball_entered'====== Args={'new_balls': 0, 'device': <ball_device.bd_autolauncher>}
2024-10-14 21:57:41,134 : INFO : EventManager : Event: ======'balldevice_bd_autolauncher_ball_count_changed'====== Args={'balls': 1}
2024-10-14 21:57:41,134 : INFO : ball_device.bd_trough : Got eject confirm
2024-10-14 21:57:41,134 : INFO : ball_device.bd_trough : Eject successful
2024-10-14 21:57:41,134 : INFO : EventManager : Event: ======'balldevice_bd_trough_ball_eject_success'====== Args={'balls': 1, 'target': <ball_device.bd_autolauncher>}
2024-10-14 21:57:41,135 : INFO : ball_device.bd_autolauncher : State: waiting_for_target_ready
2024-10-14 21:57:41,135 : INFO : EventManager : Event: ======'balldevice_bd_autolauncher_ball_eject_attempt'====== Args={'balls': 1, 'target': <playfield.playfield>, 'source': <ball_device.bd_autolauncher>, 'mechanical_eject': True, 'num_attempts': 0}
2024-10-14 21:57:41,135 : INFO : EventManager : Event: ======'balldevice_bd_trough_ball_count_changed'====== Args={'balls': 0}
2024-10-14 21:57:41,135 : INFO : ball_device.bd_trough : State: idle
2024-10-14 21:57:41,136 : INFO : ball_device.bd_autolauncher : State: ejecting
2024-10-14 21:57:41,136 : INFO : ball_device.bd_autolauncher : Ejecting ball to <playfield.playfield>
2024-10-14 21:57:41,136 : INFO : EventManager : Event: ======'balldevice_bd_autolauncher_ejecting_ball'====== Args={'balls': 1, 'target': <playfield.playfield>, 'source': <ball_device.bd_autolauncher>, 'mechanical_eject': True, 'num_attempts': 0}
2024-10-14 21:57:41,137 : INFO : ball_device.bd_autolauncher : Wait for ball to leave device
2024-10-14 21:57:41,305 : INFO : EventManager : Event: ======'balldevice_bd_trough_ball_count_changed'====== Args={'balls': 1}
2024-10-14 21:57:41,306 : INFO : ball_device.bd_trough : Received unexpected ball
2024-10-14 21:57:41,306 : INFO : EventManager : Event: ======'balldevice_captured_from_playfield'====== Args={'balls': 1}
2024-10-14 21:57:41,307 : INFO : EventManager : Event: ======'sw_playfield_active'====== Args={'balls': 1}
2024-10-14 21:57:41,307 : INFO : EventManager : Event: ======'playfield_active'====== Args={}
2024-10-14 21:57:41,307 : INFO : EventManager : Event: ======'playfield_ball_count_change'====== Args={'balls': -1, 'change': -1}
2024-10-14 21:57:41,308 : INFO : EventManager : Event: ======'balldevice_playfield_ball_enter'====== Args={'new_balls': 1, 'unclaimed_balls': 1, 'device': <playfield.playfield>}
2024-10-14 21:57:41,308 : INFO : EventManager : Event: ======'playfield_ball_count_change'====== Args={'balls': 0, 'change': 1}
2024-10-14 21:57:41,308 : INFO : BallController : Found a new ball which was captured from playfield. Known balls: 2
2024-10-14 21:57:41,308 : INFO : EventManager : Event: ======'found_new_ball'====== Args={}
2024-10-14 21:57:41,309 : INFO : EventManager : Event: ======'balldevice_bd_trough_ball_enter'====== Args={'new_balls': 1, 'unclaimed_balls': 1, 'new_available_balls': 1, 'device': <ball_device.bd_trough>}
2024-10-14 21:57:41,309 : INFO : EventManager : Event: ======'ball_drain'====== Args={'device': <ball_device.bd_trough>, 'balls': 1}
2024-10-14 21:57:41,309 : INFO : EventManager : Event: ======'ball_will_end'====== Args={}
2024-10-14 21:57:41,309 : INFO : EventManager : Event: ======'balldevice_balls_available'====== Args={}
2024-10-14 21:57:41,309 : INFO : EventManager : Event: ======'balldevice_bd_trough_ball_entered'====== Args={'new_balls': 1, 'device': <ball_device.bd_trough>}
2024-10-14 21:57:41,311 : INFO : EventManager : Event: ======'ball_ending'====== Args={}
2024-10-14 21:57:41,312 : INFO : EventManager : Event: ======'ball_ended'====== Args={}
2024-10-14 21:57:41,313 : INFO : EventManager : Event: ======'player_turn_will_end'====== Args={'player': <Player 1>, 'number': 1}
2024-10-14 21:57:41,313 : INFO : EventManager : Event: ======'player_turn_ending'====== Args={'player': <Player 1>, 'number': 1}
2024-10-14 21:57:41,313 : INFO : EventManager : Event: ======'player_turn_ended'====== Args={'player': <Player 1>, 'number': 1}
2024-10-14 21:57:41,314 : INFO : EventManager : Event: ======'player_turn_will_start'====== Args={'player': <Player 1>, 'number': 1}
2024-10-14 21:57:41,314 : INFO : EventManager : Event: ======'player_turn_starting'====== Args={'player': <Player 1>, 'number': 1}
2024-10-14 21:57:41,314 : INFO : EventManager : Event: ======'player_ball'====== Args={'value': 2, 'prev_value': 1, 'change': 1, 'player_num': 1}
2024-10-14 21:57:41,314 : INFO : EventManager : Event: ======'player_turn_started'====== Args={'player': <Player 1>, 'number': 1}
2024-10-14 21:57:41,314 : INFO : EventManager : Event: ======'ball_will_start'====== Args={'player': 1, 'ball': 2, 'balls_remaining': 1, 'is_extra_ball': False}
2024-10-14 21:57:41,315 : INFO : BallController : Found 1 ball(s) on playfield.
2024-10-14 21:57:41,315 : WARNING : BallController : Playfields still contain balls. Waiting for those to drain.
2024-10-14 21:57:41,607 : INFO : SwitchController : <<<<<<< 's_launch' active >>>>>>>
2024-10-14 21:57:41,608 : INFO : EventManager : Event: ======'sw_launch'====== Args={}
2024-10-14 21:57:41,608 : INFO : EventManager : Event: ======'machine_var_audits_switches_s_launch'====== Args={'value': 15, 'prev_value': 14, 'change': 1}
2024-10-14 21:57:41,610 : INFO : coil.c_autolauncher : Pulsing Driver for 15ms (1.0 pulse_power)
2024-10-14 21:57:41,636 : INFO : SwitchController : <<<<<<< 's_autolauncher' inactive >>>>>>>
2024-10-14 21:57:41,637 : INFO : ball_device.bd_autolauncher : State: ball_left
2024-10-14 21:57:41,637 : INFO : ball_device.bd_autolauncher : Ball left
2024-10-14 21:57:41,637 : INFO : ball_device.bd_autolauncher : Wait for confirm with timeout 3.0
2024-10-14 21:57:41,772 : INFO : SwitchController : <<<<<<< 's_launch' inactive >>>>>>>
2024-10-14 21:57:42,299 : INFO : SwitchController : <<<<<<< 's_flipper_but_r_1' active >>>>>>>
2024-10-14 21:57:42,300 : INFO : EventManager : Event: ======'machine_var_audits_switches_s_flipper_but_r_1'====== Args={'value': 50, 'prev_value': 49, 'change': 1}
2024-10-14 21:57:42,327 : INFO : SwitchController : <<<<<<< 's_flipper_but_r_2' active >>>>>>>
2024-10-14 21:57:42,327 : INFO : EventManager : Event: ======'machine_var_audits_switches_s_flipper_but_r_2'====== Args={'value': 48, 'prev_value': 47, 'change': 1}
2024-10-14 21:57:42,328 : INFO : BallController : Found 1 ball(s) on playfield.
2024-10-14 21:57:42,328 : WARNING : BallController : Playfields still contain balls. Waiting for those to drain.
2024-10-14 21:57:42,522 : INFO : SwitchController : <<<<<<< 's_flipper_but_r_2' inactive >>>>>>>
2024-10-14 21:57:42,549 : INFO : SwitchController : <<<<<<< 's_flipper_but_r_1' inactive >>>>>>>
2024-10-14 21:57:42,688 : INFO : SwitchController : <<<<<<< 's_flipper_but_r_1' active >>>>>>>
2024-10-14 21:57:42,688 : INFO : EventManager : Event: ======'machine_var_audits_switches_s_flipper_but_r_1'====== Args={'value': 51, 'prev_value': 50, 'change': 1}
2024-10-14 21:57:42,716 : INFO : SwitchController : <<<<<<< 's_flipper_but_r_2' active >>>>>>>
2024-10-14 21:57:42,716 : INFO : EventManager : Event: ======'machine_var_audits_switches_s_flipper_but_r_2'====== Args={'value': 49, 'prev_value': 48, 'change': 1}
2024-10-14 21:57:42,839 : INFO : SwitchController : <<<<<<< 's_flipper_but_r_2' inactive >>>>>>>
2024-10-14 21:57:42,845 : INFO : SwitchController : <<<<<<< 's_autolauncher' active >>>>>>>
2024-10-14 21:57:42,845 : INFO : EventManager : Event: ======'machine_var_audits_switches_s_autolauncher'====== Args={'value': 12, 'prev_value': 11, 'change': 1}
2024-10-14 21:57:42,858 : INFO : SwitchController : <<<<<<< 's_autolauncher' inactive >>>>>>>
2024-10-14 21:57:42,858 : INFO : SwitchController : <<<<<<< 's_flipper_but_r_1' inactive >>>>>>>
2024-10-14 21:57:43,329 : INFO : BallController : Found 1 ball(s) on playfield.
2024-10-14 21:57:43,330 : WARNING : BallController : Playfields still contain balls. Waiting for those to drain.
2024-10-14 21:57:43,412 : INFO : SwitchController : <<<<<<< 's_flipper_but_r_1' active >>>>>>>
2024-10-14 21:57:43,412 : INFO : EventManager : Event: ======'machine_var_audits_switches_s_flipper_but_r_1'====== Args={'value': 52, 'prev_value': 51, 'change': 1}
2024-10-14 21:57:43,422 : INFO : SwitchController : <<<<<<< 's_flipper_but_r_2' active >>>>>>>
2024-10-14 21:57:43,422 : INFO : EventManager : Event: ======'machine_var_audits_switches_s_flipper_but_r_2'====== Args={'value': 50, 'prev_value': 49, 'change': 1}
2024-10-14 21:57:43,546 : INFO : SwitchController : <<<<<<< 's_flipper_but_l_1' active >>>>>>>
2024-10-14 21:57:43,546 : INFO : EventManager : Event: ======'machine_var_audits_switches_s_flipper_but_l_1'====== Args={'value': 57, 'prev_value': 56, 'change': 1}
2024-10-14 21:57:43,553 : INFO : SwitchController : <<<<<<< 's_flipper_but_l_2' active >>>>>>>
2024-10-14 21:57:43,553 : INFO : EventManager : Event: ======'machine_var_audits_switches_s_flipper_but_l_2'====== Args={'value': 55, 'prev_value': 54, 'change': 1}
2024-10-14 21:57:43,554 : INFO : SwitchController : <<<<<<< 's_autolauncher' active >>>>>>>
2024-10-14 21:57:43,555 : INFO : EventManager : Event: ======'machine_var_audits_switches_s_autolauncher'====== Args={'value': 13, 'prev_value': 12, 'change': 1}
2024-10-14 21:57:43,585 : INFO : SwitchController : <<<<<<< 's_flipper_but_r_2' inactive >>>>>>>
2024-10-14 21:57:43,603 : INFO : SwitchController : <<<<<<< 's_flipper_but_r_1' inactive >>>>>>>
2024-10-14 21:57:43,724 : INFO : SwitchController : <<<<<<< 's_flipper_but_l_2' inactive >>>>>>>
2024-10-14 21:57:43,733 : INFO : SwitchController : <<<<<<< 's_flipper_but_l_1' inactive >>>>>>>
2024-10-14 21:57:43,767 : INFO : SwitchController : <<<<<<< 's_flipper_but_r_1' active >>>>>>>
2024-10-14 21:57:43,767 : INFO : EventManager : Event: ======'machine_var_audits_switches_s_flipper_but_r_1'====== Args={'value': 53, 'prev_value': 52, 'change': 1}
2024-10-14 21:57:43,771 : INFO : SwitchController : <<<<<<< 's_flipper_but_r_2' active >>>>>>>
2024-10-14 21:57:43,771 : INFO : EventManager : Event: ======'machine_var_audits_switches_s_flipper_but_r_2'====== Args={'value': 51, 'prev_value': 50, 'change': 1}
2024-10-14 21:57:43,875 : INFO : SwitchController : <<<<<<< 's_flipper_but_l_1' active >>>>>>>
2024-10-14 21:57:43,875 : INFO : EventManager : Event: ======'machine_var_audits_switches_s_flipper_but_l_1'====== Args={'value': 58, 'prev_value': 57, 'change': 1}
2024-10-14 21:57:43,880 : INFO : SwitchController : <<<<<<< 's_flipper_but_l_2' active >>>>>>>
2024-10-14 21:57:43,880 : INFO : EventManager : Event: ======'machine_var_audits_switches_s_flipper_but_l_2'====== Args={'value': 56, 'prev_value': 55, 'change': 1}
2024-10-14 21:57:43,906 : INFO : SwitchController : <<<<<<< 's_flipper_but_r_2' inactive >>>>>>>
2024-10-14 21:57:43,927 : INFO : SwitchController : <<<<<<< 's_flipper_but_r_1' inactive >>>>>>>
2024-10-14 21:57:44,008 : INFO : SwitchController : <<<<<<< 's_flipper_but_l_2' inactive >>>>>>>
2024-10-14 21:57:44,016 : INFO : SwitchController : <<<<<<< 's_flipper_but_l_1' inactive >>>>>>>
2024-10-14 21:57:44,331 : INFO : BallController : Found 1 ball(s) on playfield.
2024-10-14 21:57:44,332 : WARNING : BallController : Playfields still contain balls. Waiting for those to drain.
2024-10-14 21:57:44,638 : INFO : ball_device.bd_autolauncher : State: failed_confirm
2024-10-14 21:57:44,639 : INFO : ball_device.bd_autolauncher : Got timeout (3.0s) before confirm from <playfield.playfield>
2024-10-14 21:57:44,741 : INFO : ball_device.bd_autolauncher : Got unknown balls. Assuming a ball returned.
2024-10-14 21:57:44,741 : INFO : EventManager : Event: ======'balldevice_bd_autolauncher_ball_eject_failed'====== Args={'target': <playfield.playfield>, 'balls': 1, 'retry': True, 'num_attempts': 1}
2024-10-14 21:57:44,742 : INFO : ball_device.bd_autolauncher : State: waiting_for_target_ready
2024-10-14 21:57:44,743 : INFO : EventManager : Event: ======'balldevice_bd_autolauncher_ball_eject_attempt'====== Args={'balls': 1, 'target': <playfield.playfield>, 'source': <ball_device.bd_autolauncher>, 'mechanical_eject': True, 'num_attempts': 1}
2024-10-14 21:57:44,743 : INFO : ball_device.bd_autolauncher : State: ejecting
2024-10-14 21:57:44,743 : INFO : ball_device.bd_autolauncher : Ejecting ball to <playfield.playfield>
2024-10-14 21:57:44,743 : INFO : EventManager : Event: ======'balldevice_bd_autolauncher_ejecting_ball'====== Args={'balls': 1, 'target': <playfield.playfield>, 'source': <ball_device.bd_autolauncher>, 'mechanical_eject': True, 'num_attempts': 1}
2024-10-14 21:57:44,744 : INFO : ball_device.bd_autolauncher : Wait for ball to leave device
2024-10-14 21:57:45,278 : INFO : Machine : Shutting down...
2024-10-14 21:57:45,278 : INFO : EventManager : Event: ======'shutdown'====== Args={}
2024-10-14 21:57:45,283 : INFO : EventManager : Event: ======'mode_game_will_stop'====== Args={}
2024-10-14 21:57:45,283 : INFO : EventManager : Event: ======'mode_game_stopping'====== Args={}
2024-10-14 21:57:45,283 : INFO : Mode.game : Stopped.
2024-10-14 21:57:45,283 : INFO : EventManager : Event: ======'modes_active_modes_changed'====== Args={}
2024-10-14 21:57:45,283 : INFO : EventManager : Event: ======'mode_game_stopped'====== Args={}
2024-10-14 21:57:45,284 : INFO : EventManager : Event: ======'clear'====== Args={'key': 'game'}
2024-10-14 21:57:45,392 : INFO : root : MPF run loop ended.
