2025-04-05 08:43:25,191 : INFO : root : Loading config.
2025-04-05 08:43:25,209 : INFO : ConfigProcessor : Config spec file cache created: /var/folders/l2/q8hj_6s91xnb2jxg1sqm0h7r0000gn/T/config_spec.mpf_cache
2025-04-05 08:43:25,210 : INFO : YamlMultifileConfigLoader : Machine config file #1: config.yaml
2025-04-05 08:43:25,210 : INFO : ConfigProcessor : Loading config from cache: /var/folders/l2/q8hj_6s91xnb2jxg1sqm0h7r0000gn/T/9d21ea9a81fcfc5941f8ed75c4a080eb.mpf_cache
2025-04-05 08:43:25,238 : WARNING : ConfigProcessor : Config file in cache changed: /Users/tannerpetch/Documents/GitHub/trashland_3/modes/attract/config/attract.yaml
2025-04-05 08:43:25,238 : INFO : ConfigProcessor : Loading config from file /Library/Frameworks/Python.framework/Versions/3.11/lib/python3.11/site-packages/mpf/modes/attract/config/attract.yaml.
2025-04-05 08:43:25,239 : INFO : ConfigProcessor : Loading config: /Library/Frameworks/Python.framework/Versions/3.11/lib/python3.11/site-packages/mpf/modes/attract/config/attract.yaml
2025-04-05 08:43:25,239 : INFO : ConfigProcessor : Loading config from file /Users/tannerpetch/Documents/GitHub/trashland_3/modes/attract/config/attract.yaml.
2025-04-05 08:43:25,239 : INFO : ConfigProcessor : Loading config: /Users/tannerpetch/Documents/GitHub/trashland_3/modes/attract/config/attract.yaml
2025-04-05 08:43:25,241 : INFO : ConfigProcessor : Config file cache created: /var/folders/l2/q8hj_6s91xnb2jxg1sqm0h7r0000gn/T/43115b802accf167344a214047a50cd4.mpf_cache
2025-04-05 08:43:25,241 : INFO : ConfigProcessor : Loading config from cache: /var/folders/l2/q8hj_6s91xnb2jxg1sqm0h7r0000gn/T/bd1387dfa7de7ffc5bacad015019c743.mpf_cache
2025-04-05 08:43:25,241 : INFO : ConfigProcessor : Loading config from cache: /var/folders/l2/q8hj_6s91xnb2jxg1sqm0h7r0000gn/T/d126ded0bd5e51d3c29826a335e85340.mpf_cache
2025-04-05 08:43:25,241 : INFO : ConfigProcessor : Loading config from cache: /var/folders/l2/q8hj_6s91xnb2jxg1sqm0h7r0000gn/T/43115b802accf167344a214047a50cd4.mpf_cache
2025-04-05 08:43:25,241 : INFO : ConfigProcessor : Loading config from cache: /var/folders/l2/q8hj_6s91xnb2jxg1sqm0h7r0000gn/T/fb286bdec51e83b76c44a07e18af10e7.mpf_cache
2025-04-05 08:43:25,242 : INFO : ConfigProcessor : Loading config from cache: /var/folders/l2/q8hj_6s91xnb2jxg1sqm0h7r0000gn/T/a4506495691bdf3563a8fd11a9d79f10.mpf_cache
2025-04-05 08:43:25,242 : INFO : ConfigProcessor : Loading config from file /Users/tannerpetch/Documents/GitHub/trashland_3/modes/attract/shows/./attract_gi.yaml.
2025-04-05 08:43:25,243 : INFO : ConfigProcessor : Loading config: /Users/tannerpetch/Documents/GitHub/trashland_3/modes/attract/shows/./attract_gi.yaml
2025-04-05 08:43:25,243 : INFO : ConfigProcessor : Config file cache created: /var/folders/l2/q8hj_6s91xnb2jxg1sqm0h7r0000gn/T/7e62a906c63d3b7efc85393a80e94c06.mpf_cache
2025-04-05 08:43:25,243 : INFO : ConfigProcessor : Loading config from cache: /var/folders/l2/q8hj_6s91xnb2jxg1sqm0h7r0000gn/T/ca66b8f571437747b2f2875349d15af7.mpf_cache
2025-04-05 08:43:25,244 : INFO : Machine : Mission Pinball Framework Core Engine v0.80.0.dev4
2025-04-05 08:43:25,244 : INFO : Machine : Command line arguments: {'no_load_cache': False, 'create_config_cache': True, 'bcp': True, 'configfile': ['config.yaml'], 'force_assets_load': False, 'platform_integration_test': False, 'jsonlogging': False, 'logfile': 'logs/2025-04-05-08-43-25-mpf-Tanners-Laptop.local.log', 'pause': False, 'production': False, 'text_ui': True, 'loglevel': 15, 'consoleloglevel': 20, 'force_platform': 'virtual', 'syslog_address': None, 'mc_file_name': None, 'no_sound': False, 'full_logfile_path': '/Users/tannerpetch/Documents/GitHub/trashland_3/logs/2025-04-05-08-43-25-mpf-Tanners-Laptop.local.log'}
2025-04-05 08:43:25,244 : INFO : Machine : MPF path: /Library/Frameworks/Python.framework/Versions/3.11/lib/python3.11/site-packages/mpf
2025-04-05 08:43:25,244 : INFO : Machine : Machine path: /Users/tannerpetch/Documents/GitHub/trashland_3
2025-04-05 08:43:25,244 : INFO : Machine : Platform: darwin
2025-04-05 08:43:25,244 : INFO : Machine : Python executable location: /Library/Frameworks/Python.framework/Versions/3.11/bin/python3.11
2025-04-05 08:43:25,244 : INFO : Machine : Python version: 3.11.9 (64-bit)
2025-04-05 08:43:25,244 : INFO : Machine : Initializing MPF...
2025-04-05 08:43:25,278 : INFO : EventManager : Event: ======'machine_var_credits_string'====== Args={'value': 'FREE PLAY', 'prev_value': None, 'change': True}
2025-04-05 08:43:25,283 : INFO : EventManager : Event: ======'machine_var_master_volume'====== Args={'value': 0.5, 'prev_value': None, 'change': True}
2025-04-05 08:43:25,283 : INFO : EventManager : Event: ======'machine_var_player1_score'====== Args={'value': 0, 'prev_value': None, 'change': True}
2025-04-05 08:43:25,283 : INFO : EventManager : Event: ======'machine_var_mpf_version'====== Args={'value': 'Mission Pinball Framework v0.80.0.dev4', 'prev_value': None, 'change': True}
2025-04-05 08:43:25,283 : INFO : EventManager : Event: ======'machine_var_mpf_extended_version'====== Args={'value': 'Mission Pinball Framework v0.80.0.dev4, Config version:6, Show version: 6, BCP version:1.1', 'prev_value': None, 'change': True}
2025-04-05 08:43:25,283 : INFO : EventManager : Event: ======'machine_var_python_version'====== Args={'value': '3.11.9', 'prev_value': None, 'change': True}
2025-04-05 08:43:25,296 : INFO : EventManager : Event: ======'machine_var_platform'====== Args={'value': 'macOS-14.3-arm64-arm-64bit', 'prev_value': None, 'change': True}
2025-04-05 08:43:25,296 : INFO : EventManager : Event: ======'machine_var_platform_system'====== Args={'value': 'Darwin', 'prev_value': None, 'change': True}
2025-04-05 08:43:25,296 : INFO : EventManager : Event: ======'machine_var_platform_release'====== Args={'value': '23.3.0', 'prev_value': None, 'change': True}
2025-04-05 08:43:25,296 : INFO : EventManager : Event: ======'machine_var_platform_version'====== Args={'value': 'Darwin Kernel Version 23.3.0: Thu Dec 21 02:29:41 PST 2023; root:xnu-10002.81.5~11/RELEASE_ARM64_T8122', 'prev_value': None, 'change': True}
2025-04-05 08:43:25,296 : INFO : EventManager : Event: ======'machine_var_platform_machine'====== Args={'value': 'arm64', 'prev_value': None, 'change': True}
2025-04-05 08:43:25,296 : INFO : EventManager : Event: ======'machine_var_log_file_path'====== Args={'value': '/Users/tannerpetch/Documents/GitHub/trashland_3/logs/2025-04-05-08-43-25-mpf-Tanners-Laptop.local.log', 'prev_value': None, 'change': True}
2025-04-05 08:43:25,296 : INFO : EventManager : Event: ======'init_phase_1'====== Args={}
2025-04-05 08:43:25,312 : INFO : EventManager : Event: ======'drop_target_bank_dt_single_up'====== Args={}
2025-04-05 08:43:25,312 : INFO : EventManager : Event: ======'drop_target_bank_mid_up'====== Args={}
2025-04-05 08:43:25,312 : INFO : EventManager : Event: ======'init_phase_2'====== Args={}
2025-04-05 08:43:25,314 : INFO : EventManager : Event: ======'bcp_connection_attempt'====== Args={'name': 'local_display', 'host': 'localhost', 'port': 5050}
2025-04-05 08:43:25,314 : INFO : BCPClientSocket : Connecting BCP to 'local_display' at localhost:5050...
2025-04-05 08:43:30,152 : INFO : BCPClientSocket : Connected BCP to 'local_display' localhost:5050
2025-04-05 08:43:30,154 : INFO : EventManager : Event: ======'bcp_clients_connected'====== Args={}
2025-04-05 08:43:30,159 : INFO : ball_device.bd_scoop : BCH: Initial count: 0
2025-04-05 08:43:30,159 : INFO : ball_device.bd_scoop : State: idle
2025-04-05 08:43:30,160 : INFO : ball_device.bd_trough : BCH: Initial count: 0
2025-04-05 08:43:30,161 : INFO : ball_device.bd_trough : State: idle
2025-04-05 08:43:30,162 : INFO : ball_device.bd_autolauncher : BCH: Initial count: 0
2025-04-05 08:43:30,162 : INFO : ball_device.bd_autolauncher : State: idle
2025-04-05 08:43:30,162 : INFO : ball_device.bd_kicker_orbit : BCH: Initial count: 0
2025-04-05 08:43:30,163 : INFO : ball_device.bd_kicker_orbit : State: idle
2025-04-05 08:43:30,163 : INFO : ball_device.bd_lower_vuk : BCH: Initial count: 0
2025-04-05 08:43:30,163 : INFO : ball_device.bd_lower_vuk : State: idle
2025-04-05 08:43:30,164 : INFO : ball_device.bd_vuk_back : BCH: Initial count: 0
2025-04-05 08:43:30,164 : INFO : ball_device.bd_vuk_back : State: idle
2025-04-05 08:43:30,164 : INFO : ball_device.bd_vuk_upper : BCH: Initial count: 0
2025-04-05 08:43:30,164 : INFO : ball_device.bd_vuk_upper : State: idle
2025-04-05 08:43:30,165 : INFO : ball_device.bd_b_lock : BCH: Initial count: 0
2025-04-05 08:43:30,165 : INFO : ball_device.bd_b_lock : State: idle
2025-04-05 08:43:30,188 : INFO : EventManager : Event: ======'init_phase_3'====== Args={}
2025-04-05 08:43:30,193 : INFO : EventManager : Event: ======'init_phase_4'====== Args={}
2025-04-05 08:43:30,193 : INFO : BallController : Initial balls found: 0
2025-04-05 08:43:30,194 : INFO : EventManager : Event: ======'machine_var_audits_events_game_ended'====== Args={'value': 9, 'prev_value': None, 'change': True}
2025-04-05 08:43:30,194 : INFO : EventManager : Event: ======'machine_var_audits_events_game_started'====== Args={'value': 34, 'prev_value': None, 'change': True}
2025-04-05 08:43:30,194 : INFO : EventManager : Event: ======'machine_var_audits_missing_switches_s_b_rollover_interchange'====== Args={'value': 1, 'prev_value': None, 'change': True}
2025-04-05 08:43:30,194 : INFO : EventManager : Event: ======'machine_var_audits_missing_switches_s_b_rollover_misc'====== Args={'value': 1, 'prev_value': None, 'change': True}
2025-04-05 08:43:30,194 : INFO : EventManager : Event: ======'machine_var_audits_missing_switches_s_b_target_left'====== Args={'value': 1, 'prev_value': None, 'change': True}
2025-04-05 08:43:30,194 : INFO : EventManager : Event: ======'machine_var_audits_missing_switches_s_b_target_right'====== Args={'value': 1, 'prev_value': None, 'change': True}
2025-04-05 08:43:30,194 : INFO : EventManager : Event: ======'machine_var_audits_missing_switches_s_bot'====== Args={'value': 1, 'prev_value': None, 'change': True}
2025-04-05 08:43:30,194 : INFO : EventManager : Event: ======'machine_var_audits_missing_switches_s_bot_mid'====== Args={'value': 1, 'prev_value': None, 'change': True}
2025-04-05 08:43:30,194 : INFO : EventManager : Event: ======'machine_var_audits_missing_switches_s_captive_l'====== Args={'value': 1, 'prev_value': None, 'change': True}
2025-04-05 08:43:30,194 : INFO : EventManager : Event: ======'machine_var_audits_missing_switches_s_captive_r'====== Args={'value': 1, 'prev_value': None, 'change': True}
2025-04-05 08:43:30,194 : INFO : EventManager : Event: ======'machine_var_audits_missing_switches_s_flipper_but_l_1'====== Args={'value': 1, 'prev_value': None, 'change': True}
2025-04-05 08:43:30,194 : INFO : EventManager : Event: ======'machine_var_audits_missing_switches_s_flipper_but_l_2'====== Args={'value': 1, 'prev_value': None, 'change': True}
2025-04-05 08:43:30,194 : INFO : EventManager : Event: ======'machine_var_audits_missing_switches_s_flipper_l'====== Args={'value': 1, 'prev_value': None, 'change': True}
2025-04-05 08:43:30,194 : INFO : EventManager : Event: ======'machine_var_audits_missing_switches_s_flipper_upper_l'====== Args={'value': 1, 'prev_value': None, 'change': True}
2025-04-05 08:43:30,194 : INFO : EventManager : Event: ======'machine_var_audits_missing_switches_s_inlane_l'====== Args={'value': 32, 'prev_value': None, 'change': True}
2025-04-05 08:43:30,194 : INFO : EventManager : Event: ======'machine_var_audits_missing_switches_s_kicking_target'====== Args={'value': 1, 'prev_value': None, 'change': True}
2025-04-05 08:43:30,194 : INFO : EventManager : Event: ======'machine_var_audits_missing_switches_s_lock_1'====== Args={'value': 5, 'prev_value': None, 'change': True}
2025-04-05 08:43:30,194 : INFO : EventManager : Event: ======'machine_var_audits_missing_switches_s_lock_2'====== Args={'value': 5, 'prev_value': None, 'change': True}
2025-04-05 08:43:30,195 : INFO : EventManager : Event: ======'machine_var_audits_missing_switches_s_lock_3'====== Args={'value': 5, 'prev_value': None, 'change': True}
2025-04-05 08:43:30,195 : INFO : EventManager : Event: ======'machine_var_audits_missing_switches_s_lower_orbit'====== Args={'value': 1, 'prev_value': None, 'change': True}
2025-04-05 08:43:30,195 : INFO : EventManager : Event: ======'machine_var_audits_missing_switches_s_lower_single'====== Args={'value': 1, 'prev_value': None, 'change': True}
2025-04-05 08:43:30,195 : INFO : EventManager : Event: ======'machine_var_audits_missing_switches_s_lower_sling'====== Args={'value': 1, 'prev_value': None, 'change': True}
2025-04-05 08:43:30,195 : INFO : EventManager : Event: ======'machine_var_audits_missing_switches_s_lower_transfer'====== Args={'value': 1, 'prev_value': None, 'change': True}
2025-04-05 08:43:30,195 : INFO : EventManager : Event: ======'machine_var_audits_missing_switches_s_lower_vuk'====== Args={'value': 1, 'prev_value': None, 'change': True}
2025-04-05 08:43:30,195 : INFO : EventManager : Event: ======'machine_var_audits_missing_switches_s_middle_scoop'====== Args={'value': 1, 'prev_value': None, 'change': True}
2025-04-05 08:43:30,195 : INFO : EventManager : Event: ======'machine_var_audits_missing_switches_s_orbit_small_l'====== Args={'value': 1, 'prev_value': None, 'change': True}
2025-04-05 08:43:30,195 : INFO : EventManager : Event: ======'machine_var_audits_missing_switches_s_orbit_small_r'====== Args={'value': 1, 'prev_value': None, 'change': True}
2025-04-05 08:43:30,195 : INFO : EventManager : Event: ======'machine_var_audits_missing_switches_s_outlane_l'====== Args={'value': 34, 'prev_value': None, 'change': True}
2025-04-05 08:43:30,195 : INFO : EventManager : Event: ======'machine_var_audits_missing_switches_s_outlane_r'====== Args={'value': 34, 'prev_value': None, 'change': True}
2025-04-05 08:43:30,195 : INFO : EventManager : Event: ======'machine_var_audits_missing_switches_s_pop'====== Args={'value': 1, 'prev_value': None, 'change': True}
2025-04-05 08:43:30,195 : INFO : EventManager : Event: ======'machine_var_audits_missing_switches_s_scissor_save'====== Args={'value': 1, 'prev_value': None, 'change': True}
2025-04-05 08:43:30,195 : INFO : EventManager : Event: ======'machine_var_audits_missing_switches_s_sling_l'====== Args={'value': 1, 'prev_value': None, 'change': True}
2025-04-05 08:43:30,196 : INFO : EventManager : Event: ======'machine_var_audits_missing_switches_s_start'====== Args={'value': 1, 'prev_value': None, 'change': True}
2025-04-05 08:43:30,196 : INFO : EventManager : Event: ======'machine_var_audits_missing_switches_s_stationary_l'====== Args={'value': 1, 'prev_value': None, 'change': True}
2025-04-05 08:43:30,196 : INFO : EventManager : Event: ======'machine_var_audits_missing_switches_s_stationary_m'====== Args={'value': 1, 'prev_value': None, 'change': True}
2025-04-05 08:43:30,196 : INFO : EventManager : Event: ======'machine_var_audits_missing_switches_s_stationary_r'====== Args={'value': 1, 'prev_value': None, 'change': True}
2025-04-05 08:43:30,196 : INFO : EventManager : Event: ======'machine_var_audits_missing_switches_s_tilt'====== Args={'value': 1, 'prev_value': None, 'change': True}
2025-04-05 08:43:30,196 : INFO : EventManager : Event: ======'machine_var_audits_missing_switches_s_top'====== Args={'value': 1, 'prev_value': None, 'change': True}
2025-04-05 08:43:30,196 : INFO : EventManager : Event: ======'machine_var_audits_missing_switches_s_top_mid'====== Args={'value': 1, 'prev_value': None, 'change': True}
2025-04-05 08:43:30,196 : INFO : EventManager : Event: ======'machine_var_audits_missing_switches_s_u_lane_l'====== Args={'value': 1, 'prev_value': None, 'change': True}
2025-04-05 08:43:30,196 : INFO : EventManager : Event: ======'machine_var_audits_missing_switches_s_u_lane_r'====== Args={'value': 1, 'prev_value': None, 'change': True}
2025-04-05 08:43:30,196 : INFO : EventManager : Event: ======'machine_var_audits_missing_switches_s_u_rollover'====== Args={'value': 1, 'prev_value': None, 'change': True}
2025-04-05 08:43:30,196 : INFO : EventManager : Event: ======'machine_var_audits_missing_switches_s_u_target'====== Args={'value': 1, 'prev_value': None, 'change': True}
2025-04-05 08:43:30,196 : INFO : EventManager : Event: ======'machine_var_audits_missing_switches_s_vuk_upper'====== Args={'value': 1, 'prev_value': None, 'change': True}
2025-04-05 08:43:30,196 : INFO : EventManager : Event: ======'machine_var_audits_player_score'====== Args={'value': {'average': 0, 'top': [0, 0, 0, 0, 0, 0, 0, 0, 0], 'total': 9}, 'prev_value': None, 'change': True}
2025-04-05 08:43:30,196 : INFO : EventManager : Event: ======'machine_var_audits_switches_s_autolauncher'====== Args={'value': 116, 'prev_value': None, 'change': True}
2025-04-05 08:43:30,196 : INFO : EventManager : Event: ======'machine_var_audits_switches_s_b_eos'====== Args={'value': 582, 'prev_value': None, 'change': True}
2025-04-05 08:43:30,196 : INFO : EventManager : Event: ======'machine_var_audits_switches_s_b_pop'====== Args={'value': 132, 'prev_value': None, 'change': True}
2025-04-05 08:43:30,197 : INFO : EventManager : Event: ======'machine_var_audits_switches_s_b_rollover_interchange'====== Args={'value': 1, 'prev_value': None, 'change': True}
2025-04-05 08:43:30,197 : INFO : EventManager : Event: ======'machine_var_audits_switches_s_b_rollover_loop'====== Args={'value': 8, 'prev_value': None, 'change': True}
2025-04-05 08:43:30,197 : INFO : EventManager : Event: ======'machine_var_audits_switches_s_b_rollover_misc'====== Args={'value': 1, 'prev_value': None, 'change': True}
2025-04-05 08:43:30,197 : INFO : EventManager : Event: ======'machine_var_audits_switches_s_b_target_left'====== Args={'value': 1, 'prev_value': None, 'change': True}
2025-04-05 08:43:30,197 : INFO : EventManager : Event: ======'machine_var_audits_switches_s_b_target_right'====== Args={'value': 1, 'prev_value': None, 'change': True}
2025-04-05 08:43:30,197 : INFO : EventManager : Event: ======'machine_var_audits_switches_s_bot'====== Args={'value': 1, 'prev_value': None, 'change': True}
2025-04-05 08:43:30,197 : INFO : EventManager : Event: ======'machine_var_audits_switches_s_bot_mid'====== Args={'value': 3, 'prev_value': None, 'change': True}
2025-04-05 08:43:30,197 : INFO : EventManager : Event: ======'machine_var_audits_switches_s_captive_l'====== Args={'value': 1, 'prev_value': None, 'change': True}
2025-04-05 08:43:30,197 : INFO : EventManager : Event: ======'machine_var_audits_switches_s_captive_r'====== Args={'value': 1, 'prev_value': None, 'change': True}
2025-04-05 08:43:30,197 : INFO : EventManager : Event: ======'machine_var_audits_switches_s_drop_l'====== Args={'value': 5, 'prev_value': None, 'change': True}
2025-04-05 08:43:30,197 : INFO : EventManager : Event: ======'machine_var_audits_switches_s_drop_m'====== Args={'value': 14, 'prev_value': None, 'change': True}
2025-04-05 08:43:30,197 : INFO : EventManager : Event: ======'machine_var_audits_switches_s_drop_r'====== Args={'value': 5, 'prev_value': None, 'change': True}
2025-04-05 08:43:30,197 : INFO : EventManager : Event: ======'machine_var_audits_switches_s_drop_single'====== Args={'value': 12, 'prev_value': None, 'change': True}
2025-04-05 08:43:30,197 : INFO : EventManager : Event: ======'machine_var_audits_switches_s_flipper_but_l_1'====== Args={'value': 347, 'prev_value': None, 'change': True}
2025-04-05 08:43:30,197 : INFO : EventManager : Event: ======'machine_var_audits_switches_s_flipper_but_l_2'====== Args={'value': 324, 'prev_value': None, 'change': True}
2025-04-05 08:43:30,197 : INFO : EventManager : Event: ======'machine_var_audits_switches_s_flipper_but_r_1'====== Args={'value': 723, 'prev_value': None, 'change': True}
2025-04-05 08:43:30,197 : INFO : EventManager : Event: ======'machine_var_audits_switches_s_flipper_but_r_2'====== Args={'value': 715, 'prev_value': None, 'change': True}
2025-04-05 08:43:30,197 : INFO : EventManager : Event: ======'machine_var_audits_switches_s_flipper_l'====== Args={'value': 324, 'prev_value': None, 'change': True}
2025-04-05 08:43:30,197 : INFO : EventManager : Event: ======'machine_var_audits_switches_s_flipper_r'====== Args={'value': 1663, 'prev_value': None, 'change': True}
2025-04-05 08:43:30,197 : INFO : EventManager : Event: ======'machine_var_audits_switches_s_flipper_upper_l'====== Args={'value': 296, 'prev_value': None, 'change': True}
2025-04-05 08:43:30,197 : INFO : EventManager : Event: ======'machine_var_audits_switches_s_inlane_l'====== Args={'value': 1, 'prev_value': None, 'change': True}
2025-04-05 08:43:30,198 : INFO : EventManager : Event: ======'machine_var_audits_switches_s_inlane_r'====== Args={'value': 72, 'prev_value': None, 'change': True}
2025-04-05 08:43:30,198 : INFO : EventManager : Event: ======'machine_var_audits_switches_s_kicker_orbit'====== Args={'value': 171, 'prev_value': None, 'change': True}
2025-04-05 08:43:30,198 : INFO : EventManager : Event: ======'machine_var_audits_switches_s_kicking_target'====== Args={'value': 532, 'prev_value': None, 'change': True}
2025-04-05 08:43:30,198 : INFO : EventManager : Event: ======'machine_var_audits_switches_s_launch'====== Args={'value': 119, 'prev_value': None, 'change': True}
2025-04-05 08:43:30,198 : INFO : EventManager : Event: ======'machine_var_audits_switches_s_lock_1'====== Args={'value': 10, 'prev_value': None, 'change': True}
2025-04-05 08:43:30,198 : INFO : EventManager : Event: ======'machine_var_audits_switches_s_lock_2'====== Args={'value': 4, 'prev_value': None, 'change': True}
2025-04-05 08:43:30,198 : INFO : EventManager : Event: ======'machine_var_audits_switches_s_lock_3'====== Args={'value': 4, 'prev_value': None, 'change': True}
2025-04-05 08:43:30,198 : INFO : EventManager : Event: ======'machine_var_audits_switches_s_lower_orbit'====== Args={'value': 5, 'prev_value': None, 'change': True}
2025-04-05 08:43:30,198 : INFO : EventManager : Event: ======'machine_var_audits_switches_s_lower_single'====== Args={'value': 1, 'prev_value': None, 'change': True}
2025-04-05 08:43:30,198 : INFO : EventManager : Event: ======'machine_var_audits_switches_s_lower_sling'====== Args={'value': 3, 'prev_value': None, 'change': True}
2025-04-05 08:43:30,199 : INFO : EventManager : Event: ======'machine_var_audits_switches_s_lower_transfer'====== Args={'value': 3, 'prev_value': None, 'change': True}
2025-04-05 08:43:30,199 : INFO : EventManager : Event: ======'machine_var_audits_switches_s_lower_vuk'====== Args={'value': 13, 'prev_value': None, 'change': True}
2025-04-05 08:43:30,199 : INFO : EventManager : Event: ======'machine_var_audits_switches_s_middle_scoop'====== Args={'value': 11, 'prev_value': None, 'change': True}
2025-04-05 08:43:30,199 : INFO : EventManager : Event: ======'machine_var_audits_switches_s_orbit_small_l'====== Args={'value': 36, 'prev_value': None, 'change': True}
2025-04-05 08:43:30,199 : INFO : EventManager : Event: ======'machine_var_audits_switches_s_orbit_small_r'====== Args={'value': 195, 'prev_value': None, 'change': True}
2025-04-05 08:43:30,199 : INFO : EventManager : Event: ======'machine_var_audits_switches_s_outlane_l'====== Args={'value': 0, 'prev_value': None, 'change': True}
2025-04-05 08:43:30,199 : INFO : EventManager : Event: ======'machine_var_audits_switches_s_outlane_r'====== Args={'value': 0, 'prev_value': None, 'change': True}
2025-04-05 08:43:30,200 : INFO : EventManager : Event: ======'machine_var_audits_switches_s_pop'====== Args={'value': 77, 'prev_value': None, 'change': True}
2025-04-05 08:43:30,200 : INFO : EventManager : Event: ======'machine_var_audits_switches_s_scissor_save'====== Args={'value': 3, 'prev_value': None, 'change': True}
2025-04-05 08:43:30,200 : INFO : EventManager : Event: ======'machine_var_audits_switches_s_sling_l'====== Args={'value': 16, 'prev_value': None, 'change': True}
2025-04-05 08:43:30,200 : INFO : EventManager : Event: ======'machine_var_audits_switches_s_start'====== Args={'value': 5, 'prev_value': None, 'change': True}
2025-04-05 08:43:30,200 : INFO : EventManager : Event: ======'machine_var_audits_switches_s_stationary_l'====== Args={'value': 101, 'prev_value': None, 'change': True}
2025-04-05 08:43:30,200 : INFO : EventManager : Event: ======'machine_var_audits_switches_s_stationary_m'====== Args={'value': 23, 'prev_value': None, 'change': True}
2025-04-05 08:43:30,200 : INFO : EventManager : Event: ======'machine_var_audits_switches_s_stationary_r'====== Args={'value': 27, 'prev_value': None, 'change': True}
2025-04-05 08:43:30,201 : INFO : EventManager : Event: ======'machine_var_audits_switches_s_subway'====== Args={'value': 166, 'prev_value': None, 'change': True}
2025-04-05 08:43:30,201 : INFO : EventManager : Event: ======'machine_var_audits_switches_s_tilt'====== Args={'value': 1, 'prev_value': None, 'change': True}
2025-04-05 08:43:30,201 : INFO : EventManager : Event: ======'machine_var_audits_switches_s_top'====== Args={'value': 5, 'prev_value': None, 'change': True}
2025-04-05 08:43:30,201 : INFO : EventManager : Event: ======'machine_var_audits_switches_s_top_mid'====== Args={'value': 1, 'prev_value': None, 'change': True}
2025-04-05 08:43:30,201 : INFO : EventManager : Event: ======'machine_var_audits_switches_s_trough_1'====== Args={'value': 97, 'prev_value': None, 'change': True}
2025-04-05 08:43:30,201 : INFO : EventManager : Event: ======'machine_var_audits_switches_s_trough_2'====== Args={'value': 57, 'prev_value': None, 'change': True}
2025-04-05 08:43:30,201 : INFO : EventManager : Event: ======'machine_var_audits_switches_s_trough_3'====== Args={'value': 56, 'prev_value': None, 'change': True}
2025-04-05 08:43:30,201 : INFO : EventManager : Event: ======'machine_var_audits_switches_s_trough_4'====== Args={'value': 134, 'prev_value': None, 'change': True}
2025-04-05 08:43:30,202 : INFO : EventManager : Event: ======'machine_var_audits_switches_s_trough_5'====== Args={'value': 48, 'prev_value': None, 'change': True}
2025-04-05 08:43:30,202 : INFO : EventManager : Event: ======'machine_var_audits_switches_s_trough_6'====== Args={'value': 100, 'prev_value': None, 'change': True}
2025-04-05 08:43:30,202 : INFO : EventManager : Event: ======'machine_var_audits_switches_s_trough_jam'====== Args={'value': 70, 'prev_value': None, 'change': True}
2025-04-05 08:43:30,202 : INFO : EventManager : Event: ======'machine_var_audits_switches_s_u_lane_l'====== Args={'value': 1, 'prev_value': None, 'change': True}
2025-04-05 08:43:30,202 : INFO : EventManager : Event: ======'machine_var_audits_switches_s_u_lane_r'====== Args={'value': 1, 'prev_value': None, 'change': True}
2025-04-05 08:43:30,202 : INFO : EventManager : Event: ======'machine_var_audits_switches_s_u_rollover'====== Args={'value': 1, 'prev_value': None, 'change': True}
2025-04-05 08:43:30,202 : INFO : EventManager : Event: ======'machine_var_audits_switches_s_u_target'====== Args={'value': 1, 'prev_value': None, 'change': True}
2025-04-05 08:43:30,202 : INFO : EventManager : Event: ======'machine_var_audits_switches_s_vuk_back'====== Args={'value': 59, 'prev_value': None, 'change': True}
2025-04-05 08:43:30,203 : INFO : EventManager : Event: ======'machine_var_audits_switches_s_vuk_upper'====== Args={'value': 58, 'prev_value': None, 'change': True}
2025-04-05 08:43:30,203 : INFO : EventManager : Event: ======'init_phase_5'====== Args={}
2025-04-05 08:43:30,203 : INFO : EventManager : Event: ======'init_done'====== Args={}
2025-04-05 08:43:30,203 : INFO : EventManager : Event: ======'machine_reset_phase_1'====== Args={}
2025-04-05 08:43:30,215 : INFO : EventManager : Event: ======'machine_reset_phase_2'====== Args={}
2025-04-05 08:43:30,215 : INFO : EventManager : Event: ======'machine_reset_phase_3'====== Args={}
2025-04-05 08:43:30,216 : INFO : EventManager : Event: ======'diverter_d_middle_diverter_deactivating'====== Args={}
2025-04-05 08:43:30,216 : INFO : coil.c_diverter : Disabling Driver
2025-04-05 08:43:30,216 : INFO : EventManager : Event: ======'reset_complete'====== Args={}
2025-04-05 08:43:30,216 : INFO : EventManager : Event: ======'mode_attract_will_start'====== Args={}
2025-04-05 08:43:30,217 : INFO : EventManager : Event: ======'mode_attract_starting'====== Args={}
2025-04-05 08:43:30,217 : INFO : Mode.attract : Started. Priority: 10
2025-04-05 08:43:30,217 : INFO : EventManager : Event: ======'modes_active_modes_changed'====== Args={}
2025-04-05 08:43:30,217 : INFO : EventManager : Event: ======'mode_attract_started'====== Args={}
2025-04-05 08:43:30,218 : INFO : EventManager : Event: ======'collecting_balls_complete'====== Args={}
2025-04-05 08:43:30,218 : INFO : Machine : Starting the main run loop.
2025-04-05 08:43:30,230 : INFO : EventManager : Event: ======'slide_attract_fast_created'====== Args={'_from_bcp': True}
2025-04-05 08:43:30,230 : INFO : EventManager : Event: ======'slide__removed'====== Args={'_from_bcp': True}
2025-04-05 08:43:30,230 : INFO : EventManager : Event: ======'slide_attract_fast_active'====== Args={'calling_context': 0, 'cmd': 'slides_play', 'context': 'show_2', 'priority': 10, 'show_tokens': {}, 'start_time': 1945433.99351592, '_from_bcp': True}
2025-04-05 08:43:33,240 : INFO : EventManager : Event: ======'slide_attract_fast_created'====== Args={'_from_bcp': True}
2025-04-05 08:43:33,353 : INFO : EventManager : Event: ======'slide_attract_created'====== Args={'_from_bcp': True}
2025-04-05 08:43:33,353 : INFO : EventManager : Event: ======'slide_attract_fast_inactive'====== Args={'is_removing': True, '_from_bcp': True}
2025-04-05 08:43:33,353 : INFO : EventManager : Event: ======'slide_attract_active'====== Args={'calling_context': 1, 'cmd': 'slides_play', 'context': 'show_2', 'priority': 10, 'show_tokens': {}, 'start_time': 1945436.99351592, '_from_bcp': True}
2025-04-05 08:43:33,353 : INFO : EventManager : Event: ======'slide_attract_fast_removed'====== Args={'_from_bcp': True}
2025-04-05 08:43:36,238 : INFO : EventManager : Event: ======'slide_attract_inactive'====== Args={'is_removing': True, '_from_bcp': True}
2025-04-05 08:43:36,239 : INFO : EventManager : Event: ======'slide_attract_fast_active'====== Args={'_from_bcp': True}
2025-04-05 08:43:36,239 : INFO : EventManager : Event: ======'slide_attract_removed'====== Args={'_from_bcp': True}
2025-04-05 08:43:39,224 : INFO : EventManager : Event: ======'slide_attract_fast_created'====== Args={'_from_bcp': True}
2025-04-05 08:43:39,226 : INFO : EventManager : Event: ======'slide_attract_created'====== Args={'_from_bcp': True}
2025-04-05 08:43:39,226 : INFO : EventManager : Event: ======'slide_attract_fast_inactive'====== Args={'is_removing': True, '_from_bcp': True}
2025-04-05 08:43:39,227 : INFO : EventManager : Event: ======'slide_attract_active'====== Args={'calling_context': 1, 'cmd': 'slides_play', 'context': 'show_2', 'priority': 10, 'show_tokens': {}, 'start_time': 1945442.99351592, '_from_bcp': True}
2025-04-05 08:43:39,227 : INFO : EventManager : Event: ======'slide_attract_fast_removed'====== Args={'_from_bcp': True}
2025-04-05 08:43:42,238 : INFO : EventManager : Event: ======'slide_attract_inactive'====== Args={'is_removing': True, '_from_bcp': True}
2025-04-05 08:43:42,238 : INFO : EventManager : Event: ======'slide_attract_fast_active'====== Args={'_from_bcp': True}
2025-04-05 08:43:42,239 : INFO : EventManager : Event: ======'slide_attract_removed'====== Args={'_from_bcp': True}
2025-04-05 08:43:45,225 : INFO : EventManager : Event: ======'slide_attract_fast_created'====== Args={'_from_bcp': True}
2025-04-05 08:43:45,226 : INFO : EventManager : Event: ======'slide_attract_created'====== Args={'_from_bcp': True}
2025-04-05 08:43:45,226 : INFO : EventManager : Event: ======'slide_attract_fast_inactive'====== Args={'is_removing': True, '_from_bcp': True}
2025-04-05 08:43:45,227 : INFO : EventManager : Event: ======'slide_attract_active'====== Args={'calling_context': 1, 'cmd': 'slides_play', 'context': 'show_2', 'priority': 10, 'show_tokens': {}, 'start_time': 1945448.99351592, '_from_bcp': True}
2025-04-05 08:43:45,227 : INFO : EventManager : Event: ======'slide_attract_fast_removed'====== Args={'_from_bcp': True}
2025-04-05 08:43:48,222 : INFO : EventManager : Event: ======'slide_attract_inactive'====== Args={'is_removing': True, '_from_bcp': True}
2025-04-05 08:43:48,223 : INFO : EventManager : Event: ======'slide_attract_fast_active'====== Args={'_from_bcp': True}
2025-04-05 08:43:48,223 : INFO : EventManager : Event: ======'slide_attract_removed'====== Args={'_from_bcp': True}
2025-04-05 08:43:51,227 : INFO : EventManager : Event: ======'slide_attract_fast_created'====== Args={'_from_bcp': True}
2025-04-05 08:43:51,230 : INFO : EventManager : Event: ======'slide_attract_created'====== Args={'_from_bcp': True}
2025-04-05 08:43:51,230 : INFO : EventManager : Event: ======'slide_attract_fast_inactive'====== Args={'is_removing': True, '_from_bcp': True}
2025-04-05 08:43:51,233 : INFO : EventManager : Event: ======'slide_attract_active'====== Args={'calling_context': 1, 'cmd': 'slides_play', 'context': 'show_2', 'priority': 10, 'show_tokens': {}, 'start_time': 1945454.99351592, '_from_bcp': True}
2025-04-05 08:43:51,233 : INFO : EventManager : Event: ======'slide_attract_fast_removed'====== Args={'_from_bcp': True}
2025-04-05 08:59:31,131 : INFO : EventManager : Event: ======'slide_attract_inactive'====== Args={'is_removing': True, '_from_bcp': True}
2025-04-05 08:59:31,132 : INFO : EventManager : Event: ======'slide_attract_fast_active'====== Args={'_from_bcp': True}
2025-04-05 08:59:31,132 : INFO : EventManager : Event: ======'slide_attract_removed'====== Args={'_from_bcp': True}
2025-04-05 08:59:34,125 : INFO : EventManager : Event: ======'slide_attract_fast_created'====== Args={'_from_bcp': True}
2025-04-05 08:59:34,126 : INFO : EventManager : Event: ======'slide_attract_created'====== Args={'_from_bcp': True}
2025-04-05 08:59:34,126 : INFO : EventManager : Event: ======'slide_attract_fast_inactive'====== Args={'is_removing': True, '_from_bcp': True}
2025-04-05 08:59:34,127 : INFO : EventManager : Event: ======'slide_attract_active'====== Args={'calling_context': 1, 'cmd': 'slides_play', 'context': 'show_2', 'priority': 10, 'show_tokens': {}, 'start_time': 1945460.99351592, '_from_bcp': True}
2025-04-05 08:59:34,127 : INFO : EventManager : Event: ======'slide_attract_fast_removed'====== Args={'_from_bcp': True}
2025-04-05 09:02:46,413 : INFO : EventManager : Event: ======'slide_attract_inactive'====== Args={'is_removing': True, '_from_bcp': True}
2025-04-05 09:02:46,434 : INFO : EventManager : Event: ======'slide_attract_fast_active'====== Args={'_from_bcp': True}
2025-04-05 09:02:46,435 : INFO : EventManager : Event: ======'slide_attract_removed'====== Args={'_from_bcp': True}
2025-04-05 09:02:48,850 : INFO : EventManager : Event: ======'slide_attract_fast_created'====== Args={'_from_bcp': True}
2025-04-05 09:02:48,851 : INFO : EventManager : Event: ======'slide_attract_created'====== Args={'_from_bcp': True}
2025-04-05 09:02:48,851 : INFO : EventManager : Event: ======'slide_attract_fast_inactive'====== Args={'is_removing': True, '_from_bcp': True}
2025-04-05 09:02:48,851 : INFO : EventManager : Event: ======'slide_attract_active'====== Args={'calling_context': 1, 'cmd': 'slides_play', 'context': 'show_2', 'priority': 10, 'show_tokens': {}, 'start_time': 1945466.99351592, '_from_bcp': True}
2025-04-05 09:02:48,852 : INFO : EventManager : Event: ======'slide_attract_fast_removed'====== Args={'_from_bcp': True}
2025-04-05 09:02:51,794 : INFO : EventManager : Event: ======'slide_attract_inactive'====== Args={'is_removing': True, '_from_bcp': True}
2025-04-05 09:02:51,795 : INFO : EventManager : Event: ======'slide_attract_fast_active'====== Args={'_from_bcp': True}
2025-04-05 09:02:51,795 : INFO : EventManager : Event: ======'slide_attract_removed'====== Args={'_from_bcp': True}
2025-04-05 09:02:54,794 : INFO : EventManager : Event: ======'slide_attract_fast_created'====== Args={'_from_bcp': True}
2025-04-05 09:02:54,794 : INFO : EventManager : Event: ======'slide_attract_created'====== Args={'_from_bcp': True}
2025-04-05 09:02:54,795 : INFO : EventManager : Event: ======'slide_attract_fast_inactive'====== Args={'is_removing': True, '_from_bcp': True}
2025-04-05 09:02:54,795 : INFO : EventManager : Event: ======'slide_attract_active'====== Args={'calling_context': 1, 'cmd': 'slides_play', 'context': 'show_2', 'priority': 10, 'show_tokens': {}, 'start_time': 1945472.99351592, '_from_bcp': True}
2025-04-05 09:02:54,795 : INFO : EventManager : Event: ======'slide_attract_fast_removed'====== Args={'_from_bcp': True}
2025-04-05 09:02:57,794 : INFO : EventManager : Event: ======'slide_attract_inactive'====== Args={'is_removing': True, '_from_bcp': True}
2025-04-05 09:02:57,794 : INFO : EventManager : Event: ======'slide_attract_fast_active'====== Args={'_from_bcp': True}
2025-04-05 09:02:57,794 : INFO : EventManager : Event: ======'slide_attract_removed'====== Args={'_from_bcp': True}
2025-04-05 09:03:00,799 : INFO : EventManager : Event: ======'slide_attract_fast_created'====== Args={'_from_bcp': True}
2025-04-05 09:03:00,800 : INFO : EventManager : Event: ======'slide_attract_created'====== Args={'_from_bcp': True}
2025-04-05 09:03:00,800 : INFO : EventManager : Event: ======'slide_attract_fast_inactive'====== Args={'is_removing': True, '_from_bcp': True}
2025-04-05 09:03:00,801 : INFO : EventManager : Event: ======'slide_attract_active'====== Args={'calling_context': 1, 'cmd': 'slides_play', 'context': 'show_2', 'priority': 10, 'show_tokens': {}, 'start_time': 1945478.99351592, '_from_bcp': True}
2025-04-05 09:03:00,801 : INFO : EventManager : Event: ======'slide_attract_fast_removed'====== Args={'_from_bcp': True}
2025-04-05 09:03:03,794 : INFO : EventManager : Event: ======'slide_attract_inactive'====== Args={'is_removing': True, '_from_bcp': True}
2025-04-05 09:03:03,794 : INFO : EventManager : Event: ======'slide_attract_fast_active'====== Args={'_from_bcp': True}
2025-04-05 09:03:03,795 : INFO : EventManager : Event: ======'slide_attract_removed'====== Args={'_from_bcp': True}
2025-04-05 09:03:06,793 : INFO : EventManager : Event: ======'slide_attract_fast_created'====== Args={'_from_bcp': True}
2025-04-05 09:03:06,794 : INFO : EventManager : Event: ======'slide_attract_created'====== Args={'_from_bcp': True}
2025-04-05 09:03:06,794 : INFO : EventManager : Event: ======'slide_attract_fast_inactive'====== Args={'is_removing': True, '_from_bcp': True}
2025-04-05 09:03:06,794 : INFO : EventManager : Event: ======'slide_attract_active'====== Args={'calling_context': 1, 'cmd': 'slides_play', 'context': 'show_2', 'priority': 10, 'show_tokens': {}, 'start_time': 1945484.99351592, '_from_bcp': True}
2025-04-05 09:03:06,794 : INFO : EventManager : Event: ======'slide_attract_fast_removed'====== Args={'_from_bcp': True}
2025-04-05 09:03:09,793 : INFO : EventManager : Event: ======'slide_attract_inactive'====== Args={'is_removing': True, '_from_bcp': True}
2025-04-05 09:03:09,793 : INFO : EventManager : Event: ======'slide_attract_fast_active'====== Args={'_from_bcp': True}
2025-04-05 09:03:09,793 : INFO : EventManager : Event: ======'slide_attract_removed'====== Args={'_from_bcp': True}
2025-04-05 09:03:12,800 : INFO : EventManager : Event: ======'slide_attract_fast_created'====== Args={'_from_bcp': True}
2025-04-05 09:03:12,801 : INFO : EventManager : Event: ======'slide_attract_created'====== Args={'_from_bcp': True}
2025-04-05 09:03:12,802 : INFO : EventManager : Event: ======'slide_attract_fast_inactive'====== Args={'is_removing': True, '_from_bcp': True}
2025-04-05 09:03:12,802 : INFO : EventManager : Event: ======'slide_attract_active'====== Args={'calling_context': 1, 'cmd': 'slides_play', 'context': 'show_2', 'priority': 10, 'show_tokens': {}, 'start_time': 1945490.99351592, '_from_bcp': True}
2025-04-05 09:03:12,802 : INFO : EventManager : Event: ======'slide_attract_fast_removed'====== Args={'_from_bcp': True}
2025-04-05 09:03:15,797 : INFO : EventManager : Event: ======'slide_attract_inactive'====== Args={'is_removing': True, '_from_bcp': True}
2025-04-05 09:03:15,798 : INFO : EventManager : Event: ======'slide_attract_fast_active'====== Args={'_from_bcp': True}
2025-04-05 09:03:15,798 : INFO : EventManager : Event: ======'slide_attract_removed'====== Args={'_from_bcp': True}
2025-04-05 09:03:18,793 : INFO : EventManager : Event: ======'slide_attract_fast_created'====== Args={'_from_bcp': True}
2025-04-05 09:03:18,794 : INFO : EventManager : Event: ======'slide_attract_created'====== Args={'_from_bcp': True}
2025-04-05 09:03:18,794 : INFO : EventManager : Event: ======'slide_attract_fast_inactive'====== Args={'is_removing': True, '_from_bcp': True}
2025-04-05 09:03:18,795 : INFO : EventManager : Event: ======'slide_attract_active'====== Args={'calling_context': 1, 'cmd': 'slides_play', 'context': 'show_2', 'priority': 10, 'show_tokens': {}, 'start_time': 1945496.99351592, '_from_bcp': True}
2025-04-05 09:03:18,795 : INFO : EventManager : Event: ======'slide_attract_fast_removed'====== Args={'_from_bcp': True}
2025-04-05 09:04:02,969 : INFO : EventManager : Event: ======'slide_attract_inactive'====== Args={'is_removing': True, '_from_bcp': True}
2025-04-05 09:04:02,970 : INFO : EventManager : Event: ======'slide_attract_fast_active'====== Args={'_from_bcp': True}
2025-04-05 09:04:02,970 : INFO : EventManager : Event: ======'slide_attract_removed'====== Args={'_from_bcp': True}
2025-04-05 09:04:05,960 : INFO : EventManager : Event: ======'slide_attract_fast_created'====== Args={'_from_bcp': True}
2025-04-05 09:04:05,961 : INFO : EventManager : Event: ======'slide_attract_created'====== Args={'_from_bcp': True}
2025-04-05 09:04:05,961 : INFO : EventManager : Event: ======'slide_attract_fast_inactive'====== Args={'is_removing': True, '_from_bcp': True}
2025-04-05 09:04:05,961 : INFO : EventManager : Event: ======'slide_attract_active'====== Args={'calling_context': 1, 'cmd': 'slides_play', 'context': 'show_2', 'priority': 10, 'show_tokens': {}, 'start_time': 1945502.99351592, '_from_bcp': True}
2025-04-05 09:04:05,961 : INFO : EventManager : Event: ======'slide_attract_fast_removed'====== Args={'_from_bcp': True}
2025-04-05 09:04:08,957 : INFO : EventManager : Event: ======'slide_attract_inactive'====== Args={'is_removing': True, '_from_bcp': True}
2025-04-05 09:04:08,958 : INFO : EventManager : Event: ======'slide_attract_fast_active'====== Args={'_from_bcp': True}
2025-04-05 09:04:08,958 : INFO : EventManager : Event: ======'slide_attract_removed'====== Args={'_from_bcp': True}
2025-04-05 09:04:11,945 : INFO : EventManager : Event: ======'slide_attract_fast_created'====== Args={'_from_bcp': True}
2025-04-05 09:04:11,946 : INFO : EventManager : Event: ======'slide_attract_created'====== Args={'_from_bcp': True}
2025-04-05 09:04:11,947 : INFO : EventManager : Event: ======'slide_attract_fast_inactive'====== Args={'is_removing': True, '_from_bcp': True}
2025-04-05 09:04:11,947 : INFO : EventManager : Event: ======'slide_attract_active'====== Args={'calling_context': 1, 'cmd': 'slides_play', 'context': 'show_2', 'priority': 10, 'show_tokens': {}, 'start_time': 1945508.99351592, '_from_bcp': True}
2025-04-05 09:04:11,947 : INFO : EventManager : Event: ======'slide_attract_fast_removed'====== Args={'_from_bcp': True}
2025-04-05 09:04:14,953 : INFO : EventManager : Event: ======'slide_attract_inactive'====== Args={'is_removing': True, '_from_bcp': True}
2025-04-05 09:04:14,953 : INFO : EventManager : Event: ======'slide_attract_fast_active'====== Args={'_from_bcp': True}
2025-04-05 09:04:14,953 : INFO : EventManager : Event: ======'slide_attract_removed'====== Args={'_from_bcp': True}
2025-04-05 09:04:17,947 : INFO : EventManager : Event: ======'slide_attract_fast_created'====== Args={'_from_bcp': True}
2025-04-05 09:04:17,948 : INFO : EventManager : Event: ======'slide_attract_created'====== Args={'_from_bcp': True}
2025-04-05 09:04:17,948 : INFO : EventManager : Event: ======'slide_attract_fast_inactive'====== Args={'is_removing': True, '_from_bcp': True}
2025-04-05 09:04:17,948 : INFO : EventManager : Event: ======'slide_attract_active'====== Args={'calling_context': 1, 'cmd': 'slides_play', 'context': 'show_2', 'priority': 10, 'show_tokens': {}, 'start_time': 1945514.99351592, '_from_bcp': True}
2025-04-05 09:04:17,948 : INFO : EventManager : Event: ======'slide_attract_fast_removed'====== Args={'_from_bcp': True}
2025-04-05 09:04:20,949 : INFO : EventManager : Event: ======'slide_attract_inactive'====== Args={'is_removing': True, '_from_bcp': True}
2025-04-05 09:04:20,949 : INFO : EventManager : Event: ======'slide_attract_fast_active'====== Args={'_from_bcp': True}
2025-04-05 09:04:20,949 : INFO : EventManager : Event: ======'slide_attract_removed'====== Args={'_from_bcp': True}
2025-04-05 09:04:23,951 : INFO : EventManager : Event: ======'slide_attract_fast_created'====== Args={'_from_bcp': True}
2025-04-05 09:04:23,951 : INFO : EventManager : Event: ======'slide_attract_created'====== Args={'_from_bcp': True}
2025-04-05 09:04:23,951 : INFO : EventManager : Event: ======'slide_attract_fast_inactive'====== Args={'is_removing': True, '_from_bcp': True}
2025-04-05 09:04:23,951 : INFO : EventManager : Event: ======'slide_attract_active'====== Args={'calling_context': 1, 'cmd': 'slides_play', 'context': 'show_2', 'priority': 10, 'show_tokens': {}, 'start_time': 1945520.99351592, '_from_bcp': True}
2025-04-05 09:04:23,952 : INFO : EventManager : Event: ======'slide_attract_fast_removed'====== Args={'_from_bcp': True}
2025-04-05 09:04:26,960 : INFO : EventManager : Event: ======'slide_attract_inactive'====== Args={'is_removing': True, '_from_bcp': True}
2025-04-05 09:04:26,961 : INFO : EventManager : Event: ======'slide_attract_fast_active'====== Args={'_from_bcp': True}
2025-04-05 09:04:26,961 : INFO : EventManager : Event: ======'slide_attract_removed'====== Args={'_from_bcp': True}
2025-04-05 09:04:29,948 : INFO : EventManager : Event: ======'slide_attract_fast_created'====== Args={'_from_bcp': True}
2025-04-05 09:04:29,949 : INFO : EventManager : Event: ======'slide_attract_created'====== Args={'_from_bcp': True}
2025-04-05 09:04:29,949 : INFO : EventManager : Event: ======'slide_attract_fast_inactive'====== Args={'is_removing': True, '_from_bcp': True}
2025-04-05 09:04:29,950 : INFO : EventManager : Event: ======'slide_attract_active'====== Args={'calling_context': 1, 'cmd': 'slides_play', 'context': 'show_2', 'priority': 10, 'show_tokens': {}, 'start_time': 1945526.99351592, '_from_bcp': True}
2025-04-05 09:04:29,950 : INFO : EventManager : Event: ======'slide_attract_fast_removed'====== Args={'_from_bcp': True}
2025-04-05 09:06:33,657 : INFO : EventManager : Event: ======'slide_attract_inactive'====== Args={'is_removing': True, '_from_bcp': True}
2025-04-05 09:06:33,658 : INFO : EventManager : Event: ======'slide_attract_fast_active'====== Args={'_from_bcp': True}
2025-04-05 09:06:33,658 : INFO : EventManager : Event: ======'slide_attract_removed'====== Args={'_from_bcp': True}
2025-04-05 09:06:36,673 : INFO : EventManager : Event: ======'slide_attract_fast_created'====== Args={'_from_bcp': True}
2025-04-05 09:06:36,675 : INFO : EventManager : Event: ======'slide_attract_created'====== Args={'_from_bcp': True}
2025-04-05 09:06:36,676 : INFO : EventManager : Event: ======'slide_attract_fast_inactive'====== Args={'is_removing': True, '_from_bcp': True}
2025-04-05 09:06:36,676 : INFO : EventManager : Event: ======'slide_attract_active'====== Args={'calling_context': 1, 'cmd': 'slides_play', 'context': 'show_2', 'priority': 10, 'show_tokens': {}, 'start_time': 1945532.99351592, '_from_bcp': True}
2025-04-05 09:06:36,676 : INFO : EventManager : Event: ======'slide_attract_fast_removed'====== Args={'_from_bcp': True}
2025-04-05 09:06:39,659 : INFO : EventManager : Event: ======'slide_attract_inactive'====== Args={'is_removing': True, '_from_bcp': True}
2025-04-05 09:06:39,659 : INFO : EventManager : Event: ======'slide_attract_fast_active'====== Args={'_from_bcp': True}
2025-04-05 09:06:39,659 : INFO : EventManager : Event: ======'slide_attract_removed'====== Args={'_from_bcp': True}
2025-04-05 09:06:42,659 : INFO : EventManager : Event: ======'slide_attract_fast_created'====== Args={'_from_bcp': True}
2025-04-05 09:06:42,660 : INFO : EventManager : Event: ======'slide_attract_created'====== Args={'_from_bcp': True}
2025-04-05 09:06:42,660 : INFO : EventManager : Event: ======'slide_attract_fast_inactive'====== Args={'is_removing': True, '_from_bcp': True}
2025-04-05 09:06:42,660 : INFO : EventManager : Event: ======'slide_attract_active'====== Args={'calling_context': 1, 'cmd': 'slides_play', 'context': 'show_2', 'priority': 10, 'show_tokens': {}, 'start_time': 1945538.99351592, '_from_bcp': True}
2025-04-05 09:06:42,660 : INFO : EventManager : Event: ======'slide_attract_fast_removed'====== Args={'_from_bcp': True}
2025-04-05 09:06:45,661 : INFO : EventManager : Event: ======'slide_attract_inactive'====== Args={'is_removing': True, '_from_bcp': True}
2025-04-05 09:06:45,661 : INFO : EventManager : Event: ======'slide_attract_fast_active'====== Args={'_from_bcp': True}
2025-04-05 09:06:45,661 : INFO : EventManager : Event: ======'slide_attract_removed'====== Args={'_from_bcp': True}
2025-04-05 09:06:48,656 : INFO : EventManager : Event: ======'slide_attract_fast_created'====== Args={'_from_bcp': True}
2025-04-05 09:06:48,657 : INFO : EventManager : Event: ======'slide_attract_created'====== Args={'_from_bcp': True}
2025-04-05 09:06:48,657 : INFO : EventManager : Event: ======'slide_attract_fast_inactive'====== Args={'is_removing': True, '_from_bcp': True}
2025-04-05 09:06:48,657 : INFO : EventManager : Event: ======'slide_attract_active'====== Args={'calling_context': 1, 'cmd': 'slides_play', 'context': 'show_2', 'priority': 10, 'show_tokens': {}, 'start_time': 1945544.99351592, '_from_bcp': True}
2025-04-05 09:06:48,657 : INFO : EventManager : Event: ======'slide_attract_fast_removed'====== Args={'_from_bcp': True}
2025-04-05 09:06:51,657 : INFO : EventManager : Event: ======'slide_attract_inactive'====== Args={'is_removing': True, '_from_bcp': True}
2025-04-05 09:06:51,657 : INFO : EventManager : Event: ======'slide_attract_fast_active'====== Args={'_from_bcp': True}
2025-04-05 09:06:51,659 : INFO : EventManager : Event: ======'slide_attract_removed'====== Args={'_from_bcp': True}
2025-04-05 09:06:54,660 : INFO : EventManager : Event: ======'slide_attract_fast_created'====== Args={'_from_bcp': True}
2025-04-05 09:06:54,660 : INFO : EventManager : Event: ======'slide_attract_created'====== Args={'_from_bcp': True}
2025-04-05 09:06:54,660 : INFO : EventManager : Event: ======'slide_attract_fast_inactive'====== Args={'is_removing': True, '_from_bcp': True}
2025-04-05 09:06:54,661 : INFO : EventManager : Event: ======'slide_attract_active'====== Args={'calling_context': 1, 'cmd': 'slides_play', 'context': 'show_2', 'priority': 10, 'show_tokens': {}, 'start_time': 1945550.99351592, '_from_bcp': True}
2025-04-05 09:06:54,662 : INFO : EventManager : Event: ======'slide_attract_fast_removed'====== Args={'_from_bcp': True}
2025-04-05 09:06:57,666 : INFO : EventManager : Event: ======'slide_attract_inactive'====== Args={'is_removing': True, '_from_bcp': True}
2025-04-05 09:06:57,666 : INFO : EventManager : Event: ======'slide_attract_fast_active'====== Args={'_from_bcp': True}
2025-04-05 09:06:57,666 : INFO : EventManager : Event: ======'slide_attract_removed'====== Args={'_from_bcp': True}
2025-04-05 09:07:00,704 : INFO : EventManager : Event: ======'slide_attract_fast_created'====== Args={'_from_bcp': True}
2025-04-05 09:07:00,704 : INFO : EventManager : Event: ======'slide_attract_created'====== Args={'_from_bcp': True}
2025-04-05 09:07:00,704 : INFO : EventManager : Event: ======'slide_attract_fast_inactive'====== Args={'is_removing': True, '_from_bcp': True}
2025-04-05 09:07:00,711 : INFO : EventManager : Event: ======'slide_attract_active'====== Args={'calling_context': 1, 'cmd': 'slides_play', 'context': 'show_2', 'priority': 10, 'show_tokens': {}, 'start_time': 1945556.99351592, '_from_bcp': True}
2025-04-05 09:07:00,712 : INFO : EventManager : Event: ======'slide_attract_fast_removed'====== Args={'_from_bcp': True}
