2026-04-24 12:04:57,444 : INFO : root : Loading config.
2026-04-24 12:04:57,446 : INFO : YamlMultifileConfigLoader : Machine config file #1: config.yaml
2026-04-24 12:04:57,446 : INFO : ConfigProcessor : Loading config from cache: /var/folders/l2/q8hj_6s91xnb2jxg1sqm0h7r0000gn/T/9d21ea9a81fcfc5941f8ed75c4a080eb.mpf_cache
2026-04-24 12:04:57,471 : INFO : ConfigProcessor : Loading config from cache: /var/folders/l2/q8hj_6s91xnb2jxg1sqm0h7r0000gn/T/43115b802accf167344a214047a50cd4.mpf_cache
2026-04-24 12:04:57,471 : INFO : ConfigProcessor : Loading config from cache: /var/folders/l2/q8hj_6s91xnb2jxg1sqm0h7r0000gn/T/bd1387dfa7de7ffc5bacad015019c743.mpf_cache
2026-04-24 12:04:57,471 : INFO : ConfigProcessor : Loading config from cache: /var/folders/l2/q8hj_6s91xnb2jxg1sqm0h7r0000gn/T/d126ded0bd5e51d3c29826a335e85340.mpf_cache
2026-04-24 12:04:57,472 : INFO : ConfigProcessor : Loading config from cache: /var/folders/l2/q8hj_6s91xnb2jxg1sqm0h7r0000gn/T/43115b802accf167344a214047a50cd4.mpf_cache
2026-04-24 12:04:57,472 : INFO : ConfigProcessor : Loading config from cache: /var/folders/l2/q8hj_6s91xnb2jxg1sqm0h7r0000gn/T/fb286bdec51e83b76c44a07e18af10e7.mpf_cache
2026-04-24 12:04:57,472 : INFO : ConfigProcessor : Loading config from cache: /var/folders/l2/q8hj_6s91xnb2jxg1sqm0h7r0000gn/T/4a0392f72066fff3dac8952634b7a9cd.mpf_cache
2026-04-24 12:04:57,472 : INFO : ConfigProcessor : Loading config from cache: /var/folders/l2/q8hj_6s91xnb2jxg1sqm0h7r0000gn/T/9740e98676f8796777039fba8e7d5e82.mpf_cache
2026-04-24 12:04:57,473 : INFO : ConfigProcessor : Loading config from cache: /var/folders/l2/q8hj_6s91xnb2jxg1sqm0h7r0000gn/T/a4506495691bdf3563a8fd11a9d79f10.mpf_cache
2026-04-24 12:04:57,473 : INFO : ConfigProcessor : Loading config from cache: /var/folders/l2/q8hj_6s91xnb2jxg1sqm0h7r0000gn/T/7e62a906c63d3b7efc85393a80e94c06.mpf_cache
2026-04-24 12:04:57,473 : INFO : ConfigProcessor : Loading config from cache: /var/folders/l2/q8hj_6s91xnb2jxg1sqm0h7r0000gn/T/ca66b8f571437747b2f2875349d15af7.mpf_cache
2026-04-24 12:04:57,474 : INFO : Machine : Mission Pinball Framework Core Engine v0.80.0.dev14
2026-04-24 12:04:57,474 : INFO : Machine : Command line arguments: {'no_load_cache': False, 'create_config_cache': True, 'bcp': False, 'configfile': ['config.yaml'], 'force_assets_load': False, 'platform_integration_test': False, 'jsonlogging': False, 'logfile': 'logs/2026-04-24-12-04-57-mpf-Tanners-Laptop.localdomain.log', 'pause': False, 'production': False, 'text_ui': True, 'loglevel': 15, 'consoleloglevel': 20, 'force_platform': 'virtual', 'syslog_address': None, 'full_logfile_path': '/Users/tannerpetch/Documents/GitHub/trashland_3/logs/2026-04-24-12-04-57-mpf-Tanners-Laptop.localdomain.log'}
2026-04-24 12:04:57,474 : INFO : Machine : MPF path: /Library/Frameworks/Python.framework/Versions/3.11/lib/python3.11/site-packages/mpf
2026-04-24 12:04:57,474 : INFO : Machine : Machine path: /Users/tannerpetch/Documents/GitHub/trashland_3
2026-04-24 12:04:57,474 : INFO : Machine : Platform: darwin
2026-04-24 12:04:57,474 : INFO : Machine : Python executable location: /Library/Frameworks/Python.framework/Versions/3.11/bin/python3.11
2026-04-24 12:04:57,474 : INFO : Machine : Python version: 3.11.9 (64-bit)
2026-04-24 12:04:57,474 : INFO : Machine : Initializing MPF...
2026-04-24 12:04:57,499 : INFO : EventManager : Event: ======'machine_var_credits_string'====== Args={'value': 'FREE PLAY', 'prev_value': None, 'change': True}
2026-04-24 12:04:57,505 : INFO : EventManager : Event: ======'machine_var_master_volume'====== Args={'value': 0.5, 'prev_value': None, 'change': True}
2026-04-24 12:04:57,505 : INFO : EventManager : Event: ======'machine_var_player1_score'====== Args={'value': 310, 'prev_value': None, 'change': True}
2026-04-24 12:04:57,505 : INFO : EventManager : Event: ======'machine_var_mpf_version'====== Args={'value': 'Mission Pinball Framework v0.80.0.dev14', 'prev_value': None, 'change': True}
2026-04-24 12:04:57,505 : INFO : EventManager : Event: ======'machine_var_mpf_extended_version'====== Args={'value': 'Mission Pinball Framework v0.80.0.dev14, Config version:6, Show version: 6, BCP version:1.1', 'prev_value': None, 'change': True}
2026-04-24 12:04:57,505 : INFO : EventManager : Event: ======'machine_var_python_version'====== Args={'value': '3.11.9', 'prev_value': None, 'change': True}
2026-04-24 12:04:57,513 : INFO : EventManager : Event: ======'machine_var_platform'====== Args={'value': 'macOS-14.3-arm64-arm-64bit', 'prev_value': None, 'change': True}
2026-04-24 12:04:57,513 : INFO : EventManager : Event: ======'machine_var_platform_system'====== Args={'value': 'Darwin', 'prev_value': None, 'change': True}
2026-04-24 12:04:57,513 : INFO : EventManager : Event: ======'machine_var_platform_release'====== Args={'value': '23.3.0', 'prev_value': None, 'change': True}
2026-04-24 12:04:57,513 : INFO : EventManager : Event: ======'machine_var_platform_version'====== Args={'value': 'Darwin Kernel Version 23.3.0: Thu Dec 21 02:29:41 PST 2023; root:xnu-10002.81.5~11/RELEASE_ARM64_T8122', 'prev_value': None, 'change': True}
2026-04-24 12:04:57,513 : INFO : EventManager : Event: ======'machine_var_platform_machine'====== Args={'value': 'arm64', 'prev_value': None, 'change': True}
2026-04-24 12:04:57,513 : INFO : EventManager : Event: ======'machine_var_log_file_path'====== Args={'value': '/Users/tannerpetch/Documents/GitHub/trashland_3/logs/2026-04-24-12-04-57-mpf-Tanners-Laptop.localdomain.log', 'prev_value': None, 'change': True}
2026-04-24 12:04:57,513 : INFO : EventManager : Event: ======'init_phase_1'====== Args={}
2026-04-24 12:04:57,536 : INFO : EventManager : Event: ======'drop_target_bank_dt_single_up'====== Args={}
2026-04-24 12:04:57,536 : INFO : EventManager : Event: ======'drop_target_bank_dt_bank_up'====== Args={}
2026-04-24 12:04:57,536 : INFO : EventManager : Event: ======'init_phase_2'====== Args={}
2026-04-24 12:04:57,538 : INFO : ball_device.bd_scoop : BCH: Initial count: 0
2026-04-24 12:04:57,538 : INFO : ball_device.bd_scoop : State: idle
2026-04-24 12:04:57,538 : INFO : ball_device.bd_trough : BCH: Initial count: 0
2026-04-24 12:04:57,538 : INFO : ball_device.bd_trough : State: idle
2026-04-24 12:04:57,538 : INFO : ball_device.bd_autolauncher : BCH: Initial count: 0
2026-04-24 12:04:57,538 : INFO : ball_device.bd_autolauncher : State: idle
2026-04-24 12:04:57,538 : INFO : ball_device.bd_kicker_orbit : BCH: Initial count: 0
2026-04-24 12:04:57,539 : INFO : ball_device.bd_kicker_orbit : State: idle
2026-04-24 12:04:57,539 : INFO : ball_device.bd_lower_vuk : BCH: Initial count: 0
2026-04-24 12:04:57,539 : INFO : ball_device.bd_lower_vuk : State: idle
2026-04-24 12:04:57,539 : INFO : ball_device.bd_vuk_back : BCH: Initial count: 0
2026-04-24 12:04:57,539 : INFO : ball_device.bd_vuk_back : State: idle
2026-04-24 12:04:57,539 : INFO : ball_device.bd_vuk_upper : BCH: Initial count: 0
2026-04-24 12:04:57,539 : INFO : ball_device.bd_vuk_upper : State: idle
2026-04-24 12:04:57,539 : INFO : ball_device.bd_b_lock : BCH: Initial count: 0
2026-04-24 12:04:57,539 : INFO : ball_device.bd_b_lock : State: idle
2026-04-24 12:04:57,543 : INFO : EventManager : Event: ======'init_phase_3'====== Args={}
2026-04-24 12:04:57,545 : INFO : EventManager : Event: ======'init_phase_4'====== Args={}
2026-04-24 12:04:57,545 : INFO : BallController : Initial balls found: 0
2026-04-24 12:04:57,545 : INFO : EventManager : Event: ======'machine_var_audits_events_game_ended'====== Args={'value': 10, 'prev_value': None, 'change': True}
2026-04-24 12:04:57,545 : INFO : EventManager : Event: ======'machine_var_audits_events_game_started'====== Args={'value': 43, 'prev_value': None, 'change': True}
2026-04-24 12:04:57,545 : INFO : EventManager : Event: ======'machine_var_audits_missing_switches_s_autolauncher'====== Args={'value': 8, 'prev_value': None, 'change': True}
2026-04-24 12:04:57,545 : INFO : EventManager : Event: ======'machine_var_audits_missing_switches_s_b_eos'====== Args={'value': 8, 'prev_value': None, 'change': True}
2026-04-24 12:04:57,545 : INFO : EventManager : Event: ======'machine_var_audits_missing_switches_s_b_pop'====== Args={'value': 8, 'prev_value': None, 'change': True}
2026-04-24 12:04:57,545 : INFO : EventManager : Event: ======'machine_var_audits_missing_switches_s_b_rollover_interchange'====== Args={'value': 10, 'prev_value': None, 'change': True}
2026-04-24 12:04:57,545 : INFO : EventManager : Event: ======'machine_var_audits_missing_switches_s_b_rollover_loop'====== Args={'value': 9, 'prev_value': None, 'change': True}
2026-04-24 12:04:57,545 : INFO : EventManager : Event: ======'machine_var_audits_missing_switches_s_b_rollover_misc'====== Args={'value': 10, 'prev_value': None, 'change': True}
2026-04-24 12:04:57,546 : INFO : EventManager : Event: ======'machine_var_audits_missing_switches_s_b_target_left'====== Args={'value': 10, 'prev_value': None, 'change': True}
2026-04-24 12:04:57,546 : INFO : EventManager : Event: ======'machine_var_audits_missing_switches_s_b_target_right'====== Args={'value': 10, 'prev_value': None, 'change': True}
2026-04-24 12:04:57,546 : INFO : EventManager : Event: ======'machine_var_audits_missing_switches_s_bot'====== Args={'value': 10, 'prev_value': None, 'change': True}
2026-04-24 12:04:57,546 : INFO : EventManager : Event: ======'machine_var_audits_missing_switches_s_bot_mid'====== Args={'value': 8, 'prev_value': None, 'change': True}
2026-04-24 12:04:57,546 : INFO : EventManager : Event: ======'machine_var_audits_missing_switches_s_captive_l'====== Args={'value': 10, 'prev_value': None, 'change': True}
2026-04-24 12:04:57,546 : INFO : EventManager : Event: ======'machine_var_audits_missing_switches_s_captive_r'====== Args={'value': 10, 'prev_value': None, 'change': True}
2026-04-24 12:04:57,546 : INFO : EventManager : Event: ======'machine_var_audits_missing_switches_s_drop_l'====== Args={'value': 1, 'prev_value': None, 'change': True}
2026-04-24 12:04:57,546 : INFO : EventManager : Event: ======'machine_var_audits_missing_switches_s_drop_m'====== Args={'value': 1, 'prev_value': None, 'change': True}
2026-04-24 12:04:57,546 : INFO : EventManager : Event: ======'machine_var_audits_missing_switches_s_drop_r'====== Args={'value': 1, 'prev_value': None, 'change': True}
2026-04-24 12:04:57,546 : INFO : EventManager : Event: ======'machine_var_audits_missing_switches_s_drop_single'====== Args={'value': 8, 'prev_value': None, 'change': True}
2026-04-24 12:04:57,546 : INFO : EventManager : Event: ======'machine_var_audits_missing_switches_s_flipper_but_l_1'====== Args={'value': 8, 'prev_value': None, 'change': True}
2026-04-24 12:04:57,546 : INFO : EventManager : Event: ======'machine_var_audits_missing_switches_s_flipper_but_l_2'====== Args={'value': 8, 'prev_value': None, 'change': True}
2026-04-24 12:04:57,546 : INFO : EventManager : Event: ======'machine_var_audits_missing_switches_s_flipper_but_r_1'====== Args={'value': 8, 'prev_value': None, 'change': True}
2026-04-24 12:04:57,546 : INFO : EventManager : Event: ======'machine_var_audits_missing_switches_s_flipper_but_r_2'====== Args={'value': 8, 'prev_value': None, 'change': True}
2026-04-24 12:04:57,546 : INFO : EventManager : Event: ======'machine_var_audits_missing_switches_s_flipper_l'====== Args={'value': 8, 'prev_value': None, 'change': True}
2026-04-24 12:04:57,546 : INFO : EventManager : Event: ======'machine_var_audits_missing_switches_s_flipper_r'====== Args={'value': 8, 'prev_value': None, 'change': True}
2026-04-24 12:04:57,546 : INFO : EventManager : Event: ======'machine_var_audits_missing_switches_s_flipper_upper_l'====== Args={'value': 8, 'prev_value': None, 'change': True}
2026-04-24 12:04:57,546 : INFO : EventManager : Event: ======'machine_var_audits_missing_switches_s_inlane_l'====== Args={'value': 41, 'prev_value': None, 'change': True}
2026-04-24 12:04:57,546 : INFO : EventManager : Event: ======'machine_var_audits_missing_switches_s_inlane_r'====== Args={'value': 8, 'prev_value': None, 'change': True}
2026-04-24 12:04:57,546 : INFO : EventManager : Event: ======'machine_var_audits_missing_switches_s_kicker_orbit'====== Args={'value': 1, 'prev_value': None, 'change': True}
2026-04-24 12:04:57,546 : INFO : EventManager : Event: ======'machine_var_audits_missing_switches_s_kicking_target'====== Args={'value': 8, 'prev_value': None, 'change': True}
2026-04-24 12:04:57,546 : INFO : EventManager : Event: ======'machine_var_audits_missing_switches_s_launch'====== Args={'value': 1, 'prev_value': None, 'change': True}
2026-04-24 12:04:57,546 : INFO : EventManager : Event: ======'machine_var_audits_missing_switches_s_lock_1'====== Args={'value': 14, 'prev_value': None, 'change': True}
2026-04-24 12:04:57,546 : INFO : EventManager : Event: ======'machine_var_audits_missing_switches_s_lock_2'====== Args={'value': 8, 'prev_value': None, 'change': True}
2026-04-24 12:04:57,546 : INFO : EventManager : Event: ======'machine_var_audits_missing_switches_s_lock_3'====== Args={'value': 8, 'prev_value': None, 'change': True}
2026-04-24 12:04:57,546 : INFO : EventManager : Event: ======'machine_var_audits_missing_switches_s_lower_orbit'====== Args={'value': 10, 'prev_value': None, 'change': True}
2026-04-24 12:04:57,546 : INFO : EventManager : Event: ======'machine_var_audits_missing_switches_s_lower_single'====== Args={'value': 10, 'prev_value': None, 'change': True}
2026-04-24 12:04:57,546 : INFO : EventManager : Event: ======'machine_var_audits_missing_switches_s_lower_sling'====== Args={'value': 8, 'prev_value': None, 'change': True}
2026-04-24 12:04:57,546 : INFO : EventManager : Event: ======'machine_var_audits_missing_switches_s_lower_transfer'====== Args={'value': 10, 'prev_value': None, 'change': True}
2026-04-24 12:04:57,546 : INFO : EventManager : Event: ======'machine_var_audits_missing_switches_s_lower_vuk'====== Args={'value': 8, 'prev_value': None, 'change': True}
2026-04-24 12:04:57,546 : INFO : EventManager : Event: ======'machine_var_audits_missing_switches_s_middle_scoop'====== Args={'value': 8, 'prev_value': None, 'change': True}
2026-04-24 12:04:57,546 : INFO : EventManager : Event: ======'machine_var_audits_missing_switches_s_orbit_small_l'====== Args={'value': 8, 'prev_value': None, 'change': True}
2026-04-24 12:04:57,546 : INFO : EventManager : Event: ======'machine_var_audits_missing_switches_s_orbit_small_r'====== Args={'value': 10, 'prev_value': None, 'change': True}
2026-04-24 12:04:57,546 : INFO : EventManager : Event: ======'machine_var_audits_missing_switches_s_outlane_l'====== Args={'value': 43, 'prev_value': None, 'change': True}
2026-04-24 12:04:57,546 : INFO : EventManager : Event: ======'machine_var_audits_missing_switches_s_outlane_r'====== Args={'value': 43, 'prev_value': None, 'change': True}
2026-04-24 12:04:57,546 : INFO : EventManager : Event: ======'machine_var_audits_missing_switches_s_pop'====== Args={'value': 8, 'prev_value': None, 'change': True}
2026-04-24 12:04:57,546 : INFO : EventManager : Event: ======'machine_var_audits_missing_switches_s_scissor_save'====== Args={'value': 10, 'prev_value': None, 'change': True}
2026-04-24 12:04:57,546 : INFO : EventManager : Event: ======'machine_var_audits_missing_switches_s_sling_l'====== Args={'value': 8, 'prev_value': None, 'change': True}
2026-04-24 12:04:57,546 : INFO : EventManager : Event: ======'machine_var_audits_missing_switches_s_start'====== Args={'value': 10, 'prev_value': None, 'change': True}
2026-04-24 12:04:57,546 : INFO : EventManager : Event: ======'machine_var_audits_missing_switches_s_stationary_l'====== Args={'value': 8, 'prev_value': None, 'change': True}
2026-04-24 12:04:57,546 : INFO : EventManager : Event: ======'machine_var_audits_missing_switches_s_stationary_m'====== Args={'value': 8, 'prev_value': None, 'change': True}
2026-04-24 12:04:57,546 : INFO : EventManager : Event: ======'machine_var_audits_missing_switches_s_stationary_r'====== Args={'value': 8, 'prev_value': None, 'change': True}
2026-04-24 12:04:57,546 : INFO : EventManager : Event: ======'machine_var_audits_missing_switches_s_subway'====== Args={'value': 8, 'prev_value': None, 'change': True}
2026-04-24 12:04:57,546 : INFO : EventManager : Event: ======'machine_var_audits_missing_switches_s_tilt'====== Args={'value': 10, 'prev_value': None, 'change': True}
2026-04-24 12:04:57,546 : INFO : EventManager : Event: ======'machine_var_audits_missing_switches_s_top'====== Args={'value': 8, 'prev_value': None, 'change': True}
2026-04-24 12:04:57,546 : INFO : EventManager : Event: ======'machine_var_audits_missing_switches_s_top_mid'====== Args={'value': 10, 'prev_value': None, 'change': True}
2026-04-24 12:04:57,546 : INFO : EventManager : Event: ======'machine_var_audits_missing_switches_s_trough_1'====== Args={'value': 8, 'prev_value': None, 'change': True}
2026-04-24 12:04:57,546 : INFO : EventManager : Event: ======'machine_var_audits_missing_switches_s_trough_2'====== Args={'value': 8, 'prev_value': None, 'change': True}
2026-04-24 12:04:57,546 : INFO : EventManager : Event: ======'machine_var_audits_missing_switches_s_trough_3'====== Args={'value': 2, 'prev_value': None, 'change': True}
2026-04-24 12:04:57,546 : INFO : EventManager : Event: ======'machine_var_audits_missing_switches_s_trough_4'====== Args={'value': 8, 'prev_value': None, 'change': True}
2026-04-24 12:04:57,546 : INFO : EventManager : Event: ======'machine_var_audits_missing_switches_s_trough_5'====== Args={'value': 9, 'prev_value': None, 'change': True}
2026-04-24 12:04:57,546 : INFO : EventManager : Event: ======'machine_var_audits_missing_switches_s_trough_6'====== Args={'value': 9, 'prev_value': None, 'change': True}
2026-04-24 12:04:57,546 : INFO : EventManager : Event: ======'machine_var_audits_missing_switches_s_trough_jam'====== Args={'value': 8, 'prev_value': None, 'change': True}
2026-04-24 12:04:57,546 : INFO : EventManager : Event: ======'machine_var_audits_missing_switches_s_u_lane_l'====== Args={'value': 10, 'prev_value': None, 'change': True}
2026-04-24 12:04:57,546 : INFO : EventManager : Event: ======'machine_var_audits_missing_switches_s_u_lane_r'====== Args={'value': 10, 'prev_value': None, 'change': True}
2026-04-24 12:04:57,546 : INFO : EventManager : Event: ======'machine_var_audits_missing_switches_s_u_rollover'====== Args={'value': 10, 'prev_value': None, 'change': True}
2026-04-24 12:04:57,546 : INFO : EventManager : Event: ======'machine_var_audits_missing_switches_s_u_target'====== Args={'value': 10, 'prev_value': None, 'change': True}
2026-04-24 12:04:57,546 : INFO : EventManager : Event: ======'machine_var_audits_missing_switches_s_vuk_back'====== Args={'value': 8, 'prev_value': None, 'change': True}
2026-04-24 12:04:57,546 : INFO : EventManager : Event: ======'machine_var_audits_missing_switches_s_vuk_upper'====== Args={'value': 8, 'prev_value': None, 'change': True}
2026-04-24 12:04:57,546 : INFO : EventManager : Event: ======'machine_var_audits_player_score'====== Args={'value': {'average': 31, 'top': [310, 0, 0, 0, 0, 0, 0, 0, 0, 0], 'total': 10}, 'prev_value': None, 'change': True}
2026-04-24 12:04:57,546 : INFO : EventManager : Event: ======'machine_var_audits_shots_r_drop_behind_misc'====== Args={'value': 11, 'prev_value': None, 'change': True}
2026-04-24 12:04:57,547 : INFO : EventManager : Event: ======'machine_var_audits_shots_r_drop_l_misc'====== Args={'value': 14, 'prev_value': None, 'change': True}
2026-04-24 12:04:57,547 : INFO : EventManager : Event: ======'machine_var_audits_shots_r_drop_m_misc'====== Args={'value': 14, 'prev_value': None, 'change': True}
2026-04-24 12:04:57,547 : INFO : EventManager : Event: ======'machine_var_audits_shots_r_drop_r_misc'====== Args={'value': 16, 'prev_value': None, 'change': True}
2026-04-24 12:04:57,547 : INFO : EventManager : Event: ======'machine_var_audits_shots_r_orbit_small_l_base'====== Args={'value': 2, 'prev_value': None, 'change': True}
2026-04-24 12:04:57,547 : INFO : EventManager : Event: ======'machine_var_audits_shots_r_orbit_small_l_div'====== Args={'value': 2, 'prev_value': None, 'change': True}
2026-04-24 12:04:57,547 : INFO : EventManager : Event: ======'machine_var_audits_shots_r_pop'====== Args={'value': 22, 'prev_value': None, 'change': True}
2026-04-24 12:04:57,547 : INFO : EventManager : Event: ======'machine_var_audits_shots_r_scoop'====== Args={'value': 3, 'prev_value': None, 'change': True}
2026-04-24 12:04:57,547 : INFO : EventManager : Event: ======'machine_var_audits_shots_r_sling_l'====== Args={'value': 3, 'prev_value': None, 'change': True}
2026-04-24 12:04:57,547 : INFO : EventManager : Event: ======'machine_var_audits_shots_r_sling_r'====== Args={'value': 6, 'prev_value': None, 'change': True}
2026-04-24 12:04:57,547 : INFO : EventManager : Event: ======'machine_var_audits_shots_r_stationary_r_div'====== Args={'value': 6, 'prev_value': None, 'change': True}
2026-04-24 12:04:57,547 : INFO : EventManager : Event: ======'machine_var_audits_switches_s_autolauncher'====== Args={'value': 124, 'prev_value': None, 'change': True}
2026-04-24 12:04:57,547 : INFO : EventManager : Event: ======'machine_var_audits_switches_s_b_eos'====== Args={'value': 667, 'prev_value': None, 'change': True}
2026-04-24 12:04:57,547 : INFO : EventManager : Event: ======'machine_var_audits_switches_s_b_pop'====== Args={'value': 133, 'prev_value': None, 'change': True}
2026-04-24 12:04:57,547 : INFO : EventManager : Event: ======'machine_var_audits_switches_s_b_rollover_interchange'====== Args={'value': 1, 'prev_value': None, 'change': True}
2026-04-24 12:04:57,547 : INFO : EventManager : Event: ======'machine_var_audits_switches_s_b_rollover_loop'====== Args={'value': 8, 'prev_value': None, 'change': True}
2026-04-24 12:04:57,547 : INFO : EventManager : Event: ======'machine_var_audits_switches_s_b_rollover_misc'====== Args={'value': 1, 'prev_value': None, 'change': True}
2026-04-24 12:04:57,547 : INFO : EventManager : Event: ======'machine_var_audits_switches_s_b_target_left'====== Args={'value': 1, 'prev_value': None, 'change': True}
2026-04-24 12:04:57,547 : INFO : EventManager : Event: ======'machine_var_audits_switches_s_b_target_right'====== Args={'value': 1, 'prev_value': None, 'change': True}
2026-04-24 12:04:57,547 : INFO : EventManager : Event: ======'machine_var_audits_switches_s_bot'====== Args={'value': 1, 'prev_value': None, 'change': True}
2026-04-24 12:04:57,547 : INFO : EventManager : Event: ======'machine_var_audits_switches_s_bot_mid'====== Args={'value': 6, 'prev_value': None, 'change': True}
2026-04-24 12:04:57,547 : INFO : EventManager : Event: ======'machine_var_audits_switches_s_captive_l'====== Args={'value': 1, 'prev_value': None, 'change': True}
2026-04-24 12:04:57,547 : INFO : EventManager : Event: ======'machine_var_audits_switches_s_captive_r'====== Args={'value': 1, 'prev_value': None, 'change': True}
2026-04-24 12:04:57,547 : INFO : EventManager : Event: ======'machine_var_audits_switches_s_drop_l'====== Args={'value': 22, 'prev_value': None, 'change': True}
2026-04-24 12:04:57,547 : INFO : EventManager : Event: ======'machine_var_audits_switches_s_drop_m'====== Args={'value': 36, 'prev_value': None, 'change': True}
2026-04-24 12:04:57,547 : INFO : EventManager : Event: ======'machine_var_audits_switches_s_drop_r'====== Args={'value': 23, 'prev_value': None, 'change': True}
2026-04-24 12:04:57,547 : INFO : EventManager : Event: ======'machine_var_audits_switches_s_drop_single'====== Args={'value': 21, 'prev_value': None, 'change': True}
2026-04-24 12:04:57,547 : INFO : EventManager : Event: ======'machine_var_audits_switches_s_flipper_but_l_1'====== Args={'value': 440, 'prev_value': None, 'change': True}
2026-04-24 12:04:57,547 : INFO : EventManager : Event: ======'machine_var_audits_switches_s_flipper_but_l_2'====== Args={'value': 416, 'prev_value': None, 'change': True}
2026-04-24 12:04:57,547 : INFO : EventManager : Event: ======'machine_var_audits_switches_s_flipper_but_r_1'====== Args={'value': 792, 'prev_value': None, 'change': True}
2026-04-24 12:04:57,547 : INFO : EventManager : Event: ======'machine_var_audits_switches_s_flipper_but_r_2'====== Args={'value': 783, 'prev_value': None, 'change': True}
2026-04-24 12:04:57,547 : INFO : EventManager : Event: ======'machine_var_audits_switches_s_flipper_l'====== Args={'value': 416, 'prev_value': None, 'change': True}
2026-04-24 12:04:57,547 : INFO : EventManager : Event: ======'machine_var_audits_switches_s_flipper_r'====== Args={'value': 1731, 'prev_value': None, 'change': True}
2026-04-24 12:04:57,547 : INFO : EventManager : Event: ======'machine_var_audits_switches_s_flipper_upper_l'====== Args={'value': 393, 'prev_value': None, 'change': True}
2026-04-24 12:04:57,547 : INFO : EventManager : Event: ======'machine_var_audits_switches_s_inlane_l'====== Args={'value': 1, 'prev_value': None, 'change': True}
2026-04-24 12:04:57,547 : INFO : EventManager : Event: ======'machine_var_audits_switches_s_inlane_r'====== Args={'value': 80, 'prev_value': None, 'change': True}
2026-04-24 12:04:57,547 : INFO : EventManager : Event: ======'machine_var_audits_switches_s_kicker_orbit'====== Args={'value': 185, 'prev_value': None, 'change': True}
2026-04-24 12:04:57,547 : INFO : EventManager : Event: ======'machine_var_audits_switches_s_kicking_target'====== Args={'value': 538, 'prev_value': None, 'change': True}
2026-04-24 12:04:57,547 : INFO : EventManager : Event: ======'machine_var_audits_switches_s_launch'====== Args={'value': 129, 'prev_value': None, 'change': True}
2026-04-24 12:04:57,547 : INFO : EventManager : Event: ======'machine_var_audits_switches_s_lock_1'====== Args={'value': 10, 'prev_value': None, 'change': True}
2026-04-24 12:04:57,547 : INFO : EventManager : Event: ======'machine_var_audits_switches_s_lock_2'====== Args={'value': 5, 'prev_value': None, 'change': True}
2026-04-24 12:04:57,547 : INFO : EventManager : Event: ======'machine_var_audits_switches_s_lock_3'====== Args={'value': 5, 'prev_value': None, 'change': True}
2026-04-24 12:04:57,547 : INFO : EventManager : Event: ======'machine_var_audits_switches_s_lower_orbit'====== Args={'value': 5, 'prev_value': None, 'change': True}
2026-04-24 12:04:57,547 : INFO : EventManager : Event: ======'machine_var_audits_switches_s_lower_single'====== Args={'value': 1, 'prev_value': None, 'change': True}
2026-04-24 12:04:57,547 : INFO : EventManager : Event: ======'machine_var_audits_switches_s_lower_sling'====== Args={'value': 8, 'prev_value': None, 'change': True}
2026-04-24 12:04:57,547 : INFO : EventManager : Event: ======'machine_var_audits_switches_s_lower_transfer'====== Args={'value': 3, 'prev_value': None, 'change': True}
2026-04-24 12:04:57,547 : INFO : EventManager : Event: ======'machine_var_audits_switches_s_lower_vuk'====== Args={'value': 15, 'prev_value': None, 'change': True}
2026-04-24 12:04:57,547 : INFO : EventManager : Event: ======'machine_var_audits_switches_s_middle_scoop'====== Args={'value': 14, 'prev_value': None, 'change': True}
2026-04-24 12:04:57,547 : INFO : EventManager : Event: ======'machine_var_audits_switches_s_orbit_small_l'====== Args={'value': 38, 'prev_value': None, 'change': True}
2026-04-24 12:04:57,547 : INFO : EventManager : Event: ======'machine_var_audits_switches_s_orbit_small_r'====== Args={'value': 195, 'prev_value': None, 'change': True}
2026-04-24 12:04:57,547 : INFO : EventManager : Event: ======'machine_var_audits_switches_s_outlane_l'====== Args={'value': 0, 'prev_value': None, 'change': True}
2026-04-24 12:04:57,547 : INFO : EventManager : Event: ======'machine_var_audits_switches_s_outlane_r'====== Args={'value': 0, 'prev_value': None, 'change': True}
2026-04-24 12:04:57,547 : INFO : EventManager : Event: ======'machine_var_audits_switches_s_pop'====== Args={'value': 99, 'prev_value': None, 'change': True}
2026-04-24 12:04:57,547 : INFO : EventManager : Event: ======'machine_var_audits_switches_s_scissor_save'====== Args={'value': 3, 'prev_value': None, 'change': True}
2026-04-24 12:04:57,547 : INFO : EventManager : Event: ======'machine_var_audits_switches_s_sling_l'====== Args={'value': 19, 'prev_value': None, 'change': True}
2026-04-24 12:04:57,548 : INFO : EventManager : Event: ======'machine_var_audits_switches_s_start'====== Args={'value': 5, 'prev_value': None, 'change': True}
2026-04-24 12:04:57,548 : INFO : EventManager : Event: ======'machine_var_audits_switches_s_stationary_l'====== Args={'value': 111, 'prev_value': None, 'change': True}
2026-04-24 12:04:57,548 : INFO : EventManager : Event: ======'machine_var_audits_switches_s_stationary_m'====== Args={'value': 29, 'prev_value': None, 'change': True}
2026-04-24 12:04:57,548 : INFO : EventManager : Event: ======'machine_var_audits_switches_s_stationary_r'====== Args={'value': 35, 'prev_value': None, 'change': True}
2026-04-24 12:04:57,548 : INFO : EventManager : Event: ======'machine_var_audits_switches_s_subway'====== Args={'value': 168, 'prev_value': None, 'change': True}
2026-04-24 12:04:57,548 : INFO : EventManager : Event: ======'machine_var_audits_switches_s_tilt'====== Args={'value': 1, 'prev_value': None, 'change': True}
2026-04-24 12:04:57,548 : INFO : EventManager : Event: ======'machine_var_audits_switches_s_top'====== Args={'value': 6, 'prev_value': None, 'change': True}
2026-04-24 12:04:57,548 : INFO : EventManager : Event: ======'machine_var_audits_switches_s_top_mid'====== Args={'value': 1, 'prev_value': None, 'change': True}
2026-04-24 12:04:57,548 : INFO : EventManager : Event: ======'machine_var_audits_switches_s_trough_1'====== Args={'value': 101, 'prev_value': None, 'change': True}
2026-04-24 12:04:57,548 : INFO : EventManager : Event: ======'machine_var_audits_switches_s_trough_2'====== Args={'value': 60, 'prev_value': None, 'change': True}
2026-04-24 12:04:57,548 : INFO : EventManager : Event: ======'machine_var_audits_switches_s_trough_3'====== Args={'value': 63, 'prev_value': None, 'change': True}
2026-04-24 12:04:57,548 : INFO : EventManager : Event: ======'machine_var_audits_switches_s_trough_4'====== Args={'value': 141, 'prev_value': None, 'change': True}
2026-04-24 12:04:57,548 : INFO : EventManager : Event: ======'machine_var_audits_switches_s_trough_5'====== Args={'value': 48, 'prev_value': None, 'change': True}
2026-04-24 12:04:57,548 : INFO : EventManager : Event: ======'machine_var_audits_switches_s_trough_6'====== Args={'value': 100, 'prev_value': None, 'change': True}
2026-04-24 12:04:57,548 : INFO : EventManager : Event: ======'machine_var_audits_switches_s_trough_jam'====== Args={'value': 73, 'prev_value': None, 'change': True}
2026-04-24 12:04:57,548 : INFO : EventManager : Event: ======'machine_var_audits_switches_s_u_lane_l'====== Args={'value': 1, 'prev_value': None, 'change': True}
2026-04-24 12:04:57,548 : INFO : EventManager : Event: ======'machine_var_audits_switches_s_u_lane_r'====== Args={'value': 1, 'prev_value': None, 'change': True}
2026-04-24 12:04:57,548 : INFO : EventManager : Event: ======'machine_var_audits_switches_s_u_rollover'====== Args={'value': 1, 'prev_value': None, 'change': True}
2026-04-24 12:04:57,548 : INFO : EventManager : Event: ======'machine_var_audits_switches_s_u_target'====== Args={'value': 1, 'prev_value': None, 'change': True}
2026-04-24 12:04:57,548 : INFO : EventManager : Event: ======'machine_var_audits_switches_s_vuk_back'====== Args={'value': 101, 'prev_value': None, 'change': True}
2026-04-24 12:04:57,548 : INFO : EventManager : Event: ======'machine_var_audits_switches_s_vuk_upper'====== Args={'value': 63, 'prev_value': None, 'change': True}
2026-04-24 12:04:57,548 : INFO : EventManager : Event: ======'init_phase_5'====== Args={}
2026-04-24 12:04:57,550 : INFO : EventManager : Event: ======'init_done'====== Args={}
2026-04-24 12:04:57,550 : INFO : EventManager : Event: ======'machine_reset_phase_1'====== Args={}
2026-04-24 12:04:57,550 : INFO : EventManager : Event: ======'machine_reset_phase_2'====== Args={}
2026-04-24 12:04:57,550 : INFO : EventManager : Event: ======'machine_reset_phase_3'====== Args={}
2026-04-24 12:04:57,550 : INFO : EventManager : Event: ======'diverter_d_middle_diverter_deactivating'====== Args={}
2026-04-24 12:04:57,551 : INFO : coil.c_diverter : Disabling Driver
2026-04-24 12:04:57,551 : INFO : EventManager : Event: ======'reset_complete'====== Args={}
2026-04-24 12:04:57,551 : INFO : EventManager : Event: ======'mode_attract_will_start'====== Args={}
2026-04-24 12:04:57,551 : INFO : EventManager : Event: ======'mode_attract_starting'====== Args={}
2026-04-24 12:04:57,551 : INFO : Mode.attract : Started. Priority: 10
2026-04-24 12:04:57,551 : INFO : EventManager : Event: ======'modes_active_modes_changed'====== Args={}
2026-04-24 12:04:57,551 : INFO : EventManager : Event: ======'mode_attract_started'====== Args={}
2026-04-24 12:04:57,551 : INFO : EventManager : Event: ======'collecting_balls_complete'====== Args={}
2026-04-24 12:04:57,551 : INFO : Machine : Starting the main run loop with active modes: [<Mode.attract>]
2026-04-24 12:04:57,714 : INFO : BcpServer : New client connected.
2026-04-24 12:05:07,262 : INFO : SwitchController : <<<<<<< 's_trough_4' active >>>>>>>
2026-04-24 12:05:07,763 : INFO : EventManager : Event: ======'balldevice_bd_trough_ball_count_changed'====== Args={'balls': 1}
2026-04-24 12:05:07,763 : INFO : ball_device.bd_trough : Received unexpected ball
2026-04-24 12:05:07,763 : INFO : EventManager : Event: ======'balldevice_captured_from_playfield'====== Args={'balls': 1}
2026-04-24 12:05:07,763 : INFO : EventManager : Event: ======'sw_playfield_active'====== Args={'balls': 1}
2026-04-24 12:05:07,763 : INFO : EventManager : Event: ======'playfield_active'====== Args={'source': None}
2026-04-24 12:05:07,763 : INFO : EventManager : Event: ======'unexpected_ball_on_playfield'====== Args={}
2026-04-24 12:05:07,763 : INFO : EventManager : Event: ======'playfield_ball_count_change'====== Args={'balls': -1, 'change': -1}
2026-04-24 12:05:07,764 : INFO : EventManager : Event: ======'balldevice_playfield_ball_enter'====== Args={'new_balls': 1, 'unclaimed_balls': 1, 'device': <playfield.playfield>}
2026-04-24 12:05:07,764 : INFO : EventManager : Event: ======'playfield_ball_count_change'====== Args={'balls': 0, 'change': 1}
2026-04-24 12:05:07,764 : INFO : BallController : Found a new ball which was captured from playfield. Known balls: 1
2026-04-24 12:05:07,764 : INFO : EventManager : Event: ======'found_new_ball'====== Args={}
2026-04-24 12:05:07,764 : INFO : EventManager : Event: ======'balldevice_bd_trough_ball_enter'====== Args={'new_balls': 1, 'unclaimed_balls': 1, 'new_available_balls': 1, 'device': <ball_device.bd_trough>}
2026-04-24 12:05:07,764 : INFO : EventManager : Event: ======'ball_drain'====== Args={'device': <ball_device.bd_trough>, 'balls': 1}
2026-04-24 12:05:07,764 : INFO : EventManager : Event: ======'balldevice_balls_available'====== Args={}
2026-04-24 12:05:07,764 : INFO : EventManager : Event: ======'balldevice_bd_trough_ball_entered'====== Args={'new_balls': 1, 'device': <ball_device.bd_trough>}
2026-04-24 12:05:08,324 : INFO : SwitchController : <<<<<<< 's_trough_3' active >>>>>>>
2026-04-24 12:05:08,824 : INFO : EventManager : Event: ======'balldevice_bd_trough_ball_count_changed'====== Args={'balls': 2}
2026-04-24 12:05:08,824 : INFO : ball_device.bd_trough : Received unexpected ball
2026-04-24 12:05:08,824 : INFO : EventManager : Event: ======'balldevice_captured_from_playfield'====== Args={'balls': 1}
2026-04-24 12:05:08,825 : INFO : EventManager : Event: ======'sw_playfield_active'====== Args={'balls': 1}
2026-04-24 12:05:08,825 : INFO : EventManager : Event: ======'playfield_active'====== Args={'source': None}
2026-04-24 12:05:08,825 : INFO : EventManager : Event: ======'unexpected_ball_on_playfield'====== Args={}
2026-04-24 12:05:08,825 : INFO : EventManager : Event: ======'playfield_ball_count_change'====== Args={'balls': -1, 'change': -1}
2026-04-24 12:05:08,825 : INFO : EventManager : Event: ======'balldevice_playfield_ball_enter'====== Args={'new_balls': 1, 'unclaimed_balls': 1, 'device': <playfield.playfield>}
2026-04-24 12:05:08,825 : INFO : EventManager : Event: ======'playfield_ball_count_change'====== Args={'balls': 0, 'change': 1}
2026-04-24 12:05:08,825 : INFO : BallController : Found a new ball which was captured from playfield. Known balls: 2
2026-04-24 12:05:08,825 : INFO : EventManager : Event: ======'found_new_ball'====== Args={}
2026-04-24 12:05:08,825 : INFO : EventManager : Event: ======'balldevice_bd_trough_ball_enter'====== Args={'new_balls': 1, 'unclaimed_balls': 1, 'new_available_balls': 1, 'device': <ball_device.bd_trough>}
2026-04-24 12:05:08,825 : INFO : EventManager : Event: ======'ball_drain'====== Args={'device': <ball_device.bd_trough>, 'balls': 1}
2026-04-24 12:05:08,825 : INFO : EventManager : Event: ======'balldevice_balls_available'====== Args={}
2026-04-24 12:05:08,825 : INFO : EventManager : Event: ======'balldevice_bd_trough_ball_entered'====== Args={'new_balls': 1, 'device': <ball_device.bd_trough>}
2026-04-24 12:05:12,288 : INFO : SwitchController : <<<<<<< 's_start' active >>>>>>>
2026-04-24 12:05:12,387 : INFO : SwitchController : <<<<<<< 's_start' inactive >>>>>>>
2026-04-24 12:05:12,387 : INFO : EventManager : Event: ======'request_to_start_game'====== Args={}
2026-04-24 12:05:12,388 : INFO : EventManager : Event: ======'game_start'====== Args={'buttons': [], 'hold_time': 0.0993565839889925}
2026-04-24 12:05:12,388 : INFO : EventManager : Event: ======'mode_game_will_start'====== Args={'buttons': [], 'hold_time': 0.0993565839889925}
2026-04-24 12:05:12,388 : INFO : EventManager : Event: ======'mode_game_starting'====== Args={'buttons': [], 'hold_time': 0.0993565839889925}
2026-04-24 12:05:12,388 : INFO : EventManager : Event: ======'mode_attract_will_stop'====== Args={}
2026-04-24 12:05:12,388 : INFO : EventManager : Event: ======'mode_attract_stopping'====== Args={}
2026-04-24 12:05:12,388 : INFO : Mode.attract : Stopped.
2026-04-24 12:05:12,388 : INFO : EventManager : Event: ======'modes_active_modes_changed'====== Args={}
2026-04-24 12:05:12,389 : INFO : EventManager : Event: ======'mode_attract_stopped'====== Args={}
2026-04-24 12:05:12,389 : INFO : EventManager : Event: ======'clear'====== Args={'key': 'attract'}
2026-04-24 12:05:12,389 : INFO : Mode.game : Started. Priority: 20
2026-04-24 12:05:12,389 : INFO : EventManager : Event: ======'modes_active_modes_changed'====== Args={}
2026-04-24 12:05:12,389 : INFO : EventManager : Event: ======'mode_game_started'====== Args={'buttons': [], 'hold_time': 0.0993565839889925}
2026-04-24 12:05:12,389 : INFO : EventManager : Event: ======'game_will_start'====== Args={}
2026-04-24 12:05:12,391 : INFO : EventManager : Event: ======'game_starting'====== Args={'game': <Mode.game>}
2026-04-24 12:05:12,392 : INFO : EventManager : Unordered handler for class <Auditor> on event game_ended with priority 1. Handlers: [RegisteredHandler(callback=<bound method Auditor.disable of <Auditor>>, priority=1, kwargs={}, key=UUID('dfe182a8-ccfd-4766-8c12-a35de919e04a'), condition=None, blocking_facility=None), RegisteredHandler(callback=<bound method Auditor._save_audits of <Auditor>>, priority=1, kwargs={}, key=UUID('85fcd750-71f6-468c-859f-106595cf618a'), condition=None, blocking_facility=None)]. The order of those handlers is not defined and they will be executed in random order. This might lead to race conditions and potential bugs.
2026-04-24 12:05:12,392 : INFO : EventManager : Event: ======'player_add_request'====== Args={}
2026-04-24 12:05:12,392 : INFO : EventManager : Event: ======'player_will_add'====== Args={'number': 1}
2026-04-24 12:05:12,392 : INFO : EventManager : Event: ======'player_adding'====== Args={'player': <Player 1>, 'number': 1}
2026-04-24 12:05:12,392 : INFO : EventManager : Event: ======'player_added'====== Args={'player': <Player 1>, 'num': 1}
2026-04-24 12:05:12,392 : INFO : Mode.game : Player added successfully. Total players: 1
2026-04-24 12:05:12,392 : INFO : EventManager : Event: ======'player_index'====== Args={'value': 0, 'prev_value': 0, 'change': 0, 'player_num': 1}
2026-04-24 12:05:12,392 : INFO : EventManager : Event: ======'player_number'====== Args={'value': 1, 'prev_value': 1, 'change': 0, 'player_num': 1}
2026-04-24 12:05:12,392 : INFO : EventManager : Event: ======'player_score'====== Args={'value': 0, 'prev_value': 0, 'change': 0, 'player_num': 1}
2026-04-24 12:05:12,392 : INFO : EventManager : Event: ======'game_started'====== Args={}
2026-04-24 12:05:12,393 : INFO : EventManager : Event: ======'player_turn_will_start'====== Args={'player': <Player 1>, 'number': 1}
2026-04-24 12:05:12,393 : INFO : EventManager : Event: ======'player_turn_starting'====== Args={'player': <Player 1>, 'number': 1}
2026-04-24 12:05:12,393 : INFO : EventManager : Event: ======'player_ball'====== Args={'value': 1, 'prev_value': 0, 'change': 1, 'player_num': 1}
2026-04-24 12:05:12,393 : INFO : EventManager : Event: ======'player_turn_started'====== Args={'player': <Player 1>, 'number': 1}
2026-04-24 12:05:12,393 : INFO : EventManager : Event: ======'ball_will_start'====== Args={'player': 1, 'ball': 1, 'balls_remaining': 2, 'is_extra_ball': False}
2026-04-24 12:05:12,393 : INFO : EventManager : Event: ======'ball_starting'====== Args={'player': 1, 'ball': 1, 'balls_remaining': 2, 'is_extra_ball': False}
2026-04-24 12:05:12,393 : INFO : EventManager : Event: ======'mode_diverter_activation_will_start'====== Args={'queue': <QueuedEvent>, 'player': 1, 'ball': 1, 'balls_remaining': 2, 'is_extra_ball': False}
2026-04-24 12:05:12,393 : INFO : EventManager : Event: ======'player_shot_r_orbit_small_r_div_enabled'====== Args={'value': True, 'prev_value': 0, 'change': 1, 'player_num': 1}
2026-04-24 12:05:12,393 : INFO : EventManager : Event: ======'player_shot_r_orbit_small_l_div_enabled'====== Args={'value': True, 'prev_value': 0, 'change': 1, 'player_num': 1}
2026-04-24 12:05:12,394 : INFO : EventManager : Event: ======'player_shot_r_captive_l_div_enabled'====== Args={'value': True, 'prev_value': 0, 'change': 1, 'player_num': 1}
2026-04-24 12:05:12,394 : INFO : EventManager : Event: ======'player_shot_r_stationary_r_div_enabled'====== Args={'value': True, 'prev_value': 0, 'change': 1, 'player_num': 1}
2026-04-24 12:05:12,394 : INFO : EventManager : Event: ======'mode_diverter_activation_starting'====== Args={'queue': <QueuedEvent>, 'player': 1, 'ball': 1, 'balls_remaining': 2, 'is_extra_ball': False}
2026-04-24 12:05:12,394 : INFO : EventManager : Event: ======'mode_base_will_start'====== Args={'queue': <QueuedEvent>, 'player': 1, 'ball': 1, 'balls_remaining': 2, 'is_extra_ball': False}
2026-04-24 12:05:12,394 : INFO : EventManager : Event: ======'player_shot_r_orbit_small_r_base_enabled'====== Args={'value': True, 'prev_value': 0, 'change': 1, 'player_num': 1}
2026-04-24 12:05:12,394 : INFO : EventManager : Event: ======'player_shot_r_orbit_small_l_base_enabled'====== Args={'value': True, 'prev_value': 0, 'change': 1, 'player_num': 1}
2026-04-24 12:05:12,394 : INFO : EventManager : Event: ======'player_shot_r_pop_enabled'====== Args={'value': True, 'prev_value': 0, 'change': 1, 'player_num': 1}
2026-04-24 12:05:12,394 : INFO : EventManager : Event: ======'player_shot_r_sling_l_enabled'====== Args={'value': True, 'prev_value': 0, 'change': 1, 'player_num': 1}
2026-04-24 12:05:12,395 : INFO : EventManager : Event: ======'player_shot_r_sling_r_enabled'====== Args={'value': True, 'prev_value': 0, 'change': 1, 'player_num': 1}
2026-04-24 12:05:12,395 : INFO : EventManager : Event: ======'player_shot_r_scoop_enabled'====== Args={'value': True, 'prev_value': 0, 'change': 1, 'player_num': 1}
2026-04-24 12:05:12,395 : INFO : EventManager : Event: ======'mode_base_starting'====== Args={'queue': <QueuedEvent>, 'player': 1, 'ball': 1, 'balls_remaining': 2, 'is_extra_ball': False}
2026-04-24 12:05:12,395 : INFO : EventManager : Event: ======'mode_misc_drop_bank_will_start'====== Args={'queue': <QueuedEvent>, 'player': 1, 'ball': 1, 'balls_remaining': 2, 'is_extra_ball': False}
2026-04-24 12:05:12,395 : INFO : EventManager : Event: ======'player_shot_r_drop_l_misc_enabled'====== Args={'value': True, 'prev_value': 0, 'change': 1, 'player_num': 1}
2026-04-24 12:05:12,395 : INFO : EventManager : Event: ======'player_shot_r_drop_m_misc_enabled'====== Args={'value': True, 'prev_value': 0, 'change': 1, 'player_num': 1}
2026-04-24 12:05:12,395 : INFO : EventManager : Event: ======'player_shot_r_drop_r_misc_enabled'====== Args={'value': True, 'prev_value': 0, 'change': 1, 'player_num': 1}
2026-04-24 12:05:12,396 : INFO : EventManager : Event: ======'sg_drops_misc_complete'====== Args={'state': 'drop_lit'}
2026-04-24 12:05:12,396 : INFO : EventManager : Event: ======'sg_drops_misc_drop_lit_complete'====== Args={}
2026-04-24 12:05:12,396 : INFO : EventManager : Event: ======'mode_misc_drop_bank_starting'====== Args={'queue': <QueuedEvent>, 'player': 1, 'ball': 1, 'balls_remaining': 2, 'is_extra_ball': False}
2026-04-24 12:05:12,398 : INFO : Mode.misc_drop_bank : Started. Priority: 100
2026-04-24 12:05:12,398 : INFO : EventManager : Event: ======'modes_active_modes_changed'====== Args={}
2026-04-24 12:05:12,398 : INFO : EventManager : Event: ======'mode_misc_drop_bank_started'====== Args={'queue': <QueuedEvent>, 'player': 1, 'ball': 1, 'balls_remaining': 2, 'is_extra_ball': False}
2026-04-24 12:05:12,398 : INFO : Mode.base : Started. Priority: 100
2026-04-24 12:05:12,398 : INFO : EventManager : Event: ======'modes_active_modes_changed'====== Args={}
2026-04-24 12:05:12,398 : INFO : EventManager : Event: ======'mode_base_started'====== Args={'queue': <QueuedEvent>, 'player': 1, 'ball': 1, 'balls_remaining': 2, 'is_extra_ball': False}
2026-04-24 12:05:12,398 : INFO : Mode.diverter_activation : Started. Priority: 101
2026-04-24 12:05:12,398 : INFO : EventManager : Event: ======'modes_active_modes_changed'====== Args={}
2026-04-24 12:05:12,398 : INFO : EventManager : Event: ======'mode_diverter_activation_started'====== Args={'queue': <QueuedEvent>, 'player': 1, 'ball': 1, 'balls_remaining': 2, 'is_extra_ball': False}
2026-04-24 12:05:12,398 : INFO : EventManager : Event: ======'player_v_right_ramp'====== Args={'value': 0, 'prev_value': 0, 'change': 0, 'player_num': 1, 'source': 'diverter_activation'}
2026-04-24 12:05:12,398 : INFO : EventManager : Event: ======'balls_in_play'====== Args={'balls': 1}
2026-04-24 12:05:12,398 : INFO : EventManager : Event: ======'ball_started'====== Args={'player': 1, 'ball': 1, 'balls_remaining': 2, 'is_extra_ball': False}
2026-04-24 12:05:12,401 : INFO : EventManager : Event: ======'diverter_d_middle_diverter_enabling'====== Args={'auto': False}
2026-04-24 12:05:12,401 : INFO : drop_target_bank.dt_bank : All targets are already up. Will not reset bank.
2026-04-24 12:05:12,401 : INFO : EventManager : Event: ======'single_player_ball_started'====== Args={}
2026-04-24 12:05:12,401 : INFO : EventManager : Event: ======'ball_start_target'====== Args={'target': 'playfield'}
2026-04-24 12:05:12,402 : INFO : ball_device.bd_autolauncher : Setting up player-controlled eject. Balls: 1, Target: <playfield.playfield>, player_controlled_eject_event: sw_launch
2026-04-24 12:05:12,402 : INFO : EventManager : Event: ======'balldevice_balls_available'====== Args={}
2026-04-24 12:05:12,402 : INFO : ball_device.bd_trough : State: waiting_for_target_ready
2026-04-24 12:05:12,402 : INFO : EventManager : Event: ======'balldevice_bd_trough_ball_eject_attempt'====== Args={'balls': 1, 'target': <ball_device.bd_autolauncher>, 'source': <ball_device.bd_trough>, 'mechanical_eject': True, 'num_attempts': 0}
2026-04-24 12:05:12,402 : INFO : ball_device.bd_autolauncher : State: waiting_for_ball
2026-04-24 12:05:12,402 : INFO : ball_device.bd_trough : State: ejecting
2026-04-24 12:05:12,402 : INFO : ball_device.bd_trough : Ejecting ball to <ball_device.bd_autolauncher>
2026-04-24 12:05:12,402 : INFO : EventManager : Event: ======'balldevice_bd_trough_ejecting_ball'====== Args={'balls': 1, 'target': <ball_device.bd_autolauncher>, 'source': <ball_device.bd_trough>, 'mechanical_eject': True, 'num_attempts': 0}
2026-04-24 12:05:12,402 : INFO : ball_device.bd_trough : Wait for ball to leave device
2026-04-24 12:05:12,402 : INFO : coil.c_trough : Pulsing Driver for 12ms (1.0 pulse_power)
2026-04-24 12:05:13,403 : INFO : EventManager : Event: ======'balldevice_bd_trough_ball_eject_failed'====== Args={'target': <ball_device.bd_autolauncher>, 'balls': 1, 'retry': True, 'num_attempts': 1}
2026-04-24 12:05:13,406 : INFO : ball_device.bd_trough : State: waiting_for_target_ready
2026-04-24 12:05:13,406 : INFO : EventManager : Event: ======'balldevice_bd_trough_ball_eject_attempt'====== Args={'balls': 1, 'target': <ball_device.bd_autolauncher>, 'source': <ball_device.bd_trough>, 'mechanical_eject': True, 'num_attempts': 1}
2026-04-24 12:05:13,407 : INFO : ball_device.bd_trough : State: ejecting
2026-04-24 12:05:13,407 : INFO : ball_device.bd_trough : Ejecting ball to <ball_device.bd_autolauncher>
2026-04-24 12:05:13,407 : INFO : EventManager : Event: ======'balldevice_bd_trough_ejecting_ball'====== Args={'balls': 1, 'target': <ball_device.bd_autolauncher>, 'source': <ball_device.bd_trough>, 'mechanical_eject': True, 'num_attempts': 1}
2026-04-24 12:05:13,408 : INFO : ball_device.bd_trough : Wait for ball to leave device
2026-04-24 12:05:13,409 : INFO : coil.c_trough : Pulsing Driver for 12ms (1.0 pulse_power)
2026-04-24 12:05:14,410 : INFO : EventManager : Event: ======'balldevice_bd_trough_ball_eject_failed'====== Args={'target': <ball_device.bd_autolauncher>, 'balls': 1, 'retry': True, 'num_attempts': 2}
2026-04-24 12:05:14,411 : INFO : ball_device.bd_trough : State: waiting_for_target_ready
2026-04-24 12:05:14,412 : INFO : EventManager : Event: ======'balldevice_bd_trough_ball_eject_attempt'====== Args={'balls': 1, 'target': <ball_device.bd_autolauncher>, 'source': <ball_device.bd_trough>, 'mechanical_eject': True, 'num_attempts': 2}
2026-04-24 12:05:14,412 : INFO : ball_device.bd_trough : State: ejecting
2026-04-24 12:05:14,413 : INFO : ball_device.bd_trough : Ejecting ball to <ball_device.bd_autolauncher>
2026-04-24 12:05:14,413 : INFO : EventManager : Event: ======'balldevice_bd_trough_ejecting_ball'====== Args={'balls': 1, 'target': <ball_device.bd_autolauncher>, 'source': <ball_device.bd_trough>, 'mechanical_eject': True, 'num_attempts': 2}
2026-04-24 12:05:14,413 : INFO : ball_device.bd_trough : Wait for ball to leave device
2026-04-24 12:05:14,414 : INFO : coil.c_trough : Pulsing Driver for 12ms (1.0 pulse_power)
2026-04-24 12:05:15,415 : INFO : EventManager : Event: ======'balldevice_bd_trough_ball_eject_failed'====== Args={'target': <ball_device.bd_autolauncher>, 'balls': 1, 'retry': True, 'num_attempts': 3}
2026-04-24 12:05:15,417 : INFO : ball_device.bd_trough : State: waiting_for_target_ready
2026-04-24 12:05:15,417 : INFO : EventManager : Event: ======'balldevice_bd_trough_ball_eject_attempt'====== Args={'balls': 1, 'target': <ball_device.bd_autolauncher>, 'source': <ball_device.bd_trough>, 'mechanical_eject': True, 'num_attempts': 3}
2026-04-24 12:05:15,417 : INFO : ball_device.bd_trough : State: ejecting
2026-04-24 12:05:15,418 : INFO : ball_device.bd_trough : Ejecting ball to <ball_device.bd_autolauncher>
2026-04-24 12:05:15,418 : INFO : EventManager : Event: ======'balldevice_bd_trough_ejecting_ball'====== Args={'balls': 1, 'target': <ball_device.bd_autolauncher>, 'source': <ball_device.bd_trough>, 'mechanical_eject': True, 'num_attempts': 3}
2026-04-24 12:05:15,418 : INFO : ball_device.bd_trough : Wait for ball to leave device
2026-04-24 12:05:15,419 : INFO : coil.c_trough : Pulsing Driver for 12ms (1.0 pulse_power)
2026-04-24 12:05:16,420 : INFO : EventManager : Event: ======'balldevice_bd_trough_ball_eject_failed'====== Args={'target': <ball_device.bd_autolauncher>, 'balls': 1, 'retry': True, 'num_attempts': 4}
2026-04-24 12:05:16,421 : INFO : ball_device.bd_trough : State: waiting_for_target_ready
2026-04-24 12:05:16,422 : INFO : EventManager : Event: ======'balldevice_bd_trough_ball_eject_attempt'====== Args={'balls': 1, 'target': <ball_device.bd_autolauncher>, 'source': <ball_device.bd_trough>, 'mechanical_eject': True, 'num_attempts': 4}
2026-04-24 12:05:16,423 : INFO : ball_device.bd_trough : State: ejecting
2026-04-24 12:05:16,423 : INFO : ball_device.bd_trough : Ejecting ball to <ball_device.bd_autolauncher>
2026-04-24 12:05:16,423 : INFO : EventManager : Event: ======'balldevice_bd_trough_ejecting_ball'====== Args={'balls': 1, 'target': <ball_device.bd_autolauncher>, 'source': <ball_device.bd_trough>, 'mechanical_eject': True, 'num_attempts': 4}
2026-04-24 12:05:16,423 : INFO : ball_device.bd_trough : Wait for ball to leave device
2026-04-24 12:05:16,424 : INFO : coil.c_trough : Pulsing Driver for 12ms (1.0 pulse_power)
2026-04-24 12:05:17,425 : INFO : EventManager : Event: ======'balldevice_bd_trough_ball_eject_failed'====== Args={'target': <ball_device.bd_autolauncher>, 'balls': 1, 'retry': True, 'num_attempts': 5}
2026-04-24 12:05:17,427 : INFO : ball_device.bd_trough : State: waiting_for_target_ready
2026-04-24 12:05:17,427 : INFO : EventManager : Event: ======'balldevice_bd_trough_ball_eject_attempt'====== Args={'balls': 1, 'target': <ball_device.bd_autolauncher>, 'source': <ball_device.bd_trough>, 'mechanical_eject': True, 'num_attempts': 5}
2026-04-24 12:05:17,428 : INFO : ball_device.bd_trough : State: ejecting
2026-04-24 12:05:17,428 : INFO : ball_device.bd_trough : Ejecting ball to <ball_device.bd_autolauncher>
2026-04-24 12:05:17,428 : INFO : EventManager : Event: ======'balldevice_bd_trough_ejecting_ball'====== Args={'balls': 1, 'target': <ball_device.bd_autolauncher>, 'source': <ball_device.bd_trough>, 'mechanical_eject': True, 'num_attempts': 5}
2026-04-24 12:05:17,429 : INFO : ball_device.bd_trough : Wait for ball to leave device
2026-04-24 12:05:17,429 : INFO : coil.c_trough : Pulsing Driver for 12ms (1.0 pulse_power)
2026-04-24 12:05:18,430 : INFO : EventManager : Event: ======'balldevice_bd_trough_ball_eject_failed'====== Args={'target': <ball_device.bd_autolauncher>, 'balls': 1, 'retry': True, 'num_attempts': 6}
2026-04-24 12:05:18,431 : INFO : ball_device.bd_trough : State: waiting_for_target_ready
2026-04-24 12:05:18,432 : INFO : EventManager : Event: ======'balldevice_bd_trough_ball_eject_attempt'====== Args={'balls': 1, 'target': <ball_device.bd_autolauncher>, 'source': <ball_device.bd_trough>, 'mechanical_eject': True, 'num_attempts': 6}
2026-04-24 12:05:18,432 : INFO : ball_device.bd_trough : State: ejecting
2026-04-24 12:05:18,433 : INFO : ball_device.bd_trough : Ejecting ball to <ball_device.bd_autolauncher>
2026-04-24 12:05:18,433 : INFO : EventManager : Event: ======'balldevice_bd_trough_ejecting_ball'====== Args={'balls': 1, 'target': <ball_device.bd_autolauncher>, 'source': <ball_device.bd_trough>, 'mechanical_eject': True, 'num_attempts': 6}
2026-04-24 12:05:18,433 : INFO : ball_device.bd_trough : Wait for ball to leave device
2026-04-24 12:05:18,434 : INFO : coil.c_trough : Pulsing Driver for 12ms (1.0 pulse_power)
2026-04-24 12:05:19,435 : INFO : EventManager : Event: ======'balldevice_bd_trough_ball_eject_failed'====== Args={'target': <ball_device.bd_autolauncher>, 'balls': 1, 'retry': True, 'num_attempts': 7}
2026-04-24 12:05:19,437 : INFO : ball_device.bd_trough : State: waiting_for_target_ready
2026-04-24 12:05:19,438 : INFO : EventManager : Event: ======'balldevice_bd_trough_ball_eject_attempt'====== Args={'balls': 1, 'target': <ball_device.bd_autolauncher>, 'source': <ball_device.bd_trough>, 'mechanical_eject': True, 'num_attempts': 7}
2026-04-24 12:05:19,438 : INFO : ball_device.bd_trough : State: ejecting
2026-04-24 12:05:19,439 : INFO : ball_device.bd_trough : Ejecting ball to <ball_device.bd_autolauncher>
2026-04-24 12:05:19,439 : INFO : EventManager : Event: ======'balldevice_bd_trough_ejecting_ball'====== Args={'balls': 1, 'target': <ball_device.bd_autolauncher>, 'source': <ball_device.bd_trough>, 'mechanical_eject': True, 'num_attempts': 7}
2026-04-24 12:05:19,440 : INFO : ball_device.bd_trough : Wait for ball to leave device
2026-04-24 12:05:19,440 : INFO : coil.c_trough : Pulsing Driver for 12ms (1.0 pulse_power)
2026-04-24 12:05:20,441 : INFO : EventManager : Event: ======'balldevice_bd_trough_ball_eject_failed'====== Args={'target': <ball_device.bd_autolauncher>, 'balls': 1, 'retry': True, 'num_attempts': 8}
2026-04-24 12:05:20,442 : INFO : ball_device.bd_trough : State: waiting_for_target_ready
2026-04-24 12:05:20,443 : INFO : EventManager : Event: ======'balldevice_bd_trough_ball_eject_attempt'====== Args={'balls': 1, 'target': <ball_device.bd_autolauncher>, 'source': <ball_device.bd_trough>, 'mechanical_eject': True, 'num_attempts': 8}
2026-04-24 12:05:20,444 : INFO : ball_device.bd_trough : State: ejecting
2026-04-24 12:05:20,444 : INFO : ball_device.bd_trough : Ejecting ball to <ball_device.bd_autolauncher>
2026-04-24 12:05:20,444 : INFO : EventManager : Event: ======'balldevice_bd_trough_ejecting_ball'====== Args={'balls': 1, 'target': <ball_device.bd_autolauncher>, 'source': <ball_device.bd_trough>, 'mechanical_eject': True, 'num_attempts': 8}
2026-04-24 12:05:20,444 : INFO : ball_device.bd_trough : Wait for ball to leave device
2026-04-24 12:05:20,445 : INFO : coil.c_trough : Pulsing Driver for 12ms (1.0 pulse_power)
2026-04-24 12:05:21,446 : INFO : EventManager : Event: ======'balldevice_bd_trough_ball_eject_failed'====== Args={'target': <ball_device.bd_autolauncher>, 'balls': 1, 'retry': True, 'num_attempts': 9}
2026-04-24 12:05:21,448 : INFO : ball_device.bd_trough : State: waiting_for_target_ready
2026-04-24 12:05:21,448 : INFO : EventManager : Event: ======'balldevice_bd_trough_ball_eject_attempt'====== Args={'balls': 1, 'target': <ball_device.bd_autolauncher>, 'source': <ball_device.bd_trough>, 'mechanical_eject': True, 'num_attempts': 9}
2026-04-24 12:05:21,449 : INFO : ball_device.bd_trough : State: ejecting
2026-04-24 12:05:21,449 : INFO : ball_device.bd_trough : Ejecting ball to <ball_device.bd_autolauncher>
2026-04-24 12:05:21,449 : INFO : EventManager : Event: ======'balldevice_bd_trough_ejecting_ball'====== Args={'balls': 1, 'target': <ball_device.bd_autolauncher>, 'source': <ball_device.bd_trough>, 'mechanical_eject': True, 'num_attempts': 9}
2026-04-24 12:05:21,450 : INFO : ball_device.bd_trough : Wait for ball to leave device
2026-04-24 12:05:21,450 : INFO : coil.c_trough : Pulsing Driver for 12ms (1.0 pulse_power)
2026-04-24 12:05:22,451 : INFO : EventManager : Event: ======'balldevice_bd_trough_ball_eject_failed'====== Args={'target': <ball_device.bd_autolauncher>, 'balls': 1, 'retry': True, 'num_attempts': 10}
2026-04-24 12:05:22,453 : INFO : ball_device.bd_trough : State: waiting_for_target_ready
2026-04-24 12:05:22,454 : INFO : EventManager : Event: ======'balldevice_bd_trough_ball_eject_attempt'====== Args={'balls': 1, 'target': <ball_device.bd_autolauncher>, 'source': <ball_device.bd_trough>, 'mechanical_eject': True, 'num_attempts': 10}
2026-04-24 12:05:22,454 : INFO : ball_device.bd_trough : State: ejecting
2026-04-24 12:05:22,454 : INFO : ball_device.bd_trough : Ejecting ball to <ball_device.bd_autolauncher>
2026-04-24 12:05:22,454 : INFO : EventManager : Event: ======'balldevice_bd_trough_ejecting_ball'====== Args={'balls': 1, 'target': <ball_device.bd_autolauncher>, 'source': <ball_device.bd_trough>, 'mechanical_eject': True, 'num_attempts': 10}
2026-04-24 12:05:22,455 : INFO : ball_device.bd_trough : Wait for ball to leave device
2026-04-24 12:05:22,455 : INFO : coil.c_trough : Pulsing Driver for 12ms (1.0 pulse_power)
2026-04-24 12:05:23,457 : INFO : EventManager : Event: ======'balldevice_bd_trough_ball_eject_failed'====== Args={'target': <ball_device.bd_autolauncher>, 'balls': 1, 'retry': True, 'num_attempts': 11}
2026-04-24 12:05:23,458 : INFO : ball_device.bd_trough : State: waiting_for_target_ready
2026-04-24 12:05:23,459 : INFO : EventManager : Event: ======'balldevice_bd_trough_ball_eject_attempt'====== Args={'balls': 1, 'target': <ball_device.bd_autolauncher>, 'source': <ball_device.bd_trough>, 'mechanical_eject': True, 'num_attempts': 11}
2026-04-24 12:05:23,459 : INFO : ball_device.bd_trough : State: ejecting
2026-04-24 12:05:23,460 : INFO : ball_device.bd_trough : Ejecting ball to <ball_device.bd_autolauncher>
2026-04-24 12:05:23,460 : INFO : EventManager : Event: ======'balldevice_bd_trough_ejecting_ball'====== Args={'balls': 1, 'target': <ball_device.bd_autolauncher>, 'source': <ball_device.bd_trough>, 'mechanical_eject': True, 'num_attempts': 11}
2026-04-24 12:05:23,460 : INFO : ball_device.bd_trough : Wait for ball to leave device
2026-04-24 12:05:23,461 : INFO : coil.c_trough : Pulsing Driver for 12ms (1.0 pulse_power)
2026-04-24 12:05:24,461 : INFO : EventManager : Event: ======'balldevice_bd_trough_ball_eject_failed'====== Args={'target': <ball_device.bd_autolauncher>, 'balls': 1, 'retry': True, 'num_attempts': 12}
2026-04-24 12:05:24,463 : INFO : ball_device.bd_trough : State: waiting_for_target_ready
2026-04-24 12:05:24,463 : INFO : EventManager : Event: ======'balldevice_bd_trough_ball_eject_attempt'====== Args={'balls': 1, 'target': <ball_device.bd_autolauncher>, 'source': <ball_device.bd_trough>, 'mechanical_eject': True, 'num_attempts': 12}
2026-04-24 12:05:24,464 : INFO : ball_device.bd_trough : State: ejecting
2026-04-24 12:05:24,464 : INFO : ball_device.bd_trough : Ejecting ball to <ball_device.bd_autolauncher>
2026-04-24 12:05:24,464 : INFO : EventManager : Event: ======'balldevice_bd_trough_ejecting_ball'====== Args={'balls': 1, 'target': <ball_device.bd_autolauncher>, 'source': <ball_device.bd_trough>, 'mechanical_eject': True, 'num_attempts': 12}
2026-04-24 12:05:24,465 : INFO : ball_device.bd_trough : Wait for ball to leave device
2026-04-24 12:05:24,465 : INFO : coil.c_trough : Pulsing Driver for 12ms (1.0 pulse_power)
2026-04-24 12:05:25,466 : INFO : EventManager : Event: ======'balldevice_bd_trough_ball_eject_failed'====== Args={'target': <ball_device.bd_autolauncher>, 'balls': 1, 'retry': True, 'num_attempts': 13}
2026-04-24 12:05:25,468 : INFO : ball_device.bd_trough : State: waiting_for_target_ready
2026-04-24 12:05:25,468 : INFO : EventManager : Event: ======'balldevice_bd_trough_ball_eject_attempt'====== Args={'balls': 1, 'target': <ball_device.bd_autolauncher>, 'source': <ball_device.bd_trough>, 'mechanical_eject': True, 'num_attempts': 13}
2026-04-24 12:05:25,469 : INFO : ball_device.bd_trough : State: ejecting
2026-04-24 12:05:25,469 : INFO : ball_device.bd_trough : Ejecting ball to <ball_device.bd_autolauncher>
2026-04-24 12:05:25,469 : INFO : EventManager : Event: ======'balldevice_bd_trough_ejecting_ball'====== Args={'balls': 1, 'target': <ball_device.bd_autolauncher>, 'source': <ball_device.bd_trough>, 'mechanical_eject': True, 'num_attempts': 13}
2026-04-24 12:05:25,471 : INFO : ball_device.bd_trough : Wait for ball to leave device
2026-04-24 12:05:25,471 : INFO : coil.c_trough : Pulsing Driver for 12ms (1.0 pulse_power)
2026-04-24 12:05:26,472 : INFO : EventManager : Event: ======'balldevice_bd_trough_ball_eject_failed'====== Args={'target': <ball_device.bd_autolauncher>, 'balls': 1, 'retry': True, 'num_attempts': 14}
2026-04-24 12:05:26,473 : INFO : ball_device.bd_trough : State: waiting_for_target_ready
2026-04-24 12:05:26,473 : INFO : EventManager : Event: ======'balldevice_bd_trough_ball_eject_attempt'====== Args={'balls': 1, 'target': <ball_device.bd_autolauncher>, 'source': <ball_device.bd_trough>, 'mechanical_eject': True, 'num_attempts': 14}
2026-04-24 12:05:26,474 : INFO : ball_device.bd_trough : State: ejecting
2026-04-24 12:05:26,474 : INFO : ball_device.bd_trough : Ejecting ball to <ball_device.bd_autolauncher>
2026-04-24 12:05:26,474 : INFO : EventManager : Event: ======'balldevice_bd_trough_ejecting_ball'====== Args={'balls': 1, 'target': <ball_device.bd_autolauncher>, 'source': <ball_device.bd_trough>, 'mechanical_eject': True, 'num_attempts': 14}
2026-04-24 12:05:26,475 : INFO : ball_device.bd_trough : Wait for ball to leave device
2026-04-24 12:05:26,475 : INFO : coil.c_trough : Pulsing Driver for 12ms (1.0 pulse_power)
2026-04-24 12:05:27,476 : INFO : EventManager : Event: ======'balldevice_bd_trough_ball_eject_failed'====== Args={'target': <ball_device.bd_autolauncher>, 'balls': 1, 'retry': True, 'num_attempts': 15}
2026-04-24 12:05:27,478 : INFO : ball_device.bd_trough : State: waiting_for_target_ready
2026-04-24 12:05:27,479 : INFO : EventManager : Event: ======'balldevice_bd_trough_ball_eject_attempt'====== Args={'balls': 1, 'target': <ball_device.bd_autolauncher>, 'source': <ball_device.bd_trough>, 'mechanical_eject': True, 'num_attempts': 15}
2026-04-24 12:05:27,479 : INFO : ball_device.bd_trough : State: ejecting
2026-04-24 12:05:27,479 : INFO : ball_device.bd_trough : Ejecting ball to <ball_device.bd_autolauncher>
2026-04-24 12:05:27,479 : INFO : EventManager : Event: ======'balldevice_bd_trough_ejecting_ball'====== Args={'balls': 1, 'target': <ball_device.bd_autolauncher>, 'source': <ball_device.bd_trough>, 'mechanical_eject': True, 'num_attempts': 15}
2026-04-24 12:05:27,480 : INFO : ball_device.bd_trough : Wait for ball to leave device
2026-04-24 12:05:27,480 : INFO : coil.c_trough : Pulsing Driver for 12ms (1.0 pulse_power)
2026-04-24 12:05:28,481 : INFO : EventManager : Event: ======'balldevice_bd_trough_ball_eject_failed'====== Args={'target': <ball_device.bd_autolauncher>, 'balls': 1, 'retry': True, 'num_attempts': 16}
2026-04-24 12:05:28,483 : INFO : ball_device.bd_trough : State: waiting_for_target_ready
2026-04-24 12:05:28,483 : INFO : EventManager : Event: ======'balldevice_bd_trough_ball_eject_attempt'====== Args={'balls': 1, 'target': <ball_device.bd_autolauncher>, 'source': <ball_device.bd_trough>, 'mechanical_eject': True, 'num_attempts': 16}
2026-04-24 12:05:28,484 : INFO : ball_device.bd_trough : State: ejecting
2026-04-24 12:05:28,484 : INFO : ball_device.bd_trough : Ejecting ball to <ball_device.bd_autolauncher>
2026-04-24 12:05:28,484 : INFO : EventManager : Event: ======'balldevice_bd_trough_ejecting_ball'====== Args={'balls': 1, 'target': <ball_device.bd_autolauncher>, 'source': <ball_device.bd_trough>, 'mechanical_eject': True, 'num_attempts': 16}
2026-04-24 12:05:28,485 : INFO : ball_device.bd_trough : Wait for ball to leave device
2026-04-24 12:05:28,486 : INFO : coil.c_trough : Pulsing Driver for 12ms (1.0 pulse_power)
2026-04-24 12:05:28,882 : INFO : SwitchController : <<<<<<< 's_trough_4' inactive >>>>>>>
2026-04-24 12:05:28,883 : INFO : ball_device.bd_trough : State: ball_left
2026-04-24 12:05:28,883 : INFO : ball_device.bd_trough : Ball left
2026-04-24 12:05:28,883 : INFO : ball_device.bd_trough : Wait for confirm with timeout 1.0
2026-04-24 12:05:29,884 : INFO : ball_device.bd_trough : State: failed_confirm
2026-04-24 12:05:29,885 : INFO : ball_device.bd_trough : Got timeout (1.0s) before confirm from <ball_device.bd_autolauncher>
2026-04-24 12:05:32,487 : INFO : SwitchController : <<<<<<< 's_autolauncher' active >>>>>>>
2026-04-24 12:05:32,487 : INFO : EventManager : Event: ======'machine_var_audits_switches_s_autolauncher'====== Args={'value': 125, 'prev_value': 124, 'change': 1}
2026-04-24 12:05:32,787 : INFO : ball_device.bd_autolauncher : Received ball from <ball_device.bd_trough>
2026-04-24 12:05:32,788 : INFO : EventManager : Event: ======'balldevice_bd_autolauncher_ball_enter'====== Args={'new_balls': 1, 'unclaimed_balls': 0, 'new_available_balls': 0, 'device': <ball_device.bd_autolauncher>}
2026-04-24 12:05:32,789 : INFO : EventManager : Event: ======'balldevice_bd_autolauncher_ball_entered'====== Args={'new_balls': 0, 'device': <ball_device.bd_autolauncher>}
2026-04-24 12:05:32,789 : INFO : EventManager : Event: ======'balldevice_bd_autolauncher_ball_count_changed'====== Args={'balls': 1}
2026-04-24 12:05:32,790 : INFO : ball_device.bd_trough : Eject successful
2026-04-24 12:05:32,790 : INFO : EventManager : Event: ======'balldevice_bd_trough_ball_eject_success'====== Args={'balls': 1, 'target': <ball_device.bd_autolauncher>}
2026-04-24 12:05:32,791 : INFO : EventManager : Event: ======'balldevice_bd_trough_ball_count_changed'====== Args={'balls': 1}
2026-04-24 12:05:32,791 : INFO : ball_device.bd_trough : State: idle
2026-04-24 12:05:32,791 : INFO : ball_device.bd_autolauncher : State: waiting_for_target_ready
2026-04-24 12:05:32,791 : INFO : EventManager : Event: ======'balldevice_bd_autolauncher_ball_eject_attempt'====== Args={'balls': 1, 'target': <playfield.playfield>, 'source': <ball_device.bd_autolauncher>, 'mechanical_eject': True, 'num_attempts': 0}
2026-04-24 12:05:32,792 : INFO : ball_device.bd_autolauncher : State: ejecting
2026-04-24 12:05:32,792 : INFO : ball_device.bd_autolauncher : Ejecting ball to <playfield.playfield>
2026-04-24 12:05:32,792 : INFO : EventManager : Event: ======'balldevice_bd_autolauncher_ejecting_ball'====== Args={'balls': 1, 'target': <playfield.playfield>, 'source': <ball_device.bd_autolauncher>, 'mechanical_eject': True, 'num_attempts': 0}
2026-04-24 12:05:32,793 : INFO : ball_device.bd_autolauncher : Wait for ball to leave device
2026-04-24 12:05:38,238 : INFO : SwitchController : <<<<<<< 's_flipper_but_r_1' active >>>>>>>
2026-04-24 12:05:38,238 : INFO : EventManager : Event: ======'machine_var_audits_switches_s_flipper_but_r_1'====== Args={'value': 793, 'prev_value': 792, 'change': 1}
2026-04-24 12:05:38,385 : INFO : SwitchController : <<<<<<< 's_flipper_but_r_1' inactive >>>>>>>
2026-04-24 12:05:41,008 : INFO : SwitchController : <<<<<<< 's_launch' active >>>>>>>
2026-04-24 12:05:41,008 : INFO : EventManager : Event: ======'sw_launch'====== Args={}
2026-04-24 12:05:41,009 : INFO : EventManager : Event: ======'machine_var_audits_switches_s_launch'====== Args={'value': 130, 'prev_value': 129, 'change': 1}
2026-04-24 12:05:41,010 : INFO : coil.c_autolauncher : Pulsing Driver for 20ms (1.0 pulse_power)
2026-04-24 12:05:41,120 : INFO : SwitchController : <<<<<<< 's_launch' inactive >>>>>>>
2026-04-24 12:05:42,321 : INFO : SwitchController : <<<<<<< 's_launch' active >>>>>>>
2026-04-24 12:05:42,321 : INFO : EventManager : Event: ======'machine_var_audits_switches_s_launch'====== Args={'value': 131, 'prev_value': 130, 'change': 1}
2026-04-24 12:05:42,453 : INFO : SwitchController : <<<<<<< 's_launch' inactive >>>>>>>
2026-04-24 12:05:44,536 : INFO : SwitchController : <<<<<<< 's_trough_3' inactive >>>>>>>
2026-04-24 12:05:47,764 : INFO : SwitchController : <<<<<<< 's_autolauncher' inactive >>>>>>>
2026-04-24 12:05:47,764 : INFO : ball_device.bd_autolauncher : State: ball_left
2026-04-24 12:05:47,765 : INFO : ball_device.bd_autolauncher : Ball left
2026-04-24 12:05:47,765 : INFO : ball_device.bd_autolauncher : Wait for confirm with timeout 3.0
2026-04-24 12:05:49,237 : INFO : SwitchController : <<<<<<< 's_autolauncher' active >>>>>>>
2026-04-24 12:05:49,237 : INFO : EventManager : Event: ======'machine_var_audits_switches_s_autolauncher'====== Args={'value': 126, 'prev_value': 125, 'change': 1}
2026-04-24 12:05:49,339 : INFO : SwitchController : <<<<<<< 's_autolauncher' inactive >>>>>>>
2026-04-24 12:05:50,038 : INFO : EventManager : Event: ======'balldevice_bd_trough_ball_count_changed'====== Args={'balls': 0}
2026-04-24 12:05:50,039 : WARNING : ball_device.bd_trough : Ball disappeared while idle. This should not normally happen.
2026-04-24 12:05:50,040 : INFO : EventManager : Event: ======'balldevice_playfield_ball_enter'====== Args={'new_balls': 1, 'unclaimed_balls': 1, 'device': <playfield.playfield>}
2026-04-24 12:05:50,040 : INFO : EventManager : Event: ======'playfield_ball_count_change'====== Args={'balls': 1, 'change': 1}
2026-04-24 12:05:50,041 : INFO : ball_device.bd_trough : 1 ball(s) missing from device. Mechanical eject? False
2026-04-24 12:05:50,041 : INFO : EventManager : Event: ======'balldevice_bd_trough_ball_missing'====== Args={'balls': 1}
2026-04-24 12:05:50,041 : INFO : EventManager : Event: ======'balldevice_ball_missing'====== Args={'balls': 1, 'name': 'bd_trough'}
2026-04-24 12:05:50,147 : INFO : SwitchController : <<<<<<< 's_autolauncher' active >>>>>>>
2026-04-24 12:05:50,147 : INFO : EventManager : Event: ======'machine_var_audits_switches_s_autolauncher'====== Args={'value': 127, 'prev_value': 126, 'change': 1}
2026-04-24 12:05:50,766 : INFO : ball_device.bd_autolauncher : State: failed_confirm
2026-04-24 12:05:50,766 : INFO : ball_device.bd_autolauncher : Got timeout (3.0s) before confirm from <playfield.playfield>
2026-04-24 12:05:50,869 : INFO : ball_device.bd_autolauncher : Got unknown balls. Assuming a ball returned.
2026-04-24 12:05:50,869 : INFO : EventManager : Event: ======'balldevice_bd_autolauncher_ball_eject_failed'====== Args={'target': <playfield.playfield>, 'balls': 1, 'retry': True, 'num_attempts': 1}
2026-04-24 12:05:50,870 : INFO : ball_device.bd_autolauncher : State: waiting_for_target_ready
2026-04-24 12:05:50,871 : INFO : EventManager : Event: ======'balldevice_bd_autolauncher_ball_eject_attempt'====== Args={'balls': 1, 'target': <playfield.playfield>, 'source': <ball_device.bd_autolauncher>, 'mechanical_eject': True, 'num_attempts': 1}
2026-04-24 12:05:50,871 : INFO : ball_device.bd_autolauncher : State: ejecting
2026-04-24 12:05:50,871 : INFO : ball_device.bd_autolauncher : Ejecting ball to <playfield.playfield>
2026-04-24 12:05:50,871 : INFO : EventManager : Event: ======'balldevice_bd_autolauncher_ejecting_ball'====== Args={'balls': 1, 'target': <playfield.playfield>, 'source': <ball_device.bd_autolauncher>, 'mechanical_eject': True, 'num_attempts': 1}
2026-04-24 12:05:50,872 : INFO : ball_device.bd_autolauncher : Wait for ball to leave device
2026-04-24 12:05:51,537 : INFO : SwitchController : <<<<<<< 's_launch' active >>>>>>>
2026-04-24 12:05:51,537 : INFO : EventManager : Event: ======'sw_launch'====== Args={}
2026-04-24 12:05:51,538 : INFO : EventManager : Event: ======'machine_var_audits_switches_s_launch'====== Args={'value': 132, 'prev_value': 131, 'change': 1}
2026-04-24 12:05:51,539 : INFO : coil.c_autolauncher : Pulsing Driver for 20ms (1.0 pulse_power)
2026-04-24 12:05:51,638 : INFO : SwitchController : <<<<<<< 's_launch' inactive >>>>>>>
2026-04-24 12:05:52,387 : INFO : SwitchController : <<<<<<< 's_launch' active >>>>>>>
2026-04-24 12:05:52,387 : INFO : EventManager : Event: ======'machine_var_audits_switches_s_launch'====== Args={'value': 133, 'prev_value': 132, 'change': 1}
2026-04-24 12:05:52,518 : INFO : SwitchController : <<<<<<< 's_launch' inactive >>>>>>>
2026-04-24 12:05:52,704 : INFO : SwitchController : <<<<<<< 's_launch' active >>>>>>>
2026-04-24 12:05:52,704 : INFO : EventManager : Event: ======'machine_var_audits_switches_s_launch'====== Args={'value': 134, 'prev_value': 133, 'change': 1}
2026-04-24 12:05:52,852 : INFO : SwitchController : <<<<<<< 's_launch' inactive >>>>>>>
2026-04-24 12:05:53,137 : INFO : SwitchController : <<<<<<< 's_launch' active >>>>>>>
2026-04-24 12:05:53,137 : INFO : EventManager : Event: ======'machine_var_audits_switches_s_launch'====== Args={'value': 135, 'prev_value': 134, 'change': 1}
2026-04-24 12:05:53,268 : INFO : SwitchController : <<<<<<< 's_launch' inactive >>>>>>>
2026-04-24 12:05:53,403 : INFO : SwitchController : <<<<<<< 's_launch' active >>>>>>>
2026-04-24 12:05:53,403 : INFO : EventManager : Event: ======'machine_var_audits_switches_s_launch'====== Args={'value': 136, 'prev_value': 135, 'change': 1}
2026-04-24 12:05:53,568 : INFO : SwitchController : <<<<<<< 's_launch' inactive >>>>>>>
2026-04-24 12:05:53,703 : INFO : SwitchController : <<<<<<< 's_launch' active >>>>>>>
2026-04-24 12:05:53,703 : INFO : EventManager : Event: ======'machine_var_audits_switches_s_launch'====== Args={'value': 137, 'prev_value': 136, 'change': 1}
2026-04-24 12:05:53,818 : INFO : SwitchController : <<<<<<< 's_launch' inactive >>>>>>>
2026-04-24 12:05:55,625 : INFO : SwitchController : <<<<<<< 's_trough_4' active >>>>>>>
2026-04-24 12:05:55,625 : INFO : EventManager : Event: ======'machine_var_audits_switches_s_trough_4'====== Args={'value': 142, 'prev_value': 141, 'change': 1}
2026-04-24 12:05:56,126 : INFO : EventManager : Event: ======'balldevice_bd_trough_ball_count_changed'====== Args={'balls': 1}
2026-04-24 12:05:56,127 : INFO : ball_device.bd_trough : Received unexpected ball
2026-04-24 12:05:56,127 : INFO : EventManager : Event: ======'balldevice_captured_from_playfield'====== Args={'balls': 1}
2026-04-24 12:05:56,128 : INFO : EventManager : Event: ======'sw_playfield_active'====== Args={'balls': 1}
2026-04-24 12:05:56,129 : INFO : EventManager : Event: ======'playfield_ball_count_change'====== Args={'balls': 0, 'change': -1}
2026-04-24 12:05:56,131 : INFO : EventManager : Event: ======'balldevice_bd_trough_ball_enter'====== Args={'new_balls': 1, 'unclaimed_balls': 1, 'new_available_balls': 1, 'device': <ball_device.bd_trough>}
2026-04-24 12:05:56,131 : INFO : EventManager : Event: ======'ball_drain'====== Args={'device': <ball_device.bd_trough>, 'balls': 1}
2026-04-24 12:05:56,132 : INFO : EventManager : Event: ======'ball_will_end'====== Args={}
2026-04-24 12:05:56,133 : INFO : EventManager : Event: ======'balldevice_balls_available'====== Args={}
2026-04-24 12:05:56,133 : INFO : EventManager : Event: ======'balldevice_bd_trough_ball_entered'====== Args={'new_balls': 1, 'device': <ball_device.bd_trough>}
2026-04-24 12:05:56,138 : INFO : EventManager : Event: ======'ball_ending'====== Args={}
2026-04-24 12:05:56,139 : INFO : EventManager : Event: ======'mode_diverter_activation_will_stop'====== Args={}
2026-04-24 12:05:56,139 : INFO : EventManager : Event: ======'mode_diverter_activation_stopping'====== Args={}
2026-04-24 12:05:56,140 : INFO : EventManager : Event: ======'mode_misc_drop_bank_will_stop'====== Args={}
2026-04-24 12:05:56,140 : INFO : EventManager : Event: ======'mode_misc_drop_bank_stopping'====== Args={}
2026-04-24 12:05:56,140 : INFO : EventManager : Event: ======'mode_base_will_stop'====== Args={}
2026-04-24 12:05:56,140 : INFO : EventManager : Event: ======'mode_base_stopping'====== Args={}
2026-04-24 12:05:56,140 : INFO : Mode.base : Stopped.
2026-04-24 12:05:56,141 : INFO : EventManager : Event: ======'modes_active_modes_changed'====== Args={}
2026-04-24 12:05:56,141 : INFO : EventManager : Event: ======'mode_base_stopped'====== Args={}
2026-04-24 12:05:56,142 : INFO : EventManager : Event: ======'clear'====== Args={'key': 'base'}
2026-04-24 12:05:56,143 : INFO : Mode.misc_drop_bank : Stopped.
2026-04-24 12:05:56,143 : INFO : EventManager : Event: ======'modes_active_modes_changed'====== Args={}
2026-04-24 12:05:56,144 : INFO : EventManager : Event: ======'mode_misc_drop_bank_stopped'====== Args={}
2026-04-24 12:05:56,144 : INFO : EventManager : Event: ======'clear'====== Args={'key': 'misc_drop_bank'}
2026-04-24 12:05:56,144 : INFO : Mode.diverter_activation : Stopped.
2026-04-24 12:05:56,144 : INFO : EventManager : Event: ======'modes_active_modes_changed'====== Args={}
2026-04-24 12:05:56,145 : INFO : EventManager : Event: ======'mode_diverter_activation_stopped'====== Args={}
2026-04-24 12:05:56,145 : INFO : EventManager : Event: ======'clear'====== Args={'key': 'diverter_activation'}
2026-04-24 12:05:56,147 : INFO : EventManager : Event: ======'ball_ended'====== Args={}
2026-04-24 12:05:56,148 : INFO : EventManager : Event: ======'diverter_d_middle_diverter_disabling'====== Args={'auto': False}
2026-04-24 12:05:56,148 : INFO : EventManager : Event: ======'player_turn_will_end'====== Args={'player': <Player 1>, 'number': 1}
2026-04-24 12:05:56,148 : INFO : EventManager : Event: ======'player_turn_ending'====== Args={'player': <Player 1>, 'number': 1}
2026-04-24 12:05:56,148 : INFO : EventManager : Event: ======'player_turn_ended'====== Args={'player': <Player 1>, 'number': 1}
2026-04-24 12:05:56,148 : INFO : EventManager : Event: ======'player_turn_will_start'====== Args={'player': <Player 1>, 'number': 1}
2026-04-24 12:05:56,149 : INFO : EventManager : Event: ======'player_turn_starting'====== Args={'player': <Player 1>, 'number': 1}
2026-04-24 12:05:56,149 : INFO : EventManager : Event: ======'player_ball'====== Args={'value': 2, 'prev_value': 1, 'change': 1, 'player_num': 1}
2026-04-24 12:05:56,150 : INFO : EventManager : Event: ======'player_turn_started'====== Args={'player': <Player 1>, 'number': 1}
2026-04-24 12:05:56,151 : INFO : EventManager : Event: ======'ball_will_start'====== Args={'player': 1, 'ball': 2, 'balls_remaining': 1, 'is_extra_ball': False}
2026-04-24 12:05:56,151 : INFO : BallController : Found 1 ball(s) on playfield.
2026-04-24 12:05:56,151 : WARNING : BallController : Playfields still contain balls. Waiting for those to drain.
2026-04-24 12:05:57,151 : INFO : BallController : Found 1 ball(s) on playfield.
2026-04-24 12:05:57,151 : WARNING : BallController : Playfields still contain balls. Waiting for those to drain.
2026-04-24 12:05:57,281 : INFO : SwitchController : <<<<<<< 's_autolauncher' inactive >>>>>>>
2026-04-24 12:05:57,281 : INFO : ball_device.bd_autolauncher : State: ball_left
2026-04-24 12:05:57,281 : INFO : ball_device.bd_autolauncher : Ball left
2026-04-24 12:05:57,281 : INFO : ball_device.bd_autolauncher : Wait for confirm with timeout 3.0
2026-04-24 12:05:58,152 : INFO : BallController : Found 1 ball(s) on playfield.
2026-04-24 12:05:58,152 : WARNING : BallController : Playfields still contain balls. Waiting for those to drain.
2026-04-24 12:05:59,153 : INFO : BallController : Found 1 ball(s) on playfield.
2026-04-24 12:05:59,154 : WARNING : BallController : Playfields still contain balls. Waiting for those to drain.
2026-04-24 12:06:00,155 : INFO : BallController : Found 1 ball(s) on playfield.
2026-04-24 12:06:00,155 : WARNING : BallController : Playfields still contain balls. Waiting for those to drain.
2026-04-24 12:06:00,283 : INFO : ball_device.bd_autolauncher : State: failed_confirm
2026-04-24 12:06:00,283 : INFO : ball_device.bd_autolauncher : Got timeout (3.0s) before confirm from <playfield.playfield>
2026-04-24 12:06:00,384 : INFO : ball_device.bd_autolauncher : Confirming eject because target is playfield and ball did not return.
2026-04-24 12:06:00,384 : INFO : ball_device.bd_autolauncher : Eject successful
2026-04-24 12:06:00,384 : INFO : EventManager : Event: ======'balldevice_bd_autolauncher_ball_eject_success'====== Args={'balls': 1, 'target': <playfield.playfield>}
2026-04-24 12:06:00,385 : INFO : EventManager : Event: ======'balldevice_playfield_ball_enter'====== Args={'new_balls': 1, 'unclaimed_balls': 1, 'device': <playfield.playfield>}
2026-04-24 12:06:00,385 : INFO : EventManager : Event: ======'playfield_ball_count_change'====== Args={'balls': 1, 'change': 1}
2026-04-24 12:06:00,386 : INFO : EventManager : Event: ======'balldevice_bd_autolauncher_ball_count_changed'====== Args={'balls': 0}
2026-04-24 12:06:00,386 : INFO : ball_device.bd_autolauncher : State: idle
2026-04-24 12:06:01,156 : INFO : BallController : Found 1 ball(s) on playfield.
2026-04-24 12:06:01,156 : WARNING : BallController : Playfields still contain balls. Waiting for those to drain.
2026-04-24 12:06:02,157 : INFO : BallController : Found 1 ball(s) on playfield.
2026-04-24 12:06:02,157 : WARNING : BallController : Playfields still contain balls. Waiting for those to drain.
2026-04-24 12:06:03,158 : INFO : BallController : Found 1 ball(s) on playfield.
2026-04-24 12:06:03,158 : WARNING : BallController : Playfields still contain balls. Waiting for those to drain.
2026-04-24 12:06:03,512 : INFO : SwitchController : <<<<<<< 's_launch' active >>>>>>>
2026-04-24 12:06:03,513 : INFO : EventManager : Event: ======'machine_var_audits_switches_s_launch'====== Args={'value': 138, 'prev_value': 137, 'change': 1}
2026-04-24 12:06:03,618 : INFO : SwitchController : <<<<<<< 's_launch' inactive >>>>>>>
2026-04-24 12:06:04,160 : INFO : BallController : Found 1 ball(s) on playfield.
2026-04-24 12:06:04,160 : WARNING : BallController : Playfields still contain balls. Waiting for those to drain.
2026-04-24 12:06:04,604 : INFO : SwitchController : <<<<<<< 's_launch' active >>>>>>>
2026-04-24 12:06:04,604 : INFO : EventManager : Event: ======'machine_var_audits_switches_s_launch'====== Args={'value': 139, 'prev_value': 138, 'change': 1}
2026-04-24 12:06:04,719 : INFO : SwitchController : <<<<<<< 's_launch' inactive >>>>>>>
2026-04-24 12:06:05,161 : INFO : BallController : Found 1 ball(s) on playfield.
2026-04-24 12:06:05,161 : WARNING : BallController : Playfields still contain balls. Waiting for those to drain.
2026-04-24 12:06:05,270 : INFO : SwitchController : <<<<<<< 's_launch' active >>>>>>>
2026-04-24 12:06:05,270 : INFO : EventManager : Event: ======'machine_var_audits_switches_s_launch'====== Args={'value': 140, 'prev_value': 139, 'change': 1}
2026-04-24 12:06:05,435 : INFO : SwitchController : <<<<<<< 's_launch' inactive >>>>>>>
2026-04-24 12:06:05,786 : INFO : SwitchController : <<<<<<< 's_launch' active >>>>>>>
2026-04-24 12:06:05,787 : INFO : EventManager : Event: ======'machine_var_audits_switches_s_launch'====== Args={'value': 141, 'prev_value': 140, 'change': 1}
2026-04-24 12:06:05,901 : INFO : SwitchController : <<<<<<< 's_launch' inactive >>>>>>>
2026-04-24 12:06:06,036 : INFO : SwitchController : <<<<<<< 's_launch' active >>>>>>>
2026-04-24 12:06:06,036 : INFO : EventManager : Event: ======'machine_var_audits_switches_s_launch'====== Args={'value': 142, 'prev_value': 141, 'change': 1}
2026-04-24 12:06:06,103 : INFO : SwitchController : <<<<<<< 's_launch' inactive >>>>>>>
2026-04-24 12:06:06,162 : INFO : BallController : Found 1 ball(s) on playfield.
2026-04-24 12:06:06,162 : WARNING : BallController : Playfields still contain balls. Waiting for those to drain.
2026-04-24 12:06:06,252 : INFO : SwitchController : <<<<<<< 's_launch' active >>>>>>>
2026-04-24 12:06:06,253 : INFO : EventManager : Event: ======'machine_var_audits_switches_s_launch'====== Args={'value': 143, 'prev_value': 142, 'change': 1}
2026-04-24 12:06:06,337 : INFO : SwitchController : <<<<<<< 's_launch' inactive >>>>>>>
2026-04-24 12:06:06,452 : INFO : SwitchController : <<<<<<< 's_launch' active >>>>>>>
2026-04-24 12:06:06,452 : INFO : EventManager : Event: ======'machine_var_audits_switches_s_launch'====== Args={'value': 144, 'prev_value': 143, 'change': 1}
2026-04-24 12:06:06,568 : INFO : SwitchController : <<<<<<< 's_launch' inactive >>>>>>>
2026-04-24 12:06:07,163 : INFO : BallController : Found 1 ball(s) on playfield.
2026-04-24 12:06:07,163 : WARNING : BallController : Playfields still contain balls. Waiting for those to drain.
2026-04-24 12:06:07,403 : INFO : SwitchController : <<<<<<< 's_launch' active >>>>>>>
2026-04-24 12:06:07,404 : INFO : EventManager : Event: ======'machine_var_audits_switches_s_launch'====== Args={'value': 145, 'prev_value': 144, 'change': 1}
2026-04-24 12:06:07,501 : INFO : SwitchController : <<<<<<< 's_launch' inactive >>>>>>>
2026-04-24 12:06:08,165 : INFO : BallController : Found 1 ball(s) on playfield.
2026-04-24 12:06:08,165 : WARNING : BallController : Playfields still contain balls. Waiting for those to drain.
2026-04-24 12:06:09,165 : INFO : BallController : Found 1 ball(s) on playfield.
2026-04-24 12:06:09,166 : WARNING : BallController : Playfields still contain balls. Waiting for those to drain.
2026-04-24 12:06:10,166 : INFO : BallController : Found 1 ball(s) on playfield.
2026-04-24 12:06:10,167 : WARNING : BallController : Playfields still contain balls. Waiting for those to drain.
2026-04-24 12:06:11,168 : INFO : BallController : Found 1 ball(s) on playfield.
2026-04-24 12:06:11,168 : WARNING : BallController : Playfields still contain balls. Waiting for those to drain.
2026-04-24 12:06:11,263 : INFO : Machine : Shutting down...
2026-04-24 12:06:11,263 : INFO : EventManager : Event: ======'shutdown'====== Args={}
2026-04-24 12:06:11,274 : INFO : EventManager : Event: ======'mode_game_will_stop'====== Args={}
2026-04-24 12:06:11,275 : INFO : EventManager : Event: ======'mode_game_stopping'====== Args={}
2026-04-24 12:06:11,275 : INFO : Mode.game : Stopped.
2026-04-24 12:06:11,275 : INFO : EventManager : Event: ======'modes_active_modes_changed'====== Args={}
2026-04-24 12:06:11,275 : INFO : EventManager : Event: ======'mode_game_stopped'====== Args={}
2026-04-24 12:06:11,275 : INFO : EventManager : Event: ======'clear'====== Args={'key': 'game'}
2026-04-24 12:06:11,278 : INFO : root : MPF run loop ended.
