2026-04-24 16:16:29,887 : INFO : root : Loading config.
2026-04-24 16:16:29,889 : INFO : YamlMultifileConfigLoader : Machine config file #1: config.yaml
2026-04-24 16:16:29,889 : INFO : ConfigProcessor : Loading config from cache: /var/folders/l2/q8hj_6s91xnb2jxg1sqm0h7r0000gn/T/9d21ea9a81fcfc5941f8ed75c4a080eb.mpf_cache
2026-04-24 16:16:29,917 : INFO : ConfigProcessor : Loading config from cache: /var/folders/l2/q8hj_6s91xnb2jxg1sqm0h7r0000gn/T/43115b802accf167344a214047a50cd4.mpf_cache
2026-04-24 16:16:29,917 : INFO : ConfigProcessor : Loading config from cache: /var/folders/l2/q8hj_6s91xnb2jxg1sqm0h7r0000gn/T/bd1387dfa7de7ffc5bacad015019c743.mpf_cache
2026-04-24 16:16:29,917 : INFO : ConfigProcessor : Loading config from cache: /var/folders/l2/q8hj_6s91xnb2jxg1sqm0h7r0000gn/T/d126ded0bd5e51d3c29826a335e85340.mpf_cache
2026-04-24 16:16:29,917 : INFO : ConfigProcessor : Loading config from cache: /var/folders/l2/q8hj_6s91xnb2jxg1sqm0h7r0000gn/T/be96f90f770b10caeac161802eebb966.mpf_cache
2026-04-24 16:16:29,918 : INFO : ConfigProcessor : Loading config from cache: /var/folders/l2/q8hj_6s91xnb2jxg1sqm0h7r0000gn/T/43115b802accf167344a214047a50cd4.mpf_cache
2026-04-24 16:16:29,918 : INFO : ConfigProcessor : Loading config from cache: /var/folders/l2/q8hj_6s91xnb2jxg1sqm0h7r0000gn/T/fb286bdec51e83b76c44a07e18af10e7.mpf_cache
2026-04-24 16:16:29,918 : WARNING : ConfigProcessor : Config file in cache changed: /Users/tannerpetch/Documents/GitHub/trashland_3/modes/misc_drop_bank/config/misc_drop_bank.yaml
2026-04-24 16:16:29,918 : INFO : ConfigProcessor : Loading config from file /Users/tannerpetch/Documents/GitHub/trashland_3/modes/misc_drop_bank/config/misc_drop_bank.yaml.
2026-04-24 16:16:29,919 : INFO : ConfigProcessor : Loading config: /Users/tannerpetch/Documents/GitHub/trashland_3/modes/misc_drop_bank/config/misc_drop_bank.yaml
2026-04-24 16:16:29,919 : INFO : ConfigProcessor : Config file cache created: /var/folders/l2/q8hj_6s91xnb2jxg1sqm0h7r0000gn/T/4a0392f72066fff3dac8952634b7a9cd.mpf_cache
2026-04-24 16:16:29,919 : INFO : ConfigProcessor : Loading config from cache: /var/folders/l2/q8hj_6s91xnb2jxg1sqm0h7r0000gn/T/9740e98676f8796777039fba8e7d5e82.mpf_cache
2026-04-24 16:16:29,920 : INFO : ConfigProcessor : Loading config from cache: /var/folders/l2/q8hj_6s91xnb2jxg1sqm0h7r0000gn/T/a181a17d50eb4ab7db55e27ff85926c7.mpf_cache
2026-04-24 16:16:29,920 : INFO : ConfigProcessor : Loading config from cache: /var/folders/l2/q8hj_6s91xnb2jxg1sqm0h7r0000gn/T/a4506495691bdf3563a8fd11a9d79f10.mpf_cache
2026-04-24 16:16:29,920 : INFO : ConfigProcessor : Loading config from cache: /var/folders/l2/q8hj_6s91xnb2jxg1sqm0h7r0000gn/T/7e62a906c63d3b7efc85393a80e94c06.mpf_cache
2026-04-24 16:16:29,920 : INFO : ConfigProcessor : Loading config from cache: /var/folders/l2/q8hj_6s91xnb2jxg1sqm0h7r0000gn/T/ca66b8f571437747b2f2875349d15af7.mpf_cache
2026-04-24 16:16:29,921 : INFO : ConfigProcessor : Loading config from cache: /var/folders/l2/q8hj_6s91xnb2jxg1sqm0h7r0000gn/T/eeaf33bcbaf1c79f59b4ab00525b4fda.mpf_cache
2026-04-24 16:16:29,921 : INFO : ConfigProcessor : Loading config from cache: /var/folders/l2/q8hj_6s91xnb2jxg1sqm0h7r0000gn/T/ac7b60c885d53a697f70525935b77cd1.mpf_cache
2026-04-24 16:16:29,921 : INFO : Machine : Mission Pinball Framework Core Engine v0.80.0.dev14
2026-04-24 16:16:29,921 : INFO : Machine : Command line arguments: {'no_load_cache': False, 'create_config_cache': True, 'bcp': False, 'configfile': ['config.yaml'], 'force_assets_load': False, 'platform_integration_test': False, 'jsonlogging': False, 'logfile': 'logs/2026-04-24-16-16-29-mpf-Tanners-Laptop.home.local.log', 'pause': False, 'production': False, 'text_ui': True, 'loglevel': 15, 'consoleloglevel': 20, 'force_platform': 'virtual', 'syslog_address': None, 'full_logfile_path': '/Users/tannerpetch/Documents/GitHub/trashland_3/logs/2026-04-24-16-16-29-mpf-Tanners-Laptop.home.local.log'}
2026-04-24 16:16:29,921 : INFO : Machine : MPF path: /Library/Frameworks/Python.framework/Versions/3.11/lib/python3.11/site-packages/mpf
2026-04-24 16:16:29,921 : INFO : Machine : Machine path: /Users/tannerpetch/Documents/GitHub/trashland_3
2026-04-24 16:16:29,921 : INFO : Machine : Platform: darwin
2026-04-24 16:16:29,921 : INFO : Machine : Python executable location: /Library/Frameworks/Python.framework/Versions/3.11/bin/python3.11
2026-04-24 16:16:29,921 : INFO : Machine : Python version: 3.11.9 (64-bit)
2026-04-24 16:16:29,921 : INFO : Machine : Initializing MPF...
2026-04-24 16:16:29,950 : INFO : EventManager : Event: ======'machine_var_credits_string'====== Args={'value': 'FREE PLAY', 'prev_value': None, 'change': True}
2026-04-24 16:16:29,956 : INFO : EventManager : Event: ======'machine_var_master_volume'====== Args={'value': 0.5, 'prev_value': None, 'change': True}
2026-04-24 16:16:29,956 : INFO : EventManager : Event: ======'machine_var_player1_score'====== Args={'value': 310, 'prev_value': None, 'change': True}
2026-04-24 16:16:29,956 : INFO : EventManager : Event: ======'machine_var_mpf_version'====== Args={'value': 'Mission Pinball Framework v0.80.0.dev14', 'prev_value': None, 'change': True}
2026-04-24 16:16:29,956 : INFO : EventManager : Event: ======'machine_var_mpf_extended_version'====== Args={'value': 'Mission Pinball Framework v0.80.0.dev14, Config version:6, Show version: 6, BCP version:1.1', 'prev_value': None, 'change': True}
2026-04-24 16:16:29,956 : INFO : EventManager : Event: ======'machine_var_python_version'====== Args={'value': '3.11.9', 'prev_value': None, 'change': True}
2026-04-24 16:16:29,963 : INFO : EventManager : Event: ======'machine_var_platform'====== Args={'value': 'macOS-14.3-arm64-arm-64bit', 'prev_value': None, 'change': True}
2026-04-24 16:16:29,963 : INFO : EventManager : Event: ======'machine_var_platform_system'====== Args={'value': 'Darwin', 'prev_value': None, 'change': True}
2026-04-24 16:16:29,963 : INFO : EventManager : Event: ======'machine_var_platform_release'====== Args={'value': '23.3.0', 'prev_value': None, 'change': True}
2026-04-24 16:16:29,963 : INFO : EventManager : Event: ======'machine_var_platform_version'====== Args={'value': 'Darwin Kernel Version 23.3.0: Thu Dec 21 02:29:41 PST 2023; root:xnu-10002.81.5~11/RELEASE_ARM64_T8122', 'prev_value': None, 'change': True}
2026-04-24 16:16:29,963 : INFO : EventManager : Event: ======'machine_var_platform_machine'====== Args={'value': 'arm64', 'prev_value': None, 'change': True}
2026-04-24 16:16:29,963 : INFO : EventManager : Event: ======'machine_var_log_file_path'====== Args={'value': '/Users/tannerpetch/Documents/GitHub/trashland_3/logs/2026-04-24-16-16-29-mpf-Tanners-Laptop.home.local.log', 'prev_value': None, 'change': True}
2026-04-24 16:16:29,963 : INFO : EventManager : Event: ======'init_phase_1'====== Args={}
2026-04-24 16:16:29,987 : INFO : EventManager : Event: ======'drop_target_bank_dt_single_up'====== Args={}
2026-04-24 16:16:29,987 : INFO : EventManager : Event: ======'drop_target_bank_dt_bank_up'====== Args={}
2026-04-24 16:16:29,987 : INFO : EventManager : Event: ======'init_phase_2'====== Args={}
2026-04-24 16:16:29,989 : INFO : ball_device.bd_scoop : BCH: Initial count: 0
2026-04-24 16:16:29,989 : INFO : ball_device.bd_scoop : State: idle
2026-04-24 16:16:29,990 : INFO : ball_device.bd_trough : BCH: Initial count: 0
2026-04-24 16:16:29,990 : INFO : ball_device.bd_trough : State: idle
2026-04-24 16:16:29,990 : INFO : ball_device.bd_autolauncher : BCH: Initial count: 0
2026-04-24 16:16:29,990 : INFO : ball_device.bd_autolauncher : State: idle
2026-04-24 16:16:29,990 : INFO : ball_device.bd_kicker_orbit : BCH: Initial count: 0
2026-04-24 16:16:29,990 : INFO : ball_device.bd_kicker_orbit : State: idle
2026-04-24 16:16:29,990 : INFO : ball_device.bd_lower_vuk : BCH: Initial count: 0
2026-04-24 16:16:29,990 : INFO : ball_device.bd_lower_vuk : State: idle
2026-04-24 16:16:29,990 : INFO : ball_device.bd_vuk_back : BCH: Initial count: 0
2026-04-24 16:16:29,990 : INFO : ball_device.bd_vuk_back : State: idle
2026-04-24 16:16:29,991 : INFO : ball_device.bd_vuk_upper : BCH: Initial count: 0
2026-04-24 16:16:29,991 : INFO : ball_device.bd_vuk_upper : State: idle
2026-04-24 16:16:29,991 : INFO : ball_device.bd_b_lock : BCH: Initial count: 0
2026-04-24 16:16:29,991 : INFO : ball_device.bd_b_lock : State: idle
2026-04-24 16:16:29,995 : INFO : EventManager : Event: ======'init_phase_3'====== Args={}
2026-04-24 16:16:29,996 : INFO : EventManager : Event: ======'init_phase_4'====== Args={}
2026-04-24 16:16:29,996 : INFO : BallController : Initial balls found: 0
2026-04-24 16:16:29,997 : INFO : EventManager : Event: ======'machine_var_audits_events_game_ended'====== Args={'value': 10, 'prev_value': None, 'change': True}
2026-04-24 16:16:29,997 : INFO : EventManager : Event: ======'machine_var_audits_events_game_started'====== Args={'value': 70, 'prev_value': None, 'change': True}
2026-04-24 16:16:29,997 : INFO : EventManager : Event: ======'machine_var_audits_missing_switches_s_autolauncher'====== Args={'value': 10, 'prev_value': None, 'change': True}
2026-04-24 16:16:29,997 : INFO : EventManager : Event: ======'machine_var_audits_missing_switches_s_b_eos'====== Args={'value': 35, 'prev_value': None, 'change': True}
2026-04-24 16:16:29,997 : INFO : EventManager : Event: ======'machine_var_audits_missing_switches_s_b_pop'====== Args={'value': 35, 'prev_value': None, 'change': True}
2026-04-24 16:16:29,997 : INFO : EventManager : Event: ======'machine_var_audits_missing_switches_s_b_rollover_interchange'====== Args={'value': 37, 'prev_value': None, 'change': True}
2026-04-24 16:16:29,997 : INFO : EventManager : Event: ======'machine_var_audits_missing_switches_s_b_rollover_loop'====== Args={'value': 36, 'prev_value': None, 'change': True}
2026-04-24 16:16:29,997 : INFO : EventManager : Event: ======'machine_var_audits_missing_switches_s_b_rollover_misc'====== Args={'value': 37, 'prev_value': None, 'change': True}
2026-04-24 16:16:29,997 : INFO : EventManager : Event: ======'machine_var_audits_missing_switches_s_b_target_left'====== Args={'value': 37, 'prev_value': None, 'change': True}
2026-04-24 16:16:29,997 : INFO : EventManager : Event: ======'machine_var_audits_missing_switches_s_b_target_right'====== Args={'value': 37, 'prev_value': None, 'change': True}
2026-04-24 16:16:29,997 : INFO : EventManager : Event: ======'machine_var_audits_missing_switches_s_bot'====== Args={'value': 37, 'prev_value': None, 'change': True}
2026-04-24 16:16:29,997 : INFO : EventManager : Event: ======'machine_var_audits_missing_switches_s_bot_mid'====== Args={'value': 35, 'prev_value': None, 'change': True}
2026-04-24 16:16:29,997 : INFO : EventManager : Event: ======'machine_var_audits_missing_switches_s_captive_l'====== Args={'value': 37, 'prev_value': None, 'change': True}
2026-04-24 16:16:29,997 : INFO : EventManager : Event: ======'machine_var_audits_missing_switches_s_captive_r'====== Args={'value': 37, 'prev_value': None, 'change': True}
2026-04-24 16:16:29,997 : INFO : EventManager : Event: ======'machine_var_audits_missing_switches_s_drop_single'====== Args={'value': 35, 'prev_value': None, 'change': True}
2026-04-24 16:16:29,997 : INFO : EventManager : Event: ======'machine_var_audits_missing_switches_s_flipper_but_l_1'====== Args={'value': 35, 'prev_value': None, 'change': True}
2026-04-24 16:16:29,997 : INFO : EventManager : Event: ======'machine_var_audits_missing_switches_s_flipper_but_l_2'====== Args={'value': 35, 'prev_value': None, 'change': True}
2026-04-24 16:16:29,997 : INFO : EventManager : Event: ======'machine_var_audits_missing_switches_s_flipper_but_r_1'====== Args={'value': 26, 'prev_value': None, 'change': True}
2026-04-24 16:16:29,997 : INFO : EventManager : Event: ======'machine_var_audits_missing_switches_s_flipper_but_r_2'====== Args={'value': 35, 'prev_value': None, 'change': True}
2026-04-24 16:16:29,997 : INFO : EventManager : Event: ======'machine_var_audits_missing_switches_s_flipper_l'====== Args={'value': 35, 'prev_value': None, 'change': True}
2026-04-24 16:16:29,997 : INFO : EventManager : Event: ======'machine_var_audits_missing_switches_s_flipper_r'====== Args={'value': 35, 'prev_value': None, 'change': True}
2026-04-24 16:16:29,997 : INFO : EventManager : Event: ======'machine_var_audits_missing_switches_s_flipper_upper_l'====== Args={'value': 35, 'prev_value': None, 'change': True}
2026-04-24 16:16:29,997 : INFO : EventManager : Event: ======'machine_var_audits_missing_switches_s_inlane_l'====== Args={'value': 68, 'prev_value': None, 'change': True}
2026-04-24 16:16:29,997 : INFO : EventManager : Event: ======'machine_var_audits_missing_switches_s_inlane_r'====== Args={'value': 35, 'prev_value': None, 'change': True}
2026-04-24 16:16:29,997 : INFO : EventManager : Event: ======'machine_var_audits_missing_switches_s_kicking_target'====== Args={'value': 35, 'prev_value': None, 'change': True}
2026-04-24 16:16:29,997 : INFO : EventManager : Event: ======'machine_var_audits_missing_switches_s_launch'====== Args={'value': 14, 'prev_value': None, 'change': True}
2026-04-24 16:16:29,997 : INFO : EventManager : Event: ======'machine_var_audits_missing_switches_s_lock_1'====== Args={'value': 41, 'prev_value': None, 'change': True}
2026-04-24 16:16:29,997 : INFO : EventManager : Event: ======'machine_var_audits_missing_switches_s_lock_2'====== Args={'value': 35, 'prev_value': None, 'change': True}
2026-04-24 16:16:29,997 : INFO : EventManager : Event: ======'machine_var_audits_missing_switches_s_lock_3'====== Args={'value': 35, 'prev_value': None, 'change': True}
2026-04-24 16:16:29,997 : INFO : EventManager : Event: ======'machine_var_audits_missing_switches_s_lower_orbit'====== Args={'value': 37, 'prev_value': None, 'change': True}
2026-04-24 16:16:29,997 : INFO : EventManager : Event: ======'machine_var_audits_missing_switches_s_lower_single'====== Args={'value': 37, 'prev_value': None, 'change': True}
2026-04-24 16:16:29,997 : INFO : EventManager : Event: ======'machine_var_audits_missing_switches_s_lower_sling'====== Args={'value': 35, 'prev_value': None, 'change': True}
2026-04-24 16:16:29,997 : INFO : EventManager : Event: ======'machine_var_audits_missing_switches_s_lower_transfer'====== Args={'value': 37, 'prev_value': None, 'change': True}
2026-04-24 16:16:29,997 : INFO : EventManager : Event: ======'machine_var_audits_missing_switches_s_lower_vuk'====== Args={'value': 35, 'prev_value': None, 'change': True}
2026-04-24 16:16:29,997 : INFO : EventManager : Event: ======'machine_var_audits_missing_switches_s_middle_scoop'====== Args={'value': 35, 'prev_value': None, 'change': True}
2026-04-24 16:16:29,997 : INFO : EventManager : Event: ======'machine_var_audits_missing_switches_s_orbit_small_l'====== Args={'value': 35, 'prev_value': None, 'change': True}
2026-04-24 16:16:29,997 : INFO : EventManager : Event: ======'machine_var_audits_missing_switches_s_orbit_small_r'====== Args={'value': 37, 'prev_value': None, 'change': True}
2026-04-24 16:16:29,997 : INFO : EventManager : Event: ======'machine_var_audits_missing_switches_s_outlane_l'====== Args={'value': 70, 'prev_value': None, 'change': True}
2026-04-24 16:16:29,998 : INFO : EventManager : Event: ======'machine_var_audits_missing_switches_s_outlane_r'====== Args={'value': 70, 'prev_value': None, 'change': True}
2026-04-24 16:16:29,998 : INFO : EventManager : Event: ======'machine_var_audits_missing_switches_s_pop'====== Args={'value': 35, 'prev_value': None, 'change': True}
2026-04-24 16:16:29,998 : INFO : EventManager : Event: ======'machine_var_audits_missing_switches_s_scissor_save'====== Args={'value': 37, 'prev_value': None, 'change': True}
2026-04-24 16:16:29,998 : INFO : EventManager : Event: ======'machine_var_audits_missing_switches_s_sling_l'====== Args={'value': 35, 'prev_value': None, 'change': True}
2026-04-24 16:16:29,998 : INFO : EventManager : Event: ======'machine_var_audits_missing_switches_s_start'====== Args={'value': 37, 'prev_value': None, 'change': True}
2026-04-24 16:16:29,998 : INFO : EventManager : Event: ======'machine_var_audits_missing_switches_s_stationary_l'====== Args={'value': 35, 'prev_value': None, 'change': True}
2026-04-24 16:16:29,998 : INFO : EventManager : Event: ======'machine_var_audits_missing_switches_s_stationary_m'====== Args={'value': 35, 'prev_value': None, 'change': True}
2026-04-24 16:16:29,998 : INFO : EventManager : Event: ======'machine_var_audits_missing_switches_s_stationary_r'====== Args={'value': 35, 'prev_value': None, 'change': True}
2026-04-24 16:16:29,998 : INFO : EventManager : Event: ======'machine_var_audits_missing_switches_s_subway'====== Args={'value': 35, 'prev_value': None, 'change': True}
2026-04-24 16:16:29,998 : INFO : EventManager : Event: ======'machine_var_audits_missing_switches_s_tilt'====== Args={'value': 37, 'prev_value': None, 'change': True}
2026-04-24 16:16:29,998 : INFO : EventManager : Event: ======'machine_var_audits_missing_switches_s_top'====== Args={'value': 35, 'prev_value': None, 'change': True}
2026-04-24 16:16:29,998 : INFO : EventManager : Event: ======'machine_var_audits_missing_switches_s_top_mid'====== Args={'value': 37, 'prev_value': None, 'change': True}
2026-04-24 16:16:29,998 : INFO : EventManager : Event: ======'machine_var_audits_missing_switches_s_trough_1'====== Args={'value': 35, 'prev_value': None, 'change': True}
2026-04-24 16:16:29,998 : INFO : EventManager : Event: ======'machine_var_audits_missing_switches_s_trough_2'====== Args={'value': 35, 'prev_value': None, 'change': True}
2026-04-24 16:16:29,998 : INFO : EventManager : Event: ======'machine_var_audits_missing_switches_s_trough_3'====== Args={'value': 29, 'prev_value': None, 'change': True}
2026-04-24 16:16:29,998 : INFO : EventManager : Event: ======'machine_var_audits_missing_switches_s_trough_4'====== Args={'value': 6, 'prev_value': None, 'change': True}
2026-04-24 16:16:29,998 : INFO : EventManager : Event: ======'machine_var_audits_missing_switches_s_trough_5'====== Args={'value': 36, 'prev_value': None, 'change': True}
2026-04-24 16:16:29,998 : INFO : EventManager : Event: ======'machine_var_audits_missing_switches_s_trough_6'====== Args={'value': 36, 'prev_value': None, 'change': True}
2026-04-24 16:16:29,998 : INFO : EventManager : Event: ======'machine_var_audits_missing_switches_s_trough_jam'====== Args={'value': 35, 'prev_value': None, 'change': True}
2026-04-24 16:16:29,998 : INFO : EventManager : Event: ======'machine_var_audits_missing_switches_s_u_lane_l'====== Args={'value': 37, 'prev_value': None, 'change': True}
2026-04-24 16:16:29,998 : INFO : EventManager : Event: ======'machine_var_audits_missing_switches_s_u_lane_r'====== Args={'value': 37, 'prev_value': None, 'change': True}
2026-04-24 16:16:29,998 : INFO : EventManager : Event: ======'machine_var_audits_missing_switches_s_u_rollover'====== Args={'value': 37, 'prev_value': None, 'change': True}
2026-04-24 16:16:29,998 : INFO : EventManager : Event: ======'machine_var_audits_missing_switches_s_u_target'====== Args={'value': 37, 'prev_value': None, 'change': True}
2026-04-24 16:16:29,998 : INFO : EventManager : Event: ======'machine_var_audits_missing_switches_s_vuk_back'====== Args={'value': 35, 'prev_value': None, 'change': True}
2026-04-24 16:16:29,998 : INFO : EventManager : Event: ======'machine_var_audits_missing_switches_s_vuk_upper'====== Args={'value': 35, 'prev_value': None, 'change': True}
2026-04-24 16:16:29,998 : INFO : EventManager : Event: ======'machine_var_audits_player_score'====== Args={'value': {'average': 31, 'top': [310, 0, 0, 0, 0, 0, 0, 0, 0, 0], 'total': 10}, 'prev_value': None, 'change': True}
2026-04-24 16:16:29,998 : INFO : EventManager : Event: ======'machine_var_audits_shots_r_drop_behind_misc'====== Args={'value': 30, 'prev_value': None, 'change': True}
2026-04-24 16:16:29,998 : INFO : EventManager : Event: ======'machine_var_audits_shots_r_drop_l_misc'====== Args={'value': 39, 'prev_value': None, 'change': True}
2026-04-24 16:16:29,998 : INFO : EventManager : Event: ======'machine_var_audits_shots_r_drop_m_misc'====== Args={'value': 39, 'prev_value': None, 'change': True}
2026-04-24 16:16:29,998 : INFO : EventManager : Event: ======'machine_var_audits_shots_r_drop_r_misc'====== Args={'value': 39, 'prev_value': None, 'change': True}
2026-04-24 16:16:29,998 : INFO : EventManager : Event: ======'machine_var_audits_shots_r_orbit_small_l_base'====== Args={'value': 2, 'prev_value': None, 'change': True}
2026-04-24 16:16:29,998 : INFO : EventManager : Event: ======'machine_var_audits_shots_r_orbit_small_l_div'====== Args={'value': 2, 'prev_value': None, 'change': True}
2026-04-24 16:16:29,998 : INFO : EventManager : Event: ======'machine_var_audits_shots_r_pop'====== Args={'value': 22, 'prev_value': None, 'change': True}
2026-04-24 16:16:29,998 : INFO : EventManager : Event: ======'machine_var_audits_shots_r_scoop'====== Args={'value': 3, 'prev_value': None, 'change': True}
2026-04-24 16:16:29,998 : INFO : EventManager : Event: ======'machine_var_audits_shots_r_sling_l'====== Args={'value': 3, 'prev_value': None, 'change': True}
2026-04-24 16:16:29,998 : INFO : EventManager : Event: ======'machine_var_audits_shots_r_sling_r'====== Args={'value': 6, 'prev_value': None, 'change': True}
2026-04-24 16:16:29,998 : INFO : EventManager : Event: ======'machine_var_audits_shots_r_stationary_r_div'====== Args={'value': 6, 'prev_value': None, 'change': True}
2026-04-24 16:16:29,998 : INFO : EventManager : Event: ======'machine_var_audits_switches_s_autolauncher'====== Args={'value': 133, 'prev_value': None, 'change': True}
2026-04-24 16:16:29,998 : INFO : EventManager : Event: ======'machine_var_audits_switches_s_b_eos'====== Args={'value': 667, 'prev_value': None, 'change': True}
2026-04-24 16:16:29,998 : INFO : EventManager : Event: ======'machine_var_audits_switches_s_b_pop'====== Args={'value': 133, 'prev_value': None, 'change': True}
2026-04-24 16:16:29,998 : INFO : EventManager : Event: ======'machine_var_audits_switches_s_b_rollover_interchange'====== Args={'value': 1, 'prev_value': None, 'change': True}
2026-04-24 16:16:29,998 : INFO : EventManager : Event: ======'machine_var_audits_switches_s_b_rollover_loop'====== Args={'value': 8, 'prev_value': None, 'change': True}
2026-04-24 16:16:29,998 : INFO : EventManager : Event: ======'machine_var_audits_switches_s_b_rollover_misc'====== Args={'value': 1, 'prev_value': None, 'change': True}
2026-04-24 16:16:29,998 : INFO : EventManager : Event: ======'machine_var_audits_switches_s_b_target_left'====== Args={'value': 1, 'prev_value': None, 'change': True}
2026-04-24 16:16:29,998 : INFO : EventManager : Event: ======'machine_var_audits_switches_s_b_target_right'====== Args={'value': 1, 'prev_value': None, 'change': True}
2026-04-24 16:16:29,998 : INFO : EventManager : Event: ======'machine_var_audits_switches_s_bot'====== Args={'value': 1, 'prev_value': None, 'change': True}
2026-04-24 16:16:29,998 : INFO : EventManager : Event: ======'machine_var_audits_switches_s_bot_mid'====== Args={'value': 6, 'prev_value': None, 'change': True}
2026-04-24 16:16:29,998 : INFO : EventManager : Event: ======'machine_var_audits_switches_s_captive_l'====== Args={'value': 1, 'prev_value': None, 'change': True}
2026-04-24 16:16:29,998 : INFO : EventManager : Event: ======'machine_var_audits_switches_s_captive_r'====== Args={'value': 1, 'prev_value': None, 'change': True}
2026-04-24 16:16:29,998 : INFO : EventManager : Event: ======'machine_var_audits_switches_s_drop_l'====== Args={'value': 51, 'prev_value': None, 'change': True}
2026-04-24 16:16:29,998 : INFO : EventManager : Event: ======'machine_var_audits_switches_s_drop_m'====== Args={'value': 65, 'prev_value': None, 'change': True}
2026-04-24 16:16:29,998 : INFO : EventManager : Event: ======'machine_var_audits_switches_s_drop_r'====== Args={'value': 48, 'prev_value': None, 'change': True}
2026-04-24 16:16:29,998 : INFO : EventManager : Event: ======'machine_var_audits_switches_s_drop_single'====== Args={'value': 21, 'prev_value': None, 'change': True}
2026-04-24 16:16:29,998 : INFO : EventManager : Event: ======'machine_var_audits_switches_s_flipper_but_l_1'====== Args={'value': 440, 'prev_value': None, 'change': True}
2026-04-24 16:16:29,998 : INFO : EventManager : Event: ======'machine_var_audits_switches_s_flipper_but_l_2'====== Args={'value': 416, 'prev_value': None, 'change': True}
2026-04-24 16:16:29,998 : INFO : EventManager : Event: ======'machine_var_audits_switches_s_flipper_but_r_1'====== Args={'value': 793, 'prev_value': None, 'change': True}
2026-04-24 16:16:29,998 : INFO : EventManager : Event: ======'machine_var_audits_switches_s_flipper_but_r_2'====== Args={'value': 783, 'prev_value': None, 'change': True}
2026-04-24 16:16:29,998 : INFO : EventManager : Event: ======'machine_var_audits_switches_s_flipper_l'====== Args={'value': 416, 'prev_value': None, 'change': True}
2026-04-24 16:16:29,998 : INFO : EventManager : Event: ======'machine_var_audits_switches_s_flipper_r'====== Args={'value': 1731, 'prev_value': None, 'change': True}
2026-04-24 16:16:29,999 : INFO : EventManager : Event: ======'machine_var_audits_switches_s_flipper_upper_l'====== Args={'value': 393, 'prev_value': None, 'change': True}
2026-04-24 16:16:29,999 : INFO : EventManager : Event: ======'machine_var_audits_switches_s_inlane_l'====== Args={'value': 1, 'prev_value': None, 'change': True}
2026-04-24 16:16:29,999 : INFO : EventManager : Event: ======'machine_var_audits_switches_s_inlane_r'====== Args={'value': 80, 'prev_value': None, 'change': True}
2026-04-24 16:16:29,999 : INFO : EventManager : Event: ======'machine_var_audits_switches_s_kicker_orbit'====== Args={'value': 210, 'prev_value': None, 'change': True}
2026-04-24 16:16:29,999 : INFO : EventManager : Event: ======'machine_var_audits_switches_s_kicking_target'====== Args={'value': 538, 'prev_value': None, 'change': True}
2026-04-24 16:16:29,999 : INFO : EventManager : Event: ======'machine_var_audits_switches_s_launch'====== Args={'value': 153, 'prev_value': None, 'change': True}
2026-04-24 16:16:29,999 : INFO : EventManager : Event: ======'machine_var_audits_switches_s_lock_1'====== Args={'value': 10, 'prev_value': None, 'change': True}
2026-04-24 16:16:29,999 : INFO : EventManager : Event: ======'machine_var_audits_switches_s_lock_2'====== Args={'value': 5, 'prev_value': None, 'change': True}
2026-04-24 16:16:29,999 : INFO : EventManager : Event: ======'machine_var_audits_switches_s_lock_3'====== Args={'value': 5, 'prev_value': None, 'change': True}
2026-04-24 16:16:29,999 : INFO : EventManager : Event: ======'machine_var_audits_switches_s_lower_orbit'====== Args={'value': 5, 'prev_value': None, 'change': True}
2026-04-24 16:16:29,999 : INFO : EventManager : Event: ======'machine_var_audits_switches_s_lower_single'====== Args={'value': 1, 'prev_value': None, 'change': True}
2026-04-24 16:16:29,999 : INFO : EventManager : Event: ======'machine_var_audits_switches_s_lower_sling'====== Args={'value': 8, 'prev_value': None, 'change': True}
2026-04-24 16:16:29,999 : INFO : EventManager : Event: ======'machine_var_audits_switches_s_lower_transfer'====== Args={'value': 3, 'prev_value': None, 'change': True}
2026-04-24 16:16:29,999 : INFO : EventManager : Event: ======'machine_var_audits_switches_s_lower_vuk'====== Args={'value': 15, 'prev_value': None, 'change': True}
2026-04-24 16:16:29,999 : INFO : EventManager : Event: ======'machine_var_audits_switches_s_middle_scoop'====== Args={'value': 14, 'prev_value': None, 'change': True}
2026-04-24 16:16:29,999 : INFO : EventManager : Event: ======'machine_var_audits_switches_s_orbit_small_l'====== Args={'value': 38, 'prev_value': None, 'change': True}
2026-04-24 16:16:29,999 : INFO : EventManager : Event: ======'machine_var_audits_switches_s_orbit_small_r'====== Args={'value': 195, 'prev_value': None, 'change': True}
2026-04-24 16:16:29,999 : INFO : EventManager : Event: ======'machine_var_audits_switches_s_outlane_l'====== Args={'value': 0, 'prev_value': None, 'change': True}
2026-04-24 16:16:29,999 : INFO : EventManager : Event: ======'machine_var_audits_switches_s_outlane_r'====== Args={'value': 0, 'prev_value': None, 'change': True}
2026-04-24 16:16:29,999 : INFO : EventManager : Event: ======'machine_var_audits_switches_s_pop'====== Args={'value': 99, 'prev_value': None, 'change': True}
2026-04-24 16:16:29,999 : INFO : EventManager : Event: ======'machine_var_audits_switches_s_scissor_save'====== Args={'value': 3, 'prev_value': None, 'change': True}
2026-04-24 16:16:29,999 : INFO : EventManager : Event: ======'machine_var_audits_switches_s_sling_l'====== Args={'value': 19, 'prev_value': None, 'change': True}
2026-04-24 16:16:29,999 : INFO : EventManager : Event: ======'machine_var_audits_switches_s_start'====== Args={'value': 5, 'prev_value': None, 'change': True}
2026-04-24 16:16:29,999 : INFO : EventManager : Event: ======'machine_var_audits_switches_s_stationary_l'====== Args={'value': 111, 'prev_value': None, 'change': True}
2026-04-24 16:16:29,999 : INFO : EventManager : Event: ======'machine_var_audits_switches_s_stationary_m'====== Args={'value': 29, 'prev_value': None, 'change': True}
2026-04-24 16:16:29,999 : INFO : EventManager : Event: ======'machine_var_audits_switches_s_stationary_r'====== Args={'value': 35, 'prev_value': None, 'change': True}
2026-04-24 16:16:29,999 : INFO : EventManager : Event: ======'machine_var_audits_switches_s_subway'====== Args={'value': 168, 'prev_value': None, 'change': True}
2026-04-24 16:16:29,999 : INFO : EventManager : Event: ======'machine_var_audits_switches_s_tilt'====== Args={'value': 1, 'prev_value': None, 'change': True}
2026-04-24 16:16:29,999 : INFO : EventManager : Event: ======'machine_var_audits_switches_s_top'====== Args={'value': 6, 'prev_value': None, 'change': True}
2026-04-24 16:16:29,999 : INFO : EventManager : Event: ======'machine_var_audits_switches_s_top_mid'====== Args={'value': 1, 'prev_value': None, 'change': True}
2026-04-24 16:16:29,999 : INFO : EventManager : Event: ======'machine_var_audits_switches_s_trough_1'====== Args={'value': 101, 'prev_value': None, 'change': True}
2026-04-24 16:16:29,999 : INFO : EventManager : Event: ======'machine_var_audits_switches_s_trough_2'====== Args={'value': 60, 'prev_value': None, 'change': True}
2026-04-24 16:16:29,999 : INFO : EventManager : Event: ======'machine_var_audits_switches_s_trough_3'====== Args={'value': 63, 'prev_value': None, 'change': True}
2026-04-24 16:16:29,999 : INFO : EventManager : Event: ======'machine_var_audits_switches_s_trough_4'====== Args={'value': 143, 'prev_value': None, 'change': True}
2026-04-24 16:16:29,999 : INFO : EventManager : Event: ======'machine_var_audits_switches_s_trough_5'====== Args={'value': 48, 'prev_value': None, 'change': True}
2026-04-24 16:16:29,999 : INFO : EventManager : Event: ======'machine_var_audits_switches_s_trough_6'====== Args={'value': 100, 'prev_value': None, 'change': True}
2026-04-24 16:16:29,999 : INFO : EventManager : Event: ======'machine_var_audits_switches_s_trough_jam'====== Args={'value': 73, 'prev_value': None, 'change': True}
2026-04-24 16:16:29,999 : INFO : EventManager : Event: ======'machine_var_audits_switches_s_u_lane_l'====== Args={'value': 1, 'prev_value': None, 'change': True}
2026-04-24 16:16:29,999 : INFO : EventManager : Event: ======'machine_var_audits_switches_s_u_lane_r'====== Args={'value': 1, 'prev_value': None, 'change': True}
2026-04-24 16:16:29,999 : INFO : EventManager : Event: ======'machine_var_audits_switches_s_u_rollover'====== Args={'value': 1, 'prev_value': None, 'change': True}
2026-04-24 16:16:29,999 : INFO : EventManager : Event: ======'machine_var_audits_switches_s_u_target'====== Args={'value': 1, 'prev_value': None, 'change': True}
2026-04-24 16:16:29,999 : INFO : EventManager : Event: ======'machine_var_audits_switches_s_vuk_back'====== Args={'value': 101, 'prev_value': None, 'change': True}
2026-04-24 16:16:29,999 : INFO : EventManager : Event: ======'machine_var_audits_switches_s_vuk_upper'====== Args={'value': 63, 'prev_value': None, 'change': True}
2026-04-24 16:16:30,000 : INFO : EventManager : Event: ======'init_phase_5'====== Args={}
2026-04-24 16:16:30,002 : INFO : EventManager : Event: ======'init_done'====== Args={}
2026-04-24 16:16:30,002 : INFO : EventManager : Event: ======'machine_reset_phase_1'====== Args={}
2026-04-24 16:16:30,002 : INFO : EventManager : Event: ======'machine_reset_phase_2'====== Args={}
2026-04-24 16:16:30,002 : INFO : EventManager : Event: ======'machine_reset_phase_3'====== Args={}
2026-04-24 16:16:30,002 : INFO : EventManager : Event: ======'diverter_d_middle_diverter_deactivating'====== Args={}
2026-04-24 16:16:30,002 : INFO : coil.c_diverter : Disabling Driver
2026-04-24 16:16:30,002 : INFO : EventManager : Event: ======'reset_complete'====== Args={}
2026-04-24 16:16:30,002 : INFO : EventManager : Event: ======'mode_attract_will_start'====== Args={}
2026-04-24 16:16:30,002 : INFO : EventManager : Event: ======'mode_attract_starting'====== Args={}
2026-04-24 16:16:30,002 : INFO : Mode.attract : Started. Priority: 10
2026-04-24 16:16:30,002 : INFO : EventManager : Event: ======'modes_active_modes_changed'====== Args={}
2026-04-24 16:16:30,002 : INFO : EventManager : Event: ======'mode_attract_started'====== Args={}
2026-04-24 16:16:30,003 : INFO : EventManager : Event: ======'collecting_balls_complete'====== Args={}
2026-04-24 16:16:30,003 : INFO : Machine : Starting the main run loop with active modes: [<Mode.attract>]
2026-04-24 16:16:30,283 : INFO : BcpServer : New client connected.
2026-04-24 16:16:36,984 : INFO : Machine : Shutting down...
2026-04-24 16:16:36,984 : INFO : EventManager : Event: ======'shutdown'====== Args={}
2026-04-24 16:16:37,004 : INFO : root : MPF run loop ended.
