2026-04-24 14:22:28,042 : INFO : root : Loading config.
2026-04-24 14:22:28,044 : INFO : YamlMultifileConfigLoader : Machine config file #1: config.yaml
2026-04-24 14:22:28,044 : INFO : ConfigProcessor : Loading config from cache: /var/folders/l2/q8hj_6s91xnb2jxg1sqm0h7r0000gn/T/9d21ea9a81fcfc5941f8ed75c4a080eb.mpf_cache
2026-04-24 14:22:28,073 : INFO : ConfigProcessor : Loading config from cache: /var/folders/l2/q8hj_6s91xnb2jxg1sqm0h7r0000gn/T/43115b802accf167344a214047a50cd4.mpf_cache
2026-04-24 14:22:28,073 : INFO : ConfigProcessor : Loading config from cache: /var/folders/l2/q8hj_6s91xnb2jxg1sqm0h7r0000gn/T/bd1387dfa7de7ffc5bacad015019c743.mpf_cache
2026-04-24 14:22:28,077 : INFO : ConfigProcessor : Loading config from cache: /var/folders/l2/q8hj_6s91xnb2jxg1sqm0h7r0000gn/T/d126ded0bd5e51d3c29826a335e85340.mpf_cache
2026-04-24 14:22:28,077 : INFO : ConfigProcessor : Loading config from cache: /var/folders/l2/q8hj_6s91xnb2jxg1sqm0h7r0000gn/T/43115b802accf167344a214047a50cd4.mpf_cache
2026-04-24 14:22:28,077 : INFO : ConfigProcessor : Loading config from cache: /var/folders/l2/q8hj_6s91xnb2jxg1sqm0h7r0000gn/T/fb286bdec51e83b76c44a07e18af10e7.mpf_cache
2026-04-24 14:22:28,077 : INFO : ConfigProcessor : Loading config from cache: /var/folders/l2/q8hj_6s91xnb2jxg1sqm0h7r0000gn/T/4a0392f72066fff3dac8952634b7a9cd.mpf_cache
2026-04-24 14:22:28,078 : INFO : ConfigProcessor : Loading config from cache: /var/folders/l2/q8hj_6s91xnb2jxg1sqm0h7r0000gn/T/9740e98676f8796777039fba8e7d5e82.mpf_cache
2026-04-24 14:22:28,078 : INFO : ConfigProcessor : Loading config from cache: /var/folders/l2/q8hj_6s91xnb2jxg1sqm0h7r0000gn/T/a181a17d50eb4ab7db55e27ff85926c7.mpf_cache
2026-04-24 14:22:28,078 : INFO : ConfigProcessor : Loading config from cache: /var/folders/l2/q8hj_6s91xnb2jxg1sqm0h7r0000gn/T/a4506495691bdf3563a8fd11a9d79f10.mpf_cache
2026-04-24 14:22:28,079 : INFO : ConfigProcessor : Loading config from cache: /var/folders/l2/q8hj_6s91xnb2jxg1sqm0h7r0000gn/T/7e62a906c63d3b7efc85393a80e94c06.mpf_cache
2026-04-24 14:22:28,079 : INFO : ConfigProcessor : Loading config from cache: /var/folders/l2/q8hj_6s91xnb2jxg1sqm0h7r0000gn/T/ca66b8f571437747b2f2875349d15af7.mpf_cache
2026-04-24 14:22:28,079 : INFO : Machine : Mission Pinball Framework Core Engine v0.80.0.dev14
2026-04-24 14:22:28,079 : INFO : Machine : Command line arguments: {'no_load_cache': False, 'create_config_cache': True, 'bcp': True, 'configfile': ['config.yaml'], 'force_assets_load': False, 'platform_integration_test': False, 'jsonlogging': False, 'logfile': 'logs/2026-04-24-14-22-28-mpf-Tanners-Laptop.home.local.log', 'pause': False, 'production': False, 'text_ui': True, 'loglevel': 15, 'consoleloglevel': 20, 'force_platform': 'virtual', 'syslog_address': None, 'full_logfile_path': '/Users/tannerpetch/Documents/GitHub/trashland_3/logs/2026-04-24-14-22-28-mpf-Tanners-Laptop.home.local.log'}
2026-04-24 14:22:28,079 : INFO : Machine : MPF path: /Library/Frameworks/Python.framework/Versions/3.11/lib/python3.11/site-packages/mpf
2026-04-24 14:22:28,079 : INFO : Machine : Machine path: /Users/tannerpetch/Documents/GitHub/trashland_3
2026-04-24 14:22:28,079 : INFO : Machine : Platform: darwin
2026-04-24 14:22:28,079 : INFO : Machine : Python executable location: /Library/Frameworks/Python.framework/Versions/3.11/bin/python3.11
2026-04-24 14:22:28,079 : INFO : Machine : Python version: 3.11.9 (64-bit)
2026-04-24 14:22:28,079 : INFO : Machine : Initializing MPF...
2026-04-24 14:22:28,106 : INFO : EventManager : Event: ======'machine_var_credits_string'====== Args={'value': 'FREE PLAY', 'prev_value': None, 'change': True}
2026-04-24 14:22:28,112 : INFO : EventManager : Event: ======'machine_var_master_volume'====== Args={'value': 0.5, 'prev_value': None, 'change': True}
2026-04-24 14:22:28,112 : INFO : EventManager : Event: ======'machine_var_player1_score'====== Args={'value': 310, 'prev_value': None, 'change': True}
2026-04-24 14:22:28,112 : INFO : EventManager : Event: ======'machine_var_mpf_version'====== Args={'value': 'Mission Pinball Framework v0.80.0.dev14', 'prev_value': None, 'change': True}
2026-04-24 14:22:28,112 : INFO : EventManager : Event: ======'machine_var_mpf_extended_version'====== Args={'value': 'Mission Pinball Framework v0.80.0.dev14, Config version:6, Show version: 6, BCP version:1.1', 'prev_value': None, 'change': True}
2026-04-24 14:22:28,113 : INFO : EventManager : Event: ======'machine_var_python_version'====== Args={'value': '3.11.9', 'prev_value': None, 'change': True}
2026-04-24 14:22:28,121 : INFO : EventManager : Event: ======'machine_var_platform'====== Args={'value': 'macOS-14.3-arm64-arm-64bit', 'prev_value': None, 'change': True}
2026-04-24 14:22:28,121 : INFO : EventManager : Event: ======'machine_var_platform_system'====== Args={'value': 'Darwin', 'prev_value': None, 'change': True}
2026-04-24 14:22:28,121 : INFO : EventManager : Event: ======'machine_var_platform_release'====== Args={'value': '23.3.0', 'prev_value': None, 'change': True}
2026-04-24 14:22:28,121 : INFO : EventManager : Event: ======'machine_var_platform_version'====== Args={'value': 'Darwin Kernel Version 23.3.0: Thu Dec 21 02:29:41 PST 2023; root:xnu-10002.81.5~11/RELEASE_ARM64_T8122', 'prev_value': None, 'change': True}
2026-04-24 14:22:28,121 : INFO : EventManager : Event: ======'machine_var_platform_machine'====== Args={'value': 'arm64', 'prev_value': None, 'change': True}
2026-04-24 14:22:28,121 : INFO : EventManager : Event: ======'machine_var_log_file_path'====== Args={'value': '/Users/tannerpetch/Documents/GitHub/trashland_3/logs/2026-04-24-14-22-28-mpf-Tanners-Laptop.home.local.log', 'prev_value': None, 'change': True}
2026-04-24 14:22:28,121 : INFO : EventManager : Event: ======'init_phase_1'====== Args={}
2026-04-24 14:22:28,145 : INFO : EventManager : Event: ======'drop_target_bank_dt_single_up'====== Args={}
2026-04-24 14:22:28,145 : INFO : EventManager : Event: ======'drop_target_bank_dt_bank_up'====== Args={}
2026-04-24 14:22:28,145 : INFO : EventManager : Event: ======'init_phase_2'====== Args={}
2026-04-24 14:22:28,147 : INFO : EventManager : Event: ======'bcp_connection_attempt'====== Args={'name': 'local_display', 'host': 'localhost', 'port': 5050}
2026-04-24 14:22:28,147 : INFO : BCPClientSocket : Connecting BCP to 'local_display' at localhost:5050...
2026-04-24 14:22:32,083 : INFO : BCPClientSocket : Connected BCP to 'local_display' localhost:5050
2026-04-24 14:22:32,083 : INFO : EventManager : Event: ======'bcp_clients_connected'====== Args={}
2026-04-24 14:22:32,087 : INFO : ball_device.bd_scoop : BCH: Initial count: 0
2026-04-24 14:22:32,087 : INFO : ball_device.bd_scoop : State: idle
2026-04-24 14:22:32,088 : INFO : ball_device.bd_trough : BCH: Initial count: 0
2026-04-24 14:22:32,088 : INFO : ball_device.bd_trough : State: idle
2026-04-24 14:22:32,089 : INFO : ball_device.bd_autolauncher : BCH: Initial count: 0
2026-04-24 14:22:32,089 : INFO : ball_device.bd_autolauncher : State: idle
2026-04-24 14:22:32,089 : INFO : ball_device.bd_kicker_orbit : BCH: Initial count: 0
2026-04-24 14:22:32,089 : INFO : ball_device.bd_kicker_orbit : State: idle
2026-04-24 14:22:32,091 : INFO : ball_device.bd_lower_vuk : BCH: Initial count: 0
2026-04-24 14:22:32,091 : INFO : ball_device.bd_lower_vuk : State: idle
2026-04-24 14:22:32,092 : INFO : ball_device.bd_vuk_back : BCH: Initial count: 0
2026-04-24 14:22:32,092 : INFO : ball_device.bd_vuk_back : State: idle
2026-04-24 14:22:32,093 : INFO : ball_device.bd_vuk_upper : BCH: Initial count: 0
2026-04-24 14:22:32,093 : INFO : ball_device.bd_vuk_upper : State: idle
2026-04-24 14:22:32,094 : INFO : ball_device.bd_b_lock : BCH: Initial count: 0
2026-04-24 14:22:32,094 : INFO : ball_device.bd_b_lock : State: idle
2026-04-24 14:22:32,108 : INFO : EventManager : Event: ======'init_phase_3'====== Args={}
2026-04-24 14:22:32,114 : INFO : EventManager : Event: ======'init_phase_4'====== Args={}
2026-04-24 14:22:32,114 : INFO : BallController : Initial balls found: 0
2026-04-24 14:22:32,115 : INFO : EventManager : Event: ======'machine_var_audits_events_game_ended'====== Args={'value': 10, 'prev_value': None, 'change': True}
2026-04-24 14:22:32,115 : INFO : EventManager : Event: ======'machine_var_audits_events_game_started'====== Args={'value': 45, 'prev_value': None, 'change': True}
2026-04-24 14:22:32,115 : INFO : EventManager : Event: ======'machine_var_audits_missing_switches_s_b_eos'====== Args={'value': 10, 'prev_value': None, 'change': True}
2026-04-24 14:22:32,115 : INFO : EventManager : Event: ======'machine_var_audits_missing_switches_s_b_pop'====== Args={'value': 10, 'prev_value': None, 'change': True}
2026-04-24 14:22:32,116 : INFO : EventManager : Event: ======'machine_var_audits_missing_switches_s_b_rollover_interchange'====== Args={'value': 12, 'prev_value': None, 'change': True}
2026-04-24 14:22:32,116 : INFO : EventManager : Event: ======'machine_var_audits_missing_switches_s_b_rollover_loop'====== Args={'value': 11, 'prev_value': None, 'change': True}
2026-04-24 14:22:32,116 : INFO : EventManager : Event: ======'machine_var_audits_missing_switches_s_b_rollover_misc'====== Args={'value': 12, 'prev_value': None, 'change': True}
2026-04-24 14:22:32,116 : INFO : EventManager : Event: ======'machine_var_audits_missing_switches_s_b_target_left'====== Args={'value': 12, 'prev_value': None, 'change': True}
2026-04-24 14:22:32,116 : INFO : EventManager : Event: ======'machine_var_audits_missing_switches_s_b_target_right'====== Args={'value': 12, 'prev_value': None, 'change': True}
2026-04-24 14:22:32,116 : INFO : EventManager : Event: ======'machine_var_audits_missing_switches_s_bot'====== Args={'value': 12, 'prev_value': None, 'change': True}
2026-04-24 14:22:32,116 : INFO : EventManager : Event: ======'machine_var_audits_missing_switches_s_bot_mid'====== Args={'value': 10, 'prev_value': None, 'change': True}
2026-04-24 14:22:32,116 : INFO : EventManager : Event: ======'machine_var_audits_missing_switches_s_captive_l'====== Args={'value': 12, 'prev_value': None, 'change': True}
2026-04-24 14:22:32,116 : INFO : EventManager : Event: ======'machine_var_audits_missing_switches_s_captive_r'====== Args={'value': 12, 'prev_value': None, 'change': True}
2026-04-24 14:22:32,116 : INFO : EventManager : Event: ======'machine_var_audits_missing_switches_s_drop_l'====== Args={'value': 3, 'prev_value': None, 'change': True}
2026-04-24 14:22:32,116 : INFO : EventManager : Event: ======'machine_var_audits_missing_switches_s_drop_m'====== Args={'value': 3, 'prev_value': None, 'change': True}
2026-04-24 14:22:32,116 : INFO : EventManager : Event: ======'machine_var_audits_missing_switches_s_drop_r'====== Args={'value': 3, 'prev_value': None, 'change': True}
2026-04-24 14:22:32,116 : INFO : EventManager : Event: ======'machine_var_audits_missing_switches_s_drop_single'====== Args={'value': 10, 'prev_value': None, 'change': True}
2026-04-24 14:22:32,116 : INFO : EventManager : Event: ======'machine_var_audits_missing_switches_s_flipper_but_l_1'====== Args={'value': 10, 'prev_value': None, 'change': True}
2026-04-24 14:22:32,116 : INFO : EventManager : Event: ======'machine_var_audits_missing_switches_s_flipper_but_l_2'====== Args={'value': 10, 'prev_value': None, 'change': True}
2026-04-24 14:22:32,116 : INFO : EventManager : Event: ======'machine_var_audits_missing_switches_s_flipper_but_r_1'====== Args={'value': 1, 'prev_value': None, 'change': True}
2026-04-24 14:22:32,116 : INFO : EventManager : Event: ======'machine_var_audits_missing_switches_s_flipper_but_r_2'====== Args={'value': 10, 'prev_value': None, 'change': True}
2026-04-24 14:22:32,116 : INFO : EventManager : Event: ======'machine_var_audits_missing_switches_s_flipper_l'====== Args={'value': 10, 'prev_value': None, 'change': True}
2026-04-24 14:22:32,116 : INFO : EventManager : Event: ======'machine_var_audits_missing_switches_s_flipper_r'====== Args={'value': 10, 'prev_value': None, 'change': True}
2026-04-24 14:22:32,116 : INFO : EventManager : Event: ======'machine_var_audits_missing_switches_s_flipper_upper_l'====== Args={'value': 10, 'prev_value': None, 'change': True}
2026-04-24 14:22:32,116 : INFO : EventManager : Event: ======'machine_var_audits_missing_switches_s_inlane_l'====== Args={'value': 43, 'prev_value': None, 'change': True}
2026-04-24 14:22:32,116 : INFO : EventManager : Event: ======'machine_var_audits_missing_switches_s_inlane_r'====== Args={'value': 10, 'prev_value': None, 'change': True}
2026-04-24 14:22:32,116 : INFO : EventManager : Event: ======'machine_var_audits_missing_switches_s_kicker_orbit'====== Args={'value': 3, 'prev_value': None, 'change': True}
2026-04-24 14:22:32,116 : INFO : EventManager : Event: ======'machine_var_audits_missing_switches_s_kicking_target'====== Args={'value': 10, 'prev_value': None, 'change': True}
2026-04-24 14:22:32,116 : INFO : EventManager : Event: ======'machine_var_audits_missing_switches_s_lock_1'====== Args={'value': 16, 'prev_value': None, 'change': True}
2026-04-24 14:22:32,116 : INFO : EventManager : Event: ======'machine_var_audits_missing_switches_s_lock_2'====== Args={'value': 10, 'prev_value': None, 'change': True}
2026-04-24 14:22:32,116 : INFO : EventManager : Event: ======'machine_var_audits_missing_switches_s_lock_3'====== Args={'value': 10, 'prev_value': None, 'change': True}
2026-04-24 14:22:32,116 : INFO : EventManager : Event: ======'machine_var_audits_missing_switches_s_lower_orbit'====== Args={'value': 12, 'prev_value': None, 'change': True}
2026-04-24 14:22:32,116 : INFO : EventManager : Event: ======'machine_var_audits_missing_switches_s_lower_single'====== Args={'value': 12, 'prev_value': None, 'change': True}
2026-04-24 14:22:32,116 : INFO : EventManager : Event: ======'machine_var_audits_missing_switches_s_lower_sling'====== Args={'value': 10, 'prev_value': None, 'change': True}
2026-04-24 14:22:32,116 : INFO : EventManager : Event: ======'machine_var_audits_missing_switches_s_lower_transfer'====== Args={'value': 12, 'prev_value': None, 'change': True}
2026-04-24 14:22:32,116 : INFO : EventManager : Event: ======'machine_var_audits_missing_switches_s_lower_vuk'====== Args={'value': 10, 'prev_value': None, 'change': True}
2026-04-24 14:22:32,116 : INFO : EventManager : Event: ======'machine_var_audits_missing_switches_s_middle_scoop'====== Args={'value': 10, 'prev_value': None, 'change': True}
2026-04-24 14:22:32,116 : INFO : EventManager : Event: ======'machine_var_audits_missing_switches_s_orbit_small_l'====== Args={'value': 10, 'prev_value': None, 'change': True}
2026-04-24 14:22:32,116 : INFO : EventManager : Event: ======'machine_var_audits_missing_switches_s_orbit_small_r'====== Args={'value': 12, 'prev_value': None, 'change': True}
2026-04-24 14:22:32,116 : INFO : EventManager : Event: ======'machine_var_audits_missing_switches_s_outlane_l'====== Args={'value': 45, 'prev_value': None, 'change': True}
2026-04-24 14:22:32,116 : INFO : EventManager : Event: ======'machine_var_audits_missing_switches_s_outlane_r'====== Args={'value': 45, 'prev_value': None, 'change': True}
2026-04-24 14:22:32,116 : INFO : EventManager : Event: ======'machine_var_audits_missing_switches_s_pop'====== Args={'value': 10, 'prev_value': None, 'change': True}
2026-04-24 14:22:32,117 : INFO : EventManager : Event: ======'machine_var_audits_missing_switches_s_scissor_save'====== Args={'value': 12, 'prev_value': None, 'change': True}
2026-04-24 14:22:32,117 : INFO : EventManager : Event: ======'machine_var_audits_missing_switches_s_sling_l'====== Args={'value': 10, 'prev_value': None, 'change': True}
2026-04-24 14:22:32,117 : INFO : EventManager : Event: ======'machine_var_audits_missing_switches_s_start'====== Args={'value': 12, 'prev_value': None, 'change': True}
2026-04-24 14:22:32,117 : INFO : EventManager : Event: ======'machine_var_audits_missing_switches_s_stationary_l'====== Args={'value': 10, 'prev_value': None, 'change': True}
2026-04-24 14:22:32,117 : INFO : EventManager : Event: ======'machine_var_audits_missing_switches_s_stationary_m'====== Args={'value': 10, 'prev_value': None, 'change': True}
2026-04-24 14:22:32,117 : INFO : EventManager : Event: ======'machine_var_audits_missing_switches_s_stationary_r'====== Args={'value': 10, 'prev_value': None, 'change': True}
2026-04-24 14:22:32,117 : INFO : EventManager : Event: ======'machine_var_audits_missing_switches_s_subway'====== Args={'value': 10, 'prev_value': None, 'change': True}
2026-04-24 14:22:32,117 : INFO : EventManager : Event: ======'machine_var_audits_missing_switches_s_tilt'====== Args={'value': 12, 'prev_value': None, 'change': True}
2026-04-24 14:22:32,117 : INFO : EventManager : Event: ======'machine_var_audits_missing_switches_s_top'====== Args={'value': 10, 'prev_value': None, 'change': True}
2026-04-24 14:22:32,117 : INFO : EventManager : Event: ======'machine_var_audits_missing_switches_s_top_mid'====== Args={'value': 12, 'prev_value': None, 'change': True}
2026-04-24 14:22:32,117 : INFO : EventManager : Event: ======'machine_var_audits_missing_switches_s_trough_1'====== Args={'value': 10, 'prev_value': None, 'change': True}
2026-04-24 14:22:32,117 : INFO : EventManager : Event: ======'machine_var_audits_missing_switches_s_trough_2'====== Args={'value': 10, 'prev_value': None, 'change': True}
2026-04-24 14:22:32,117 : INFO : EventManager : Event: ======'machine_var_audits_missing_switches_s_trough_3'====== Args={'value': 4, 'prev_value': None, 'change': True}
2026-04-24 14:22:32,117 : INFO : EventManager : Event: ======'machine_var_audits_missing_switches_s_trough_4'====== Args={'value': 1, 'prev_value': None, 'change': True}
2026-04-24 14:22:32,117 : INFO : EventManager : Event: ======'machine_var_audits_missing_switches_s_trough_5'====== Args={'value': 11, 'prev_value': None, 'change': True}
2026-04-24 14:22:32,117 : INFO : EventManager : Event: ======'machine_var_audits_missing_switches_s_trough_6'====== Args={'value': 11, 'prev_value': None, 'change': True}
2026-04-24 14:22:32,117 : INFO : EventManager : Event: ======'machine_var_audits_missing_switches_s_trough_jam'====== Args={'value': 10, 'prev_value': None, 'change': True}
2026-04-24 14:22:32,117 : INFO : EventManager : Event: ======'machine_var_audits_missing_switches_s_u_lane_l'====== Args={'value': 12, 'prev_value': None, 'change': True}
2026-04-24 14:22:32,117 : INFO : EventManager : Event: ======'machine_var_audits_missing_switches_s_u_lane_r'====== Args={'value': 12, 'prev_value': None, 'change': True}
2026-04-24 14:22:32,117 : INFO : EventManager : Event: ======'machine_var_audits_missing_switches_s_u_rollover'====== Args={'value': 12, 'prev_value': None, 'change': True}
2026-04-24 14:22:32,117 : INFO : EventManager : Event: ======'machine_var_audits_missing_switches_s_u_target'====== Args={'value': 12, 'prev_value': None, 'change': True}
2026-04-24 14:22:32,117 : INFO : EventManager : Event: ======'machine_var_audits_missing_switches_s_vuk_back'====== Args={'value': 10, 'prev_value': None, 'change': True}
2026-04-24 14:22:32,117 : INFO : EventManager : Event: ======'machine_var_audits_missing_switches_s_vuk_upper'====== Args={'value': 10, 'prev_value': None, 'change': True}
2026-04-24 14:22:32,117 : INFO : EventManager : Event: ======'machine_var_audits_player_score'====== Args={'value': {'average': 31, 'top': [310, 0, 0, 0, 0, 0, 0, 0, 0, 0], 'total': 10}, 'prev_value': None, 'change': True}
2026-04-24 14:22:32,117 : INFO : EventManager : Event: ======'machine_var_audits_shots_r_drop_behind_misc'====== Args={'value': 11, 'prev_value': None, 'change': True}
2026-04-24 14:22:32,117 : INFO : EventManager : Event: ======'machine_var_audits_shots_r_drop_l_misc'====== Args={'value': 14, 'prev_value': None, 'change': True}
2026-04-24 14:22:32,117 : INFO : EventManager : Event: ======'machine_var_audits_shots_r_drop_m_misc'====== Args={'value': 14, 'prev_value': None, 'change': True}
2026-04-24 14:22:32,117 : INFO : EventManager : Event: ======'machine_var_audits_shots_r_drop_r_misc'====== Args={'value': 16, 'prev_value': None, 'change': True}
2026-04-24 14:22:32,117 : INFO : EventManager : Event: ======'machine_var_audits_shots_r_orbit_small_l_base'====== Args={'value': 2, 'prev_value': None, 'change': True}
2026-04-24 14:22:32,117 : INFO : EventManager : Event: ======'machine_var_audits_shots_r_orbit_small_l_div'====== Args={'value': 2, 'prev_value': None, 'change': True}
2026-04-24 14:22:32,117 : INFO : EventManager : Event: ======'machine_var_audits_shots_r_pop'====== Args={'value': 22, 'prev_value': None, 'change': True}
2026-04-24 14:22:32,117 : INFO : EventManager : Event: ======'machine_var_audits_shots_r_scoop'====== Args={'value': 3, 'prev_value': None, 'change': True}
2026-04-24 14:22:32,117 : INFO : EventManager : Event: ======'machine_var_audits_shots_r_sling_l'====== Args={'value': 3, 'prev_value': None, 'change': True}
2026-04-24 14:22:32,117 : INFO : EventManager : Event: ======'machine_var_audits_shots_r_sling_r'====== Args={'value': 6, 'prev_value': None, 'change': True}
2026-04-24 14:22:32,117 : INFO : EventManager : Event: ======'machine_var_audits_shots_r_stationary_r_div'====== Args={'value': 6, 'prev_value': None, 'change': True}
2026-04-24 14:22:32,117 : INFO : EventManager : Event: ======'machine_var_audits_switches_s_autolauncher'====== Args={'value': 129, 'prev_value': None, 'change': True}
2026-04-24 14:22:32,117 : INFO : EventManager : Event: ======'machine_var_audits_switches_s_b_eos'====== Args={'value': 667, 'prev_value': None, 'change': True}
2026-04-24 14:22:32,117 : INFO : EventManager : Event: ======'machine_var_audits_switches_s_b_pop'====== Args={'value': 133, 'prev_value': None, 'change': True}
2026-04-24 14:22:32,117 : INFO : EventManager : Event: ======'machine_var_audits_switches_s_b_rollover_interchange'====== Args={'value': 1, 'prev_value': None, 'change': True}
2026-04-24 14:22:32,117 : INFO : EventManager : Event: ======'machine_var_audits_switches_s_b_rollover_loop'====== Args={'value': 8, 'prev_value': None, 'change': True}
2026-04-24 14:22:32,117 : INFO : EventManager : Event: ======'machine_var_audits_switches_s_b_rollover_misc'====== Args={'value': 1, 'prev_value': None, 'change': True}
2026-04-24 14:22:32,117 : INFO : EventManager : Event: ======'machine_var_audits_switches_s_b_target_left'====== Args={'value': 1, 'prev_value': None, 'change': True}
2026-04-24 14:22:32,117 : INFO : EventManager : Event: ======'machine_var_audits_switches_s_b_target_right'====== Args={'value': 1, 'prev_value': None, 'change': True}
2026-04-24 14:22:32,117 : INFO : EventManager : Event: ======'machine_var_audits_switches_s_bot'====== Args={'value': 1, 'prev_value': None, 'change': True}
2026-04-24 14:22:32,117 : INFO : EventManager : Event: ======'machine_var_audits_switches_s_bot_mid'====== Args={'value': 6, 'prev_value': None, 'change': True}
2026-04-24 14:22:32,118 : INFO : EventManager : Event: ======'machine_var_audits_switches_s_captive_l'====== Args={'value': 1, 'prev_value': None, 'change': True}
2026-04-24 14:22:32,118 : INFO : EventManager : Event: ======'machine_var_audits_switches_s_captive_r'====== Args={'value': 1, 'prev_value': None, 'change': True}
2026-04-24 14:22:32,118 : INFO : EventManager : Event: ======'machine_var_audits_switches_s_drop_l'====== Args={'value': 22, 'prev_value': None, 'change': True}
2026-04-24 14:22:32,118 : INFO : EventManager : Event: ======'machine_var_audits_switches_s_drop_m'====== Args={'value': 36, 'prev_value': None, 'change': True}
2026-04-24 14:22:32,118 : INFO : EventManager : Event: ======'machine_var_audits_switches_s_drop_r'====== Args={'value': 23, 'prev_value': None, 'change': True}
2026-04-24 14:22:32,118 : INFO : EventManager : Event: ======'machine_var_audits_switches_s_drop_single'====== Args={'value': 21, 'prev_value': None, 'change': True}
2026-04-24 14:22:32,118 : INFO : EventManager : Event: ======'machine_var_audits_switches_s_flipper_but_l_1'====== Args={'value': 440, 'prev_value': None, 'change': True}
2026-04-24 14:22:32,118 : INFO : EventManager : Event: ======'machine_var_audits_switches_s_flipper_but_l_2'====== Args={'value': 416, 'prev_value': None, 'change': True}
2026-04-24 14:22:32,118 : INFO : EventManager : Event: ======'machine_var_audits_switches_s_flipper_but_r_1'====== Args={'value': 793, 'prev_value': None, 'change': True}
2026-04-24 14:22:32,118 : INFO : EventManager : Event: ======'machine_var_audits_switches_s_flipper_but_r_2'====== Args={'value': 783, 'prev_value': None, 'change': True}
2026-04-24 14:22:32,118 : INFO : EventManager : Event: ======'machine_var_audits_switches_s_flipper_l'====== Args={'value': 416, 'prev_value': None, 'change': True}
2026-04-24 14:22:32,118 : INFO : EventManager : Event: ======'machine_var_audits_switches_s_flipper_r'====== Args={'value': 1731, 'prev_value': None, 'change': True}
2026-04-24 14:22:32,118 : INFO : EventManager : Event: ======'machine_var_audits_switches_s_flipper_upper_l'====== Args={'value': 393, 'prev_value': None, 'change': True}
2026-04-24 14:22:32,118 : INFO : EventManager : Event: ======'machine_var_audits_switches_s_inlane_l'====== Args={'value': 1, 'prev_value': None, 'change': True}
2026-04-24 14:22:32,118 : INFO : EventManager : Event: ======'machine_var_audits_switches_s_inlane_r'====== Args={'value': 80, 'prev_value': None, 'change': True}
2026-04-24 14:22:32,118 : INFO : EventManager : Event: ======'machine_var_audits_switches_s_kicker_orbit'====== Args={'value': 185, 'prev_value': None, 'change': True}
2026-04-24 14:22:32,118 : INFO : EventManager : Event: ======'machine_var_audits_switches_s_kicking_target'====== Args={'value': 538, 'prev_value': None, 'change': True}
2026-04-24 14:22:32,118 : INFO : EventManager : Event: ======'machine_var_audits_switches_s_launch'====== Args={'value': 147, 'prev_value': None, 'change': True}
2026-04-24 14:22:32,118 : INFO : EventManager : Event: ======'machine_var_audits_switches_s_lock_1'====== Args={'value': 10, 'prev_value': None, 'change': True}
2026-04-24 14:22:32,118 : INFO : EventManager : Event: ======'machine_var_audits_switches_s_lock_2'====== Args={'value': 5, 'prev_value': None, 'change': True}
2026-04-24 14:22:32,118 : INFO : EventManager : Event: ======'machine_var_audits_switches_s_lock_3'====== Args={'value': 5, 'prev_value': None, 'change': True}
2026-04-24 14:22:32,118 : INFO : EventManager : Event: ======'machine_var_audits_switches_s_lower_orbit'====== Args={'value': 5, 'prev_value': None, 'change': True}
2026-04-24 14:22:32,118 : INFO : EventManager : Event: ======'machine_var_audits_switches_s_lower_single'====== Args={'value': 1, 'prev_value': None, 'change': True}
2026-04-24 14:22:32,118 : INFO : EventManager : Event: ======'machine_var_audits_switches_s_lower_sling'====== Args={'value': 8, 'prev_value': None, 'change': True}
2026-04-24 14:22:32,118 : INFO : EventManager : Event: ======'machine_var_audits_switches_s_lower_transfer'====== Args={'value': 3, 'prev_value': None, 'change': True}
2026-04-24 14:22:32,118 : INFO : EventManager : Event: ======'machine_var_audits_switches_s_lower_vuk'====== Args={'value': 15, 'prev_value': None, 'change': True}
2026-04-24 14:22:32,118 : INFO : EventManager : Event: ======'machine_var_audits_switches_s_middle_scoop'====== Args={'value': 14, 'prev_value': None, 'change': True}
2026-04-24 14:22:32,118 : INFO : EventManager : Event: ======'machine_var_audits_switches_s_orbit_small_l'====== Args={'value': 38, 'prev_value': None, 'change': True}
2026-04-24 14:22:32,118 : INFO : EventManager : Event: ======'machine_var_audits_switches_s_orbit_small_r'====== Args={'value': 195, 'prev_value': None, 'change': True}
2026-04-24 14:22:32,118 : INFO : EventManager : Event: ======'machine_var_audits_switches_s_outlane_l'====== Args={'value': 0, 'prev_value': None, 'change': True}
2026-04-24 14:22:32,118 : INFO : EventManager : Event: ======'machine_var_audits_switches_s_outlane_r'====== Args={'value': 0, 'prev_value': None, 'change': True}
2026-04-24 14:22:32,118 : INFO : EventManager : Event: ======'machine_var_audits_switches_s_pop'====== Args={'value': 99, 'prev_value': None, 'change': True}
2026-04-24 14:22:32,118 : INFO : EventManager : Event: ======'machine_var_audits_switches_s_scissor_save'====== Args={'value': 3, 'prev_value': None, 'change': True}
2026-04-24 14:22:32,118 : INFO : EventManager : Event: ======'machine_var_audits_switches_s_sling_l'====== Args={'value': 19, 'prev_value': None, 'change': True}
2026-04-24 14:22:32,118 : INFO : EventManager : Event: ======'machine_var_audits_switches_s_start'====== Args={'value': 5, 'prev_value': None, 'change': True}
2026-04-24 14:22:32,118 : INFO : EventManager : Event: ======'machine_var_audits_switches_s_stationary_l'====== Args={'value': 111, 'prev_value': None, 'change': True}
2026-04-24 14:22:32,118 : INFO : EventManager : Event: ======'machine_var_audits_switches_s_stationary_m'====== Args={'value': 29, 'prev_value': None, 'change': True}
2026-04-24 14:22:32,118 : INFO : EventManager : Event: ======'machine_var_audits_switches_s_stationary_r'====== Args={'value': 35, 'prev_value': None, 'change': True}
2026-04-24 14:22:32,118 : INFO : EventManager : Event: ======'machine_var_audits_switches_s_subway'====== Args={'value': 168, 'prev_value': None, 'change': True}
2026-04-24 14:22:32,118 : INFO : EventManager : Event: ======'machine_var_audits_switches_s_tilt'====== Args={'value': 1, 'prev_value': None, 'change': True}
2026-04-24 14:22:32,118 : INFO : EventManager : Event: ======'machine_var_audits_switches_s_top'====== Args={'value': 6, 'prev_value': None, 'change': True}
2026-04-24 14:22:32,118 : INFO : EventManager : Event: ======'machine_var_audits_switches_s_top_mid'====== Args={'value': 1, 'prev_value': None, 'change': True}
2026-04-24 14:22:32,118 : INFO : EventManager : Event: ======'machine_var_audits_switches_s_trough_1'====== Args={'value': 101, 'prev_value': None, 'change': True}
2026-04-24 14:22:32,118 : INFO : EventManager : Event: ======'machine_var_audits_switches_s_trough_2'====== Args={'value': 60, 'prev_value': None, 'change': True}
2026-04-24 14:22:32,118 : INFO : EventManager : Event: ======'machine_var_audits_switches_s_trough_3'====== Args={'value': 63, 'prev_value': None, 'change': True}
2026-04-24 14:22:32,118 : INFO : EventManager : Event: ======'machine_var_audits_switches_s_trough_4'====== Args={'value': 142, 'prev_value': None, 'change': True}
2026-04-24 14:22:32,118 : INFO : EventManager : Event: ======'machine_var_audits_switches_s_trough_5'====== Args={'value': 48, 'prev_value': None, 'change': True}
2026-04-24 14:22:32,119 : INFO : EventManager : Event: ======'machine_var_audits_switches_s_trough_6'====== Args={'value': 100, 'prev_value': None, 'change': True}
2026-04-24 14:22:32,119 : INFO : EventManager : Event: ======'machine_var_audits_switches_s_trough_jam'====== Args={'value': 73, 'prev_value': None, 'change': True}
2026-04-24 14:22:32,119 : INFO : EventManager : Event: ======'machine_var_audits_switches_s_u_lane_l'====== Args={'value': 1, 'prev_value': None, 'change': True}
2026-04-24 14:22:32,119 : INFO : EventManager : Event: ======'machine_var_audits_switches_s_u_lane_r'====== Args={'value': 1, 'prev_value': None, 'change': True}
2026-04-24 14:22:32,119 : INFO : EventManager : Event: ======'machine_var_audits_switches_s_u_rollover'====== Args={'value': 1, 'prev_value': None, 'change': True}
2026-04-24 14:22:32,119 : INFO : EventManager : Event: ======'machine_var_audits_switches_s_u_target'====== Args={'value': 1, 'prev_value': None, 'change': True}
2026-04-24 14:22:32,119 : INFO : EventManager : Event: ======'machine_var_audits_switches_s_vuk_back'====== Args={'value': 101, 'prev_value': None, 'change': True}
2026-04-24 14:22:32,119 : INFO : EventManager : Event: ======'machine_var_audits_switches_s_vuk_upper'====== Args={'value': 63, 'prev_value': None, 'change': True}
2026-04-24 14:22:32,119 : INFO : EventManager : Event: ======'init_phase_5'====== Args={}
2026-04-24 14:22:32,120 : INFO : EventManager : Event: ======'init_done'====== Args={}
2026-04-24 14:22:32,120 : INFO : EventManager : Event: ======'machine_reset_phase_1'====== Args={}
2026-04-24 14:22:32,132 : INFO : EventManager : Event: ======'machine_reset_phase_2'====== Args={}
2026-04-24 14:22:32,132 : INFO : EventManager : Event: ======'machine_reset_phase_3'====== Args={}
2026-04-24 14:22:32,132 : INFO : EventManager : Event: ======'diverter_d_middle_diverter_deactivating'====== Args={}
2026-04-24 14:22:32,132 : INFO : coil.c_diverter : Disabling Driver
2026-04-24 14:22:32,132 : INFO : EventManager : Event: ======'reset_complete'====== Args={}
2026-04-24 14:22:32,133 : INFO : EventManager : Event: ======'mode_attract_will_start'====== Args={}
2026-04-24 14:22:32,133 : INFO : EventManager : Event: ======'mode_attract_starting'====== Args={}
2026-04-24 14:22:32,133 : INFO : Mode.attract : Started. Priority: 10
2026-04-24 14:22:32,133 : INFO : EventManager : Event: ======'modes_active_modes_changed'====== Args={}
2026-04-24 14:22:32,133 : INFO : EventManager : Event: ======'mode_attract_started'====== Args={}
2026-04-24 14:22:32,134 : INFO : EventManager : Event: ======'collecting_balls_complete'====== Args={}
2026-04-24 14:22:32,134 : INFO : Machine : Starting the main run loop with active modes: [<Mode.attract>]
2026-04-24 14:22:32,150 : INFO : EventManager : Event: ======'slide_attract_fast_created'====== Args={'_from_bcp': True}
2026-04-24 14:22:32,150 : INFO : EventManager : Event: ======'slide__removed'====== Args={'_from_bcp': True}
2026-04-24 14:22:32,150 : INFO : EventManager : Event: ======'slide_attract_fast_active'====== Args={'calling_context': 0, 'cmd': 'slides_play', 'context': 'show_2', 'priority': 10, 'show_tokens': {}, 'start_time': 182649.289722291, '_from_bcp': True}
2026-04-24 14:22:32,632 : INFO : BcpServer : New client connected.
2026-04-24 14:22:32,635 : INFO : SwitchController : <<<<<<< 's_drop_m' active >>>>>>>
2026-04-24 14:22:32,635 : INFO : EventManager : Event: ======'playfield_active'====== Args={'source': 'r_drop_m_misc'}
2026-04-24 14:22:32,635 : INFO : EventManager : Event: ======'unexpected_ball_on_playfield'====== Args={}
2026-04-24 14:22:32,636 : INFO : EventManager : Event: ======'playfield_active'====== Args={'source': 'mid'}
2026-04-24 14:22:32,636 : INFO : EventManager : Event: ======'unexpected_ball_on_playfield'====== Args={}
2026-04-24 14:22:32,636 : INFO : EventManager : Event: ======'drop_target_mid_down'====== Args={'device': <drop_target.mid>}
2026-04-24 14:22:32,636 : INFO : EventManager : Event: ======'drop_target_bank_dt_bank_mixed'====== Args={'prev_value': <DropTargetBankState.UP: 'up'>, 'down': 1}
2026-04-24 14:22:32,636 : INFO : SwitchController : <<<<<<< 's_drop_m' inactive >>>>>>>
2026-04-24 14:22:32,637 : INFO : EventManager : Event: ======'playfield_active'====== Args={'source': 'mid'}
2026-04-24 14:22:32,637 : INFO : EventManager : Event: ======'unexpected_ball_on_playfield'====== Args={}
2026-04-24 14:22:32,637 : INFO : EventManager : Event: ======'drop_target_mid_up'====== Args={'device': <drop_target.mid>}
2026-04-24 14:22:32,637 : INFO : EventManager : Event: ======'drop_target_bank_dt_bank_up'====== Args={}
2026-04-24 14:22:32,637 : INFO : SwitchController : <<<<<<< 's_drop_m' active >>>>>>>
2026-04-24 14:22:32,637 : INFO : EventManager : Event: ======'playfield_active'====== Args={'source': 'r_drop_m_misc'}
2026-04-24 14:22:32,637 : INFO : EventManager : Event: ======'unexpected_ball_on_playfield'====== Args={}
2026-04-24 14:22:32,637 : INFO : EventManager : Event: ======'playfield_active'====== Args={'source': 'mid'}
2026-04-24 14:22:32,637 : INFO : EventManager : Event: ======'unexpected_ball_on_playfield'====== Args={}
2026-04-24 14:22:32,637 : INFO : EventManager : Event: ======'drop_target_mid_down'====== Args={'device': <drop_target.mid>}
2026-04-24 14:22:32,637 : INFO : EventManager : Event: ======'drop_target_bank_dt_bank_mixed'====== Args={'prev_value': <DropTargetBankState.UP: 'up'>, 'down': 1}
2026-04-24 14:22:32,637 : INFO : SwitchController : <<<<<<< 's_drop_m' inactive >>>>>>>
2026-04-24 14:22:32,637 : INFO : EventManager : Event: ======'playfield_active'====== Args={'source': 'mid'}
2026-04-24 14:22:32,638 : INFO : EventManager : Event: ======'unexpected_ball_on_playfield'====== Args={}
2026-04-24 14:22:32,638 : INFO : EventManager : Event: ======'drop_target_mid_up'====== Args={'device': <drop_target.mid>}
2026-04-24 14:22:32,638 : INFO : EventManager : Event: ======'drop_target_bank_dt_bank_up'====== Args={}
2026-04-24 14:22:32,638 : INFO : SwitchController : <<<<<<< 's_drop_l' active >>>>>>>
2026-04-24 14:22:32,638 : INFO : EventManager : Event: ======'playfield_active'====== Args={'source': 'r_drop_l_misc'}
2026-04-24 14:22:32,638 : INFO : EventManager : Event: ======'unexpected_ball_on_playfield'====== Args={}
2026-04-24 14:22:32,638 : INFO : EventManager : Event: ======'playfield_active'====== Args={'source': 'left'}
2026-04-24 14:22:32,638 : INFO : EventManager : Event: ======'unexpected_ball_on_playfield'====== Args={}
2026-04-24 14:22:32,638 : INFO : EventManager : Event: ======'drop_target_left_down'====== Args={'device': <drop_target.left>}
2026-04-24 14:22:32,638 : INFO : EventManager : Event: ======'drop_target_bank_dt_bank_mixed'====== Args={'prev_value': <DropTargetBankState.UP: 'up'>, 'down': 1}
2026-04-24 14:22:32,638 : INFO : SwitchController : <<<<<<< 's_drop_l' inactive >>>>>>>
2026-04-24 14:22:32,638 : INFO : EventManager : Event: ======'playfield_active'====== Args={'source': 'left'}
2026-04-24 14:22:32,638 : INFO : EventManager : Event: ======'unexpected_ball_on_playfield'====== Args={}
2026-04-24 14:22:32,638 : INFO : EventManager : Event: ======'drop_target_left_up'====== Args={'device': <drop_target.left>}
2026-04-24 14:22:32,638 : INFO : EventManager : Event: ======'drop_target_bank_dt_bank_up'====== Args={}
2026-04-24 14:22:35,149 : INFO : EventManager : Event: ======'slide_attract_fast_created'====== Args={'_from_bcp': True}
2026-04-24 14:22:35,156 : INFO : EventManager : Event: ======'slide_attract_created'====== Args={'_from_bcp': True}
2026-04-24 14:22:35,156 : INFO : EventManager : Event: ======'slide_attract_fast_inactive'====== Args={'is_removing': True, '_from_bcp': True}
2026-04-24 14:22:35,156 : INFO : EventManager : Event: ======'slide_attract_active'====== Args={'calling_context': 1, 'cmd': 'slides_play', 'context': 'show_2', 'priority': 10, 'show_tokens': {}, 'start_time': 182652.289722291, '_from_bcp': True}
2026-04-24 14:22:35,156 : INFO : EventManager : Event: ======'slide_attract_fast_removed'====== Args={'_from_bcp': True}
2026-04-24 14:22:36,026 : INFO : SwitchController : <<<<<<< 's_trough_3' active >>>>>>>
2026-04-24 14:22:36,119 : INFO : SwitchController : <<<<<<< 's_trough_3' inactive >>>>>>>
2026-04-24 14:22:36,406 : INFO : SwitchController : <<<<<<< 's_trough_3' active >>>>>>>
2026-04-24 14:22:36,907 : INFO : EventManager : Event: ======'balldevice_bd_trough_ball_count_changed'====== Args={'balls': 1}
2026-04-24 14:22:36,908 : INFO : ball_device.bd_trough : Received unexpected ball
2026-04-24 14:22:36,908 : INFO : EventManager : Event: ======'balldevice_captured_from_playfield'====== Args={'balls': 1}
2026-04-24 14:22:36,908 : INFO : EventManager : Event: ======'sw_playfield_active'====== Args={'balls': 1}
2026-04-24 14:22:36,908 : INFO : EventManager : Event: ======'playfield_active'====== Args={'source': None}
2026-04-24 14:22:36,908 : INFO : EventManager : Event: ======'unexpected_ball_on_playfield'====== Args={}
2026-04-24 14:22:36,908 : INFO : EventManager : Event: ======'playfield_ball_count_change'====== Args={'balls': -1, 'change': -1}
2026-04-24 14:22:36,908 : INFO : EventManager : Event: ======'balldevice_playfield_ball_enter'====== Args={'new_balls': 1, 'unclaimed_balls': 1, 'device': <playfield.playfield>}
2026-04-24 14:22:36,908 : INFO : EventManager : Event: ======'playfield_ball_count_change'====== Args={'balls': 0, 'change': 1}
2026-04-24 14:22:36,908 : INFO : BallController : Found a new ball which was captured from playfield. Known balls: 1
2026-04-24 14:22:36,908 : INFO : EventManager : Event: ======'found_new_ball'====== Args={}
2026-04-24 14:22:36,908 : INFO : EventManager : Event: ======'balldevice_bd_trough_ball_enter'====== Args={'new_balls': 1, 'unclaimed_balls': 1, 'new_available_balls': 1, 'device': <ball_device.bd_trough>}
2026-04-24 14:22:36,908 : INFO : EventManager : Event: ======'ball_drain'====== Args={'device': <ball_device.bd_trough>, 'balls': 1}
2026-04-24 14:22:36,908 : INFO : EventManager : Event: ======'balldevice_balls_available'====== Args={}
2026-04-24 14:22:36,909 : INFO : EventManager : Event: ======'balldevice_bd_trough_ball_entered'====== Args={'new_balls': 1, 'device': <ball_device.bd_trough>}
2026-04-24 14:22:37,464 : INFO : SwitchController : <<<<<<< 's_trough_4' active >>>>>>>
2026-04-24 14:22:37,967 : INFO : EventManager : Event: ======'balldevice_bd_trough_ball_count_changed'====== Args={'balls': 2}
2026-04-24 14:22:37,967 : INFO : ball_device.bd_trough : Received unexpected ball
2026-04-24 14:22:37,967 : INFO : EventManager : Event: ======'balldevice_captured_from_playfield'====== Args={'balls': 1}
2026-04-24 14:22:37,967 : INFO : EventManager : Event: ======'sw_playfield_active'====== Args={'balls': 1}
2026-04-24 14:22:37,967 : INFO : EventManager : Event: ======'playfield_active'====== Args={'source': None}
2026-04-24 14:22:37,968 : INFO : EventManager : Event: ======'unexpected_ball_on_playfield'====== Args={}
2026-04-24 14:22:37,968 : INFO : EventManager : Event: ======'playfield_ball_count_change'====== Args={'balls': -1, 'change': -1}
2026-04-24 14:22:37,968 : INFO : EventManager : Event: ======'balldevice_playfield_ball_enter'====== Args={'new_balls': 1, 'unclaimed_balls': 1, 'device': <playfield.playfield>}
2026-04-24 14:22:37,968 : INFO : EventManager : Event: ======'playfield_ball_count_change'====== Args={'balls': 0, 'change': 1}
2026-04-24 14:22:37,968 : INFO : BallController : Found a new ball which was captured from playfield. Known balls: 2
2026-04-24 14:22:37,968 : INFO : EventManager : Event: ======'found_new_ball'====== Args={}
2026-04-24 14:22:37,968 : INFO : EventManager : Event: ======'balldevice_bd_trough_ball_enter'====== Args={'new_balls': 1, 'unclaimed_balls': 1, 'new_available_balls': 1, 'device': <ball_device.bd_trough>}
2026-04-24 14:22:37,968 : INFO : EventManager : Event: ======'ball_drain'====== Args={'device': <ball_device.bd_trough>, 'balls': 1}
2026-04-24 14:22:37,968 : INFO : EventManager : Event: ======'balldevice_balls_available'====== Args={}
2026-04-24 14:22:37,968 : INFO : EventManager : Event: ======'balldevice_bd_trough_ball_entered'====== Args={'new_balls': 1, 'device': <ball_device.bd_trough>}
2026-04-24 14:22:38,147 : INFO : EventManager : Event: ======'slide_attract_inactive'====== Args={'is_removing': True, '_from_bcp': True}
2026-04-24 14:22:38,147 : INFO : EventManager : Event: ======'slide_attract_fast_active'====== Args={'_from_bcp': True}
2026-04-24 14:22:38,148 : INFO : EventManager : Event: ======'slide_attract_removed'====== Args={'_from_bcp': True}
2026-04-24 14:22:39,024 : INFO : SwitchController : <<<<<<< 's_start' active >>>>>>>
2026-04-24 14:22:39,135 : INFO : SwitchController : <<<<<<< 's_start' inactive >>>>>>>
2026-04-24 14:22:39,135 : INFO : EventManager : Event: ======'request_to_start_game'====== Args={}
2026-04-24 14:22:39,135 : INFO : EventManager : Event: ======'game_start'====== Args={'buttons': [], 'hold_time': 0.11102120898431167}
2026-04-24 14:22:39,135 : INFO : EventManager : Event: ======'mode_game_will_start'====== Args={'buttons': [], 'hold_time': 0.11102120898431167}
2026-04-24 14:22:39,136 : INFO : EventManager : Event: ======'mode_game_starting'====== Args={'buttons': [], 'hold_time': 0.11102120898431167}
2026-04-24 14:22:39,136 : INFO : EventManager : Event: ======'mode_attract_will_stop'====== Args={}
2026-04-24 14:22:39,136 : INFO : EventManager : Event: ======'mode_attract_stopping'====== Args={}
2026-04-24 14:22:39,136 : INFO : Mode.attract : Stopped.
2026-04-24 14:22:39,136 : INFO : EventManager : Event: ======'modes_active_modes_changed'====== Args={}
2026-04-24 14:22:39,136 : INFO : EventManager : Event: ======'mode_attract_stopped'====== Args={}
2026-04-24 14:22:39,137 : INFO : EventManager : Event: ======'clear'====== Args={'key': 'attract'}
2026-04-24 14:22:39,137 : INFO : Mode.game : Started. Priority: 20
2026-04-24 14:22:39,137 : INFO : EventManager : Event: ======'modes_active_modes_changed'====== Args={}
2026-04-24 14:22:39,137 : INFO : EventManager : Event: ======'mode_game_started'====== Args={'buttons': [], 'hold_time': 0.11102120898431167}
2026-04-24 14:22:39,137 : INFO : EventManager : Event: ======'game_will_start'====== Args={}
2026-04-24 14:22:39,137 : INFO : EventManager : Event: ======'game_starting'====== Args={'game': <Mode.game>}
2026-04-24 14:22:39,137 : INFO : EventManager : Unordered handler for class <Auditor> on event game_ended with priority 1. Handlers: [RegisteredHandler(callback=<bound method Auditor.disable of <Auditor>>, priority=1, kwargs={}, key=UUID('a208cd9a-1a7d-4f5f-8eda-5260dda22d3f'), condition=None, blocking_facility=None), RegisteredHandler(callback=<bound method Auditor._save_audits of <Auditor>>, priority=1, kwargs={}, key=UUID('8a372b35-e731-4255-806c-8e70b468edaf'), condition=None, blocking_facility=None)]. The order of those handlers is not defined and they will be executed in random order. This might lead to race conditions and potential bugs.
2026-04-24 14:22:39,138 : INFO : EventManager : Event: ======'player_add_request'====== Args={}
2026-04-24 14:22:39,138 : INFO : EventManager : Event: ======'player_will_add'====== Args={'number': 1}
2026-04-24 14:22:39,138 : INFO : EventManager : Event: ======'player_adding'====== Args={'player': <Player 1>, 'number': 1}
2026-04-24 14:22:39,138 : INFO : EventManager : Event: ======'player_added'====== Args={'player': <Player 1>, 'num': 1}
2026-04-24 14:22:39,138 : INFO : Mode.game : Player added successfully. Total players: 1
2026-04-24 14:22:39,138 : INFO : EventManager : Event: ======'player_index'====== Args={'value': 0, 'prev_value': 0, 'change': 0, 'player_num': 1}
2026-04-24 14:22:39,138 : INFO : EventManager : Event: ======'player_number'====== Args={'value': 1, 'prev_value': 1, 'change': 0, 'player_num': 1}
2026-04-24 14:22:39,138 : INFO : EventManager : Event: ======'player_score'====== Args={'value': 0, 'prev_value': 0, 'change': 0, 'player_num': 1}
2026-04-24 14:22:39,138 : INFO : EventManager : Event: ======'game_started'====== Args={}
2026-04-24 14:22:39,138 : INFO : EventManager : Event: ======'player_turn_will_start'====== Args={'player': <Player 1>, 'number': 1}
2026-04-24 14:22:39,138 : INFO : EventManager : Event: ======'player_turn_starting'====== Args={'player': <Player 1>, 'number': 1}
2026-04-24 14:22:39,140 : INFO : EventManager : Event: ======'player_ball'====== Args={'value': 1, 'prev_value': 0, 'change': 1, 'player_num': 1}
2026-04-24 14:22:39,141 : INFO : EventManager : Event: ======'player_turn_started'====== Args={'player': <Player 1>, 'number': 1}
2026-04-24 14:22:39,141 : INFO : EventManager : Event: ======'ball_will_start'====== Args={'player': 1, 'ball': 1, 'balls_remaining': 2, 'is_extra_ball': False}
2026-04-24 14:22:39,141 : INFO : EventManager : Event: ======'ball_starting'====== Args={'player': 1, 'ball': 1, 'balls_remaining': 2, 'is_extra_ball': False}
2026-04-24 14:22:39,141 : INFO : EventManager : Event: ======'mode_misc_launch_shows_will_start'====== Args={'queue': <QueuedEvent>, 'player': 1, 'ball': 1, 'balls_remaining': 2, 'is_extra_ball': False}
2026-04-24 14:22:39,141 : INFO : EventManager : Event: ======'mode_misc_launch_shows_starting'====== Args={'queue': <QueuedEvent>, 'player': 1, 'ball': 1, 'balls_remaining': 2, 'is_extra_ball': False}
2026-04-24 14:22:39,141 : INFO : EventManager : Event: ======'mode_diverter_activation_will_start'====== Args={'queue': <QueuedEvent>, 'player': 1, 'ball': 1, 'balls_remaining': 2, 'is_extra_ball': False}
2026-04-24 14:22:39,141 : INFO : EventManager : Event: ======'player_shot_r_orbit_small_r_div_enabled'====== Args={'value': True, 'prev_value': 0, 'change': 1, 'player_num': 1}
2026-04-24 14:22:39,141 : INFO : EventManager : Event: ======'player_shot_r_orbit_small_l_div_enabled'====== Args={'value': True, 'prev_value': 0, 'change': 1, 'player_num': 1}
2026-04-24 14:22:39,142 : INFO : EventManager : Event: ======'player_shot_r_captive_l_div_enabled'====== Args={'value': True, 'prev_value': 0, 'change': 1, 'player_num': 1}
2026-04-24 14:22:39,142 : INFO : EventManager : Event: ======'player_shot_r_stationary_r_div_enabled'====== Args={'value': True, 'prev_value': 0, 'change': 1, 'player_num': 1}
2026-04-24 14:22:39,142 : INFO : EventManager : Event: ======'mode_diverter_activation_starting'====== Args={'queue': <QueuedEvent>, 'player': 1, 'ball': 1, 'balls_remaining': 2, 'is_extra_ball': False}
2026-04-24 14:22:39,142 : INFO : EventManager : Event: ======'mode_base_will_start'====== Args={'queue': <QueuedEvent>, 'player': 1, 'ball': 1, 'balls_remaining': 2, 'is_extra_ball': False}
2026-04-24 14:22:39,142 : INFO : EventManager : Event: ======'player_shot_r_orbit_small_r_base_enabled'====== Args={'value': True, 'prev_value': 0, 'change': 1, 'player_num': 1}
2026-04-24 14:22:39,142 : INFO : EventManager : Event: ======'player_shot_r_orbit_small_l_base_enabled'====== Args={'value': True, 'prev_value': 0, 'change': 1, 'player_num': 1}
2026-04-24 14:22:39,142 : INFO : EventManager : Event: ======'player_shot_r_pop_enabled'====== Args={'value': True, 'prev_value': 0, 'change': 1, 'player_num': 1}
2026-04-24 14:22:39,143 : INFO : EventManager : Event: ======'player_shot_r_sling_l_enabled'====== Args={'value': True, 'prev_value': 0, 'change': 1, 'player_num': 1}
2026-04-24 14:22:39,143 : INFO : EventManager : Event: ======'player_shot_r_sling_r_enabled'====== Args={'value': True, 'prev_value': 0, 'change': 1, 'player_num': 1}
2026-04-24 14:22:39,143 : INFO : EventManager : Event: ======'player_shot_r_scoop_enabled'====== Args={'value': True, 'prev_value': 0, 'change': 1, 'player_num': 1}
2026-04-24 14:22:39,143 : INFO : EventManager : Event: ======'mode_base_starting'====== Args={'queue': <QueuedEvent>, 'player': 1, 'ball': 1, 'balls_remaining': 2, 'is_extra_ball': False}
2026-04-24 14:22:39,143 : INFO : EventManager : Event: ======'mode_misc_drop_bank_will_start'====== Args={'queue': <QueuedEvent>, 'player': 1, 'ball': 1, 'balls_remaining': 2, 'is_extra_ball': False}
2026-04-24 14:22:39,143 : INFO : EventManager : Event: ======'player_shot_r_drop_l_misc_enabled'====== Args={'value': True, 'prev_value': 0, 'change': 1, 'player_num': 1}
2026-04-24 14:22:39,143 : INFO : EventManager : Event: ======'player_shot_r_drop_m_misc_enabled'====== Args={'value': True, 'prev_value': 0, 'change': 1, 'player_num': 1}
2026-04-24 14:22:39,144 : INFO : EventManager : Event: ======'player_shot_r_drop_r_misc_enabled'====== Args={'value': True, 'prev_value': 0, 'change': 1, 'player_num': 1}
2026-04-24 14:22:39,144 : INFO : EventManager : Event: ======'sg_drops_misc_complete'====== Args={'state': 'drop_lit'}
2026-04-24 14:22:39,144 : INFO : EventManager : Event: ======'sg_drops_misc_drop_lit_complete'====== Args={}
2026-04-24 14:22:39,144 : INFO : EventManager : Event: ======'mode_misc_drop_bank_starting'====== Args={'queue': <QueuedEvent>, 'player': 1, 'ball': 1, 'balls_remaining': 2, 'is_extra_ball': False}
2026-04-24 14:22:39,144 : INFO : Mode.misc_drop_bank : Started. Priority: 100
2026-04-24 14:22:39,144 : INFO : EventManager : Event: ======'modes_active_modes_changed'====== Args={}
2026-04-24 14:22:39,144 : INFO : EventManager : Event: ======'mode_misc_drop_bank_started'====== Args={'queue': <QueuedEvent>, 'player': 1, 'ball': 1, 'balls_remaining': 2, 'is_extra_ball': False}
2026-04-24 14:22:39,144 : INFO : Mode.base : Started. Priority: 100
2026-04-24 14:22:39,144 : INFO : EventManager : Event: ======'modes_active_modes_changed'====== Args={}
2026-04-24 14:22:39,144 : INFO : EventManager : Event: ======'mode_base_started'====== Args={'queue': <QueuedEvent>, 'player': 1, 'ball': 1, 'balls_remaining': 2, 'is_extra_ball': False}
2026-04-24 14:22:39,144 : INFO : Mode.diverter_activation : Started. Priority: 101
2026-04-24 14:22:39,144 : INFO : EventManager : Event: ======'modes_active_modes_changed'====== Args={}
2026-04-24 14:22:39,144 : INFO : EventManager : Event: ======'mode_diverter_activation_started'====== Args={'queue': <QueuedEvent>, 'player': 1, 'ball': 1, 'balls_remaining': 2, 'is_extra_ball': False}
2026-04-24 14:22:39,145 : INFO : EventManager : Event: ======'player_v_right_ramp'====== Args={'value': 0, 'prev_value': 0, 'change': 0, 'player_num': 1, 'source': 'diverter_activation'}
2026-04-24 14:22:39,145 : INFO : Mode.misc_launch_shows : Started. Priority: 1000
2026-04-24 14:22:39,145 : INFO : EventManager : Event: ======'modes_active_modes_changed'====== Args={}
2026-04-24 14:22:39,145 : INFO : EventManager : Event: ======'mode_misc_launch_shows_started'====== Args={'queue': <QueuedEvent>, 'player': 1, 'ball': 1, 'balls_remaining': 2, 'is_extra_ball': False}
2026-04-24 14:22:39,145 : INFO : EventManager : Event: ======'balls_in_play'====== Args={'balls': 1}
2026-04-24 14:22:39,145 : INFO : EventManager : Event: ======'ball_started'====== Args={'player': 1, 'ball': 1, 'balls_remaining': 2, 'is_extra_ball': False}
2026-04-24 14:22:39,145 : INFO : EventManager : Event: ======'diverter_d_middle_diverter_enabling'====== Args={'auto': False}
2026-04-24 14:22:39,145 : INFO : drop_target_bank.dt_bank : All targets are already up. Will not reset bank.
2026-04-24 14:22:39,146 : INFO : EventManager : Event: ======'single_player_ball_started'====== Args={}
2026-04-24 14:22:39,148 : INFO : EventManager : Event: ======'ball_start_target'====== Args={'target': 'playfield'}
2026-04-24 14:22:39,151 : INFO : ball_device.bd_autolauncher : Setting up player-controlled eject. Balls: 1, Target: <playfield.playfield>, player_controlled_eject_event: sw_launch
2026-04-24 14:22:39,151 : INFO : EventManager : Event: ======'balldevice_balls_available'====== Args={}
2026-04-24 14:22:39,151 : INFO : ball_device.bd_trough : State: waiting_for_target_ready
2026-04-24 14:22:39,151 : INFO : EventManager : Event: ======'balldevice_bd_trough_ball_eject_attempt'====== Args={'balls': 1, 'target': <ball_device.bd_autolauncher>, 'source': <ball_device.bd_trough>, 'mechanical_eject': True, 'num_attempts': 0}
2026-04-24 14:22:39,152 : INFO : ball_device.bd_autolauncher : State: waiting_for_ball
2026-04-24 14:22:39,152 : INFO : ball_device.bd_trough : State: ejecting
2026-04-24 14:22:39,152 : INFO : ball_device.bd_trough : Ejecting ball to <ball_device.bd_autolauncher>
2026-04-24 14:22:39,152 : INFO : EventManager : Event: ======'balldevice_bd_trough_ejecting_ball'====== Args={'balls': 1, 'target': <ball_device.bd_autolauncher>, 'source': <ball_device.bd_trough>, 'mechanical_eject': True, 'num_attempts': 0}
2026-04-24 14:22:39,152 : INFO : ball_device.bd_trough : Wait for ball to leave device
2026-04-24 14:22:39,152 : INFO : coil.c_trough : Pulsing Driver for 12ms (1.0 pulse_power)
2026-04-24 14:22:39,211 : INFO : EventManager : Event: ======'slide_base_created'====== Args={'_from_bcp': True}
2026-04-24 14:22:39,211 : INFO : EventManager : Event: ======'slide_attract_fast_inactive'====== Args={'is_removing': True, '_from_bcp': True}
2026-04-24 14:22:39,211 : INFO : EventManager : Event: ======'slide_base_active'====== Args={'original_context': 'base', 'original_calling_context': 'mode_base_started', 'priority': 100.0, 'queue': '<QueuedEvent>', 'player': 1.0, 'ball': 1.0, 'balls_remaining': 2.0, 'is_extra_ball': False, 'cmd': 'slides_play', '_from_bcp': True}
2026-04-24 14:22:39,211 : INFO : EventManager : Event: ======'slide_attract_fast_removed'====== Args={'_from_bcp': True}
2026-04-24 14:22:39,212 : INFO : EventManager : Event: ======'slide_launch_slide_created'====== Args={'_from_bcp': True}
2026-04-24 14:22:39,212 : INFO : EventManager : Event: ======'slide_base_inactive'====== Args={'is_removing': False, '_from_bcp': True}
2026-04-24 14:22:39,212 : INFO : EventManager : Event: ======'slide_launch_slide_active'====== Args={'original_context': 'misc_launch_shows', 'original_calling_context': 'mode_misc_launch_shows_started', 'priority': 1000.0, 'queue': '<QueuedEvent>', 'player': 1.0, 'ball': 1.0, 'balls_remaining': 2.0, 'is_extra_ball': False, 'cmd': 'slides_play', '_from_bcp': True}
2026-04-24 14:22:40,153 : INFO : EventManager : Event: ======'balldevice_bd_trough_ball_eject_failed'====== Args={'target': <ball_device.bd_autolauncher>, 'balls': 1, 'retry': True, 'num_attempts': 1}
2026-04-24 14:22:40,155 : INFO : ball_device.bd_trough : State: waiting_for_target_ready
2026-04-24 14:22:40,155 : INFO : EventManager : Event: ======'balldevice_bd_trough_ball_eject_attempt'====== Args={'balls': 1, 'target': <ball_device.bd_autolauncher>, 'source': <ball_device.bd_trough>, 'mechanical_eject': True, 'num_attempts': 1}
2026-04-24 14:22:40,155 : INFO : ball_device.bd_trough : State: ejecting
2026-04-24 14:22:40,155 : INFO : ball_device.bd_trough : Ejecting ball to <ball_device.bd_autolauncher>
2026-04-24 14:22:40,156 : INFO : EventManager : Event: ======'balldevice_bd_trough_ejecting_ball'====== Args={'balls': 1, 'target': <ball_device.bd_autolauncher>, 'source': <ball_device.bd_trough>, 'mechanical_eject': True, 'num_attempts': 1}
2026-04-24 14:22:40,158 : INFO : ball_device.bd_trough : Wait for ball to leave device
2026-04-24 14:22:40,159 : INFO : coil.c_trough : Pulsing Driver for 12ms (1.0 pulse_power)
2026-04-24 14:22:41,160 : INFO : EventManager : Event: ======'balldevice_bd_trough_ball_eject_failed'====== Args={'target': <ball_device.bd_autolauncher>, 'balls': 1, 'retry': True, 'num_attempts': 2}
2026-04-24 14:22:41,162 : INFO : ball_device.bd_trough : State: waiting_for_target_ready
2026-04-24 14:22:41,163 : INFO : EventManager : Event: ======'balldevice_bd_trough_ball_eject_attempt'====== Args={'balls': 1, 'target': <ball_device.bd_autolauncher>, 'source': <ball_device.bd_trough>, 'mechanical_eject': True, 'num_attempts': 2}
2026-04-24 14:22:41,164 : INFO : ball_device.bd_trough : State: ejecting
2026-04-24 14:22:41,164 : INFO : ball_device.bd_trough : Ejecting ball to <ball_device.bd_autolauncher>
2026-04-24 14:22:41,167 : INFO : EventManager : Event: ======'balldevice_bd_trough_ejecting_ball'====== Args={'balls': 1, 'target': <ball_device.bd_autolauncher>, 'source': <ball_device.bd_trough>, 'mechanical_eject': True, 'num_attempts': 2}
2026-04-24 14:22:41,169 : INFO : ball_device.bd_trough : Wait for ball to leave device
2026-04-24 14:22:41,169 : INFO : coil.c_trough : Pulsing Driver for 12ms (1.0 pulse_power)
2026-04-24 14:22:41,782 : INFO : SwitchController : <<<<<<< 's_trough_4' inactive >>>>>>>
2026-04-24 14:22:41,783 : INFO : ball_device.bd_trough : State: ball_left
2026-04-24 14:22:41,784 : INFO : ball_device.bd_trough : Ball left
2026-04-24 14:22:41,784 : INFO : ball_device.bd_trough : Wait for confirm with timeout 1.0
2026-04-24 14:22:42,786 : INFO : ball_device.bd_trough : State: failed_confirm
2026-04-24 14:22:42,786 : INFO : ball_device.bd_trough : Got timeout (1.0s) before confirm from <ball_device.bd_autolauncher>
2026-04-24 14:22:43,681 : INFO : SwitchController : <<<<<<< 's_autolauncher' active >>>>>>>
2026-04-24 14:22:43,681 : INFO : EventManager : Event: ======'machine_var_audits_switches_s_autolauncher'====== Args={'value': 130, 'prev_value': 129, 'change': 1}
2026-04-24 14:22:43,982 : INFO : ball_device.bd_autolauncher : Received ball from <ball_device.bd_trough>
2026-04-24 14:22:43,982 : INFO : EventManager : Event: ======'balldevice_bd_autolauncher_ball_enter'====== Args={'new_balls': 1, 'unclaimed_balls': 0, 'new_available_balls': 0, 'device': <ball_device.bd_autolauncher>}
2026-04-24 14:22:43,983 : INFO : EventManager : Event: ======'balldevice_bd_autolauncher_ball_entered'====== Args={'new_balls': 0, 'device': <ball_device.bd_autolauncher>}
2026-04-24 14:22:43,984 : INFO : EventManager : Event: ======'balldevice_bd_autolauncher_ball_count_changed'====== Args={'balls': 1}
2026-04-24 14:22:43,984 : INFO : ball_device.bd_trough : Eject successful
2026-04-24 14:22:43,985 : INFO : EventManager : Event: ======'balldevice_bd_trough_ball_eject_success'====== Args={'balls': 1, 'target': <ball_device.bd_autolauncher>}
2026-04-24 14:22:43,985 : INFO : EventManager : Event: ======'balldevice_bd_trough_ball_count_changed'====== Args={'balls': 1}
2026-04-24 14:22:43,986 : INFO : ball_device.bd_trough : State: idle
2026-04-24 14:22:43,986 : INFO : ball_device.bd_autolauncher : State: waiting_for_target_ready
2026-04-24 14:22:43,986 : INFO : EventManager : Event: ======'balldevice_bd_autolauncher_ball_eject_attempt'====== Args={'balls': 1, 'target': <playfield.playfield>, 'source': <ball_device.bd_autolauncher>, 'mechanical_eject': True, 'num_attempts': 0}
2026-04-24 14:22:43,987 : INFO : ball_device.bd_autolauncher : State: ejecting
2026-04-24 14:22:43,987 : INFO : ball_device.bd_autolauncher : Ejecting ball to <playfield.playfield>
2026-04-24 14:22:43,987 : INFO : EventManager : Event: ======'balldevice_bd_autolauncher_ejecting_ball'====== Args={'balls': 1, 'target': <playfield.playfield>, 'source': <ball_device.bd_autolauncher>, 'mechanical_eject': True, 'num_attempts': 0}
2026-04-24 14:22:43,988 : INFO : ball_device.bd_autolauncher : Wait for ball to leave device
2026-04-24 14:22:44,735 : INFO : SwitchController : <<<<<<< 's_launch' active >>>>>>>
2026-04-24 14:22:44,735 : INFO : EventManager : Event: ======'sw_launch'====== Args={}
2026-04-24 14:22:44,736 : INFO : EventManager : Event: ======'machine_var_audits_switches_s_launch'====== Args={'value': 148, 'prev_value': 147, 'change': 1}
2026-04-24 14:22:44,737 : INFO : coil.c_autolauncher : Pulsing Driver for 20ms (1.0 pulse_power)
2026-04-24 14:22:44,817 : INFO : SwitchController : <<<<<<< 's_launch' inactive >>>>>>>
2026-04-24 14:22:45,911 : INFO : SwitchController : <<<<<<< 's_autolauncher' inactive >>>>>>>
2026-04-24 14:22:45,913 : INFO : ball_device.bd_autolauncher : State: ball_left
2026-04-24 14:22:45,914 : INFO : ball_device.bd_autolauncher : Ball left
2026-04-24 14:22:45,914 : INFO : ball_device.bd_autolauncher : Wait for confirm with timeout 3.0
2026-04-24 14:22:48,906 : INFO : SwitchController : <<<<<<< 's_autolauncher' active >>>>>>>
2026-04-24 14:22:48,906 : INFO : EventManager : Event: ======'machine_var_audits_switches_s_autolauncher'====== Args={'value': 131, 'prev_value': 130, 'change': 1}
2026-04-24 14:22:48,915 : INFO : ball_device.bd_autolauncher : State: failed_confirm
2026-04-24 14:22:48,916 : INFO : ball_device.bd_autolauncher : Got timeout (3.0s) before confirm from <playfield.playfield>
2026-04-24 14:22:49,016 : INFO : ball_device.bd_autolauncher : Confirming eject because target is playfield and ball did not return.
2026-04-24 14:22:49,017 : INFO : ball_device.bd_autolauncher : Eject successful
2026-04-24 14:22:49,017 : INFO : EventManager : Event: ======'balldevice_bd_autolauncher_ball_eject_success'====== Args={'balls': 1, 'target': <playfield.playfield>}
2026-04-24 14:22:49,017 : INFO : EventManager : Event: ======'stop_launch_shows'====== Args={'priority': 0}
2026-04-24 14:22:49,017 : INFO : EventManager : Event: ======'balldevice_playfield_ball_enter'====== Args={'new_balls': 1, 'unclaimed_balls': 1, 'device': <playfield.playfield>}
2026-04-24 14:22:49,018 : INFO : EventManager : Event: ======'playfield_ball_count_change'====== Args={'balls': 1, 'change': 1}
2026-04-24 14:22:49,018 : INFO : EventManager : Event: ======'mode_misc_launch_shows_will_stop'====== Args={}
2026-04-24 14:22:49,018 : INFO : EventManager : Event: ======'mode_misc_launch_shows_stopping'====== Args={}
2026-04-24 14:22:49,018 : INFO : Mode.misc_launch_shows : Stopped.
2026-04-24 14:22:49,018 : INFO : EventManager : Event: ======'modes_active_modes_changed'====== Args={}
2026-04-24 14:22:49,018 : INFO : EventManager : Event: ======'mode_misc_launch_shows_stopped'====== Args={}
2026-04-24 14:22:49,019 : INFO : EventManager : Event: ======'clear'====== Args={'key': 'misc_launch_shows'}
2026-04-24 14:22:49,019 : INFO : EventManager : Event: ======'balldevice_bd_autolauncher_ball_count_changed'====== Args={'balls': 0}
2026-04-24 14:22:49,033 : INFO : EventManager : Event: ======'slide_launch_slide_inactive'====== Args={'is_removing': True, '_from_bcp': True}
2026-04-24 14:22:49,033 : INFO : EventManager : Event: ======'slide_base_active'====== Args={'_from_bcp': True}
2026-04-24 14:22:49,034 : INFO : EventManager : Event: ======'slide_launch_slide_removed'====== Args={'_from_bcp': True}
2026-04-24 14:22:49,206 : INFO : ball_device.bd_autolauncher : State: idle
2026-04-24 14:22:49,206 : INFO : EventManager : Event: ======'balldevice_bd_autolauncher_ball_count_changed'====== Args={'balls': 1}
2026-04-24 14:22:49,207 : INFO : ball_device.bd_autolauncher : Received unexpected ball
2026-04-24 14:22:49,207 : INFO : EventManager : Event: ======'balldevice_captured_from_playfield'====== Args={'balls': 1}
2026-04-24 14:22:49,208 : INFO : EventManager : Event: ======'sw_playfield_active'====== Args={'balls': 1}
2026-04-24 14:22:49,208 : INFO : EventManager : Event: ======'playfield_ball_count_change'====== Args={'balls': 0, 'change': -1}
2026-04-24 14:22:49,209 : INFO : EventManager : Event: ======'balldevice_bd_autolauncher_ball_enter'====== Args={'new_balls': 1, 'unclaimed_balls': 1, 'new_available_balls': 1, 'device': <ball_device.bd_autolauncher>}
2026-04-24 14:22:49,209 : INFO : ball_device.bd_autolauncher : Ejecting 1 unexpected balls using path deque([<ball_device.bd_autolauncher>, <playfield.playfield>])
2026-04-24 14:22:49,210 : INFO : EventManager : Event: ======'balldevice_balls_available'====== Args={}
2026-04-24 14:22:49,210 : INFO : EventManager : Event: ======'balldevice_balls_available'====== Args={}
2026-04-24 14:22:49,210 : INFO : EventManager : Event: ======'balldevice_bd_autolauncher_ball_entered'====== Args={'new_balls': 1, 'device': <ball_device.bd_autolauncher>}
2026-04-24 14:22:49,210 : INFO : ball_device.bd_autolauncher : State: waiting_for_target_ready
2026-04-24 14:22:49,211 : INFO : EventManager : Event: ======'balldevice_bd_autolauncher_ball_eject_attempt'====== Args={'balls': 1, 'target': <playfield.playfield>, 'source': <ball_device.bd_autolauncher>, 'mechanical_eject': False, 'num_attempts': 0}
2026-04-24 14:22:49,211 : INFO : ball_device.bd_autolauncher : State: ejecting
2026-04-24 14:22:49,211 : INFO : ball_device.bd_autolauncher : Ejecting ball to <playfield.playfield>
2026-04-24 14:22:49,211 : INFO : EventManager : Event: ======'balldevice_bd_autolauncher_ejecting_ball'====== Args={'balls': 1, 'target': <playfield.playfield>, 'source': <ball_device.bd_autolauncher>, 'mechanical_eject': False, 'num_attempts': 0}
2026-04-24 14:22:49,212 : INFO : ball_device.bd_autolauncher : Wait for ball to leave device
2026-04-24 14:22:49,212 : INFO : coil.c_autolauncher : Pulsing Driver for 20ms (1.0 pulse_power)
2026-04-24 14:22:50,344 : INFO : SwitchController : <<<<<<< 's_autolauncher' inactive >>>>>>>
2026-04-24 14:22:50,345 : INFO : ball_device.bd_autolauncher : State: ball_left
2026-04-24 14:22:50,346 : INFO : ball_device.bd_autolauncher : Ball left
2026-04-24 14:22:50,346 : INFO : ball_device.bd_autolauncher : Wait for confirm with timeout 3.0
2026-04-24 14:22:53,348 : INFO : ball_device.bd_autolauncher : State: failed_confirm
2026-04-24 14:22:53,348 : INFO : ball_device.bd_autolauncher : Got timeout (3.0s) before confirm from <playfield.playfield>
2026-04-24 14:22:53,450 : INFO : ball_device.bd_autolauncher : Confirming eject because target is playfield and ball did not return.
2026-04-24 14:22:53,450 : INFO : ball_device.bd_autolauncher : Eject successful
2026-04-24 14:22:53,450 : INFO : EventManager : Event: ======'balldevice_bd_autolauncher_ball_eject_success'====== Args={'balls': 1, 'target': <playfield.playfield>}
2026-04-24 14:22:53,451 : INFO : EventManager : Event: ======'balldevice_playfield_ball_enter'====== Args={'new_balls': 1, 'unclaimed_balls': 1, 'device': <playfield.playfield>}
2026-04-24 14:22:53,452 : INFO : EventManager : Event: ======'playfield_ball_count_change'====== Args={'balls': 1, 'change': 1}
2026-04-24 14:22:53,453 : INFO : EventManager : Event: ======'balldevice_bd_autolauncher_ball_count_changed'====== Args={'balls': 0}
2026-04-24 14:22:53,453 : INFO : ball_device.bd_autolauncher : State: idle
2026-04-24 14:23:00,952 : INFO : SwitchController : <<<<<<< 's_drop_r' active >>>>>>>
2026-04-24 14:23:00,952 : INFO : EventManager : Event: ======'s_drop_r_active'====== Args={}
2026-04-24 14:23:00,953 : INFO : EventManager : Event: ======'drop_target_right_down'====== Args={'device': <drop_target.right>}
2026-04-24 14:23:00,954 : INFO : EventManager : Event: ======'drop_target_bank_dt_bank_mixed'====== Args={'prev_value': <DropTargetBankState.UP: 'up'>, 'down': 1}
2026-04-24 14:23:00,954 : INFO : EventManager : Event: ======'machine_var_audits_switches_s_drop_r'====== Args={'value': 24, 'prev_value': 23, 'change': 1}
2026-04-24 14:23:00,955 : INFO : EventManager : Event: ======'player_shot_r_drop_r_misc'====== Args={'value': 1, 'prev_value': 0, 'change': 1, 'player_num': 1}
2026-04-24 14:23:00,956 : INFO : EventManager : Event: ======'machine_var_audits_shots_r_drop_r_misc'====== Args={'value': 17, 'prev_value': 16, 'change': 1}
2026-04-24 14:23:00,966 : INFO : EventManager : Event: ======'r_drop_r_misc_hit'====== Args={'profile': 'sp_drop_misc', 'state': 'drop_lit', 'advancing': True}
2026-04-24 14:23:00,967 : INFO : EventManager : Event: ======'r_drop_r_misc_sp_drop_misc_hit'====== Args={'profile': 'sp_drop_misc', 'state': 'drop_lit', 'advancing': True}
2026-04-24 14:23:00,967 : INFO : EventManager : Event: ======'r_drop_r_misc_sp_drop_misc_drop_lit_hit'====== Args={'profile': 'sp_drop_misc', 'state': 'drop_lit', 'advancing': True}
2026-04-24 14:23:00,967 : INFO : EventManager : Event: ======'r_drop_r_misc_drop_lit_hit'====== Args={'profile': 'sp_drop_misc', 'state': 'drop_lit', 'advancing': True}
2026-04-24 14:23:00,967 : INFO : EventManager : Event: ======'sg_drops_misc_hit'====== Args={'shot': 'r_drop_r_misc'}
2026-04-24 14:23:00,967 : INFO : EventManager : Event: ======'sg_drops_misc_drop_lit_hit'====== Args={'shot': 'r_drop_r_misc'}
2026-04-24 14:23:01,051 : INFO : SwitchController : <<<<<<< 's_drop_r' inactive >>>>>>>
2026-04-24 14:23:01,051 : INFO : EventManager : Event: ======'drop_target_right_up'====== Args={'device': <drop_target.right>}
2026-04-24 14:23:01,052 : INFO : EventManager : Event: ======'drop_target_bank_dt_bank_up'====== Args={}
2026-04-24 14:23:01,406 : INFO : SwitchController : <<<<<<< 's_drop_m' active >>>>>>>
2026-04-24 14:23:01,406 : INFO : EventManager : Event: ======'s_drop_m_active'====== Args={}
2026-04-24 14:23:01,406 : INFO : EventManager : Event: ======'drop_target_mid_down'====== Args={'device': <drop_target.mid>}
2026-04-24 14:23:01,407 : INFO : EventManager : Event: ======'drop_target_bank_dt_bank_mixed'====== Args={'prev_value': <DropTargetBankState.UP: 'up'>, 'down': 1}
2026-04-24 14:23:01,407 : INFO : EventManager : Event: ======'machine_var_audits_switches_s_drop_m'====== Args={'value': 37, 'prev_value': 36, 'change': 1}
2026-04-24 14:23:01,407 : INFO : EventManager : Event: ======'player_shot_r_drop_m_misc'====== Args={'value': 1, 'prev_value': 0, 'change': 1, 'player_num': 1}
2026-04-24 14:23:01,407 : INFO : EventManager : Event: ======'machine_var_audits_shots_r_drop_m_misc'====== Args={'value': 15, 'prev_value': 14, 'change': 1}
2026-04-24 14:23:01,408 : INFO : EventManager : Event: ======'r_drop_m_misc_hit'====== Args={'profile': 'sp_drop_misc', 'state': 'drop_lit', 'advancing': True}
2026-04-24 14:23:01,408 : INFO : EventManager : Event: ======'r_drop_m_misc_sp_drop_misc_hit'====== Args={'profile': 'sp_drop_misc', 'state': 'drop_lit', 'advancing': True}
2026-04-24 14:23:01,408 : INFO : EventManager : Event: ======'r_drop_m_misc_sp_drop_misc_drop_lit_hit'====== Args={'profile': 'sp_drop_misc', 'state': 'drop_lit', 'advancing': True}
2026-04-24 14:23:01,408 : INFO : EventManager : Event: ======'r_drop_m_misc_drop_lit_hit'====== Args={'profile': 'sp_drop_misc', 'state': 'drop_lit', 'advancing': True}
2026-04-24 14:23:01,408 : INFO : EventManager : Event: ======'sg_drops_misc_hit'====== Args={'shot': 'r_drop_m_misc'}
2026-04-24 14:23:01,408 : INFO : EventManager : Event: ======'sg_drops_misc_drop_lit_hit'====== Args={'shot': 'r_drop_m_misc'}
2026-04-24 14:23:01,501 : INFO : SwitchController : <<<<<<< 's_drop_m' inactive >>>>>>>
2026-04-24 14:23:01,501 : INFO : EventManager : Event: ======'drop_target_mid_up'====== Args={'device': <drop_target.mid>}
2026-04-24 14:23:01,502 : INFO : EventManager : Event: ======'drop_target_bank_dt_bank_up'====== Args={}
2026-04-24 14:23:01,852 : INFO : SwitchController : <<<<<<< 's_drop_l' active >>>>>>>
2026-04-24 14:23:01,852 : INFO : EventManager : Event: ======'s_drop_l_active'====== Args={}
2026-04-24 14:23:01,852 : INFO : EventManager : Event: ======'drop_target_left_down'====== Args={'device': <drop_target.left>}
2026-04-24 14:23:01,853 : INFO : EventManager : Event: ======'drop_target_bank_dt_bank_mixed'====== Args={'prev_value': <DropTargetBankState.UP: 'up'>, 'down': 1}
2026-04-24 14:23:01,853 : INFO : EventManager : Event: ======'machine_var_audits_switches_s_drop_l'====== Args={'value': 23, 'prev_value': 22, 'change': 1}
2026-04-24 14:23:01,853 : INFO : EventManager : Event: ======'player_shot_r_drop_l_misc'====== Args={'value': 1, 'prev_value': 0, 'change': 1, 'player_num': 1}
2026-04-24 14:23:01,854 : INFO : EventManager : Event: ======'machine_var_audits_shots_r_drop_l_misc'====== Args={'value': 15, 'prev_value': 14, 'change': 1}
2026-04-24 14:23:01,854 : INFO : EventManager : Event: ======'r_drop_l_misc_hit'====== Args={'profile': 'sp_drop_misc', 'state': 'drop_lit', 'advancing': True}
2026-04-24 14:23:01,854 : INFO : EventManager : Event: ======'r_drop_l_misc_sp_drop_misc_hit'====== Args={'profile': 'sp_drop_misc', 'state': 'drop_lit', 'advancing': True}
2026-04-24 14:23:01,854 : INFO : EventManager : Event: ======'r_drop_l_misc_sp_drop_misc_drop_lit_hit'====== Args={'profile': 'sp_drop_misc', 'state': 'drop_lit', 'advancing': True}
2026-04-24 14:23:01,855 : INFO : EventManager : Event: ======'r_drop_l_misc_drop_lit_hit'====== Args={'profile': 'sp_drop_misc', 'state': 'drop_lit', 'advancing': True}
2026-04-24 14:23:01,855 : INFO : EventManager : Event: ======'sg_drops_misc_complete'====== Args={'state': 'drop_hit'}
2026-04-24 14:23:01,855 : INFO : EventManager : Event: ======'sg_drops_misc_drop_hit_complete'====== Args={}
2026-04-24 14:23:01,855 : INFO : EventManager : Event: ======'enable_misc_drop_bank_lit'====== Args={'priority': 0}
2026-04-24 14:23:01,856 : INFO : EventManager : Event: ======'mode_misc_drop_bank_lit_will_start'====== Args={'priority': 0}
2026-04-24 14:23:01,856 : INFO : EventManager : Event: ======'player_shot_r_drop_behind_misc_enabled'====== Args={'value': True, 'prev_value': 0, 'change': 1, 'player_num': 1}
2026-04-24 14:23:01,857 : INFO : EventManager : Event: ======'mode_misc_drop_bank_lit_starting'====== Args={'priority': 0}
2026-04-24 14:23:01,857 : INFO : EventManager : Event: ======'sg_drops_misc_hit'====== Args={'shot': 'r_drop_l_misc'}
2026-04-24 14:23:01,857 : INFO : EventManager : Event: ======'sg_drops_misc_drop_lit_hit'====== Args={'shot': 'r_drop_l_misc'}
2026-04-24 14:23:01,857 : INFO : Mode.misc_drop_bank_lit : Started. Priority: 100
2026-04-24 14:23:01,857 : INFO : EventManager : Event: ======'modes_active_modes_changed'====== Args={}
2026-04-24 14:23:01,858 : INFO : EventManager : Event: ======'mode_misc_drop_bank_lit_started'====== Args={'priority': 0}
2026-04-24 14:23:01,953 : INFO : SwitchController : <<<<<<< 's_drop_l' inactive >>>>>>>
2026-04-24 14:23:01,953 : INFO : EventManager : Event: ======'drop_target_left_up'====== Args={'device': <drop_target.left>}
2026-04-24 14:23:01,953 : INFO : EventManager : Event: ======'drop_target_bank_dt_bank_up'====== Args={}
2026-04-24 14:23:03,489 : INFO : SwitchController : <<<<<<< 's_kicker_orbit' active >>>>>>>
2026-04-24 14:23:03,489 : INFO : EventManager : Event: ======'s_kicker_orbit_active'====== Args={}
2026-04-24 14:23:03,489 : INFO : EventManager : Event: ======'machine_var_audits_switches_s_kicker_orbit'====== Args={'value': 186, 'prev_value': 185, 'change': 1}
2026-04-24 14:23:03,490 : INFO : EventManager : Event: ======'machine_var_audits_shots_r_drop_behind_misc'====== Args={'value': 12, 'prev_value': 11, 'change': 1}
2026-04-24 14:23:03,499 : INFO : EventManager : Event: ======'r_drop_behind_misc_hit'====== Args={'profile': 'sp_drop_behind_misc', 'state': 'drop_behind_lit', 'advancing': False}
2026-04-24 14:23:03,500 : INFO : EventManager : Event: ======'r_drop_behind_misc_sp_drop_behind_misc_hit'====== Args={'profile': 'sp_drop_behind_misc', 'state': 'drop_behind_lit', 'advancing': False}
2026-04-24 14:23:03,500 : INFO : EventManager : Event: ======'r_drop_behind_misc_sp_drop_behind_misc_drop_behind_lit_hit'====== Args={'profile': 'sp_drop_behind_misc', 'state': 'drop_behind_lit', 'advancing': False}
2026-04-24 14:23:03,501 : INFO : EventManager : Event: ======'r_drop_behind_misc_drop_behind_lit_hit'====== Args={'profile': 'sp_drop_behind_misc', 'state': 'drop_behind_lit', 'advancing': False}
2026-04-24 14:23:03,501 : INFO : EventManager : Event: ======'reset_drop_bank'====== Args={'priority': 0}
2026-04-24 14:23:03,501 : INFO : EventManager : Event: ======'reset_sg_drops_misc'====== Args={'priority': 0}
2026-04-24 14:23:03,502 : INFO : EventManager : Event: ======'stop_misc_drop_bank_lit'====== Args={'priority': 0}
2026-04-24 14:23:03,502 : INFO : drop_target_bank.dt_bank : All targets are already up. Will not reset bank.
2026-04-24 14:23:03,502 : INFO : EventManager : Event: ======'player_shot_r_drop_l_misc'====== Args={'value': 0, 'prev_value': 1, 'change': -1, 'player_num': 1}
2026-04-24 14:23:03,503 : INFO : EventManager : Event: ======'player_shot_r_drop_m_misc'====== Args={'value': 0, 'prev_value': 1, 'change': -1, 'player_num': 1}
2026-04-24 14:23:03,503 : INFO : EventManager : Event: ======'player_shot_r_drop_r_misc'====== Args={'value': 0, 'prev_value': 1, 'change': -1, 'player_num': 1}
2026-04-24 14:23:03,503 : INFO : EventManager : Event: ======'sg_drops_misc_complete'====== Args={'state': 'drop_lit'}
2026-04-24 14:23:03,504 : INFO : EventManager : Event: ======'sg_drops_misc_drop_lit_complete'====== Args={}
2026-04-24 14:23:03,504 : INFO : EventManager : Event: ======'enable_misc_drop_bank_lit'====== Args={'priority': 0}
2026-04-24 14:23:03,504 : INFO : EventManager : Event: ======'mode_misc_drop_bank_lit_will_stop'====== Args={}
2026-04-24 14:23:03,504 : INFO : EventManager : Event: ======'mode_misc_drop_bank_lit_stopping'====== Args={}
2026-04-24 14:23:03,504 : INFO : Mode.misc_drop_bank_lit : Stopped.
2026-04-24 14:23:03,504 : INFO : EventManager : Event: ======'modes_active_modes_changed'====== Args={}
2026-04-24 14:23:03,504 : INFO : EventManager : Event: ======'mode_misc_drop_bank_lit_stopped'====== Args={}
2026-04-24 14:23:03,504 : INFO : EventManager : Event: ======'clear'====== Args={'key': 'misc_drop_bank_lit'}
2026-04-24 14:23:03,584 : INFO : SwitchController : <<<<<<< 's_kicker_orbit' inactive >>>>>>>
2026-04-24 14:33:11,112 : INFO : Machine : Shutting down...
2026-04-24 14:33:11,114 : INFO : EventManager : Event: ======'shutdown'====== Args={}
2026-04-24 14:33:11,120 : INFO : EventManager : Event: ======'mode_game_will_stop'====== Args={}
2026-04-24 14:33:11,120 : INFO : EventManager : Event: ======'mode_game_stopping'====== Args={}
2026-04-24 14:33:11,121 : INFO : EventManager : Event: ======'mode_diverter_activation_will_stop'====== Args={}
2026-04-24 14:33:11,121 : INFO : EventManager : Event: ======'mode_diverter_activation_stopping'====== Args={}
2026-04-24 14:33:11,121 : INFO : EventManager : Event: ======'mode_base_will_stop'====== Args={}
2026-04-24 14:33:11,121 : INFO : EventManager : Event: ======'mode_base_stopping'====== Args={}
2026-04-24 14:33:11,121 : INFO : EventManager : Event: ======'mode_misc_drop_bank_will_stop'====== Args={}
2026-04-24 14:33:11,121 : INFO : EventManager : Event: ======'mode_misc_drop_bank_stopping'====== Args={}
2026-04-24 14:33:11,121 : INFO : Mode.misc_drop_bank : Stopped.
2026-04-24 14:33:11,121 : INFO : EventManager : Event: ======'modes_active_modes_changed'====== Args={}
2026-04-24 14:33:11,121 : INFO : EventManager : Event: ======'mode_misc_drop_bank_stopped'====== Args={}
2026-04-24 14:33:11,121 : INFO : EventManager : Event: ======'clear'====== Args={'key': 'misc_drop_bank'}
2026-04-24 14:33:11,122 : INFO : Mode.base : Stopped.
2026-04-24 14:33:11,122 : INFO : EventManager : Event: ======'modes_active_modes_changed'====== Args={}
2026-04-24 14:33:11,124 : INFO : EventManager : Event: ======'mode_base_stopped'====== Args={}
2026-04-24 14:33:11,124 : INFO : EventManager : Event: ======'clear'====== Args={'key': 'base'}
2026-04-24 14:33:11,125 : INFO : Mode.diverter_activation : Stopped.
2026-04-24 14:33:11,125 : INFO : EventManager : Event: ======'modes_active_modes_changed'====== Args={}
2026-04-24 14:33:11,125 : INFO : EventManager : Event: ======'mode_diverter_activation_stopped'====== Args={}
2026-04-24 14:33:11,125 : INFO : EventManager : Event: ======'clear'====== Args={'key': 'diverter_activation'}
2026-04-24 14:33:11,125 : INFO : Mode.game : Stopped.
2026-04-24 14:33:11,125 : INFO : EventManager : Event: ======'modes_active_modes_changed'====== Args={}
2026-04-24 14:33:11,125 : INFO : EventManager : Event: ======'mode_game_stopped'====== Args={}
2026-04-24 14:33:11,125 : INFO : EventManager : Event: ======'clear'====== Args={'key': 'game'}
2026-04-24 14:33:11,127 : INFO : root : MPF run loop ended.
