2026-04-24 15:42:55,555 : INFO : root : Loading config.
2026-04-24 15:42:55,557 : INFO : YamlMultifileConfigLoader : Machine config file #1: config.yaml
2026-04-24 15:42:55,557 : INFO : ConfigProcessor : Loading config from cache: /var/folders/l2/q8hj_6s91xnb2jxg1sqm0h7r0000gn/T/9d21ea9a81fcfc5941f8ed75c4a080eb.mpf_cache
2026-04-24 15:42:55,584 : INFO : ConfigProcessor : Loading config from cache: /var/folders/l2/q8hj_6s91xnb2jxg1sqm0h7r0000gn/T/43115b802accf167344a214047a50cd4.mpf_cache
2026-04-24 15:42:55,585 : INFO : ConfigProcessor : Loading config from cache: /var/folders/l2/q8hj_6s91xnb2jxg1sqm0h7r0000gn/T/bd1387dfa7de7ffc5bacad015019c743.mpf_cache
2026-04-24 15:42:55,585 : INFO : ConfigProcessor : Loading config from cache: /var/folders/l2/q8hj_6s91xnb2jxg1sqm0h7r0000gn/T/d126ded0bd5e51d3c29826a335e85340.mpf_cache
2026-04-24 15:42:55,585 : INFO : ConfigProcessor : Loading config from cache: /var/folders/l2/q8hj_6s91xnb2jxg1sqm0h7r0000gn/T/be96f90f770b10caeac161802eebb966.mpf_cache
2026-04-24 15:42:55,586 : INFO : ConfigProcessor : Loading config from cache: /var/folders/l2/q8hj_6s91xnb2jxg1sqm0h7r0000gn/T/43115b802accf167344a214047a50cd4.mpf_cache
2026-04-24 15:42:55,586 : INFO : ConfigProcessor : Loading config from cache: /var/folders/l2/q8hj_6s91xnb2jxg1sqm0h7r0000gn/T/fb286bdec51e83b76c44a07e18af10e7.mpf_cache
2026-04-24 15:42:55,586 : WARNING : ConfigProcessor : Config file in cache changed: /Users/tannerpetch/Documents/GitHub/trashland_3/modes/misc_drop_bank/config/misc_drop_bank.yaml
2026-04-24 15:42:55,586 : INFO : ConfigProcessor : Loading config from file /Users/tannerpetch/Documents/GitHub/trashland_3/modes/misc_drop_bank/config/misc_drop_bank.yaml.
2026-04-24 15:42:55,587 : INFO : ConfigProcessor : Loading config: /Users/tannerpetch/Documents/GitHub/trashland_3/modes/misc_drop_bank/config/misc_drop_bank.yaml
2026-04-24 15:42:55,587 : INFO : ConfigProcessor : Config file cache created: /var/folders/l2/q8hj_6s91xnb2jxg1sqm0h7r0000gn/T/4a0392f72066fff3dac8952634b7a9cd.mpf_cache
2026-04-24 15:42:55,587 : INFO : ConfigProcessor : Loading config from cache: /var/folders/l2/q8hj_6s91xnb2jxg1sqm0h7r0000gn/T/9740e98676f8796777039fba8e7d5e82.mpf_cache
2026-04-24 15:42:55,588 : INFO : ConfigProcessor : Loading config from cache: /var/folders/l2/q8hj_6s91xnb2jxg1sqm0h7r0000gn/T/a181a17d50eb4ab7db55e27ff85926c7.mpf_cache
2026-04-24 15:42:55,588 : INFO : ConfigProcessor : Loading config from cache: /var/folders/l2/q8hj_6s91xnb2jxg1sqm0h7r0000gn/T/a4506495691bdf3563a8fd11a9d79f10.mpf_cache
2026-04-24 15:42:55,588 : INFO : ConfigProcessor : Loading config from cache: /var/folders/l2/q8hj_6s91xnb2jxg1sqm0h7r0000gn/T/7e62a906c63d3b7efc85393a80e94c06.mpf_cache
2026-04-24 15:42:55,588 : INFO : ConfigProcessor : Loading config from cache: /var/folders/l2/q8hj_6s91xnb2jxg1sqm0h7r0000gn/T/ca66b8f571437747b2f2875349d15af7.mpf_cache
2026-04-24 15:42:55,589 : INFO : ConfigProcessor : Loading config from cache: /var/folders/l2/q8hj_6s91xnb2jxg1sqm0h7r0000gn/T/eeaf33bcbaf1c79f59b4ab00525b4fda.mpf_cache
2026-04-24 15:42:55,589 : INFO : Machine : Mission Pinball Framework Core Engine v0.80.0.dev14
2026-04-24 15:42:55,589 : INFO : Machine : Command line arguments: {'no_load_cache': False, 'create_config_cache': True, 'bcp': False, 'configfile': ['config.yaml'], 'force_assets_load': False, 'platform_integration_test': False, 'jsonlogging': False, 'logfile': 'logs/2026-04-24-15-42-55-mpf-Tanners-Laptop.home.local.log', 'pause': False, 'production': False, 'text_ui': True, 'loglevel': 15, 'consoleloglevel': 20, 'force_platform': 'virtual', 'syslog_address': None, 'full_logfile_path': '/Users/tannerpetch/Documents/GitHub/trashland_3/logs/2026-04-24-15-42-55-mpf-Tanners-Laptop.home.local.log'}
2026-04-24 15:42:55,589 : INFO : Machine : MPF path: /Library/Frameworks/Python.framework/Versions/3.11/lib/python3.11/site-packages/mpf
2026-04-24 15:42:55,589 : INFO : Machine : Machine path: /Users/tannerpetch/Documents/GitHub/trashland_3
2026-04-24 15:42:55,589 : INFO : Machine : Platform: darwin
2026-04-24 15:42:55,589 : INFO : Machine : Python executable location: /Library/Frameworks/Python.framework/Versions/3.11/bin/python3.11
2026-04-24 15:42:55,589 : INFO : Machine : Python version: 3.11.9 (64-bit)
2026-04-24 15:42:55,589 : INFO : Machine : Initializing MPF...
2026-04-24 15:42:55,613 : INFO : EventManager : Event: ======'machine_var_credits_string'====== Args={'value': 'FREE PLAY', 'prev_value': None, 'change': True}
2026-04-24 15:42:55,618 : INFO : EventManager : Event: ======'machine_var_master_volume'====== Args={'value': 0.5, 'prev_value': None, 'change': True}
2026-04-24 15:42:55,618 : INFO : EventManager : Event: ======'machine_var_player1_score'====== Args={'value': 310, 'prev_value': None, 'change': True}
2026-04-24 15:42:55,618 : INFO : EventManager : Event: ======'machine_var_mpf_version'====== Args={'value': 'Mission Pinball Framework v0.80.0.dev14', 'prev_value': None, 'change': True}
2026-04-24 15:42:55,618 : INFO : EventManager : Event: ======'machine_var_mpf_extended_version'====== Args={'value': 'Mission Pinball Framework v0.80.0.dev14, Config version:6, Show version: 6, BCP version:1.1', 'prev_value': None, 'change': True}
2026-04-24 15:42:55,618 : INFO : EventManager : Event: ======'machine_var_python_version'====== Args={'value': '3.11.9', 'prev_value': None, 'change': True}
2026-04-24 15:42:55,626 : INFO : EventManager : Event: ======'machine_var_platform'====== Args={'value': 'macOS-14.3-arm64-arm-64bit', 'prev_value': None, 'change': True}
2026-04-24 15:42:55,626 : INFO : EventManager : Event: ======'machine_var_platform_system'====== Args={'value': 'Darwin', 'prev_value': None, 'change': True}
2026-04-24 15:42:55,626 : INFO : EventManager : Event: ======'machine_var_platform_release'====== Args={'value': '23.3.0', 'prev_value': None, 'change': True}
2026-04-24 15:42:55,626 : INFO : EventManager : Event: ======'machine_var_platform_version'====== Args={'value': 'Darwin Kernel Version 23.3.0: Thu Dec 21 02:29:41 PST 2023; root:xnu-10002.81.5~11/RELEASE_ARM64_T8122', 'prev_value': None, 'change': True}
2026-04-24 15:42:55,626 : INFO : EventManager : Event: ======'machine_var_platform_machine'====== Args={'value': 'arm64', 'prev_value': None, 'change': True}
2026-04-24 15:42:55,626 : INFO : EventManager : Event: ======'machine_var_log_file_path'====== Args={'value': '/Users/tannerpetch/Documents/GitHub/trashland_3/logs/2026-04-24-15-42-55-mpf-Tanners-Laptop.home.local.log', 'prev_value': None, 'change': True}
2026-04-24 15:42:55,626 : INFO : EventManager : Event: ======'init_phase_1'====== Args={}
2026-04-24 15:42:55,649 : INFO : EventManager : Event: ======'drop_target_bank_dt_single_up'====== Args={}
2026-04-24 15:42:55,649 : INFO : EventManager : Event: ======'drop_target_bank_dt_bank_up'====== Args={}
2026-04-24 15:42:55,650 : INFO : EventManager : Event: ======'init_phase_2'====== Args={}
2026-04-24 15:42:55,651 : INFO : ball_device.bd_scoop : BCH: Initial count: 0
2026-04-24 15:42:55,652 : INFO : ball_device.bd_scoop : State: idle
2026-04-24 15:42:55,652 : INFO : ball_device.bd_trough : BCH: Initial count: 0
2026-04-24 15:42:55,652 : INFO : ball_device.bd_trough : State: idle
2026-04-24 15:42:55,652 : INFO : ball_device.bd_autolauncher : BCH: Initial count: 0
2026-04-24 15:42:55,652 : INFO : ball_device.bd_autolauncher : State: idle
2026-04-24 15:42:55,652 : INFO : ball_device.bd_kicker_orbit : BCH: Initial count: 0
2026-04-24 15:42:55,652 : INFO : ball_device.bd_kicker_orbit : State: idle
2026-04-24 15:42:55,652 : INFO : ball_device.bd_lower_vuk : BCH: Initial count: 0
2026-04-24 15:42:55,652 : INFO : ball_device.bd_lower_vuk : State: idle
2026-04-24 15:42:55,652 : INFO : ball_device.bd_vuk_back : BCH: Initial count: 0
2026-04-24 15:42:55,653 : INFO : ball_device.bd_vuk_back : State: idle
2026-04-24 15:42:55,653 : INFO : ball_device.bd_vuk_upper : BCH: Initial count: 0
2026-04-24 15:42:55,653 : INFO : ball_device.bd_vuk_upper : State: idle
2026-04-24 15:42:55,653 : INFO : ball_device.bd_b_lock : BCH: Initial count: 0
2026-04-24 15:42:55,653 : INFO : ball_device.bd_b_lock : State: idle
2026-04-24 15:42:55,656 : INFO : EventManager : Event: ======'init_phase_3'====== Args={}
2026-04-24 15:42:55,658 : INFO : EventManager : Event: ======'init_phase_4'====== Args={}
2026-04-24 15:42:55,658 : INFO : BallController : Initial balls found: 0
2026-04-24 15:42:55,659 : INFO : EventManager : Event: ======'machine_var_audits_events_game_ended'====== Args={'value': 10, 'prev_value': None, 'change': True}
2026-04-24 15:42:55,659 : INFO : EventManager : Event: ======'machine_var_audits_events_game_started'====== Args={'value': 53, 'prev_value': None, 'change': True}
2026-04-24 15:42:55,659 : INFO : EventManager : Event: ======'machine_var_audits_missing_switches_s_autolauncher'====== Args={'value': 5, 'prev_value': None, 'change': True}
2026-04-24 15:42:55,659 : INFO : EventManager : Event: ======'machine_var_audits_missing_switches_s_b_eos'====== Args={'value': 18, 'prev_value': None, 'change': True}
2026-04-24 15:42:55,659 : INFO : EventManager : Event: ======'machine_var_audits_missing_switches_s_b_pop'====== Args={'value': 18, 'prev_value': None, 'change': True}
2026-04-24 15:42:55,659 : INFO : EventManager : Event: ======'machine_var_audits_missing_switches_s_b_rollover_interchange'====== Args={'value': 20, 'prev_value': None, 'change': True}
2026-04-24 15:42:55,659 : INFO : EventManager : Event: ======'machine_var_audits_missing_switches_s_b_rollover_loop'====== Args={'value': 19, 'prev_value': None, 'change': True}
2026-04-24 15:42:55,659 : INFO : EventManager : Event: ======'machine_var_audits_missing_switches_s_b_rollover_misc'====== Args={'value': 20, 'prev_value': None, 'change': True}
2026-04-24 15:42:55,659 : INFO : EventManager : Event: ======'machine_var_audits_missing_switches_s_b_target_left'====== Args={'value': 20, 'prev_value': None, 'change': True}
2026-04-24 15:42:55,659 : INFO : EventManager : Event: ======'machine_var_audits_missing_switches_s_b_target_right'====== Args={'value': 20, 'prev_value': None, 'change': True}
2026-04-24 15:42:55,659 : INFO : EventManager : Event: ======'machine_var_audits_missing_switches_s_bot'====== Args={'value': 20, 'prev_value': None, 'change': True}
2026-04-24 15:42:55,659 : INFO : EventManager : Event: ======'machine_var_audits_missing_switches_s_bot_mid'====== Args={'value': 18, 'prev_value': None, 'change': True}
2026-04-24 15:42:55,659 : INFO : EventManager : Event: ======'machine_var_audits_missing_switches_s_captive_l'====== Args={'value': 20, 'prev_value': None, 'change': True}
2026-04-24 15:42:55,659 : INFO : EventManager : Event: ======'machine_var_audits_missing_switches_s_captive_r'====== Args={'value': 20, 'prev_value': None, 'change': True}
2026-04-24 15:42:55,659 : INFO : EventManager : Event: ======'machine_var_audits_missing_switches_s_drop_single'====== Args={'value': 18, 'prev_value': None, 'change': True}
2026-04-24 15:42:55,659 : INFO : EventManager : Event: ======'machine_var_audits_missing_switches_s_flipper_but_l_1'====== Args={'value': 18, 'prev_value': None, 'change': True}
2026-04-24 15:42:55,659 : INFO : EventManager : Event: ======'machine_var_audits_missing_switches_s_flipper_but_l_2'====== Args={'value': 18, 'prev_value': None, 'change': True}
2026-04-24 15:42:55,659 : INFO : EventManager : Event: ======'machine_var_audits_missing_switches_s_flipper_but_r_1'====== Args={'value': 9, 'prev_value': None, 'change': True}
2026-04-24 15:42:55,659 : INFO : EventManager : Event: ======'machine_var_audits_missing_switches_s_flipper_but_r_2'====== Args={'value': 18, 'prev_value': None, 'change': True}
2026-04-24 15:42:55,659 : INFO : EventManager : Event: ======'machine_var_audits_missing_switches_s_flipper_l'====== Args={'value': 18, 'prev_value': None, 'change': True}
2026-04-24 15:42:55,659 : INFO : EventManager : Event: ======'machine_var_audits_missing_switches_s_flipper_r'====== Args={'value': 18, 'prev_value': None, 'change': True}
2026-04-24 15:42:55,659 : INFO : EventManager : Event: ======'machine_var_audits_missing_switches_s_flipper_upper_l'====== Args={'value': 18, 'prev_value': None, 'change': True}
2026-04-24 15:42:55,659 : INFO : EventManager : Event: ======'machine_var_audits_missing_switches_s_inlane_l'====== Args={'value': 51, 'prev_value': None, 'change': True}
2026-04-24 15:42:55,659 : INFO : EventManager : Event: ======'machine_var_audits_missing_switches_s_inlane_r'====== Args={'value': 18, 'prev_value': None, 'change': True}
2026-04-24 15:42:55,659 : INFO : EventManager : Event: ======'machine_var_audits_missing_switches_s_kicking_target'====== Args={'value': 18, 'prev_value': None, 'change': True}
2026-04-24 15:42:55,659 : INFO : EventManager : Event: ======'machine_var_audits_missing_switches_s_launch'====== Args={'value': 1, 'prev_value': None, 'change': True}
2026-04-24 15:42:55,659 : INFO : EventManager : Event: ======'machine_var_audits_missing_switches_s_lock_1'====== Args={'value': 24, 'prev_value': None, 'change': True}
2026-04-24 15:42:55,659 : INFO : EventManager : Event: ======'machine_var_audits_missing_switches_s_lock_2'====== Args={'value': 18, 'prev_value': None, 'change': True}
2026-04-24 15:42:55,659 : INFO : EventManager : Event: ======'machine_var_audits_missing_switches_s_lock_3'====== Args={'value': 18, 'prev_value': None, 'change': True}
2026-04-24 15:42:55,659 : INFO : EventManager : Event: ======'machine_var_audits_missing_switches_s_lower_orbit'====== Args={'value': 20, 'prev_value': None, 'change': True}
2026-04-24 15:42:55,659 : INFO : EventManager : Event: ======'machine_var_audits_missing_switches_s_lower_single'====== Args={'value': 20, 'prev_value': None, 'change': True}
2026-04-24 15:42:55,659 : INFO : EventManager : Event: ======'machine_var_audits_missing_switches_s_lower_sling'====== Args={'value': 18, 'prev_value': None, 'change': True}
2026-04-24 15:42:55,659 : INFO : EventManager : Event: ======'machine_var_audits_missing_switches_s_lower_transfer'====== Args={'value': 20, 'prev_value': None, 'change': True}
2026-04-24 15:42:55,659 : INFO : EventManager : Event: ======'machine_var_audits_missing_switches_s_lower_vuk'====== Args={'value': 18, 'prev_value': None, 'change': True}
2026-04-24 15:42:55,659 : INFO : EventManager : Event: ======'machine_var_audits_missing_switches_s_middle_scoop'====== Args={'value': 18, 'prev_value': None, 'change': True}
2026-04-24 15:42:55,659 : INFO : EventManager : Event: ======'machine_var_audits_missing_switches_s_orbit_small_l'====== Args={'value': 18, 'prev_value': None, 'change': True}
2026-04-24 15:42:55,659 : INFO : EventManager : Event: ======'machine_var_audits_missing_switches_s_orbit_small_r'====== Args={'value': 20, 'prev_value': None, 'change': True}
2026-04-24 15:42:55,659 : INFO : EventManager : Event: ======'machine_var_audits_missing_switches_s_outlane_l'====== Args={'value': 53, 'prev_value': None, 'change': True}
2026-04-24 15:42:55,659 : INFO : EventManager : Event: ======'machine_var_audits_missing_switches_s_outlane_r'====== Args={'value': 53, 'prev_value': None, 'change': True}
2026-04-24 15:42:55,659 : INFO : EventManager : Event: ======'machine_var_audits_missing_switches_s_pop'====== Args={'value': 18, 'prev_value': None, 'change': True}
2026-04-24 15:42:55,659 : INFO : EventManager : Event: ======'machine_var_audits_missing_switches_s_scissor_save'====== Args={'value': 20, 'prev_value': None, 'change': True}
2026-04-24 15:42:55,659 : INFO : EventManager : Event: ======'machine_var_audits_missing_switches_s_sling_l'====== Args={'value': 18, 'prev_value': None, 'change': True}
2026-04-24 15:42:55,659 : INFO : EventManager : Event: ======'machine_var_audits_missing_switches_s_start'====== Args={'value': 20, 'prev_value': None, 'change': True}
2026-04-24 15:42:55,659 : INFO : EventManager : Event: ======'machine_var_audits_missing_switches_s_stationary_l'====== Args={'value': 18, 'prev_value': None, 'change': True}
2026-04-24 15:42:55,659 : INFO : EventManager : Event: ======'machine_var_audits_missing_switches_s_stationary_m'====== Args={'value': 18, 'prev_value': None, 'change': True}
2026-04-24 15:42:55,659 : INFO : EventManager : Event: ======'machine_var_audits_missing_switches_s_stationary_r'====== Args={'value': 18, 'prev_value': None, 'change': True}
2026-04-24 15:42:55,659 : INFO : EventManager : Event: ======'machine_var_audits_missing_switches_s_subway'====== Args={'value': 18, 'prev_value': None, 'change': True}
2026-04-24 15:42:55,659 : INFO : EventManager : Event: ======'machine_var_audits_missing_switches_s_tilt'====== Args={'value': 20, 'prev_value': None, 'change': True}
2026-04-24 15:42:55,659 : INFO : EventManager : Event: ======'machine_var_audits_missing_switches_s_top'====== Args={'value': 18, 'prev_value': None, 'change': True}
2026-04-24 15:42:55,659 : INFO : EventManager : Event: ======'machine_var_audits_missing_switches_s_top_mid'====== Args={'value': 20, 'prev_value': None, 'change': True}
2026-04-24 15:42:55,659 : INFO : EventManager : Event: ======'machine_var_audits_missing_switches_s_trough_1'====== Args={'value': 18, 'prev_value': None, 'change': True}
2026-04-24 15:42:55,659 : INFO : EventManager : Event: ======'machine_var_audits_missing_switches_s_trough_2'====== Args={'value': 18, 'prev_value': None, 'change': True}
2026-04-24 15:42:55,660 : INFO : EventManager : Event: ======'machine_var_audits_missing_switches_s_trough_3'====== Args={'value': 12, 'prev_value': None, 'change': True}
2026-04-24 15:42:55,660 : INFO : EventManager : Event: ======'machine_var_audits_missing_switches_s_trough_4'====== Args={'value': 9, 'prev_value': None, 'change': True}
2026-04-24 15:42:55,660 : INFO : EventManager : Event: ======'machine_var_audits_missing_switches_s_trough_5'====== Args={'value': 19, 'prev_value': None, 'change': True}
2026-04-24 15:42:55,660 : INFO : EventManager : Event: ======'machine_var_audits_missing_switches_s_trough_6'====== Args={'value': 19, 'prev_value': None, 'change': True}
2026-04-24 15:42:55,660 : INFO : EventManager : Event: ======'machine_var_audits_missing_switches_s_trough_jam'====== Args={'value': 18, 'prev_value': None, 'change': True}
2026-04-24 15:42:55,660 : INFO : EventManager : Event: ======'machine_var_audits_missing_switches_s_u_lane_l'====== Args={'value': 20, 'prev_value': None, 'change': True}
2026-04-24 15:42:55,660 : INFO : EventManager : Event: ======'machine_var_audits_missing_switches_s_u_lane_r'====== Args={'value': 20, 'prev_value': None, 'change': True}
2026-04-24 15:42:55,660 : INFO : EventManager : Event: ======'machine_var_audits_missing_switches_s_u_rollover'====== Args={'value': 20, 'prev_value': None, 'change': True}
2026-04-24 15:42:55,660 : INFO : EventManager : Event: ======'machine_var_audits_missing_switches_s_u_target'====== Args={'value': 20, 'prev_value': None, 'change': True}
2026-04-24 15:42:55,660 : INFO : EventManager : Event: ======'machine_var_audits_missing_switches_s_vuk_back'====== Args={'value': 18, 'prev_value': None, 'change': True}
2026-04-24 15:42:55,660 : INFO : EventManager : Event: ======'machine_var_audits_missing_switches_s_vuk_upper'====== Args={'value': 18, 'prev_value': None, 'change': True}
2026-04-24 15:42:55,660 : INFO : EventManager : Event: ======'machine_var_audits_player_score'====== Args={'value': {'average': 31, 'top': [310, 0, 0, 0, 0, 0, 0, 0, 0, 0], 'total': 10}, 'prev_value': None, 'change': True}
2026-04-24 15:42:55,660 : INFO : EventManager : Event: ======'machine_var_audits_shots_r_drop_behind_misc'====== Args={'value': 14, 'prev_value': None, 'change': True}
2026-04-24 15:42:55,660 : INFO : EventManager : Event: ======'machine_var_audits_shots_r_drop_l_misc'====== Args={'value': 19, 'prev_value': None, 'change': True}
2026-04-24 15:42:55,660 : INFO : EventManager : Event: ======'machine_var_audits_shots_r_drop_m_misc'====== Args={'value': 19, 'prev_value': None, 'change': True}
2026-04-24 15:42:55,660 : INFO : EventManager : Event: ======'machine_var_audits_shots_r_drop_r_misc'====== Args={'value': 21, 'prev_value': None, 'change': True}
2026-04-24 15:42:55,660 : INFO : EventManager : Event: ======'machine_var_audits_shots_r_orbit_small_l_base'====== Args={'value': 2, 'prev_value': None, 'change': True}
2026-04-24 15:42:55,660 : INFO : EventManager : Event: ======'machine_var_audits_shots_r_orbit_small_l_div'====== Args={'value': 2, 'prev_value': None, 'change': True}
2026-04-24 15:42:55,660 : INFO : EventManager : Event: ======'machine_var_audits_shots_r_pop'====== Args={'value': 22, 'prev_value': None, 'change': True}
2026-04-24 15:42:55,660 : INFO : EventManager : Event: ======'machine_var_audits_shots_r_scoop'====== Args={'value': 3, 'prev_value': None, 'change': True}
2026-04-24 15:42:55,660 : INFO : EventManager : Event: ======'machine_var_audits_shots_r_sling_l'====== Args={'value': 3, 'prev_value': None, 'change': True}
2026-04-24 15:42:55,660 : INFO : EventManager : Event: ======'machine_var_audits_shots_r_sling_r'====== Args={'value': 6, 'prev_value': None, 'change': True}
2026-04-24 15:42:55,660 : INFO : EventManager : Event: ======'machine_var_audits_shots_r_stationary_r_div'====== Args={'value': 6, 'prev_value': None, 'change': True}
2026-04-24 15:42:55,660 : INFO : EventManager : Event: ======'machine_var_audits_switches_s_autolauncher'====== Args={'value': 132, 'prev_value': None, 'change': True}
2026-04-24 15:42:55,660 : INFO : EventManager : Event: ======'machine_var_audits_switches_s_b_eos'====== Args={'value': 667, 'prev_value': None, 'change': True}
2026-04-24 15:42:55,660 : INFO : EventManager : Event: ======'machine_var_audits_switches_s_b_pop'====== Args={'value': 133, 'prev_value': None, 'change': True}
2026-04-24 15:42:55,660 : INFO : EventManager : Event: ======'machine_var_audits_switches_s_b_rollover_interchange'====== Args={'value': 1, 'prev_value': None, 'change': True}
2026-04-24 15:42:55,660 : INFO : EventManager : Event: ======'machine_var_audits_switches_s_b_rollover_loop'====== Args={'value': 8, 'prev_value': None, 'change': True}
2026-04-24 15:42:55,660 : INFO : EventManager : Event: ======'machine_var_audits_switches_s_b_rollover_misc'====== Args={'value': 1, 'prev_value': None, 'change': True}
2026-04-24 15:42:55,660 : INFO : EventManager : Event: ======'machine_var_audits_switches_s_b_target_left'====== Args={'value': 1, 'prev_value': None, 'change': True}
2026-04-24 15:42:55,660 : INFO : EventManager : Event: ======'machine_var_audits_switches_s_b_target_right'====== Args={'value': 1, 'prev_value': None, 'change': True}
2026-04-24 15:42:55,660 : INFO : EventManager : Event: ======'machine_var_audits_switches_s_bot'====== Args={'value': 1, 'prev_value': None, 'change': True}
2026-04-24 15:42:55,660 : INFO : EventManager : Event: ======'machine_var_audits_switches_s_bot_mid'====== Args={'value': 6, 'prev_value': None, 'change': True}
2026-04-24 15:42:55,660 : INFO : EventManager : Event: ======'machine_var_audits_switches_s_captive_l'====== Args={'value': 1, 'prev_value': None, 'change': True}
2026-04-24 15:42:55,660 : INFO : EventManager : Event: ======'machine_var_audits_switches_s_captive_r'====== Args={'value': 1, 'prev_value': None, 'change': True}
2026-04-24 15:42:55,660 : INFO : EventManager : Event: ======'machine_var_audits_switches_s_drop_l'====== Args={'value': 27, 'prev_value': None, 'change': True}
2026-04-24 15:42:55,660 : INFO : EventManager : Event: ======'machine_var_audits_switches_s_drop_m'====== Args={'value': 41, 'prev_value': None, 'change': True}
2026-04-24 15:42:55,660 : INFO : EventManager : Event: ======'machine_var_audits_switches_s_drop_r'====== Args={'value': 28, 'prev_value': None, 'change': True}
2026-04-24 15:42:55,660 : INFO : EventManager : Event: ======'machine_var_audits_switches_s_drop_single'====== Args={'value': 21, 'prev_value': None, 'change': True}
2026-04-24 15:42:55,660 : INFO : EventManager : Event: ======'machine_var_audits_switches_s_flipper_but_l_1'====== Args={'value': 440, 'prev_value': None, 'change': True}
2026-04-24 15:42:55,660 : INFO : EventManager : Event: ======'machine_var_audits_switches_s_flipper_but_l_2'====== Args={'value': 416, 'prev_value': None, 'change': True}
2026-04-24 15:42:55,660 : INFO : EventManager : Event: ======'machine_var_audits_switches_s_flipper_but_r_1'====== Args={'value': 793, 'prev_value': None, 'change': True}
2026-04-24 15:42:55,660 : INFO : EventManager : Event: ======'machine_var_audits_switches_s_flipper_but_r_2'====== Args={'value': 783, 'prev_value': None, 'change': True}
2026-04-24 15:42:55,660 : INFO : EventManager : Event: ======'machine_var_audits_switches_s_flipper_l'====== Args={'value': 416, 'prev_value': None, 'change': True}
2026-04-24 15:42:55,660 : INFO : EventManager : Event: ======'machine_var_audits_switches_s_flipper_r'====== Args={'value': 1731, 'prev_value': None, 'change': True}
2026-04-24 15:42:55,660 : INFO : EventManager : Event: ======'machine_var_audits_switches_s_flipper_upper_l'====== Args={'value': 393, 'prev_value': None, 'change': True}
2026-04-24 15:42:55,660 : INFO : EventManager : Event: ======'machine_var_audits_switches_s_inlane_l'====== Args={'value': 1, 'prev_value': None, 'change': True}
2026-04-24 15:42:55,660 : INFO : EventManager : Event: ======'machine_var_audits_switches_s_inlane_r'====== Args={'value': 80, 'prev_value': None, 'change': True}
2026-04-24 15:42:55,660 : INFO : EventManager : Event: ======'machine_var_audits_switches_s_kicker_orbit'====== Args={'value': 188, 'prev_value': None, 'change': True}
2026-04-24 15:42:55,660 : INFO : EventManager : Event: ======'machine_var_audits_switches_s_kicking_target'====== Args={'value': 538, 'prev_value': None, 'change': True}
2026-04-24 15:42:55,660 : INFO : EventManager : Event: ======'machine_var_audits_switches_s_launch'====== Args={'value': 152, 'prev_value': None, 'change': True}
2026-04-24 15:42:55,660 : INFO : EventManager : Event: ======'machine_var_audits_switches_s_lock_1'====== Args={'value': 10, 'prev_value': None, 'change': True}
2026-04-24 15:42:55,660 : INFO : EventManager : Event: ======'machine_var_audits_switches_s_lock_2'====== Args={'value': 5, 'prev_value': None, 'change': True}
2026-04-24 15:42:55,660 : INFO : EventManager : Event: ======'machine_var_audits_switches_s_lock_3'====== Args={'value': 5, 'prev_value': None, 'change': True}
2026-04-24 15:42:55,660 : INFO : EventManager : Event: ======'machine_var_audits_switches_s_lower_orbit'====== Args={'value': 5, 'prev_value': None, 'change': True}
2026-04-24 15:42:55,660 : INFO : EventManager : Event: ======'machine_var_audits_switches_s_lower_single'====== Args={'value': 1, 'prev_value': None, 'change': True}
2026-04-24 15:42:55,661 : INFO : EventManager : Event: ======'machine_var_audits_switches_s_lower_sling'====== Args={'value': 8, 'prev_value': None, 'change': True}
2026-04-24 15:42:55,661 : INFO : EventManager : Event: ======'machine_var_audits_switches_s_lower_transfer'====== Args={'value': 3, 'prev_value': None, 'change': True}
2026-04-24 15:42:55,661 : INFO : EventManager : Event: ======'machine_var_audits_switches_s_lower_vuk'====== Args={'value': 15, 'prev_value': None, 'change': True}
2026-04-24 15:42:55,661 : INFO : EventManager : Event: ======'machine_var_audits_switches_s_middle_scoop'====== Args={'value': 14, 'prev_value': None, 'change': True}
2026-04-24 15:42:55,661 : INFO : EventManager : Event: ======'machine_var_audits_switches_s_orbit_small_l'====== Args={'value': 38, 'prev_value': None, 'change': True}
2026-04-24 15:42:55,661 : INFO : EventManager : Event: ======'machine_var_audits_switches_s_orbit_small_r'====== Args={'value': 195, 'prev_value': None, 'change': True}
2026-04-24 15:42:55,661 : INFO : EventManager : Event: ======'machine_var_audits_switches_s_outlane_l'====== Args={'value': 0, 'prev_value': None, 'change': True}
2026-04-24 15:42:55,661 : INFO : EventManager : Event: ======'machine_var_audits_switches_s_outlane_r'====== Args={'value': 0, 'prev_value': None, 'change': True}
2026-04-24 15:42:55,661 : INFO : EventManager : Event: ======'machine_var_audits_switches_s_pop'====== Args={'value': 99, 'prev_value': None, 'change': True}
2026-04-24 15:42:55,661 : INFO : EventManager : Event: ======'machine_var_audits_switches_s_scissor_save'====== Args={'value': 3, 'prev_value': None, 'change': True}
2026-04-24 15:42:55,661 : INFO : EventManager : Event: ======'machine_var_audits_switches_s_sling_l'====== Args={'value': 19, 'prev_value': None, 'change': True}
2026-04-24 15:42:55,661 : INFO : EventManager : Event: ======'machine_var_audits_switches_s_start'====== Args={'value': 5, 'prev_value': None, 'change': True}
2026-04-24 15:42:55,661 : INFO : EventManager : Event: ======'machine_var_audits_switches_s_stationary_l'====== Args={'value': 111, 'prev_value': None, 'change': True}
2026-04-24 15:42:55,661 : INFO : EventManager : Event: ======'machine_var_audits_switches_s_stationary_m'====== Args={'value': 29, 'prev_value': None, 'change': True}
2026-04-24 15:42:55,661 : INFO : EventManager : Event: ======'machine_var_audits_switches_s_stationary_r'====== Args={'value': 35, 'prev_value': None, 'change': True}
2026-04-24 15:42:55,661 : INFO : EventManager : Event: ======'machine_var_audits_switches_s_subway'====== Args={'value': 168, 'prev_value': None, 'change': True}
2026-04-24 15:42:55,661 : INFO : EventManager : Event: ======'machine_var_audits_switches_s_tilt'====== Args={'value': 1, 'prev_value': None, 'change': True}
2026-04-24 15:42:55,661 : INFO : EventManager : Event: ======'machine_var_audits_switches_s_top'====== Args={'value': 6, 'prev_value': None, 'change': True}
2026-04-24 15:42:55,661 : INFO : EventManager : Event: ======'machine_var_audits_switches_s_top_mid'====== Args={'value': 1, 'prev_value': None, 'change': True}
2026-04-24 15:42:55,661 : INFO : EventManager : Event: ======'machine_var_audits_switches_s_trough_1'====== Args={'value': 101, 'prev_value': None, 'change': True}
2026-04-24 15:42:55,661 : INFO : EventManager : Event: ======'machine_var_audits_switches_s_trough_2'====== Args={'value': 60, 'prev_value': None, 'change': True}
2026-04-24 15:42:55,661 : INFO : EventManager : Event: ======'machine_var_audits_switches_s_trough_3'====== Args={'value': 63, 'prev_value': None, 'change': True}
2026-04-24 15:42:55,661 : INFO : EventManager : Event: ======'machine_var_audits_switches_s_trough_4'====== Args={'value': 142, 'prev_value': None, 'change': True}
2026-04-24 15:42:55,661 : INFO : EventManager : Event: ======'machine_var_audits_switches_s_trough_5'====== Args={'value': 48, 'prev_value': None, 'change': True}
2026-04-24 15:42:55,661 : INFO : EventManager : Event: ======'machine_var_audits_switches_s_trough_6'====== Args={'value': 100, 'prev_value': None, 'change': True}
2026-04-24 15:42:55,661 : INFO : EventManager : Event: ======'machine_var_audits_switches_s_trough_jam'====== Args={'value': 73, 'prev_value': None, 'change': True}
2026-04-24 15:42:55,661 : INFO : EventManager : Event: ======'machine_var_audits_switches_s_u_lane_l'====== Args={'value': 1, 'prev_value': None, 'change': True}
2026-04-24 15:42:55,661 : INFO : EventManager : Event: ======'machine_var_audits_switches_s_u_lane_r'====== Args={'value': 1, 'prev_value': None, 'change': True}
2026-04-24 15:42:55,661 : INFO : EventManager : Event: ======'machine_var_audits_switches_s_u_rollover'====== Args={'value': 1, 'prev_value': None, 'change': True}
2026-04-24 15:42:55,661 : INFO : EventManager : Event: ======'machine_var_audits_switches_s_u_target'====== Args={'value': 1, 'prev_value': None, 'change': True}
2026-04-24 15:42:55,661 : INFO : EventManager : Event: ======'machine_var_audits_switches_s_vuk_back'====== Args={'value': 101, 'prev_value': None, 'change': True}
2026-04-24 15:42:55,661 : INFO : EventManager : Event: ======'machine_var_audits_switches_s_vuk_upper'====== Args={'value': 63, 'prev_value': None, 'change': True}
2026-04-24 15:42:55,661 : INFO : EventManager : Event: ======'init_phase_5'====== Args={}
2026-04-24 15:42:55,663 : INFO : EventManager : Event: ======'init_done'====== Args={}
2026-04-24 15:42:55,664 : INFO : EventManager : Event: ======'machine_reset_phase_1'====== Args={}
2026-04-24 15:42:55,664 : INFO : EventManager : Event: ======'machine_reset_phase_2'====== Args={}
2026-04-24 15:42:55,664 : INFO : EventManager : Event: ======'machine_reset_phase_3'====== Args={}
2026-04-24 15:42:55,664 : INFO : EventManager : Event: ======'diverter_d_middle_diverter_deactivating'====== Args={}
2026-04-24 15:42:55,664 : INFO : coil.c_diverter : Disabling Driver
2026-04-24 15:42:55,664 : INFO : EventManager : Event: ======'reset_complete'====== Args={}
2026-04-24 15:42:55,664 : INFO : EventManager : Event: ======'mode_attract_will_start'====== Args={}
2026-04-24 15:42:55,664 : INFO : EventManager : Event: ======'mode_attract_starting'====== Args={}
2026-04-24 15:42:55,664 : INFO : Mode.attract : Started. Priority: 10
2026-04-24 15:42:55,664 : INFO : EventManager : Event: ======'modes_active_modes_changed'====== Args={}
2026-04-24 15:42:55,664 : INFO : EventManager : Event: ======'mode_attract_started'====== Args={}
2026-04-24 15:42:55,665 : INFO : EventManager : Event: ======'collecting_balls_complete'====== Args={}
2026-04-24 15:42:55,665 : INFO : Machine : Starting the main run loop with active modes: [<Mode.attract>]
2026-04-24 15:42:56,294 : INFO : BcpServer : New client connected.
2026-04-24 15:42:59,727 : INFO : SwitchController : <<<<<<< 's_trough_5' active >>>>>>>
2026-04-24 15:42:59,827 : INFO : SwitchController : <<<<<<< 's_trough_5' inactive >>>>>>>
2026-04-24 15:43:00,061 : INFO : SwitchController : <<<<<<< 's_trough_5' active >>>>>>>
2026-04-24 15:43:00,599 : INFO : SwitchController : <<<<<<< 's_trough_4' active >>>>>>>
2026-04-24 15:43:01,100 : INFO : EventManager : Event: ======'balldevice_bd_trough_ball_count_changed'====== Args={'balls': 1}
2026-04-24 15:43:01,100 : INFO : ball_device.bd_trough : Received unexpected ball
2026-04-24 15:43:01,100 : INFO : EventManager : Event: ======'balldevice_captured_from_playfield'====== Args={'balls': 1}
2026-04-24 15:43:01,100 : INFO : EventManager : Event: ======'sw_playfield_active'====== Args={'balls': 1}
2026-04-24 15:43:01,100 : INFO : EventManager : Event: ======'playfield_active'====== Args={'source': None}
2026-04-24 15:43:01,100 : INFO : EventManager : Event: ======'unexpected_ball_on_playfield'====== Args={}
2026-04-24 15:43:01,100 : INFO : EventManager : Event: ======'playfield_ball_count_change'====== Args={'balls': -1, 'change': -1}
2026-04-24 15:43:01,101 : INFO : EventManager : Event: ======'balldevice_playfield_ball_enter'====== Args={'new_balls': 1, 'unclaimed_balls': 1, 'device': <playfield.playfield>}
2026-04-24 15:43:01,101 : INFO : EventManager : Event: ======'playfield_ball_count_change'====== Args={'balls': 0, 'change': 1}
2026-04-24 15:43:01,101 : INFO : BallController : Found a new ball which was captured from playfield. Known balls: 1
2026-04-24 15:43:01,101 : INFO : EventManager : Event: ======'found_new_ball'====== Args={}
2026-04-24 15:43:01,101 : INFO : EventManager : Event: ======'balldevice_bd_trough_ball_enter'====== Args={'new_balls': 1, 'unclaimed_balls': 1, 'new_available_balls': 1, 'device': <ball_device.bd_trough>}
2026-04-24 15:43:01,101 : INFO : EventManager : Event: ======'ball_drain'====== Args={'device': <ball_device.bd_trough>, 'balls': 1}
2026-04-24 15:43:01,101 : INFO : EventManager : Event: ======'balldevice_balls_available'====== Args={}
2026-04-24 15:43:01,101 : INFO : EventManager : Event: ======'balldevice_bd_trough_ball_entered'====== Args={'new_balls': 1, 'device': <ball_device.bd_trough>}
2026-04-24 15:43:02,876 : INFO : SwitchController : <<<<<<< 's_start' active >>>>>>>
2026-04-24 15:43:02,993 : INFO : SwitchController : <<<<<<< 's_start' inactive >>>>>>>
2026-04-24 15:43:02,993 : INFO : EventManager : Event: ======'request_to_start_game'====== Args={}
2026-04-24 15:43:02,993 : INFO : EventManager : Event: ======'game_start'====== Args={'buttons': [], 'hold_time': 0.11654070799704641}
2026-04-24 15:43:02,993 : INFO : EventManager : Event: ======'mode_game_will_start'====== Args={'buttons': [], 'hold_time': 0.11654070799704641}
2026-04-24 15:43:02,993 : INFO : EventManager : Event: ======'mode_game_starting'====== Args={'buttons': [], 'hold_time': 0.11654070799704641}
2026-04-24 15:43:02,993 : INFO : EventManager : Event: ======'mode_attract_will_stop'====== Args={}
2026-04-24 15:43:02,993 : INFO : EventManager : Event: ======'mode_attract_stopping'====== Args={}
2026-04-24 15:43:02,993 : INFO : Mode.attract : Stopped.
2026-04-24 15:43:02,993 : INFO : EventManager : Event: ======'modes_active_modes_changed'====== Args={}
2026-04-24 15:43:02,994 : INFO : EventManager : Event: ======'mode_attract_stopped'====== Args={}
2026-04-24 15:43:02,994 : INFO : EventManager : Event: ======'clear'====== Args={'key': 'attract'}
2026-04-24 15:43:02,994 : INFO : Mode.game : Started. Priority: 20
2026-04-24 15:43:02,994 : INFO : EventManager : Event: ======'modes_active_modes_changed'====== Args={}
2026-04-24 15:43:02,994 : INFO : EventManager : Event: ======'mode_game_started'====== Args={'buttons': [], 'hold_time': 0.11654070799704641}
2026-04-24 15:43:02,994 : INFO : EventManager : Event: ======'game_will_start'====== Args={}
2026-04-24 15:43:02,994 : INFO : EventManager : Event: ======'game_starting'====== Args={'game': <Mode.game>}
2026-04-24 15:43:02,995 : INFO : EventManager : Unordered handler for class <Auditor> on event game_ended with priority 1. Handlers: [RegisteredHandler(callback=<bound method Auditor.disable of <Auditor>>, priority=1, kwargs={}, key=UUID('4f529ab4-e3d1-4513-8a2b-09b307a432c2'), condition=None, blocking_facility=None), RegisteredHandler(callback=<bound method Auditor._save_audits of <Auditor>>, priority=1, kwargs={}, key=UUID('2daa7925-db57-4fa9-b3c1-0996ea94de0b'), condition=None, blocking_facility=None)]. The order of those handlers is not defined and they will be executed in random order. This might lead to race conditions and potential bugs.
2026-04-24 15:43:02,995 : INFO : EventManager : Event: ======'player_add_request'====== Args={}
2026-04-24 15:43:02,995 : INFO : EventManager : Event: ======'player_will_add'====== Args={'number': 1}
2026-04-24 15:43:02,995 : INFO : EventManager : Event: ======'player_adding'====== Args={'player': <Player 1>, 'number': 1}
2026-04-24 15:43:02,995 : INFO : EventManager : Event: ======'player_added'====== Args={'player': <Player 1>, 'num': 1}
2026-04-24 15:43:02,995 : INFO : Mode.game : Player added successfully. Total players: 1
2026-04-24 15:43:02,995 : INFO : EventManager : Event: ======'player_index'====== Args={'value': 0, 'prev_value': 0, 'change': 0, 'player_num': 1}
2026-04-24 15:43:02,995 : INFO : EventManager : Event: ======'player_number'====== Args={'value': 1, 'prev_value': 1, 'change': 0, 'player_num': 1}
2026-04-24 15:43:02,995 : INFO : EventManager : Event: ======'player_score'====== Args={'value': 0, 'prev_value': 0, 'change': 0, 'player_num': 1}
2026-04-24 15:43:02,995 : INFO : EventManager : Event: ======'game_started'====== Args={}
2026-04-24 15:43:02,995 : INFO : EventManager : Event: ======'player_turn_will_start'====== Args={'player': <Player 1>, 'number': 1}
2026-04-24 15:43:02,997 : INFO : EventManager : Event: ======'player_turn_starting'====== Args={'player': <Player 1>, 'number': 1}
2026-04-24 15:43:02,997 : INFO : EventManager : Event: ======'player_ball'====== Args={'value': 1, 'prev_value': 0, 'change': 1, 'player_num': 1}
2026-04-24 15:43:02,998 : INFO : EventManager : Event: ======'player_turn_started'====== Args={'player': <Player 1>, 'number': 1}
2026-04-24 15:43:02,998 : INFO : EventManager : Event: ======'ball_will_start'====== Args={'player': 1, 'ball': 1, 'balls_remaining': 2, 'is_extra_ball': False}
2026-04-24 15:43:02,998 : INFO : EventManager : Event: ======'ball_starting'====== Args={'player': 1, 'ball': 1, 'balls_remaining': 2, 'is_extra_ball': False}
2026-04-24 15:43:02,998 : INFO : EventManager : Event: ======'mode_misc_launch_shows_will_start'====== Args={'queue': <QueuedEvent>, 'player': 1, 'ball': 1, 'balls_remaining': 2, 'is_extra_ball': False}
2026-04-24 15:43:02,998 : INFO : EventManager : Event: ======'mode_misc_launch_shows_starting'====== Args={'queue': <QueuedEvent>, 'player': 1, 'ball': 1, 'balls_remaining': 2, 'is_extra_ball': False}
2026-04-24 15:43:02,998 : INFO : EventManager : Event: ======'mode_diverter_activation_will_start'====== Args={'queue': <QueuedEvent>, 'player': 1, 'ball': 1, 'balls_remaining': 2, 'is_extra_ball': False}
2026-04-24 15:43:02,998 : INFO : EventManager : Event: ======'player_shot_r_orbit_small_r_div_enabled'====== Args={'value': True, 'prev_value': 0, 'change': 1, 'player_num': 1}
2026-04-24 15:43:02,998 : INFO : EventManager : Event: ======'player_shot_r_orbit_small_l_div_enabled'====== Args={'value': True, 'prev_value': 0, 'change': 1, 'player_num': 1}
2026-04-24 15:43:02,999 : INFO : EventManager : Event: ======'player_shot_r_captive_l_div_enabled'====== Args={'value': True, 'prev_value': 0, 'change': 1, 'player_num': 1}
2026-04-24 15:43:02,999 : INFO : EventManager : Event: ======'player_shot_r_stationary_r_div_enabled'====== Args={'value': True, 'prev_value': 0, 'change': 1, 'player_num': 1}
2026-04-24 15:43:02,999 : INFO : EventManager : Event: ======'mode_diverter_activation_starting'====== Args={'queue': <QueuedEvent>, 'player': 1, 'ball': 1, 'balls_remaining': 2, 'is_extra_ball': False}
2026-04-24 15:43:02,999 : INFO : EventManager : Event: ======'mode_base_gi_control_will_start'====== Args={'queue': <QueuedEvent>, 'player': 1, 'ball': 1, 'balls_remaining': 2, 'is_extra_ball': False}
2026-04-24 15:43:02,999 : INFO : EventManager : Event: ======'mode_base_gi_control_starting'====== Args={'queue': <QueuedEvent>, 'player': 1, 'ball': 1, 'balls_remaining': 2, 'is_extra_ball': False}
2026-04-24 15:43:02,999 : INFO : EventManager : Event: ======'mode_misc_drop_bank_will_start'====== Args={'queue': <QueuedEvent>, 'player': 1, 'ball': 1, 'balls_remaining': 2, 'is_extra_ball': False}
2026-04-24 15:43:02,999 : INFO : EventManager : Event: ======'player_shot_r_drop_l_misc_enabled'====== Args={'value': True, 'prev_value': 0, 'change': 1, 'player_num': 1}
2026-04-24 15:43:02,999 : INFO : EventManager : Event: ======'player_shot_r_drop_m_misc_enabled'====== Args={'value': True, 'prev_value': 0, 'change': 1, 'player_num': 1}
2026-04-24 15:43:03,000 : INFO : EventManager : Event: ======'player_shot_r_drop_r_misc_enabled'====== Args={'value': True, 'prev_value': 0, 'change': 1, 'player_num': 1}
2026-04-24 15:43:03,000 : INFO : EventManager : Event: ======'sg_drops_misc_complete'====== Args={'state': 'drop_lit'}
2026-04-24 15:43:03,000 : INFO : EventManager : Event: ======'sg_drops_misc_drop_lit_complete'====== Args={}
2026-04-24 15:43:03,000 : INFO : EventManager : Event: ======'mode_misc_drop_bank_starting'====== Args={'queue': <QueuedEvent>, 'player': 1, 'ball': 1, 'balls_remaining': 2, 'is_extra_ball': False}
2026-04-24 15:43:03,000 : INFO : EventManager : Event: ======'mode_base_will_start'====== Args={'queue': <QueuedEvent>, 'player': 1, 'ball': 1, 'balls_remaining': 2, 'is_extra_ball': False}
2026-04-24 15:43:03,000 : INFO : EventManager : Event: ======'player_shot_r_orbit_small_r_base_enabled'====== Args={'value': True, 'prev_value': 0, 'change': 1, 'player_num': 1}
2026-04-24 15:43:03,000 : INFO : EventManager : Event: ======'player_shot_r_orbit_small_l_base_enabled'====== Args={'value': True, 'prev_value': 0, 'change': 1, 'player_num': 1}
2026-04-24 15:43:03,001 : INFO : EventManager : Event: ======'player_shot_r_pop_enabled'====== Args={'value': True, 'prev_value': 0, 'change': 1, 'player_num': 1}
2026-04-24 15:43:03,001 : INFO : EventManager : Event: ======'player_shot_r_sling_l_enabled'====== Args={'value': True, 'prev_value': 0, 'change': 1, 'player_num': 1}
2026-04-24 15:43:03,001 : INFO : EventManager : Event: ======'player_shot_r_sling_r_enabled'====== Args={'value': True, 'prev_value': 0, 'change': 1, 'player_num': 1}
2026-04-24 15:43:03,001 : INFO : EventManager : Event: ======'player_shot_r_scoop_enabled'====== Args={'value': True, 'prev_value': 0, 'change': 1, 'player_num': 1}
2026-04-24 15:43:03,001 : INFO : EventManager : Unordered handler for class ConfigPlayer.show_player/shows on event ball_started with priority 100. Handlers: [RegisteredHandler(callback=<bound method ConfigPlayer.config_play_callback of ConfigPlayer.show_player/shows>, priority=100, kwargs={'calling_context': 'ball_started', 'mode': <Mode.base_gi_control>, 'settings': {gi_basic-None-None: {'loops': -1, 'show_tokens': {'gi_color_1': <NativeTemplate yellow>, 'gi_color_2': <NativeTemplate white>}, 'priority': 0, 'action': 'play', 'show': None, 'speed': <NativeTemplate 1.0>, 'block_queue': False, 'start_step': <NativeTemplate 1>, 'start_running': <Template True>, 'sync_ms': None, 'manual_advance': False, 'show_queue': None, 'key': None, 'events_when_played': [], 'events_when_stopped': [], 'events_when_looped': [], 'events_when_paused': [], 'events_when_resumed': [], 'events_when_advanced': [], 'events_when_stepped_back': [], 'events_when_updated': [], 'events_when_completed': []}}}, key=UUID('88dd1b10-c149-480f-8f0a-da32ee1537c9'), condition=None, blocking_facility=None), RegisteredHandler(callback=<bound method ConfigPlayer.config_play_callback of ConfigPlayer.show_player/shows>, priority=100, kwargs={'calling_context': 'ball_started', 'mode': <Mode.base>, 'settings': {gi-on-None-None: {'priority': 0, 'action': 'play', 'show': None, 'speed': <NativeTemplate 1.0>, 'block_queue': False, 'start_step': <NativeTemplate 1>, 'start_running': <Template True>, 'loops': -1, 'sync_ms': None, 'manual_advance': False, 'show_queue': None, 'key': None, 'show_tokens': {}, 'events_when_played': [], 'events_when_stopped': [], 'events_when_looped': [], 'events_when_paused': [], 'events_when_resumed': [], 'events_when_advanced': [], 'events_when_stepped_back': [], 'events_when_updated': [], 'events_when_completed': []}}}, key=UUID('7487629b-3bae-44f0-8bf2-ce1be0a7e588'), condition=None, blocking_facility=None)]. The order of those handlers is not defined and they will be executed in random order. This might lead to race conditions and potential bugs.
2026-04-24 15:43:03,001 : INFO : EventManager : Event: ======'mode_base_starting'====== Args={'queue': <QueuedEvent>, 'player': 1, 'ball': 1, 'balls_remaining': 2, 'is_extra_ball': False}
2026-04-24 15:43:03,001 : INFO : Mode.base : Started. Priority: 100
2026-04-24 15:43:03,001 : INFO : EventManager : Event: ======'modes_active_modes_changed'====== Args={}
2026-04-24 15:43:03,001 : INFO : EventManager : Event: ======'mode_base_started'====== Args={'queue': <QueuedEvent>, 'player': 1, 'ball': 1, 'balls_remaining': 2, 'is_extra_ball': False}
2026-04-24 15:43:03,002 : INFO : Mode.misc_drop_bank : Started. Priority: 100
2026-04-24 15:43:03,002 : INFO : EventManager : Event: ======'modes_active_modes_changed'====== Args={}
2026-04-24 15:43:03,002 : INFO : EventManager : Event: ======'mode_misc_drop_bank_started'====== Args={'queue': <QueuedEvent>, 'player': 1, 'ball': 1, 'balls_remaining': 2, 'is_extra_ball': False}
2026-04-24 15:43:03,002 : INFO : Mode.base_gi_control : Started. Priority: 100
2026-04-24 15:43:03,002 : INFO : EventManager : Event: ======'modes_active_modes_changed'====== Args={}
2026-04-24 15:43:03,002 : INFO : EventManager : Event: ======'mode_base_gi_control_started'====== Args={'queue': <QueuedEvent>, 'player': 1, 'ball': 1, 'balls_remaining': 2, 'is_extra_ball': False}
2026-04-24 15:43:03,002 : INFO : Mode.diverter_activation : Started. Priority: 101
2026-04-24 15:43:03,002 : INFO : EventManager : Event: ======'modes_active_modes_changed'====== Args={}
2026-04-24 15:43:03,002 : INFO : EventManager : Event: ======'mode_diverter_activation_started'====== Args={'queue': <QueuedEvent>, 'player': 1, 'ball': 1, 'balls_remaining': 2, 'is_extra_ball': False}
2026-04-24 15:43:03,002 : INFO : EventManager : Event: ======'player_v_right_ramp'====== Args={'value': 0, 'prev_value': 0, 'change': 0, 'player_num': 1, 'source': 'diverter_activation'}
2026-04-24 15:43:03,002 : INFO : Mode.misc_launch_shows : Started. Priority: 1000
2026-04-24 15:43:03,002 : INFO : EventManager : Event: ======'modes_active_modes_changed'====== Args={}
2026-04-24 15:43:03,002 : INFO : EventManager : Event: ======'mode_misc_launch_shows_started'====== Args={'queue': <QueuedEvent>, 'player': 1, 'ball': 1, 'balls_remaining': 2, 'is_extra_ball': False}
2026-04-24 15:43:03,002 : INFO : EventManager : Event: ======'balls_in_play'====== Args={'balls': 1}
2026-04-24 15:43:03,002 : INFO : EventManager : Event: ======'ball_started'====== Args={'player': 1, 'ball': 1, 'balls_remaining': 2, 'is_extra_ball': False}
2026-04-24 15:43:03,003 : INFO : EventManager : Event: ======'diverter_d_middle_diverter_enabling'====== Args={'auto': False}
2026-04-24 15:43:03,003 : INFO : drop_target_bank.dt_bank : All targets are already up. Will not reset bank.
2026-04-24 15:43:03,003 : INFO : EventManager : Event: ======'single_player_ball_started'====== Args={}
2026-04-24 15:43:03,005 : INFO : EventManager : Event: ======'ball_start_target'====== Args={'target': 'playfield'}
2026-04-24 15:43:03,005 : INFO : ball_device.bd_autolauncher : Setting up player-controlled eject. Balls: 1, Target: <playfield.playfield>, player_controlled_eject_event: sw_launch
2026-04-24 15:43:03,006 : INFO : EventManager : Event: ======'balldevice_balls_available'====== Args={}
2026-04-24 15:43:03,006 : INFO : ball_device.bd_trough : State: waiting_for_target_ready
2026-04-24 15:43:03,006 : INFO : EventManager : Event: ======'balldevice_bd_trough_ball_eject_attempt'====== Args={'balls': 1, 'target': <ball_device.bd_autolauncher>, 'source': <ball_device.bd_trough>, 'mechanical_eject': True, 'num_attempts': 0}
2026-04-24 15:43:03,006 : INFO : ball_device.bd_autolauncher : State: waiting_for_ball
2026-04-24 15:43:03,006 : INFO : ball_device.bd_trough : State: ejecting
2026-04-24 15:43:03,006 : INFO : ball_device.bd_trough : Ejecting ball to <ball_device.bd_autolauncher>
2026-04-24 15:43:03,006 : INFO : EventManager : Event: ======'balldevice_bd_trough_ejecting_ball'====== Args={'balls': 1, 'target': <ball_device.bd_autolauncher>, 'source': <ball_device.bd_trough>, 'mechanical_eject': True, 'num_attempts': 0}
2026-04-24 15:43:03,008 : INFO : ball_device.bd_trough : Wait for ball to leave device
2026-04-24 15:43:03,008 : INFO : coil.c_trough : Pulsing Driver for 12ms (1.0 pulse_power)
2026-04-24 15:43:04,009 : INFO : EventManager : Event: ======'balldevice_bd_trough_ball_eject_failed'====== Args={'target': <ball_device.bd_autolauncher>, 'balls': 1, 'retry': True, 'num_attempts': 1}
2026-04-24 15:43:04,010 : INFO : ball_device.bd_trough : State: waiting_for_target_ready
2026-04-24 15:43:04,011 : INFO : EventManager : Event: ======'balldevice_bd_trough_ball_eject_attempt'====== Args={'balls': 1, 'target': <ball_device.bd_autolauncher>, 'source': <ball_device.bd_trough>, 'mechanical_eject': True, 'num_attempts': 1}
2026-04-24 15:43:04,011 : INFO : ball_device.bd_trough : State: ejecting
2026-04-24 15:43:04,012 : INFO : ball_device.bd_trough : Ejecting ball to <ball_device.bd_autolauncher>
2026-04-24 15:43:04,012 : INFO : EventManager : Event: ======'balldevice_bd_trough_ejecting_ball'====== Args={'balls': 1, 'target': <ball_device.bd_autolauncher>, 'source': <ball_device.bd_trough>, 'mechanical_eject': True, 'num_attempts': 1}
2026-04-24 15:43:04,013 : INFO : ball_device.bd_trough : Wait for ball to leave device
2026-04-24 15:43:04,013 : INFO : coil.c_trough : Pulsing Driver for 12ms (1.0 pulse_power)
2026-04-24 15:43:05,014 : INFO : EventManager : Event: ======'balldevice_bd_trough_ball_eject_failed'====== Args={'target': <ball_device.bd_autolauncher>, 'balls': 1, 'retry': True, 'num_attempts': 2}
2026-04-24 15:43:05,016 : INFO : ball_device.bd_trough : State: waiting_for_target_ready
2026-04-24 15:43:05,016 : INFO : EventManager : Event: ======'balldevice_bd_trough_ball_eject_attempt'====== Args={'balls': 1, 'target': <ball_device.bd_autolauncher>, 'source': <ball_device.bd_trough>, 'mechanical_eject': True, 'num_attempts': 2}
2026-04-24 15:43:05,017 : INFO : ball_device.bd_trough : State: ejecting
2026-04-24 15:43:05,018 : INFO : ball_device.bd_trough : Ejecting ball to <ball_device.bd_autolauncher>
2026-04-24 15:43:05,018 : INFO : EventManager : Event: ======'balldevice_bd_trough_ejecting_ball'====== Args={'balls': 1, 'target': <ball_device.bd_autolauncher>, 'source': <ball_device.bd_trough>, 'mechanical_eject': True, 'num_attempts': 2}
2026-04-24 15:43:05,019 : INFO : ball_device.bd_trough : Wait for ball to leave device
2026-04-24 15:43:05,019 : INFO : coil.c_trough : Pulsing Driver for 12ms (1.0 pulse_power)
2026-04-24 15:43:06,020 : INFO : EventManager : Event: ======'balldevice_bd_trough_ball_eject_failed'====== Args={'target': <ball_device.bd_autolauncher>, 'balls': 1, 'retry': True, 'num_attempts': 3}
2026-04-24 15:43:06,022 : INFO : ball_device.bd_trough : State: waiting_for_target_ready
2026-04-24 15:43:06,023 : INFO : EventManager : Event: ======'balldevice_bd_trough_ball_eject_attempt'====== Args={'balls': 1, 'target': <ball_device.bd_autolauncher>, 'source': <ball_device.bd_trough>, 'mechanical_eject': True, 'num_attempts': 3}
2026-04-24 15:43:06,024 : INFO : ball_device.bd_trough : State: ejecting
2026-04-24 15:43:06,024 : INFO : ball_device.bd_trough : Ejecting ball to <ball_device.bd_autolauncher>
2026-04-24 15:43:06,024 : INFO : EventManager : Event: ======'balldevice_bd_trough_ejecting_ball'====== Args={'balls': 1, 'target': <ball_device.bd_autolauncher>, 'source': <ball_device.bd_trough>, 'mechanical_eject': True, 'num_attempts': 3}
2026-04-24 15:43:06,025 : INFO : ball_device.bd_trough : Wait for ball to leave device
2026-04-24 15:43:06,025 : INFO : coil.c_trough : Pulsing Driver for 12ms (1.0 pulse_power)
2026-04-24 15:43:07,026 : INFO : EventManager : Event: ======'balldevice_bd_trough_ball_eject_failed'====== Args={'target': <ball_device.bd_autolauncher>, 'balls': 1, 'retry': True, 'num_attempts': 4}
2026-04-24 15:43:07,028 : INFO : ball_device.bd_trough : State: waiting_for_target_ready
2026-04-24 15:43:07,028 : INFO : EventManager : Event: ======'balldevice_bd_trough_ball_eject_attempt'====== Args={'balls': 1, 'target': <ball_device.bd_autolauncher>, 'source': <ball_device.bd_trough>, 'mechanical_eject': True, 'num_attempts': 4}
2026-04-24 15:43:07,029 : INFO : ball_device.bd_trough : State: ejecting
2026-04-24 15:43:07,029 : INFO : ball_device.bd_trough : Ejecting ball to <ball_device.bd_autolauncher>
2026-04-24 15:43:07,029 : INFO : EventManager : Event: ======'balldevice_bd_trough_ejecting_ball'====== Args={'balls': 1, 'target': <ball_device.bd_autolauncher>, 'source': <ball_device.bd_trough>, 'mechanical_eject': True, 'num_attempts': 4}
2026-04-24 15:43:07,030 : INFO : ball_device.bd_trough : Wait for ball to leave device
2026-04-24 15:43:07,030 : INFO : coil.c_trough : Pulsing Driver for 12ms (1.0 pulse_power)
2026-04-24 15:43:08,031 : INFO : EventManager : Event: ======'balldevice_bd_trough_ball_eject_failed'====== Args={'target': <ball_device.bd_autolauncher>, 'balls': 1, 'retry': True, 'num_attempts': 5}
2026-04-24 15:43:08,032 : INFO : ball_device.bd_trough : State: waiting_for_target_ready
2026-04-24 15:43:08,033 : INFO : EventManager : Event: ======'balldevice_bd_trough_ball_eject_attempt'====== Args={'balls': 1, 'target': <ball_device.bd_autolauncher>, 'source': <ball_device.bd_trough>, 'mechanical_eject': True, 'num_attempts': 5}
2026-04-24 15:43:08,033 : INFO : ball_device.bd_trough : State: ejecting
2026-04-24 15:43:08,034 : INFO : ball_device.bd_trough : Ejecting ball to <ball_device.bd_autolauncher>
2026-04-24 15:43:08,034 : INFO : EventManager : Event: ======'balldevice_bd_trough_ejecting_ball'====== Args={'balls': 1, 'target': <ball_device.bd_autolauncher>, 'source': <ball_device.bd_trough>, 'mechanical_eject': True, 'num_attempts': 5}
2026-04-24 15:43:08,034 : INFO : ball_device.bd_trough : Wait for ball to leave device
2026-04-24 15:43:08,034 : INFO : coil.c_trough : Pulsing Driver for 12ms (1.0 pulse_power)
2026-04-24 15:43:09,037 : INFO : EventManager : Event: ======'balldevice_bd_trough_ball_eject_failed'====== Args={'target': <ball_device.bd_autolauncher>, 'balls': 1, 'retry': True, 'num_attempts': 6}
2026-04-24 15:43:09,039 : INFO : ball_device.bd_trough : State: waiting_for_target_ready
2026-04-24 15:43:09,040 : INFO : EventManager : Event: ======'balldevice_bd_trough_ball_eject_attempt'====== Args={'balls': 1, 'target': <ball_device.bd_autolauncher>, 'source': <ball_device.bd_trough>, 'mechanical_eject': True, 'num_attempts': 6}
2026-04-24 15:43:09,041 : INFO : ball_device.bd_trough : State: ejecting
2026-04-24 15:43:09,044 : INFO : ball_device.bd_trough : Ejecting ball to <ball_device.bd_autolauncher>
2026-04-24 15:43:09,045 : INFO : EventManager : Event: ======'balldevice_bd_trough_ejecting_ball'====== Args={'balls': 1, 'target': <ball_device.bd_autolauncher>, 'source': <ball_device.bd_trough>, 'mechanical_eject': True, 'num_attempts': 6}
2026-04-24 15:43:09,047 : INFO : ball_device.bd_trough : Wait for ball to leave device
2026-04-24 15:43:09,047 : INFO : coil.c_trough : Pulsing Driver for 12ms (1.0 pulse_power)
2026-04-24 15:43:10,048 : INFO : EventManager : Event: ======'balldevice_bd_trough_ball_eject_failed'====== Args={'target': <ball_device.bd_autolauncher>, 'balls': 1, 'retry': True, 'num_attempts': 7}
2026-04-24 15:43:10,051 : INFO : ball_device.bd_trough : State: waiting_for_target_ready
2026-04-24 15:43:10,051 : INFO : EventManager : Event: ======'balldevice_bd_trough_ball_eject_attempt'====== Args={'balls': 1, 'target': <ball_device.bd_autolauncher>, 'source': <ball_device.bd_trough>, 'mechanical_eject': True, 'num_attempts': 7}
2026-04-24 15:43:10,052 : INFO : ball_device.bd_trough : State: ejecting
2026-04-24 15:43:10,053 : INFO : ball_device.bd_trough : Ejecting ball to <ball_device.bd_autolauncher>
2026-04-24 15:43:10,053 : INFO : EventManager : Event: ======'balldevice_bd_trough_ejecting_ball'====== Args={'balls': 1, 'target': <ball_device.bd_autolauncher>, 'source': <ball_device.bd_trough>, 'mechanical_eject': True, 'num_attempts': 7}
2026-04-24 15:43:10,055 : INFO : ball_device.bd_trough : Wait for ball to leave device
2026-04-24 15:43:10,056 : INFO : coil.c_trough : Pulsing Driver for 12ms (1.0 pulse_power)
2026-04-24 15:43:11,057 : INFO : EventManager : Event: ======'balldevice_bd_trough_ball_eject_failed'====== Args={'target': <ball_device.bd_autolauncher>, 'balls': 1, 'retry': True, 'num_attempts': 8}
2026-04-24 15:43:11,059 : INFO : ball_device.bd_trough : State: waiting_for_target_ready
2026-04-24 15:43:11,060 : INFO : EventManager : Event: ======'balldevice_bd_trough_ball_eject_attempt'====== Args={'balls': 1, 'target': <ball_device.bd_autolauncher>, 'source': <ball_device.bd_trough>, 'mechanical_eject': True, 'num_attempts': 8}
2026-04-24 15:43:11,061 : INFO : ball_device.bd_trough : State: ejecting
2026-04-24 15:43:11,061 : INFO : ball_device.bd_trough : Ejecting ball to <ball_device.bd_autolauncher>
2026-04-24 15:43:11,061 : INFO : EventManager : Event: ======'balldevice_bd_trough_ejecting_ball'====== Args={'balls': 1, 'target': <ball_device.bd_autolauncher>, 'source': <ball_device.bd_trough>, 'mechanical_eject': True, 'num_attempts': 8}
2026-04-24 15:43:11,063 : INFO : ball_device.bd_trough : Wait for ball to leave device
2026-04-24 15:43:11,063 : INFO : coil.c_trough : Pulsing Driver for 12ms (1.0 pulse_power)
2026-04-24 15:43:12,064 : INFO : EventManager : Event: ======'balldevice_bd_trough_ball_eject_failed'====== Args={'target': <ball_device.bd_autolauncher>, 'balls': 1, 'retry': True, 'num_attempts': 9}
2026-04-24 15:43:12,065 : INFO : ball_device.bd_trough : State: waiting_for_target_ready
2026-04-24 15:43:12,066 : INFO : EventManager : Event: ======'balldevice_bd_trough_ball_eject_attempt'====== Args={'balls': 1, 'target': <ball_device.bd_autolauncher>, 'source': <ball_device.bd_trough>, 'mechanical_eject': True, 'num_attempts': 9}
2026-04-24 15:43:12,067 : INFO : ball_device.bd_trough : State: ejecting
2026-04-24 15:43:12,067 : INFO : ball_device.bd_trough : Ejecting ball to <ball_device.bd_autolauncher>
2026-04-24 15:43:12,067 : INFO : EventManager : Event: ======'balldevice_bd_trough_ejecting_ball'====== Args={'balls': 1, 'target': <ball_device.bd_autolauncher>, 'source': <ball_device.bd_trough>, 'mechanical_eject': True, 'num_attempts': 9}
2026-04-24 15:43:12,068 : INFO : ball_device.bd_trough : Wait for ball to leave device
2026-04-24 15:43:12,069 : INFO : coil.c_trough : Pulsing Driver for 12ms (1.0 pulse_power)
2026-04-24 15:43:13,071 : INFO : EventManager : Event: ======'balldevice_bd_trough_ball_eject_failed'====== Args={'target': <ball_device.bd_autolauncher>, 'balls': 1, 'retry': True, 'num_attempts': 10}
2026-04-24 15:43:13,073 : INFO : ball_device.bd_trough : State: waiting_for_target_ready
2026-04-24 15:43:13,074 : INFO : EventManager : Event: ======'balldevice_bd_trough_ball_eject_attempt'====== Args={'balls': 1, 'target': <ball_device.bd_autolauncher>, 'source': <ball_device.bd_trough>, 'mechanical_eject': True, 'num_attempts': 10}
2026-04-24 15:43:13,075 : INFO : ball_device.bd_trough : State: ejecting
2026-04-24 15:43:13,075 : INFO : ball_device.bd_trough : Ejecting ball to <ball_device.bd_autolauncher>
2026-04-24 15:43:13,075 : INFO : EventManager : Event: ======'balldevice_bd_trough_ejecting_ball'====== Args={'balls': 1, 'target': <ball_device.bd_autolauncher>, 'source': <ball_device.bd_trough>, 'mechanical_eject': True, 'num_attempts': 10}
2026-04-24 15:43:13,076 : INFO : ball_device.bd_trough : Wait for ball to leave device
2026-04-24 15:43:13,076 : INFO : coil.c_trough : Pulsing Driver for 12ms (1.0 pulse_power)
2026-04-24 15:43:14,078 : INFO : EventManager : Event: ======'balldevice_bd_trough_ball_eject_failed'====== Args={'target': <ball_device.bd_autolauncher>, 'balls': 1, 'retry': True, 'num_attempts': 11}
2026-04-24 15:43:14,080 : INFO : ball_device.bd_trough : State: waiting_for_target_ready
2026-04-24 15:43:14,080 : INFO : EventManager : Event: ======'balldevice_bd_trough_ball_eject_attempt'====== Args={'balls': 1, 'target': <ball_device.bd_autolauncher>, 'source': <ball_device.bd_trough>, 'mechanical_eject': True, 'num_attempts': 11}
2026-04-24 15:43:14,081 : INFO : ball_device.bd_trough : State: ejecting
2026-04-24 15:43:14,081 : INFO : ball_device.bd_trough : Ejecting ball to <ball_device.bd_autolauncher>
2026-04-24 15:43:14,081 : INFO : EventManager : Event: ======'balldevice_bd_trough_ejecting_ball'====== Args={'balls': 1, 'target': <ball_device.bd_autolauncher>, 'source': <ball_device.bd_trough>, 'mechanical_eject': True, 'num_attempts': 11}
2026-04-24 15:43:14,082 : INFO : ball_device.bd_trough : Wait for ball to leave device
2026-04-24 15:43:14,082 : INFO : coil.c_trough : Pulsing Driver for 12ms (1.0 pulse_power)
2026-04-24 15:43:15,083 : INFO : EventManager : Event: ======'balldevice_bd_trough_ball_eject_failed'====== Args={'target': <ball_device.bd_autolauncher>, 'balls': 1, 'retry': True, 'num_attempts': 12}
2026-04-24 15:43:15,085 : INFO : ball_device.bd_trough : State: waiting_for_target_ready
2026-04-24 15:43:15,085 : INFO : EventManager : Event: ======'balldevice_bd_trough_ball_eject_attempt'====== Args={'balls': 1, 'target': <ball_device.bd_autolauncher>, 'source': <ball_device.bd_trough>, 'mechanical_eject': True, 'num_attempts': 12}
2026-04-24 15:43:15,086 : INFO : ball_device.bd_trough : State: ejecting
2026-04-24 15:43:15,086 : INFO : ball_device.bd_trough : Ejecting ball to <ball_device.bd_autolauncher>
2026-04-24 15:43:15,086 : INFO : EventManager : Event: ======'balldevice_bd_trough_ejecting_ball'====== Args={'balls': 1, 'target': <ball_device.bd_autolauncher>, 'source': <ball_device.bd_trough>, 'mechanical_eject': True, 'num_attempts': 12}
2026-04-24 15:43:15,088 : INFO : ball_device.bd_trough : Wait for ball to leave device
2026-04-24 15:43:15,089 : INFO : coil.c_trough : Pulsing Driver for 12ms (1.0 pulse_power)
2026-04-24 15:43:16,090 : INFO : EventManager : Event: ======'balldevice_bd_trough_ball_eject_failed'====== Args={'target': <ball_device.bd_autolauncher>, 'balls': 1, 'retry': True, 'num_attempts': 13}
2026-04-24 15:43:16,091 : INFO : ball_device.bd_trough : State: waiting_for_target_ready
2026-04-24 15:43:16,092 : INFO : EventManager : Event: ======'balldevice_bd_trough_ball_eject_attempt'====== Args={'balls': 1, 'target': <ball_device.bd_autolauncher>, 'source': <ball_device.bd_trough>, 'mechanical_eject': True, 'num_attempts': 13}
2026-04-24 15:43:16,092 : INFO : ball_device.bd_trough : State: ejecting
2026-04-24 15:43:16,093 : INFO : ball_device.bd_trough : Ejecting ball to <ball_device.bd_autolauncher>
2026-04-24 15:43:16,093 : INFO : EventManager : Event: ======'balldevice_bd_trough_ejecting_ball'====== Args={'balls': 1, 'target': <ball_device.bd_autolauncher>, 'source': <ball_device.bd_trough>, 'mechanical_eject': True, 'num_attempts': 13}
2026-04-24 15:43:16,094 : INFO : ball_device.bd_trough : Wait for ball to leave device
2026-04-24 15:43:16,094 : INFO : coil.c_trough : Pulsing Driver for 12ms (1.0 pulse_power)
2026-04-24 15:43:17,096 : INFO : EventManager : Event: ======'balldevice_bd_trough_ball_eject_failed'====== Args={'target': <ball_device.bd_autolauncher>, 'balls': 1, 'retry': True, 'num_attempts': 14}
2026-04-24 15:43:17,098 : INFO : ball_device.bd_trough : State: waiting_for_target_ready
2026-04-24 15:43:17,098 : INFO : EventManager : Event: ======'balldevice_bd_trough_ball_eject_attempt'====== Args={'balls': 1, 'target': <ball_device.bd_autolauncher>, 'source': <ball_device.bd_trough>, 'mechanical_eject': True, 'num_attempts': 14}
2026-04-24 15:43:17,099 : INFO : ball_device.bd_trough : State: ejecting
2026-04-24 15:43:17,100 : INFO : ball_device.bd_trough : Ejecting ball to <ball_device.bd_autolauncher>
2026-04-24 15:43:17,100 : INFO : EventManager : Event: ======'balldevice_bd_trough_ejecting_ball'====== Args={'balls': 1, 'target': <ball_device.bd_autolauncher>, 'source': <ball_device.bd_trough>, 'mechanical_eject': True, 'num_attempts': 14}
2026-04-24 15:43:17,101 : INFO : ball_device.bd_trough : Wait for ball to leave device
2026-04-24 15:43:17,101 : INFO : coil.c_trough : Pulsing Driver for 12ms (1.0 pulse_power)
2026-04-24 15:43:18,103 : INFO : EventManager : Event: ======'balldevice_bd_trough_ball_eject_failed'====== Args={'target': <ball_device.bd_autolauncher>, 'balls': 1, 'retry': True, 'num_attempts': 15}
2026-04-24 15:43:18,105 : INFO : ball_device.bd_trough : State: waiting_for_target_ready
2026-04-24 15:43:18,105 : INFO : EventManager : Event: ======'balldevice_bd_trough_ball_eject_attempt'====== Args={'balls': 1, 'target': <ball_device.bd_autolauncher>, 'source': <ball_device.bd_trough>, 'mechanical_eject': True, 'num_attempts': 15}
2026-04-24 15:43:18,105 : INFO : ball_device.bd_trough : State: ejecting
2026-04-24 15:43:18,105 : INFO : ball_device.bd_trough : Ejecting ball to <ball_device.bd_autolauncher>
2026-04-24 15:43:18,105 : INFO : EventManager : Event: ======'balldevice_bd_trough_ejecting_ball'====== Args={'balls': 1, 'target': <ball_device.bd_autolauncher>, 'source': <ball_device.bd_trough>, 'mechanical_eject': True, 'num_attempts': 15}
2026-04-24 15:43:18,106 : INFO : ball_device.bd_trough : Wait for ball to leave device
2026-04-24 15:43:18,106 : INFO : coil.c_trough : Pulsing Driver for 12ms (1.0 pulse_power)
2026-04-24 15:43:19,107 : INFO : EventManager : Event: ======'balldevice_bd_trough_ball_eject_failed'====== Args={'target': <ball_device.bd_autolauncher>, 'balls': 1, 'retry': True, 'num_attempts': 16}
2026-04-24 15:43:19,108 : INFO : ball_device.bd_trough : State: waiting_for_target_ready
2026-04-24 15:43:19,108 : INFO : EventManager : Event: ======'balldevice_bd_trough_ball_eject_attempt'====== Args={'balls': 1, 'target': <ball_device.bd_autolauncher>, 'source': <ball_device.bd_trough>, 'mechanical_eject': True, 'num_attempts': 16}
2026-04-24 15:43:19,109 : INFO : ball_device.bd_trough : State: ejecting
2026-04-24 15:43:19,109 : INFO : ball_device.bd_trough : Ejecting ball to <ball_device.bd_autolauncher>
2026-04-24 15:43:19,109 : INFO : EventManager : Event: ======'balldevice_bd_trough_ejecting_ball'====== Args={'balls': 1, 'target': <ball_device.bd_autolauncher>, 'source': <ball_device.bd_trough>, 'mechanical_eject': True, 'num_attempts': 16}
2026-04-24 15:43:19,112 : INFO : ball_device.bd_trough : Wait for ball to leave device
2026-04-24 15:43:19,113 : INFO : coil.c_trough : Pulsing Driver for 12ms (1.0 pulse_power)
2026-04-24 15:43:20,113 : INFO : EventManager : Event: ======'balldevice_bd_trough_ball_eject_failed'====== Args={'target': <ball_device.bd_autolauncher>, 'balls': 1, 'retry': True, 'num_attempts': 17}
2026-04-24 15:43:20,115 : INFO : ball_device.bd_trough : State: waiting_for_target_ready
2026-04-24 15:43:20,115 : INFO : EventManager : Event: ======'balldevice_bd_trough_ball_eject_attempt'====== Args={'balls': 1, 'target': <ball_device.bd_autolauncher>, 'source': <ball_device.bd_trough>, 'mechanical_eject': True, 'num_attempts': 17}
2026-04-24 15:43:20,116 : INFO : ball_device.bd_trough : State: ejecting
2026-04-24 15:43:20,116 : INFO : ball_device.bd_trough : Ejecting ball to <ball_device.bd_autolauncher>
2026-04-24 15:43:20,116 : INFO : EventManager : Event: ======'balldevice_bd_trough_ejecting_ball'====== Args={'balls': 1, 'target': <ball_device.bd_autolauncher>, 'source': <ball_device.bd_trough>, 'mechanical_eject': True, 'num_attempts': 17}
2026-04-24 15:43:20,117 : INFO : ball_device.bd_trough : Wait for ball to leave device
2026-04-24 15:43:20,117 : INFO : coil.c_trough : Pulsing Driver for 12ms (1.0 pulse_power)
2026-04-24 15:43:21,119 : INFO : EventManager : Event: ======'balldevice_bd_trough_ball_eject_failed'====== Args={'target': <ball_device.bd_autolauncher>, 'balls': 1, 'retry': True, 'num_attempts': 18}
2026-04-24 15:43:21,120 : INFO : ball_device.bd_trough : State: waiting_for_target_ready
2026-04-24 15:43:21,121 : INFO : EventManager : Event: ======'balldevice_bd_trough_ball_eject_attempt'====== Args={'balls': 1, 'target': <ball_device.bd_autolauncher>, 'source': <ball_device.bd_trough>, 'mechanical_eject': True, 'num_attempts': 18}
2026-04-24 15:43:21,121 : INFO : ball_device.bd_trough : State: ejecting
2026-04-24 15:43:21,122 : INFO : ball_device.bd_trough : Ejecting ball to <ball_device.bd_autolauncher>
2026-04-24 15:43:21,122 : INFO : EventManager : Event: ======'balldevice_bd_trough_ejecting_ball'====== Args={'balls': 1, 'target': <ball_device.bd_autolauncher>, 'source': <ball_device.bd_trough>, 'mechanical_eject': True, 'num_attempts': 18}
2026-04-24 15:43:21,123 : INFO : ball_device.bd_trough : Wait for ball to leave device
2026-04-24 15:43:21,123 : INFO : coil.c_trough : Pulsing Driver for 12ms (1.0 pulse_power)
2026-04-24 15:43:22,124 : INFO : EventManager : Event: ======'balldevice_bd_trough_ball_eject_failed'====== Args={'target': <ball_device.bd_autolauncher>, 'balls': 1, 'retry': True, 'num_attempts': 19}
2026-04-24 15:43:22,125 : INFO : ball_device.bd_trough : State: waiting_for_target_ready
2026-04-24 15:43:22,125 : INFO : EventManager : Event: ======'balldevice_bd_trough_ball_eject_attempt'====== Args={'balls': 1, 'target': <ball_device.bd_autolauncher>, 'source': <ball_device.bd_trough>, 'mechanical_eject': True, 'num_attempts': 19}
2026-04-24 15:43:22,126 : INFO : ball_device.bd_trough : State: ejecting
2026-04-24 15:43:22,126 : INFO : ball_device.bd_trough : Ejecting ball to <ball_device.bd_autolauncher>
2026-04-24 15:43:22,126 : INFO : EventManager : Event: ======'balldevice_bd_trough_ejecting_ball'====== Args={'balls': 1, 'target': <ball_device.bd_autolauncher>, 'source': <ball_device.bd_trough>, 'mechanical_eject': True, 'num_attempts': 19}
2026-04-24 15:43:22,126 : INFO : ball_device.bd_trough : Wait for ball to leave device
2026-04-24 15:43:22,126 : INFO : coil.c_trough : Pulsing Driver for 12ms (1.0 pulse_power)
2026-04-24 15:43:23,128 : INFO : EventManager : Event: ======'balldevice_bd_trough_ball_eject_failed'====== Args={'target': <ball_device.bd_autolauncher>, 'balls': 1, 'retry': True, 'num_attempts': 20}
2026-04-24 15:43:23,129 : INFO : ball_device.bd_trough : State: waiting_for_target_ready
2026-04-24 15:43:23,130 : INFO : EventManager : Event: ======'balldevice_bd_trough_ball_eject_attempt'====== Args={'balls': 1, 'target': <ball_device.bd_autolauncher>, 'source': <ball_device.bd_trough>, 'mechanical_eject': True, 'num_attempts': 20}
2026-04-24 15:43:23,130 : INFO : ball_device.bd_trough : State: ejecting
2026-04-24 15:43:23,130 : INFO : ball_device.bd_trough : Ejecting ball to <ball_device.bd_autolauncher>
2026-04-24 15:43:23,131 : INFO : EventManager : Event: ======'balldevice_bd_trough_ejecting_ball'====== Args={'balls': 1, 'target': <ball_device.bd_autolauncher>, 'source': <ball_device.bd_trough>, 'mechanical_eject': True, 'num_attempts': 20}
2026-04-24 15:43:23,131 : INFO : ball_device.bd_trough : Wait for ball to leave device
2026-04-24 15:43:23,132 : INFO : coil.c_trough : Pulsing Driver for 12ms (1.0 pulse_power)
2026-04-24 15:43:24,133 : INFO : EventManager : Event: ======'balldevice_bd_trough_ball_eject_failed'====== Args={'target': <ball_device.bd_autolauncher>, 'balls': 1, 'retry': True, 'num_attempts': 21}
2026-04-24 15:43:24,135 : INFO : ball_device.bd_trough : State: waiting_for_target_ready
2026-04-24 15:43:24,135 : INFO : EventManager : Event: ======'balldevice_bd_trough_ball_eject_attempt'====== Args={'balls': 1, 'target': <ball_device.bd_autolauncher>, 'source': <ball_device.bd_trough>, 'mechanical_eject': True, 'num_attempts': 21}
2026-04-24 15:43:24,136 : INFO : ball_device.bd_trough : State: ejecting
2026-04-24 15:43:24,136 : INFO : ball_device.bd_trough : Ejecting ball to <ball_device.bd_autolauncher>
2026-04-24 15:43:24,136 : INFO : EventManager : Event: ======'balldevice_bd_trough_ejecting_ball'====== Args={'balls': 1, 'target': <ball_device.bd_autolauncher>, 'source': <ball_device.bd_trough>, 'mechanical_eject': True, 'num_attempts': 21}
2026-04-24 15:43:24,137 : INFO : ball_device.bd_trough : Wait for ball to leave device
2026-04-24 15:43:24,137 : INFO : coil.c_trough : Pulsing Driver for 12ms (1.0 pulse_power)
2026-04-24 15:43:25,139 : INFO : EventManager : Event: ======'balldevice_bd_trough_ball_eject_failed'====== Args={'target': <ball_device.bd_autolauncher>, 'balls': 1, 'retry': True, 'num_attempts': 22}
2026-04-24 15:43:25,140 : INFO : ball_device.bd_trough : State: waiting_for_target_ready
2026-04-24 15:43:25,141 : INFO : EventManager : Event: ======'balldevice_bd_trough_ball_eject_attempt'====== Args={'balls': 1, 'target': <ball_device.bd_autolauncher>, 'source': <ball_device.bd_trough>, 'mechanical_eject': True, 'num_attempts': 22}
2026-04-24 15:43:25,141 : INFO : ball_device.bd_trough : State: ejecting
2026-04-24 15:43:25,142 : INFO : ball_device.bd_trough : Ejecting ball to <ball_device.bd_autolauncher>
2026-04-24 15:43:25,142 : INFO : EventManager : Event: ======'balldevice_bd_trough_ejecting_ball'====== Args={'balls': 1, 'target': <ball_device.bd_autolauncher>, 'source': <ball_device.bd_trough>, 'mechanical_eject': True, 'num_attempts': 22}
2026-04-24 15:43:25,142 : INFO : ball_device.bd_trough : Wait for ball to leave device
2026-04-24 15:43:25,143 : INFO : coil.c_trough : Pulsing Driver for 12ms (1.0 pulse_power)
2026-04-24 15:43:26,145 : INFO : EventManager : Event: ======'balldevice_bd_trough_ball_eject_failed'====== Args={'target': <ball_device.bd_autolauncher>, 'balls': 1, 'retry': True, 'num_attempts': 23}
2026-04-24 15:43:26,147 : INFO : ball_device.bd_trough : State: waiting_for_target_ready
2026-04-24 15:43:26,147 : INFO : EventManager : Event: ======'balldevice_bd_trough_ball_eject_attempt'====== Args={'balls': 1, 'target': <ball_device.bd_autolauncher>, 'source': <ball_device.bd_trough>, 'mechanical_eject': True, 'num_attempts': 23}
2026-04-24 15:43:26,148 : INFO : ball_device.bd_trough : State: ejecting
2026-04-24 15:43:26,148 : INFO : ball_device.bd_trough : Ejecting ball to <ball_device.bd_autolauncher>
2026-04-24 15:43:26,148 : INFO : EventManager : Event: ======'balldevice_bd_trough_ejecting_ball'====== Args={'balls': 1, 'target': <ball_device.bd_autolauncher>, 'source': <ball_device.bd_trough>, 'mechanical_eject': True, 'num_attempts': 23}
2026-04-24 15:43:26,149 : INFO : ball_device.bd_trough : Wait for ball to leave device
2026-04-24 15:43:26,149 : INFO : coil.c_trough : Pulsing Driver for 12ms (1.0 pulse_power)
2026-04-24 15:43:27,150 : INFO : EventManager : Event: ======'balldevice_bd_trough_ball_eject_failed'====== Args={'target': <ball_device.bd_autolauncher>, 'balls': 1, 'retry': True, 'num_attempts': 24}
2026-04-24 15:43:27,151 : INFO : ball_device.bd_trough : State: waiting_for_target_ready
2026-04-24 15:43:27,151 : INFO : EventManager : Event: ======'balldevice_bd_trough_ball_eject_attempt'====== Args={'balls': 1, 'target': <ball_device.bd_autolauncher>, 'source': <ball_device.bd_trough>, 'mechanical_eject': True, 'num_attempts': 24}
2026-04-24 15:43:27,152 : INFO : ball_device.bd_trough : State: ejecting
2026-04-24 15:43:27,152 : INFO : ball_device.bd_trough : Ejecting ball to <ball_device.bd_autolauncher>
2026-04-24 15:43:27,152 : INFO : EventManager : Event: ======'balldevice_bd_trough_ejecting_ball'====== Args={'balls': 1, 'target': <ball_device.bd_autolauncher>, 'source': <ball_device.bd_trough>, 'mechanical_eject': True, 'num_attempts': 24}
2026-04-24 15:43:27,152 : INFO : ball_device.bd_trough : Wait for ball to leave device
2026-04-24 15:43:27,153 : INFO : coil.c_trough : Pulsing Driver for 12ms (1.0 pulse_power)
2026-04-24 15:43:28,154 : INFO : EventManager : Event: ======'balldevice_bd_trough_ball_eject_failed'====== Args={'target': <ball_device.bd_autolauncher>, 'balls': 1, 'retry': True, 'num_attempts': 25}
2026-04-24 15:43:28,155 : INFO : ball_device.bd_trough : State: waiting_for_target_ready
2026-04-24 15:43:28,156 : INFO : EventManager : Event: ======'balldevice_bd_trough_ball_eject_attempt'====== Args={'balls': 1, 'target': <ball_device.bd_autolauncher>, 'source': <ball_device.bd_trough>, 'mechanical_eject': True, 'num_attempts': 25}
2026-04-24 15:43:28,156 : INFO : ball_device.bd_trough : State: ejecting
2026-04-24 15:43:28,157 : INFO : ball_device.bd_trough : Ejecting ball to <ball_device.bd_autolauncher>
2026-04-24 15:43:28,157 : INFO : EventManager : Event: ======'balldevice_bd_trough_ejecting_ball'====== Args={'balls': 1, 'target': <ball_device.bd_autolauncher>, 'source': <ball_device.bd_trough>, 'mechanical_eject': True, 'num_attempts': 25}
2026-04-24 15:43:28,158 : INFO : ball_device.bd_trough : Wait for ball to leave device
2026-04-24 15:43:28,158 : INFO : coil.c_trough : Pulsing Driver for 12ms (1.0 pulse_power)
2026-04-24 15:43:29,159 : INFO : EventManager : Event: ======'balldevice_bd_trough_ball_eject_failed'====== Args={'target': <ball_device.bd_autolauncher>, 'balls': 1, 'retry': True, 'num_attempts': 26}
2026-04-24 15:43:29,162 : INFO : ball_device.bd_trough : State: waiting_for_target_ready
2026-04-24 15:43:29,162 : INFO : EventManager : Event: ======'balldevice_bd_trough_ball_eject_attempt'====== Args={'balls': 1, 'target': <ball_device.bd_autolauncher>, 'source': <ball_device.bd_trough>, 'mechanical_eject': True, 'num_attempts': 26}
2026-04-24 15:43:29,163 : INFO : ball_device.bd_trough : State: ejecting
2026-04-24 15:43:29,164 : INFO : ball_device.bd_trough : Ejecting ball to <ball_device.bd_autolauncher>
2026-04-24 15:43:29,164 : INFO : EventManager : Event: ======'balldevice_bd_trough_ejecting_ball'====== Args={'balls': 1, 'target': <ball_device.bd_autolauncher>, 'source': <ball_device.bd_trough>, 'mechanical_eject': True, 'num_attempts': 26}
2026-04-24 15:43:29,165 : INFO : ball_device.bd_trough : Wait for ball to leave device
2026-04-24 15:43:29,166 : INFO : coil.c_trough : Pulsing Driver for 12ms (1.0 pulse_power)
2026-04-24 15:43:30,167 : INFO : EventManager : Event: ======'balldevice_bd_trough_ball_eject_failed'====== Args={'target': <ball_device.bd_autolauncher>, 'balls': 1, 'retry': True, 'num_attempts': 27}
2026-04-24 15:43:30,168 : INFO : ball_device.bd_trough : State: waiting_for_target_ready
2026-04-24 15:43:30,169 : INFO : EventManager : Event: ======'balldevice_bd_trough_ball_eject_attempt'====== Args={'balls': 1, 'target': <ball_device.bd_autolauncher>, 'source': <ball_device.bd_trough>, 'mechanical_eject': True, 'num_attempts': 27}
2026-04-24 15:43:30,170 : INFO : ball_device.bd_trough : State: ejecting
2026-04-24 15:43:30,170 : INFO : ball_device.bd_trough : Ejecting ball to <ball_device.bd_autolauncher>
2026-04-24 15:43:30,170 : INFO : EventManager : Event: ======'balldevice_bd_trough_ejecting_ball'====== Args={'balls': 1, 'target': <ball_device.bd_autolauncher>, 'source': <ball_device.bd_trough>, 'mechanical_eject': True, 'num_attempts': 27}
2026-04-24 15:43:30,172 : INFO : ball_device.bd_trough : Wait for ball to leave device
2026-04-24 15:43:30,173 : INFO : coil.c_trough : Pulsing Driver for 12ms (1.0 pulse_power)
2026-04-24 15:43:31,174 : INFO : EventManager : Event: ======'balldevice_bd_trough_ball_eject_failed'====== Args={'target': <ball_device.bd_autolauncher>, 'balls': 1, 'retry': True, 'num_attempts': 28}
2026-04-24 15:43:31,176 : INFO : ball_device.bd_trough : State: waiting_for_target_ready
2026-04-24 15:43:31,177 : INFO : EventManager : Event: ======'balldevice_bd_trough_ball_eject_attempt'====== Args={'balls': 1, 'target': <ball_device.bd_autolauncher>, 'source': <ball_device.bd_trough>, 'mechanical_eject': True, 'num_attempts': 28}
2026-04-24 15:43:31,177 : INFO : ball_device.bd_trough : State: ejecting
2026-04-24 15:43:31,177 : INFO : ball_device.bd_trough : Ejecting ball to <ball_device.bd_autolauncher>
2026-04-24 15:43:31,178 : INFO : EventManager : Event: ======'balldevice_bd_trough_ejecting_ball'====== Args={'balls': 1, 'target': <ball_device.bd_autolauncher>, 'source': <ball_device.bd_trough>, 'mechanical_eject': True, 'num_attempts': 28}
2026-04-24 15:43:31,179 : INFO : ball_device.bd_trough : Wait for ball to leave device
2026-04-24 15:43:31,180 : INFO : coil.c_trough : Pulsing Driver for 12ms (1.0 pulse_power)
2026-04-24 15:43:32,182 : INFO : EventManager : Event: ======'balldevice_bd_trough_ball_eject_failed'====== Args={'target': <ball_device.bd_autolauncher>, 'balls': 1, 'retry': True, 'num_attempts': 29}
2026-04-24 15:43:32,183 : INFO : ball_device.bd_trough : State: waiting_for_target_ready
2026-04-24 15:43:32,184 : INFO : EventManager : Event: ======'balldevice_bd_trough_ball_eject_attempt'====== Args={'balls': 1, 'target': <ball_device.bd_autolauncher>, 'source': <ball_device.bd_trough>, 'mechanical_eject': True, 'num_attempts': 29}
2026-04-24 15:43:32,184 : INFO : ball_device.bd_trough : State: ejecting
2026-04-24 15:43:32,185 : INFO : ball_device.bd_trough : Ejecting ball to <ball_device.bd_autolauncher>
2026-04-24 15:43:32,185 : INFO : EventManager : Event: ======'balldevice_bd_trough_ejecting_ball'====== Args={'balls': 1, 'target': <ball_device.bd_autolauncher>, 'source': <ball_device.bd_trough>, 'mechanical_eject': True, 'num_attempts': 29}
2026-04-24 15:43:32,186 : INFO : ball_device.bd_trough : Wait for ball to leave device
2026-04-24 15:43:32,186 : INFO : coil.c_trough : Pulsing Driver for 12ms (1.0 pulse_power)
2026-04-24 15:43:33,188 : INFO : EventManager : Event: ======'balldevice_bd_trough_ball_eject_failed'====== Args={'target': <ball_device.bd_autolauncher>, 'balls': 1, 'retry': True, 'num_attempts': 30}
2026-04-24 15:43:33,189 : INFO : ball_device.bd_trough : State: waiting_for_target_ready
2026-04-24 15:43:33,190 : INFO : EventManager : Event: ======'balldevice_bd_trough_ball_eject_attempt'====== Args={'balls': 1, 'target': <ball_device.bd_autolauncher>, 'source': <ball_device.bd_trough>, 'mechanical_eject': True, 'num_attempts': 30}
2026-04-24 15:43:33,191 : INFO : ball_device.bd_trough : State: ejecting
2026-04-24 15:43:33,191 : INFO : ball_device.bd_trough : Ejecting ball to <ball_device.bd_autolauncher>
2026-04-24 15:43:33,192 : INFO : EventManager : Event: ======'balldevice_bd_trough_ejecting_ball'====== Args={'balls': 1, 'target': <ball_device.bd_autolauncher>, 'source': <ball_device.bd_trough>, 'mechanical_eject': True, 'num_attempts': 30}
2026-04-24 15:43:33,193 : INFO : ball_device.bd_trough : Wait for ball to leave device
2026-04-24 15:43:33,193 : INFO : coil.c_trough : Pulsing Driver for 12ms (1.0 pulse_power)
2026-04-24 15:43:34,194 : INFO : EventManager : Event: ======'balldevice_bd_trough_ball_eject_failed'====== Args={'target': <ball_device.bd_autolauncher>, 'balls': 1, 'retry': True, 'num_attempts': 31}
2026-04-24 15:43:34,196 : INFO : ball_device.bd_trough : State: waiting_for_target_ready
2026-04-24 15:43:34,197 : INFO : EventManager : Event: ======'balldevice_bd_trough_ball_eject_attempt'====== Args={'balls': 1, 'target': <ball_device.bd_autolauncher>, 'source': <ball_device.bd_trough>, 'mechanical_eject': True, 'num_attempts': 31}
2026-04-24 15:43:34,197 : INFO : ball_device.bd_trough : State: ejecting
2026-04-24 15:43:34,198 : INFO : ball_device.bd_trough : Ejecting ball to <ball_device.bd_autolauncher>
2026-04-24 15:43:34,198 : INFO : EventManager : Event: ======'balldevice_bd_trough_ejecting_ball'====== Args={'balls': 1, 'target': <ball_device.bd_autolauncher>, 'source': <ball_device.bd_trough>, 'mechanical_eject': True, 'num_attempts': 31}
2026-04-24 15:43:34,198 : INFO : ball_device.bd_trough : Wait for ball to leave device
2026-04-24 15:43:34,199 : INFO : coil.c_trough : Pulsing Driver for 12ms (1.0 pulse_power)
2026-04-24 15:43:35,200 : INFO : EventManager : Event: ======'balldevice_bd_trough_ball_eject_failed'====== Args={'target': <ball_device.bd_autolauncher>, 'balls': 1, 'retry': True, 'num_attempts': 32}
2026-04-24 15:43:35,201 : INFO : ball_device.bd_trough : State: waiting_for_target_ready
2026-04-24 15:43:35,201 : INFO : EventManager : Event: ======'balldevice_bd_trough_ball_eject_attempt'====== Args={'balls': 1, 'target': <ball_device.bd_autolauncher>, 'source': <ball_device.bd_trough>, 'mechanical_eject': True, 'num_attempts': 32}
2026-04-24 15:43:35,202 : INFO : ball_device.bd_trough : State: ejecting
2026-04-24 15:43:35,202 : INFO : ball_device.bd_trough : Ejecting ball to <ball_device.bd_autolauncher>
2026-04-24 15:43:35,202 : INFO : EventManager : Event: ======'balldevice_bd_trough_ejecting_ball'====== Args={'balls': 1, 'target': <ball_device.bd_autolauncher>, 'source': <ball_device.bd_trough>, 'mechanical_eject': True, 'num_attempts': 32}
2026-04-24 15:43:35,202 : INFO : ball_device.bd_trough : Wait for ball to leave device
2026-04-24 15:43:35,202 : INFO : coil.c_trough : Pulsing Driver for 12ms (1.0 pulse_power)
2026-04-24 15:43:36,203 : INFO : EventManager : Event: ======'balldevice_bd_trough_ball_eject_failed'====== Args={'target': <ball_device.bd_autolauncher>, 'balls': 1, 'retry': True, 'num_attempts': 33}
2026-04-24 15:43:36,205 : INFO : ball_device.bd_trough : State: waiting_for_target_ready
2026-04-24 15:43:36,205 : INFO : EventManager : Event: ======'balldevice_bd_trough_ball_eject_attempt'====== Args={'balls': 1, 'target': <ball_device.bd_autolauncher>, 'source': <ball_device.bd_trough>, 'mechanical_eject': True, 'num_attempts': 33}
2026-04-24 15:43:36,206 : INFO : ball_device.bd_trough : State: ejecting
2026-04-24 15:43:36,206 : INFO : ball_device.bd_trough : Ejecting ball to <ball_device.bd_autolauncher>
2026-04-24 15:43:36,206 : INFO : EventManager : Event: ======'balldevice_bd_trough_ejecting_ball'====== Args={'balls': 1, 'target': <ball_device.bd_autolauncher>, 'source': <ball_device.bd_trough>, 'mechanical_eject': True, 'num_attempts': 33}
2026-04-24 15:43:36,207 : INFO : ball_device.bd_trough : Wait for ball to leave device
2026-04-24 15:43:36,207 : INFO : coil.c_trough : Pulsing Driver for 12ms (1.0 pulse_power)
2026-04-24 15:43:36,984 : INFO : Machine : Shutting down...
2026-04-24 15:43:36,984 : INFO : EventManager : Event: ======'shutdown'====== Args={}
2026-04-24 15:43:36,999 : INFO : EventManager : Event: ======'mode_game_will_stop'====== Args={}
2026-04-24 15:43:36,999 : INFO : EventManager : Event: ======'mode_game_stopping'====== Args={}
2026-04-24 15:43:37,000 : INFO : EventManager : Event: ======'mode_base_gi_control_will_stop'====== Args={}
2026-04-24 15:43:37,000 : INFO : EventManager : Event: ======'mode_base_gi_control_stopping'====== Args={}
2026-04-24 15:43:37,000 : INFO : EventManager : Event: ======'mode_misc_drop_bank_will_stop'====== Args={}
2026-04-24 15:43:37,000 : INFO : EventManager : Event: ======'mode_misc_drop_bank_stopping'====== Args={}
2026-04-24 15:43:37,000 : INFO : EventManager : Event: ======'mode_diverter_activation_will_stop'====== Args={}
2026-04-24 15:43:37,000 : INFO : EventManager : Event: ======'mode_diverter_activation_stopping'====== Args={}
2026-04-24 15:43:37,000 : INFO : EventManager : Event: ======'mode_misc_launch_shows_will_stop'====== Args={}
2026-04-24 15:43:37,000 : INFO : EventManager : Event: ======'mode_misc_launch_shows_stopping'====== Args={}
2026-04-24 15:43:37,000 : INFO : EventManager : Event: ======'mode_base_will_stop'====== Args={}
2026-04-24 15:43:37,000 : INFO : EventManager : Event: ======'mode_base_stopping'====== Args={}
2026-04-24 15:43:37,000 : INFO : Mode.base : Stopped.
2026-04-24 15:43:37,000 : INFO : EventManager : Event: ======'modes_active_modes_changed'====== Args={}
2026-04-24 15:43:37,001 : INFO : EventManager : Event: ======'mode_base_stopped'====== Args={}
2026-04-24 15:43:37,001 : INFO : EventManager : Event: ======'clear'====== Args={'key': 'base'}
2026-04-24 15:43:37,002 : INFO : Mode.misc_launch_shows : Stopped.
2026-04-24 15:43:37,002 : INFO : EventManager : Event: ======'modes_active_modes_changed'====== Args={}
2026-04-24 15:43:37,003 : INFO : EventManager : Event: ======'mode_misc_launch_shows_stopped'====== Args={}
2026-04-24 15:43:37,003 : INFO : EventManager : Event: ======'clear'====== Args={'key': 'misc_launch_shows'}
2026-04-24 15:43:37,003 : INFO : Mode.diverter_activation : Stopped.
2026-04-24 15:43:37,003 : INFO : EventManager : Event: ======'modes_active_modes_changed'====== Args={}
2026-04-24 15:43:37,003 : INFO : EventManager : Event: ======'mode_diverter_activation_stopped'====== Args={}
2026-04-24 15:43:37,003 : INFO : EventManager : Event: ======'clear'====== Args={'key': 'diverter_activation'}
2026-04-24 15:43:37,003 : INFO : Mode.misc_drop_bank : Stopped.
2026-04-24 15:43:37,003 : INFO : EventManager : Event: ======'modes_active_modes_changed'====== Args={}
2026-04-24 15:43:37,003 : INFO : EventManager : Event: ======'mode_misc_drop_bank_stopped'====== Args={}
2026-04-24 15:43:37,003 : INFO : EventManager : Event: ======'clear'====== Args={'key': 'misc_drop_bank'}
2026-04-24 15:43:37,003 : INFO : Mode.base_gi_control : Stopped.
2026-04-24 15:43:37,003 : INFO : EventManager : Event: ======'modes_active_modes_changed'====== Args={}
2026-04-24 15:43:37,003 : INFO : EventManager : Event: ======'mode_base_gi_control_stopped'====== Args={}
2026-04-24 15:43:37,003 : INFO : EventManager : Event: ======'clear'====== Args={'key': 'base_gi_control'}
2026-04-24 15:43:37,003 : INFO : Mode.game : Stopped.
2026-04-24 15:43:37,004 : INFO : EventManager : Event: ======'modes_active_modes_changed'====== Args={}
2026-04-24 15:43:37,004 : INFO : EventManager : Event: ======'mode_game_stopped'====== Args={}
2026-04-24 15:43:37,004 : INFO : EventManager : Event: ======'clear'====== Args={'key': 'game'}
2026-04-24 15:43:37,006 : INFO : root : MPF run loop ended.
