2026-04-19 16:33:33,671 : INFO : root : Loading config.
2026-04-19 16:33:33,672 : INFO : YamlMultifileConfigLoader : Machine config file #1: config.yaml
2026-04-19 16:33:33,673 : WARNING : ConfigProcessor : Config file in cache changed: /Users/tannerpetch/Documents/GitHub/trashland_3/config/config.yaml
2026-04-19 16:33:33,673 : INFO : ConfigProcessor : Loading config from file /Library/Frameworks/Python.framework/Versions/3.11/lib/python3.11/site-packages/mpf/mpfconfig.yaml.
2026-04-19 16:33:33,676 : INFO : ConfigProcessor : Loading config: /Library/Frameworks/Python.framework/Versions/3.11/lib/python3.11/site-packages/mpf/mpfconfig.yaml
2026-04-19 16:33:33,676 : INFO : ConfigProcessor : Loading config from file /Users/tannerpetch/Documents/GitHub/trashland_3/config/config.yaml.
2026-04-19 16:33:33,677 : INFO : ConfigProcessor : Loading config: /Users/tannerpetch/Documents/GitHub/trashland_3/config/config.yaml
2026-04-19 16:33:33,681 : INFO : ConfigProcessor : Loading config: /Users/tannerpetch/Documents/GitHub/trashland_3/config/config_lights.yaml
2026-04-19 16:33:33,681 : INFO : ConfigProcessor : Loading config: /Users/tannerpetch/Documents/GitHub/trashland_3/config/config_modes.yaml
2026-04-19 16:33:33,682 : INFO : ConfigProcessor : Loading config: /Users/tannerpetch/Documents/GitHub/trashland_3/config/config_fast.yaml
2026-04-19 16:33:33,683 : INFO : ConfigProcessor : Loading config: /Users/tannerpetch/Documents/GitHub/trashland_3/config/config_coils.yaml
2026-04-19 16:33:33,685 : INFO : ConfigProcessor : Loading config: /Users/tannerpetch/Documents/GitHub/trashland_3/config/config_switches.yaml
2026-04-19 16:33:33,686 : INFO : ConfigProcessor : Loading config: /Users/tannerpetch/Documents/GitHub/trashland_3/config/config_devices.yaml
2026-04-19 16:33:33,687 : INFO : ConfigProcessor : Loading config: /Users/tannerpetch/Documents/GitHub/trashland_3/config/config_misc.yaml
2026-04-19 16:33:33,689 : INFO : ConfigProcessor : Config file cache created: /var/folders/l2/q8hj_6s91xnb2jxg1sqm0h7r0000gn/T/9d21ea9a81fcfc5941f8ed75c4a080eb.mpf_cache
2026-04-19 16:33:33,717 : INFO : ConfigProcessor : Loading config from cache: /var/folders/l2/q8hj_6s91xnb2jxg1sqm0h7r0000gn/T/43115b802accf167344a214047a50cd4.mpf_cache
2026-04-19 16:33:33,718 : INFO : ConfigProcessor : Loading config from cache: /var/folders/l2/q8hj_6s91xnb2jxg1sqm0h7r0000gn/T/bd1387dfa7de7ffc5bacad015019c743.mpf_cache
2026-04-19 16:33:33,718 : INFO : ConfigProcessor : Loading config from cache: /var/folders/l2/q8hj_6s91xnb2jxg1sqm0h7r0000gn/T/d126ded0bd5e51d3c29826a335e85340.mpf_cache
2026-04-19 16:33:33,719 : INFO : ConfigProcessor : Loading config from cache: /var/folders/l2/q8hj_6s91xnb2jxg1sqm0h7r0000gn/T/43115b802accf167344a214047a50cd4.mpf_cache
2026-04-19 16:33:33,719 : INFO : ConfigProcessor : Loading config from cache: /var/folders/l2/q8hj_6s91xnb2jxg1sqm0h7r0000gn/T/fb286bdec51e83b76c44a07e18af10e7.mpf_cache
2026-04-19 16:33:33,719 : INFO : ConfigProcessor : Loading config from cache: /var/folders/l2/q8hj_6s91xnb2jxg1sqm0h7r0000gn/T/a4506495691bdf3563a8fd11a9d79f10.mpf_cache
2026-04-19 16:33:33,719 : INFO : ConfigProcessor : Loading config from cache: /var/folders/l2/q8hj_6s91xnb2jxg1sqm0h7r0000gn/T/7e62a906c63d3b7efc85393a80e94c06.mpf_cache
2026-04-19 16:33:33,719 : INFO : ConfigProcessor : Loading config from cache: /var/folders/l2/q8hj_6s91xnb2jxg1sqm0h7r0000gn/T/ca66b8f571437747b2f2875349d15af7.mpf_cache
2026-04-19 16:33:33,719 : INFO : Machine : Mission Pinball Framework Core Engine v0.80.0.dev4
2026-04-19 16:33:33,719 : INFO : Machine : Command line arguments: {'no_load_cache': False, 'create_config_cache': True, 'bcp': False, 'configfile': ['config.yaml'], 'force_assets_load': False, 'platform_integration_test': False, 'jsonlogging': False, 'logfile': 'logs/2026-04-19-16-33-33-mpf-Tanners-Laptop.log', 'pause': False, 'production': False, 'text_ui': True, 'loglevel': 15, 'consoleloglevel': 20, 'force_platform': 'virtual', 'syslog_address': None, 'mc_file_name': None, 'no_sound': False, 'full_logfile_path': '/Users/tannerpetch/Documents/GitHub/trashland_3/logs/2026-04-19-16-33-33-mpf-Tanners-Laptop.log'}
2026-04-19 16:33:33,719 : INFO : Machine : MPF path: /Library/Frameworks/Python.framework/Versions/3.11/lib/python3.11/site-packages/mpf
2026-04-19 16:33:33,719 : INFO : Machine : Machine path: /Users/tannerpetch/Documents/GitHub/trashland_3
2026-04-19 16:33:33,719 : INFO : Machine : Platform: darwin
2026-04-19 16:33:33,720 : INFO : Machine : Python executable location: /Library/Frameworks/Python.framework/Versions/3.11/bin/python3.11
2026-04-19 16:33:33,720 : INFO : Machine : Python version: 3.11.9 (64-bit)
2026-04-19 16:33:33,720 : INFO : Machine : Initializing MPF...
2026-04-19 16:33:33,760 : INFO : EventManager : Event: ======'machine_var_credits_string'====== Args={'value': 'FREE PLAY', 'prev_value': None, 'change': True}
2026-04-19 16:33:33,765 : INFO : EventManager : Event: ======'machine_var_master_volume'====== Args={'value': 0.5, 'prev_value': None, 'change': True}
2026-04-19 16:33:33,765 : INFO : EventManager : Event: ======'machine_var_player1_score'====== Args={'value': 0, 'prev_value': None, 'change': True}
2026-04-19 16:33:33,765 : INFO : EventManager : Event: ======'machine_var_mpf_version'====== Args={'value': 'Mission Pinball Framework v0.80.0.dev4', 'prev_value': None, 'change': True}
2026-04-19 16:33:33,765 : INFO : EventManager : Event: ======'machine_var_mpf_extended_version'====== Args={'value': 'Mission Pinball Framework v0.80.0.dev4, Config version:6, Show version: 6, BCP version:1.1', 'prev_value': None, 'change': True}
2026-04-19 16:33:33,766 : INFO : EventManager : Event: ======'machine_var_python_version'====== Args={'value': '3.11.9', 'prev_value': None, 'change': True}
2026-04-19 16:33:33,773 : INFO : EventManager : Event: ======'machine_var_platform'====== Args={'value': 'macOS-14.3-arm64-arm-64bit', 'prev_value': None, 'change': True}
2026-04-19 16:33:33,773 : INFO : EventManager : Event: ======'machine_var_platform_system'====== Args={'value': 'Darwin', 'prev_value': None, 'change': True}
2026-04-19 16:33:33,773 : INFO : EventManager : Event: ======'machine_var_platform_release'====== Args={'value': '23.3.0', 'prev_value': None, 'change': True}
2026-04-19 16:33:33,773 : INFO : EventManager : Event: ======'machine_var_platform_version'====== Args={'value': 'Darwin Kernel Version 23.3.0: Thu Dec 21 02:29:41 PST 2023; root:xnu-10002.81.5~11/RELEASE_ARM64_T8122', 'prev_value': None, 'change': True}
2026-04-19 16:33:33,773 : INFO : EventManager : Event: ======'machine_var_platform_machine'====== Args={'value': 'arm64', 'prev_value': None, 'change': True}
2026-04-19 16:33:33,773 : INFO : EventManager : Event: ======'machine_var_log_file_path'====== Args={'value': '/Users/tannerpetch/Documents/GitHub/trashland_3/logs/2026-04-19-16-33-33-mpf-Tanners-Laptop.log', 'prev_value': None, 'change': True}
2026-04-19 16:33:33,773 : INFO : EventManager : Event: ======'init_phase_1'====== Args={}
2026-04-19 16:33:33,789 : INFO : EventManager : Event: ======'drop_target_bank_dt_single_up'====== Args={}
2026-04-19 16:33:33,789 : INFO : EventManager : Event: ======'drop_target_bank_mid_up'====== Args={}
2026-04-19 16:33:33,789 : INFO : EventManager : Event: ======'init_phase_2'====== Args={}
2026-04-19 16:33:33,791 : INFO : ball_device.bd_scoop : BCH: Initial count: 0
2026-04-19 16:33:33,791 : INFO : ball_device.bd_scoop : State: idle
2026-04-19 16:33:33,792 : INFO : ball_device.bd_trough : BCH: Initial count: 0
2026-04-19 16:33:33,792 : INFO : ball_device.bd_trough : State: idle
2026-04-19 16:33:33,792 : INFO : ball_device.bd_autolauncher : BCH: Initial count: 0
2026-04-19 16:33:33,792 : INFO : ball_device.bd_autolauncher : State: idle
2026-04-19 16:33:33,792 : INFO : ball_device.bd_kicker_orbit : BCH: Initial count: 0
2026-04-19 16:33:33,792 : INFO : ball_device.bd_kicker_orbit : State: idle
2026-04-19 16:33:33,792 : INFO : ball_device.bd_lower_vuk : BCH: Initial count: 0
2026-04-19 16:33:33,792 : INFO : ball_device.bd_lower_vuk : State: idle
2026-04-19 16:33:33,792 : INFO : ball_device.bd_vuk_back : BCH: Initial count: 0
2026-04-19 16:33:33,792 : INFO : ball_device.bd_vuk_back : State: idle
2026-04-19 16:33:33,792 : INFO : ball_device.bd_vuk_upper : BCH: Initial count: 0
2026-04-19 16:33:33,793 : INFO : ball_device.bd_vuk_upper : State: idle
2026-04-19 16:33:33,793 : INFO : ball_device.bd_b_lock : BCH: Initial count: 0
2026-04-19 16:33:33,793 : INFO : ball_device.bd_b_lock : State: idle
2026-04-19 16:33:33,796 : INFO : EventManager : Event: ======'init_phase_3'====== Args={}
2026-04-19 16:33:33,798 : INFO : EventManager : Event: ======'init_phase_4'====== Args={}
2026-04-19 16:33:33,798 : INFO : BallController : Initial balls found: 0
2026-04-19 16:33:33,798 : INFO : EventManager : Event: ======'machine_var_audits_events_game_ended'====== Args={'value': 9, 'prev_value': None, 'change': True}
2026-04-19 16:33:33,799 : INFO : EventManager : Event: ======'machine_var_audits_events_game_started'====== Args={'value': 34, 'prev_value': None, 'change': True}
2026-04-19 16:33:33,799 : INFO : EventManager : Event: ======'machine_var_audits_missing_switches_s_b_rollover_interchange'====== Args={'value': 1, 'prev_value': None, 'change': True}
2026-04-19 16:33:33,799 : INFO : EventManager : Event: ======'machine_var_audits_missing_switches_s_b_rollover_misc'====== Args={'value': 1, 'prev_value': None, 'change': True}
2026-04-19 16:33:33,799 : INFO : EventManager : Event: ======'machine_var_audits_missing_switches_s_b_target_left'====== Args={'value': 1, 'prev_value': None, 'change': True}
2026-04-19 16:33:33,799 : INFO : EventManager : Event: ======'machine_var_audits_missing_switches_s_b_target_right'====== Args={'value': 1, 'prev_value': None, 'change': True}
2026-04-19 16:33:33,799 : INFO : EventManager : Event: ======'machine_var_audits_missing_switches_s_bot'====== Args={'value': 1, 'prev_value': None, 'change': True}
2026-04-19 16:33:33,799 : INFO : EventManager : Event: ======'machine_var_audits_missing_switches_s_bot_mid'====== Args={'value': 1, 'prev_value': None, 'change': True}
2026-04-19 16:33:33,799 : INFO : EventManager : Event: ======'machine_var_audits_missing_switches_s_captive_l'====== Args={'value': 1, 'prev_value': None, 'change': True}
2026-04-19 16:33:33,799 : INFO : EventManager : Event: ======'machine_var_audits_missing_switches_s_captive_r'====== Args={'value': 1, 'prev_value': None, 'change': True}
2026-04-19 16:33:33,799 : INFO : EventManager : Event: ======'machine_var_audits_missing_switches_s_flipper_but_l_1'====== Args={'value': 1, 'prev_value': None, 'change': True}
2026-04-19 16:33:33,799 : INFO : EventManager : Event: ======'machine_var_audits_missing_switches_s_flipper_but_l_2'====== Args={'value': 1, 'prev_value': None, 'change': True}
2026-04-19 16:33:33,799 : INFO : EventManager : Event: ======'machine_var_audits_missing_switches_s_flipper_l'====== Args={'value': 1, 'prev_value': None, 'change': True}
2026-04-19 16:33:33,799 : INFO : EventManager : Event: ======'machine_var_audits_missing_switches_s_flipper_upper_l'====== Args={'value': 1, 'prev_value': None, 'change': True}
2026-04-19 16:33:33,799 : INFO : EventManager : Event: ======'machine_var_audits_missing_switches_s_inlane_l'====== Args={'value': 32, 'prev_value': None, 'change': True}
2026-04-19 16:33:33,799 : INFO : EventManager : Event: ======'machine_var_audits_missing_switches_s_kicking_target'====== Args={'value': 1, 'prev_value': None, 'change': True}
2026-04-19 16:33:33,799 : INFO : EventManager : Event: ======'machine_var_audits_missing_switches_s_lock_1'====== Args={'value': 5, 'prev_value': None, 'change': True}
2026-04-19 16:33:33,799 : INFO : EventManager : Event: ======'machine_var_audits_missing_switches_s_lock_2'====== Args={'value': 5, 'prev_value': None, 'change': True}
2026-04-19 16:33:33,799 : INFO : EventManager : Event: ======'machine_var_audits_missing_switches_s_lock_3'====== Args={'value': 5, 'prev_value': None, 'change': True}
2026-04-19 16:33:33,799 : INFO : EventManager : Event: ======'machine_var_audits_missing_switches_s_lower_orbit'====== Args={'value': 1, 'prev_value': None, 'change': True}
2026-04-19 16:33:33,799 : INFO : EventManager : Event: ======'machine_var_audits_missing_switches_s_lower_single'====== Args={'value': 1, 'prev_value': None, 'change': True}
2026-04-19 16:33:33,799 : INFO : EventManager : Event: ======'machine_var_audits_missing_switches_s_lower_sling'====== Args={'value': 1, 'prev_value': None, 'change': True}
2026-04-19 16:33:33,799 : INFO : EventManager : Event: ======'machine_var_audits_missing_switches_s_lower_transfer'====== Args={'value': 1, 'prev_value': None, 'change': True}
2026-04-19 16:33:33,799 : INFO : EventManager : Event: ======'machine_var_audits_missing_switches_s_lower_vuk'====== Args={'value': 1, 'prev_value': None, 'change': True}
2026-04-19 16:33:33,799 : INFO : EventManager : Event: ======'machine_var_audits_missing_switches_s_middle_scoop'====== Args={'value': 1, 'prev_value': None, 'change': True}
2026-04-19 16:33:33,799 : INFO : EventManager : Event: ======'machine_var_audits_missing_switches_s_orbit_small_l'====== Args={'value': 1, 'prev_value': None, 'change': True}
2026-04-19 16:33:33,799 : INFO : EventManager : Event: ======'machine_var_audits_missing_switches_s_orbit_small_r'====== Args={'value': 1, 'prev_value': None, 'change': True}
2026-04-19 16:33:33,799 : INFO : EventManager : Event: ======'machine_var_audits_missing_switches_s_outlane_l'====== Args={'value': 34, 'prev_value': None, 'change': True}
2026-04-19 16:33:33,799 : INFO : EventManager : Event: ======'machine_var_audits_missing_switches_s_outlane_r'====== Args={'value': 34, 'prev_value': None, 'change': True}
2026-04-19 16:33:33,799 : INFO : EventManager : Event: ======'machine_var_audits_missing_switches_s_pop'====== Args={'value': 1, 'prev_value': None, 'change': True}
2026-04-19 16:33:33,799 : INFO : EventManager : Event: ======'machine_var_audits_missing_switches_s_scissor_save'====== Args={'value': 1, 'prev_value': None, 'change': True}
2026-04-19 16:33:33,799 : INFO : EventManager : Event: ======'machine_var_audits_missing_switches_s_sling_l'====== Args={'value': 1, 'prev_value': None, 'change': True}
2026-04-19 16:33:33,799 : INFO : EventManager : Event: ======'machine_var_audits_missing_switches_s_start'====== Args={'value': 1, 'prev_value': None, 'change': True}
2026-04-19 16:33:33,799 : INFO : EventManager : Event: ======'machine_var_audits_missing_switches_s_stationary_l'====== Args={'value': 1, 'prev_value': None, 'change': True}
2026-04-19 16:33:33,799 : INFO : EventManager : Event: ======'machine_var_audits_missing_switches_s_stationary_m'====== Args={'value': 1, 'prev_value': None, 'change': True}
2026-04-19 16:33:33,799 : INFO : EventManager : Event: ======'machine_var_audits_missing_switches_s_stationary_r'====== Args={'value': 1, 'prev_value': None, 'change': True}
2026-04-19 16:33:33,799 : INFO : EventManager : Event: ======'machine_var_audits_missing_switches_s_tilt'====== Args={'value': 1, 'prev_value': None, 'change': True}
2026-04-19 16:33:33,800 : INFO : EventManager : Event: ======'machine_var_audits_missing_switches_s_top'====== Args={'value': 1, 'prev_value': None, 'change': True}
2026-04-19 16:33:33,800 : INFO : EventManager : Event: ======'machine_var_audits_missing_switches_s_top_mid'====== Args={'value': 1, 'prev_value': None, 'change': True}
2026-04-19 16:33:33,800 : INFO : EventManager : Event: ======'machine_var_audits_missing_switches_s_u_lane_l'====== Args={'value': 1, 'prev_value': None, 'change': True}
2026-04-19 16:33:33,800 : INFO : EventManager : Event: ======'machine_var_audits_missing_switches_s_u_lane_r'====== Args={'value': 1, 'prev_value': None, 'change': True}
2026-04-19 16:33:33,800 : INFO : EventManager : Event: ======'machine_var_audits_missing_switches_s_u_rollover'====== Args={'value': 1, 'prev_value': None, 'change': True}
2026-04-19 16:33:33,800 : INFO : EventManager : Event: ======'machine_var_audits_missing_switches_s_u_target'====== Args={'value': 1, 'prev_value': None, 'change': True}
2026-04-19 16:33:33,800 : INFO : EventManager : Event: ======'machine_var_audits_missing_switches_s_vuk_upper'====== Args={'value': 1, 'prev_value': None, 'change': True}
2026-04-19 16:33:33,800 : INFO : EventManager : Event: ======'machine_var_audits_player_score'====== Args={'value': {'average': 0, 'top': [0, 0, 0, 0, 0, 0, 0, 0, 0], 'total': 9}, 'prev_value': None, 'change': True}
2026-04-19 16:33:33,800 : INFO : EventManager : Event: ======'machine_var_audits_switches_s_autolauncher'====== Args={'value': 116, 'prev_value': None, 'change': True}
2026-04-19 16:33:33,800 : INFO : EventManager : Event: ======'machine_var_audits_switches_s_b_eos'====== Args={'value': 582, 'prev_value': None, 'change': True}
2026-04-19 16:33:33,800 : INFO : EventManager : Event: ======'machine_var_audits_switches_s_b_pop'====== Args={'value': 132, 'prev_value': None, 'change': True}
2026-04-19 16:33:33,800 : INFO : EventManager : Event: ======'machine_var_audits_switches_s_b_rollover_interchange'====== Args={'value': 1, 'prev_value': None, 'change': True}
2026-04-19 16:33:33,800 : INFO : EventManager : Event: ======'machine_var_audits_switches_s_b_rollover_loop'====== Args={'value': 8, 'prev_value': None, 'change': True}
2026-04-19 16:33:33,800 : INFO : EventManager : Event: ======'machine_var_audits_switches_s_b_rollover_misc'====== Args={'value': 1, 'prev_value': None, 'change': True}
2026-04-19 16:33:33,800 : INFO : EventManager : Event: ======'machine_var_audits_switches_s_b_target_left'====== Args={'value': 1, 'prev_value': None, 'change': True}
2026-04-19 16:33:33,800 : INFO : EventManager : Event: ======'machine_var_audits_switches_s_b_target_right'====== Args={'value': 1, 'prev_value': None, 'change': True}
2026-04-19 16:33:33,800 : INFO : EventManager : Event: ======'machine_var_audits_switches_s_bot'====== Args={'value': 1, 'prev_value': None, 'change': True}
2026-04-19 16:33:33,800 : INFO : EventManager : Event: ======'machine_var_audits_switches_s_bot_mid'====== Args={'value': 3, 'prev_value': None, 'change': True}
2026-04-19 16:33:33,800 : INFO : EventManager : Event: ======'machine_var_audits_switches_s_captive_l'====== Args={'value': 1, 'prev_value': None, 'change': True}
2026-04-19 16:33:33,800 : INFO : EventManager : Event: ======'machine_var_audits_switches_s_captive_r'====== Args={'value': 1, 'prev_value': None, 'change': True}
2026-04-19 16:33:33,800 : INFO : EventManager : Event: ======'machine_var_audits_switches_s_drop_l'====== Args={'value': 5, 'prev_value': None, 'change': True}
2026-04-19 16:33:33,800 : INFO : EventManager : Event: ======'machine_var_audits_switches_s_drop_m'====== Args={'value': 14, 'prev_value': None, 'change': True}
2026-04-19 16:33:33,800 : INFO : EventManager : Event: ======'machine_var_audits_switches_s_drop_r'====== Args={'value': 5, 'prev_value': None, 'change': True}
2026-04-19 16:33:33,800 : INFO : EventManager : Event: ======'machine_var_audits_switches_s_drop_single'====== Args={'value': 12, 'prev_value': None, 'change': True}
2026-04-19 16:33:33,800 : INFO : EventManager : Event: ======'machine_var_audits_switches_s_flipper_but_l_1'====== Args={'value': 347, 'prev_value': None, 'change': True}
2026-04-19 16:33:33,801 : INFO : EventManager : Event: ======'machine_var_audits_switches_s_flipper_but_l_2'====== Args={'value': 324, 'prev_value': None, 'change': True}
2026-04-19 16:33:33,801 : INFO : EventManager : Event: ======'machine_var_audits_switches_s_flipper_but_r_1'====== Args={'value': 723, 'prev_value': None, 'change': True}
2026-04-19 16:33:33,801 : INFO : EventManager : Event: ======'machine_var_audits_switches_s_flipper_but_r_2'====== Args={'value': 715, 'prev_value': None, 'change': True}
2026-04-19 16:33:33,801 : INFO : EventManager : Event: ======'machine_var_audits_switches_s_flipper_l'====== Args={'value': 324, 'prev_value': None, 'change': True}
2026-04-19 16:33:33,801 : INFO : EventManager : Event: ======'machine_var_audits_switches_s_flipper_r'====== Args={'value': 1663, 'prev_value': None, 'change': True}
2026-04-19 16:33:33,801 : INFO : EventManager : Event: ======'machine_var_audits_switches_s_flipper_upper_l'====== Args={'value': 296, 'prev_value': None, 'change': True}
2026-04-19 16:33:33,801 : INFO : EventManager : Event: ======'machine_var_audits_switches_s_inlane_l'====== Args={'value': 1, 'prev_value': None, 'change': True}
2026-04-19 16:33:33,801 : INFO : EventManager : Event: ======'machine_var_audits_switches_s_inlane_r'====== Args={'value': 72, 'prev_value': None, 'change': True}
2026-04-19 16:33:33,801 : INFO : EventManager : Event: ======'machine_var_audits_switches_s_kicker_orbit'====== Args={'value': 171, 'prev_value': None, 'change': True}
2026-04-19 16:33:33,801 : INFO : EventManager : Event: ======'machine_var_audits_switches_s_kicking_target'====== Args={'value': 532, 'prev_value': None, 'change': True}
2026-04-19 16:33:33,801 : INFO : EventManager : Event: ======'machine_var_audits_switches_s_launch'====== Args={'value': 119, 'prev_value': None, 'change': True}
2026-04-19 16:33:33,801 : INFO : EventManager : Event: ======'machine_var_audits_switches_s_lock_1'====== Args={'value': 10, 'prev_value': None, 'change': True}
2026-04-19 16:33:33,801 : INFO : EventManager : Event: ======'machine_var_audits_switches_s_lock_2'====== Args={'value': 4, 'prev_value': None, 'change': True}
2026-04-19 16:33:33,801 : INFO : EventManager : Event: ======'machine_var_audits_switches_s_lock_3'====== Args={'value': 4, 'prev_value': None, 'change': True}
2026-04-19 16:33:33,801 : INFO : EventManager : Event: ======'machine_var_audits_switches_s_lower_orbit'====== Args={'value': 5, 'prev_value': None, 'change': True}
2026-04-19 16:33:33,801 : INFO : EventManager : Event: ======'machine_var_audits_switches_s_lower_single'====== Args={'value': 1, 'prev_value': None, 'change': True}
2026-04-19 16:33:33,801 : INFO : EventManager : Event: ======'machine_var_audits_switches_s_lower_sling'====== Args={'value': 3, 'prev_value': None, 'change': True}
2026-04-19 16:33:33,801 : INFO : EventManager : Event: ======'machine_var_audits_switches_s_lower_transfer'====== Args={'value': 3, 'prev_value': None, 'change': True}
2026-04-19 16:33:33,801 : INFO : EventManager : Event: ======'machine_var_audits_switches_s_lower_vuk'====== Args={'value': 13, 'prev_value': None, 'change': True}
2026-04-19 16:33:33,801 : INFO : EventManager : Event: ======'machine_var_audits_switches_s_middle_scoop'====== Args={'value': 11, 'prev_value': None, 'change': True}
2026-04-19 16:33:33,802 : INFO : EventManager : Event: ======'machine_var_audits_switches_s_orbit_small_l'====== Args={'value': 36, 'prev_value': None, 'change': True}
2026-04-19 16:33:33,802 : INFO : EventManager : Event: ======'machine_var_audits_switches_s_orbit_small_r'====== Args={'value': 195, 'prev_value': None, 'change': True}
2026-04-19 16:33:33,802 : INFO : EventManager : Event: ======'machine_var_audits_switches_s_outlane_l'====== Args={'value': 0, 'prev_value': None, 'change': True}
2026-04-19 16:33:33,802 : INFO : EventManager : Event: ======'machine_var_audits_switches_s_outlane_r'====== Args={'value': 0, 'prev_value': None, 'change': True}
2026-04-19 16:33:33,802 : INFO : EventManager : Event: ======'machine_var_audits_switches_s_pop'====== Args={'value': 77, 'prev_value': None, 'change': True}
2026-04-19 16:33:33,802 : INFO : EventManager : Event: ======'machine_var_audits_switches_s_scissor_save'====== Args={'value': 3, 'prev_value': None, 'change': True}
2026-04-19 16:33:33,802 : INFO : EventManager : Event: ======'machine_var_audits_switches_s_sling_l'====== Args={'value': 16, 'prev_value': None, 'change': True}
2026-04-19 16:33:33,802 : INFO : EventManager : Event: ======'machine_var_audits_switches_s_start'====== Args={'value': 5, 'prev_value': None, 'change': True}
2026-04-19 16:33:33,802 : INFO : EventManager : Event: ======'machine_var_audits_switches_s_stationary_l'====== Args={'value': 101, 'prev_value': None, 'change': True}
2026-04-19 16:33:33,802 : INFO : EventManager : Event: ======'machine_var_audits_switches_s_stationary_m'====== Args={'value': 23, 'prev_value': None, 'change': True}
2026-04-19 16:33:33,802 : INFO : EventManager : Event: ======'machine_var_audits_switches_s_stationary_r'====== Args={'value': 27, 'prev_value': None, 'change': True}
2026-04-19 16:33:33,802 : INFO : EventManager : Event: ======'machine_var_audits_switches_s_subway'====== Args={'value': 166, 'prev_value': None, 'change': True}
2026-04-19 16:33:33,802 : INFO : EventManager : Event: ======'machine_var_audits_switches_s_tilt'====== Args={'value': 1, 'prev_value': None, 'change': True}
2026-04-19 16:33:33,802 : INFO : EventManager : Event: ======'machine_var_audits_switches_s_top'====== Args={'value': 5, 'prev_value': None, 'change': True}
2026-04-19 16:33:33,802 : INFO : EventManager : Event: ======'machine_var_audits_switches_s_top_mid'====== Args={'value': 1, 'prev_value': None, 'change': True}
2026-04-19 16:33:33,802 : INFO : EventManager : Event: ======'machine_var_audits_switches_s_trough_1'====== Args={'value': 97, 'prev_value': None, 'change': True}
2026-04-19 16:33:33,802 : INFO : EventManager : Event: ======'machine_var_audits_switches_s_trough_2'====== Args={'value': 57, 'prev_value': None, 'change': True}
2026-04-19 16:33:33,803 : INFO : EventManager : Event: ======'machine_var_audits_switches_s_trough_3'====== Args={'value': 56, 'prev_value': None, 'change': True}
2026-04-19 16:33:33,803 : INFO : EventManager : Event: ======'machine_var_audits_switches_s_trough_4'====== Args={'value': 134, 'prev_value': None, 'change': True}
2026-04-19 16:33:33,803 : INFO : EventManager : Event: ======'machine_var_audits_switches_s_trough_5'====== Args={'value': 48, 'prev_value': None, 'change': True}
2026-04-19 16:33:33,803 : INFO : EventManager : Event: ======'machine_var_audits_switches_s_trough_6'====== Args={'value': 100, 'prev_value': None, 'change': True}
2026-04-19 16:33:33,803 : INFO : EventManager : Event: ======'machine_var_audits_switches_s_trough_jam'====== Args={'value': 70, 'prev_value': None, 'change': True}
2026-04-19 16:33:33,803 : INFO : EventManager : Event: ======'machine_var_audits_switches_s_u_lane_l'====== Args={'value': 1, 'prev_value': None, 'change': True}
2026-04-19 16:33:33,803 : INFO : EventManager : Event: ======'machine_var_audits_switches_s_u_lane_r'====== Args={'value': 1, 'prev_value': None, 'change': True}
2026-04-19 16:33:33,803 : INFO : EventManager : Event: ======'machine_var_audits_switches_s_u_rollover'====== Args={'value': 1, 'prev_value': None, 'change': True}
2026-04-19 16:33:33,803 : INFO : EventManager : Event: ======'machine_var_audits_switches_s_u_target'====== Args={'value': 1, 'prev_value': None, 'change': True}
2026-04-19 16:33:33,803 : INFO : EventManager : Event: ======'machine_var_audits_switches_s_vuk_back'====== Args={'value': 59, 'prev_value': None, 'change': True}
2026-04-19 16:33:33,803 : INFO : EventManager : Event: ======'machine_var_audits_switches_s_vuk_upper'====== Args={'value': 58, 'prev_value': None, 'change': True}
2026-04-19 16:33:33,803 : INFO : EventManager : Event: ======'init_phase_5'====== Args={}
2026-04-19 16:33:33,805 : INFO : EventManager : Event: ======'init_done'====== Args={}
2026-04-19 16:33:33,805 : INFO : EventManager : Event: ======'machine_reset_phase_1'====== Args={}
2026-04-19 16:33:33,805 : INFO : EventManager : Event: ======'machine_reset_phase_2'====== Args={}
2026-04-19 16:33:33,805 : INFO : EventManager : Event: ======'machine_reset_phase_3'====== Args={}
2026-04-19 16:33:33,805 : INFO : EventManager : Event: ======'diverter_d_middle_diverter_deactivating'====== Args={}
2026-04-19 16:33:33,805 : INFO : coil.c_diverter : Disabling Driver
2026-04-19 16:33:33,806 : INFO : EventManager : Event: ======'reset_complete'====== Args={}
2026-04-19 16:33:33,806 : INFO : EventManager : Event: ======'mode_attract_will_start'====== Args={}
2026-04-19 16:33:33,806 : INFO : EventManager : Event: ======'mode_attract_starting'====== Args={}
2026-04-19 16:33:33,806 : INFO : Mode.attract : Started. Priority: 10
2026-04-19 16:33:33,806 : INFO : EventManager : Event: ======'modes_active_modes_changed'====== Args={}
2026-04-19 16:33:33,806 : INFO : EventManager : Event: ======'mode_attract_started'====== Args={}
2026-04-19 16:33:33,806 : INFO : EventManager : Event: ======'collecting_balls_complete'====== Args={}
2026-04-19 16:33:33,806 : INFO : Machine : Starting the main run loop.
2026-04-19 16:33:34,077 : INFO : BcpServer : New client connected.
2026-04-19 16:33:58,297 : INFO : SwitchController : <<<<<<< 's_flipper_but_r_1' active >>>>>>>
2026-04-19 16:34:00,061 : INFO : SwitchController : <<<<<<< 's_flipper_but_r_1' inactive >>>>>>>
2026-04-19 16:34:00,177 : INFO : SwitchController : <<<<<<< 's_flipper_but_r_1' active >>>>>>>
2026-04-19 16:34:00,777 : INFO : SwitchController : <<<<<<< 's_flipper_but_r_1' inactive >>>>>>>
2026-04-19 16:34:10,130 : INFO : SwitchController : <<<<<<< 's_flipper_but_l_2' active >>>>>>>
2026-04-19 16:34:14,218 : INFO : SwitchController : <<<<<<< 's_flipper_but_l_2' inactive >>>>>>>
2026-04-19 16:34:16,444 : INFO : SwitchController : <<<<<<< 's_flipper_but_l_2' active >>>>>>>
2026-04-19 16:34:20,401 : INFO : SwitchController : <<<<<<< 's_flipper_but_l_2' inactive >>>>>>>
2026-04-19 16:34:42,370 : INFO : SwitchController : <<<<<<< 's_flipper_but_l_2' active >>>>>>>
2026-04-19 16:34:44,644 : INFO : SwitchController : <<<<<<< 's_flipper_but_l_1' active >>>>>>>
2026-04-19 16:34:46,753 : INFO : SwitchController : <<<<<<< 's_flipper_but_l_2' inactive >>>>>>>
2026-04-19 16:34:47,467 : INFO : SwitchController : <<<<<<< 's_flipper_but_l_1' inactive >>>>>>>
2026-04-19 16:34:48,676 : INFO : SwitchController : <<<<<<< 's_flipper_but_r_2' active >>>>>>>
2026-04-19 16:34:52,877 : INFO : SwitchController : <<<<<<< 's_flipper_but_r_1' active >>>>>>>
2026-04-19 16:34:56,054 : INFO : SwitchController : <<<<<<< 's_flipper_but_r_1' inactive >>>>>>>
2026-04-19 16:34:56,769 : INFO : SwitchController : <<<<<<< 's_flipper_but_r_2' inactive >>>>>>>
2026-04-19 16:35:48,979 : INFO : SwitchController : <<<<<<< 's_start' active >>>>>>>
2026-04-19 16:35:50,894 : INFO : SwitchController : <<<<<<< 's_start' inactive >>>>>>>
2026-04-19 16:35:50,894 : INFO : EventManager : Event: ======'request_to_start_game'====== Args={}
2026-04-19 16:35:50,895 : INFO : BallController : Known balls: 0
2026-04-19 16:35:50,895 : INFO : BallController : bd_scoop contains 0 balls. Tags []
2026-04-19 16:35:50,895 : INFO : BallController : bd_trough contains 0 balls. Tags ['trough', 'home', 'drain']
2026-04-19 16:35:50,895 : INFO : BallController : bd_autolauncher contains 0 balls. Tags []
2026-04-19 16:35:50,895 : INFO : BallController : bd_kicker_orbit contains 0 balls. Tags []
2026-04-19 16:35:50,895 : INFO : BallController : bd_lower_vuk contains 0 balls. Tags []
2026-04-19 16:35:50,895 : INFO : BallController : bd_vuk_back contains 0 balls. Tags []
2026-04-19 16:35:50,895 : INFO : BallController : bd_vuk_upper contains 0 balls. Tags []
2026-04-19 16:35:50,895 : INFO : BallController : bd_b_lock contains 0 balls. Tags []
2026-04-19 16:35:50,895 : INFO : BallController : playfield contains 0 balls. Tags ['default']
2026-04-19 16:35:50,895 : WARNING : BallController : BallController denies game start. Not enough balls. 0 found. 1 required
2026-04-19 16:35:50,895 : INFO : BallController : Triggering ball search.
2026-04-19 16:35:50,993 : INFO : SwitchController : <<<<<<< 's_start' active >>>>>>>
2026-04-19 16:35:51,468 : INFO : SwitchController : <<<<<<< 's_start' inactive >>>>>>>
2026-04-19 16:35:51,468 : INFO : EventManager : Event: ======'request_to_start_game'====== Args={}
2026-04-19 16:35:51,469 : INFO : BallController : Known balls: 0
2026-04-19 16:35:51,469 : INFO : BallController : bd_scoop contains 0 balls. Tags []
2026-04-19 16:35:51,469 : INFO : BallController : bd_trough contains 0 balls. Tags ['trough', 'home', 'drain']
2026-04-19 16:35:51,469 : INFO : BallController : bd_autolauncher contains 0 balls. Tags []
2026-04-19 16:35:51,469 : INFO : BallController : bd_kicker_orbit contains 0 balls. Tags []
2026-04-19 16:35:51,469 : INFO : BallController : bd_lower_vuk contains 0 balls. Tags []
2026-04-19 16:35:51,469 : INFO : BallController : bd_vuk_back contains 0 balls. Tags []
2026-04-19 16:35:51,469 : INFO : BallController : bd_vuk_upper contains 0 balls. Tags []
2026-04-19 16:35:51,469 : INFO : BallController : bd_b_lock contains 0 balls. Tags []
2026-04-19 16:35:51,469 : INFO : BallController : playfield contains 0 balls. Tags ['default']
2026-04-19 16:35:51,469 : WARNING : BallController : BallController denies game start. Not enough balls. 0 found. 1 required
2026-04-19 16:35:51,469 : INFO : BallController : Triggering ball search.
2026-04-19 16:37:37,332 : INFO : SwitchController : <<<<<<< 's_trough_2' active >>>>>>>
2026-04-19 16:37:37,834 : INFO : EventManager : Event: ======'balldevice_bd_trough_ball_count_changed'====== Args={'balls': 1}
2026-04-19 16:37:37,834 : INFO : ball_device.bd_trough : Received unexpected ball
2026-04-19 16:37:37,834 : INFO : EventManager : Event: ======'balldevice_captured_from_playfield'====== Args={'balls': 1}
2026-04-19 16:37:37,834 : INFO : EventManager : Event: ======'sw_playfield_active'====== Args={'balls': 1}
2026-04-19 16:37:37,834 : INFO : EventManager : Event: ======'playfield_active'====== Args={'source': None}
2026-04-19 16:37:37,835 : INFO : EventManager : Event: ======'unexpected_ball_on_playfield'====== Args={}
2026-04-19 16:37:37,835 : INFO : EventManager : Event: ======'playfield_ball_count_change'====== Args={'balls': -1, 'change': -1}
2026-04-19 16:37:37,835 : INFO : EventManager : Event: ======'balldevice_playfield_ball_enter'====== Args={'new_balls': 1, 'unclaimed_balls': 1, 'device': <playfield.playfield>}
2026-04-19 16:37:37,835 : INFO : EventManager : Event: ======'playfield_ball_count_change'====== Args={'balls': 0, 'change': 1}
2026-04-19 16:37:37,835 : INFO : BallController : Found a new ball which was captured from playfield. Known balls: 1
2026-04-19 16:37:37,835 : INFO : EventManager : Event: ======'found_new_ball'====== Args={}
2026-04-19 16:37:37,835 : INFO : EventManager : Event: ======'balldevice_bd_trough_ball_enter'====== Args={'new_balls': 1, 'unclaimed_balls': 1, 'new_available_balls': 1, 'device': <ball_device.bd_trough>}
2026-04-19 16:37:37,838 : INFO : EventManager : Event: ======'ball_drain'====== Args={'device': <ball_device.bd_trough>, 'balls': 1}
2026-04-19 16:37:37,838 : INFO : EventManager : Event: ======'balldevice_balls_available'====== Args={}
2026-04-19 16:37:37,838 : INFO : EventManager : Event: ======'balldevice_bd_trough_ball_entered'====== Args={'new_balls': 1, 'device': <ball_device.bd_trough>}
2026-04-19 16:37:42,212 : INFO : SwitchController : <<<<<<< 's_trough_3' active >>>>>>>
2026-04-19 16:37:42,713 : INFO : EventManager : Event: ======'balldevice_bd_trough_ball_count_changed'====== Args={'balls': 2}
2026-04-19 16:37:42,713 : INFO : ball_device.bd_trough : Received unexpected ball
2026-04-19 16:37:42,713 : INFO : EventManager : Event: ======'balldevice_captured_from_playfield'====== Args={'balls': 1}
2026-04-19 16:37:42,714 : INFO : EventManager : Event: ======'sw_playfield_active'====== Args={'balls': 1}
2026-04-19 16:37:42,714 : INFO : EventManager : Event: ======'playfield_active'====== Args={'source': None}
2026-04-19 16:37:42,714 : INFO : EventManager : Event: ======'unexpected_ball_on_playfield'====== Args={}
2026-04-19 16:37:42,714 : INFO : EventManager : Event: ======'playfield_ball_count_change'====== Args={'balls': -1, 'change': -1}
2026-04-19 16:37:42,715 : INFO : EventManager : Event: ======'balldevice_playfield_ball_enter'====== Args={'new_balls': 1, 'unclaimed_balls': 1, 'device': <playfield.playfield>}
2026-04-19 16:37:42,715 : INFO : EventManager : Event: ======'playfield_ball_count_change'====== Args={'balls': 0, 'change': 1}
2026-04-19 16:37:42,715 : INFO : BallController : Found a new ball which was captured from playfield. Known balls: 2
2026-04-19 16:37:42,715 : INFO : EventManager : Event: ======'found_new_ball'====== Args={}
2026-04-19 16:37:42,715 : INFO : EventManager : Event: ======'balldevice_bd_trough_ball_enter'====== Args={'new_balls': 1, 'unclaimed_balls': 1, 'new_available_balls': 1, 'device': <ball_device.bd_trough>}
2026-04-19 16:37:42,715 : INFO : EventManager : Event: ======'ball_drain'====== Args={'device': <ball_device.bd_trough>, 'balls': 1}
2026-04-19 16:37:42,716 : INFO : EventManager : Event: ======'balldevice_balls_available'====== Args={}
2026-04-19 16:37:42,716 : INFO : EventManager : Event: ======'balldevice_bd_trough_ball_entered'====== Args={'new_balls': 1, 'device': <ball_device.bd_trough>}
2026-04-19 16:37:45,105 : INFO : SwitchController : <<<<<<< 's_trough_3' inactive >>>>>>>
2026-04-19 16:37:45,884 : INFO : SwitchController : <<<<<<< 's_trough_2' inactive >>>>>>>
2026-04-19 16:37:49,544 : INFO : SwitchController : <<<<<<< 's_trough_4' active >>>>>>>
2026-04-19 16:37:52,786 : INFO : SwitchController : <<<<<<< 's_trough_4' inactive >>>>>>>
2026-04-19 16:37:56,491 : INFO : SwitchController : <<<<<<< 's_trough_5' active >>>>>>>
2026-04-19 16:37:58,288 : INFO : EventManager : Event: ======'balldevice_bd_trough_ball_count_changed'====== Args={'balls': 0}
2026-04-19 16:37:58,288 : WARNING : ball_device.bd_trough : Ball disappeared while idle. This should not normally happen.
2026-04-19 16:37:58,288 : INFO : EventManager : Event: ======'balldevice_playfield_ball_enter'====== Args={'new_balls': 1, 'unclaimed_balls': 1, 'device': <playfield.playfield>}
2026-04-19 16:37:58,288 : INFO : EventManager : Event: ======'playfield_ball_count_change'====== Args={'balls': 1, 'change': 1}
2026-04-19 16:37:58,288 : INFO : ball_device.bd_trough : 1 ball(s) missing from device. Mechanical eject? False
2026-04-19 16:37:58,288 : INFO : EventManager : Event: ======'balldevice_bd_trough_ball_missing'====== Args={'balls': 1}
2026-04-19 16:37:58,288 : INFO : EventManager : Event: ======'balldevice_ball_missing'====== Args={'balls': 1, 'name': 'bd_trough'}
2026-04-19 16:37:58,288 : WARNING : ball_device.bd_trough : Ball disappeared while idle. This should not normally happen.
2026-04-19 16:37:58,288 : INFO : EventManager : Event: ======'balldevice_playfield_ball_enter'====== Args={'new_balls': 1, 'unclaimed_balls': 1, 'device': <playfield.playfield>}
2026-04-19 16:37:58,288 : INFO : EventManager : Event: ======'playfield_ball_count_change'====== Args={'balls': 2, 'change': 1}
2026-04-19 16:37:58,288 : INFO : ball_device.bd_trough : 1 ball(s) missing from device. Mechanical eject? False
2026-04-19 16:37:58,288 : INFO : EventManager : Event: ======'balldevice_bd_trough_ball_missing'====== Args={'balls': 1}
2026-04-19 16:37:58,290 : INFO : EventManager : Event: ======'balldevice_ball_missing'====== Args={'balls': 1, 'name': 'bd_trough'}
2026-04-19 16:37:58,831 : INFO : SwitchController : <<<<<<< 's_trough_5' inactive >>>>>>>
2026-04-19 16:37:59,726 : INFO : SwitchController : <<<<<<< 's_trough_jam' active >>>>>>>
2026-04-19 16:37:59,892 : INFO : SwitchController : <<<<<<< 's_trough_jam' inactive >>>>>>>
2026-04-19 16:38:00,409 : INFO : SwitchController : <<<<<<< 's_trough_jam' active >>>>>>>
2026-04-19 16:38:00,911 : INFO : EventManager : Event: ======'balldevice_bd_trough_ball_count_changed'====== Args={'balls': 1}
2026-04-19 16:38:00,912 : INFO : ball_device.bd_trough : Received unexpected ball
2026-04-19 16:38:00,912 : INFO : EventManager : Event: ======'balldevice_captured_from_playfield'====== Args={'balls': 1}
2026-04-19 16:38:00,912 : INFO : EventManager : Event: ======'sw_playfield_active'====== Args={'balls': 1}
2026-04-19 16:38:00,912 : INFO : EventManager : Event: ======'playfield_ball_count_change'====== Args={'balls': 1, 'change': -1}
2026-04-19 16:38:00,912 : INFO : EventManager : Event: ======'balldevice_bd_trough_ball_enter'====== Args={'new_balls': 1, 'unclaimed_balls': 1, 'new_available_balls': 1, 'device': <ball_device.bd_trough>}
2026-04-19 16:38:00,912 : INFO : EventManager : Event: ======'ball_drain'====== Args={'device': <ball_device.bd_trough>, 'balls': 1}
2026-04-19 16:38:00,912 : INFO : EventManager : Event: ======'balldevice_balls_available'====== Args={}
2026-04-19 16:38:00,912 : INFO : EventManager : Event: ======'balldevice_bd_trough_ball_entered'====== Args={'new_balls': 1, 'device': <ball_device.bd_trough>}
2026-04-19 16:38:09,397 : INFO : SwitchController : <<<<<<< 's_trough_6' active >>>>>>>
2026-04-19 16:38:11,537 : INFO : SwitchController : <<<<<<< 's_trough_6' inactive >>>>>>>
2026-04-19 16:38:27,743 : INFO : SwitchController : <<<<<<< 's_inlane_r' active >>>>>>>
2026-04-19 16:38:30,810 : INFO : SwitchController : <<<<<<< 's_inlane_r' inactive >>>>>>>
2026-04-19 16:38:30,944 : INFO : SwitchController : <<<<<<< 's_inlane_r' active >>>>>>>
2026-04-19 16:38:31,360 : INFO : SwitchController : <<<<<<< 's_inlane_r' inactive >>>>>>>
2026-04-19 16:38:35,610 : INFO : SwitchController : <<<<<<< 's_outlane_r' active >>>>>>>
2026-04-19 16:38:38,457 : INFO : SwitchController : <<<<<<< 's_outlane_r' inactive >>>>>>>
2026-04-19 16:38:51,425 : INFO : SwitchController : <<<<<<< 's_inlane_l' active >>>>>>>
2026-04-19 16:38:53,348 : INFO : SwitchController : <<<<<<< 's_inlane_l' inactive >>>>>>>
2026-04-19 16:38:57,726 : INFO : SwitchController : <<<<<<< 's_outlane_l' active >>>>>>>
2026-04-19 16:38:59,291 : INFO : SwitchController : <<<<<<< 's_outlane_l' inactive >>>>>>>
2026-04-19 16:40:01,613 : INFO : SwitchController : <<<<<<< 's_lower_single' active >>>>>>>
2026-04-19 16:40:02,967 : INFO : SwitchController : <<<<<<< 's_lower_single' inactive >>>>>>>
2026-04-19 16:41:49,271 : INFO : SwitchController : <<<<<<< 's_lower_single' active >>>>>>>
2026-04-19 16:41:49,357 : INFO : SwitchController : <<<<<<< 's_lower_single' inactive >>>>>>>
2026-04-19 16:41:50,025 : INFO : SwitchController : <<<<<<< 's_bot' active >>>>>>>
2026-04-19 16:41:50,174 : INFO : SwitchController : <<<<<<< 's_bot' inactive >>>>>>>
2026-04-19 16:41:50,875 : INFO : SwitchController : <<<<<<< 's_bot' active >>>>>>>
2026-04-19 16:41:52,625 : INFO : SwitchController : <<<<<<< 's_bot' inactive >>>>>>>
2026-04-19 16:42:48,133 : INFO : SwitchController : <<<<<<< 's_lower_orbit' active >>>>>>>
2026-04-19 16:42:50,197 : INFO : SwitchController : <<<<<<< 's_lower_orbit' inactive >>>>>>>
2026-04-19 16:42:54,479 : INFO : SwitchController : <<<<<<< 's_top' active >>>>>>>
2026-04-19 16:43:20,200 : INFO : SwitchController : <<<<<<< 's_lower_sling' active >>>>>>>
2026-04-19 16:43:21,467 : INFO : SwitchController : <<<<<<< 's_lower_sling' inactive >>>>>>>
2026-04-19 16:43:24,114 : INFO : SwitchController : <<<<<<< 's_lower_sling' active >>>>>>>
2026-04-19 16:43:26,325 : INFO : SwitchController : <<<<<<< 's_lower_sling' inactive >>>>>>>
2026-04-19 16:43:31,464 : INFO : SwitchController : <<<<<<< 's_lower_single' active >>>>>>>
2026-04-19 16:43:35,899 : INFO : SwitchController : <<<<<<< 's_lower_single' inactive >>>>>>>
2026-04-19 16:43:39,640 : INFO : SwitchController : <<<<<<< 's_top' inactive >>>>>>>
2026-04-19 16:43:41,509 : INFO : SwitchController : <<<<<<< 's_lower_single' active >>>>>>>
2026-04-19 16:43:43,131 : INFO : SwitchController : <<<<<<< 's_lower_single' inactive >>>>>>>
2026-04-19 16:44:00,003 : INFO : SwitchController : <<<<<<< 's_lower_vuk' active >>>>>>>
2026-04-19 16:44:00,505 : INFO : EventManager : Event: ======'balldevice_bd_lower_vuk_ball_count_changed'====== Args={'balls': 1}
2026-04-19 16:44:00,505 : INFO : ball_device.bd_lower_vuk : Received unexpected ball
2026-04-19 16:44:00,505 : INFO : EventManager : Event: ======'balldevice_captured_from_playfield'====== Args={'balls': 1}
2026-04-19 16:44:00,506 : INFO : EventManager : Event: ======'sw_playfield_active'====== Args={'balls': 1}
2026-04-19 16:44:00,506 : INFO : EventManager : Event: ======'playfield_ball_count_change'====== Args={'balls': 0, 'change': -1}
2026-04-19 16:44:00,506 : INFO : EventManager : Event: ======'balldevice_bd_lower_vuk_ball_enter'====== Args={'new_balls': 1, 'unclaimed_balls': 1, 'new_available_balls': 1, 'device': <ball_device.bd_lower_vuk>}
2026-04-19 16:44:00,506 : INFO : ball_device.bd_lower_vuk : Ejecting 1 unexpected balls using path deque([<ball_device.bd_lower_vuk>, <playfield.playfield>])
2026-04-19 16:44:00,507 : INFO : EventManager : Event: ======'balldevice_balls_available'====== Args={}
2026-04-19 16:44:00,507 : INFO : EventManager : Event: ======'balldevice_balls_available'====== Args={}
2026-04-19 16:44:00,507 : INFO : EventManager : Event: ======'balldevice_bd_lower_vuk_ball_entered'====== Args={'new_balls': 1, 'device': <ball_device.bd_lower_vuk>}
2026-04-19 16:44:00,507 : INFO : ball_device.bd_lower_vuk : State: waiting_for_target_ready
2026-04-19 16:44:00,508 : INFO : EventManager : Event: ======'balldevice_bd_lower_vuk_ball_eject_attempt'====== Args={'balls': 1, 'target': <playfield.playfield>, 'source': <ball_device.bd_lower_vuk>, 'mechanical_eject': False, 'num_attempts': 0}
2026-04-19 16:44:00,508 : INFO : ball_device.bd_lower_vuk : State: ejecting
2026-04-19 16:44:00,508 : INFO : ball_device.bd_lower_vuk : Ejecting ball to <playfield.playfield>
2026-04-19 16:44:00,508 : INFO : EventManager : Event: ======'balldevice_bd_lower_vuk_ejecting_ball'====== Args={'balls': 1, 'target': <playfield.playfield>, 'source': <ball_device.bd_lower_vuk>, 'mechanical_eject': False, 'num_attempts': 0}
2026-04-19 16:44:00,509 : INFO : ball_device.bd_lower_vuk : Wait for ball to leave device
2026-04-19 16:44:00,509 : INFO : coil.c_lower_vuk : Pulsing Driver for 30ms (1.0 pulse_power)
2026-04-19 16:44:01,091 : INFO : SwitchController : <<<<<<< 's_lower_vuk' inactive >>>>>>>
2026-04-19 16:44:01,092 : INFO : ball_device.bd_lower_vuk : State: ball_left
2026-04-19 16:44:01,092 : INFO : ball_device.bd_lower_vuk : Ball left
2026-04-19 16:44:01,092 : INFO : ball_device.bd_lower_vuk : Wait for confirm with timeout 1.0
2026-04-19 16:44:02,093 : INFO : ball_device.bd_lower_vuk : State: failed_confirm
2026-04-19 16:44:02,093 : INFO : ball_device.bd_lower_vuk : Got timeout (1.0s) before confirm from <playfield.playfield>
2026-04-19 16:44:02,194 : INFO : ball_device.bd_lower_vuk : Confirming eject because target is playfield and ball did not return.
2026-04-19 16:44:02,194 : INFO : ball_device.bd_lower_vuk : Eject successful
2026-04-19 16:44:02,194 : INFO : EventManager : Event: ======'balldevice_bd_lower_vuk_ball_eject_success'====== Args={'balls': 1, 'target': <playfield.playfield>}
2026-04-19 16:44:02,194 : INFO : EventManager : Event: ======'balldevice_playfield_ball_enter'====== Args={'new_balls': 1, 'unclaimed_balls': 1, 'device': <playfield.playfield>}
2026-04-19 16:44:02,194 : INFO : EventManager : Event: ======'playfield_ball_count_change'====== Args={'balls': 1, 'change': 1}
2026-04-19 16:44:02,195 : INFO : EventManager : Event: ======'balldevice_bd_lower_vuk_ball_count_changed'====== Args={'balls': 0}
2026-04-19 16:44:02,195 : INFO : ball_device.bd_lower_vuk : State: idle
2026-04-19 16:44:40,362 : INFO : SwitchController : <<<<<<< 's_trough_jam' inactive >>>>>>>
2026-04-19 16:44:45,864 : INFO : EventManager : Event: ======'balldevice_bd_trough_ball_count_changed'====== Args={'balls': 0}
2026-04-19 16:44:45,864 : WARNING : ball_device.bd_trough : Ball disappeared while idle. This should not normally happen.
2026-04-19 16:44:45,864 : INFO : EventManager : Event: ======'balldevice_playfield_ball_enter'====== Args={'new_balls': 1, 'unclaimed_balls': 1, 'device': <playfield.playfield>}
2026-04-19 16:44:45,865 : INFO : EventManager : Event: ======'playfield_ball_count_change'====== Args={'balls': 2, 'change': 1}
2026-04-19 16:44:45,865 : INFO : ball_device.bd_trough : 1 ball(s) missing from device. Mechanical eject? False
2026-04-19 16:44:45,865 : INFO : EventManager : Event: ======'balldevice_bd_trough_ball_missing'====== Args={'balls': 1}
2026-04-19 16:44:45,865 : INFO : EventManager : Event: ======'balldevice_ball_missing'====== Args={'balls': 1, 'name': 'bd_trough'}
2026-04-19 16:45:08,586 : INFO : SwitchController : <<<<<<< 's_flipper_l' active >>>>>>>
2026-04-19 16:45:11,641 : INFO : SwitchController : <<<<<<< 's_flipper_l' inactive >>>>>>>
2026-04-19 16:45:16,891 : INFO : SwitchController : <<<<<<< 's_flipper_r' active >>>>>>>
2026-04-19 16:45:17,930 : INFO : SwitchController : <<<<<<< 's_flipper_r' inactive >>>>>>>
2026-04-19 16:45:18,824 : INFO : SwitchController : <<<<<<< 's_flipper_r' active >>>>>>>
2026-04-19 16:45:18,909 : INFO : SwitchController : <<<<<<< 's_flipper_r' inactive >>>>>>>
2026-04-19 16:45:19,707 : INFO : SwitchController : <<<<<<< 's_flipper_r' active >>>>>>>
2026-04-19 16:45:19,809 : INFO : SwitchController : <<<<<<< 's_flipper_r' inactive >>>>>>>
2026-04-19 16:45:23,743 : INFO : SwitchController : <<<<<<< 's_flipper_r' active >>>>>>>
2026-04-19 16:45:27,124 : INFO : SwitchController : <<<<<<< 's_flipper_r' inactive >>>>>>>
2026-04-19 16:45:27,257 : INFO : SwitchController : <<<<<<< 's_flipper_r' active >>>>>>>
2026-04-19 16:45:27,760 : INFO : SwitchController : <<<<<<< 's_flipper_r' inactive >>>>>>>
2026-04-19 16:45:28,109 : INFO : SwitchController : <<<<<<< 's_flipper_r' active >>>>>>>
2026-04-19 16:45:29,298 : INFO : SwitchController : <<<<<<< 's_flipper_r' inactive >>>>>>>
2026-04-19 16:45:42,487 : INFO : SwitchController : <<<<<<< 's_pop' active >>>>>>>
2026-04-19 16:48:50,053 : INFO : SwitchController : <<<<<<< 's_kicker_orbit' active >>>>>>>
2026-04-19 16:48:50,167 : INFO : SwitchController : <<<<<<< 's_kicker_orbit' inactive >>>>>>>
2026-04-19 16:48:57,751 : INFO : SwitchController : <<<<<<< 's_drop_r' active >>>>>>>
2026-04-19 16:48:57,751 : INFO : EventManager : Event: ======'drop_target_right_down'====== Args={'device': <drop_target.right>}
2026-04-19 16:48:57,751 : INFO : EventManager : Event: ======'drop_target_bank_mid_mixed'====== Args={'prev_value': <DropTargetBankState.UP: 'up'>, 'down': 1}
2026-04-19 16:48:59,701 : INFO : SwitchController : <<<<<<< 's_drop_r' inactive >>>>>>>
2026-04-19 16:48:59,701 : INFO : EventManager : Event: ======'drop_target_right_up'====== Args={'device': <drop_target.right>}
2026-04-19 16:48:59,701 : INFO : EventManager : Event: ======'drop_target_bank_mid_up'====== Args={}
2026-04-19 16:49:09,999 : INFO : SwitchController : <<<<<<< 's_drop_m' active >>>>>>>
2026-04-19 16:49:09,999 : INFO : EventManager : Event: ======'drop_target_mid_down'====== Args={'device': <drop_target.mid>}
2026-04-19 16:49:09,999 : INFO : EventManager : Event: ======'drop_target_bank_mid_mixed'====== Args={'prev_value': <DropTargetBankState.UP: 'up'>, 'down': 1}
2026-04-19 16:49:13,527 : INFO : SwitchController : <<<<<<< 's_drop_m' inactive >>>>>>>
2026-04-19 16:49:13,527 : INFO : EventManager : Event: ======'drop_target_mid_up'====== Args={'device': <drop_target.mid>}
2026-04-19 16:49:13,527 : INFO : EventManager : Event: ======'drop_target_bank_mid_up'====== Args={}
2026-04-19 16:49:43,181 : INFO : SwitchController : <<<<<<< 's_pop' inactive >>>>>>>
2026-04-19 16:49:59,590 : INFO : SwitchController : <<<<<<< 's_stationary_l' active >>>>>>>
2026-04-19 16:50:03,184 : INFO : SwitchController : <<<<<<< 's_stationary_l' inactive >>>>>>>
2026-04-19 16:50:03,299 : INFO : SwitchController : <<<<<<< 's_stationary_l' active >>>>>>>
2026-04-19 16:51:20,105 : INFO : SwitchController : <<<<<<< 's_sling_l' active >>>>>>>
2026-04-19 16:51:21,861 : INFO : SwitchController : <<<<<<< 's_sling_l' inactive >>>>>>>
2026-04-19 16:51:29,935 : INFO : SwitchController : <<<<<<< 's_stationary_m' active >>>>>>>
2026-04-19 16:51:31,855 : INFO : SwitchController : <<<<<<< 's_stationary_m' inactive >>>>>>>
2026-04-19 16:51:32,415 : INFO : SwitchController : <<<<<<< 's_stationary_m' active >>>>>>>
2026-04-19 16:51:33,441 : INFO : SwitchController : <<<<<<< 's_stationary_m' inactive >>>>>>>
2026-04-19 16:51:54,431 : INFO : SwitchController : <<<<<<< 's_orbit_small_l' active >>>>>>>
2026-04-19 16:51:55,884 : INFO : SwitchController : <<<<<<< 's_orbit_small_l' inactive >>>>>>>
2026-04-19 16:52:07,762 : INFO : SwitchController : <<<<<<< 's_middle_scoop' active >>>>>>>
2026-04-19 16:52:08,263 : INFO : EventManager : Event: ======'balldevice_bd_scoop_ball_count_changed'====== Args={'balls': 1}
2026-04-19 16:52:08,263 : INFO : ball_device.bd_scoop : Received unexpected ball
2026-04-19 16:52:08,263 : INFO : EventManager : Event: ======'balldevice_captured_from_playfield'====== Args={'balls': 1}
2026-04-19 16:52:08,264 : INFO : EventManager : Event: ======'sw_playfield_active'====== Args={'balls': 1}
2026-04-19 16:52:08,264 : INFO : EventManager : Event: ======'playfield_ball_count_change'====== Args={'balls': 1, 'change': -1}
2026-04-19 16:52:08,264 : INFO : EventManager : Event: ======'balldevice_bd_scoop_ball_enter'====== Args={'new_balls': 1, 'unclaimed_balls': 1, 'new_available_balls': 1, 'device': <ball_device.bd_scoop>}
2026-04-19 16:52:08,264 : INFO : ball_device.bd_scoop : Ejecting 1 unexpected balls using path deque([<ball_device.bd_scoop>, <playfield.playfield>])
2026-04-19 16:52:08,264 : INFO : EventManager : Event: ======'balldevice_balls_available'====== Args={}
2026-04-19 16:52:08,264 : INFO : EventManager : Event: ======'balldevice_balls_available'====== Args={}
2026-04-19 16:52:08,264 : INFO : EventManager : Event: ======'balldevice_bd_scoop_ball_entered'====== Args={'new_balls': 1, 'device': <ball_device.bd_scoop>}
2026-04-19 16:52:08,267 : INFO : ball_device.bd_scoop : State: waiting_for_target_ready
2026-04-19 16:52:08,267 : INFO : EventManager : Event: ======'balldevice_bd_scoop_ball_eject_attempt'====== Args={'balls': 1, 'target': <playfield.playfield>, 'source': <ball_device.bd_scoop>, 'mechanical_eject': False, 'num_attempts': 0}
2026-04-19 16:52:08,267 : INFO : ball_device.bd_scoop : State: ejecting
2026-04-19 16:52:08,267 : INFO : ball_device.bd_scoop : Ejecting ball to <playfield.playfield>
2026-04-19 16:52:08,267 : INFO : EventManager : Event: ======'balldevice_bd_scoop_ejecting_ball'====== Args={'balls': 1, 'target': <playfield.playfield>, 'source': <ball_device.bd_scoop>, 'mechanical_eject': False, 'num_attempts': 0}
2026-04-19 16:52:08,267 : INFO : ball_device.bd_scoop : Wait for ball to leave device
2026-04-19 16:52:08,267 : INFO : coil.c_scoop : Pulsing Driver for 20ms (1.0 pulse_power)
2026-04-19 16:52:09,269 : INFO : EventManager : Event: ======'balldevice_bd_scoop_ball_eject_failed'====== Args={'target': <playfield.playfield>, 'balls': 1, 'retry': True, 'num_attempts': 1}
2026-04-19 16:52:09,269 : INFO : ball_device.bd_scoop : State: waiting_for_target_ready
2026-04-19 16:52:09,270 : INFO : EventManager : Event: ======'balldevice_bd_scoop_ball_eject_attempt'====== Args={'balls': 1, 'target': <playfield.playfield>, 'source': <ball_device.bd_scoop>, 'mechanical_eject': False, 'num_attempts': 1}
2026-04-19 16:52:09,270 : INFO : ball_device.bd_scoop : State: ejecting
2026-04-19 16:52:09,270 : INFO : ball_device.bd_scoop : Ejecting ball to <playfield.playfield>
2026-04-19 16:52:09,270 : INFO : EventManager : Event: ======'balldevice_bd_scoop_ejecting_ball'====== Args={'balls': 1, 'target': <playfield.playfield>, 'source': <ball_device.bd_scoop>, 'mechanical_eject': False, 'num_attempts': 1}
2026-04-19 16:52:09,270 : INFO : ball_device.bd_scoop : Wait for ball to leave device
2026-04-19 16:52:09,270 : INFO : coil.c_scoop : Pulsing Driver for 20ms (1.0 pulse_power)
2026-04-19 16:52:10,271 : INFO : EventManager : Event: ======'balldevice_bd_scoop_ball_eject_failed'====== Args={'target': <playfield.playfield>, 'balls': 1, 'retry': True, 'num_attempts': 2}
2026-04-19 16:52:10,272 : INFO : ball_device.bd_scoop : State: waiting_for_target_ready
2026-04-19 16:52:10,272 : INFO : EventManager : Event: ======'balldevice_bd_scoop_ball_eject_attempt'====== Args={'balls': 1, 'target': <playfield.playfield>, 'source': <ball_device.bd_scoop>, 'mechanical_eject': False, 'num_attempts': 2}
2026-04-19 16:52:10,272 : INFO : ball_device.bd_scoop : State: ejecting
2026-04-19 16:52:10,272 : INFO : ball_device.bd_scoop : Ejecting ball to <playfield.playfield>
2026-04-19 16:52:10,272 : INFO : EventManager : Event: ======'balldevice_bd_scoop_ejecting_ball'====== Args={'balls': 1, 'target': <playfield.playfield>, 'source': <ball_device.bd_scoop>, 'mechanical_eject': False, 'num_attempts': 2}
2026-04-19 16:52:10,276 : INFO : ball_device.bd_scoop : Wait for ball to leave device
2026-04-19 16:52:10,276 : INFO : coil.c_scoop : Pulsing Driver for 20ms (1.0 pulse_power)
2026-04-19 16:52:11,119 : INFO : SwitchController : <<<<<<< 's_middle_scoop' inactive >>>>>>>
2026-04-19 16:52:11,120 : INFO : ball_device.bd_scoop : State: ball_left
2026-04-19 16:52:11,120 : INFO : ball_device.bd_scoop : Ball left
2026-04-19 16:52:11,120 : INFO : ball_device.bd_scoop : Wait for confirm with timeout 1.0
2026-04-19 16:52:11,617 : INFO : SwitchController : <<<<<<< 's_middle_scoop' active >>>>>>>
2026-04-19 16:52:12,120 : INFO : ball_device.bd_scoop : State: failed_confirm
2026-04-19 16:52:12,120 : INFO : ball_device.bd_scoop : Got timeout (1.0s) before confirm from <playfield.playfield>
2026-04-19 16:52:12,221 : INFO : ball_device.bd_scoop : Got unknown balls. Assuming a ball returned.
2026-04-19 16:52:12,221 : INFO : EventManager : Event: ======'balldevice_bd_scoop_ball_eject_failed'====== Args={'target': <playfield.playfield>, 'balls': 1, 'retry': True, 'num_attempts': 3}
2026-04-19 16:52:12,222 : INFO : ball_device.bd_scoop : State: waiting_for_target_ready
2026-04-19 16:52:12,222 : INFO : EventManager : Event: ======'balldevice_bd_scoop_ball_eject_attempt'====== Args={'balls': 1, 'target': <playfield.playfield>, 'source': <ball_device.bd_scoop>, 'mechanical_eject': False, 'num_attempts': 3}
2026-04-19 16:52:12,222 : INFO : ball_device.bd_scoop : State: ejecting
2026-04-19 16:52:12,222 : INFO : ball_device.bd_scoop : Ejecting ball to <playfield.playfield>
2026-04-19 16:52:12,222 : INFO : EventManager : Event: ======'balldevice_bd_scoop_ejecting_ball'====== Args={'balls': 1, 'target': <playfield.playfield>, 'source': <ball_device.bd_scoop>, 'mechanical_eject': False, 'num_attempts': 3}
2026-04-19 16:52:12,222 : INFO : ball_device.bd_scoop : Wait for ball to leave device
2026-04-19 16:52:12,222 : INFO : coil.c_scoop : Pulsing Driver for 20ms (1.0 pulse_power)
2026-04-19 16:52:13,223 : INFO : EventManager : Event: ======'balldevice_bd_scoop_ball_eject_failed'====== Args={'target': <playfield.playfield>, 'balls': 1, 'retry': True, 'num_attempts': 4}
2026-04-19 16:52:13,224 : INFO : ball_device.bd_scoop : State: waiting_for_target_ready
2026-04-19 16:52:13,224 : INFO : EventManager : Event: ======'balldevice_bd_scoop_ball_eject_attempt'====== Args={'balls': 1, 'target': <playfield.playfield>, 'source': <ball_device.bd_scoop>, 'mechanical_eject': False, 'num_attempts': 4}
2026-04-19 16:52:13,224 : INFO : ball_device.bd_scoop : State: ejecting
2026-04-19 16:52:13,224 : INFO : ball_device.bd_scoop : Ejecting ball to <playfield.playfield>
2026-04-19 16:52:13,224 : INFO : EventManager : Event: ======'balldevice_bd_scoop_ejecting_ball'====== Args={'balls': 1, 'target': <playfield.playfield>, 'source': <ball_device.bd_scoop>, 'mechanical_eject': False, 'num_attempts': 4}
2026-04-19 16:52:13,224 : INFO : ball_device.bd_scoop : Wait for ball to leave device
2026-04-19 16:52:13,224 : INFO : coil.c_scoop : Pulsing Driver for 20ms (1.0 pulse_power)
2026-04-19 16:52:13,880 : INFO : SwitchController : <<<<<<< 's_middle_scoop' inactive >>>>>>>
2026-04-19 16:52:13,880 : INFO : ball_device.bd_scoop : State: ball_left
2026-04-19 16:52:13,881 : INFO : ball_device.bd_scoop : Ball left
2026-04-19 16:52:13,881 : INFO : ball_device.bd_scoop : Wait for confirm with timeout 1.0
2026-04-19 16:52:14,882 : INFO : ball_device.bd_scoop : State: failed_confirm
2026-04-19 16:52:14,882 : INFO : ball_device.bd_scoop : Got timeout (1.0s) before confirm from <playfield.playfield>
2026-04-19 16:52:14,982 : INFO : ball_device.bd_scoop : Confirming eject because target is playfield and ball did not return.
2026-04-19 16:52:14,983 : INFO : ball_device.bd_scoop : Eject successful
2026-04-19 16:52:14,983 : INFO : EventManager : Event: ======'balldevice_bd_scoop_ball_eject_success'====== Args={'balls': 1, 'target': <playfield.playfield>}
2026-04-19 16:52:14,983 : INFO : EventManager : Event: ======'balldevice_playfield_ball_enter'====== Args={'new_balls': 1, 'unclaimed_balls': 1, 'device': <playfield.playfield>}
2026-04-19 16:52:14,983 : INFO : EventManager : Event: ======'playfield_ball_count_change'====== Args={'balls': 2, 'change': 1}
2026-04-19 16:52:14,983 : INFO : EventManager : Event: ======'balldevice_bd_scoop_ball_count_changed'====== Args={'balls': 0}
2026-04-19 16:52:14,983 : INFO : ball_device.bd_scoop : State: idle
2026-04-19 16:52:50,487 : INFO : SwitchController : <<<<<<< 's_stationary_r' active >>>>>>>
2026-04-19 16:52:51,663 : INFO : SwitchController : <<<<<<< 's_stationary_r' inactive >>>>>>>
2026-04-19 16:58:07,161 : INFO : SwitchController : <<<<<<< 's_b_target_left' active >>>>>>>
2026-04-19 16:58:09,760 : INFO : SwitchController : <<<<<<< 's_b_target_left' inactive >>>>>>>
2026-04-19 16:58:56,070 : INFO : SwitchController : <<<<<<< 's_u_rollover' active >>>>>>>
2026-04-19 16:58:57,330 : INFO : SwitchController : <<<<<<< 's_u_rollover' inactive >>>>>>>
2026-04-19 17:11:11,563 : INFO : SwitchController : <<<<<<< 's_stationary_l' inactive >>>>>>>
2026-04-22 19:03:05,448 : INFO : Machine : Shutting down...
2026-04-22 19:03:05,453 : INFO : EventManager : Event: ======'shutdown'====== Args={}
2026-04-22 19:03:05,476 : INFO : root : MPF run loop ended.
