2026-04-23 12:32:51,358 : INFO : root : Loading config.
2026-04-23 12:32:51,359 : INFO : YamlMultifileConfigLoader : Machine config file #1: config.yaml
2026-04-23 12:32:51,359 : INFO : ConfigProcessor : Loading config from cache: /var/folders/l2/q8hj_6s91xnb2jxg1sqm0h7r0000gn/T/9d21ea9a81fcfc5941f8ed75c4a080eb.mpf_cache
2026-04-23 12:32:51,360 : WARNING : ConfigProcessor : Config file in cache changed: /Users/tannerpetch/Documents/GitHub/trashland_3/config/config_fast.yaml
2026-04-23 12:32:51,360 : INFO : ConfigProcessor : Loading config from file /Library/Frameworks/Python.framework/Versions/3.11/lib/python3.11/site-packages/mpf/mpfconfig.yaml.
2026-04-23 12:32:51,363 : INFO : ConfigProcessor : Loading config: /Library/Frameworks/Python.framework/Versions/3.11/lib/python3.11/site-packages/mpf/mpfconfig.yaml
2026-04-23 12:32:51,363 : INFO : ConfigProcessor : Loading config from file /Users/tannerpetch/Documents/GitHub/trashland_3/config/config.yaml.
2026-04-23 12:32:51,364 : INFO : ConfigProcessor : Loading config: /Users/tannerpetch/Documents/GitHub/trashland_3/config/config.yaml
2026-04-23 12:32:51,367 : INFO : ConfigProcessor : Loading config: /Users/tannerpetch/Documents/GitHub/trashland_3/config/config_lights.yaml
2026-04-23 12:32:51,368 : INFO : ConfigProcessor : Loading config: /Users/tannerpetch/Documents/GitHub/trashland_3/config/config_modes.yaml
2026-04-23 12:32:51,368 : INFO : ConfigProcessor : Loading config: /Users/tannerpetch/Documents/GitHub/trashland_3/config/config_fast.yaml
2026-04-23 12:32:51,370 : INFO : ConfigProcessor : Loading config: /Users/tannerpetch/Documents/GitHub/trashland_3/config/config_coils.yaml
2026-04-23 12:32:51,371 : INFO : ConfigProcessor : Loading config: /Users/tannerpetch/Documents/GitHub/trashland_3/config/config_switches.yaml
2026-04-23 12:32:51,372 : INFO : ConfigProcessor : Loading config: /Users/tannerpetch/Documents/GitHub/trashland_3/config/config_devices.yaml
2026-04-23 12:32:51,373 : INFO : ConfigProcessor : Loading config: /Users/tannerpetch/Documents/GitHub/trashland_3/config/config_misc.yaml
2026-04-23 12:32:51,375 : INFO : ConfigProcessor : Config file cache created: /var/folders/l2/q8hj_6s91xnb2jxg1sqm0h7r0000gn/T/9d21ea9a81fcfc5941f8ed75c4a080eb.mpf_cache
2026-04-23 12:32:51,403 : INFO : ConfigProcessor : Loading config from cache: /var/folders/l2/q8hj_6s91xnb2jxg1sqm0h7r0000gn/T/43115b802accf167344a214047a50cd4.mpf_cache
2026-04-23 12:32:51,404 : INFO : ConfigProcessor : Loading config from cache: /var/folders/l2/q8hj_6s91xnb2jxg1sqm0h7r0000gn/T/bd1387dfa7de7ffc5bacad015019c743.mpf_cache
2026-04-23 12:32:51,404 : INFO : ConfigProcessor : Loading config from cache: /var/folders/l2/q8hj_6s91xnb2jxg1sqm0h7r0000gn/T/d126ded0bd5e51d3c29826a335e85340.mpf_cache
2026-04-23 12:32:51,404 : INFO : ConfigProcessor : Loading config from cache: /var/folders/l2/q8hj_6s91xnb2jxg1sqm0h7r0000gn/T/43115b802accf167344a214047a50cd4.mpf_cache
2026-04-23 12:32:51,404 : INFO : ConfigProcessor : Loading config from cache: /var/folders/l2/q8hj_6s91xnb2jxg1sqm0h7r0000gn/T/fb286bdec51e83b76c44a07e18af10e7.mpf_cache
2026-04-23 12:32:51,405 : INFO : ConfigProcessor : Loading config from cache: /var/folders/l2/q8hj_6s91xnb2jxg1sqm0h7r0000gn/T/a4506495691bdf3563a8fd11a9d79f10.mpf_cache
2026-04-23 12:32:51,405 : INFO : ConfigProcessor : Loading config from cache: /var/folders/l2/q8hj_6s91xnb2jxg1sqm0h7r0000gn/T/7e62a906c63d3b7efc85393a80e94c06.mpf_cache
2026-04-23 12:32:51,405 : INFO : ConfigProcessor : Loading config from cache: /var/folders/l2/q8hj_6s91xnb2jxg1sqm0h7r0000gn/T/ca66b8f571437747b2f2875349d15af7.mpf_cache
2026-04-23 12:32:51,405 : INFO : Machine : Mission Pinball Framework Core Engine v0.80.0.dev4
2026-04-23 12:32:51,405 : INFO : Machine : Command line arguments: {'no_load_cache': False, 'create_config_cache': True, 'bcp': False, 'configfile': ['config.yaml'], 'force_assets_load': False, 'platform_integration_test': False, 'jsonlogging': False, 'logfile': 'logs/2026-04-23-12-32-51-mpf-Tanners-Laptop.log', 'pause': False, 'production': False, 'text_ui': True, 'loglevel': 15, 'consoleloglevel': 20, 'force_platform': None, 'syslog_address': None, 'mc_file_name': None, 'no_sound': False, 'full_logfile_path': '/Users/tannerpetch/Documents/GitHub/trashland_3/logs/2026-04-23-12-32-51-mpf-Tanners-Laptop.log'}
2026-04-23 12:32:51,405 : INFO : Machine : MPF path: /Library/Frameworks/Python.framework/Versions/3.11/lib/python3.11/site-packages/mpf
2026-04-23 12:32:51,405 : INFO : Machine : Machine path: /Users/tannerpetch/Documents/GitHub/trashland_3
2026-04-23 12:32:51,405 : INFO : Machine : Platform: darwin
2026-04-23 12:32:51,405 : INFO : Machine : Python executable location: /Library/Frameworks/Python.framework/Versions/3.11/bin/python3.11
2026-04-23 12:32:51,405 : INFO : Machine : Python version: 3.11.9 (64-bit)
2026-04-23 12:32:51,406 : INFO : Machine : Initializing MPF...
2026-04-23 12:32:51,952 : INFO : FAST : Auto-detecting ports for the following connections: ['net', 'exp']
2026-04-23 12:32:52,090 : INFO : FAST : Detected EXP on port /dev/cu.usbmodem103
2026-04-23 12:32:52,091 : INFO : FAST : Detected NET on port /dev/cu.usbmodem101
2026-04-23 12:32:52,198 : INFO : FAST [NET] : Trying to connect to /dev/cu.usbmodem101 at 921600bps
2026-04-23 12:32:52,257 : INFO : FAST [NET] : Connected to /dev/cu.usbmodem101 at 921600bps
2026-04-23 12:32:52,260 : INFO : FAST [NET] : Connected to FP-CPU-2000 with firmware v02.21
2026-04-23 12:32:52,262 : INFO : FAST [NET] : Registered I/O Board 0: Model: FP-I/O-0804, Firmware: 01.10, Switches: 8, Drivers: 4
2026-04-23 12:32:52,264 : INFO : FAST [NET] : Registered I/O Board 1: Model: FP-I/O-0804, Firmware: 01.10, Switches: 8, Drivers: 4
2026-04-23 12:32:52,265 : INFO : FAST [NET] : Registered I/O Board 2: Model: FP-I/O-3208, Firmware: 01.10, Switches: 32, Drivers: 8
2026-04-23 12:32:52,267 : INFO : FAST [NET] : Registered I/O Board 3: Model: FP-I/O-1616, Firmware: 01.10, Switches: 16, Drivers: 16
2026-04-23 12:32:52,268 : INFO : FAST [NET] : Registered I/O Board 4: Model: FP-I/O-3208, Firmware: 01.10, Switches: 32, Drivers: 8
2026-04-23 12:32:52,270 : INFO : FAST [EXP] : Trying to connect to /dev/cu.usbmodem103 at 921600bps
2026-04-23 12:32:52,323 : INFO : FAST [EXP] : Connected to /dev/cu.usbmodem103 at 921600bps
2026-04-23 12:32:52,325 : INFO : FAST [EXP] : Verifying hardware for EXP "pf" (FP-EXP-0081, @84) with ID string "EXP FP-EXP-0081  0.48", board address 84
2026-04-23 12:32:52,326 : INFO : FAST [EXP] : Verifying hardware for EXP "pf" (FP-EXP-0081, @84) with ID string "BRK FP-EXP-0081  0.48", board address 840
2026-04-23 12:32:52,328 : INFO : FAST [EXP] : Verifying hardware for EXP "pf" (FP-EXP-0081, @84) with ID string "BRK FP-EXP-0081  0.48", board address 841
2026-04-23 12:32:52,330 : INFO : FAST [EXP] : Verifying hardware for EXP "pf_back" (FP-EXP-0071, @b4) with ID string "EXP FP-EXP-0071  0.48", board address b4
2026-04-23 12:32:52,332 : INFO : FAST [EXP] : Verifying hardware for EXP "pf_back" (FP-EXP-0071, @b4) with ID string "BRK FP-EXP-0071  0.48", board address b40
2026-04-23 12:32:52,333 : INFO : EventManager : Event: ======'machine_var_credits_string'====== Args={'value': 'FREE PLAY', 'prev_value': None, 'change': True}
2026-04-23 12:32:52,350 : INFO : EventManager : Event: ======'machine_var_master_volume'====== Args={'value': 0.5, 'prev_value': None, 'change': True}
2026-04-23 12:32:52,350 : INFO : EventManager : Event: ======'machine_var_player1_score'====== Args={'value': 310, 'prev_value': None, 'change': True}
2026-04-23 12:32:52,350 : INFO : EventManager : Event: ======'machine_var_mpf_version'====== Args={'value': 'Mission Pinball Framework v0.80.0.dev4', 'prev_value': None, 'change': True}
2026-04-23 12:32:52,350 : INFO : EventManager : Event: ======'machine_var_mpf_extended_version'====== Args={'value': 'Mission Pinball Framework v0.80.0.dev4, Config version:6, Show version: 6, BCP version:1.1', 'prev_value': None, 'change': True}
2026-04-23 12:32:52,351 : INFO : EventManager : Event: ======'machine_var_python_version'====== Args={'value': '3.11.9', 'prev_value': None, 'change': True}
2026-04-23 12:32:52,368 : INFO : EventManager : Event: ======'machine_var_platform'====== Args={'value': 'macOS-14.3-arm64-arm-64bit', 'prev_value': None, 'change': True}
2026-04-23 12:32:52,368 : INFO : EventManager : Event: ======'machine_var_platform_system'====== Args={'value': 'Darwin', 'prev_value': None, 'change': True}
2026-04-23 12:32:52,368 : INFO : EventManager : Event: ======'machine_var_platform_release'====== Args={'value': '23.3.0', 'prev_value': None, 'change': True}
2026-04-23 12:32:52,368 : INFO : EventManager : Event: ======'machine_var_platform_version'====== Args={'value': 'Darwin Kernel Version 23.3.0: Thu Dec 21 02:29:41 PST 2023; root:xnu-10002.81.5~11/RELEASE_ARM64_T8122', 'prev_value': None, 'change': True}
2026-04-23 12:32:52,368 : INFO : EventManager : Event: ======'machine_var_platform_machine'====== Args={'value': 'arm64', 'prev_value': None, 'change': True}
2026-04-23 12:32:52,369 : INFO : EventManager : Event: ======'machine_var_log_file_path'====== Args={'value': '/Users/tannerpetch/Documents/GitHub/trashland_3/logs/2026-04-23-12-32-51-mpf-Tanners-Laptop.log', 'prev_value': None, 'change': True}
2026-04-23 12:32:52,369 : INFO : EventManager : Event: ======'init_phase_1'====== Args={}
2026-04-23 12:32:52,394 : INFO : EventManager : Event: ======'drop_target_bank_dt_single_up'====== Args={}
2026-04-23 12:32:52,394 : INFO : EventManager : Event: ======'drop_target_bank_mid_up'====== Args={}
2026-04-23 12:32:52,562 : WARNING : Machine : Iterating device collections directly is deprecated and will be removed. Access by value(): device_collections[switches] -> device_collections['switches'].values()
2026-04-23 12:32:52,563 : INFO : SwitchController : <<<<<<< 's_outlane_l' active >>>>>>>
2026-04-23 12:32:52,563 : INFO : SwitchController : <<<<<<< 's_trough_6' active >>>>>>>
2026-04-23 12:32:52,563 : INFO : SwitchController : <<<<<<< 's_trough_5' active >>>>>>>
2026-04-23 12:32:52,563 : INFO : SwitchController : <<<<<<< 's_drop_r' active >>>>>>>
2026-04-23 12:32:52,563 : INFO : SwitchController : <<<<<<< 's_drop_m' active >>>>>>>
2026-04-23 12:32:52,563 : INFO : SwitchController : <<<<<<< 's_drop_single' active >>>>>>>
2026-04-23 12:32:52,563 : INFO : SwitchController : <<<<<<< 's_captive_r' active >>>>>>>
2026-04-23 12:32:52,563 : INFO : SwitchController : <<<<<<< 's_captive_l' active >>>>>>>
2026-04-23 12:32:52,656 : INFO : EventManager : Event: ======'init_phase_2'====== Args={}
2026-04-23 12:32:52,656 : INFO : SwitchController : Found active switch: (16, [FAST Platform Interface]) <switch.s_outlane_l>
2026-04-23 12:32:52,656 : INFO : SwitchController : Found active switch: (24, [FAST Platform Interface]) <switch.s_trough_6>
2026-04-23 12:32:52,656 : INFO : SwitchController : Found active switch: (25, [FAST Platform Interface]) <switch.s_trough_5>
2026-04-23 12:32:52,656 : INFO : SwitchController : Found active switch: (49, [FAST Platform Interface]) <switch.s_drop_r>
2026-04-23 12:32:52,656 : INFO : SwitchController : Found active switch: (50, [FAST Platform Interface]) <switch.s_drop_m>
2026-04-23 12:32:52,656 : INFO : SwitchController : Found active switch: (57, [FAST Platform Interface]) <switch.s_drop_single>
2026-04-23 12:32:52,656 : INFO : SwitchController : Found active switch: (61, [FAST Platform Interface]) <switch.s_captive_r>
2026-04-23 12:32:52,656 : INFO : SwitchController : Found active switch: (62, [FAST Platform Interface]) <switch.s_captive_l>
2026-04-23 12:32:52,664 : INFO : ball_device.bd_scoop : BCH: Initial count: 0
2026-04-23 12:32:52,664 : INFO : ball_device.bd_scoop : State: idle
2026-04-23 12:32:52,664 : INFO : ball_device.bd_trough : BCH: Initial count: 0
2026-04-23 12:32:52,665 : INFO : ball_device.bd_trough : State: idle
2026-04-23 12:32:52,665 : INFO : ball_device.bd_autolauncher : BCH: Initial count: 0
2026-04-23 12:32:52,665 : INFO : ball_device.bd_autolauncher : State: idle
2026-04-23 12:32:52,665 : INFO : ball_device.bd_kicker_orbit : BCH: Initial count: 0
2026-04-23 12:32:52,665 : INFO : ball_device.bd_kicker_orbit : State: idle
2026-04-23 12:32:52,666 : INFO : ball_device.bd_lower_vuk : BCH: Initial count: 0
2026-04-23 12:32:52,666 : INFO : ball_device.bd_lower_vuk : State: idle
2026-04-23 12:32:52,666 : INFO : ball_device.bd_vuk_back : BCH: Initial count: 0
2026-04-23 12:32:52,666 : INFO : ball_device.bd_vuk_back : State: idle
2026-04-23 12:32:52,667 : INFO : ball_device.bd_vuk_upper : BCH: Initial count: 0
2026-04-23 12:32:52,667 : INFO : ball_device.bd_vuk_upper : State: idle
2026-04-23 12:32:52,667 : INFO : ball_device.bd_b_lock : BCH: Initial count: 0
2026-04-23 12:32:52,667 : INFO : ball_device.bd_b_lock : State: idle
2026-04-23 12:32:52,673 : INFO : EventManager : Event: ======'init_phase_3'====== Args={}
2026-04-23 12:32:52,678 : INFO : EventManager : Event: ======'init_phase_4'====== Args={}
2026-04-23 12:32:52,678 : INFO : EventManager : Event: ======'drop_target_d_drop_single_down'====== Args={'device': <drop_target.d_drop_single>}
2026-04-23 12:32:52,678 : INFO : EventManager : Event: ======'drop_target_right_down'====== Args={'device': <drop_target.right>}
2026-04-23 12:32:52,678 : INFO : EventManager : Event: ======'drop_target_mid_down'====== Args={'device': <drop_target.mid>}
2026-04-23 12:32:52,678 : INFO : BallController : Initial balls found: 0
2026-04-23 12:32:52,679 : INFO : EventManager : Event: ======'machine_var_audits_events_game_ended'====== Args={'value': 10, 'prev_value': None, 'change': True}
2026-04-23 12:32:52,679 : INFO : EventManager : Event: ======'machine_var_audits_events_game_started'====== Args={'value': 35, 'prev_value': None, 'change': True}
2026-04-23 12:32:52,679 : INFO : EventManager : Event: ======'machine_var_audits_missing_switches_s_b_rollover_interchange'====== Args={'value': 2, 'prev_value': None, 'change': True}
2026-04-23 12:32:52,679 : INFO : EventManager : Event: ======'machine_var_audits_missing_switches_s_b_rollover_loop'====== Args={'value': 1, 'prev_value': None, 'change': True}
2026-04-23 12:32:52,679 : INFO : EventManager : Event: ======'machine_var_audits_missing_switches_s_b_rollover_misc'====== Args={'value': 2, 'prev_value': None, 'change': True}
2026-04-23 12:32:52,679 : INFO : EventManager : Event: ======'machine_var_audits_missing_switches_s_b_target_left'====== Args={'value': 2, 'prev_value': None, 'change': True}
2026-04-23 12:32:52,679 : INFO : EventManager : Event: ======'machine_var_audits_missing_switches_s_b_target_right'====== Args={'value': 2, 'prev_value': None, 'change': True}
2026-04-23 12:32:52,679 : INFO : EventManager : Event: ======'machine_var_audits_missing_switches_s_bot'====== Args={'value': 2, 'prev_value': None, 'change': True}
2026-04-23 12:32:52,679 : INFO : EventManager : Event: ======'machine_var_audits_missing_switches_s_captive_l'====== Args={'value': 2, 'prev_value': None, 'change': True}
2026-04-23 12:32:52,679 : INFO : EventManager : Event: ======'machine_var_audits_missing_switches_s_captive_r'====== Args={'value': 2, 'prev_value': None, 'change': True}
2026-04-23 12:32:52,679 : INFO : EventManager : Event: ======'machine_var_audits_missing_switches_s_inlane_l'====== Args={'value': 33, 'prev_value': None, 'change': True}
2026-04-23 12:32:52,679 : INFO : EventManager : Event: ======'machine_var_audits_missing_switches_s_launch'====== Args={'value': 1, 'prev_value': None, 'change': True}
2026-04-23 12:32:52,679 : INFO : EventManager : Event: ======'machine_var_audits_missing_switches_s_lock_1'====== Args={'value': 6, 'prev_value': None, 'change': True}
2026-04-23 12:32:52,679 : INFO : EventManager : Event: ======'machine_var_audits_missing_switches_s_lower_orbit'====== Args={'value': 2, 'prev_value': None, 'change': True}
2026-04-23 12:32:52,679 : INFO : EventManager : Event: ======'machine_var_audits_missing_switches_s_lower_single'====== Args={'value': 2, 'prev_value': None, 'change': True}
2026-04-23 12:32:52,679 : INFO : EventManager : Event: ======'machine_var_audits_missing_switches_s_lower_transfer'====== Args={'value': 2, 'prev_value': None, 'change': True}
2026-04-23 12:32:52,679 : INFO : EventManager : Event: ======'machine_var_audits_missing_switches_s_orbit_small_r'====== Args={'value': 2, 'prev_value': None, 'change': True}
2026-04-23 12:32:52,679 : INFO : EventManager : Event: ======'machine_var_audits_missing_switches_s_outlane_l'====== Args={'value': 35, 'prev_value': None, 'change': True}
2026-04-23 12:32:52,679 : INFO : EventManager : Event: ======'machine_var_audits_missing_switches_s_outlane_r'====== Args={'value': 35, 'prev_value': None, 'change': True}
2026-04-23 12:32:52,679 : INFO : EventManager : Event: ======'machine_var_audits_missing_switches_s_scissor_save'====== Args={'value': 2, 'prev_value': None, 'change': True}
2026-04-23 12:32:52,680 : INFO : EventManager : Event: ======'machine_var_audits_missing_switches_s_start'====== Args={'value': 2, 'prev_value': None, 'change': True}
2026-04-23 12:32:52,680 : INFO : EventManager : Event: ======'machine_var_audits_missing_switches_s_tilt'====== Args={'value': 2, 'prev_value': None, 'change': True}
2026-04-23 12:32:52,680 : INFO : EventManager : Event: ======'machine_var_audits_missing_switches_s_top_mid'====== Args={'value': 2, 'prev_value': None, 'change': True}
2026-04-23 12:32:52,680 : INFO : EventManager : Event: ======'machine_var_audits_missing_switches_s_trough_5'====== Args={'value': 1, 'prev_value': None, 'change': True}
2026-04-23 12:32:52,680 : INFO : EventManager : Event: ======'machine_var_audits_missing_switches_s_trough_6'====== Args={'value': 1, 'prev_value': None, 'change': True}
2026-04-23 12:32:52,680 : INFO : EventManager : Event: ======'machine_var_audits_missing_switches_s_u_lane_l'====== Args={'value': 2, 'prev_value': None, 'change': True}
2026-04-23 12:32:52,680 : INFO : EventManager : Event: ======'machine_var_audits_missing_switches_s_u_lane_r'====== Args={'value': 2, 'prev_value': None, 'change': True}
2026-04-23 12:32:52,680 : INFO : EventManager : Event: ======'machine_var_audits_missing_switches_s_u_rollover'====== Args={'value': 2, 'prev_value': None, 'change': True}
2026-04-23 12:32:52,680 : INFO : EventManager : Event: ======'machine_var_audits_missing_switches_s_u_target'====== Args={'value': 2, 'prev_value': None, 'change': True}
2026-04-23 12:32:52,680 : INFO : EventManager : Event: ======'machine_var_audits_player_score'====== Args={'value': {'average': 31, 'top': [310, 0, 0, 0, 0, 0, 0, 0, 0, 0], 'total': 10}, 'prev_value': None, 'change': True}
2026-04-23 12:32:52,680 : INFO : EventManager : Event: ======'machine_var_audits_shots_r_orbit_small_l_base'====== Args={'value': 2, 'prev_value': None, 'change': True}
2026-04-23 12:32:52,680 : INFO : EventManager : Event: ======'machine_var_audits_shots_r_orbit_small_l_div'====== Args={'value': 2, 'prev_value': None, 'change': True}
2026-04-23 12:32:52,680 : INFO : EventManager : Event: ======'machine_var_audits_shots_r_pop'====== Args={'value': 22, 'prev_value': None, 'change': True}
2026-04-23 12:32:52,680 : INFO : EventManager : Event: ======'machine_var_audits_shots_r_scoop'====== Args={'value': 3, 'prev_value': None, 'change': True}
2026-04-23 12:32:52,681 : INFO : EventManager : Event: ======'machine_var_audits_shots_r_sling_l'====== Args={'value': 3, 'prev_value': None, 'change': True}
2026-04-23 12:32:52,681 : INFO : EventManager : Event: ======'machine_var_audits_shots_r_sling_r'====== Args={'value': 6, 'prev_value': None, 'change': True}
2026-04-23 12:32:52,681 : INFO : EventManager : Event: ======'machine_var_audits_shots_r_stationary_r_div'====== Args={'value': 6, 'prev_value': None, 'change': True}
2026-04-23 12:32:52,681 : INFO : EventManager : Event: ======'machine_var_audits_switches_s_autolauncher'====== Args={'value': 124, 'prev_value': None, 'change': True}
2026-04-23 12:32:52,681 : INFO : EventManager : Event: ======'machine_var_audits_switches_s_b_eos'====== Args={'value': 667, 'prev_value': None, 'change': True}
2026-04-23 12:32:52,681 : INFO : EventManager : Event: ======'machine_var_audits_switches_s_b_pop'====== Args={'value': 133, 'prev_value': None, 'change': True}
2026-04-23 12:32:52,681 : INFO : EventManager : Event: ======'machine_var_audits_switches_s_b_rollover_interchange'====== Args={'value': 1, 'prev_value': None, 'change': True}
2026-04-23 12:32:52,681 : INFO : EventManager : Event: ======'machine_var_audits_switches_s_b_rollover_loop'====== Args={'value': 8, 'prev_value': None, 'change': True}
2026-04-23 12:32:52,681 : INFO : EventManager : Event: ======'machine_var_audits_switches_s_b_rollover_misc'====== Args={'value': 1, 'prev_value': None, 'change': True}
2026-04-23 12:32:52,681 : INFO : EventManager : Event: ======'machine_var_audits_switches_s_b_target_left'====== Args={'value': 1, 'prev_value': None, 'change': True}
2026-04-23 12:32:52,681 : INFO : EventManager : Event: ======'machine_var_audits_switches_s_b_target_right'====== Args={'value': 1, 'prev_value': None, 'change': True}
2026-04-23 12:32:52,681 : INFO : EventManager : Event: ======'machine_var_audits_switches_s_bot'====== Args={'value': 1, 'prev_value': None, 'change': True}
2026-04-23 12:32:52,681 : INFO : EventManager : Event: ======'machine_var_audits_switches_s_bot_mid'====== Args={'value': 6, 'prev_value': None, 'change': True}
2026-04-23 12:32:52,681 : INFO : EventManager : Event: ======'machine_var_audits_switches_s_captive_l'====== Args={'value': 1, 'prev_value': None, 'change': True}
2026-04-23 12:32:52,682 : INFO : EventManager : Event: ======'machine_var_audits_switches_s_captive_r'====== Args={'value': 1, 'prev_value': None, 'change': True}
2026-04-23 12:32:52,682 : INFO : EventManager : Event: ======'machine_var_audits_switches_s_drop_l'====== Args={'value': 8, 'prev_value': None, 'change': True}
2026-04-23 12:32:52,682 : INFO : EventManager : Event: ======'machine_var_audits_switches_s_drop_m'====== Args={'value': 22, 'prev_value': None, 'change': True}
2026-04-23 12:32:52,682 : INFO : EventManager : Event: ======'machine_var_audits_switches_s_drop_r'====== Args={'value': 7, 'prev_value': None, 'change': True}
2026-04-23 12:32:52,682 : INFO : EventManager : Event: ======'machine_var_audits_switches_s_drop_single'====== Args={'value': 21, 'prev_value': None, 'change': True}
2026-04-23 12:32:52,682 : INFO : EventManager : Event: ======'machine_var_audits_switches_s_flipper_but_l_1'====== Args={'value': 440, 'prev_value': None, 'change': True}
2026-04-23 12:32:52,682 : INFO : EventManager : Event: ======'machine_var_audits_switches_s_flipper_but_l_2'====== Args={'value': 416, 'prev_value': None, 'change': True}
2026-04-23 12:32:52,682 : INFO : EventManager : Event: ======'machine_var_audits_switches_s_flipper_but_r_1'====== Args={'value': 792, 'prev_value': None, 'change': True}
2026-04-23 12:32:52,682 : INFO : EventManager : Event: ======'machine_var_audits_switches_s_flipper_but_r_2'====== Args={'value': 783, 'prev_value': None, 'change': True}
2026-04-23 12:32:52,682 : INFO : EventManager : Event: ======'machine_var_audits_switches_s_flipper_l'====== Args={'value': 416, 'prev_value': None, 'change': True}
2026-04-23 12:32:52,682 : INFO : EventManager : Event: ======'machine_var_audits_switches_s_flipper_r'====== Args={'value': 1731, 'prev_value': None, 'change': True}
2026-04-23 12:32:52,682 : INFO : EventManager : Event: ======'machine_var_audits_switches_s_flipper_upper_l'====== Args={'value': 393, 'prev_value': None, 'change': True}
2026-04-23 12:32:52,683 : INFO : EventManager : Event: ======'machine_var_audits_switches_s_inlane_l'====== Args={'value': 1, 'prev_value': None, 'change': True}
2026-04-23 12:32:52,683 : INFO : EventManager : Event: ======'machine_var_audits_switches_s_inlane_r'====== Args={'value': 80, 'prev_value': None, 'change': True}
2026-04-23 12:32:52,683 : INFO : EventManager : Event: ======'machine_var_audits_switches_s_kicker_orbit'====== Args={'value': 175, 'prev_value': None, 'change': True}
2026-04-23 12:32:52,683 : INFO : EventManager : Event: ======'machine_var_audits_switches_s_kicking_target'====== Args={'value': 538, 'prev_value': None, 'change': True}
2026-04-23 12:32:52,683 : INFO : EventManager : Event: ======'machine_var_audits_switches_s_launch'====== Args={'value': 119, 'prev_value': None, 'change': True}
2026-04-23 12:32:52,683 : INFO : EventManager : Event: ======'machine_var_audits_switches_s_lock_1'====== Args={'value': 10, 'prev_value': None, 'change': True}
2026-04-23 12:32:52,683 : INFO : EventManager : Event: ======'machine_var_audits_switches_s_lock_2'====== Args={'value': 5, 'prev_value': None, 'change': True}
2026-04-23 12:32:52,683 : INFO : EventManager : Event: ======'machine_var_audits_switches_s_lock_3'====== Args={'value': 5, 'prev_value': None, 'change': True}
2026-04-23 12:32:52,683 : INFO : EventManager : Event: ======'machine_var_audits_switches_s_lower_orbit'====== Args={'value': 5, 'prev_value': None, 'change': True}
2026-04-23 12:32:52,683 : INFO : EventManager : Event: ======'machine_var_audits_switches_s_lower_single'====== Args={'value': 1, 'prev_value': None, 'change': True}
2026-04-23 12:32:52,684 : INFO : EventManager : Event: ======'machine_var_audits_switches_s_lower_sling'====== Args={'value': 8, 'prev_value': None, 'change': True}
2026-04-23 12:32:52,684 : INFO : EventManager : Event: ======'machine_var_audits_switches_s_lower_transfer'====== Args={'value': 3, 'prev_value': None, 'change': True}
2026-04-23 12:32:52,684 : INFO : EventManager : Event: ======'machine_var_audits_switches_s_lower_vuk'====== Args={'value': 15, 'prev_value': None, 'change': True}
2026-04-23 12:32:52,684 : INFO : EventManager : Event: ======'machine_var_audits_switches_s_middle_scoop'====== Args={'value': 14, 'prev_value': None, 'change': True}
2026-04-23 12:32:52,684 : INFO : EventManager : Event: ======'machine_var_audits_switches_s_orbit_small_l'====== Args={'value': 38, 'prev_value': None, 'change': True}
2026-04-23 12:32:52,684 : INFO : EventManager : Event: ======'machine_var_audits_switches_s_orbit_small_r'====== Args={'value': 195, 'prev_value': None, 'change': True}
2026-04-23 12:32:52,684 : INFO : EventManager : Event: ======'machine_var_audits_switches_s_outlane_l'====== Args={'value': 0, 'prev_value': None, 'change': True}
2026-04-23 12:32:52,684 : INFO : EventManager : Event: ======'machine_var_audits_switches_s_outlane_r'====== Args={'value': 0, 'prev_value': None, 'change': True}
2026-04-23 12:32:52,684 : INFO : EventManager : Event: ======'machine_var_audits_switches_s_pop'====== Args={'value': 99, 'prev_value': None, 'change': True}
2026-04-23 12:32:52,685 : INFO : EventManager : Event: ======'machine_var_audits_switches_s_scissor_save'====== Args={'value': 3, 'prev_value': None, 'change': True}
2026-04-23 12:32:52,685 : INFO : EventManager : Event: ======'machine_var_audits_switches_s_sling_l'====== Args={'value': 19, 'prev_value': None, 'change': True}
2026-04-23 12:32:52,685 : INFO : EventManager : Event: ======'machine_var_audits_switches_s_start'====== Args={'value': 5, 'prev_value': None, 'change': True}
2026-04-23 12:32:52,685 : INFO : EventManager : Event: ======'machine_var_audits_switches_s_stationary_l'====== Args={'value': 111, 'prev_value': None, 'change': True}
2026-04-23 12:32:52,685 : INFO : EventManager : Event: ======'machine_var_audits_switches_s_stationary_m'====== Args={'value': 29, 'prev_value': None, 'change': True}
2026-04-23 12:32:52,685 : INFO : EventManager : Event: ======'machine_var_audits_switches_s_stationary_r'====== Args={'value': 35, 'prev_value': None, 'change': True}
2026-04-23 12:32:52,685 : INFO : EventManager : Event: ======'machine_var_audits_switches_s_subway'====== Args={'value': 168, 'prev_value': None, 'change': True}
2026-04-23 12:32:52,685 : INFO : EventManager : Event: ======'machine_var_audits_switches_s_tilt'====== Args={'value': 1, 'prev_value': None, 'change': True}
2026-04-23 12:32:52,686 : INFO : EventManager : Event: ======'machine_var_audits_switches_s_top'====== Args={'value': 6, 'prev_value': None, 'change': True}
2026-04-23 12:32:52,686 : INFO : EventManager : Event: ======'machine_var_audits_switches_s_top_mid'====== Args={'value': 1, 'prev_value': None, 'change': True}
2026-04-23 12:32:52,686 : INFO : EventManager : Event: ======'machine_var_audits_switches_s_trough_1'====== Args={'value': 101, 'prev_value': None, 'change': True}
2026-04-23 12:32:52,686 : INFO : EventManager : Event: ======'machine_var_audits_switches_s_trough_2'====== Args={'value': 60, 'prev_value': None, 'change': True}
2026-04-23 12:32:52,686 : INFO : EventManager : Event: ======'machine_var_audits_switches_s_trough_3'====== Args={'value': 61, 'prev_value': None, 'change': True}
2026-04-23 12:32:52,686 : INFO : EventManager : Event: ======'machine_var_audits_switches_s_trough_4'====== Args={'value': 141, 'prev_value': None, 'change': True}
2026-04-23 12:32:52,686 : INFO : EventManager : Event: ======'machine_var_audits_switches_s_trough_5'====== Args={'value': 48, 'prev_value': None, 'change': True}
2026-04-23 12:32:52,686 : INFO : EventManager : Event: ======'machine_var_audits_switches_s_trough_6'====== Args={'value': 100, 'prev_value': None, 'change': True}
2026-04-23 12:32:52,686 : INFO : EventManager : Event: ======'machine_var_audits_switches_s_trough_jam'====== Args={'value': 73, 'prev_value': None, 'change': True}
2026-04-23 12:32:52,687 : INFO : EventManager : Event: ======'machine_var_audits_switches_s_u_lane_l'====== Args={'value': 1, 'prev_value': None, 'change': True}
2026-04-23 12:32:52,687 : INFO : EventManager : Event: ======'machine_var_audits_switches_s_u_lane_r'====== Args={'value': 1, 'prev_value': None, 'change': True}
2026-04-23 12:32:52,687 : INFO : EventManager : Event: ======'machine_var_audits_switches_s_u_rollover'====== Args={'value': 1, 'prev_value': None, 'change': True}
2026-04-23 12:32:52,687 : INFO : EventManager : Event: ======'machine_var_audits_switches_s_u_target'====== Args={'value': 1, 'prev_value': None, 'change': True}
2026-04-23 12:32:52,687 : INFO : EventManager : Event: ======'machine_var_audits_switches_s_vuk_back'====== Args={'value': 101, 'prev_value': None, 'change': True}
2026-04-23 12:32:52,687 : INFO : EventManager : Event: ======'machine_var_audits_switches_s_vuk_upper'====== Args={'value': 63, 'prev_value': None, 'change': True}
2026-04-23 12:32:52,687 : INFO : EventManager : Event: ======'init_phase_5'====== Args={}
2026-04-23 12:32:52,687 : INFO : EventManager : Event: ======'init_done'====== Args={}
2026-04-23 12:32:52,688 : INFO : EventManager : Event: ======'machine_reset_phase_1'====== Args={}
2026-04-23 12:32:52,688 : INFO : EventManager : Event: ======'machine_reset_phase_2'====== Args={}
2026-04-23 12:32:52,688 : INFO : EventManager : Event: ======'machine_reset_phase_3'====== Args={}
2026-04-23 12:32:52,688 : INFO : EventManager : Event: ======'diverter_d_middle_diverter_deactivating'====== Args={}
2026-04-23 12:32:52,688 : INFO : coil.c_diverter : Disabling Driver
2026-04-23 12:32:52,688 : INFO : EventManager : Event: ======'reset_complete'====== Args={}
2026-04-23 12:32:52,688 : INFO : EventManager : Event: ======'mode_attract_will_start'====== Args={}
2026-04-23 12:32:52,688 : INFO : EventManager : Event: ======'mode_attract_starting'====== Args={}
2026-04-23 12:32:52,688 : INFO : Mode.attract : Started. Priority: 10
2026-04-23 12:32:52,688 : INFO : EventManager : Event: ======'modes_active_modes_changed'====== Args={}
2026-04-23 12:32:52,688 : INFO : EventManager : Event: ======'mode_attract_started'====== Args={}
2026-04-23 12:32:52,689 : INFO : EventManager : Event: ======'collecting_balls_complete'====== Args={}
2026-04-23 12:32:52,696 : INFO : Machine : Starting the main run loop.
2026-04-23 12:32:52,750 : INFO : BcpServer : New client connected.
2026-04-23 12:33:28,253 : INFO : SwitchController : <<<<<<< 's_vuk_upper' active >>>>>>>
2026-04-23 12:33:28,273 : INFO : SwitchController : <<<<<<< 's_trough_jam' active >>>>>>>
2026-04-23 12:33:28,273 : INFO : SwitchController : <<<<<<< 's_vuk_back' active >>>>>>>
2026-04-23 12:33:28,273 : INFO : SwitchController : <<<<<<< 's_subway' active >>>>>>>
2026-04-23 12:33:28,273 : INFO : SwitchController : <<<<<<< 's_kicker_orbit' active >>>>>>>
2026-04-23 12:33:28,274 : INFO : SwitchController : <<<<<<< 's_middle_scoop' active >>>>>>>
2026-04-23 12:33:28,274 : INFO : EventManager : Event: ======'playfield_active'====== Args={'source': 'r_scoop'}
2026-04-23 12:33:28,274 : INFO : EventManager : Event: ======'unexpected_ball_on_playfield'====== Args={}
2026-04-23 12:33:28,275 : INFO : SwitchController : <<<<<<< 's_lower_orbit' active >>>>>>>
2026-04-23 12:33:28,276 : INFO : SwitchController : <<<<<<< 's_trough_1' active >>>>>>>
2026-04-23 12:33:28,276 : INFO : SwitchController : <<<<<<< 's_lower_vuk' active >>>>>>>
2026-04-23 12:33:28,296 : INFO : SwitchController : <<<<<<< 's_bot' active >>>>>>>
2026-04-23 12:33:28,296 : INFO : SwitchController : <<<<<<< 's_bot_mid' active >>>>>>>
2026-04-23 12:33:28,296 : INFO : SwitchController : <<<<<<< 's_top_mid' active >>>>>>>
2026-04-23 12:33:28,297 : INFO : SwitchController : <<<<<<< 's_lower_vuk' inactive >>>>>>>
2026-04-23 12:33:28,297 : INFO : SwitchController : <<<<<<< 's_flipper_but_r_1' active >>>>>>>
2026-04-23 12:33:28,297 : INFO : SwitchController : <<<<<<< 's_flipper_but_r_2' active >>>>>>>
2026-04-23 12:33:28,297 : INFO : SwitchController : <<<<<<< 's_flipper_but_l_1' active >>>>>>>
2026-04-23 12:33:28,297 : INFO : SwitchController : <<<<<<< 's_flipper_but_l_2' active >>>>>>>
2026-04-23 12:33:28,297 : INFO : SwitchController : <<<<<<< 's_launch' active >>>>>>>
2026-04-23 12:33:28,297 : INFO : SwitchController : <<<<<<< 's_tilt' active >>>>>>>
2026-04-23 12:33:28,297 : INFO : SwitchController : <<<<<<< 's_start' active >>>>>>>
2026-04-23 12:33:28,300 : INFO : SwitchController : <<<<<<< 's_lower_single' active >>>>>>>
2026-04-23 12:33:28,301 : INFO : SwitchController : <<<<<<< 's_lower_sling' active >>>>>>>
2026-04-23 12:33:28,301 : INFO : SwitchController : <<<<<<< 's_lower_orbit' inactive >>>>>>>
2026-04-23 12:33:28,301 : INFO : SwitchController : <<<<<<< 's_top' active >>>>>>>
2026-04-23 12:33:28,301 : INFO : SwitchController : <<<<<<< 's_outlane_l' inactive >>>>>>>
2026-04-23 12:33:28,301 : INFO : SwitchController : <<<<<<< 's_trough_6' inactive >>>>>>>
2026-04-23 12:33:28,301 : INFO : SwitchController : <<<<<<< 's_trough_jam' inactive >>>>>>>
2026-04-23 12:33:28,301 : INFO : SwitchController : <<<<<<< 's_lower_transfer' active >>>>>>>
2026-04-23 12:33:28,301 : INFO : SwitchController : <<<<<<< 's_trough_5' inactive >>>>>>>
2026-04-23 12:33:28,301 : INFO : SwitchController : <<<<<<< 's_trough_1' inactive >>>>>>>
2026-04-23 12:33:28,301 : INFO : SwitchController : <<<<<<< 's_pop' active >>>>>>>
2026-04-23 12:33:28,301 : INFO : EventManager : Event: ======'playfield_active'====== Args={'source': 'r_pop'}
2026-04-23 12:33:28,302 : INFO : EventManager : Event: ======'unexpected_ball_on_playfield'====== Args={}
2026-04-23 12:33:28,302 : INFO : SwitchController : <<<<<<< 's_kicking_target' active >>>>>>>
2026-04-23 12:33:28,302 : INFO : EventManager : Event: ======'playfield_active'====== Args={'source': 'r_sling_r'}
2026-04-23 12:33:28,302 : INFO : EventManager : Event: ======'unexpected_ball_on_playfield'====== Args={}
2026-04-23 12:33:28,302 : INFO : SwitchController : <<<<<<< 's_autolauncher' active >>>>>>>
2026-04-23 12:33:28,302 : INFO : SwitchController : <<<<<<< 's_scissor_save' active >>>>>>>
2026-04-23 12:33:28,302 : INFO : SwitchController : <<<<<<< 's_kicker_orbit' inactive >>>>>>>
2026-04-23 12:33:28,302 : INFO : SwitchController : <<<<<<< 's_drop_l' active >>>>>>>
2026-04-23 12:33:28,302 : INFO : EventManager : Event: ======'playfield_active'====== Args={'source': 'left'}
2026-04-23 12:33:28,302 : INFO : EventManager : Event: ======'unexpected_ball_on_playfield'====== Args={}
2026-04-23 12:33:28,302 : INFO : EventManager : Event: ======'drop_target_left_down'====== Args={'device': <drop_target.left>}
2026-04-23 12:33:28,303 : INFO : EventManager : Event: ======'drop_target_bank_mid_down'====== Args={}
2026-04-23 12:33:28,303 : INFO : SwitchController : <<<<<<< 's_subway' inactive >>>>>>>
2026-04-23 12:33:28,303 : INFO : SwitchController : <<<<<<< 's_stationary_l' active >>>>>>>
2026-04-23 12:33:28,303 : INFO : SwitchController : <<<<<<< 's_sling_l' active >>>>>>>
2026-04-23 12:33:28,303 : INFO : EventManager : Event: ======'playfield_active'====== Args={'source': 'r_sling_l'}
2026-04-23 12:33:28,303 : INFO : EventManager : Event: ======'unexpected_ball_on_playfield'====== Args={}
2026-04-23 12:33:28,303 : INFO : SwitchController : <<<<<<< 's_stationary_m' active >>>>>>>
2026-04-23 12:33:28,303 : INFO : EventManager : Event: ======'playfield_active'====== Args={'source': 'r_stationary_r_div'}
2026-04-23 12:33:28,303 : INFO : EventManager : Event: ======'unexpected_ball_on_playfield'====== Args={}
2026-04-23 12:33:28,303 : INFO : SwitchController : <<<<<<< 's_orbit_small_r' active >>>>>>>
2026-04-23 12:33:28,303 : INFO : EventManager : Event: ======'playfield_active'====== Args={'source': 'r_orbit_small_r_base'}
2026-04-23 12:33:28,303 : INFO : EventManager : Event: ======'unexpected_ball_on_playfield'====== Args={}
2026-04-23 12:33:28,303 : INFO : EventManager : Event: ======'playfield_active'====== Args={'source': 'r_orbit_small_r_div'}
2026-04-23 12:33:28,304 : INFO : EventManager : Event: ======'unexpected_ball_on_playfield'====== Args={}
2026-04-23 12:33:28,304 : INFO : SwitchController : <<<<<<< 's_drop_single' inactive >>>>>>>
2026-04-23 12:33:28,304 : INFO : EventManager : Event: ======'playfield_active'====== Args={'source': 'd_drop_single'}
2026-04-23 12:33:28,304 : INFO : EventManager : Event: ======'unexpected_ball_on_playfield'====== Args={}
2026-04-23 12:33:28,304 : INFO : EventManager : Event: ======'drop_target_d_drop_single_up'====== Args={'device': <drop_target.d_drop_single>}
2026-04-23 12:33:28,304 : INFO : SwitchController : <<<<<<< 's_orbit_small_l' active >>>>>>>
2026-04-23 12:33:28,304 : INFO : EventManager : Event: ======'playfield_active'====== Args={'source': 'r_orbit_small_l_base'}
2026-04-23 12:33:28,304 : INFO : EventManager : Event: ======'unexpected_ball_on_playfield'====== Args={}
2026-04-23 12:33:28,304 : INFO : EventManager : Event: ======'playfield_active'====== Args={'source': 'r_orbit_small_l_div'}
2026-04-23 12:33:28,304 : INFO : EventManager : Event: ======'unexpected_ball_on_playfield'====== Args={}
2026-04-23 12:33:28,304 : INFO : SwitchController : <<<<<<< 's_middle_scoop' inactive >>>>>>>
2026-04-23 12:33:28,304 : INFO : SwitchController : <<<<<<< 's_stationary_r' active >>>>>>>
2026-04-23 12:33:28,304 : INFO : SwitchController : <<<<<<< 's_captive_r' inactive >>>>>>>
2026-04-23 12:33:28,304 : INFO : SwitchController : <<<<<<< 's_captive_l' inactive >>>>>>>
2026-04-23 12:33:28,304 : INFO : SwitchController : <<<<<<< 's_b_rollover_loop' active >>>>>>>
2026-04-23 12:33:28,304 : INFO : SwitchController : <<<<<<< 's_u_rollover' active >>>>>>>
2026-04-23 12:33:28,304 : INFO : SwitchController : <<<<<<< 's_u_target' active >>>>>>>
2026-04-23 12:33:28,304 : INFO : SwitchController : <<<<<<< 's_u_lane_r' active >>>>>>>
2026-04-23 12:33:28,304 : INFO : SwitchController : <<<<<<< 's_u_lane_l' active >>>>>>>
2026-04-23 12:33:28,304 : INFO : SwitchController : <<<<<<< 's_vuk_upper' inactive >>>>>>>
2026-04-23 12:33:28,304 : INFO : SwitchController : <<<<<<< 's_b_pop' active >>>>>>>
2026-04-23 12:33:28,304 : INFO : SwitchController : <<<<<<< 's_vuk_back' inactive >>>>>>>
2026-04-23 12:33:28,304 : INFO : SwitchController : <<<<<<< 's_b_rollover_misc' active >>>>>>>
2026-04-23 12:33:28,304 : INFO : SwitchController : <<<<<<< 's_b_rollover_interchange' active >>>>>>>
2026-04-23 12:33:28,304 : INFO : SwitchController : <<<<<<< 's_b_target_right' active >>>>>>>
2026-04-23 12:33:28,304 : INFO : SwitchController : <<<<<<< 's_b_target_left' active >>>>>>>
2026-04-23 12:33:28,419 : ERROR : asyncio : Exception in callback SerialTransport._write_ready()
handle: <Handle SerialTransport._write_ready()>
Traceback (most recent call last):
  File "/Library/Frameworks/Python.framework/Versions/3.11/lib/python3.11/asyncio/events.py", line 84, in _run
    self._context.run(self._callback, *self._args)
  File "/Library/Frameworks/Python.framework/Versions/3.11/lib/python3.11/site-packages/serial_asyncio/__init__.py", line 269, in _write_ready
    self._remove_writer()
  File "/Library/Frameworks/Python.framework/Versions/3.11/lib/python3.11/site-packages/serial_asyncio/__init__.py", line 337, in _remove_writer
    self._loop.remove_writer(self._serial.fileno())
  File "/Library/Frameworks/Python.framework/Versions/3.11/lib/python3.11/asyncio/selector_events.py", line 359, in remove_writer
    return self._remove_writer(fd)
           ^^^^^^^^^^^^^^^^^^^^^^^
  File "/Library/Frameworks/Python.framework/Versions/3.11/lib/python3.11/asyncio/selector_events.py", line 333, in _remove_writer
    self._selector.modify(fd, mask, (reader, None))
  File "/Library/Frameworks/Python.framework/Versions/3.11/lib/python3.11/selectors.py", line 261, in modify
    key = self.register(fileobj, events, data)
          ^^^^^^^^^^^^^^^^^^^^^^^^^^^^^^^^^^^^
  File "/Library/Frameworks/Python.framework/Versions/3.11/lib/python3.11/selectors.py", line 523, in register
    self._selector.control([kev], 0, 0)
OSError: [Errno 22] Invalid argument
2026-04-23 12:33:28,452 : INFO : Machine : Shutting down...
2026-04-23 12:33:28,452 : INFO : EventManager : Event: ======'shutdown'====== Args={}
2026-04-23 12:33:28,454 : WARNING : FAST [NET] : Serial error: read failed: [Errno 6] Device not configured
2026-04-23 12:33:28,584 : ERROR : root : read failed: [Errno 6] Device not configured
Traceback (most recent call last):
  File "/Library/Frameworks/Python.framework/Versions/3.11/lib/python3.11/site-packages/serial/serialposix.py", line 575, in read
    buf = os.read(self.fd, size - len(read))
          ^^^^^^^^^^^^^^^^^^^^^^^^^^^^^^^^^^
OSError: [Errno 6] Device not configured

During handling of the above exception, another exception occurred:

Traceback (most recent call last):
  File "/Library/Frameworks/Python.framework/Versions/3.11/lib/python3.11/site-packages/mpf/commands/game.py", line 240, in __init__
    self.machine.run()
  File "/Library/Frameworks/Python.framework/Versions/3.11/lib/python3.11/site-packages/mpf/core/machine.py", line 689, in run
    self._run_loop()
  File "/Library/Frameworks/Python.framework/Versions/3.11/lib/python3.11/site-packages/mpf/core/machine.py", line 789, in _run_loop
    self._crash_shutdown()
  File "/Library/Frameworks/Python.framework/Versions/3.11/lib/python3.11/site-packages/mpf/core/machine.py", line 734, in _crash_shutdown
    self._do_stop()
  File "/Library/Frameworks/Python.framework/Versions/3.11/lib/python3.11/site-packages/mpf/core/machine.py", line 725, in _do_stop
    self.shutdown()
  File "/Library/Frameworks/Python.framework/Versions/3.11/lib/python3.11/site-packages/mpf/core/machine.py", line 755, in shutdown
    self._platform_stop()
  File "/Library/Frameworks/Python.framework/Versions/3.11/lib/python3.11/site-packages/mpf/core/machine.py", line 805, in _platform_stop
    hardware_platform.stop()
  File "/Library/Frameworks/Python.framework/Versions/3.11/lib/python3.11/site-packages/mpf/platforms/fast/fast.py", line 173, in stop
    connection.stop()
  File "/Library/Frameworks/Python.framework/Versions/3.11/lib/python3.11/site-packages/mpf/platforms/fast/communicators/base.py", line 244, in stop
    self.machine.clock.loop.run_until_complete(self.writer.wait_closed())
  File "/Library/Frameworks/Python.framework/Versions/3.11/lib/python3.11/asyncio/base_events.py", line 654, in run_until_complete
    return future.result()
           ^^^^^^^^^^^^^^^
  File "/Library/Frameworks/Python.framework/Versions/3.11/lib/python3.11/asyncio/streams.py", line 364, in wait_closed
    await self._protocol._get_close_waiter(self)
  File "/Library/Frameworks/Python.framework/Versions/3.11/lib/python3.11/site-packages/serial_asyncio/__init__.py", line 115, in _read_ready
    data = self._serial.read(self._max_read_size)
           ^^^^^^^^^^^^^^^^^^^^^^^^^^^^^^^^^^^^^^
  File "/Library/Frameworks/Python.framework/Versions/3.11/lib/python3.11/site-packages/serial/serialposix.py", line 581, in read
    raise SerialException('read failed: {}'.format(e))
serial.serialutil.SerialException: read failed: [Errno 6] Device not configured
