2026-04-24 11:48:27,090 : INFO : root : Loading config.
2026-04-24 11:48:27,092 : INFO : YamlMultifileConfigLoader : Machine config file #1: config.yaml
2026-04-24 11:48:27,092 : INFO : ConfigProcessor : Loading config from cache: /var/folders/l2/q8hj_6s91xnb2jxg1sqm0h7r0000gn/T/9d21ea9a81fcfc5941f8ed75c4a080eb.mpf_cache
2026-04-24 11:48:27,120 : INFO : ConfigProcessor : Loading config from cache: /var/folders/l2/q8hj_6s91xnb2jxg1sqm0h7r0000gn/T/43115b802accf167344a214047a50cd4.mpf_cache
2026-04-24 11:48:27,120 : INFO : ConfigProcessor : Loading config from cache: /var/folders/l2/q8hj_6s91xnb2jxg1sqm0h7r0000gn/T/bd1387dfa7de7ffc5bacad015019c743.mpf_cache
2026-04-24 11:48:27,120 : INFO : ConfigProcessor : Loading config from cache: /var/folders/l2/q8hj_6s91xnb2jxg1sqm0h7r0000gn/T/d126ded0bd5e51d3c29826a335e85340.mpf_cache
2026-04-24 11:48:27,121 : INFO : ConfigProcessor : Loading config from cache: /var/folders/l2/q8hj_6s91xnb2jxg1sqm0h7r0000gn/T/43115b802accf167344a214047a50cd4.mpf_cache
2026-04-24 11:48:27,121 : INFO : ConfigProcessor : Loading config from cache: /var/folders/l2/q8hj_6s91xnb2jxg1sqm0h7r0000gn/T/fb286bdec51e83b76c44a07e18af10e7.mpf_cache
2026-04-24 11:48:27,121 : INFO : ConfigProcessor : Loading config from cache: /var/folders/l2/q8hj_6s91xnb2jxg1sqm0h7r0000gn/T/4a0392f72066fff3dac8952634b7a9cd.mpf_cache
2026-04-24 11:48:27,122 : INFO : ConfigProcessor : Loading config from cache: /var/folders/l2/q8hj_6s91xnb2jxg1sqm0h7r0000gn/T/a4506495691bdf3563a8fd11a9d79f10.mpf_cache
2026-04-24 11:48:27,122 : INFO : ConfigProcessor : Loading config from cache: /var/folders/l2/q8hj_6s91xnb2jxg1sqm0h7r0000gn/T/7e62a906c63d3b7efc85393a80e94c06.mpf_cache
2026-04-24 11:48:27,122 : INFO : ConfigProcessor : Loading config from cache: /var/folders/l2/q8hj_6s91xnb2jxg1sqm0h7r0000gn/T/ca66b8f571437747b2f2875349d15af7.mpf_cache
2026-04-24 11:48:27,122 : INFO : Machine : Mission Pinball Framework Core Engine v0.80.0.dev14
2026-04-24 11:48:27,122 : INFO : Machine : Command line arguments: {'no_load_cache': False, 'create_config_cache': True, 'bcp': False, 'configfile': ['config.yaml'], 'force_assets_load': False, 'platform_integration_test': False, 'jsonlogging': False, 'logfile': 'logs/2026-04-24-11-48-27-mpf-Tanners-Laptop.localdomain.log', 'pause': False, 'production': False, 'text_ui': True, 'loglevel': 15, 'consoleloglevel': 20, 'force_platform': 'virtual', 'syslog_address': None, 'full_logfile_path': '/Users/tannerpetch/Documents/GitHub/trashland_3/logs/2026-04-24-11-48-27-mpf-Tanners-Laptop.localdomain.log'}
2026-04-24 11:48:27,123 : INFO : Machine : MPF path: /Library/Frameworks/Python.framework/Versions/3.11/lib/python3.11/site-packages/mpf
2026-04-24 11:48:27,123 : INFO : Machine : Machine path: /Users/tannerpetch/Documents/GitHub/trashland_3
2026-04-24 11:48:27,123 : INFO : Machine : Platform: darwin
2026-04-24 11:48:27,123 : INFO : Machine : Python executable location: /Library/Frameworks/Python.framework/Versions/3.11/bin/python3.11
2026-04-24 11:48:27,123 : INFO : Machine : Python version: 3.11.9 (64-bit)
2026-04-24 11:48:27,123 : INFO : Machine : Initializing MPF...
2026-04-24 11:48:27,145 : INFO : EventManager : Event: ======'machine_var_credits_string'====== Args={'value': 'FREE PLAY', 'prev_value': None, 'change': True}
2026-04-24 11:48:27,156 : INFO : EventManager : Event: ======'machine_var_master_volume'====== Args={'value': 0.5, 'prev_value': None, 'change': True}
2026-04-24 11:48:27,156 : INFO : EventManager : Event: ======'machine_var_player1_score'====== Args={'value': 310, 'prev_value': None, 'change': True}
2026-04-24 11:48:27,156 : INFO : EventManager : Event: ======'machine_var_mpf_version'====== Args={'value': 'Mission Pinball Framework v0.80.0.dev14', 'prev_value': None, 'change': True}
2026-04-24 11:48:27,156 : INFO : EventManager : Event: ======'machine_var_mpf_extended_version'====== Args={'value': 'Mission Pinball Framework v0.80.0.dev14, Config version:6, Show version: 6, BCP version:1.1', 'prev_value': None, 'change': True}
2026-04-24 11:48:27,156 : INFO : EventManager : Event: ======'machine_var_python_version'====== Args={'value': '3.11.9', 'prev_value': None, 'change': True}
2026-04-24 11:48:27,164 : INFO : EventManager : Event: ======'machine_var_platform'====== Args={'value': 'macOS-14.3-arm64-arm-64bit', 'prev_value': None, 'change': True}
2026-04-24 11:48:27,164 : INFO : EventManager : Event: ======'machine_var_platform_system'====== Args={'value': 'Darwin', 'prev_value': None, 'change': True}
2026-04-24 11:48:27,164 : INFO : EventManager : Event: ======'machine_var_platform_release'====== Args={'value': '23.3.0', 'prev_value': None, 'change': True}
2026-04-24 11:48:27,164 : INFO : EventManager : Event: ======'machine_var_platform_version'====== Args={'value': 'Darwin Kernel Version 23.3.0: Thu Dec 21 02:29:41 PST 2023; root:xnu-10002.81.5~11/RELEASE_ARM64_T8122', 'prev_value': None, 'change': True}
2026-04-24 11:48:27,164 : INFO : EventManager : Event: ======'machine_var_platform_machine'====== Args={'value': 'arm64', 'prev_value': None, 'change': True}
2026-04-24 11:48:27,164 : INFO : EventManager : Event: ======'machine_var_log_file_path'====== Args={'value': '/Users/tannerpetch/Documents/GitHub/trashland_3/logs/2026-04-24-11-48-27-mpf-Tanners-Laptop.localdomain.log', 'prev_value': None, 'change': True}
2026-04-24 11:48:27,164 : INFO : EventManager : Event: ======'init_phase_1'====== Args={}
2026-04-24 11:48:27,187 : INFO : EventManager : Event: ======'drop_target_bank_dt_single_up'====== Args={}
2026-04-24 11:48:27,187 : INFO : EventManager : Event: ======'drop_target_bank_dt_bank_up'====== Args={}
2026-04-24 11:48:27,188 : INFO : EventManager : Event: ======'init_phase_2'====== Args={}
2026-04-24 11:48:27,189 : INFO : ball_device.bd_scoop : BCH: Initial count: 0
2026-04-24 11:48:27,190 : INFO : ball_device.bd_scoop : State: idle
2026-04-24 11:48:27,190 : INFO : ball_device.bd_trough : BCH: Initial count: 0
2026-04-24 11:48:27,190 : INFO : ball_device.bd_trough : State: idle
2026-04-24 11:48:27,190 : INFO : ball_device.bd_autolauncher : BCH: Initial count: 0
2026-04-24 11:48:27,190 : INFO : ball_device.bd_autolauncher : State: idle
2026-04-24 11:48:27,190 : INFO : ball_device.bd_kicker_orbit : BCH: Initial count: 0
2026-04-24 11:48:27,190 : INFO : ball_device.bd_kicker_orbit : State: idle
2026-04-24 11:48:27,190 : INFO : ball_device.bd_lower_vuk : BCH: Initial count: 0
2026-04-24 11:48:27,190 : INFO : ball_device.bd_lower_vuk : State: idle
2026-04-24 11:48:27,190 : INFO : ball_device.bd_vuk_back : BCH: Initial count: 0
2026-04-24 11:48:27,191 : INFO : ball_device.bd_vuk_back : State: idle
2026-04-24 11:48:27,191 : INFO : ball_device.bd_vuk_upper : BCH: Initial count: 0
2026-04-24 11:48:27,191 : INFO : ball_device.bd_vuk_upper : State: idle
2026-04-24 11:48:27,191 : INFO : ball_device.bd_b_lock : BCH: Initial count: 0
2026-04-24 11:48:27,191 : INFO : ball_device.bd_b_lock : State: idle
2026-04-24 11:48:27,195 : INFO : EventManager : Event: ======'init_phase_3'====== Args={}
2026-04-24 11:48:27,196 : INFO : EventManager : Event: ======'init_phase_4'====== Args={}
2026-04-24 11:48:27,196 : INFO : BallController : Initial balls found: 0
2026-04-24 11:48:27,197 : INFO : EventManager : Event: ======'machine_var_audits_events_game_ended'====== Args={'value': 10, 'prev_value': None, 'change': True}
2026-04-24 11:48:27,197 : INFO : EventManager : Event: ======'machine_var_audits_events_game_started'====== Args={'value': 40, 'prev_value': None, 'change': True}
2026-04-24 11:48:27,197 : INFO : EventManager : Event: ======'machine_var_audits_missing_switches_s_autolauncher'====== Args={'value': 5, 'prev_value': None, 'change': True}
2026-04-24 11:48:27,197 : INFO : EventManager : Event: ======'machine_var_audits_missing_switches_s_b_eos'====== Args={'value': 5, 'prev_value': None, 'change': True}
2026-04-24 11:48:27,197 : INFO : EventManager : Event: ======'machine_var_audits_missing_switches_s_b_pop'====== Args={'value': 5, 'prev_value': None, 'change': True}
2026-04-24 11:48:27,197 : INFO : EventManager : Event: ======'machine_var_audits_missing_switches_s_b_rollover_interchange'====== Args={'value': 7, 'prev_value': None, 'change': True}
2026-04-24 11:48:27,197 : INFO : EventManager : Event: ======'machine_var_audits_missing_switches_s_b_rollover_loop'====== Args={'value': 6, 'prev_value': None, 'change': True}
2026-04-24 11:48:27,197 : INFO : EventManager : Event: ======'machine_var_audits_missing_switches_s_b_rollover_misc'====== Args={'value': 7, 'prev_value': None, 'change': True}
2026-04-24 11:48:27,197 : INFO : EventManager : Event: ======'machine_var_audits_missing_switches_s_b_target_left'====== Args={'value': 7, 'prev_value': None, 'change': True}
2026-04-24 11:48:27,197 : INFO : EventManager : Event: ======'machine_var_audits_missing_switches_s_b_target_right'====== Args={'value': 7, 'prev_value': None, 'change': True}
2026-04-24 11:48:27,197 : INFO : EventManager : Event: ======'machine_var_audits_missing_switches_s_bot'====== Args={'value': 7, 'prev_value': None, 'change': True}
2026-04-24 11:48:27,197 : INFO : EventManager : Event: ======'machine_var_audits_missing_switches_s_bot_mid'====== Args={'value': 5, 'prev_value': None, 'change': True}
2026-04-24 11:48:27,197 : INFO : EventManager : Event: ======'machine_var_audits_missing_switches_s_captive_l'====== Args={'value': 7, 'prev_value': None, 'change': True}
2026-04-24 11:48:27,197 : INFO : EventManager : Event: ======'machine_var_audits_missing_switches_s_captive_r'====== Args={'value': 7, 'prev_value': None, 'change': True}
2026-04-24 11:48:27,197 : INFO : EventManager : Event: ======'machine_var_audits_missing_switches_s_drop_single'====== Args={'value': 5, 'prev_value': None, 'change': True}
2026-04-24 11:48:27,197 : INFO : EventManager : Event: ======'machine_var_audits_missing_switches_s_flipper_but_l_1'====== Args={'value': 5, 'prev_value': None, 'change': True}
2026-04-24 11:48:27,197 : INFO : EventManager : Event: ======'machine_var_audits_missing_switches_s_flipper_but_l_2'====== Args={'value': 5, 'prev_value': None, 'change': True}
2026-04-24 11:48:27,197 : INFO : EventManager : Event: ======'machine_var_audits_missing_switches_s_flipper_but_r_1'====== Args={'value': 5, 'prev_value': None, 'change': True}
2026-04-24 11:48:27,197 : INFO : EventManager : Event: ======'machine_var_audits_missing_switches_s_flipper_but_r_2'====== Args={'value': 5, 'prev_value': None, 'change': True}
2026-04-24 11:48:27,197 : INFO : EventManager : Event: ======'machine_var_audits_missing_switches_s_flipper_l'====== Args={'value': 5, 'prev_value': None, 'change': True}
2026-04-24 11:48:27,197 : INFO : EventManager : Event: ======'machine_var_audits_missing_switches_s_flipper_r'====== Args={'value': 5, 'prev_value': None, 'change': True}
2026-04-24 11:48:27,197 : INFO : EventManager : Event: ======'machine_var_audits_missing_switches_s_flipper_upper_l'====== Args={'value': 5, 'prev_value': None, 'change': True}
2026-04-24 11:48:27,197 : INFO : EventManager : Event: ======'machine_var_audits_missing_switches_s_inlane_l'====== Args={'value': 38, 'prev_value': None, 'change': True}
2026-04-24 11:48:27,197 : INFO : EventManager : Event: ======'machine_var_audits_missing_switches_s_inlane_r'====== Args={'value': 5, 'prev_value': None, 'change': True}
2026-04-24 11:48:27,197 : INFO : EventManager : Event: ======'machine_var_audits_missing_switches_s_kicker_orbit'====== Args={'value': 3, 'prev_value': None, 'change': True}
2026-04-24 11:48:27,197 : INFO : EventManager : Event: ======'machine_var_audits_missing_switches_s_kicking_target'====== Args={'value': 5, 'prev_value': None, 'change': True}
2026-04-24 11:48:27,197 : INFO : EventManager : Event: ======'machine_var_audits_missing_switches_s_lock_1'====== Args={'value': 11, 'prev_value': None, 'change': True}
2026-04-24 11:48:27,197 : INFO : EventManager : Event: ======'machine_var_audits_missing_switches_s_lock_2'====== Args={'value': 5, 'prev_value': None, 'change': True}
2026-04-24 11:48:27,197 : INFO : EventManager : Event: ======'machine_var_audits_missing_switches_s_lock_3'====== Args={'value': 5, 'prev_value': None, 'change': True}
2026-04-24 11:48:27,197 : INFO : EventManager : Event: ======'machine_var_audits_missing_switches_s_lower_orbit'====== Args={'value': 7, 'prev_value': None, 'change': True}
2026-04-24 11:48:27,197 : INFO : EventManager : Event: ======'machine_var_audits_missing_switches_s_lower_single'====== Args={'value': 7, 'prev_value': None, 'change': True}
2026-04-24 11:48:27,197 : INFO : EventManager : Event: ======'machine_var_audits_missing_switches_s_lower_sling'====== Args={'value': 5, 'prev_value': None, 'change': True}
2026-04-24 11:48:27,197 : INFO : EventManager : Event: ======'machine_var_audits_missing_switches_s_lower_transfer'====== Args={'value': 7, 'prev_value': None, 'change': True}
2026-04-24 11:48:27,197 : INFO : EventManager : Event: ======'machine_var_audits_missing_switches_s_lower_vuk'====== Args={'value': 5, 'prev_value': None, 'change': True}
2026-04-24 11:48:27,197 : INFO : EventManager : Event: ======'machine_var_audits_missing_switches_s_middle_scoop'====== Args={'value': 5, 'prev_value': None, 'change': True}
2026-04-24 11:48:27,197 : INFO : EventManager : Event: ======'machine_var_audits_missing_switches_s_orbit_small_l'====== Args={'value': 5, 'prev_value': None, 'change': True}
2026-04-24 11:48:27,197 : INFO : EventManager : Event: ======'machine_var_audits_missing_switches_s_orbit_small_r'====== Args={'value': 7, 'prev_value': None, 'change': True}
2026-04-24 11:48:27,197 : INFO : EventManager : Event: ======'machine_var_audits_missing_switches_s_outlane_l'====== Args={'value': 40, 'prev_value': None, 'change': True}
2026-04-24 11:48:27,197 : INFO : EventManager : Event: ======'machine_var_audits_missing_switches_s_outlane_r'====== Args={'value': 40, 'prev_value': None, 'change': True}
2026-04-24 11:48:27,198 : INFO : EventManager : Event: ======'machine_var_audits_missing_switches_s_pop'====== Args={'value': 5, 'prev_value': None, 'change': True}
2026-04-24 11:48:27,198 : INFO : EventManager : Event: ======'machine_var_audits_missing_switches_s_scissor_save'====== Args={'value': 7, 'prev_value': None, 'change': True}
2026-04-24 11:48:27,198 : INFO : EventManager : Event: ======'machine_var_audits_missing_switches_s_sling_l'====== Args={'value': 5, 'prev_value': None, 'change': True}
2026-04-24 11:48:27,198 : INFO : EventManager : Event: ======'machine_var_audits_missing_switches_s_start'====== Args={'value': 7, 'prev_value': None, 'change': True}
2026-04-24 11:48:27,198 : INFO : EventManager : Event: ======'machine_var_audits_missing_switches_s_stationary_l'====== Args={'value': 5, 'prev_value': None, 'change': True}
2026-04-24 11:48:27,198 : INFO : EventManager : Event: ======'machine_var_audits_missing_switches_s_stationary_m'====== Args={'value': 5, 'prev_value': None, 'change': True}
2026-04-24 11:48:27,198 : INFO : EventManager : Event: ======'machine_var_audits_missing_switches_s_stationary_r'====== Args={'value': 5, 'prev_value': None, 'change': True}
2026-04-24 11:48:27,198 : INFO : EventManager : Event: ======'machine_var_audits_missing_switches_s_subway'====== Args={'value': 5, 'prev_value': None, 'change': True}
2026-04-24 11:48:27,198 : INFO : EventManager : Event: ======'machine_var_audits_missing_switches_s_tilt'====== Args={'value': 7, 'prev_value': None, 'change': True}
2026-04-24 11:48:27,198 : INFO : EventManager : Event: ======'machine_var_audits_missing_switches_s_top'====== Args={'value': 5, 'prev_value': None, 'change': True}
2026-04-24 11:48:27,198 : INFO : EventManager : Event: ======'machine_var_audits_missing_switches_s_top_mid'====== Args={'value': 7, 'prev_value': None, 'change': True}
2026-04-24 11:48:27,198 : INFO : EventManager : Event: ======'machine_var_audits_missing_switches_s_trough_1'====== Args={'value': 5, 'prev_value': None, 'change': True}
2026-04-24 11:48:27,198 : INFO : EventManager : Event: ======'machine_var_audits_missing_switches_s_trough_2'====== Args={'value': 5, 'prev_value': None, 'change': True}
2026-04-24 11:48:27,198 : INFO : EventManager : Event: ======'machine_var_audits_missing_switches_s_trough_3'====== Args={'value': 5, 'prev_value': None, 'change': True}
2026-04-24 11:48:27,198 : INFO : EventManager : Event: ======'machine_var_audits_missing_switches_s_trough_4'====== Args={'value': 5, 'prev_value': None, 'change': True}
2026-04-24 11:48:27,198 : INFO : EventManager : Event: ======'machine_var_audits_missing_switches_s_trough_5'====== Args={'value': 6, 'prev_value': None, 'change': True}
2026-04-24 11:48:27,198 : INFO : EventManager : Event: ======'machine_var_audits_missing_switches_s_trough_6'====== Args={'value': 6, 'prev_value': None, 'change': True}
2026-04-24 11:48:27,198 : INFO : EventManager : Event: ======'machine_var_audits_missing_switches_s_trough_jam'====== Args={'value': 5, 'prev_value': None, 'change': True}
2026-04-24 11:48:27,198 : INFO : EventManager : Event: ======'machine_var_audits_missing_switches_s_u_lane_l'====== Args={'value': 7, 'prev_value': None, 'change': True}
2026-04-24 11:48:27,198 : INFO : EventManager : Event: ======'machine_var_audits_missing_switches_s_u_lane_r'====== Args={'value': 7, 'prev_value': None, 'change': True}
2026-04-24 11:48:27,198 : INFO : EventManager : Event: ======'machine_var_audits_missing_switches_s_u_rollover'====== Args={'value': 7, 'prev_value': None, 'change': True}
2026-04-24 11:48:27,198 : INFO : EventManager : Event: ======'machine_var_audits_missing_switches_s_u_target'====== Args={'value': 7, 'prev_value': None, 'change': True}
2026-04-24 11:48:27,198 : INFO : EventManager : Event: ======'machine_var_audits_missing_switches_s_vuk_back'====== Args={'value': 5, 'prev_value': None, 'change': True}
2026-04-24 11:48:27,198 : INFO : EventManager : Event: ======'machine_var_audits_missing_switches_s_vuk_upper'====== Args={'value': 5, 'prev_value': None, 'change': True}
2026-04-24 11:48:27,198 : INFO : EventManager : Event: ======'machine_var_audits_player_score'====== Args={'value': {'average': 31, 'top': [310, 0, 0, 0, 0, 0, 0, 0, 0, 0], 'total': 10}, 'prev_value': None, 'change': True}
2026-04-24 11:48:27,198 : INFO : EventManager : Event: ======'machine_var_audits_shots_r_drop_behind_misc'====== Args={'value': 7, 'prev_value': None, 'change': True}
2026-04-24 11:48:27,198 : INFO : EventManager : Event: ======'machine_var_audits_shots_r_drop_l_misc'====== Args={'value': 6, 'prev_value': None, 'change': True}
2026-04-24 11:48:27,198 : INFO : EventManager : Event: ======'machine_var_audits_shots_r_drop_m_misc'====== Args={'value': 7, 'prev_value': None, 'change': True}
2026-04-24 11:48:27,198 : INFO : EventManager : Event: ======'machine_var_audits_shots_r_drop_r_misc'====== Args={'value': 7, 'prev_value': None, 'change': True}
2026-04-24 11:48:27,198 : INFO : EventManager : Event: ======'machine_var_audits_shots_r_orbit_small_l_base'====== Args={'value': 2, 'prev_value': None, 'change': True}
2026-04-24 11:48:27,198 : INFO : EventManager : Event: ======'machine_var_audits_shots_r_orbit_small_l_div'====== Args={'value': 2, 'prev_value': None, 'change': True}
2026-04-24 11:48:27,198 : INFO : EventManager : Event: ======'machine_var_audits_shots_r_pop'====== Args={'value': 22, 'prev_value': None, 'change': True}
2026-04-24 11:48:27,198 : INFO : EventManager : Event: ======'machine_var_audits_shots_r_scoop'====== Args={'value': 3, 'prev_value': None, 'change': True}
2026-04-24 11:48:27,198 : INFO : EventManager : Event: ======'machine_var_audits_shots_r_sling_l'====== Args={'value': 3, 'prev_value': None, 'change': True}
2026-04-24 11:48:27,198 : INFO : EventManager : Event: ======'machine_var_audits_shots_r_sling_r'====== Args={'value': 6, 'prev_value': None, 'change': True}
2026-04-24 11:48:27,198 : INFO : EventManager : Event: ======'machine_var_audits_shots_r_stationary_r_div'====== Args={'value': 6, 'prev_value': None, 'change': True}
2026-04-24 11:48:27,198 : INFO : EventManager : Event: ======'machine_var_audits_switches_s_autolauncher'====== Args={'value': 124, 'prev_value': None, 'change': True}
2026-04-24 11:48:27,198 : INFO : EventManager : Event: ======'machine_var_audits_switches_s_b_eos'====== Args={'value': 667, 'prev_value': None, 'change': True}
2026-04-24 11:48:27,198 : INFO : EventManager : Event: ======'machine_var_audits_switches_s_b_pop'====== Args={'value': 133, 'prev_value': None, 'change': True}
2026-04-24 11:48:27,198 : INFO : EventManager : Event: ======'machine_var_audits_switches_s_b_rollover_interchange'====== Args={'value': 1, 'prev_value': None, 'change': True}
2026-04-24 11:48:27,198 : INFO : EventManager : Event: ======'machine_var_audits_switches_s_b_rollover_loop'====== Args={'value': 8, 'prev_value': None, 'change': True}
2026-04-24 11:48:27,198 : INFO : EventManager : Event: ======'machine_var_audits_switches_s_b_rollover_misc'====== Args={'value': 1, 'prev_value': None, 'change': True}
2026-04-24 11:48:27,198 : INFO : EventManager : Event: ======'machine_var_audits_switches_s_b_target_left'====== Args={'value': 1, 'prev_value': None, 'change': True}
2026-04-24 11:48:27,198 : INFO : EventManager : Event: ======'machine_var_audits_switches_s_b_target_right'====== Args={'value': 1, 'prev_value': None, 'change': True}
2026-04-24 11:48:27,198 : INFO : EventManager : Event: ======'machine_var_audits_switches_s_bot'====== Args={'value': 1, 'prev_value': None, 'change': True}
2026-04-24 11:48:27,198 : INFO : EventManager : Event: ======'machine_var_audits_switches_s_bot_mid'====== Args={'value': 6, 'prev_value': None, 'change': True}
2026-04-24 11:48:27,198 : INFO : EventManager : Event: ======'machine_var_audits_switches_s_captive_l'====== Args={'value': 1, 'prev_value': None, 'change': True}
2026-04-24 11:48:27,198 : INFO : EventManager : Event: ======'machine_var_audits_switches_s_captive_r'====== Args={'value': 1, 'prev_value': None, 'change': True}
2026-04-24 11:48:27,198 : INFO : EventManager : Event: ======'machine_var_audits_switches_s_drop_l'====== Args={'value': 14, 'prev_value': None, 'change': True}
2026-04-24 11:48:27,198 : INFO : EventManager : Event: ======'machine_var_audits_switches_s_drop_m'====== Args={'value': 29, 'prev_value': None, 'change': True}
2026-04-24 11:48:27,198 : INFO : EventManager : Event: ======'machine_var_audits_switches_s_drop_r'====== Args={'value': 14, 'prev_value': None, 'change': True}
2026-04-24 11:48:27,198 : INFO : EventManager : Event: ======'machine_var_audits_switches_s_drop_single'====== Args={'value': 21, 'prev_value': None, 'change': True}
2026-04-24 11:48:27,198 : INFO : EventManager : Event: ======'machine_var_audits_switches_s_flipper_but_l_1'====== Args={'value': 440, 'prev_value': None, 'change': True}
2026-04-24 11:48:27,198 : INFO : EventManager : Event: ======'machine_var_audits_switches_s_flipper_but_l_2'====== Args={'value': 416, 'prev_value': None, 'change': True}
2026-04-24 11:48:27,198 : INFO : EventManager : Event: ======'machine_var_audits_switches_s_flipper_but_r_1'====== Args={'value': 792, 'prev_value': None, 'change': True}
2026-04-24 11:48:27,198 : INFO : EventManager : Event: ======'machine_var_audits_switches_s_flipper_but_r_2'====== Args={'value': 783, 'prev_value': None, 'change': True}
2026-04-24 11:48:27,198 : INFO : EventManager : Event: ======'machine_var_audits_switches_s_flipper_l'====== Args={'value': 416, 'prev_value': None, 'change': True}
2026-04-24 11:48:27,199 : INFO : EventManager : Event: ======'machine_var_audits_switches_s_flipper_r'====== Args={'value': 1731, 'prev_value': None, 'change': True}
2026-04-24 11:48:27,199 : INFO : EventManager : Event: ======'machine_var_audits_switches_s_flipper_upper_l'====== Args={'value': 393, 'prev_value': None, 'change': True}
2026-04-24 11:48:27,199 : INFO : EventManager : Event: ======'machine_var_audits_switches_s_inlane_l'====== Args={'value': 1, 'prev_value': None, 'change': True}
2026-04-24 11:48:27,199 : INFO : EventManager : Event: ======'machine_var_audits_switches_s_inlane_r'====== Args={'value': 80, 'prev_value': None, 'change': True}
2026-04-24 11:48:27,199 : INFO : EventManager : Event: ======'machine_var_audits_switches_s_kicker_orbit'====== Args={'value': 177, 'prev_value': None, 'change': True}
2026-04-24 11:48:27,199 : INFO : EventManager : Event: ======'machine_var_audits_switches_s_kicking_target'====== Args={'value': 538, 'prev_value': None, 'change': True}
2026-04-24 11:48:27,199 : INFO : EventManager : Event: ======'machine_var_audits_switches_s_launch'====== Args={'value': 124, 'prev_value': None, 'change': True}
2026-04-24 11:48:27,199 : INFO : EventManager : Event: ======'machine_var_audits_switches_s_lock_1'====== Args={'value': 10, 'prev_value': None, 'change': True}
2026-04-24 11:48:27,199 : INFO : EventManager : Event: ======'machine_var_audits_switches_s_lock_2'====== Args={'value': 5, 'prev_value': None, 'change': True}
2026-04-24 11:48:27,199 : INFO : EventManager : Event: ======'machine_var_audits_switches_s_lock_3'====== Args={'value': 5, 'prev_value': None, 'change': True}
2026-04-24 11:48:27,199 : INFO : EventManager : Event: ======'machine_var_audits_switches_s_lower_orbit'====== Args={'value': 5, 'prev_value': None, 'change': True}
2026-04-24 11:48:27,199 : INFO : EventManager : Event: ======'machine_var_audits_switches_s_lower_single'====== Args={'value': 1, 'prev_value': None, 'change': True}
2026-04-24 11:48:27,199 : INFO : EventManager : Event: ======'machine_var_audits_switches_s_lower_sling'====== Args={'value': 8, 'prev_value': None, 'change': True}
2026-04-24 11:48:27,199 : INFO : EventManager : Event: ======'machine_var_audits_switches_s_lower_transfer'====== Args={'value': 3, 'prev_value': None, 'change': True}
2026-04-24 11:48:27,199 : INFO : EventManager : Event: ======'machine_var_audits_switches_s_lower_vuk'====== Args={'value': 15, 'prev_value': None, 'change': True}
2026-04-24 11:48:27,199 : INFO : EventManager : Event: ======'machine_var_audits_switches_s_middle_scoop'====== Args={'value': 14, 'prev_value': None, 'change': True}
2026-04-24 11:48:27,199 : INFO : EventManager : Event: ======'machine_var_audits_switches_s_orbit_small_l'====== Args={'value': 38, 'prev_value': None, 'change': True}
2026-04-24 11:48:27,199 : INFO : EventManager : Event: ======'machine_var_audits_switches_s_orbit_small_r'====== Args={'value': 195, 'prev_value': None, 'change': True}
2026-04-24 11:48:27,199 : INFO : EventManager : Event: ======'machine_var_audits_switches_s_outlane_l'====== Args={'value': 0, 'prev_value': None, 'change': True}
2026-04-24 11:48:27,199 : INFO : EventManager : Event: ======'machine_var_audits_switches_s_outlane_r'====== Args={'value': 0, 'prev_value': None, 'change': True}
2026-04-24 11:48:27,199 : INFO : EventManager : Event: ======'machine_var_audits_switches_s_pop'====== Args={'value': 99, 'prev_value': None, 'change': True}
2026-04-24 11:48:27,199 : INFO : EventManager : Event: ======'machine_var_audits_switches_s_scissor_save'====== Args={'value': 3, 'prev_value': None, 'change': True}
2026-04-24 11:48:27,199 : INFO : EventManager : Event: ======'machine_var_audits_switches_s_sling_l'====== Args={'value': 19, 'prev_value': None, 'change': True}
2026-04-24 11:48:27,199 : INFO : EventManager : Event: ======'machine_var_audits_switches_s_start'====== Args={'value': 5, 'prev_value': None, 'change': True}
2026-04-24 11:48:27,199 : INFO : EventManager : Event: ======'machine_var_audits_switches_s_stationary_l'====== Args={'value': 111, 'prev_value': None, 'change': True}
2026-04-24 11:48:27,199 : INFO : EventManager : Event: ======'machine_var_audits_switches_s_stationary_m'====== Args={'value': 29, 'prev_value': None, 'change': True}
2026-04-24 11:48:27,199 : INFO : EventManager : Event: ======'machine_var_audits_switches_s_stationary_r'====== Args={'value': 35, 'prev_value': None, 'change': True}
2026-04-24 11:48:27,199 : INFO : EventManager : Event: ======'machine_var_audits_switches_s_subway'====== Args={'value': 168, 'prev_value': None, 'change': True}
2026-04-24 11:48:27,199 : INFO : EventManager : Event: ======'machine_var_audits_switches_s_tilt'====== Args={'value': 1, 'prev_value': None, 'change': True}
2026-04-24 11:48:27,199 : INFO : EventManager : Event: ======'machine_var_audits_switches_s_top'====== Args={'value': 6, 'prev_value': None, 'change': True}
2026-04-24 11:48:27,199 : INFO : EventManager : Event: ======'machine_var_audits_switches_s_top_mid'====== Args={'value': 1, 'prev_value': None, 'change': True}
2026-04-24 11:48:27,199 : INFO : EventManager : Event: ======'machine_var_audits_switches_s_trough_1'====== Args={'value': 101, 'prev_value': None, 'change': True}
2026-04-24 11:48:27,199 : INFO : EventManager : Event: ======'machine_var_audits_switches_s_trough_2'====== Args={'value': 60, 'prev_value': None, 'change': True}
2026-04-24 11:48:27,199 : INFO : EventManager : Event: ======'machine_var_audits_switches_s_trough_3'====== Args={'value': 61, 'prev_value': None, 'change': True}
2026-04-24 11:48:27,199 : INFO : EventManager : Event: ======'machine_var_audits_switches_s_trough_4'====== Args={'value': 141, 'prev_value': None, 'change': True}
2026-04-24 11:48:27,199 : INFO : EventManager : Event: ======'machine_var_audits_switches_s_trough_5'====== Args={'value': 48, 'prev_value': None, 'change': True}
2026-04-24 11:48:27,199 : INFO : EventManager : Event: ======'machine_var_audits_switches_s_trough_6'====== Args={'value': 100, 'prev_value': None, 'change': True}
2026-04-24 11:48:27,199 : INFO : EventManager : Event: ======'machine_var_audits_switches_s_trough_jam'====== Args={'value': 73, 'prev_value': None, 'change': True}
2026-04-24 11:48:27,199 : INFO : EventManager : Event: ======'machine_var_audits_switches_s_u_lane_l'====== Args={'value': 1, 'prev_value': None, 'change': True}
2026-04-24 11:48:27,199 : INFO : EventManager : Event: ======'machine_var_audits_switches_s_u_lane_r'====== Args={'value': 1, 'prev_value': None, 'change': True}
2026-04-24 11:48:27,199 : INFO : EventManager : Event: ======'machine_var_audits_switches_s_u_rollover'====== Args={'value': 1, 'prev_value': None, 'change': True}
2026-04-24 11:48:27,199 : INFO : EventManager : Event: ======'machine_var_audits_switches_s_u_target'====== Args={'value': 1, 'prev_value': None, 'change': True}
2026-04-24 11:48:27,199 : INFO : EventManager : Event: ======'machine_var_audits_switches_s_vuk_back'====== Args={'value': 101, 'prev_value': None, 'change': True}
2026-04-24 11:48:27,199 : INFO : EventManager : Event: ======'machine_var_audits_switches_s_vuk_upper'====== Args={'value': 63, 'prev_value': None, 'change': True}
2026-04-24 11:48:27,200 : INFO : EventManager : Event: ======'init_phase_5'====== Args={}
2026-04-24 11:48:27,201 : INFO : EventManager : Event: ======'init_done'====== Args={}
2026-04-24 11:48:27,201 : INFO : EventManager : Event: ======'machine_reset_phase_1'====== Args={}
2026-04-24 11:48:27,201 : INFO : EventManager : Event: ======'machine_reset_phase_2'====== Args={}
2026-04-24 11:48:27,201 : INFO : EventManager : Event: ======'machine_reset_phase_3'====== Args={}
2026-04-24 11:48:27,201 : INFO : EventManager : Event: ======'diverter_d_middle_diverter_deactivating'====== Args={}
2026-04-24 11:48:27,201 : INFO : coil.c_diverter : Disabling Driver
2026-04-24 11:48:27,201 : INFO : EventManager : Event: ======'reset_complete'====== Args={}
2026-04-24 11:48:27,201 : INFO : EventManager : Event: ======'mode_attract_will_start'====== Args={}
2026-04-24 11:48:27,201 : INFO : EventManager : Event: ======'mode_attract_starting'====== Args={}
2026-04-24 11:48:27,201 : INFO : Mode.attract : Started. Priority: 10
2026-04-24 11:48:27,201 : INFO : EventManager : Event: ======'modes_active_modes_changed'====== Args={}
2026-04-24 11:48:27,201 : INFO : EventManager : Event: ======'mode_attract_started'====== Args={}
2026-04-24 11:48:27,202 : INFO : EventManager : Event: ======'collecting_balls_complete'====== Args={}
2026-04-24 11:48:27,202 : INFO : Machine : Starting the main run loop with active modes: [<Mode.attract>]
2026-04-24 11:48:27,754 : INFO : BcpServer : New client connected.
2026-04-24 11:48:28,445 : INFO : SwitchController : <<<<<<< 's_trough_4' active >>>>>>>
2026-04-24 11:48:28,947 : INFO : EventManager : Event: ======'balldevice_bd_trough_ball_count_changed'====== Args={'balls': 1}
2026-04-24 11:48:28,947 : INFO : ball_device.bd_trough : Received unexpected ball
2026-04-24 11:48:28,947 : INFO : EventManager : Event: ======'balldevice_captured_from_playfield'====== Args={'balls': 1}
2026-04-24 11:48:28,947 : INFO : EventManager : Event: ======'sw_playfield_active'====== Args={'balls': 1}
2026-04-24 11:48:28,947 : INFO : EventManager : Event: ======'playfield_active'====== Args={'source': None}
2026-04-24 11:48:28,947 : INFO : EventManager : Event: ======'unexpected_ball_on_playfield'====== Args={}
2026-04-24 11:48:28,947 : INFO : EventManager : Event: ======'playfield_ball_count_change'====== Args={'balls': -1, 'change': -1}
2026-04-24 11:48:28,947 : INFO : EventManager : Event: ======'balldevice_playfield_ball_enter'====== Args={'new_balls': 1, 'unclaimed_balls': 1, 'device': <playfield.playfield>}
2026-04-24 11:48:28,947 : INFO : EventManager : Event: ======'playfield_ball_count_change'====== Args={'balls': 0, 'change': 1}
2026-04-24 11:48:28,947 : INFO : BallController : Found a new ball which was captured from playfield. Known balls: 1
2026-04-24 11:48:28,948 : INFO : EventManager : Event: ======'found_new_ball'====== Args={}
2026-04-24 11:48:28,948 : INFO : EventManager : Event: ======'balldevice_bd_trough_ball_enter'====== Args={'new_balls': 1, 'unclaimed_balls': 1, 'new_available_balls': 1, 'device': <ball_device.bd_trough>}
2026-04-24 11:48:28,948 : INFO : EventManager : Event: ======'ball_drain'====== Args={'device': <ball_device.bd_trough>, 'balls': 1}
2026-04-24 11:48:28,948 : INFO : EventManager : Event: ======'balldevice_balls_available'====== Args={}
2026-04-24 11:48:28,948 : INFO : EventManager : Event: ======'balldevice_bd_trough_ball_entered'====== Args={'new_balls': 1, 'device': <ball_device.bd_trough>}
2026-04-24 11:48:32,515 : INFO : SwitchController : <<<<<<< 's_trough_4' inactive >>>>>>>
2026-04-24 11:48:33,202 : INFO : SwitchController : <<<<<<< 's_trough_4' active >>>>>>>
2026-04-24 11:48:35,006 : INFO : SwitchController : <<<<<<< 's_start' active >>>>>>>
2026-04-24 11:48:35,121 : INFO : SwitchController : <<<<<<< 's_start' inactive >>>>>>>
2026-04-24 11:48:35,121 : INFO : EventManager : Event: ======'request_to_start_game'====== Args={}
2026-04-24 11:48:35,122 : INFO : EventManager : Event: ======'game_start'====== Args={'buttons': [], 'hold_time': 0.11538733300403692}
2026-04-24 11:48:35,122 : INFO : EventManager : Event: ======'mode_game_will_start'====== Args={'buttons': [], 'hold_time': 0.11538733300403692}
2026-04-24 11:48:35,122 : INFO : EventManager : Event: ======'mode_game_starting'====== Args={'buttons': [], 'hold_time': 0.11538733300403692}
2026-04-24 11:48:35,122 : INFO : EventManager : Event: ======'mode_attract_will_stop'====== Args={}
2026-04-24 11:48:35,122 : INFO : EventManager : Event: ======'mode_attract_stopping'====== Args={}
2026-04-24 11:48:35,122 : INFO : Mode.attract : Stopped.
2026-04-24 11:48:35,122 : INFO : EventManager : Event: ======'modes_active_modes_changed'====== Args={}
2026-04-24 11:48:35,122 : INFO : EventManager : Event: ======'mode_attract_stopped'====== Args={}
2026-04-24 11:48:35,122 : INFO : EventManager : Event: ======'clear'====== Args={'key': 'attract'}
2026-04-24 11:48:35,123 : INFO : Mode.game : Started. Priority: 20
2026-04-24 11:48:35,123 : INFO : EventManager : Event: ======'modes_active_modes_changed'====== Args={}
2026-04-24 11:48:35,123 : INFO : EventManager : Event: ======'mode_game_started'====== Args={'buttons': [], 'hold_time': 0.11538733300403692}
2026-04-24 11:48:35,123 : INFO : EventManager : Event: ======'game_will_start'====== Args={}
2026-04-24 11:48:35,123 : INFO : EventManager : Event: ======'game_starting'====== Args={'game': <Mode.game>}
2026-04-24 11:48:35,123 : INFO : EventManager : Unordered handler for class <Auditor> on event game_ended with priority 1. Handlers: [RegisteredHandler(callback=<bound method Auditor.disable of <Auditor>>, priority=1, kwargs={}, key=UUID('cc0745a1-4798-44ef-9251-2ba23b852aa0'), condition=None, blocking_facility=None), RegisteredHandler(callback=<bound method Auditor._save_audits of <Auditor>>, priority=1, kwargs={}, key=UUID('e4f11c6d-5d4c-4b46-b4dd-4c6de16cc6fa'), condition=None, blocking_facility=None)]. The order of those handlers is not defined and they will be executed in random order. This might lead to race conditions and potential bugs.
2026-04-24 11:48:35,123 : INFO : EventManager : Event: ======'player_add_request'====== Args={}
2026-04-24 11:48:35,123 : INFO : EventManager : Event: ======'player_will_add'====== Args={'number': 1}
2026-04-24 11:48:35,123 : INFO : EventManager : Event: ======'player_adding'====== Args={'player': <Player 1>, 'number': 1}
2026-04-24 11:48:35,123 : INFO : EventManager : Event: ======'player_added'====== Args={'player': <Player 1>, 'num': 1}
2026-04-24 11:48:35,123 : INFO : Mode.game : Player added successfully. Total players: 1
2026-04-24 11:48:35,124 : INFO : EventManager : Event: ======'player_index'====== Args={'value': 0, 'prev_value': 0, 'change': 0, 'player_num': 1}
2026-04-24 11:48:35,124 : INFO : EventManager : Event: ======'player_number'====== Args={'value': 1, 'prev_value': 1, 'change': 0, 'player_num': 1}
2026-04-24 11:48:35,124 : INFO : EventManager : Event: ======'player_score'====== Args={'value': 0, 'prev_value': 0, 'change': 0, 'player_num': 1}
2026-04-24 11:48:35,124 : INFO : EventManager : Event: ======'game_started'====== Args={}
2026-04-24 11:48:35,124 : INFO : EventManager : Event: ======'player_turn_will_start'====== Args={'player': <Player 1>, 'number': 1}
2026-04-24 11:48:35,124 : INFO : EventManager : Event: ======'player_turn_starting'====== Args={'player': <Player 1>, 'number': 1}
2026-04-24 11:48:35,126 : INFO : EventManager : Event: ======'player_ball'====== Args={'value': 1, 'prev_value': 0, 'change': 1, 'player_num': 1}
2026-04-24 11:48:35,126 : INFO : EventManager : Event: ======'player_turn_started'====== Args={'player': <Player 1>, 'number': 1}
2026-04-24 11:48:35,126 : INFO : EventManager : Event: ======'ball_will_start'====== Args={'player': 1, 'ball': 1, 'balls_remaining': 2, 'is_extra_ball': False}
2026-04-24 11:48:35,126 : INFO : EventManager : Event: ======'ball_starting'====== Args={'player': 1, 'ball': 1, 'balls_remaining': 2, 'is_extra_ball': False}
2026-04-24 11:48:35,126 : INFO : EventManager : Event: ======'mode_diverter_activation_will_start'====== Args={'queue': <QueuedEvent>, 'player': 1, 'ball': 1, 'balls_remaining': 2, 'is_extra_ball': False}
2026-04-24 11:48:35,126 : INFO : EventManager : Event: ======'player_shot_r_orbit_small_r_div_enabled'====== Args={'value': True, 'prev_value': 0, 'change': 1, 'player_num': 1}
2026-04-24 11:48:35,127 : INFO : EventManager : Event: ======'player_shot_r_orbit_small_l_div_enabled'====== Args={'value': True, 'prev_value': 0, 'change': 1, 'player_num': 1}
2026-04-24 11:48:35,127 : INFO : EventManager : Event: ======'player_shot_r_captive_l_div_enabled'====== Args={'value': True, 'prev_value': 0, 'change': 1, 'player_num': 1}
2026-04-24 11:48:35,127 : INFO : EventManager : Event: ======'player_shot_r_stationary_r_div_enabled'====== Args={'value': True, 'prev_value': 0, 'change': 1, 'player_num': 1}
2026-04-24 11:48:35,127 : INFO : EventManager : Event: ======'mode_diverter_activation_starting'====== Args={'queue': <QueuedEvent>, 'player': 1, 'ball': 1, 'balls_remaining': 2, 'is_extra_ball': False}
2026-04-24 11:48:35,127 : INFO : EventManager : Event: ======'mode_base_will_start'====== Args={'queue': <QueuedEvent>, 'player': 1, 'ball': 1, 'balls_remaining': 2, 'is_extra_ball': False}
2026-04-24 11:48:35,127 : INFO : EventManager : Event: ======'player_shot_r_orbit_small_r_base_enabled'====== Args={'value': True, 'prev_value': 0, 'change': 1, 'player_num': 1}
2026-04-24 11:48:35,127 : INFO : EventManager : Event: ======'player_shot_r_orbit_small_l_base_enabled'====== Args={'value': True, 'prev_value': 0, 'change': 1, 'player_num': 1}
2026-04-24 11:48:35,128 : INFO : EventManager : Event: ======'player_shot_r_pop_enabled'====== Args={'value': True, 'prev_value': 0, 'change': 1, 'player_num': 1}
2026-04-24 11:48:35,128 : INFO : EventManager : Event: ======'player_shot_r_sling_l_enabled'====== Args={'value': True, 'prev_value': 0, 'change': 1, 'player_num': 1}
2026-04-24 11:48:35,128 : INFO : EventManager : Event: ======'player_shot_r_sling_r_enabled'====== Args={'value': True, 'prev_value': 0, 'change': 1, 'player_num': 1}
2026-04-24 11:48:35,128 : INFO : EventManager : Event: ======'player_shot_r_scoop_enabled'====== Args={'value': True, 'prev_value': 0, 'change': 1, 'player_num': 1}
2026-04-24 11:48:35,128 : INFO : EventManager : Event: ======'mode_base_starting'====== Args={'queue': <QueuedEvent>, 'player': 1, 'ball': 1, 'balls_remaining': 2, 'is_extra_ball': False}
2026-04-24 11:48:35,128 : INFO : EventManager : Event: ======'mode_misc_drop_bank_will_start'====== Args={'queue': <QueuedEvent>, 'player': 1, 'ball': 1, 'balls_remaining': 2, 'is_extra_ball': False}
2026-04-24 11:48:35,128 : INFO : EventManager : Event: ======'player_shot_r_drop_l_misc_enabled'====== Args={'value': True, 'prev_value': 0, 'change': 1, 'player_num': 1}
2026-04-24 11:48:35,129 : INFO : EventManager : Event: ======'player_shot_r_drop_m_misc_enabled'====== Args={'value': True, 'prev_value': 0, 'change': 1, 'player_num': 1}
2026-04-24 11:48:35,129 : INFO : EventManager : Event: ======'player_shot_r_drop_r_misc_enabled'====== Args={'value': True, 'prev_value': 0, 'change': 1, 'player_num': 1}
2026-04-24 11:48:35,129 : INFO : EventManager : Event: ======'player_shot_r_drop_behind_misc_enabled'====== Args={'value': False, 'prev_value': 0, 'change': 0, 'player_num': 1}
2026-04-24 11:48:35,129 : INFO : EventManager : Event: ======'sg_drops_misc_complete'====== Args={'state': 'drop_lit'}
2026-04-24 11:48:35,129 : INFO : EventManager : Event: ======'sg_drops_misc_drop_lit_complete'====== Args={}
2026-04-24 11:48:35,129 : INFO : EventManager : Event: ======'mode_misc_drop_bank_starting'====== Args={'queue': <QueuedEvent>, 'player': 1, 'ball': 1, 'balls_remaining': 2, 'is_extra_ball': False}
2026-04-24 11:48:35,129 : INFO : Mode.misc_drop_bank : Started. Priority: 100
2026-04-24 11:48:35,129 : INFO : EventManager : Event: ======'modes_active_modes_changed'====== Args={}
2026-04-24 11:48:35,129 : INFO : EventManager : Event: ======'mode_misc_drop_bank_started'====== Args={'queue': <QueuedEvent>, 'player': 1, 'ball': 1, 'balls_remaining': 2, 'is_extra_ball': False}
2026-04-24 11:48:35,130 : INFO : Mode.base : Started. Priority: 100
2026-04-24 11:48:35,130 : INFO : EventManager : Event: ======'modes_active_modes_changed'====== Args={}
2026-04-24 11:48:35,130 : INFO : EventManager : Event: ======'mode_base_started'====== Args={'queue': <QueuedEvent>, 'player': 1, 'ball': 1, 'balls_remaining': 2, 'is_extra_ball': False}
2026-04-24 11:48:35,130 : INFO : Mode.diverter_activation : Started. Priority: 101
2026-04-24 11:48:35,130 : INFO : EventManager : Event: ======'modes_active_modes_changed'====== Args={}
2026-04-24 11:48:35,130 : INFO : EventManager : Event: ======'mode_diverter_activation_started'====== Args={'queue': <QueuedEvent>, 'player': 1, 'ball': 1, 'balls_remaining': 2, 'is_extra_ball': False}
2026-04-24 11:48:35,130 : INFO : EventManager : Event: ======'player_v_right_ramp'====== Args={'value': 0, 'prev_value': 0, 'change': 0, 'player_num': 1, 'source': 'diverter_activation'}
2026-04-24 11:48:35,130 : INFO : EventManager : Event: ======'balls_in_play'====== Args={'balls': 1}
2026-04-24 11:48:35,130 : INFO : EventManager : Event: ======'ball_started'====== Args={'player': 1, 'ball': 1, 'balls_remaining': 2, 'is_extra_ball': False}
2026-04-24 11:48:35,130 : INFO : EventManager : Event: ======'diverter_d_middle_diverter_enabling'====== Args={'auto': False}
2026-04-24 11:48:35,130 : INFO : drop_target_bank.dt_bank : All targets are already up. Will not reset bank.
2026-04-24 11:48:35,131 : INFO : EventManager : Event: ======'single_player_ball_started'====== Args={}
2026-04-24 11:48:35,131 : INFO : EventManager : Event: ======'ball_start_target'====== Args={'target': 'playfield'}
2026-04-24 11:48:35,131 : INFO : ball_device.bd_autolauncher : Setting up player-controlled eject. Balls: 1, Target: <playfield.playfield>, player_controlled_eject_event: sw_launch
2026-04-24 11:48:35,131 : INFO : EventManager : Event: ======'balldevice_balls_available'====== Args={}
2026-04-24 11:48:35,131 : INFO : ball_device.bd_trough : State: waiting_for_target_ready
2026-04-24 11:48:35,131 : INFO : EventManager : Event: ======'balldevice_bd_trough_ball_eject_attempt'====== Args={'balls': 1, 'target': <ball_device.bd_autolauncher>, 'source': <ball_device.bd_trough>, 'mechanical_eject': True, 'num_attempts': 0}
2026-04-24 11:48:35,131 : INFO : ball_device.bd_autolauncher : State: waiting_for_ball
2026-04-24 11:48:35,132 : INFO : ball_device.bd_trough : State: ejecting
2026-04-24 11:48:35,133 : INFO : ball_device.bd_trough : Ejecting ball to <ball_device.bd_autolauncher>
2026-04-24 11:48:35,133 : INFO : EventManager : Event: ======'balldevice_bd_trough_ejecting_ball'====== Args={'balls': 1, 'target': <ball_device.bd_autolauncher>, 'source': <ball_device.bd_trough>, 'mechanical_eject': True, 'num_attempts': 0}
2026-04-24 11:48:35,135 : INFO : ball_device.bd_trough : Wait for ball to leave device
2026-04-24 11:48:35,135 : INFO : coil.c_trough : Pulsing Driver for 12ms (1.0 pulse_power)
2026-04-24 11:48:36,135 : INFO : EventManager : Event: ======'balldevice_bd_trough_ball_eject_failed'====== Args={'target': <ball_device.bd_autolauncher>, 'balls': 1, 'retry': True, 'num_attempts': 1}
2026-04-24 11:48:36,137 : INFO : ball_device.bd_trough : State: waiting_for_target_ready
2026-04-24 11:48:36,137 : INFO : EventManager : Event: ======'balldevice_bd_trough_ball_eject_attempt'====== Args={'balls': 1, 'target': <ball_device.bd_autolauncher>, 'source': <ball_device.bd_trough>, 'mechanical_eject': True, 'num_attempts': 1}
2026-04-24 11:48:36,138 : INFO : ball_device.bd_trough : State: ejecting
2026-04-24 11:48:36,138 : INFO : ball_device.bd_trough : Ejecting ball to <ball_device.bd_autolauncher>
2026-04-24 11:48:36,138 : INFO : EventManager : Event: ======'balldevice_bd_trough_ejecting_ball'====== Args={'balls': 1, 'target': <ball_device.bd_autolauncher>, 'source': <ball_device.bd_trough>, 'mechanical_eject': True, 'num_attempts': 1}
2026-04-24 11:48:36,139 : INFO : ball_device.bd_trough : Wait for ball to leave device
2026-04-24 11:48:36,139 : INFO : coil.c_trough : Pulsing Driver for 12ms (1.0 pulse_power)
2026-04-24 11:48:36,306 : INFO : SwitchController : <<<<<<< 's_launch' active >>>>>>>
2026-04-24 11:48:36,307 : INFO : EventManager : Event: ======'machine_var_audits_switches_s_launch'====== Args={'value': 125, 'prev_value': 124, 'change': 1}
2026-04-24 11:48:36,390 : INFO : SwitchController : <<<<<<< 's_launch' inactive >>>>>>>
2026-04-24 11:48:37,140 : INFO : EventManager : Event: ======'balldevice_bd_trough_ball_eject_failed'====== Args={'target': <ball_device.bd_autolauncher>, 'balls': 1, 'retry': True, 'num_attempts': 2}
2026-04-24 11:48:37,142 : INFO : ball_device.bd_trough : State: waiting_for_target_ready
2026-04-24 11:48:37,143 : INFO : EventManager : Event: ======'balldevice_bd_trough_ball_eject_attempt'====== Args={'balls': 1, 'target': <ball_device.bd_autolauncher>, 'source': <ball_device.bd_trough>, 'mechanical_eject': True, 'num_attempts': 2}
2026-04-24 11:48:37,144 : INFO : ball_device.bd_trough : State: ejecting
2026-04-24 11:48:37,144 : INFO : ball_device.bd_trough : Ejecting ball to <ball_device.bd_autolauncher>
2026-04-24 11:48:37,144 : INFO : EventManager : Event: ======'balldevice_bd_trough_ejecting_ball'====== Args={'balls': 1, 'target': <ball_device.bd_autolauncher>, 'source': <ball_device.bd_trough>, 'mechanical_eject': True, 'num_attempts': 2}
2026-04-24 11:48:37,145 : INFO : ball_device.bd_trough : Wait for ball to leave device
2026-04-24 11:48:37,146 : INFO : coil.c_trough : Pulsing Driver for 12ms (1.0 pulse_power)
2026-04-24 11:48:37,763 : INFO : SwitchController : <<<<<<< 's_trough_4' inactive >>>>>>>
2026-04-24 11:48:37,764 : INFO : ball_device.bd_trough : State: ball_left
2026-04-24 11:48:37,765 : INFO : ball_device.bd_trough : Ball left
2026-04-24 11:48:37,765 : INFO : ball_device.bd_trough : Wait for confirm with timeout 1.0
2026-04-24 11:48:38,766 : INFO : ball_device.bd_trough : State: failed_confirm
2026-04-24 11:48:38,767 : INFO : ball_device.bd_trough : Got timeout (1.0s) before confirm from <ball_device.bd_autolauncher>
2026-04-24 11:48:40,790 : INFO : SwitchController : <<<<<<< 's_drop_l' active >>>>>>>
2026-04-24 11:48:40,790 : INFO : EventManager : Event: ======'playfield_active'====== Args={'source': 'r_drop_l_misc'}
2026-04-24 11:48:40,791 : INFO : EventManager : Event: ======'unexpected_ball_on_playfield'====== Args={}
2026-04-24 11:48:40,791 : INFO : EventManager : Event: ======'s_drop_l_active'====== Args={}
2026-04-24 11:48:40,791 : INFO : EventManager : Event: ======'playfield_active'====== Args={'source': 'left'}
2026-04-24 11:48:40,792 : INFO : EventManager : Event: ======'unexpected_ball_on_playfield'====== Args={}
2026-04-24 11:48:40,792 : INFO : EventManager : Event: ======'drop_target_left_down'====== Args={'device': <drop_target.left>}
2026-04-24 11:48:40,793 : INFO : EventManager : Event: ======'drop_target_bank_dt_bank_mixed'====== Args={'prev_value': <DropTargetBankState.UP: 'up'>, 'down': 1}
2026-04-24 11:48:40,793 : INFO : EventManager : Event: ======'machine_var_audits_switches_s_drop_l'====== Args={'value': 15, 'prev_value': 14, 'change': 1}
2026-04-24 11:48:40,794 : INFO : EventManager : Event: ======'player_shot_r_drop_l_misc'====== Args={'value': 1, 'prev_value': 0, 'change': 1, 'player_num': 1}
2026-04-24 11:48:40,795 : INFO : EventManager : Event: ======'machine_var_audits_shots_r_drop_l_misc'====== Args={'value': 7, 'prev_value': 6, 'change': 1}
2026-04-24 11:48:40,802 : INFO : EventManager : Event: ======'r_drop_l_misc_hit'====== Args={'profile': 'sp_drop_misc', 'state': 'drop_lit', 'advancing': True}
2026-04-24 11:48:40,802 : INFO : EventManager : Event: ======'r_drop_l_misc_sp_drop_misc_hit'====== Args={'profile': 'sp_drop_misc', 'state': 'drop_lit', 'advancing': True}
2026-04-24 11:48:40,803 : INFO : EventManager : Event: ======'r_drop_l_misc_sp_drop_misc_drop_lit_hit'====== Args={'profile': 'sp_drop_misc', 'state': 'drop_lit', 'advancing': True}
2026-04-24 11:48:40,803 : INFO : EventManager : Event: ======'r_drop_l_misc_drop_lit_hit'====== Args={'profile': 'sp_drop_misc', 'state': 'drop_lit', 'advancing': True}
2026-04-24 11:48:40,803 : INFO : EventManager : Event: ======'sg_drops_misc_hit'====== Args={'shot': 'r_drop_l_misc'}
2026-04-24 11:48:40,804 : INFO : EventManager : Event: ======'sg_drops_misc_drop_lit_hit'====== Args={'shot': 'r_drop_l_misc'}
2026-04-24 11:48:40,880 : INFO : SwitchController : <<<<<<< 's_drop_l' inactive >>>>>>>
2026-04-24 11:48:40,880 : INFO : EventManager : Event: ======'playfield_active'====== Args={'source': 'left'}
2026-04-24 11:48:40,880 : INFO : EventManager : Event: ======'unexpected_ball_on_playfield'====== Args={}
2026-04-24 11:48:40,880 : INFO : EventManager : Event: ======'drop_target_left_up'====== Args={'device': <drop_target.left>}
2026-04-24 11:48:40,880 : INFO : EventManager : Event: ======'drop_target_bank_dt_bank_up'====== Args={}
2026-04-24 11:48:47,407 : INFO : SwitchController : <<<<<<< 's_drop_m' active >>>>>>>
2026-04-24 11:48:47,407 : INFO : EventManager : Event: ======'playfield_active'====== Args={'source': 'r_drop_m_misc'}
2026-04-24 11:48:47,407 : INFO : EventManager : Event: ======'unexpected_ball_on_playfield'====== Args={}
2026-04-24 11:48:47,408 : INFO : EventManager : Event: ======'s_drop_m_active'====== Args={}
2026-04-24 11:48:47,409 : INFO : EventManager : Event: ======'playfield_active'====== Args={'source': 'mid'}
2026-04-24 11:48:47,409 : INFO : EventManager : Event: ======'unexpected_ball_on_playfield'====== Args={}
2026-04-24 11:48:47,409 : INFO : EventManager : Event: ======'drop_target_mid_down'====== Args={'device': <drop_target.mid>}
2026-04-24 11:48:47,410 : INFO : EventManager : Event: ======'drop_target_bank_dt_bank_mixed'====== Args={'prev_value': <DropTargetBankState.UP: 'up'>, 'down': 1}
2026-04-24 11:48:47,410 : INFO : EventManager : Event: ======'machine_var_audits_switches_s_drop_m'====== Args={'value': 30, 'prev_value': 29, 'change': 1}
2026-04-24 11:48:47,411 : INFO : EventManager : Event: ======'player_shot_r_drop_m_misc'====== Args={'value': 1, 'prev_value': 0, 'change': 1, 'player_num': 1}
2026-04-24 11:48:47,413 : INFO : EventManager : Event: ======'machine_var_audits_shots_r_drop_m_misc'====== Args={'value': 8, 'prev_value': 7, 'change': 1}
2026-04-24 11:48:47,413 : INFO : EventManager : Event: ======'r_drop_m_misc_hit'====== Args={'profile': 'sp_drop_misc', 'state': 'drop_lit', 'advancing': True}
2026-04-24 11:48:47,418 : INFO : EventManager : Event: ======'r_drop_m_misc_sp_drop_misc_hit'====== Args={'profile': 'sp_drop_misc', 'state': 'drop_lit', 'advancing': True}
2026-04-24 11:48:47,420 : INFO : EventManager : Event: ======'r_drop_m_misc_sp_drop_misc_drop_lit_hit'====== Args={'profile': 'sp_drop_misc', 'state': 'drop_lit', 'advancing': True}
2026-04-24 11:48:47,420 : INFO : EventManager : Event: ======'r_drop_m_misc_drop_lit_hit'====== Args={'profile': 'sp_drop_misc', 'state': 'drop_lit', 'advancing': True}
2026-04-24 11:48:47,420 : INFO : EventManager : Event: ======'sg_drops_misc_hit'====== Args={'shot': 'r_drop_m_misc'}
2026-04-24 11:48:47,420 : INFO : EventManager : Event: ======'sg_drops_misc_drop_lit_hit'====== Args={'shot': 'r_drop_m_misc'}
2026-04-24 11:48:47,523 : INFO : SwitchController : <<<<<<< 's_drop_m' inactive >>>>>>>
2026-04-24 11:48:47,523 : INFO : EventManager : Event: ======'playfield_active'====== Args={'source': 'mid'}
2026-04-24 11:48:47,523 : INFO : EventManager : Event: ======'unexpected_ball_on_playfield'====== Args={}
2026-04-24 11:48:47,523 : INFO : EventManager : Event: ======'drop_target_mid_up'====== Args={'device': <drop_target.mid>}
2026-04-24 11:48:47,524 : INFO : EventManager : Event: ======'drop_target_bank_dt_bank_up'====== Args={}
2026-04-24 11:48:50,440 : INFO : SwitchController : <<<<<<< 's_drop_r' active >>>>>>>
2026-04-24 11:48:50,440 : INFO : EventManager : Event: ======'playfield_active'====== Args={'source': 'r_drop_r_misc'}
2026-04-24 11:48:50,440 : INFO : EventManager : Event: ======'unexpected_ball_on_playfield'====== Args={}
2026-04-24 11:48:50,440 : INFO : EventManager : Event: ======'s_drop_r_active'====== Args={}
2026-04-24 11:48:50,441 : INFO : EventManager : Event: ======'playfield_active'====== Args={'source': 'right'}
2026-04-24 11:48:50,441 : INFO : EventManager : Event: ======'unexpected_ball_on_playfield'====== Args={}
2026-04-24 11:48:50,441 : INFO : EventManager : Event: ======'drop_target_right_down'====== Args={'device': <drop_target.right>}
2026-04-24 11:48:50,441 : INFO : EventManager : Event: ======'drop_target_bank_dt_bank_mixed'====== Args={'prev_value': <DropTargetBankState.UP: 'up'>, 'down': 1}
2026-04-24 11:48:50,441 : INFO : EventManager : Event: ======'machine_var_audits_switches_s_drop_r'====== Args={'value': 15, 'prev_value': 14, 'change': 1}
2026-04-24 11:48:50,442 : INFO : EventManager : Event: ======'player_shot_r_drop_r_misc'====== Args={'value': 1, 'prev_value': 0, 'change': 1, 'player_num': 1}
2026-04-24 11:48:50,442 : INFO : EventManager : Event: ======'machine_var_audits_shots_r_drop_r_misc'====== Args={'value': 8, 'prev_value': 7, 'change': 1}
2026-04-24 11:48:50,443 : INFO : EventManager : Event: ======'r_drop_r_misc_hit'====== Args={'profile': 'sp_drop_misc', 'state': 'drop_lit', 'advancing': True}
2026-04-24 11:48:50,443 : INFO : EventManager : Event: ======'r_drop_r_misc_sp_drop_misc_hit'====== Args={'profile': 'sp_drop_misc', 'state': 'drop_lit', 'advancing': True}
2026-04-24 11:48:50,443 : INFO : EventManager : Event: ======'r_drop_r_misc_sp_drop_misc_drop_lit_hit'====== Args={'profile': 'sp_drop_misc', 'state': 'drop_lit', 'advancing': True}
2026-04-24 11:48:50,443 : INFO : EventManager : Event: ======'r_drop_r_misc_drop_lit_hit'====== Args={'profile': 'sp_drop_misc', 'state': 'drop_lit', 'advancing': True}
2026-04-24 11:48:50,443 : INFO : EventManager : Event: ======'sg_drops_misc_complete'====== Args={'state': 'drop_hit'}
2026-04-24 11:48:50,443 : INFO : EventManager : Event: ======'sg_drops_misc_drop_hit_complete'====== Args={}
2026-04-24 11:48:50,444 : INFO : EventManager : Event: ======'enable_drop_behind_misc'====== Args={'priority': 0}
2026-04-24 11:48:50,444 : INFO : EventManager : Event: ======'player_shot_r_drop_behind_misc_enabled'====== Args={'value': True, 'prev_value': False, 'change': 1, 'player_num': 1}
2026-04-24 11:48:50,445 : INFO : EventManager : Event: ======'sg_drops_misc_hit'====== Args={'shot': 'r_drop_r_misc'}
2026-04-24 11:48:50,445 : INFO : EventManager : Event: ======'sg_drops_misc_drop_lit_hit'====== Args={'shot': 'r_drop_r_misc'}
2026-04-24 11:48:50,530 : INFO : SwitchController : <<<<<<< 's_drop_r' inactive >>>>>>>
2026-04-24 11:48:50,530 : INFO : EventManager : Event: ======'playfield_active'====== Args={'source': 'right'}
2026-04-24 11:48:50,530 : INFO : EventManager : Event: ======'unexpected_ball_on_playfield'====== Args={}
2026-04-24 11:48:50,530 : INFO : EventManager : Event: ======'drop_target_right_up'====== Args={'device': <drop_target.right>}
2026-04-24 11:48:50,530 : INFO : EventManager : Event: ======'drop_target_bank_dt_bank_up'====== Args={}
2026-04-24 11:48:58,769 : INFO : EventManager : Event: ======'balldevice_bd_trough_ball_eject_failed'====== Args={'target': <ball_device.bd_autolauncher>, 'balls': 1, 'retry': True, 'num_attempts': 2}
2026-04-24 11:48:58,774 : WARNING : ball_device.bd_trough : Path to <ball_device.bd_autolauncher> canceled. Assuming the ball jumped to <playfield.playfield>.
2026-04-24 11:48:58,774 : INFO : EventManager : Event: ======'balldevice_playfield_ball_enter'====== Args={'new_balls': 1, 'unclaimed_balls': 1, 'device': <playfield.playfield>}
2026-04-24 11:48:58,775 : INFO : EventManager : Event: ======'playfield_ball_count_change'====== Args={'balls': 1, 'change': 1}
2026-04-24 11:48:58,775 : INFO : ball_device.bd_trough : 1 ball(s) missing from device. Mechanical eject? False
2026-04-24 11:48:58,776 : INFO : EventManager : Event: ======'balldevice_bd_trough_ball_missing'====== Args={'balls': 1}
2026-04-24 11:48:58,776 : INFO : ball_device.bd_autolauncher : State: idle
2026-04-24 11:48:58,777 : INFO : EventManager : Event: ======'balldevice_ball_missing'====== Args={'balls': 1, 'name': 'bd_trough'}
2026-04-24 11:48:58,778 : INFO : EventManager : Event: ======'balldevice_bd_trough_ball_count_changed'====== Args={'balls': 0}
2026-04-24 11:48:58,778 : INFO : ball_device.bd_trough : State: idle
2026-04-24 11:49:28,792 : INFO : SwitchController : <<<<<<< 's_kicker_orbit' active >>>>>>>
2026-04-24 11:49:28,793 : INFO : EventManager : Event: ======'s_kicker_orbit_active'====== Args={}
2026-04-24 11:49:28,794 : INFO : EventManager : Event: ======'machine_var_audits_switches_s_kicker_orbit'====== Args={'value': 178, 'prev_value': 177, 'change': 1}
2026-04-24 11:49:28,796 : INFO : EventManager : Event: ======'player_shot_r_drop_behind_misc'====== Args={'value': 1, 'prev_value': 0, 'change': 1, 'player_num': 1}
2026-04-24 11:49:28,803 : INFO : EventManager : Event: ======'machine_var_audits_shots_r_drop_behind_misc'====== Args={'value': 8, 'prev_value': 7, 'change': 1}
2026-04-24 11:49:28,804 : INFO : EventManager : Event: ======'r_drop_behind_misc_hit'====== Args={'profile': 'sp_drop_behind_misc', 'state': 'drop_behind_unlit', 'advancing': True}
2026-04-24 11:49:28,804 : INFO : EventManager : Event: ======'r_drop_behind_misc_sp_drop_behind_misc_hit'====== Args={'profile': 'sp_drop_behind_misc', 'state': 'drop_behind_unlit', 'advancing': True}
2026-04-24 11:49:28,805 : INFO : EventManager : Event: ======'r_drop_behind_misc_sp_drop_behind_misc_drop_behind_unlit_hit'====== Args={'profile': 'sp_drop_behind_misc', 'state': 'drop_behind_unlit', 'advancing': True}
2026-04-24 11:49:28,805 : INFO : EventManager : Event: ======'r_drop_behind_misc_drop_behind_unlit_hit'====== Args={'profile': 'sp_drop_behind_misc', 'state': 'drop_behind_unlit', 'advancing': True}
2026-04-24 11:49:28,805 : INFO : EventManager : Event: ======'player_shot_r_drop_behind_misc_enabled'====== Args={'value': False, 'prev_value': True, 'change': -1, 'player_num': 1}
2026-04-24 11:49:28,905 : INFO : SwitchController : <<<<<<< 's_kicker_orbit' inactive >>>>>>>
2026-04-24 11:49:30,973 : INFO : SwitchController : <<<<<<< 's_kicker_orbit' active >>>>>>>
2026-04-24 11:49:30,974 : INFO : EventManager : Event: ======'machine_var_audits_switches_s_kicker_orbit'====== Args={'value': 179, 'prev_value': 178, 'change': 1}
2026-04-24 11:49:31,088 : INFO : SwitchController : <<<<<<< 's_kicker_orbit' inactive >>>>>>>
2026-04-24 11:49:31,290 : INFO : SwitchController : <<<<<<< 's_kicker_orbit' active >>>>>>>
2026-04-24 11:49:31,290 : INFO : EventManager : Event: ======'machine_var_audits_switches_s_kicker_orbit'====== Args={'value': 180, 'prev_value': 179, 'change': 1}
2026-04-24 11:49:31,355 : INFO : SwitchController : <<<<<<< 's_kicker_orbit' inactive >>>>>>>
2026-04-24 11:49:31,906 : INFO : SwitchController : <<<<<<< 's_drop_l' active >>>>>>>
2026-04-24 11:49:31,907 : INFO : EventManager : Event: ======'s_drop_l_active'====== Args={}
2026-04-24 11:49:31,908 : INFO : EventManager : Event: ======'drop_target_left_down'====== Args={'device': <drop_target.left>}
2026-04-24 11:49:31,909 : INFO : EventManager : Event: ======'drop_target_bank_dt_bank_mixed'====== Args={'prev_value': <DropTargetBankState.UP: 'up'>, 'down': 1}
2026-04-24 11:49:31,910 : INFO : EventManager : Event: ======'machine_var_audits_switches_s_drop_l'====== Args={'value': 16, 'prev_value': 15, 'change': 1}
2026-04-24 11:49:31,910 : INFO : EventManager : Event: ======'machine_var_audits_shots_r_drop_l_misc'====== Args={'value': 8, 'prev_value': 7, 'change': 1}
2026-04-24 11:49:31,912 : INFO : EventManager : Event: ======'r_drop_l_misc_hit'====== Args={'profile': 'sp_drop_misc', 'state': 'drop_hit', 'advancing': False}
2026-04-24 11:49:31,912 : INFO : EventManager : Event: ======'r_drop_l_misc_sp_drop_misc_hit'====== Args={'profile': 'sp_drop_misc', 'state': 'drop_hit', 'advancing': False}
2026-04-24 11:49:31,912 : INFO : EventManager : Event: ======'r_drop_l_misc_sp_drop_misc_drop_hit_hit'====== Args={'profile': 'sp_drop_misc', 'state': 'drop_hit', 'advancing': False}
2026-04-24 11:49:31,912 : INFO : EventManager : Event: ======'r_drop_l_misc_drop_hit_hit'====== Args={'profile': 'sp_drop_misc', 'state': 'drop_hit', 'advancing': False}
2026-04-24 11:49:31,912 : INFO : EventManager : Event: ======'sg_drops_misc_hit'====== Args={'shot': 'r_drop_l_misc'}
2026-04-24 11:49:31,912 : INFO : EventManager : Event: ======'sg_drops_misc_drop_hit_hit'====== Args={'shot': 'r_drop_l_misc'}
2026-04-24 11:49:31,975 : INFO : SwitchController : <<<<<<< 's_drop_l' inactive >>>>>>>
2026-04-24 11:49:31,975 : INFO : EventManager : Event: ======'drop_target_left_up'====== Args={'device': <drop_target.left>}
2026-04-24 11:49:31,975 : INFO : EventManager : Event: ======'drop_target_bank_dt_bank_up'====== Args={}
2026-04-24 11:49:32,361 : INFO : SwitchController : <<<<<<< 's_drop_r' active >>>>>>>
2026-04-24 11:49:32,361 : INFO : EventManager : Event: ======'s_drop_r_active'====== Args={}
2026-04-24 11:49:32,361 : INFO : EventManager : Event: ======'drop_target_right_down'====== Args={'device': <drop_target.right>}
2026-04-24 11:49:32,362 : INFO : EventManager : Event: ======'drop_target_bank_dt_bank_mixed'====== Args={'prev_value': <DropTargetBankState.UP: 'up'>, 'down': 1}
2026-04-24 11:49:32,362 : INFO : EventManager : Event: ======'machine_var_audits_switches_s_drop_r'====== Args={'value': 16, 'prev_value': 15, 'change': 1}
2026-04-24 11:49:32,363 : INFO : EventManager : Event: ======'machine_var_audits_shots_r_drop_r_misc'====== Args={'value': 9, 'prev_value': 8, 'change': 1}
2026-04-24 11:49:32,363 : INFO : EventManager : Event: ======'r_drop_r_misc_hit'====== Args={'profile': 'sp_drop_misc', 'state': 'drop_hit', 'advancing': False}
2026-04-24 11:49:32,363 : INFO : EventManager : Event: ======'r_drop_r_misc_sp_drop_misc_hit'====== Args={'profile': 'sp_drop_misc', 'state': 'drop_hit', 'advancing': False}
2026-04-24 11:49:32,364 : INFO : EventManager : Event: ======'r_drop_r_misc_sp_drop_misc_drop_hit_hit'====== Args={'profile': 'sp_drop_misc', 'state': 'drop_hit', 'advancing': False}
2026-04-24 11:49:32,364 : INFO : EventManager : Event: ======'r_drop_r_misc_drop_hit_hit'====== Args={'profile': 'sp_drop_misc', 'state': 'drop_hit', 'advancing': False}
2026-04-24 11:49:32,364 : INFO : EventManager : Event: ======'sg_drops_misc_hit'====== Args={'shot': 'r_drop_r_misc'}
2026-04-24 11:49:32,364 : INFO : EventManager : Event: ======'sg_drops_misc_drop_hit_hit'====== Args={'shot': 'r_drop_r_misc'}
2026-04-24 11:49:32,457 : INFO : SwitchController : <<<<<<< 's_drop_r' inactive >>>>>>>
2026-04-24 11:49:32,457 : INFO : EventManager : Event: ======'drop_target_right_up'====== Args={'device': <drop_target.right>}
2026-04-24 11:49:32,457 : INFO : EventManager : Event: ======'drop_target_bank_dt_bank_up'====== Args={}
2026-04-24 11:49:33,307 : INFO : SwitchController : <<<<<<< 's_drop_r' active >>>>>>>
2026-04-24 11:49:33,307 : INFO : EventManager : Event: ======'s_drop_r_active'====== Args={}
2026-04-24 11:49:33,308 : INFO : EventManager : Event: ======'drop_target_right_down'====== Args={'device': <drop_target.right>}
2026-04-24 11:49:33,309 : INFO : EventManager : Event: ======'drop_target_bank_dt_bank_mixed'====== Args={'prev_value': <DropTargetBankState.UP: 'up'>, 'down': 1}
2026-04-24 11:49:33,309 : INFO : EventManager : Event: ======'machine_var_audits_switches_s_drop_r'====== Args={'value': 17, 'prev_value': 16, 'change': 1}
2026-04-24 11:49:33,310 : INFO : EventManager : Event: ======'machine_var_audits_shots_r_drop_r_misc'====== Args={'value': 10, 'prev_value': 9, 'change': 1}
2026-04-24 11:49:33,311 : INFO : EventManager : Event: ======'r_drop_r_misc_hit'====== Args={'profile': 'sp_drop_misc', 'state': 'drop_hit', 'advancing': False}
2026-04-24 11:49:33,311 : INFO : EventManager : Event: ======'r_drop_r_misc_sp_drop_misc_hit'====== Args={'profile': 'sp_drop_misc', 'state': 'drop_hit', 'advancing': False}
2026-04-24 11:49:33,312 : INFO : EventManager : Event: ======'r_drop_r_misc_sp_drop_misc_drop_hit_hit'====== Args={'profile': 'sp_drop_misc', 'state': 'drop_hit', 'advancing': False}
2026-04-24 11:49:33,312 : INFO : EventManager : Event: ======'r_drop_r_misc_drop_hit_hit'====== Args={'profile': 'sp_drop_misc', 'state': 'drop_hit', 'advancing': False}
2026-04-24 11:49:33,312 : INFO : EventManager : Event: ======'sg_drops_misc_hit'====== Args={'shot': 'r_drop_r_misc'}
2026-04-24 11:49:33,312 : INFO : EventManager : Event: ======'sg_drops_misc_drop_hit_hit'====== Args={'shot': 'r_drop_r_misc'}
2026-04-24 11:49:33,424 : INFO : SwitchController : <<<<<<< 's_drop_r' inactive >>>>>>>
2026-04-24 11:49:33,424 : INFO : EventManager : Event: ======'drop_target_right_up'====== Args={'device': <drop_target.right>}
2026-04-24 11:49:33,424 : INFO : EventManager : Event: ======'drop_target_bank_dt_bank_up'====== Args={}
2026-04-24 11:49:34,306 : INFO : SwitchController : <<<<<<< 's_kicker_orbit' active >>>>>>>
2026-04-24 11:49:34,307 : INFO : EventManager : Event: ======'machine_var_audits_switches_s_kicker_orbit'====== Args={'value': 181, 'prev_value': 180, 'change': 1}
2026-04-24 11:49:34,425 : INFO : SwitchController : <<<<<<< 's_kicker_orbit' inactive >>>>>>>
2026-04-24 11:50:38,118 : INFO : SwitchController : <<<<<<< 's_trough_3' active >>>>>>>
2026-04-24 11:50:38,119 : INFO : EventManager : Event: ======'machine_var_audits_switches_s_trough_3'====== Args={'value': 62, 'prev_value': 61, 'change': 1}
2026-04-24 11:50:38,618 : INFO : EventManager : Event: ======'balldevice_bd_trough_ball_count_changed'====== Args={'balls': 1}
2026-04-24 11:50:38,619 : INFO : ball_device.bd_trough : Received unexpected ball
2026-04-24 11:50:38,619 : INFO : EventManager : Event: ======'balldevice_captured_from_playfield'====== Args={'balls': 1}
2026-04-24 11:50:38,621 : INFO : EventManager : Event: ======'sw_playfield_active'====== Args={'balls': 1}
2026-04-24 11:50:38,622 : INFO : EventManager : Event: ======'playfield_ball_count_change'====== Args={'balls': 0, 'change': -1}
2026-04-24 11:50:38,623 : INFO : EventManager : Event: ======'balldevice_bd_trough_ball_enter'====== Args={'new_balls': 1, 'unclaimed_balls': 1, 'new_available_balls': 1, 'device': <ball_device.bd_trough>}
2026-04-24 11:50:38,623 : INFO : EventManager : Event: ======'ball_drain'====== Args={'device': <ball_device.bd_trough>, 'balls': 1}
2026-04-24 11:50:38,624 : INFO : EventManager : Event: ======'ball_will_end'====== Args={}
2026-04-24 11:50:38,624 : INFO : EventManager : Event: ======'balldevice_balls_available'====== Args={}
2026-04-24 11:50:38,625 : INFO : EventManager : Event: ======'balldevice_bd_trough_ball_entered'====== Args={'new_balls': 1, 'device': <ball_device.bd_trough>}
2026-04-24 11:50:38,626 : INFO : EventManager : Event: ======'ball_ending'====== Args={}
2026-04-24 11:50:38,627 : INFO : EventManager : Event: ======'mode_diverter_activation_will_stop'====== Args={}
2026-04-24 11:50:38,627 : INFO : EventManager : Event: ======'mode_diverter_activation_stopping'====== Args={}
2026-04-24 11:50:38,627 : INFO : EventManager : Event: ======'mode_misc_drop_bank_will_stop'====== Args={}
2026-04-24 11:50:38,627 : INFO : EventManager : Event: ======'mode_misc_drop_bank_stopping'====== Args={}
2026-04-24 11:50:38,628 : INFO : EventManager : Event: ======'mode_base_will_stop'====== Args={}
2026-04-24 11:50:38,628 : INFO : EventManager : Event: ======'mode_base_stopping'====== Args={}
2026-04-24 11:50:38,628 : INFO : Mode.base : Stopped.
2026-04-24 11:50:38,628 : INFO : EventManager : Event: ======'modes_active_modes_changed'====== Args={}
2026-04-24 11:50:38,629 : INFO : EventManager : Event: ======'mode_base_stopped'====== Args={}
2026-04-24 11:50:38,630 : INFO : EventManager : Event: ======'clear'====== Args={'key': 'base'}
2026-04-24 11:50:38,631 : INFO : Mode.misc_drop_bank : Stopped.
2026-04-24 11:50:38,631 : INFO : EventManager : Event: ======'modes_active_modes_changed'====== Args={}
2026-04-24 11:50:38,631 : INFO : EventManager : Event: ======'mode_misc_drop_bank_stopped'====== Args={}
2026-04-24 11:50:38,631 : INFO : EventManager : Event: ======'clear'====== Args={'key': 'misc_drop_bank'}
2026-04-24 11:50:38,632 : INFO : Mode.diverter_activation : Stopped.
2026-04-24 11:50:38,632 : INFO : EventManager : Event: ======'modes_active_modes_changed'====== Args={}
2026-04-24 11:50:38,632 : INFO : EventManager : Event: ======'mode_diverter_activation_stopped'====== Args={}
2026-04-24 11:50:38,632 : INFO : EventManager : Event: ======'clear'====== Args={'key': 'diverter_activation'}
2026-04-24 11:50:38,633 : INFO : EventManager : Event: ======'ball_ended'====== Args={}
2026-04-24 11:50:38,635 : INFO : EventManager : Event: ======'diverter_d_middle_diverter_disabling'====== Args={'auto': False}
2026-04-24 11:50:38,635 : INFO : EventManager : Event: ======'player_turn_will_end'====== Args={'player': <Player 1>, 'number': 1}
2026-04-24 11:50:38,637 : INFO : EventManager : Event: ======'player_turn_ending'====== Args={'player': <Player 1>, 'number': 1}
2026-04-24 11:50:38,637 : INFO : EventManager : Event: ======'player_turn_ended'====== Args={'player': <Player 1>, 'number': 1}
2026-04-24 11:50:38,637 : INFO : EventManager : Event: ======'player_turn_will_start'====== Args={'player': <Player 1>, 'number': 1}
2026-04-24 11:50:38,638 : INFO : EventManager : Event: ======'player_turn_starting'====== Args={'player': <Player 1>, 'number': 1}
2026-04-24 11:50:38,638 : INFO : EventManager : Event: ======'player_ball'====== Args={'value': 2, 'prev_value': 1, 'change': 1, 'player_num': 1}
2026-04-24 11:50:38,638 : INFO : EventManager : Event: ======'player_turn_started'====== Args={'player': <Player 1>, 'number': 1}
2026-04-24 11:50:38,639 : INFO : EventManager : Event: ======'ball_will_start'====== Args={'player': 1, 'ball': 2, 'balls_remaining': 1, 'is_extra_ball': False}
2026-04-24 11:50:38,639 : INFO : EventManager : Event: ======'ball_starting'====== Args={'player': 1, 'ball': 2, 'balls_remaining': 1, 'is_extra_ball': False}
2026-04-24 11:50:38,639 : INFO : EventManager : Event: ======'mode_diverter_activation_will_start'====== Args={'queue': <QueuedEvent>, 'player': 1, 'ball': 2, 'balls_remaining': 1, 'is_extra_ball': False}
2026-04-24 11:50:38,640 : INFO : EventManager : Event: ======'mode_diverter_activation_starting'====== Args={'queue': <QueuedEvent>, 'player': 1, 'ball': 2, 'balls_remaining': 1, 'is_extra_ball': False}
2026-04-24 11:50:38,640 : INFO : EventManager : Event: ======'mode_base_will_start'====== Args={'queue': <QueuedEvent>, 'player': 1, 'ball': 2, 'balls_remaining': 1, 'is_extra_ball': False}
2026-04-24 11:50:38,641 : INFO : EventManager : Event: ======'mode_base_starting'====== Args={'queue': <QueuedEvent>, 'player': 1, 'ball': 2, 'balls_remaining': 1, 'is_extra_ball': False}
2026-04-24 11:50:38,641 : INFO : EventManager : Event: ======'mode_misc_drop_bank_will_start'====== Args={'queue': <QueuedEvent>, 'player': 1, 'ball': 2, 'balls_remaining': 1, 'is_extra_ball': False}
2026-04-24 11:50:38,642 : INFO : EventManager : Event: ======'mode_misc_drop_bank_starting'====== Args={'queue': <QueuedEvent>, 'player': 1, 'ball': 2, 'balls_remaining': 1, 'is_extra_ball': False}
2026-04-24 11:50:38,642 : INFO : Mode.misc_drop_bank : Started. Priority: 100
2026-04-24 11:50:38,642 : INFO : EventManager : Event: ======'modes_active_modes_changed'====== Args={}
2026-04-24 11:50:38,642 : INFO : EventManager : Event: ======'mode_misc_drop_bank_started'====== Args={'queue': <QueuedEvent>, 'player': 1, 'ball': 2, 'balls_remaining': 1, 'is_extra_ball': False}
2026-04-24 11:50:38,642 : INFO : Mode.base : Started. Priority: 100
2026-04-24 11:50:38,642 : INFO : EventManager : Event: ======'modes_active_modes_changed'====== Args={}
2026-04-24 11:50:38,643 : INFO : EventManager : Event: ======'mode_base_started'====== Args={'queue': <QueuedEvent>, 'player': 1, 'ball': 2, 'balls_remaining': 1, 'is_extra_ball': False}
2026-04-24 11:50:38,643 : INFO : Mode.diverter_activation : Started. Priority: 101
2026-04-24 11:50:38,643 : INFO : EventManager : Event: ======'modes_active_modes_changed'====== Args={}
2026-04-24 11:50:38,643 : INFO : EventManager : Event: ======'mode_diverter_activation_started'====== Args={'queue': <QueuedEvent>, 'player': 1, 'ball': 2, 'balls_remaining': 1, 'is_extra_ball': False}
2026-04-24 11:50:38,643 : INFO : EventManager : Event: ======'balls_in_play'====== Args={'balls': 1}
2026-04-24 11:50:38,643 : INFO : EventManager : Event: ======'ball_started'====== Args={'player': 1, 'ball': 2, 'balls_remaining': 1, 'is_extra_ball': False}
2026-04-24 11:50:38,649 : INFO : EventManager : Event: ======'diverter_d_middle_diverter_enabling'====== Args={'auto': False}
2026-04-24 11:50:38,649 : INFO : EventManager : Event: ======'single_player_ball_started'====== Args={}
2026-04-24 11:50:38,650 : INFO : EventManager : Event: ======'ball_start_target'====== Args={'target': 'playfield'}
2026-04-24 11:50:38,650 : INFO : ball_device.bd_autolauncher : Setting up player-controlled eject. Balls: 1, Target: <playfield.playfield>, player_controlled_eject_event: sw_launch
2026-04-24 11:50:38,650 : INFO : EventManager : Event: ======'balldevice_balls_available'====== Args={}
2026-04-24 11:50:38,650 : INFO : ball_device.bd_trough : State: waiting_for_target_ready
2026-04-24 11:50:38,650 : INFO : EventManager : Event: ======'balldevice_bd_trough_ball_eject_attempt'====== Args={'balls': 1, 'target': <ball_device.bd_autolauncher>, 'source': <ball_device.bd_trough>, 'mechanical_eject': True, 'num_attempts': 0}
2026-04-24 11:50:38,651 : INFO : ball_device.bd_autolauncher : State: waiting_for_ball
2026-04-24 11:50:38,651 : INFO : ball_device.bd_trough : State: ejecting
2026-04-24 11:50:38,651 : INFO : ball_device.bd_trough : Ejecting ball to <ball_device.bd_autolauncher>
2026-04-24 11:50:38,651 : INFO : EventManager : Event: ======'balldevice_bd_trough_ejecting_ball'====== Args={'balls': 1, 'target': <ball_device.bd_autolauncher>, 'source': <ball_device.bd_trough>, 'mechanical_eject': True, 'num_attempts': 0}
2026-04-24 11:50:38,651 : INFO : ball_device.bd_trough : Wait for ball to leave device
2026-04-24 11:50:38,651 : INFO : coil.c_trough : Pulsing Driver for 12ms (1.0 pulse_power)
2026-04-24 11:50:39,652 : INFO : EventManager : Event: ======'balldevice_bd_trough_ball_eject_failed'====== Args={'target': <ball_device.bd_autolauncher>, 'balls': 1, 'retry': True, 'num_attempts': 1}
2026-04-24 11:50:39,654 : INFO : ball_device.bd_trough : State: waiting_for_target_ready
2026-04-24 11:50:39,654 : INFO : EventManager : Event: ======'balldevice_bd_trough_ball_eject_attempt'====== Args={'balls': 1, 'target': <ball_device.bd_autolauncher>, 'source': <ball_device.bd_trough>, 'mechanical_eject': True, 'num_attempts': 1}
2026-04-24 11:50:39,655 : INFO : ball_device.bd_trough : State: ejecting
2026-04-24 11:50:39,655 : INFO : ball_device.bd_trough : Ejecting ball to <ball_device.bd_autolauncher>
2026-04-24 11:50:39,655 : INFO : EventManager : Event: ======'balldevice_bd_trough_ejecting_ball'====== Args={'balls': 1, 'target': <ball_device.bd_autolauncher>, 'source': <ball_device.bd_trough>, 'mechanical_eject': True, 'num_attempts': 1}
2026-04-24 11:50:39,656 : INFO : ball_device.bd_trough : Wait for ball to leave device
2026-04-24 11:50:39,656 : INFO : coil.c_trough : Pulsing Driver for 12ms (1.0 pulse_power)
2026-04-24 11:50:40,657 : INFO : EventManager : Event: ======'balldevice_bd_trough_ball_eject_failed'====== Args={'target': <ball_device.bd_autolauncher>, 'balls': 1, 'retry': True, 'num_attempts': 2}
2026-04-24 11:50:40,658 : INFO : ball_device.bd_trough : State: waiting_for_target_ready
2026-04-24 11:50:40,658 : INFO : EventManager : Event: ======'balldevice_bd_trough_ball_eject_attempt'====== Args={'balls': 1, 'target': <ball_device.bd_autolauncher>, 'source': <ball_device.bd_trough>, 'mechanical_eject': True, 'num_attempts': 2}
2026-04-24 11:50:40,659 : INFO : ball_device.bd_trough : State: ejecting
2026-04-24 11:50:40,659 : INFO : ball_device.bd_trough : Ejecting ball to <ball_device.bd_autolauncher>
2026-04-24 11:50:40,659 : INFO : EventManager : Event: ======'balldevice_bd_trough_ejecting_ball'====== Args={'balls': 1, 'target': <ball_device.bd_autolauncher>, 'source': <ball_device.bd_trough>, 'mechanical_eject': True, 'num_attempts': 2}
2026-04-24 11:50:40,660 : INFO : ball_device.bd_trough : Wait for ball to leave device
2026-04-24 11:50:40,661 : INFO : coil.c_trough : Pulsing Driver for 12ms (1.0 pulse_power)
2026-04-24 11:50:41,662 : INFO : EventManager : Event: ======'balldevice_bd_trough_ball_eject_failed'====== Args={'target': <ball_device.bd_autolauncher>, 'balls': 1, 'retry': True, 'num_attempts': 3}
2026-04-24 11:50:41,664 : INFO : ball_device.bd_trough : State: waiting_for_target_ready
2026-04-24 11:50:41,665 : INFO : EventManager : Event: ======'balldevice_bd_trough_ball_eject_attempt'====== Args={'balls': 1, 'target': <ball_device.bd_autolauncher>, 'source': <ball_device.bd_trough>, 'mechanical_eject': True, 'num_attempts': 3}
2026-04-24 11:50:41,665 : INFO : ball_device.bd_trough : State: ejecting
2026-04-24 11:50:41,665 : INFO : ball_device.bd_trough : Ejecting ball to <ball_device.bd_autolauncher>
2026-04-24 11:50:41,665 : INFO : EventManager : Event: ======'balldevice_bd_trough_ejecting_ball'====== Args={'balls': 1, 'target': <ball_device.bd_autolauncher>, 'source': <ball_device.bd_trough>, 'mechanical_eject': True, 'num_attempts': 3}
2026-04-24 11:50:41,666 : INFO : ball_device.bd_trough : Wait for ball to leave device
2026-04-24 11:50:41,666 : INFO : coil.c_trough : Pulsing Driver for 12ms (1.0 pulse_power)
2026-04-24 11:50:42,668 : INFO : EventManager : Event: ======'balldevice_bd_trough_ball_eject_failed'====== Args={'target': <ball_device.bd_autolauncher>, 'balls': 1, 'retry': True, 'num_attempts': 4}
2026-04-24 11:50:42,669 : INFO : ball_device.bd_trough : State: waiting_for_target_ready
2026-04-24 11:50:42,669 : INFO : EventManager : Event: ======'balldevice_bd_trough_ball_eject_attempt'====== Args={'balls': 1, 'target': <ball_device.bd_autolauncher>, 'source': <ball_device.bd_trough>, 'mechanical_eject': True, 'num_attempts': 4}
2026-04-24 11:50:42,669 : INFO : ball_device.bd_trough : State: ejecting
2026-04-24 11:50:42,669 : INFO : ball_device.bd_trough : Ejecting ball to <ball_device.bd_autolauncher>
2026-04-24 11:50:42,670 : INFO : EventManager : Event: ======'balldevice_bd_trough_ejecting_ball'====== Args={'balls': 1, 'target': <ball_device.bd_autolauncher>, 'source': <ball_device.bd_trough>, 'mechanical_eject': True, 'num_attempts': 4}
2026-04-24 11:50:42,670 : INFO : ball_device.bd_trough : Wait for ball to leave device
2026-04-24 11:50:42,671 : INFO : coil.c_trough : Pulsing Driver for 12ms (1.0 pulse_power)
2026-04-24 11:50:43,227 : INFO : SwitchController : <<<<<<< 's_launch' active >>>>>>>
2026-04-24 11:50:43,227 : INFO : EventManager : Event: ======'machine_var_audits_switches_s_launch'====== Args={'value': 126, 'prev_value': 125, 'change': 1}
2026-04-24 11:50:43,338 : INFO : SwitchController : <<<<<<< 's_launch' inactive >>>>>>>
2026-04-24 11:50:43,672 : INFO : EventManager : Event: ======'balldevice_bd_trough_ball_eject_failed'====== Args={'target': <ball_device.bd_autolauncher>, 'balls': 1, 'retry': True, 'num_attempts': 5}
2026-04-24 11:50:43,673 : INFO : ball_device.bd_trough : State: waiting_for_target_ready
2026-04-24 11:50:43,674 : INFO : EventManager : Event: ======'balldevice_bd_trough_ball_eject_attempt'====== Args={'balls': 1, 'target': <ball_device.bd_autolauncher>, 'source': <ball_device.bd_trough>, 'mechanical_eject': True, 'num_attempts': 5}
2026-04-24 11:50:43,674 : INFO : ball_device.bd_trough : State: ejecting
2026-04-24 11:50:43,675 : INFO : ball_device.bd_trough : Ejecting ball to <ball_device.bd_autolauncher>
2026-04-24 11:50:43,675 : INFO : EventManager : Event: ======'balldevice_bd_trough_ejecting_ball'====== Args={'balls': 1, 'target': <ball_device.bd_autolauncher>, 'source': <ball_device.bd_trough>, 'mechanical_eject': True, 'num_attempts': 5}
2026-04-24 11:50:43,675 : INFO : ball_device.bd_trough : Wait for ball to leave device
2026-04-24 11:50:43,676 : INFO : coil.c_trough : Pulsing Driver for 12ms (1.0 pulse_power)
2026-04-24 11:50:44,142 : INFO : SwitchController : <<<<<<< 's_trough_3' inactive >>>>>>>
2026-04-24 11:50:44,143 : INFO : ball_device.bd_trough : State: ball_left
2026-04-24 11:50:44,144 : INFO : ball_device.bd_trough : Ball left
2026-04-24 11:50:44,144 : INFO : ball_device.bd_trough : Wait for confirm with timeout 1.0
2026-04-24 11:50:45,145 : INFO : ball_device.bd_trough : State: failed_confirm
2026-04-24 11:50:45,145 : INFO : ball_device.bd_trough : Got timeout (1.0s) before confirm from <ball_device.bd_autolauncher>
2026-04-24 11:50:46,040 : INFO : SwitchController : <<<<<<< 's_launch' active >>>>>>>
2026-04-24 11:50:46,040 : INFO : EventManager : Event: ======'machine_var_audits_switches_s_launch'====== Args={'value': 127, 'prev_value': 126, 'change': 1}
2026-04-24 11:50:46,188 : INFO : SwitchController : <<<<<<< 's_launch' inactive >>>>>>>
2026-04-24 11:50:50,328 : INFO : SwitchController : <<<<<<< 's_trough_3' active >>>>>>>
2026-04-24 11:50:50,328 : INFO : EventManager : Event: ======'machine_var_audits_switches_s_trough_3'====== Args={'value': 63, 'prev_value': 62, 'change': 1}
2026-04-24 11:50:50,423 : INFO : SwitchController : <<<<<<< 's_trough_3' inactive >>>>>>>
2026-04-24 11:50:53,190 : INFO : SwitchController : <<<<<<< 's_launch' active >>>>>>>
2026-04-24 11:50:53,190 : INFO : EventManager : Event: ======'machine_var_audits_switches_s_launch'====== Args={'value': 128, 'prev_value': 127, 'change': 1}
2026-04-24 11:50:53,305 : INFO : SwitchController : <<<<<<< 's_launch' inactive >>>>>>>
2026-04-24 11:50:54,608 : INFO : SwitchController : <<<<<<< 's_drop_r' active >>>>>>>
2026-04-24 11:50:54,608 : INFO : EventManager : Event: ======'playfield_active'====== Args={'source': 'r_drop_r_misc'}
2026-04-24 11:50:54,608 : INFO : EventManager : Event: ======'unexpected_ball_on_playfield'====== Args={}
2026-04-24 11:50:54,609 : INFO : EventManager : Event: ======'s_drop_r_active'====== Args={}
2026-04-24 11:50:54,609 : INFO : EventManager : Event: ======'playfield_active'====== Args={'source': 'right'}
2026-04-24 11:50:54,609 : INFO : EventManager : Event: ======'unexpected_ball_on_playfield'====== Args={}
2026-04-24 11:50:54,610 : INFO : EventManager : Event: ======'drop_target_right_down'====== Args={'device': <drop_target.right>}
2026-04-24 11:50:54,611 : INFO : EventManager : Event: ======'drop_target_bank_dt_bank_mixed'====== Args={'prev_value': <DropTargetBankState.UP: 'up'>, 'down': 1}
2026-04-24 11:50:54,611 : INFO : EventManager : Event: ======'machine_var_audits_switches_s_drop_r'====== Args={'value': 18, 'prev_value': 17, 'change': 1}
2026-04-24 11:50:54,612 : INFO : EventManager : Event: ======'machine_var_audits_shots_r_drop_r_misc'====== Args={'value': 11, 'prev_value': 10, 'change': 1}
2026-04-24 11:50:54,612 : INFO : EventManager : Event: ======'r_drop_r_misc_hit'====== Args={'profile': 'sp_drop_misc', 'state': 'drop_hit', 'advancing': False}
2026-04-24 11:50:54,612 : INFO : EventManager : Event: ======'r_drop_r_misc_sp_drop_misc_hit'====== Args={'profile': 'sp_drop_misc', 'state': 'drop_hit', 'advancing': False}
2026-04-24 11:50:54,612 : INFO : EventManager : Event: ======'r_drop_r_misc_sp_drop_misc_drop_hit_hit'====== Args={'profile': 'sp_drop_misc', 'state': 'drop_hit', 'advancing': False}
2026-04-24 11:50:54,619 : INFO : EventManager : Event: ======'r_drop_r_misc_drop_hit_hit'====== Args={'profile': 'sp_drop_misc', 'state': 'drop_hit', 'advancing': False}
2026-04-24 11:50:54,619 : INFO : EventManager : Event: ======'sg_drops_misc_hit'====== Args={'shot': 'r_drop_r_misc'}
2026-04-24 11:50:54,619 : INFO : EventManager : Event: ======'sg_drops_misc_drop_hit_hit'====== Args={'shot': 'r_drop_r_misc'}
2026-04-24 11:50:54,675 : INFO : SwitchController : <<<<<<< 's_drop_r' inactive >>>>>>>
2026-04-24 11:50:54,676 : INFO : EventManager : Event: ======'playfield_active'====== Args={'source': 'right'}
2026-04-24 11:50:54,676 : INFO : EventManager : Event: ======'unexpected_ball_on_playfield'====== Args={}
2026-04-24 11:50:54,676 : INFO : EventManager : Event: ======'drop_target_right_up'====== Args={'device': <drop_target.right>}
2026-04-24 11:50:54,676 : INFO : EventManager : Event: ======'drop_target_bank_dt_bank_up'====== Args={}
2026-04-24 11:50:55,040 : INFO : SwitchController : <<<<<<< 's_drop_m' active >>>>>>>
2026-04-24 11:50:55,040 : INFO : EventManager : Event: ======'playfield_active'====== Args={'source': 'r_drop_m_misc'}
2026-04-24 11:50:55,040 : INFO : EventManager : Event: ======'unexpected_ball_on_playfield'====== Args={}
2026-04-24 11:50:55,041 : INFO : EventManager : Event: ======'s_drop_m_active'====== Args={}
2026-04-24 11:50:55,041 : INFO : EventManager : Event: ======'playfield_active'====== Args={'source': 'mid'}
2026-04-24 11:50:55,041 : INFO : EventManager : Event: ======'unexpected_ball_on_playfield'====== Args={}
2026-04-24 11:50:55,041 : INFO : EventManager : Event: ======'drop_target_mid_down'====== Args={'device': <drop_target.mid>}
2026-04-24 11:50:55,042 : INFO : EventManager : Event: ======'drop_target_bank_dt_bank_mixed'====== Args={'prev_value': <DropTargetBankState.UP: 'up'>, 'down': 1}
2026-04-24 11:50:55,043 : INFO : EventManager : Event: ======'machine_var_audits_switches_s_drop_m'====== Args={'value': 31, 'prev_value': 30, 'change': 1}
2026-04-24 11:50:55,043 : INFO : EventManager : Event: ======'machine_var_audits_shots_r_drop_m_misc'====== Args={'value': 9, 'prev_value': 8, 'change': 1}
2026-04-24 11:50:55,044 : INFO : EventManager : Event: ======'r_drop_m_misc_hit'====== Args={'profile': 'sp_drop_misc', 'state': 'drop_hit', 'advancing': False}
2026-04-24 11:50:55,044 : INFO : EventManager : Event: ======'r_drop_m_misc_sp_drop_misc_hit'====== Args={'profile': 'sp_drop_misc', 'state': 'drop_hit', 'advancing': False}
2026-04-24 11:50:55,044 : INFO : EventManager : Event: ======'r_drop_m_misc_sp_drop_misc_drop_hit_hit'====== Args={'profile': 'sp_drop_misc', 'state': 'drop_hit', 'advancing': False}
2026-04-24 11:50:55,045 : INFO : EventManager : Event: ======'r_drop_m_misc_drop_hit_hit'====== Args={'profile': 'sp_drop_misc', 'state': 'drop_hit', 'advancing': False}
2026-04-24 11:50:55,045 : INFO : EventManager : Event: ======'sg_drops_misc_hit'====== Args={'shot': 'r_drop_m_misc'}
2026-04-24 11:50:55,045 : INFO : EventManager : Event: ======'sg_drops_misc_drop_hit_hit'====== Args={'shot': 'r_drop_m_misc'}
2026-04-24 11:50:55,142 : INFO : SwitchController : <<<<<<< 's_drop_m' inactive >>>>>>>
2026-04-24 11:50:55,142 : INFO : EventManager : Event: ======'playfield_active'====== Args={'source': 'mid'}
2026-04-24 11:50:55,142 : INFO : EventManager : Event: ======'unexpected_ball_on_playfield'====== Args={}
2026-04-24 11:50:55,142 : INFO : EventManager : Event: ======'drop_target_mid_up'====== Args={'device': <drop_target.mid>}
2026-04-24 11:50:55,143 : INFO : EventManager : Event: ======'drop_target_bank_dt_bank_up'====== Args={}
2026-04-24 11:50:55,423 : INFO : SwitchController : <<<<<<< 's_drop_l' active >>>>>>>
2026-04-24 11:50:55,423 : INFO : EventManager : Event: ======'playfield_active'====== Args={'source': 'r_drop_l_misc'}
2026-04-24 11:50:55,423 : INFO : EventManager : Event: ======'unexpected_ball_on_playfield'====== Args={}
2026-04-24 11:50:55,424 : INFO : EventManager : Event: ======'s_drop_l_active'====== Args={}
2026-04-24 11:50:55,424 : INFO : EventManager : Event: ======'playfield_active'====== Args={'source': 'left'}
2026-04-24 11:50:55,424 : INFO : EventManager : Event: ======'unexpected_ball_on_playfield'====== Args={}
2026-04-24 11:50:55,425 : INFO : EventManager : Event: ======'drop_target_left_down'====== Args={'device': <drop_target.left>}
2026-04-24 11:50:55,425 : INFO : EventManager : Event: ======'drop_target_bank_dt_bank_mixed'====== Args={'prev_value': <DropTargetBankState.UP: 'up'>, 'down': 1}
2026-04-24 11:50:55,425 : INFO : EventManager : Event: ======'machine_var_audits_switches_s_drop_l'====== Args={'value': 17, 'prev_value': 16, 'change': 1}
2026-04-24 11:50:55,426 : INFO : EventManager : Event: ======'machine_var_audits_shots_r_drop_l_misc'====== Args={'value': 9, 'prev_value': 8, 'change': 1}
2026-04-24 11:50:55,426 : INFO : EventManager : Event: ======'r_drop_l_misc_hit'====== Args={'profile': 'sp_drop_misc', 'state': 'drop_hit', 'advancing': False}
2026-04-24 11:50:55,427 : INFO : EventManager : Event: ======'r_drop_l_misc_sp_drop_misc_hit'====== Args={'profile': 'sp_drop_misc', 'state': 'drop_hit', 'advancing': False}
2026-04-24 11:50:55,427 : INFO : EventManager : Event: ======'r_drop_l_misc_sp_drop_misc_drop_hit_hit'====== Args={'profile': 'sp_drop_misc', 'state': 'drop_hit', 'advancing': False}
2026-04-24 11:50:55,427 : INFO : EventManager : Event: ======'r_drop_l_misc_drop_hit_hit'====== Args={'profile': 'sp_drop_misc', 'state': 'drop_hit', 'advancing': False}
2026-04-24 11:50:55,427 : INFO : EventManager : Event: ======'sg_drops_misc_hit'====== Args={'shot': 'r_drop_l_misc'}
2026-04-24 11:50:55,427 : INFO : EventManager : Event: ======'sg_drops_misc_drop_hit_hit'====== Args={'shot': 'r_drop_l_misc'}
2026-04-24 11:50:55,555 : INFO : SwitchController : <<<<<<< 's_drop_l' inactive >>>>>>>
2026-04-24 11:50:55,555 : INFO : EventManager : Event: ======'playfield_active'====== Args={'source': 'left'}
2026-04-24 11:50:55,555 : INFO : EventManager : Event: ======'unexpected_ball_on_playfield'====== Args={}
2026-04-24 11:50:55,555 : INFO : EventManager : Event: ======'drop_target_left_up'====== Args={'device': <drop_target.left>}
2026-04-24 11:50:55,555 : INFO : EventManager : Event: ======'drop_target_bank_dt_bank_up'====== Args={}
2026-04-24 11:50:57,373 : INFO : SwitchController : <<<<<<< 's_kicker_orbit' active >>>>>>>
2026-04-24 11:50:57,373 : INFO : EventManager : Event: ======'playfield_active'====== Args={'source': 'r_drop_behind_misc'}
2026-04-24 11:50:57,374 : INFO : EventManager : Event: ======'unexpected_ball_on_playfield'====== Args={}
2026-04-24 11:50:57,374 : INFO : EventManager : Event: ======'machine_var_audits_switches_s_kicker_orbit'====== Args={'value': 182, 'prev_value': 181, 'change': 1}
2026-04-24 11:50:57,460 : INFO : SwitchController : <<<<<<< 's_kicker_orbit' inactive >>>>>>>
2026-04-24 11:51:00,831 : INFO : Machine : Shutting down...
2026-04-24 11:51:00,831 : INFO : EventManager : Event: ======'shutdown'====== Args={}
2026-04-24 11:51:00,839 : INFO : EventManager : Event: ======'mode_game_will_stop'====== Args={}
2026-04-24 11:51:00,839 : INFO : EventManager : Event: ======'mode_game_stopping'====== Args={}
2026-04-24 11:51:00,839 : INFO : EventManager : Event: ======'mode_base_will_stop'====== Args={}
2026-04-24 11:51:00,839 : INFO : EventManager : Event: ======'mode_base_stopping'====== Args={}
2026-04-24 11:51:00,839 : INFO : EventManager : Event: ======'mode_diverter_activation_will_stop'====== Args={}
2026-04-24 11:51:00,839 : INFO : EventManager : Event: ======'mode_diverter_activation_stopping'====== Args={}
2026-04-24 11:51:00,839 : INFO : EventManager : Event: ======'mode_misc_drop_bank_will_stop'====== Args={}
2026-04-24 11:51:00,839 : INFO : EventManager : Event: ======'mode_misc_drop_bank_stopping'====== Args={}
2026-04-24 11:51:00,839 : INFO : Mode.misc_drop_bank : Stopped.
2026-04-24 11:51:00,839 : INFO : EventManager : Event: ======'modes_active_modes_changed'====== Args={}
2026-04-24 11:51:00,840 : INFO : EventManager : Event: ======'mode_misc_drop_bank_stopped'====== Args={}
2026-04-24 11:51:00,840 : INFO : EventManager : Event: ======'clear'====== Args={'key': 'misc_drop_bank'}
2026-04-24 11:51:00,840 : INFO : Mode.diverter_activation : Stopped.
2026-04-24 11:51:00,840 : INFO : EventManager : Event: ======'modes_active_modes_changed'====== Args={}
2026-04-24 11:51:00,840 : INFO : EventManager : Event: ======'mode_diverter_activation_stopped'====== Args={}
2026-04-24 11:51:00,840 : INFO : EventManager : Event: ======'clear'====== Args={'key': 'diverter_activation'}
2026-04-24 11:51:00,840 : INFO : Mode.base : Stopped.
2026-04-24 11:51:00,840 : INFO : EventManager : Event: ======'modes_active_modes_changed'====== Args={}
2026-04-24 11:51:00,840 : INFO : EventManager : Event: ======'mode_base_stopped'====== Args={}
2026-04-24 11:51:00,840 : INFO : EventManager : Event: ======'clear'====== Args={'key': 'base'}
2026-04-24 11:51:00,841 : INFO : Mode.game : Stopped.
2026-04-24 11:51:00,841 : INFO : EventManager : Event: ======'modes_active_modes_changed'====== Args={}
2026-04-24 11:51:00,841 : INFO : EventManager : Event: ======'mode_game_stopped'====== Args={}
2026-04-24 11:51:00,841 : INFO : EventManager : Event: ======'clear'====== Args={'key': 'game'}
2026-04-24 11:51:00,842 : INFO : root : MPF run loop ended.
