2026-04-24 11:47:33,955 : INFO : root : Loading config.
2026-04-24 11:47:33,957 : INFO : YamlMultifileConfigLoader : Machine config file #1: config.yaml
2026-04-24 11:47:33,957 : INFO : ConfigProcessor : Loading config from cache: /var/folders/l2/q8hj_6s91xnb2jxg1sqm0h7r0000gn/T/9d21ea9a81fcfc5941f8ed75c4a080eb.mpf_cache
2026-04-24 11:47:33,986 : INFO : ConfigProcessor : Loading config from cache: /var/folders/l2/q8hj_6s91xnb2jxg1sqm0h7r0000gn/T/43115b802accf167344a214047a50cd4.mpf_cache
2026-04-24 11:47:33,987 : INFO : ConfigProcessor : Loading config from cache: /var/folders/l2/q8hj_6s91xnb2jxg1sqm0h7r0000gn/T/bd1387dfa7de7ffc5bacad015019c743.mpf_cache
2026-04-24 11:47:33,987 : INFO : ConfigProcessor : Loading config from cache: /var/folders/l2/q8hj_6s91xnb2jxg1sqm0h7r0000gn/T/d126ded0bd5e51d3c29826a335e85340.mpf_cache
2026-04-24 11:47:33,988 : INFO : ConfigProcessor : Loading config from cache: /var/folders/l2/q8hj_6s91xnb2jxg1sqm0h7r0000gn/T/43115b802accf167344a214047a50cd4.mpf_cache
2026-04-24 11:47:33,988 : INFO : ConfigProcessor : Loading config from cache: /var/folders/l2/q8hj_6s91xnb2jxg1sqm0h7r0000gn/T/fb286bdec51e83b76c44a07e18af10e7.mpf_cache
2026-04-24 11:47:33,988 : WARNING : ConfigProcessor : Config file in cache changed: /Users/tannerpetch/Documents/GitHub/trashland_3/modes/misc_drop_bank/config/misc_drop_bank.yaml
2026-04-24 11:47:33,988 : INFO : ConfigProcessor : Loading config from file /Users/tannerpetch/Documents/GitHub/trashland_3/modes/misc_drop_bank/config/misc_drop_bank.yaml.
2026-04-24 11:47:33,989 : INFO : ConfigProcessor : Loading config: /Users/tannerpetch/Documents/GitHub/trashland_3/modes/misc_drop_bank/config/misc_drop_bank.yaml
2026-04-24 11:47:33,989 : INFO : ConfigProcessor : Config file cache created: /var/folders/l2/q8hj_6s91xnb2jxg1sqm0h7r0000gn/T/4a0392f72066fff3dac8952634b7a9cd.mpf_cache
2026-04-24 11:47:33,990 : INFO : ConfigProcessor : Loading config from cache: /var/folders/l2/q8hj_6s91xnb2jxg1sqm0h7r0000gn/T/a4506495691bdf3563a8fd11a9d79f10.mpf_cache
2026-04-24 11:47:33,990 : INFO : ConfigProcessor : Loading config from cache: /var/folders/l2/q8hj_6s91xnb2jxg1sqm0h7r0000gn/T/7e62a906c63d3b7efc85393a80e94c06.mpf_cache
2026-04-24 11:47:33,991 : INFO : ConfigProcessor : Loading config from cache: /var/folders/l2/q8hj_6s91xnb2jxg1sqm0h7r0000gn/T/ca66b8f571437747b2f2875349d15af7.mpf_cache
2026-04-24 11:47:33,991 : INFO : Machine : Mission Pinball Framework Core Engine v0.80.0.dev14
2026-04-24 11:47:33,991 : INFO : Machine : Command line arguments: {'no_load_cache': False, 'create_config_cache': True, 'bcp': False, 'configfile': ['config.yaml'], 'force_assets_load': False, 'platform_integration_test': False, 'jsonlogging': False, 'logfile': 'logs/2026-04-24-11-47-33-mpf-Tanners-Laptop.localdomain.log', 'pause': False, 'production': False, 'text_ui': True, 'loglevel': 15, 'consoleloglevel': 20, 'force_platform': 'virtual', 'syslog_address': None, 'full_logfile_path': '/Users/tannerpetch/Documents/GitHub/trashland_3/logs/2026-04-24-11-47-33-mpf-Tanners-Laptop.localdomain.log'}
2026-04-24 11:47:33,991 : INFO : Machine : MPF path: /Library/Frameworks/Python.framework/Versions/3.11/lib/python3.11/site-packages/mpf
2026-04-24 11:47:33,991 : INFO : Machine : Machine path: /Users/tannerpetch/Documents/GitHub/trashland_3
2026-04-24 11:47:33,991 : INFO : Machine : Platform: darwin
2026-04-24 11:47:33,991 : INFO : Machine : Python executable location: /Library/Frameworks/Python.framework/Versions/3.11/bin/python3.11
2026-04-24 11:47:33,991 : INFO : Machine : Python version: 3.11.9 (64-bit)
2026-04-24 11:47:33,991 : INFO : Machine : Initializing MPF...
2026-04-24 11:47:34,018 : INFO : EventManager : Event: ======'machine_var_credits_string'====== Args={'value': 'FREE PLAY', 'prev_value': None, 'change': True}
2026-04-24 11:47:34,024 : INFO : EventManager : Event: ======'machine_var_master_volume'====== Args={'value': 0.5, 'prev_value': None, 'change': True}
2026-04-24 11:47:34,024 : INFO : EventManager : Event: ======'machine_var_player1_score'====== Args={'value': 310, 'prev_value': None, 'change': True}
2026-04-24 11:47:34,024 : INFO : EventManager : Event: ======'machine_var_mpf_version'====== Args={'value': 'Mission Pinball Framework v0.80.0.dev14', 'prev_value': None, 'change': True}
2026-04-24 11:47:34,024 : INFO : EventManager : Event: ======'machine_var_mpf_extended_version'====== Args={'value': 'Mission Pinball Framework v0.80.0.dev14, Config version:6, Show version: 6, BCP version:1.1', 'prev_value': None, 'change': True}
2026-04-24 11:47:34,024 : INFO : EventManager : Event: ======'machine_var_python_version'====== Args={'value': '3.11.9', 'prev_value': None, 'change': True}
2026-04-24 11:47:34,032 : INFO : EventManager : Event: ======'machine_var_platform'====== Args={'value': 'macOS-14.3-arm64-arm-64bit', 'prev_value': None, 'change': True}
2026-04-24 11:47:34,032 : INFO : EventManager : Event: ======'machine_var_platform_system'====== Args={'value': 'Darwin', 'prev_value': None, 'change': True}
2026-04-24 11:47:34,032 : INFO : EventManager : Event: ======'machine_var_platform_release'====== Args={'value': '23.3.0', 'prev_value': None, 'change': True}
2026-04-24 11:47:34,032 : INFO : EventManager : Event: ======'machine_var_platform_version'====== Args={'value': 'Darwin Kernel Version 23.3.0: Thu Dec 21 02:29:41 PST 2023; root:xnu-10002.81.5~11/RELEASE_ARM64_T8122', 'prev_value': None, 'change': True}
2026-04-24 11:47:34,032 : INFO : EventManager : Event: ======'machine_var_platform_machine'====== Args={'value': 'arm64', 'prev_value': None, 'change': True}
2026-04-24 11:47:34,032 : INFO : EventManager : Event: ======'machine_var_log_file_path'====== Args={'value': '/Users/tannerpetch/Documents/GitHub/trashland_3/logs/2026-04-24-11-47-33-mpf-Tanners-Laptop.localdomain.log', 'prev_value': None, 'change': True}
2026-04-24 11:47:34,032 : INFO : EventManager : Event: ======'init_phase_1'====== Args={}
2026-04-24 11:47:34,055 : INFO : EventManager : Event: ======'drop_target_bank_dt_single_up'====== Args={}
2026-04-24 11:47:34,055 : INFO : EventManager : Event: ======'drop_target_bank_dt_bank_up'====== Args={}
2026-04-24 11:47:34,055 : INFO : EventManager : Event: ======'init_phase_2'====== Args={}
2026-04-24 11:47:34,057 : INFO : ball_device.bd_scoop : BCH: Initial count: 0
2026-04-24 11:47:34,057 : INFO : ball_device.bd_scoop : State: idle
2026-04-24 11:47:34,057 : INFO : ball_device.bd_trough : BCH: Initial count: 0
2026-04-24 11:47:34,057 : INFO : ball_device.bd_trough : State: idle
2026-04-24 11:47:34,057 : INFO : ball_device.bd_autolauncher : BCH: Initial count: 0
2026-04-24 11:47:34,057 : INFO : ball_device.bd_autolauncher : State: idle
2026-04-24 11:47:34,057 : INFO : ball_device.bd_kicker_orbit : BCH: Initial count: 0
2026-04-24 11:47:34,057 : INFO : ball_device.bd_kicker_orbit : State: idle
2026-04-24 11:47:34,057 : INFO : ball_device.bd_lower_vuk : BCH: Initial count: 0
2026-04-24 11:47:34,058 : INFO : ball_device.bd_lower_vuk : State: idle
2026-04-24 11:47:34,058 : INFO : ball_device.bd_vuk_back : BCH: Initial count: 0
2026-04-24 11:47:34,058 : INFO : ball_device.bd_vuk_back : State: idle
2026-04-24 11:47:34,058 : INFO : ball_device.bd_vuk_upper : BCH: Initial count: 0
2026-04-24 11:47:34,058 : INFO : ball_device.bd_vuk_upper : State: idle
2026-04-24 11:47:34,058 : INFO : ball_device.bd_b_lock : BCH: Initial count: 0
2026-04-24 11:47:34,058 : INFO : ball_device.bd_b_lock : State: idle
2026-04-24 11:47:34,062 : INFO : EventManager : Event: ======'init_phase_3'====== Args={}
2026-04-24 11:47:34,064 : INFO : EventManager : Event: ======'init_phase_4'====== Args={}
2026-04-24 11:47:34,064 : INFO : BallController : Initial balls found: 0
2026-04-24 11:47:34,064 : INFO : EventManager : Event: ======'machine_var_audits_events_game_ended'====== Args={'value': 10, 'prev_value': None, 'change': True}
2026-04-24 11:47:34,064 : INFO : EventManager : Event: ======'machine_var_audits_events_game_started'====== Args={'value': 39, 'prev_value': None, 'change': True}
2026-04-24 11:47:34,064 : INFO : EventManager : Event: ======'machine_var_audits_missing_switches_s_autolauncher'====== Args={'value': 4, 'prev_value': None, 'change': True}
2026-04-24 11:47:34,064 : INFO : EventManager : Event: ======'machine_var_audits_missing_switches_s_b_eos'====== Args={'value': 4, 'prev_value': None, 'change': True}
2026-04-24 11:47:34,064 : INFO : EventManager : Event: ======'machine_var_audits_missing_switches_s_b_pop'====== Args={'value': 4, 'prev_value': None, 'change': True}
2026-04-24 11:47:34,064 : INFO : EventManager : Event: ======'machine_var_audits_missing_switches_s_b_rollover_interchange'====== Args={'value': 6, 'prev_value': None, 'change': True}
2026-04-24 11:47:34,064 : INFO : EventManager : Event: ======'machine_var_audits_missing_switches_s_b_rollover_loop'====== Args={'value': 5, 'prev_value': None, 'change': True}
2026-04-24 11:47:34,064 : INFO : EventManager : Event: ======'machine_var_audits_missing_switches_s_b_rollover_misc'====== Args={'value': 6, 'prev_value': None, 'change': True}
2026-04-24 11:47:34,064 : INFO : EventManager : Event: ======'machine_var_audits_missing_switches_s_b_target_left'====== Args={'value': 6, 'prev_value': None, 'change': True}
2026-04-24 11:47:34,064 : INFO : EventManager : Event: ======'machine_var_audits_missing_switches_s_b_target_right'====== Args={'value': 6, 'prev_value': None, 'change': True}
2026-04-24 11:47:34,064 : INFO : EventManager : Event: ======'machine_var_audits_missing_switches_s_bot'====== Args={'value': 6, 'prev_value': None, 'change': True}
2026-04-24 11:47:34,064 : INFO : EventManager : Event: ======'machine_var_audits_missing_switches_s_bot_mid'====== Args={'value': 4, 'prev_value': None, 'change': True}
2026-04-24 11:47:34,064 : INFO : EventManager : Event: ======'machine_var_audits_missing_switches_s_captive_l'====== Args={'value': 6, 'prev_value': None, 'change': True}
2026-04-24 11:47:34,064 : INFO : EventManager : Event: ======'machine_var_audits_missing_switches_s_captive_r'====== Args={'value': 6, 'prev_value': None, 'change': True}
2026-04-24 11:47:34,064 : INFO : EventManager : Event: ======'machine_var_audits_missing_switches_s_drop_single'====== Args={'value': 4, 'prev_value': None, 'change': True}
2026-04-24 11:47:34,064 : INFO : EventManager : Event: ======'machine_var_audits_missing_switches_s_flipper_but_l_1'====== Args={'value': 4, 'prev_value': None, 'change': True}
2026-04-24 11:47:34,064 : INFO : EventManager : Event: ======'machine_var_audits_missing_switches_s_flipper_but_l_2'====== Args={'value': 4, 'prev_value': None, 'change': True}
2026-04-24 11:47:34,064 : INFO : EventManager : Event: ======'machine_var_audits_missing_switches_s_flipper_but_r_1'====== Args={'value': 4, 'prev_value': None, 'change': True}
2026-04-24 11:47:34,064 : INFO : EventManager : Event: ======'machine_var_audits_missing_switches_s_flipper_but_r_2'====== Args={'value': 4, 'prev_value': None, 'change': True}
2026-04-24 11:47:34,065 : INFO : EventManager : Event: ======'machine_var_audits_missing_switches_s_flipper_l'====== Args={'value': 4, 'prev_value': None, 'change': True}
2026-04-24 11:47:34,065 : INFO : EventManager : Event: ======'machine_var_audits_missing_switches_s_flipper_r'====== Args={'value': 4, 'prev_value': None, 'change': True}
2026-04-24 11:47:34,065 : INFO : EventManager : Event: ======'machine_var_audits_missing_switches_s_flipper_upper_l'====== Args={'value': 4, 'prev_value': None, 'change': True}
2026-04-24 11:47:34,065 : INFO : EventManager : Event: ======'machine_var_audits_missing_switches_s_inlane_l'====== Args={'value': 37, 'prev_value': None, 'change': True}
2026-04-24 11:47:34,065 : INFO : EventManager : Event: ======'machine_var_audits_missing_switches_s_inlane_r'====== Args={'value': 4, 'prev_value': None, 'change': True}
2026-04-24 11:47:34,065 : INFO : EventManager : Event: ======'machine_var_audits_missing_switches_s_kicker_orbit'====== Args={'value': 2, 'prev_value': None, 'change': True}
2026-04-24 11:47:34,065 : INFO : EventManager : Event: ======'machine_var_audits_missing_switches_s_kicking_target'====== Args={'value': 4, 'prev_value': None, 'change': True}
2026-04-24 11:47:34,065 : INFO : EventManager : Event: ======'machine_var_audits_missing_switches_s_lock_1'====== Args={'value': 10, 'prev_value': None, 'change': True}
2026-04-24 11:47:34,065 : INFO : EventManager : Event: ======'machine_var_audits_missing_switches_s_lock_2'====== Args={'value': 4, 'prev_value': None, 'change': True}
2026-04-24 11:47:34,065 : INFO : EventManager : Event: ======'machine_var_audits_missing_switches_s_lock_3'====== Args={'value': 4, 'prev_value': None, 'change': True}
2026-04-24 11:47:34,065 : INFO : EventManager : Event: ======'machine_var_audits_missing_switches_s_lower_orbit'====== Args={'value': 6, 'prev_value': None, 'change': True}
2026-04-24 11:47:34,065 : INFO : EventManager : Event: ======'machine_var_audits_missing_switches_s_lower_single'====== Args={'value': 6, 'prev_value': None, 'change': True}
2026-04-24 11:47:34,065 : INFO : EventManager : Event: ======'machine_var_audits_missing_switches_s_lower_sling'====== Args={'value': 4, 'prev_value': None, 'change': True}
2026-04-24 11:47:34,065 : INFO : EventManager : Event: ======'machine_var_audits_missing_switches_s_lower_transfer'====== Args={'value': 6, 'prev_value': None, 'change': True}
2026-04-24 11:47:34,065 : INFO : EventManager : Event: ======'machine_var_audits_missing_switches_s_lower_vuk'====== Args={'value': 4, 'prev_value': None, 'change': True}
2026-04-24 11:47:34,065 : INFO : EventManager : Event: ======'machine_var_audits_missing_switches_s_middle_scoop'====== Args={'value': 4, 'prev_value': None, 'change': True}
2026-04-24 11:47:34,065 : INFO : EventManager : Event: ======'machine_var_audits_missing_switches_s_orbit_small_l'====== Args={'value': 4, 'prev_value': None, 'change': True}
2026-04-24 11:47:34,065 : INFO : EventManager : Event: ======'machine_var_audits_missing_switches_s_orbit_small_r'====== Args={'value': 6, 'prev_value': None, 'change': True}
2026-04-24 11:47:34,065 : INFO : EventManager : Event: ======'machine_var_audits_missing_switches_s_outlane_l'====== Args={'value': 39, 'prev_value': None, 'change': True}
2026-04-24 11:47:34,065 : INFO : EventManager : Event: ======'machine_var_audits_missing_switches_s_outlane_r'====== Args={'value': 39, 'prev_value': None, 'change': True}
2026-04-24 11:47:34,065 : INFO : EventManager : Event: ======'machine_var_audits_missing_switches_s_pop'====== Args={'value': 4, 'prev_value': None, 'change': True}
2026-04-24 11:47:34,065 : INFO : EventManager : Event: ======'machine_var_audits_missing_switches_s_scissor_save'====== Args={'value': 6, 'prev_value': None, 'change': True}
2026-04-24 11:47:34,065 : INFO : EventManager : Event: ======'machine_var_audits_missing_switches_s_sling_l'====== Args={'value': 4, 'prev_value': None, 'change': True}
2026-04-24 11:47:34,065 : INFO : EventManager : Event: ======'machine_var_audits_missing_switches_s_start'====== Args={'value': 6, 'prev_value': None, 'change': True}
2026-04-24 11:47:34,065 : INFO : EventManager : Event: ======'machine_var_audits_missing_switches_s_stationary_l'====== Args={'value': 4, 'prev_value': None, 'change': True}
2026-04-24 11:47:34,065 : INFO : EventManager : Event: ======'machine_var_audits_missing_switches_s_stationary_m'====== Args={'value': 4, 'prev_value': None, 'change': True}
2026-04-24 11:47:34,065 : INFO : EventManager : Event: ======'machine_var_audits_missing_switches_s_stationary_r'====== Args={'value': 4, 'prev_value': None, 'change': True}
2026-04-24 11:47:34,065 : INFO : EventManager : Event: ======'machine_var_audits_missing_switches_s_subway'====== Args={'value': 4, 'prev_value': None, 'change': True}
2026-04-24 11:47:34,065 : INFO : EventManager : Event: ======'machine_var_audits_missing_switches_s_tilt'====== Args={'value': 6, 'prev_value': None, 'change': True}
2026-04-24 11:47:34,065 : INFO : EventManager : Event: ======'machine_var_audits_missing_switches_s_top'====== Args={'value': 4, 'prev_value': None, 'change': True}
2026-04-24 11:47:34,065 : INFO : EventManager : Event: ======'machine_var_audits_missing_switches_s_top_mid'====== Args={'value': 6, 'prev_value': None, 'change': True}
2026-04-24 11:47:34,065 : INFO : EventManager : Event: ======'machine_var_audits_missing_switches_s_trough_1'====== Args={'value': 4, 'prev_value': None, 'change': True}
2026-04-24 11:47:34,065 : INFO : EventManager : Event: ======'machine_var_audits_missing_switches_s_trough_2'====== Args={'value': 4, 'prev_value': None, 'change': True}
2026-04-24 11:47:34,065 : INFO : EventManager : Event: ======'machine_var_audits_missing_switches_s_trough_3'====== Args={'value': 4, 'prev_value': None, 'change': True}
2026-04-24 11:47:34,065 : INFO : EventManager : Event: ======'machine_var_audits_missing_switches_s_trough_4'====== Args={'value': 4, 'prev_value': None, 'change': True}
2026-04-24 11:47:34,065 : INFO : EventManager : Event: ======'machine_var_audits_missing_switches_s_trough_5'====== Args={'value': 5, 'prev_value': None, 'change': True}
2026-04-24 11:47:34,065 : INFO : EventManager : Event: ======'machine_var_audits_missing_switches_s_trough_6'====== Args={'value': 5, 'prev_value': None, 'change': True}
2026-04-24 11:47:34,065 : INFO : EventManager : Event: ======'machine_var_audits_missing_switches_s_trough_jam'====== Args={'value': 4, 'prev_value': None, 'change': True}
2026-04-24 11:47:34,065 : INFO : EventManager : Event: ======'machine_var_audits_missing_switches_s_u_lane_l'====== Args={'value': 6, 'prev_value': None, 'change': True}
2026-04-24 11:47:34,065 : INFO : EventManager : Event: ======'machine_var_audits_missing_switches_s_u_lane_r'====== Args={'value': 6, 'prev_value': None, 'change': True}
2026-04-24 11:47:34,065 : INFO : EventManager : Event: ======'machine_var_audits_missing_switches_s_u_rollover'====== Args={'value': 6, 'prev_value': None, 'change': True}
2026-04-24 11:47:34,065 : INFO : EventManager : Event: ======'machine_var_audits_missing_switches_s_u_target'====== Args={'value': 6, 'prev_value': None, 'change': True}
2026-04-24 11:47:34,065 : INFO : EventManager : Event: ======'machine_var_audits_missing_switches_s_vuk_back'====== Args={'value': 4, 'prev_value': None, 'change': True}
2026-04-24 11:47:34,065 : INFO : EventManager : Event: ======'machine_var_audits_missing_switches_s_vuk_upper'====== Args={'value': 4, 'prev_value': None, 'change': True}
2026-04-24 11:47:34,065 : INFO : EventManager : Event: ======'machine_var_audits_player_score'====== Args={'value': {'average': 31, 'top': [310, 0, 0, 0, 0, 0, 0, 0, 0, 0], 'total': 10}, 'prev_value': None, 'change': True}
2026-04-24 11:47:34,065 : INFO : EventManager : Event: ======'machine_var_audits_shots_r_drop_behind_misc'====== Args={'value': 7, 'prev_value': None, 'change': True}
2026-04-24 11:47:34,065 : INFO : EventManager : Event: ======'machine_var_audits_shots_r_drop_l_misc'====== Args={'value': 5, 'prev_value': None, 'change': True}
2026-04-24 11:47:34,065 : INFO : EventManager : Event: ======'machine_var_audits_shots_r_drop_m_misc'====== Args={'value': 6, 'prev_value': None, 'change': True}
2026-04-24 11:47:34,065 : INFO : EventManager : Event: ======'machine_var_audits_shots_r_drop_r_misc'====== Args={'value': 6, 'prev_value': None, 'change': True}
2026-04-24 11:47:34,065 : INFO : EventManager : Event: ======'machine_var_audits_shots_r_orbit_small_l_base'====== Args={'value': 2, 'prev_value': None, 'change': True}
2026-04-24 11:47:34,065 : INFO : EventManager : Event: ======'machine_var_audits_shots_r_orbit_small_l_div'====== Args={'value': 2, 'prev_value': None, 'change': True}
2026-04-24 11:47:34,065 : INFO : EventManager : Event: ======'machine_var_audits_shots_r_pop'====== Args={'value': 22, 'prev_value': None, 'change': True}
2026-04-24 11:47:34,065 : INFO : EventManager : Event: ======'machine_var_audits_shots_r_scoop'====== Args={'value': 3, 'prev_value': None, 'change': True}
2026-04-24 11:47:34,065 : INFO : EventManager : Event: ======'machine_var_audits_shots_r_sling_l'====== Args={'value': 3, 'prev_value': None, 'change': True}
2026-04-24 11:47:34,065 : INFO : EventManager : Event: ======'machine_var_audits_shots_r_sling_r'====== Args={'value': 6, 'prev_value': None, 'change': True}
2026-04-24 11:47:34,065 : INFO : EventManager : Event: ======'machine_var_audits_shots_r_stationary_r_div'====== Args={'value': 6, 'prev_value': None, 'change': True}
2026-04-24 11:47:34,065 : INFO : EventManager : Event: ======'machine_var_audits_switches_s_autolauncher'====== Args={'value': 124, 'prev_value': None, 'change': True}
2026-04-24 11:47:34,065 : INFO : EventManager : Event: ======'machine_var_audits_switches_s_b_eos'====== Args={'value': 667, 'prev_value': None, 'change': True}
2026-04-24 11:47:34,066 : INFO : EventManager : Event: ======'machine_var_audits_switches_s_b_pop'====== Args={'value': 133, 'prev_value': None, 'change': True}
2026-04-24 11:47:34,066 : INFO : EventManager : Event: ======'machine_var_audits_switches_s_b_rollover_interchange'====== Args={'value': 1, 'prev_value': None, 'change': True}
2026-04-24 11:47:34,066 : INFO : EventManager : Event: ======'machine_var_audits_switches_s_b_rollover_loop'====== Args={'value': 8, 'prev_value': None, 'change': True}
2026-04-24 11:47:34,066 : INFO : EventManager : Event: ======'machine_var_audits_switches_s_b_rollover_misc'====== Args={'value': 1, 'prev_value': None, 'change': True}
2026-04-24 11:47:34,066 : INFO : EventManager : Event: ======'machine_var_audits_switches_s_b_target_left'====== Args={'value': 1, 'prev_value': None, 'change': True}
2026-04-24 11:47:34,066 : INFO : EventManager : Event: ======'machine_var_audits_switches_s_b_target_right'====== Args={'value': 1, 'prev_value': None, 'change': True}
2026-04-24 11:47:34,066 : INFO : EventManager : Event: ======'machine_var_audits_switches_s_bot'====== Args={'value': 1, 'prev_value': None, 'change': True}
2026-04-24 11:47:34,066 : INFO : EventManager : Event: ======'machine_var_audits_switches_s_bot_mid'====== Args={'value': 6, 'prev_value': None, 'change': True}
2026-04-24 11:47:34,066 : INFO : EventManager : Event: ======'machine_var_audits_switches_s_captive_l'====== Args={'value': 1, 'prev_value': None, 'change': True}
2026-04-24 11:47:34,066 : INFO : EventManager : Event: ======'machine_var_audits_switches_s_captive_r'====== Args={'value': 1, 'prev_value': None, 'change': True}
2026-04-24 11:47:34,066 : INFO : EventManager : Event: ======'machine_var_audits_switches_s_drop_l'====== Args={'value': 13, 'prev_value': None, 'change': True}
2026-04-24 11:47:34,066 : INFO : EventManager : Event: ======'machine_var_audits_switches_s_drop_m'====== Args={'value': 28, 'prev_value': None, 'change': True}
2026-04-24 11:47:34,066 : INFO : EventManager : Event: ======'machine_var_audits_switches_s_drop_r'====== Args={'value': 13, 'prev_value': None, 'change': True}
2026-04-24 11:47:34,066 : INFO : EventManager : Event: ======'machine_var_audits_switches_s_drop_single'====== Args={'value': 21, 'prev_value': None, 'change': True}
2026-04-24 11:47:34,066 : INFO : EventManager : Event: ======'machine_var_audits_switches_s_flipper_but_l_1'====== Args={'value': 440, 'prev_value': None, 'change': True}
2026-04-24 11:47:34,066 : INFO : EventManager : Event: ======'machine_var_audits_switches_s_flipper_but_l_2'====== Args={'value': 416, 'prev_value': None, 'change': True}
2026-04-24 11:47:34,066 : INFO : EventManager : Event: ======'machine_var_audits_switches_s_flipper_but_r_1'====== Args={'value': 792, 'prev_value': None, 'change': True}
2026-04-24 11:47:34,066 : INFO : EventManager : Event: ======'machine_var_audits_switches_s_flipper_but_r_2'====== Args={'value': 783, 'prev_value': None, 'change': True}
2026-04-24 11:47:34,066 : INFO : EventManager : Event: ======'machine_var_audits_switches_s_flipper_l'====== Args={'value': 416, 'prev_value': None, 'change': True}
2026-04-24 11:47:34,066 : INFO : EventManager : Event: ======'machine_var_audits_switches_s_flipper_r'====== Args={'value': 1731, 'prev_value': None, 'change': True}
2026-04-24 11:47:34,066 : INFO : EventManager : Event: ======'machine_var_audits_switches_s_flipper_upper_l'====== Args={'value': 393, 'prev_value': None, 'change': True}
2026-04-24 11:47:34,066 : INFO : EventManager : Event: ======'machine_var_audits_switches_s_inlane_l'====== Args={'value': 1, 'prev_value': None, 'change': True}
2026-04-24 11:47:34,066 : INFO : EventManager : Event: ======'machine_var_audits_switches_s_inlane_r'====== Args={'value': 80, 'prev_value': None, 'change': True}
2026-04-24 11:47:34,066 : INFO : EventManager : Event: ======'machine_var_audits_switches_s_kicker_orbit'====== Args={'value': 177, 'prev_value': None, 'change': True}
2026-04-24 11:47:34,066 : INFO : EventManager : Event: ======'machine_var_audits_switches_s_kicking_target'====== Args={'value': 538, 'prev_value': None, 'change': True}
2026-04-24 11:47:34,066 : INFO : EventManager : Event: ======'machine_var_audits_switches_s_launch'====== Args={'value': 123, 'prev_value': None, 'change': True}
2026-04-24 11:47:34,066 : INFO : EventManager : Event: ======'machine_var_audits_switches_s_lock_1'====== Args={'value': 10, 'prev_value': None, 'change': True}
2026-04-24 11:47:34,066 : INFO : EventManager : Event: ======'machine_var_audits_switches_s_lock_2'====== Args={'value': 5, 'prev_value': None, 'change': True}
2026-04-24 11:47:34,066 : INFO : EventManager : Event: ======'machine_var_audits_switches_s_lock_3'====== Args={'value': 5, 'prev_value': None, 'change': True}
2026-04-24 11:47:34,066 : INFO : EventManager : Event: ======'machine_var_audits_switches_s_lower_orbit'====== Args={'value': 5, 'prev_value': None, 'change': True}
2026-04-24 11:47:34,066 : INFO : EventManager : Event: ======'machine_var_audits_switches_s_lower_single'====== Args={'value': 1, 'prev_value': None, 'change': True}
2026-04-24 11:47:34,066 : INFO : EventManager : Event: ======'machine_var_audits_switches_s_lower_sling'====== Args={'value': 8, 'prev_value': None, 'change': True}
2026-04-24 11:47:34,066 : INFO : EventManager : Event: ======'machine_var_audits_switches_s_lower_transfer'====== Args={'value': 3, 'prev_value': None, 'change': True}
2026-04-24 11:47:34,066 : INFO : EventManager : Event: ======'machine_var_audits_switches_s_lower_vuk'====== Args={'value': 15, 'prev_value': None, 'change': True}
2026-04-24 11:47:34,066 : INFO : EventManager : Event: ======'machine_var_audits_switches_s_middle_scoop'====== Args={'value': 14, 'prev_value': None, 'change': True}
2026-04-24 11:47:34,066 : INFO : EventManager : Event: ======'machine_var_audits_switches_s_orbit_small_l'====== Args={'value': 38, 'prev_value': None, 'change': True}
2026-04-24 11:47:34,066 : INFO : EventManager : Event: ======'machine_var_audits_switches_s_orbit_small_r'====== Args={'value': 195, 'prev_value': None, 'change': True}
2026-04-24 11:47:34,066 : INFO : EventManager : Event: ======'machine_var_audits_switches_s_outlane_l'====== Args={'value': 0, 'prev_value': None, 'change': True}
2026-04-24 11:47:34,066 : INFO : EventManager : Event: ======'machine_var_audits_switches_s_outlane_r'====== Args={'value': 0, 'prev_value': None, 'change': True}
2026-04-24 11:47:34,066 : INFO : EventManager : Event: ======'machine_var_audits_switches_s_pop'====== Args={'value': 99, 'prev_value': None, 'change': True}
2026-04-24 11:47:34,066 : INFO : EventManager : Event: ======'machine_var_audits_switches_s_scissor_save'====== Args={'value': 3, 'prev_value': None, 'change': True}
2026-04-24 11:47:34,066 : INFO : EventManager : Event: ======'machine_var_audits_switches_s_sling_l'====== Args={'value': 19, 'prev_value': None, 'change': True}
2026-04-24 11:47:34,066 : INFO : EventManager : Event: ======'machine_var_audits_switches_s_start'====== Args={'value': 5, 'prev_value': None, 'change': True}
2026-04-24 11:47:34,066 : INFO : EventManager : Event: ======'machine_var_audits_switches_s_stationary_l'====== Args={'value': 111, 'prev_value': None, 'change': True}
2026-04-24 11:47:34,066 : INFO : EventManager : Event: ======'machine_var_audits_switches_s_stationary_m'====== Args={'value': 29, 'prev_value': None, 'change': True}
2026-04-24 11:47:34,066 : INFO : EventManager : Event: ======'machine_var_audits_switches_s_stationary_r'====== Args={'value': 35, 'prev_value': None, 'change': True}
2026-04-24 11:47:34,066 : INFO : EventManager : Event: ======'machine_var_audits_switches_s_subway'====== Args={'value': 168, 'prev_value': None, 'change': True}
2026-04-24 11:47:34,066 : INFO : EventManager : Event: ======'machine_var_audits_switches_s_tilt'====== Args={'value': 1, 'prev_value': None, 'change': True}
2026-04-24 11:47:34,066 : INFO : EventManager : Event: ======'machine_var_audits_switches_s_top'====== Args={'value': 6, 'prev_value': None, 'change': True}
2026-04-24 11:47:34,066 : INFO : EventManager : Event: ======'machine_var_audits_switches_s_top_mid'====== Args={'value': 1, 'prev_value': None, 'change': True}
2026-04-24 11:47:34,066 : INFO : EventManager : Event: ======'machine_var_audits_switches_s_trough_1'====== Args={'value': 101, 'prev_value': None, 'change': True}
2026-04-24 11:47:34,066 : INFO : EventManager : Event: ======'machine_var_audits_switches_s_trough_2'====== Args={'value': 60, 'prev_value': None, 'change': True}
2026-04-24 11:47:34,066 : INFO : EventManager : Event: ======'machine_var_audits_switches_s_trough_3'====== Args={'value': 61, 'prev_value': None, 'change': True}
2026-04-24 11:47:34,067 : INFO : EventManager : Event: ======'machine_var_audits_switches_s_trough_4'====== Args={'value': 141, 'prev_value': None, 'change': True}
2026-04-24 11:47:34,067 : INFO : EventManager : Event: ======'machine_var_audits_switches_s_trough_5'====== Args={'value': 48, 'prev_value': None, 'change': True}
2026-04-24 11:47:34,067 : INFO : EventManager : Event: ======'machine_var_audits_switches_s_trough_6'====== Args={'value': 100, 'prev_value': None, 'change': True}
2026-04-24 11:47:34,067 : INFO : EventManager : Event: ======'machine_var_audits_switches_s_trough_jam'====== Args={'value': 73, 'prev_value': None, 'change': True}
2026-04-24 11:47:34,067 : INFO : EventManager : Event: ======'machine_var_audits_switches_s_u_lane_l'====== Args={'value': 1, 'prev_value': None, 'change': True}
2026-04-24 11:47:34,067 : INFO : EventManager : Event: ======'machine_var_audits_switches_s_u_lane_r'====== Args={'value': 1, 'prev_value': None, 'change': True}
2026-04-24 11:47:34,067 : INFO : EventManager : Event: ======'machine_var_audits_switches_s_u_rollover'====== Args={'value': 1, 'prev_value': None, 'change': True}
2026-04-24 11:47:34,067 : INFO : EventManager : Event: ======'machine_var_audits_switches_s_u_target'====== Args={'value': 1, 'prev_value': None, 'change': True}
2026-04-24 11:47:34,067 : INFO : EventManager : Event: ======'machine_var_audits_switches_s_vuk_back'====== Args={'value': 101, 'prev_value': None, 'change': True}
2026-04-24 11:47:34,067 : INFO : EventManager : Event: ======'machine_var_audits_switches_s_vuk_upper'====== Args={'value': 63, 'prev_value': None, 'change': True}
2026-04-24 11:47:34,067 : INFO : EventManager : Event: ======'init_phase_5'====== Args={}
2026-04-24 11:47:34,068 : INFO : EventManager : Event: ======'init_done'====== Args={}
2026-04-24 11:47:34,068 : INFO : EventManager : Event: ======'machine_reset_phase_1'====== Args={}
2026-04-24 11:47:34,068 : INFO : EventManager : Event: ======'machine_reset_phase_2'====== Args={}
2026-04-24 11:47:34,068 : INFO : EventManager : Event: ======'machine_reset_phase_3'====== Args={}
2026-04-24 11:47:34,068 : INFO : EventManager : Event: ======'diverter_d_middle_diverter_deactivating'====== Args={}
2026-04-24 11:47:34,068 : INFO : coil.c_diverter : Disabling Driver
2026-04-24 11:47:34,068 : INFO : EventManager : Event: ======'reset_complete'====== Args={}
2026-04-24 11:47:34,068 : INFO : EventManager : Event: ======'mode_attract_will_start'====== Args={}
2026-04-24 11:47:34,069 : INFO : EventManager : Event: ======'mode_attract_starting'====== Args={}
2026-04-24 11:47:34,069 : INFO : Mode.attract : Started. Priority: 10
2026-04-24 11:47:34,069 : INFO : EventManager : Event: ======'modes_active_modes_changed'====== Args={}
2026-04-24 11:47:34,069 : INFO : EventManager : Event: ======'mode_attract_started'====== Args={}
2026-04-24 11:47:34,069 : INFO : EventManager : Event: ======'collecting_balls_complete'====== Args={}
2026-04-24 11:47:34,069 : INFO : Machine : Starting the main run loop with active modes: [<Mode.attract>]
2026-04-24 11:47:34,749 : INFO : BcpServer : New client connected.
2026-04-24 11:47:37,257 : INFO : SwitchController : <<<<<<< 's_trough_4' active >>>>>>>
2026-04-24 11:47:37,761 : INFO : EventManager : Event: ======'balldevice_bd_trough_ball_count_changed'====== Args={'balls': 1}
2026-04-24 11:47:37,761 : INFO : ball_device.bd_trough : Received unexpected ball
2026-04-24 11:47:37,761 : INFO : EventManager : Event: ======'balldevice_captured_from_playfield'====== Args={'balls': 1}
2026-04-24 11:47:37,761 : INFO : EventManager : Event: ======'sw_playfield_active'====== Args={'balls': 1}
2026-04-24 11:47:37,761 : INFO : EventManager : Event: ======'playfield_active'====== Args={'source': None}
2026-04-24 11:47:37,761 : INFO : EventManager : Event: ======'unexpected_ball_on_playfield'====== Args={}
2026-04-24 11:47:37,761 : INFO : EventManager : Event: ======'playfield_ball_count_change'====== Args={'balls': -1, 'change': -1}
2026-04-24 11:47:37,762 : INFO : EventManager : Event: ======'balldevice_playfield_ball_enter'====== Args={'new_balls': 1, 'unclaimed_balls': 1, 'device': <playfield.playfield>}
2026-04-24 11:47:37,762 : INFO : EventManager : Event: ======'playfield_ball_count_change'====== Args={'balls': 0, 'change': 1}
2026-04-24 11:47:37,762 : INFO : BallController : Found a new ball which was captured from playfield. Known balls: 1
2026-04-24 11:47:37,762 : INFO : EventManager : Event: ======'found_new_ball'====== Args={}
2026-04-24 11:47:37,762 : INFO : EventManager : Event: ======'balldevice_bd_trough_ball_enter'====== Args={'new_balls': 1, 'unclaimed_balls': 1, 'new_available_balls': 1, 'device': <ball_device.bd_trough>}
2026-04-24 11:47:37,762 : INFO : EventManager : Event: ======'ball_drain'====== Args={'device': <ball_device.bd_trough>, 'balls': 1}
2026-04-24 11:47:37,762 : INFO : EventManager : Event: ======'balldevice_balls_available'====== Args={}
2026-04-24 11:47:37,762 : INFO : EventManager : Event: ======'balldevice_bd_trough_ball_entered'====== Args={'new_balls': 1, 'device': <ball_device.bd_trough>}
2026-04-24 11:47:38,140 : INFO : SwitchController : <<<<<<< 's_trough_5' active >>>>>>>
2026-04-24 11:47:38,750 : INFO : SwitchController : <<<<<<< 's_trough_6' active >>>>>>>
2026-04-24 11:47:40,142 : INFO : SwitchController : <<<<<<< 's_start' active >>>>>>>
2026-04-24 11:47:40,238 : INFO : SwitchController : <<<<<<< 's_start' inactive >>>>>>>
2026-04-24 11:47:40,238 : INFO : EventManager : Event: ======'request_to_start_game'====== Args={}
2026-04-24 11:47:40,238 : INFO : EventManager : Event: ======'game_start'====== Args={'buttons': [], 'hold_time': 0.09584858402376994}
2026-04-24 11:47:40,239 : INFO : EventManager : Event: ======'mode_game_will_start'====== Args={'buttons': [], 'hold_time': 0.09584858402376994}
2026-04-24 11:47:40,239 : INFO : EventManager : Event: ======'mode_game_starting'====== Args={'buttons': [], 'hold_time': 0.09584858402376994}
2026-04-24 11:47:40,239 : INFO : EventManager : Event: ======'mode_attract_will_stop'====== Args={}
2026-04-24 11:47:40,239 : INFO : EventManager : Event: ======'mode_attract_stopping'====== Args={}
2026-04-24 11:47:40,239 : INFO : Mode.attract : Stopped.
2026-04-24 11:47:40,239 : INFO : EventManager : Event: ======'modes_active_modes_changed'====== Args={}
2026-04-24 11:47:40,239 : INFO : EventManager : Event: ======'mode_attract_stopped'====== Args={}
2026-04-24 11:47:40,240 : INFO : EventManager : Event: ======'clear'====== Args={'key': 'attract'}
2026-04-24 11:47:40,240 : INFO : Mode.game : Started. Priority: 20
2026-04-24 11:47:40,240 : INFO : EventManager : Event: ======'modes_active_modes_changed'====== Args={}
2026-04-24 11:47:40,240 : INFO : EventManager : Event: ======'mode_game_started'====== Args={'buttons': [], 'hold_time': 0.09584858402376994}
2026-04-24 11:47:40,240 : INFO : EventManager : Event: ======'game_will_start'====== Args={}
2026-04-24 11:47:40,240 : INFO : EventManager : Event: ======'game_starting'====== Args={'game': <Mode.game>}
2026-04-24 11:47:40,240 : INFO : EventManager : Unordered handler for class <Auditor> on event game_ended with priority 1. Handlers: [RegisteredHandler(callback=<bound method Auditor.disable of <Auditor>>, priority=1, kwargs={}, key=UUID('e7a63c31-c735-4489-96c0-129b806ee584'), condition=None, blocking_facility=None), RegisteredHandler(callback=<bound method Auditor._save_audits of <Auditor>>, priority=1, kwargs={}, key=UUID('3b74e7f2-337d-4388-9c22-b05b797531c4'), condition=None, blocking_facility=None)]. The order of those handlers is not defined and they will be executed in random order. This might lead to race conditions and potential bugs.
2026-04-24 11:47:40,240 : INFO : EventManager : Event: ======'player_add_request'====== Args={}
2026-04-24 11:47:40,241 : INFO : EventManager : Event: ======'player_will_add'====== Args={'number': 1}
2026-04-24 11:47:40,241 : INFO : EventManager : Event: ======'player_adding'====== Args={'player': <Player 1>, 'number': 1}
2026-04-24 11:47:40,241 : INFO : EventManager : Event: ======'player_added'====== Args={'player': <Player 1>, 'num': 1}
2026-04-24 11:47:40,241 : INFO : Mode.game : Player added successfully. Total players: 1
2026-04-24 11:47:40,241 : INFO : EventManager : Event: ======'player_index'====== Args={'value': 0, 'prev_value': 0, 'change': 0, 'player_num': 1}
2026-04-24 11:47:40,241 : INFO : EventManager : Event: ======'player_number'====== Args={'value': 1, 'prev_value': 1, 'change': 0, 'player_num': 1}
2026-04-24 11:47:40,241 : INFO : EventManager : Event: ======'player_score'====== Args={'value': 0, 'prev_value': 0, 'change': 0, 'player_num': 1}
2026-04-24 11:47:40,241 : INFO : EventManager : Event: ======'game_started'====== Args={}
2026-04-24 11:47:40,241 : INFO : EventManager : Event: ======'player_turn_will_start'====== Args={'player': <Player 1>, 'number': 1}
2026-04-24 11:47:40,241 : INFO : EventManager : Event: ======'player_turn_starting'====== Args={'player': <Player 1>, 'number': 1}
2026-04-24 11:47:40,243 : INFO : EventManager : Event: ======'player_ball'====== Args={'value': 1, 'prev_value': 0, 'change': 1, 'player_num': 1}
2026-04-24 11:47:40,244 : INFO : EventManager : Event: ======'player_turn_started'====== Args={'player': <Player 1>, 'number': 1}
2026-04-24 11:47:40,244 : INFO : EventManager : Event: ======'ball_will_start'====== Args={'player': 1, 'ball': 1, 'balls_remaining': 2, 'is_extra_ball': False}
2026-04-24 11:47:40,244 : INFO : EventManager : Event: ======'ball_starting'====== Args={'player': 1, 'ball': 1, 'balls_remaining': 2, 'is_extra_ball': False}
2026-04-24 11:47:40,244 : INFO : EventManager : Event: ======'mode_diverter_activation_will_start'====== Args={'queue': <QueuedEvent>, 'player': 1, 'ball': 1, 'balls_remaining': 2, 'is_extra_ball': False}
2026-04-24 11:47:40,244 : INFO : EventManager : Event: ======'player_shot_r_orbit_small_r_div_enabled'====== Args={'value': True, 'prev_value': 0, 'change': 1, 'player_num': 1}
2026-04-24 11:47:40,244 : INFO : EventManager : Event: ======'player_shot_r_orbit_small_l_div_enabled'====== Args={'value': True, 'prev_value': 0, 'change': 1, 'player_num': 1}
2026-04-24 11:47:40,245 : INFO : EventManager : Event: ======'player_shot_r_captive_l_div_enabled'====== Args={'value': True, 'prev_value': 0, 'change': 1, 'player_num': 1}
2026-04-24 11:47:40,245 : INFO : EventManager : Event: ======'player_shot_r_stationary_r_div_enabled'====== Args={'value': True, 'prev_value': 0, 'change': 1, 'player_num': 1}
2026-04-24 11:47:40,245 : INFO : EventManager : Event: ======'mode_diverter_activation_starting'====== Args={'queue': <QueuedEvent>, 'player': 1, 'ball': 1, 'balls_remaining': 2, 'is_extra_ball': False}
2026-04-24 11:47:40,245 : INFO : EventManager : Event: ======'mode_base_will_start'====== Args={'queue': <QueuedEvent>, 'player': 1, 'ball': 1, 'balls_remaining': 2, 'is_extra_ball': False}
2026-04-24 11:47:40,245 : INFO : EventManager : Event: ======'player_shot_r_orbit_small_r_base_enabled'====== Args={'value': True, 'prev_value': 0, 'change': 1, 'player_num': 1}
2026-04-24 11:47:40,245 : INFO : EventManager : Event: ======'player_shot_r_orbit_small_l_base_enabled'====== Args={'value': True, 'prev_value': 0, 'change': 1, 'player_num': 1}
2026-04-24 11:47:40,245 : INFO : EventManager : Event: ======'player_shot_r_pop_enabled'====== Args={'value': True, 'prev_value': 0, 'change': 1, 'player_num': 1}
2026-04-24 11:47:40,245 : INFO : EventManager : Event: ======'player_shot_r_sling_l_enabled'====== Args={'value': True, 'prev_value': 0, 'change': 1, 'player_num': 1}
2026-04-24 11:47:40,246 : INFO : EventManager : Event: ======'player_shot_r_sling_r_enabled'====== Args={'value': True, 'prev_value': 0, 'change': 1, 'player_num': 1}
2026-04-24 11:47:40,246 : INFO : EventManager : Event: ======'player_shot_r_scoop_enabled'====== Args={'value': True, 'prev_value': 0, 'change': 1, 'player_num': 1}
2026-04-24 11:47:40,246 : INFO : EventManager : Event: ======'mode_base_starting'====== Args={'queue': <QueuedEvent>, 'player': 1, 'ball': 1, 'balls_remaining': 2, 'is_extra_ball': False}
2026-04-24 11:47:40,246 : INFO : EventManager : Event: ======'mode_misc_drop_bank_will_start'====== Args={'queue': <QueuedEvent>, 'player': 1, 'ball': 1, 'balls_remaining': 2, 'is_extra_ball': False}
2026-04-24 11:47:40,246 : INFO : EventManager : Event: ======'player_shot_r_drop_l_misc_enabled'====== Args={'value': True, 'prev_value': 0, 'change': 1, 'player_num': 1}
2026-04-24 11:47:40,246 : INFO : EventManager : Event: ======'player_shot_r_drop_m_misc_enabled'====== Args={'value': True, 'prev_value': 0, 'change': 1, 'player_num': 1}
2026-04-24 11:47:40,247 : INFO : EventManager : Event: ======'player_shot_r_drop_r_misc_enabled'====== Args={'value': True, 'prev_value': 0, 'change': 1, 'player_num': 1}
2026-04-24 11:47:40,247 : INFO : EventManager : Event: ======'player_shot_r_drop_behind_misc_enabled'====== Args={'value': False, 'prev_value': 0, 'change': 0, 'player_num': 1}
2026-04-24 11:47:40,247 : INFO : EventManager : Event: ======'sg_drops_misc_complete'====== Args={'state': 'drop_lit'}
2026-04-24 11:47:40,247 : INFO : EventManager : Event: ======'sg_drops_misc_drop_lit_complete'====== Args={}
2026-04-24 11:47:40,247 : INFO : EventManager : Event: ======'mode_misc_drop_bank_starting'====== Args={'queue': <QueuedEvent>, 'player': 1, 'ball': 1, 'balls_remaining': 2, 'is_extra_ball': False}
2026-04-24 11:47:40,247 : INFO : Mode.misc_drop_bank : Started. Priority: 100
2026-04-24 11:47:40,247 : INFO : EventManager : Event: ======'modes_active_modes_changed'====== Args={}
2026-04-24 11:47:40,247 : INFO : EventManager : Event: ======'mode_misc_drop_bank_started'====== Args={'queue': <QueuedEvent>, 'player': 1, 'ball': 1, 'balls_remaining': 2, 'is_extra_ball': False}
2026-04-24 11:47:40,248 : INFO : Mode.base : Started. Priority: 100
2026-04-24 11:47:40,248 : INFO : EventManager : Event: ======'modes_active_modes_changed'====== Args={}
2026-04-24 11:47:40,248 : INFO : EventManager : Event: ======'mode_base_started'====== Args={'queue': <QueuedEvent>, 'player': 1, 'ball': 1, 'balls_remaining': 2, 'is_extra_ball': False}
2026-04-24 11:47:40,248 : INFO : Mode.diverter_activation : Started. Priority: 101
2026-04-24 11:47:40,248 : INFO : EventManager : Event: ======'modes_active_modes_changed'====== Args={}
2026-04-24 11:47:40,248 : INFO : EventManager : Event: ======'mode_diverter_activation_started'====== Args={'queue': <QueuedEvent>, 'player': 1, 'ball': 1, 'balls_remaining': 2, 'is_extra_ball': False}
2026-04-24 11:47:40,248 : INFO : EventManager : Event: ======'player_v_right_ramp'====== Args={'value': 0, 'prev_value': 0, 'change': 0, 'player_num': 1, 'source': 'diverter_activation'}
2026-04-24 11:47:40,248 : INFO : EventManager : Event: ======'balls_in_play'====== Args={'balls': 1}
2026-04-24 11:47:40,248 : INFO : EventManager : Event: ======'ball_started'====== Args={'player': 1, 'ball': 1, 'balls_remaining': 2, 'is_extra_ball': False}
2026-04-24 11:47:40,248 : INFO : EventManager : Event: ======'diverter_d_middle_diverter_enabling'====== Args={'auto': False}
2026-04-24 11:47:40,248 : INFO : drop_target_bank.dt_bank : All targets are already up. Will not reset bank.
2026-04-24 11:47:40,251 : INFO : EventManager : Event: ======'single_player_ball_started'====== Args={}
2026-04-24 11:47:40,253 : INFO : EventManager : Event: ======'ball_start_target'====== Args={'target': 'playfield'}
2026-04-24 11:47:40,253 : INFO : ball_device.bd_autolauncher : Setting up player-controlled eject. Balls: 1, Target: <playfield.playfield>, player_controlled_eject_event: sw_launch
2026-04-24 11:47:40,253 : INFO : EventManager : Event: ======'balldevice_balls_available'====== Args={}
2026-04-24 11:47:40,253 : INFO : ball_device.bd_trough : State: waiting_for_target_ready
2026-04-24 11:47:40,253 : INFO : EventManager : Event: ======'balldevice_bd_trough_ball_eject_attempt'====== Args={'balls': 1, 'target': <ball_device.bd_autolauncher>, 'source': <ball_device.bd_trough>, 'mechanical_eject': True, 'num_attempts': 0}
2026-04-24 11:47:40,253 : INFO : ball_device.bd_autolauncher : State: waiting_for_ball
2026-04-24 11:47:40,253 : INFO : ball_device.bd_trough : State: ejecting
2026-04-24 11:47:40,253 : INFO : ball_device.bd_trough : Ejecting ball to <ball_device.bd_autolauncher>
2026-04-24 11:47:40,254 : INFO : EventManager : Event: ======'balldevice_bd_trough_ejecting_ball'====== Args={'balls': 1, 'target': <ball_device.bd_autolauncher>, 'source': <ball_device.bd_trough>, 'mechanical_eject': True, 'num_attempts': 0}
2026-04-24 11:47:40,254 : INFO : ball_device.bd_trough : Wait for ball to leave device
2026-04-24 11:47:40,254 : INFO : coil.c_trough : Pulsing Driver for 12ms (1.0 pulse_power)
2026-04-24 11:47:41,254 : INFO : EventManager : Event: ======'balldevice_bd_trough_ball_eject_failed'====== Args={'target': <ball_device.bd_autolauncher>, 'balls': 1, 'retry': True, 'num_attempts': 1}
2026-04-24 11:47:41,257 : INFO : SwitchController : <<<<<<< 's_launch' active >>>>>>>
2026-04-24 11:47:41,257 : INFO : EventManager : Event: ======'machine_var_audits_switches_s_launch'====== Args={'value': 124, 'prev_value': 123, 'change': 1}
2026-04-24 11:47:41,258 : INFO : ball_device.bd_trough : State: waiting_for_target_ready
2026-04-24 11:47:41,259 : INFO : EventManager : Event: ======'balldevice_bd_trough_ball_eject_attempt'====== Args={'balls': 1, 'target': <ball_device.bd_autolauncher>, 'source': <ball_device.bd_trough>, 'mechanical_eject': True, 'num_attempts': 1}
2026-04-24 11:47:41,266 : INFO : ball_device.bd_trough : State: ejecting
2026-04-24 11:47:41,267 : INFO : ball_device.bd_trough : Ejecting ball to <ball_device.bd_autolauncher>
2026-04-24 11:47:41,267 : INFO : EventManager : Event: ======'balldevice_bd_trough_ejecting_ball'====== Args={'balls': 1, 'target': <ball_device.bd_autolauncher>, 'source': <ball_device.bd_trough>, 'mechanical_eject': True, 'num_attempts': 1}
2026-04-24 11:47:41,272 : INFO : ball_device.bd_trough : Wait for ball to leave device
2026-04-24 11:47:41,272 : INFO : coil.c_trough : Pulsing Driver for 12ms (1.0 pulse_power)
2026-04-24 11:47:41,355 : INFO : SwitchController : <<<<<<< 's_launch' inactive >>>>>>>
2026-04-24 11:47:42,273 : INFO : EventManager : Event: ======'balldevice_bd_trough_ball_eject_failed'====== Args={'target': <ball_device.bd_autolauncher>, 'balls': 1, 'retry': True, 'num_attempts': 2}
2026-04-24 11:47:42,275 : INFO : ball_device.bd_trough : State: waiting_for_target_ready
2026-04-24 11:47:42,276 : INFO : EventManager : Event: ======'balldevice_bd_trough_ball_eject_attempt'====== Args={'balls': 1, 'target': <ball_device.bd_autolauncher>, 'source': <ball_device.bd_trough>, 'mechanical_eject': True, 'num_attempts': 2}
2026-04-24 11:47:42,277 : INFO : ball_device.bd_trough : State: ejecting
2026-04-24 11:47:42,277 : INFO : ball_device.bd_trough : Ejecting ball to <ball_device.bd_autolauncher>
2026-04-24 11:47:42,277 : INFO : EventManager : Event: ======'balldevice_bd_trough_ejecting_ball'====== Args={'balls': 1, 'target': <ball_device.bd_autolauncher>, 'source': <ball_device.bd_trough>, 'mechanical_eject': True, 'num_attempts': 2}
2026-04-24 11:47:42,278 : INFO : ball_device.bd_trough : Wait for ball to leave device
2026-04-24 11:47:42,279 : INFO : coil.c_trough : Pulsing Driver for 12ms (1.0 pulse_power)
2026-04-24 11:47:42,504 : INFO : SwitchController : <<<<<<< 's_trough_6' inactive >>>>>>>
2026-04-24 11:47:43,281 : INFO : EventManager : Event: ======'balldevice_bd_trough_ball_eject_failed'====== Args={'target': <ball_device.bd_autolauncher>, 'balls': 1, 'retry': True, 'num_attempts': 3}
2026-04-24 11:47:43,284 : INFO : ball_device.bd_trough : State: waiting_for_target_ready
2026-04-24 11:47:43,284 : INFO : EventManager : Event: ======'balldevice_bd_trough_ball_eject_attempt'====== Args={'balls': 1, 'target': <ball_device.bd_autolauncher>, 'source': <ball_device.bd_trough>, 'mechanical_eject': True, 'num_attempts': 3}
2026-04-24 11:47:43,285 : INFO : ball_device.bd_trough : State: ejecting
2026-04-24 11:47:43,285 : INFO : ball_device.bd_trough : Ejecting ball to <ball_device.bd_autolauncher>
2026-04-24 11:47:43,286 : INFO : EventManager : Event: ======'balldevice_bd_trough_ejecting_ball'====== Args={'balls': 1, 'target': <ball_device.bd_autolauncher>, 'source': <ball_device.bd_trough>, 'mechanical_eject': True, 'num_attempts': 3}
2026-04-24 11:47:43,286 : INFO : ball_device.bd_trough : Wait for ball to leave device
2026-04-24 11:47:43,287 : INFO : coil.c_trough : Pulsing Driver for 12ms (1.0 pulse_power)
2026-04-24 11:47:44,289 : INFO : EventManager : Event: ======'balldevice_bd_trough_ball_eject_failed'====== Args={'target': <ball_device.bd_autolauncher>, 'balls': 1, 'retry': True, 'num_attempts': 4}
2026-04-24 11:47:44,293 : INFO : ball_device.bd_trough : State: waiting_for_target_ready
2026-04-24 11:47:44,293 : INFO : EventManager : Event: ======'balldevice_bd_trough_ball_eject_attempt'====== Args={'balls': 1, 'target': <ball_device.bd_autolauncher>, 'source': <ball_device.bd_trough>, 'mechanical_eject': True, 'num_attempts': 4}
2026-04-24 11:47:44,294 : INFO : ball_device.bd_trough : State: ejecting
2026-04-24 11:47:44,294 : INFO : ball_device.bd_trough : Ejecting ball to <ball_device.bd_autolauncher>
2026-04-24 11:47:44,294 : INFO : EventManager : Event: ======'balldevice_bd_trough_ejecting_ball'====== Args={'balls': 1, 'target': <ball_device.bd_autolauncher>, 'source': <ball_device.bd_trough>, 'mechanical_eject': True, 'num_attempts': 4}
2026-04-24 11:47:44,295 : INFO : ball_device.bd_trough : Wait for ball to leave device
2026-04-24 11:47:44,296 : INFO : coil.c_trough : Pulsing Driver for 12ms (1.0 pulse_power)
2026-04-24 11:47:44,393 : INFO : SwitchController : <<<<<<< 's_drop_l' active >>>>>>>
2026-04-24 11:47:44,393 : INFO : EventManager : Event: ======'playfield_active'====== Args={'source': 'r_drop_l_misc'}
2026-04-24 11:47:44,393 : INFO : EventManager : Event: ======'unexpected_ball_on_playfield'====== Args={}
2026-04-24 11:47:44,393 : INFO : EventManager : Event: ======'s_drop_l_active'====== Args={}
2026-04-24 11:47:44,393 : INFO : EventManager : Event: ======'playfield_active'====== Args={'source': 'left'}
2026-04-24 11:47:44,393 : INFO : EventManager : Event: ======'unexpected_ball_on_playfield'====== Args={}
2026-04-24 11:47:44,393 : INFO : EventManager : Event: ======'drop_target_left_down'====== Args={'device': <drop_target.left>}
2026-04-24 11:47:44,393 : INFO : EventManager : Event: ======'drop_target_bank_dt_bank_mixed'====== Args={'prev_value': <DropTargetBankState.UP: 'up'>, 'down': 1}
2026-04-24 11:47:44,393 : INFO : EventManager : Event: ======'machine_var_audits_switches_s_drop_l'====== Args={'value': 14, 'prev_value': 13, 'change': 1}
2026-04-24 11:47:44,393 : INFO : EventManager : Event: ======'player_shot_r_drop_l_misc'====== Args={'value': 1, 'prev_value': 0, 'change': 1, 'player_num': 1}
2026-04-24 11:47:44,394 : INFO : EventManager : Event: ======'machine_var_audits_shots_r_drop_l_misc'====== Args={'value': 6, 'prev_value': 5, 'change': 1}
2026-04-24 11:47:44,394 : INFO : EventManager : Event: ======'r_drop_l_misc_hit'====== Args={'profile': 'sp_drop_misc', 'state': 'drop_lit', 'advancing': True}
2026-04-24 11:47:44,394 : INFO : EventManager : Event: ======'r_drop_l_misc_sp_drop_misc_hit'====== Args={'profile': 'sp_drop_misc', 'state': 'drop_lit', 'advancing': True}
2026-04-24 11:47:44,394 : INFO : EventManager : Event: ======'r_drop_l_misc_sp_drop_misc_drop_lit_hit'====== Args={'profile': 'sp_drop_misc', 'state': 'drop_lit', 'advancing': True}
2026-04-24 11:47:44,394 : INFO : EventManager : Event: ======'r_drop_l_misc_drop_lit_hit'====== Args={'profile': 'sp_drop_misc', 'state': 'drop_lit', 'advancing': True}
2026-04-24 11:47:44,394 : INFO : EventManager : Event: ======'sg_drops_misc_hit'====== Args={'shot': 'r_drop_l_misc'}
2026-04-24 11:47:44,394 : INFO : EventManager : Event: ======'sg_drops_misc_drop_lit_hit'====== Args={'shot': 'r_drop_l_misc'}
2026-04-24 11:47:44,472 : INFO : SwitchController : <<<<<<< 's_drop_l' inactive >>>>>>>
2026-04-24 11:47:44,472 : INFO : EventManager : Event: ======'playfield_active'====== Args={'source': 'left'}
2026-04-24 11:47:44,472 : INFO : EventManager : Event: ======'unexpected_ball_on_playfield'====== Args={}
2026-04-24 11:47:44,472 : INFO : EventManager : Event: ======'drop_target_left_up'====== Args={'device': <drop_target.left>}
2026-04-24 11:47:44,472 : INFO : EventManager : Event: ======'drop_target_bank_dt_bank_up'====== Args={}
2026-04-24 11:47:44,940 : INFO : SwitchController : <<<<<<< 's_drop_m' active >>>>>>>
2026-04-24 11:47:44,940 : INFO : EventManager : Event: ======'playfield_active'====== Args={'source': 'r_drop_m_misc'}
2026-04-24 11:47:44,940 : INFO : EventManager : Event: ======'unexpected_ball_on_playfield'====== Args={}
2026-04-24 11:47:44,941 : INFO : EventManager : Event: ======'s_drop_m_active'====== Args={}
2026-04-24 11:47:44,941 : INFO : EventManager : Event: ======'playfield_active'====== Args={'source': 'mid'}
2026-04-24 11:47:44,941 : INFO : EventManager : Event: ======'unexpected_ball_on_playfield'====== Args={}
2026-04-24 11:47:44,942 : INFO : EventManager : Event: ======'drop_target_mid_down'====== Args={'device': <drop_target.mid>}
2026-04-24 11:47:44,943 : INFO : EventManager : Event: ======'drop_target_bank_dt_bank_mixed'====== Args={'prev_value': <DropTargetBankState.UP: 'up'>, 'down': 1}
2026-04-24 11:47:44,944 : INFO : EventManager : Event: ======'machine_var_audits_switches_s_drop_m'====== Args={'value': 29, 'prev_value': 28, 'change': 1}
2026-04-24 11:47:44,944 : INFO : EventManager : Event: ======'player_shot_r_drop_m_misc'====== Args={'value': 1, 'prev_value': 0, 'change': 1, 'player_num': 1}
2026-04-24 11:47:44,945 : INFO : EventManager : Event: ======'machine_var_audits_shots_r_drop_m_misc'====== Args={'value': 7, 'prev_value': 6, 'change': 1}
2026-04-24 11:47:44,946 : INFO : EventManager : Event: ======'r_drop_m_misc_hit'====== Args={'profile': 'sp_drop_misc', 'state': 'drop_lit', 'advancing': True}
2026-04-24 11:47:44,946 : INFO : EventManager : Event: ======'r_drop_m_misc_sp_drop_misc_hit'====== Args={'profile': 'sp_drop_misc', 'state': 'drop_lit', 'advancing': True}
2026-04-24 11:47:44,946 : INFO : EventManager : Event: ======'r_drop_m_misc_sp_drop_misc_drop_lit_hit'====== Args={'profile': 'sp_drop_misc', 'state': 'drop_lit', 'advancing': True}
2026-04-24 11:47:44,946 : INFO : EventManager : Event: ======'r_drop_m_misc_drop_lit_hit'====== Args={'profile': 'sp_drop_misc', 'state': 'drop_lit', 'advancing': True}
2026-04-24 11:47:44,947 : INFO : EventManager : Event: ======'sg_drops_misc_hit'====== Args={'shot': 'r_drop_m_misc'}
2026-04-24 11:47:44,947 : INFO : EventManager : Event: ======'sg_drops_misc_drop_lit_hit'====== Args={'shot': 'r_drop_m_misc'}
2026-04-24 11:47:45,051 : INFO : SwitchController : <<<<<<< 's_drop_m' inactive >>>>>>>
2026-04-24 11:47:45,051 : INFO : EventManager : Event: ======'playfield_active'====== Args={'source': 'mid'}
2026-04-24 11:47:45,051 : INFO : EventManager : Event: ======'unexpected_ball_on_playfield'====== Args={}
2026-04-24 11:47:45,052 : INFO : EventManager : Event: ======'drop_target_mid_up'====== Args={'device': <drop_target.mid>}
2026-04-24 11:47:45,052 : INFO : EventManager : Event: ======'drop_target_bank_dt_bank_up'====== Args={}
2026-04-24 11:47:45,297 : INFO : EventManager : Event: ======'balldevice_bd_trough_ball_eject_failed'====== Args={'target': <ball_device.bd_autolauncher>, 'balls': 1, 'retry': True, 'num_attempts': 5}
2026-04-24 11:47:45,300 : INFO : ball_device.bd_trough : State: waiting_for_target_ready
2026-04-24 11:47:45,300 : INFO : EventManager : Event: ======'balldevice_bd_trough_ball_eject_attempt'====== Args={'balls': 1, 'target': <ball_device.bd_autolauncher>, 'source': <ball_device.bd_trough>, 'mechanical_eject': True, 'num_attempts': 5}
2026-04-24 11:47:45,301 : INFO : ball_device.bd_trough : State: ejecting
2026-04-24 11:47:45,302 : INFO : ball_device.bd_trough : Ejecting ball to <ball_device.bd_autolauncher>
2026-04-24 11:47:45,302 : INFO : EventManager : Event: ======'balldevice_bd_trough_ejecting_ball'====== Args={'balls': 1, 'target': <ball_device.bd_autolauncher>, 'source': <ball_device.bd_trough>, 'mechanical_eject': True, 'num_attempts': 5}
2026-04-24 11:47:45,302 : INFO : ball_device.bd_trough : Wait for ball to leave device
2026-04-24 11:47:45,303 : INFO : coil.c_trough : Pulsing Driver for 12ms (1.0 pulse_power)
2026-04-24 11:47:45,624 : INFO : SwitchController : <<<<<<< 's_drop_r' active >>>>>>>
2026-04-24 11:47:45,624 : INFO : EventManager : Event: ======'playfield_active'====== Args={'source': 'r_drop_r_misc'}
2026-04-24 11:47:45,624 : INFO : EventManager : Event: ======'unexpected_ball_on_playfield'====== Args={}
2026-04-24 11:47:45,625 : INFO : EventManager : Event: ======'s_drop_r_active'====== Args={}
2026-04-24 11:47:45,625 : INFO : EventManager : Event: ======'playfield_active'====== Args={'source': 'right'}
2026-04-24 11:47:45,626 : INFO : EventManager : Event: ======'unexpected_ball_on_playfield'====== Args={}
2026-04-24 11:47:45,626 : INFO : EventManager : Event: ======'drop_target_right_down'====== Args={'device': <drop_target.right>}
2026-04-24 11:47:45,627 : INFO : EventManager : Event: ======'drop_target_bank_dt_bank_mixed'====== Args={'prev_value': <DropTargetBankState.UP: 'up'>, 'down': 1}
2026-04-24 11:47:45,627 : INFO : EventManager : Event: ======'machine_var_audits_switches_s_drop_r'====== Args={'value': 14, 'prev_value': 13, 'change': 1}
2026-04-24 11:47:45,627 : INFO : EventManager : Event: ======'player_shot_r_drop_r_misc'====== Args={'value': 1, 'prev_value': 0, 'change': 1, 'player_num': 1}
2026-04-24 11:47:45,628 : INFO : EventManager : Event: ======'machine_var_audits_shots_r_drop_r_misc'====== Args={'value': 7, 'prev_value': 6, 'change': 1}
2026-04-24 11:47:45,628 : INFO : EventManager : Event: ======'r_drop_r_misc_hit'====== Args={'profile': 'sp_drop_misc', 'state': 'drop_lit', 'advancing': True}
2026-04-24 11:47:45,628 : INFO : EventManager : Event: ======'r_drop_r_misc_sp_drop_misc_hit'====== Args={'profile': 'sp_drop_misc', 'state': 'drop_lit', 'advancing': True}
2026-04-24 11:47:45,629 : INFO : EventManager : Event: ======'r_drop_r_misc_sp_drop_misc_drop_lit_hit'====== Args={'profile': 'sp_drop_misc', 'state': 'drop_lit', 'advancing': True}
2026-04-24 11:47:45,629 : INFO : EventManager : Event: ======'r_drop_r_misc_drop_lit_hit'====== Args={'profile': 'sp_drop_misc', 'state': 'drop_lit', 'advancing': True}
2026-04-24 11:47:45,629 : INFO : EventManager : Event: ======'sg_drops_misc_complete'====== Args={'state': 'drop_hit'}
2026-04-24 11:47:45,629 : INFO : EventManager : Event: ======'sg_drops_misc_drop_hit_complete'====== Args={}
2026-04-24 11:47:45,629 : INFO : EventManager : Event: ======'enable_drop_behind_misc'====== Args={'priority': 0}
2026-04-24 11:47:45,629 : INFO : EventManager : Event: ======'player_shot_r_drop_behind_misc_enabled'====== Args={'value': True, 'prev_value': False, 'change': 1, 'player_num': 1}
2026-04-24 11:47:45,631 : INFO : EventManager : Event: ======'sg_drops_misc_hit'====== Args={'shot': 'r_drop_r_misc'}
2026-04-24 11:47:45,631 : INFO : EventManager : Event: ======'sg_drops_misc_drop_lit_hit'====== Args={'shot': 'r_drop_r_misc'}
2026-04-24 11:47:45,715 : INFO : SwitchController : <<<<<<< 's_drop_r' inactive >>>>>>>
2026-04-24 11:47:45,715 : INFO : EventManager : Event: ======'playfield_active'====== Args={'source': 'right'}
2026-04-24 11:47:45,715 : INFO : EventManager : Event: ======'unexpected_ball_on_playfield'====== Args={}
2026-04-24 11:47:45,715 : INFO : EventManager : Event: ======'drop_target_right_up'====== Args={'device': <drop_target.right>}
2026-04-24 11:47:45,715 : INFO : EventManager : Event: ======'drop_target_bank_dt_bank_up'====== Args={}
2026-04-24 11:47:46,304 : INFO : EventManager : Event: ======'balldevice_bd_trough_ball_eject_failed'====== Args={'target': <ball_device.bd_autolauncher>, 'balls': 1, 'retry': True, 'num_attempts': 6}
2026-04-24 11:47:46,306 : INFO : ball_device.bd_trough : State: waiting_for_target_ready
2026-04-24 11:47:46,307 : INFO : EventManager : Event: ======'balldevice_bd_trough_ball_eject_attempt'====== Args={'balls': 1, 'target': <ball_device.bd_autolauncher>, 'source': <ball_device.bd_trough>, 'mechanical_eject': True, 'num_attempts': 6}
2026-04-24 11:47:46,307 : INFO : ball_device.bd_trough : State: ejecting
2026-04-24 11:47:46,308 : INFO : ball_device.bd_trough : Ejecting ball to <ball_device.bd_autolauncher>
2026-04-24 11:47:46,308 : INFO : EventManager : Event: ======'balldevice_bd_trough_ejecting_ball'====== Args={'balls': 1, 'target': <ball_device.bd_autolauncher>, 'source': <ball_device.bd_trough>, 'mechanical_eject': True, 'num_attempts': 6}
2026-04-24 11:47:46,309 : INFO : ball_device.bd_trough : Wait for ball to leave device
2026-04-24 11:47:46,309 : INFO : coil.c_trough : Pulsing Driver for 12ms (1.0 pulse_power)
2026-04-24 11:47:47,310 : INFO : EventManager : Event: ======'balldevice_bd_trough_ball_eject_failed'====== Args={'target': <ball_device.bd_autolauncher>, 'balls': 1, 'retry': True, 'num_attempts': 7}
2026-04-24 11:47:47,312 : INFO : ball_device.bd_trough : State: waiting_for_target_ready
2026-04-24 11:47:47,312 : INFO : EventManager : Event: ======'balldevice_bd_trough_ball_eject_attempt'====== Args={'balls': 1, 'target': <ball_device.bd_autolauncher>, 'source': <ball_device.bd_trough>, 'mechanical_eject': True, 'num_attempts': 7}
2026-04-24 11:47:47,313 : INFO : ball_device.bd_trough : State: ejecting
2026-04-24 11:47:47,313 : INFO : ball_device.bd_trough : Ejecting ball to <ball_device.bd_autolauncher>
2026-04-24 11:47:47,313 : INFO : EventManager : Event: ======'balldevice_bd_trough_ejecting_ball'====== Args={'balls': 1, 'target': <ball_device.bd_autolauncher>, 'source': <ball_device.bd_trough>, 'mechanical_eject': True, 'num_attempts': 7}
2026-04-24 11:47:47,314 : INFO : ball_device.bd_trough : Wait for ball to leave device
2026-04-24 11:47:47,315 : INFO : coil.c_trough : Pulsing Driver for 12ms (1.0 pulse_power)
2026-04-24 11:47:48,316 : INFO : EventManager : Event: ======'balldevice_bd_trough_ball_eject_failed'====== Args={'target': <ball_device.bd_autolauncher>, 'balls': 1, 'retry': True, 'num_attempts': 8}
2026-04-24 11:47:48,317 : INFO : ball_device.bd_trough : State: waiting_for_target_ready
2026-04-24 11:47:48,317 : INFO : EventManager : Event: ======'balldevice_bd_trough_ball_eject_attempt'====== Args={'balls': 1, 'target': <ball_device.bd_autolauncher>, 'source': <ball_device.bd_trough>, 'mechanical_eject': True, 'num_attempts': 8}
2026-04-24 11:47:48,318 : INFO : ball_device.bd_trough : State: ejecting
2026-04-24 11:47:48,319 : INFO : ball_device.bd_trough : Ejecting ball to <ball_device.bd_autolauncher>
2026-04-24 11:47:48,319 : INFO : EventManager : Event: ======'balldevice_bd_trough_ejecting_ball'====== Args={'balls': 1, 'target': <ball_device.bd_autolauncher>, 'source': <ball_device.bd_trough>, 'mechanical_eject': True, 'num_attempts': 8}
2026-04-24 11:47:48,319 : INFO : ball_device.bd_trough : Wait for ball to leave device
2026-04-24 11:47:48,320 : INFO : coil.c_trough : Pulsing Driver for 12ms (1.0 pulse_power)
2026-04-24 11:47:49,321 : INFO : EventManager : Event: ======'balldevice_bd_trough_ball_eject_failed'====== Args={'target': <ball_device.bd_autolauncher>, 'balls': 1, 'retry': True, 'num_attempts': 9}
2026-04-24 11:47:49,323 : INFO : ball_device.bd_trough : State: waiting_for_target_ready
2026-04-24 11:47:49,323 : INFO : EventManager : Event: ======'balldevice_bd_trough_ball_eject_attempt'====== Args={'balls': 1, 'target': <ball_device.bd_autolauncher>, 'source': <ball_device.bd_trough>, 'mechanical_eject': True, 'num_attempts': 9}
2026-04-24 11:47:49,324 : INFO : ball_device.bd_trough : State: ejecting
2026-04-24 11:47:49,324 : INFO : ball_device.bd_trough : Ejecting ball to <ball_device.bd_autolauncher>
2026-04-24 11:47:49,324 : INFO : EventManager : Event: ======'balldevice_bd_trough_ejecting_ball'====== Args={'balls': 1, 'target': <ball_device.bd_autolauncher>, 'source': <ball_device.bd_trough>, 'mechanical_eject': True, 'num_attempts': 9}
2026-04-24 11:47:49,325 : INFO : ball_device.bd_trough : Wait for ball to leave device
2026-04-24 11:47:49,325 : INFO : coil.c_trough : Pulsing Driver for 12ms (1.0 pulse_power)
2026-04-24 11:47:50,326 : INFO : EventManager : Event: ======'balldevice_bd_trough_ball_eject_failed'====== Args={'target': <ball_device.bd_autolauncher>, 'balls': 1, 'retry': True, 'num_attempts': 10}
2026-04-24 11:47:50,328 : INFO : ball_device.bd_trough : State: waiting_for_target_ready
2026-04-24 11:47:50,329 : INFO : EventManager : Event: ======'balldevice_bd_trough_ball_eject_attempt'====== Args={'balls': 1, 'target': <ball_device.bd_autolauncher>, 'source': <ball_device.bd_trough>, 'mechanical_eject': True, 'num_attempts': 10}
2026-04-24 11:47:50,330 : INFO : ball_device.bd_trough : State: ejecting
2026-04-24 11:47:50,330 : INFO : ball_device.bd_trough : Ejecting ball to <ball_device.bd_autolauncher>
2026-04-24 11:47:50,330 : INFO : EventManager : Event: ======'balldevice_bd_trough_ejecting_ball'====== Args={'balls': 1, 'target': <ball_device.bd_autolauncher>, 'source': <ball_device.bd_trough>, 'mechanical_eject': True, 'num_attempts': 10}
2026-04-24 11:47:50,330 : INFO : ball_device.bd_trough : Wait for ball to leave device
2026-04-24 11:47:50,331 : INFO : coil.c_trough : Pulsing Driver for 12ms (1.0 pulse_power)
2026-04-24 11:47:51,332 : INFO : EventManager : Event: ======'balldevice_bd_trough_ball_eject_failed'====== Args={'target': <ball_device.bd_autolauncher>, 'balls': 1, 'retry': True, 'num_attempts': 11}
2026-04-24 11:47:51,336 : INFO : ball_device.bd_trough : State: waiting_for_target_ready
2026-04-24 11:47:51,337 : INFO : EventManager : Event: ======'balldevice_bd_trough_ball_eject_attempt'====== Args={'balls': 1, 'target': <ball_device.bd_autolauncher>, 'source': <ball_device.bd_trough>, 'mechanical_eject': True, 'num_attempts': 11}
2026-04-24 11:47:51,338 : INFO : ball_device.bd_trough : State: ejecting
2026-04-24 11:47:51,338 : INFO : ball_device.bd_trough : Ejecting ball to <ball_device.bd_autolauncher>
2026-04-24 11:47:51,338 : INFO : EventManager : Event: ======'balldevice_bd_trough_ejecting_ball'====== Args={'balls': 1, 'target': <ball_device.bd_autolauncher>, 'source': <ball_device.bd_trough>, 'mechanical_eject': True, 'num_attempts': 11}
2026-04-24 11:47:51,339 : INFO : ball_device.bd_trough : Wait for ball to leave device
2026-04-24 11:47:51,339 : INFO : coil.c_trough : Pulsing Driver for 12ms (1.0 pulse_power)
2026-04-24 11:47:52,340 : INFO : EventManager : Event: ======'balldevice_bd_trough_ball_eject_failed'====== Args={'target': <ball_device.bd_autolauncher>, 'balls': 1, 'retry': True, 'num_attempts': 12}
2026-04-24 11:47:52,343 : INFO : ball_device.bd_trough : State: waiting_for_target_ready
2026-04-24 11:47:52,343 : INFO : EventManager : Event: ======'balldevice_bd_trough_ball_eject_attempt'====== Args={'balls': 1, 'target': <ball_device.bd_autolauncher>, 'source': <ball_device.bd_trough>, 'mechanical_eject': True, 'num_attempts': 12}
2026-04-24 11:47:52,344 : INFO : ball_device.bd_trough : State: ejecting
2026-04-24 11:47:52,344 : INFO : ball_device.bd_trough : Ejecting ball to <ball_device.bd_autolauncher>
2026-04-24 11:47:52,344 : INFO : EventManager : Event: ======'balldevice_bd_trough_ejecting_ball'====== Args={'balls': 1, 'target': <ball_device.bd_autolauncher>, 'source': <ball_device.bd_trough>, 'mechanical_eject': True, 'num_attempts': 12}
2026-04-24 11:47:52,345 : INFO : ball_device.bd_trough : Wait for ball to leave device
2026-04-24 11:47:52,345 : INFO : coil.c_trough : Pulsing Driver for 12ms (1.0 pulse_power)
2026-04-24 11:47:52,576 : INFO : SwitchController : <<<<<<< 's_trough_5' inactive >>>>>>>
2026-04-24 11:47:53,346 : INFO : EventManager : Event: ======'balldevice_bd_trough_ball_eject_failed'====== Args={'target': <ball_device.bd_autolauncher>, 'balls': 1, 'retry': True, 'num_attempts': 13}
2026-04-24 11:47:53,347 : INFO : ball_device.bd_trough : State: waiting_for_target_ready
2026-04-24 11:47:53,348 : INFO : EventManager : Event: ======'balldevice_bd_trough_ball_eject_attempt'====== Args={'balls': 1, 'target': <ball_device.bd_autolauncher>, 'source': <ball_device.bd_trough>, 'mechanical_eject': True, 'num_attempts': 13}
2026-04-24 11:47:53,348 : INFO : ball_device.bd_trough : State: ejecting
2026-04-24 11:47:53,349 : INFO : ball_device.bd_trough : Ejecting ball to <ball_device.bd_autolauncher>
2026-04-24 11:47:53,349 : INFO : EventManager : Event: ======'balldevice_bd_trough_ejecting_ball'====== Args={'balls': 1, 'target': <ball_device.bd_autolauncher>, 'source': <ball_device.bd_trough>, 'mechanical_eject': True, 'num_attempts': 13}
2026-04-24 11:47:53,349 : INFO : ball_device.bd_trough : Wait for ball to leave device
2026-04-24 11:47:53,350 : INFO : coil.c_trough : Pulsing Driver for 12ms (1.0 pulse_power)
2026-04-24 11:47:54,352 : INFO : EventManager : Event: ======'balldevice_bd_trough_ball_eject_failed'====== Args={'target': <ball_device.bd_autolauncher>, 'balls': 1, 'retry': True, 'num_attempts': 14}
2026-04-24 11:47:54,354 : INFO : ball_device.bd_trough : State: waiting_for_target_ready
2026-04-24 11:47:54,354 : INFO : EventManager : Event: ======'balldevice_bd_trough_ball_eject_attempt'====== Args={'balls': 1, 'target': <ball_device.bd_autolauncher>, 'source': <ball_device.bd_trough>, 'mechanical_eject': True, 'num_attempts': 14}
2026-04-24 11:47:54,355 : INFO : ball_device.bd_trough : State: ejecting
2026-04-24 11:47:54,355 : INFO : ball_device.bd_trough : Ejecting ball to <ball_device.bd_autolauncher>
2026-04-24 11:47:54,355 : INFO : EventManager : Event: ======'balldevice_bd_trough_ejecting_ball'====== Args={'balls': 1, 'target': <ball_device.bd_autolauncher>, 'source': <ball_device.bd_trough>, 'mechanical_eject': True, 'num_attempts': 14}
2026-04-24 11:47:54,356 : INFO : ball_device.bd_trough : Wait for ball to leave device
2026-04-24 11:47:54,356 : INFO : coil.c_trough : Pulsing Driver for 12ms (1.0 pulse_power)
2026-04-24 11:47:55,197 : INFO : SwitchController : <<<<<<< 's_trough_4' inactive >>>>>>>
2026-04-24 11:47:55,198 : INFO : ball_device.bd_trough : State: ball_left
2026-04-24 11:47:55,199 : INFO : ball_device.bd_trough : Ball left
2026-04-24 11:47:55,200 : INFO : ball_device.bd_trough : Wait for confirm with timeout 1.0
2026-04-24 11:47:56,201 : INFO : ball_device.bd_trough : State: failed_confirm
2026-04-24 11:47:56,202 : INFO : ball_device.bd_trough : Got timeout (1.0s) before confirm from <ball_device.bd_autolauncher>
2026-04-24 11:48:16,203 : INFO : EventManager : Event: ======'balldevice_bd_trough_ball_eject_failed'====== Args={'target': <ball_device.bd_autolauncher>, 'balls': 1, 'retry': True, 'num_attempts': 14}
2026-04-24 11:48:16,205 : WARNING : ball_device.bd_trough : Path to <ball_device.bd_autolauncher> canceled. Assuming the ball jumped to <playfield.playfield>.
2026-04-24 11:48:16,205 : INFO : EventManager : Event: ======'balldevice_playfield_ball_enter'====== Args={'new_balls': 1, 'unclaimed_balls': 1, 'device': <playfield.playfield>}
2026-04-24 11:48:16,206 : INFO : EventManager : Event: ======'playfield_ball_count_change'====== Args={'balls': 1, 'change': 1}
2026-04-24 11:48:16,206 : INFO : ball_device.bd_trough : 1 ball(s) missing from device. Mechanical eject? False
2026-04-24 11:48:16,207 : INFO : EventManager : Event: ======'balldevice_bd_trough_ball_missing'====== Args={'balls': 1}
2026-04-24 11:48:16,207 : INFO : ball_device.bd_autolauncher : State: idle
2026-04-24 11:48:16,208 : INFO : EventManager : Event: ======'balldevice_ball_missing'====== Args={'balls': 1, 'name': 'bd_trough'}
2026-04-24 11:48:16,208 : INFO : EventManager : Event: ======'balldevice_bd_trough_ball_count_changed'====== Args={'balls': 0}
2026-04-24 11:48:16,208 : INFO : ball_device.bd_trough : State: idle
2026-04-24 11:48:25,364 : INFO : Machine : Shutting down...
2026-04-24 11:48:25,364 : INFO : EventManager : Event: ======'shutdown'====== Args={}
2026-04-24 11:48:25,368 : INFO : EventManager : Event: ======'mode_game_will_stop'====== Args={}
2026-04-24 11:48:25,369 : INFO : EventManager : Event: ======'mode_game_stopping'====== Args={}
2026-04-24 11:48:25,369 : INFO : EventManager : Event: ======'mode_base_will_stop'====== Args={}
2026-04-24 11:48:25,369 : INFO : EventManager : Event: ======'mode_base_stopping'====== Args={}
2026-04-24 11:48:25,369 : INFO : EventManager : Event: ======'mode_diverter_activation_will_stop'====== Args={}
2026-04-24 11:48:25,369 : INFO : EventManager : Event: ======'mode_diverter_activation_stopping'====== Args={}
2026-04-24 11:48:25,369 : INFO : EventManager : Event: ======'mode_misc_drop_bank_will_stop'====== Args={}
2026-04-24 11:48:25,369 : INFO : EventManager : Event: ======'mode_misc_drop_bank_stopping'====== Args={}
2026-04-24 11:48:25,369 : INFO : Mode.misc_drop_bank : Stopped.
2026-04-24 11:48:25,370 : INFO : EventManager : Event: ======'modes_active_modes_changed'====== Args={}
2026-04-24 11:48:25,370 : INFO : EventManager : Event: ======'mode_misc_drop_bank_stopped'====== Args={}
2026-04-24 11:48:25,370 : INFO : EventManager : Event: ======'clear'====== Args={'key': 'misc_drop_bank'}
2026-04-24 11:48:25,370 : INFO : Mode.diverter_activation : Stopped.
2026-04-24 11:48:25,371 : INFO : EventManager : Event: ======'modes_active_modes_changed'====== Args={}
2026-04-24 11:48:25,371 : INFO : EventManager : Event: ======'mode_diverter_activation_stopped'====== Args={}
2026-04-24 11:48:25,371 : INFO : EventManager : Event: ======'clear'====== Args={'key': 'diverter_activation'}
2026-04-24 11:48:25,371 : INFO : Mode.base : Stopped.
2026-04-24 11:48:25,371 : INFO : EventManager : Event: ======'modes_active_modes_changed'====== Args={}
2026-04-24 11:48:25,371 : INFO : EventManager : Event: ======'mode_base_stopped'====== Args={}
2026-04-24 11:48:25,371 : INFO : EventManager : Event: ======'clear'====== Args={'key': 'base'}
2026-04-24 11:48:25,372 : INFO : Mode.game : Stopped.
2026-04-24 11:48:25,372 : INFO : EventManager : Event: ======'modes_active_modes_changed'====== Args={}
2026-04-24 11:48:25,372 : INFO : EventManager : Event: ======'mode_game_stopped'====== Args={}
2026-04-24 11:48:25,372 : INFO : EventManager : Event: ======'clear'====== Args={'key': 'game'}
2026-04-24 11:48:25,380 : INFO : root : MPF run loop ended.
