2026-04-24 15:52:58,882 : INFO : root : Loading config.
2026-04-24 15:52:58,884 : INFO : YamlMultifileConfigLoader : Machine config file #1: config.yaml
2026-04-24 15:52:58,884 : INFO : ConfigProcessor : Loading config from cache: /var/folders/l2/q8hj_6s91xnb2jxg1sqm0h7r0000gn/T/9d21ea9a81fcfc5941f8ed75c4a080eb.mpf_cache
2026-04-24 15:52:58,912 : INFO : ConfigProcessor : Loading config from cache: /var/folders/l2/q8hj_6s91xnb2jxg1sqm0h7r0000gn/T/43115b802accf167344a214047a50cd4.mpf_cache
2026-04-24 15:52:58,912 : INFO : ConfigProcessor : Loading config from cache: /var/folders/l2/q8hj_6s91xnb2jxg1sqm0h7r0000gn/T/bd1387dfa7de7ffc5bacad015019c743.mpf_cache
2026-04-24 15:52:58,912 : WARNING : ConfigProcessor : Config file in cache changed: /Users/tannerpetch/Documents/GitHub/trashland_3/modes/base/config/base.yaml
2026-04-24 15:52:58,912 : INFO : ConfigProcessor : Loading config from file /Users/tannerpetch/Documents/GitHub/trashland_3/modes/base/config/base.yaml.
2026-04-24 15:52:58,914 : INFO : ConfigProcessor : Loading config: /Users/tannerpetch/Documents/GitHub/trashland_3/modes/base/config/base.yaml
2026-04-24 15:52:58,914 : INFO : ConfigProcessor : Config file cache created: /var/folders/l2/q8hj_6s91xnb2jxg1sqm0h7r0000gn/T/d126ded0bd5e51d3c29826a335e85340.mpf_cache
2026-04-24 15:52:58,914 : INFO : ConfigProcessor : Loading config from cache: /var/folders/l2/q8hj_6s91xnb2jxg1sqm0h7r0000gn/T/be96f90f770b10caeac161802eebb966.mpf_cache
2026-04-24 15:52:58,914 : INFO : ConfigProcessor : Loading config from cache: /var/folders/l2/q8hj_6s91xnb2jxg1sqm0h7r0000gn/T/43115b802accf167344a214047a50cd4.mpf_cache
2026-04-24 15:52:58,915 : INFO : ConfigProcessor : Loading config from cache: /var/folders/l2/q8hj_6s91xnb2jxg1sqm0h7r0000gn/T/fb286bdec51e83b76c44a07e18af10e7.mpf_cache
2026-04-24 15:52:58,915 : WARNING : ConfigProcessor : Config file in cache changed: /Users/tannerpetch/Documents/GitHub/trashland_3/modes/misc_drop_bank/config/misc_drop_bank.yaml
2026-04-24 15:52:58,915 : INFO : ConfigProcessor : Loading config from file /Users/tannerpetch/Documents/GitHub/trashland_3/modes/misc_drop_bank/config/misc_drop_bank.yaml.
2026-04-24 15:52:58,915 : INFO : ConfigProcessor : Loading config: /Users/tannerpetch/Documents/GitHub/trashland_3/modes/misc_drop_bank/config/misc_drop_bank.yaml
2026-04-24 15:52:58,916 : INFO : ConfigProcessor : Config file cache created: /var/folders/l2/q8hj_6s91xnb2jxg1sqm0h7r0000gn/T/4a0392f72066fff3dac8952634b7a9cd.mpf_cache
2026-04-24 15:52:58,916 : INFO : ConfigProcessor : Loading config from cache: /var/folders/l2/q8hj_6s91xnb2jxg1sqm0h7r0000gn/T/9740e98676f8796777039fba8e7d5e82.mpf_cache
2026-04-24 15:52:58,916 : INFO : ConfigProcessor : Loading config from cache: /var/folders/l2/q8hj_6s91xnb2jxg1sqm0h7r0000gn/T/a181a17d50eb4ab7db55e27ff85926c7.mpf_cache
2026-04-24 15:52:58,916 : INFO : ConfigProcessor : Loading config from cache: /var/folders/l2/q8hj_6s91xnb2jxg1sqm0h7r0000gn/T/a4506495691bdf3563a8fd11a9d79f10.mpf_cache
2026-04-24 15:52:58,917 : INFO : ConfigProcessor : Loading config from cache: /var/folders/l2/q8hj_6s91xnb2jxg1sqm0h7r0000gn/T/7e62a906c63d3b7efc85393a80e94c06.mpf_cache
2026-04-24 15:52:58,917 : INFO : ConfigProcessor : Loading config from cache: /var/folders/l2/q8hj_6s91xnb2jxg1sqm0h7r0000gn/T/ca66b8f571437747b2f2875349d15af7.mpf_cache
2026-04-24 15:52:58,917 : INFO : ConfigProcessor : Loading config from cache: /var/folders/l2/q8hj_6s91xnb2jxg1sqm0h7r0000gn/T/eeaf33bcbaf1c79f59b4ab00525b4fda.mpf_cache
2026-04-24 15:52:58,917 : INFO : ConfigProcessor : Loading config from cache: /var/folders/l2/q8hj_6s91xnb2jxg1sqm0h7r0000gn/T/ac7b60c885d53a697f70525935b77cd1.mpf_cache
2026-04-24 15:52:58,918 : INFO : Machine : Mission Pinball Framework Core Engine v0.80.0.dev14
2026-04-24 15:52:58,918 : INFO : Machine : Command line arguments: {'no_load_cache': False, 'create_config_cache': True, 'bcp': False, 'configfile': ['config.yaml'], 'force_assets_load': False, 'platform_integration_test': False, 'jsonlogging': False, 'logfile': 'logs/2026-04-24-15-52-58-mpf-Tanners-Laptop.home.local.log', 'pause': False, 'production': False, 'text_ui': True, 'loglevel': 15, 'consoleloglevel': 20, 'force_platform': 'virtual', 'syslog_address': None, 'full_logfile_path': '/Users/tannerpetch/Documents/GitHub/trashland_3/logs/2026-04-24-15-52-58-mpf-Tanners-Laptop.home.local.log'}
2026-04-24 15:52:58,918 : INFO : Machine : MPF path: /Library/Frameworks/Python.framework/Versions/3.11/lib/python3.11/site-packages/mpf
2026-04-24 15:52:58,918 : INFO : Machine : Machine path: /Users/tannerpetch/Documents/GitHub/trashland_3
2026-04-24 15:52:58,918 : INFO : Machine : Platform: darwin
2026-04-24 15:52:58,918 : INFO : Machine : Python executable location: /Library/Frameworks/Python.framework/Versions/3.11/bin/python3.11
2026-04-24 15:52:58,918 : INFO : Machine : Python version: 3.11.9 (64-bit)
2026-04-24 15:52:58,918 : INFO : Machine : Initializing MPF...
2026-04-24 15:52:58,947 : INFO : EventManager : Event: ======'machine_var_credits_string'====== Args={'value': 'FREE PLAY', 'prev_value': None, 'change': True}
2026-04-24 15:52:58,953 : INFO : EventManager : Event: ======'machine_var_master_volume'====== Args={'value': 0.5, 'prev_value': None, 'change': True}
2026-04-24 15:52:58,953 : INFO : EventManager : Event: ======'machine_var_player1_score'====== Args={'value': 310, 'prev_value': None, 'change': True}
2026-04-24 15:52:58,953 : INFO : EventManager : Event: ======'machine_var_mpf_version'====== Args={'value': 'Mission Pinball Framework v0.80.0.dev14', 'prev_value': None, 'change': True}
2026-04-24 15:52:58,953 : INFO : EventManager : Event: ======'machine_var_mpf_extended_version'====== Args={'value': 'Mission Pinball Framework v0.80.0.dev14, Config version:6, Show version: 6, BCP version:1.1', 'prev_value': None, 'change': True}
2026-04-24 15:52:58,953 : INFO : EventManager : Event: ======'machine_var_python_version'====== Args={'value': '3.11.9', 'prev_value': None, 'change': True}
2026-04-24 15:52:58,965 : INFO : EventManager : Event: ======'machine_var_platform'====== Args={'value': 'macOS-14.3-arm64-arm-64bit', 'prev_value': None, 'change': True}
2026-04-24 15:52:58,965 : INFO : EventManager : Event: ======'machine_var_platform_system'====== Args={'value': 'Darwin', 'prev_value': None, 'change': True}
2026-04-24 15:52:58,965 : INFO : EventManager : Event: ======'machine_var_platform_release'====== Args={'value': '23.3.0', 'prev_value': None, 'change': True}
2026-04-24 15:52:58,965 : INFO : EventManager : Event: ======'machine_var_platform_version'====== Args={'value': 'Darwin Kernel Version 23.3.0: Thu Dec 21 02:29:41 PST 2023; root:xnu-10002.81.5~11/RELEASE_ARM64_T8122', 'prev_value': None, 'change': True}
2026-04-24 15:52:58,965 : INFO : EventManager : Event: ======'machine_var_platform_machine'====== Args={'value': 'arm64', 'prev_value': None, 'change': True}
2026-04-24 15:52:58,965 : INFO : EventManager : Event: ======'machine_var_log_file_path'====== Args={'value': '/Users/tannerpetch/Documents/GitHub/trashland_3/logs/2026-04-24-15-52-58-mpf-Tanners-Laptop.home.local.log', 'prev_value': None, 'change': True}
2026-04-24 15:52:58,965 : INFO : EventManager : Event: ======'init_phase_1'====== Args={}
2026-04-24 15:52:58,992 : INFO : EventManager : Event: ======'drop_target_bank_dt_single_up'====== Args={}
2026-04-24 15:52:58,992 : INFO : EventManager : Event: ======'drop_target_bank_dt_bank_up'====== Args={}
2026-04-24 15:52:58,992 : INFO : EventManager : Event: ======'init_phase_2'====== Args={}
2026-04-24 15:52:58,994 : INFO : ball_device.bd_scoop : BCH: Initial count: 0
2026-04-24 15:52:58,994 : INFO : ball_device.bd_scoop : State: idle
2026-04-24 15:52:58,994 : INFO : ball_device.bd_trough : BCH: Initial count: 0
2026-04-24 15:52:58,994 : INFO : ball_device.bd_trough : State: idle
2026-04-24 15:52:58,994 : INFO : ball_device.bd_autolauncher : BCH: Initial count: 0
2026-04-24 15:52:58,994 : INFO : ball_device.bd_autolauncher : State: idle
2026-04-24 15:52:58,995 : INFO : ball_device.bd_kicker_orbit : BCH: Initial count: 0
2026-04-24 15:52:58,995 : INFO : ball_device.bd_kicker_orbit : State: idle
2026-04-24 15:52:58,995 : INFO : ball_device.bd_lower_vuk : BCH: Initial count: 0
2026-04-24 15:52:58,995 : INFO : ball_device.bd_lower_vuk : State: idle
2026-04-24 15:52:58,995 : INFO : ball_device.bd_vuk_back : BCH: Initial count: 0
2026-04-24 15:52:58,995 : INFO : ball_device.bd_vuk_back : State: idle
2026-04-24 15:52:58,995 : INFO : ball_device.bd_vuk_upper : BCH: Initial count: 0
2026-04-24 15:52:58,995 : INFO : ball_device.bd_vuk_upper : State: idle
2026-04-24 15:52:58,995 : INFO : ball_device.bd_b_lock : BCH: Initial count: 0
2026-04-24 15:52:58,995 : INFO : ball_device.bd_b_lock : State: idle
2026-04-24 15:52:58,999 : INFO : EventManager : Event: ======'init_phase_3'====== Args={}
2026-04-24 15:52:59,001 : INFO : EventManager : Event: ======'init_phase_4'====== Args={}
2026-04-24 15:52:59,001 : INFO : BallController : Initial balls found: 0
2026-04-24 15:52:59,001 : INFO : EventManager : Event: ======'machine_var_audits_events_game_ended'====== Args={'value': 10, 'prev_value': None, 'change': True}
2026-04-24 15:52:59,001 : INFO : EventManager : Event: ======'machine_var_audits_events_game_started'====== Args={'value': 59, 'prev_value': None, 'change': True}
2026-04-24 15:52:59,001 : INFO : EventManager : Event: ======'machine_var_audits_missing_switches_s_autolauncher'====== Args={'value': 11, 'prev_value': None, 'change': True}
2026-04-24 15:52:59,001 : INFO : EventManager : Event: ======'machine_var_audits_missing_switches_s_b_eos'====== Args={'value': 24, 'prev_value': None, 'change': True}
2026-04-24 15:52:59,001 : INFO : EventManager : Event: ======'machine_var_audits_missing_switches_s_b_pop'====== Args={'value': 24, 'prev_value': None, 'change': True}
2026-04-24 15:52:59,001 : INFO : EventManager : Event: ======'machine_var_audits_missing_switches_s_b_rollover_interchange'====== Args={'value': 26, 'prev_value': None, 'change': True}
2026-04-24 15:52:59,001 : INFO : EventManager : Event: ======'machine_var_audits_missing_switches_s_b_rollover_loop'====== Args={'value': 25, 'prev_value': None, 'change': True}
2026-04-24 15:52:59,001 : INFO : EventManager : Event: ======'machine_var_audits_missing_switches_s_b_rollover_misc'====== Args={'value': 26, 'prev_value': None, 'change': True}
2026-04-24 15:52:59,001 : INFO : EventManager : Event: ======'machine_var_audits_missing_switches_s_b_target_left'====== Args={'value': 26, 'prev_value': None, 'change': True}
2026-04-24 15:52:59,002 : INFO : EventManager : Event: ======'machine_var_audits_missing_switches_s_b_target_right'====== Args={'value': 26, 'prev_value': None, 'change': True}
2026-04-24 15:52:59,002 : INFO : EventManager : Event: ======'machine_var_audits_missing_switches_s_bot'====== Args={'value': 26, 'prev_value': None, 'change': True}
2026-04-24 15:52:59,002 : INFO : EventManager : Event: ======'machine_var_audits_missing_switches_s_bot_mid'====== Args={'value': 24, 'prev_value': None, 'change': True}
2026-04-24 15:52:59,002 : INFO : EventManager : Event: ======'machine_var_audits_missing_switches_s_captive_l'====== Args={'value': 26, 'prev_value': None, 'change': True}
2026-04-24 15:52:59,002 : INFO : EventManager : Event: ======'machine_var_audits_missing_switches_s_captive_r'====== Args={'value': 26, 'prev_value': None, 'change': True}
2026-04-24 15:52:59,002 : INFO : EventManager : Event: ======'machine_var_audits_missing_switches_s_drop_single'====== Args={'value': 24, 'prev_value': None, 'change': True}
2026-04-24 15:52:59,002 : INFO : EventManager : Event: ======'machine_var_audits_missing_switches_s_flipper_but_l_1'====== Args={'value': 24, 'prev_value': None, 'change': True}
2026-04-24 15:52:59,002 : INFO : EventManager : Event: ======'machine_var_audits_missing_switches_s_flipper_but_l_2'====== Args={'value': 24, 'prev_value': None, 'change': True}
2026-04-24 15:52:59,002 : INFO : EventManager : Event: ======'machine_var_audits_missing_switches_s_flipper_but_r_1'====== Args={'value': 15, 'prev_value': None, 'change': True}
2026-04-24 15:52:59,002 : INFO : EventManager : Event: ======'machine_var_audits_missing_switches_s_flipper_but_r_2'====== Args={'value': 24, 'prev_value': None, 'change': True}
2026-04-24 15:52:59,002 : INFO : EventManager : Event: ======'machine_var_audits_missing_switches_s_flipper_l'====== Args={'value': 24, 'prev_value': None, 'change': True}
2026-04-24 15:52:59,002 : INFO : EventManager : Event: ======'machine_var_audits_missing_switches_s_flipper_r'====== Args={'value': 24, 'prev_value': None, 'change': True}
2026-04-24 15:52:59,002 : INFO : EventManager : Event: ======'machine_var_audits_missing_switches_s_flipper_upper_l'====== Args={'value': 24, 'prev_value': None, 'change': True}
2026-04-24 15:52:59,002 : INFO : EventManager : Event: ======'machine_var_audits_missing_switches_s_inlane_l'====== Args={'value': 57, 'prev_value': None, 'change': True}
2026-04-24 15:52:59,002 : INFO : EventManager : Event: ======'machine_var_audits_missing_switches_s_inlane_r'====== Args={'value': 24, 'prev_value': None, 'change': True}
2026-04-24 15:52:59,002 : INFO : EventManager : Event: ======'machine_var_audits_missing_switches_s_kicking_target'====== Args={'value': 24, 'prev_value': None, 'change': True}
2026-04-24 15:52:59,002 : INFO : EventManager : Event: ======'machine_var_audits_missing_switches_s_launch'====== Args={'value': 3, 'prev_value': None, 'change': True}
2026-04-24 15:52:59,002 : INFO : EventManager : Event: ======'machine_var_audits_missing_switches_s_lock_1'====== Args={'value': 30, 'prev_value': None, 'change': True}
2026-04-24 15:52:59,002 : INFO : EventManager : Event: ======'machine_var_audits_missing_switches_s_lock_2'====== Args={'value': 24, 'prev_value': None, 'change': True}
2026-04-24 15:52:59,002 : INFO : EventManager : Event: ======'machine_var_audits_missing_switches_s_lock_3'====== Args={'value': 24, 'prev_value': None, 'change': True}
2026-04-24 15:52:59,002 : INFO : EventManager : Event: ======'machine_var_audits_missing_switches_s_lower_orbit'====== Args={'value': 26, 'prev_value': None, 'change': True}
2026-04-24 15:52:59,002 : INFO : EventManager : Event: ======'machine_var_audits_missing_switches_s_lower_single'====== Args={'value': 26, 'prev_value': None, 'change': True}
2026-04-24 15:52:59,002 : INFO : EventManager : Event: ======'machine_var_audits_missing_switches_s_lower_sling'====== Args={'value': 24, 'prev_value': None, 'change': True}
2026-04-24 15:52:59,002 : INFO : EventManager : Event: ======'machine_var_audits_missing_switches_s_lower_transfer'====== Args={'value': 26, 'prev_value': None, 'change': True}
2026-04-24 15:52:59,002 : INFO : EventManager : Event: ======'machine_var_audits_missing_switches_s_lower_vuk'====== Args={'value': 24, 'prev_value': None, 'change': True}
2026-04-24 15:52:59,002 : INFO : EventManager : Event: ======'machine_var_audits_missing_switches_s_middle_scoop'====== Args={'value': 24, 'prev_value': None, 'change': True}
2026-04-24 15:52:59,002 : INFO : EventManager : Event: ======'machine_var_audits_missing_switches_s_orbit_small_l'====== Args={'value': 24, 'prev_value': None, 'change': True}
2026-04-24 15:52:59,002 : INFO : EventManager : Event: ======'machine_var_audits_missing_switches_s_orbit_small_r'====== Args={'value': 26, 'prev_value': None, 'change': True}
2026-04-24 15:52:59,002 : INFO : EventManager : Event: ======'machine_var_audits_missing_switches_s_outlane_l'====== Args={'value': 59, 'prev_value': None, 'change': True}
2026-04-24 15:52:59,002 : INFO : EventManager : Event: ======'machine_var_audits_missing_switches_s_outlane_r'====== Args={'value': 59, 'prev_value': None, 'change': True}
2026-04-24 15:52:59,002 : INFO : EventManager : Event: ======'machine_var_audits_missing_switches_s_pop'====== Args={'value': 24, 'prev_value': None, 'change': True}
2026-04-24 15:52:59,002 : INFO : EventManager : Event: ======'machine_var_audits_missing_switches_s_scissor_save'====== Args={'value': 26, 'prev_value': None, 'change': True}
2026-04-24 15:52:59,002 : INFO : EventManager : Event: ======'machine_var_audits_missing_switches_s_sling_l'====== Args={'value': 24, 'prev_value': None, 'change': True}
2026-04-24 15:52:59,002 : INFO : EventManager : Event: ======'machine_var_audits_missing_switches_s_start'====== Args={'value': 26, 'prev_value': None, 'change': True}
2026-04-24 15:52:59,002 : INFO : EventManager : Event: ======'machine_var_audits_missing_switches_s_stationary_l'====== Args={'value': 24, 'prev_value': None, 'change': True}
2026-04-24 15:52:59,002 : INFO : EventManager : Event: ======'machine_var_audits_missing_switches_s_stationary_m'====== Args={'value': 24, 'prev_value': None, 'change': True}
2026-04-24 15:52:59,002 : INFO : EventManager : Event: ======'machine_var_audits_missing_switches_s_stationary_r'====== Args={'value': 24, 'prev_value': None, 'change': True}
2026-04-24 15:52:59,002 : INFO : EventManager : Event: ======'machine_var_audits_missing_switches_s_subway'====== Args={'value': 24, 'prev_value': None, 'change': True}
2026-04-24 15:52:59,002 : INFO : EventManager : Event: ======'machine_var_audits_missing_switches_s_tilt'====== Args={'value': 26, 'prev_value': None, 'change': True}
2026-04-24 15:52:59,002 : INFO : EventManager : Event: ======'machine_var_audits_missing_switches_s_top'====== Args={'value': 24, 'prev_value': None, 'change': True}
2026-04-24 15:52:59,002 : INFO : EventManager : Event: ======'machine_var_audits_missing_switches_s_top_mid'====== Args={'value': 26, 'prev_value': None, 'change': True}
2026-04-24 15:52:59,002 : INFO : EventManager : Event: ======'machine_var_audits_missing_switches_s_trough_1'====== Args={'value': 24, 'prev_value': None, 'change': True}
2026-04-24 15:52:59,002 : INFO : EventManager : Event: ======'machine_var_audits_missing_switches_s_trough_2'====== Args={'value': 24, 'prev_value': None, 'change': True}
2026-04-24 15:52:59,002 : INFO : EventManager : Event: ======'machine_var_audits_missing_switches_s_trough_3'====== Args={'value': 18, 'prev_value': None, 'change': True}
2026-04-24 15:52:59,002 : INFO : EventManager : Event: ======'machine_var_audits_missing_switches_s_trough_4'====== Args={'value': 15, 'prev_value': None, 'change': True}
2026-04-24 15:52:59,002 : INFO : EventManager : Event: ======'machine_var_audits_missing_switches_s_trough_5'====== Args={'value': 25, 'prev_value': None, 'change': True}
2026-04-24 15:52:59,002 : INFO : EventManager : Event: ======'machine_var_audits_missing_switches_s_trough_6'====== Args={'value': 25, 'prev_value': None, 'change': True}
2026-04-24 15:52:59,002 : INFO : EventManager : Event: ======'machine_var_audits_missing_switches_s_trough_jam'====== Args={'value': 24, 'prev_value': None, 'change': True}
2026-04-24 15:52:59,002 : INFO : EventManager : Event: ======'machine_var_audits_missing_switches_s_u_lane_l'====== Args={'value': 26, 'prev_value': None, 'change': True}
2026-04-24 15:52:59,002 : INFO : EventManager : Event: ======'machine_var_audits_missing_switches_s_u_lane_r'====== Args={'value': 26, 'prev_value': None, 'change': True}
2026-04-24 15:52:59,002 : INFO : EventManager : Event: ======'machine_var_audits_missing_switches_s_u_rollover'====== Args={'value': 26, 'prev_value': None, 'change': True}
2026-04-24 15:52:59,002 : INFO : EventManager : Event: ======'machine_var_audits_missing_switches_s_u_target'====== Args={'value': 26, 'prev_value': None, 'change': True}
2026-04-24 15:52:59,002 : INFO : EventManager : Event: ======'machine_var_audits_missing_switches_s_vuk_back'====== Args={'value': 24, 'prev_value': None, 'change': True}
2026-04-24 15:52:59,002 : INFO : EventManager : Event: ======'machine_var_audits_missing_switches_s_vuk_upper'====== Args={'value': 24, 'prev_value': None, 'change': True}
2026-04-24 15:52:59,002 : INFO : EventManager : Event: ======'machine_var_audits_player_score'====== Args={'value': {'average': 31, 'top': [310, 0, 0, 0, 0, 0, 0, 0, 0, 0], 'total': 10}, 'prev_value': None, 'change': True}
2026-04-24 15:52:59,002 : INFO : EventManager : Event: ======'machine_var_audits_shots_r_drop_behind_misc'====== Args={'value': 17, 'prev_value': None, 'change': True}
2026-04-24 15:52:59,002 : INFO : EventManager : Event: ======'machine_var_audits_shots_r_drop_l_misc'====== Args={'value': 26, 'prev_value': None, 'change': True}
2026-04-24 15:52:59,002 : INFO : EventManager : Event: ======'machine_var_audits_shots_r_drop_m_misc'====== Args={'value': 26, 'prev_value': None, 'change': True}
2026-04-24 15:52:59,002 : INFO : EventManager : Event: ======'machine_var_audits_shots_r_drop_r_misc'====== Args={'value': 28, 'prev_value': None, 'change': True}
2026-04-24 15:52:59,002 : INFO : EventManager : Event: ======'machine_var_audits_shots_r_orbit_small_l_base'====== Args={'value': 2, 'prev_value': None, 'change': True}
2026-04-24 15:52:59,002 : INFO : EventManager : Event: ======'machine_var_audits_shots_r_orbit_small_l_div'====== Args={'value': 2, 'prev_value': None, 'change': True}
2026-04-24 15:52:59,003 : INFO : EventManager : Event: ======'machine_var_audits_shots_r_pop'====== Args={'value': 22, 'prev_value': None, 'change': True}
2026-04-24 15:52:59,003 : INFO : EventManager : Event: ======'machine_var_audits_shots_r_scoop'====== Args={'value': 3, 'prev_value': None, 'change': True}
2026-04-24 15:52:59,003 : INFO : EventManager : Event: ======'machine_var_audits_shots_r_sling_l'====== Args={'value': 3, 'prev_value': None, 'change': True}
2026-04-24 15:52:59,003 : INFO : EventManager : Event: ======'machine_var_audits_shots_r_sling_r'====== Args={'value': 6, 'prev_value': None, 'change': True}
2026-04-24 15:52:59,003 : INFO : EventManager : Event: ======'machine_var_audits_shots_r_stationary_r_div'====== Args={'value': 6, 'prev_value': None, 'change': True}
2026-04-24 15:52:59,003 : INFO : EventManager : Event: ======'machine_var_audits_switches_s_autolauncher'====== Args={'value': 132, 'prev_value': None, 'change': True}
2026-04-24 15:52:59,003 : INFO : EventManager : Event: ======'machine_var_audits_switches_s_b_eos'====== Args={'value': 667, 'prev_value': None, 'change': True}
2026-04-24 15:52:59,003 : INFO : EventManager : Event: ======'machine_var_audits_switches_s_b_pop'====== Args={'value': 133, 'prev_value': None, 'change': True}
2026-04-24 15:52:59,003 : INFO : EventManager : Event: ======'machine_var_audits_switches_s_b_rollover_interchange'====== Args={'value': 1, 'prev_value': None, 'change': True}
2026-04-24 15:52:59,003 : INFO : EventManager : Event: ======'machine_var_audits_switches_s_b_rollover_loop'====== Args={'value': 8, 'prev_value': None, 'change': True}
2026-04-24 15:52:59,003 : INFO : EventManager : Event: ======'machine_var_audits_switches_s_b_rollover_misc'====== Args={'value': 1, 'prev_value': None, 'change': True}
2026-04-24 15:52:59,003 : INFO : EventManager : Event: ======'machine_var_audits_switches_s_b_target_left'====== Args={'value': 1, 'prev_value': None, 'change': True}
2026-04-24 15:52:59,003 : INFO : EventManager : Event: ======'machine_var_audits_switches_s_b_target_right'====== Args={'value': 1, 'prev_value': None, 'change': True}
2026-04-24 15:52:59,003 : INFO : EventManager : Event: ======'machine_var_audits_switches_s_bot'====== Args={'value': 1, 'prev_value': None, 'change': True}
2026-04-24 15:52:59,003 : INFO : EventManager : Event: ======'machine_var_audits_switches_s_bot_mid'====== Args={'value': 6, 'prev_value': None, 'change': True}
2026-04-24 15:52:59,003 : INFO : EventManager : Event: ======'machine_var_audits_switches_s_captive_l'====== Args={'value': 1, 'prev_value': None, 'change': True}
2026-04-24 15:52:59,003 : INFO : EventManager : Event: ======'machine_var_audits_switches_s_captive_r'====== Args={'value': 1, 'prev_value': None, 'change': True}
2026-04-24 15:52:59,003 : INFO : EventManager : Event: ======'machine_var_audits_switches_s_drop_l'====== Args={'value': 34, 'prev_value': None, 'change': True}
2026-04-24 15:52:59,003 : INFO : EventManager : Event: ======'machine_var_audits_switches_s_drop_m'====== Args={'value': 48, 'prev_value': None, 'change': True}
2026-04-24 15:52:59,003 : INFO : EventManager : Event: ======'machine_var_audits_switches_s_drop_r'====== Args={'value': 35, 'prev_value': None, 'change': True}
2026-04-24 15:52:59,003 : INFO : EventManager : Event: ======'machine_var_audits_switches_s_drop_single'====== Args={'value': 21, 'prev_value': None, 'change': True}
2026-04-24 15:52:59,003 : INFO : EventManager : Event: ======'machine_var_audits_switches_s_flipper_but_l_1'====== Args={'value': 440, 'prev_value': None, 'change': True}
2026-04-24 15:52:59,003 : INFO : EventManager : Event: ======'machine_var_audits_switches_s_flipper_but_l_2'====== Args={'value': 416, 'prev_value': None, 'change': True}
2026-04-24 15:52:59,003 : INFO : EventManager : Event: ======'machine_var_audits_switches_s_flipper_but_r_1'====== Args={'value': 793, 'prev_value': None, 'change': True}
2026-04-24 15:52:59,003 : INFO : EventManager : Event: ======'machine_var_audits_switches_s_flipper_but_r_2'====== Args={'value': 783, 'prev_value': None, 'change': True}
2026-04-24 15:52:59,003 : INFO : EventManager : Event: ======'machine_var_audits_switches_s_flipper_l'====== Args={'value': 416, 'prev_value': None, 'change': True}
2026-04-24 15:52:59,003 : INFO : EventManager : Event: ======'machine_var_audits_switches_s_flipper_r'====== Args={'value': 1731, 'prev_value': None, 'change': True}
2026-04-24 15:52:59,003 : INFO : EventManager : Event: ======'machine_var_audits_switches_s_flipper_upper_l'====== Args={'value': 393, 'prev_value': None, 'change': True}
2026-04-24 15:52:59,003 : INFO : EventManager : Event: ======'machine_var_audits_switches_s_inlane_l'====== Args={'value': 1, 'prev_value': None, 'change': True}
2026-04-24 15:52:59,003 : INFO : EventManager : Event: ======'machine_var_audits_switches_s_inlane_r'====== Args={'value': 80, 'prev_value': None, 'change': True}
2026-04-24 15:52:59,003 : INFO : EventManager : Event: ======'machine_var_audits_switches_s_kicker_orbit'====== Args={'value': 192, 'prev_value': None, 'change': True}
2026-04-24 15:52:59,003 : INFO : EventManager : Event: ======'machine_var_audits_switches_s_kicking_target'====== Args={'value': 538, 'prev_value': None, 'change': True}
2026-04-24 15:52:59,003 : INFO : EventManager : Event: ======'machine_var_audits_switches_s_launch'====== Args={'value': 153, 'prev_value': None, 'change': True}
2026-04-24 15:52:59,003 : INFO : EventManager : Event: ======'machine_var_audits_switches_s_lock_1'====== Args={'value': 10, 'prev_value': None, 'change': True}
2026-04-24 15:52:59,003 : INFO : EventManager : Event: ======'machine_var_audits_switches_s_lock_2'====== Args={'value': 5, 'prev_value': None, 'change': True}
2026-04-24 15:52:59,003 : INFO : EventManager : Event: ======'machine_var_audits_switches_s_lock_3'====== Args={'value': 5, 'prev_value': None, 'change': True}
2026-04-24 15:52:59,003 : INFO : EventManager : Event: ======'machine_var_audits_switches_s_lower_orbit'====== Args={'value': 5, 'prev_value': None, 'change': True}
2026-04-24 15:52:59,003 : INFO : EventManager : Event: ======'machine_var_audits_switches_s_lower_single'====== Args={'value': 1, 'prev_value': None, 'change': True}
2026-04-24 15:52:59,003 : INFO : EventManager : Event: ======'machine_var_audits_switches_s_lower_sling'====== Args={'value': 8, 'prev_value': None, 'change': True}
2026-04-24 15:52:59,003 : INFO : EventManager : Event: ======'machine_var_audits_switches_s_lower_transfer'====== Args={'value': 3, 'prev_value': None, 'change': True}
2026-04-24 15:52:59,003 : INFO : EventManager : Event: ======'machine_var_audits_switches_s_lower_vuk'====== Args={'value': 15, 'prev_value': None, 'change': True}
2026-04-24 15:52:59,003 : INFO : EventManager : Event: ======'machine_var_audits_switches_s_middle_scoop'====== Args={'value': 14, 'prev_value': None, 'change': True}
2026-04-24 15:52:59,003 : INFO : EventManager : Event: ======'machine_var_audits_switches_s_orbit_small_l'====== Args={'value': 38, 'prev_value': None, 'change': True}
2026-04-24 15:52:59,003 : INFO : EventManager : Event: ======'machine_var_audits_switches_s_orbit_small_r'====== Args={'value': 195, 'prev_value': None, 'change': True}
2026-04-24 15:52:59,003 : INFO : EventManager : Event: ======'machine_var_audits_switches_s_outlane_l'====== Args={'value': 0, 'prev_value': None, 'change': True}
2026-04-24 15:52:59,003 : INFO : EventManager : Event: ======'machine_var_audits_switches_s_outlane_r'====== Args={'value': 0, 'prev_value': None, 'change': True}
2026-04-24 15:52:59,003 : INFO : EventManager : Event: ======'machine_var_audits_switches_s_pop'====== Args={'value': 99, 'prev_value': None, 'change': True}
2026-04-24 15:52:59,003 : INFO : EventManager : Event: ======'machine_var_audits_switches_s_scissor_save'====== Args={'value': 3, 'prev_value': None, 'change': True}
2026-04-24 15:52:59,003 : INFO : EventManager : Event: ======'machine_var_audits_switches_s_sling_l'====== Args={'value': 19, 'prev_value': None, 'change': True}
2026-04-24 15:52:59,003 : INFO : EventManager : Event: ======'machine_var_audits_switches_s_start'====== Args={'value': 5, 'prev_value': None, 'change': True}
2026-04-24 15:52:59,003 : INFO : EventManager : Event: ======'machine_var_audits_switches_s_stationary_l'====== Args={'value': 111, 'prev_value': None, 'change': True}
2026-04-24 15:52:59,003 : INFO : EventManager : Event: ======'machine_var_audits_switches_s_stationary_m'====== Args={'value': 29, 'prev_value': None, 'change': True}
2026-04-24 15:52:59,003 : INFO : EventManager : Event: ======'machine_var_audits_switches_s_stationary_r'====== Args={'value': 35, 'prev_value': None, 'change': True}
2026-04-24 15:52:59,003 : INFO : EventManager : Event: ======'machine_var_audits_switches_s_subway'====== Args={'value': 168, 'prev_value': None, 'change': True}
2026-04-24 15:52:59,003 : INFO : EventManager : Event: ======'machine_var_audits_switches_s_tilt'====== Args={'value': 1, 'prev_value': None, 'change': True}
2026-04-24 15:52:59,003 : INFO : EventManager : Event: ======'machine_var_audits_switches_s_top'====== Args={'value': 6, 'prev_value': None, 'change': True}
2026-04-24 15:52:59,004 : INFO : EventManager : Event: ======'machine_var_audits_switches_s_top_mid'====== Args={'value': 1, 'prev_value': None, 'change': True}
2026-04-24 15:52:59,004 : INFO : EventManager : Event: ======'machine_var_audits_switches_s_trough_1'====== Args={'value': 101, 'prev_value': None, 'change': True}
2026-04-24 15:52:59,004 : INFO : EventManager : Event: ======'machine_var_audits_switches_s_trough_2'====== Args={'value': 60, 'prev_value': None, 'change': True}
2026-04-24 15:52:59,004 : INFO : EventManager : Event: ======'machine_var_audits_switches_s_trough_3'====== Args={'value': 63, 'prev_value': None, 'change': True}
2026-04-24 15:52:59,004 : INFO : EventManager : Event: ======'machine_var_audits_switches_s_trough_4'====== Args={'value': 142, 'prev_value': None, 'change': True}
2026-04-24 15:52:59,004 : INFO : EventManager : Event: ======'machine_var_audits_switches_s_trough_5'====== Args={'value': 48, 'prev_value': None, 'change': True}
2026-04-24 15:52:59,004 : INFO : EventManager : Event: ======'machine_var_audits_switches_s_trough_6'====== Args={'value': 100, 'prev_value': None, 'change': True}
2026-04-24 15:52:59,004 : INFO : EventManager : Event: ======'machine_var_audits_switches_s_trough_jam'====== Args={'value': 73, 'prev_value': None, 'change': True}
2026-04-24 15:52:59,004 : INFO : EventManager : Event: ======'machine_var_audits_switches_s_u_lane_l'====== Args={'value': 1, 'prev_value': None, 'change': True}
2026-04-24 15:52:59,004 : INFO : EventManager : Event: ======'machine_var_audits_switches_s_u_lane_r'====== Args={'value': 1, 'prev_value': None, 'change': True}
2026-04-24 15:52:59,004 : INFO : EventManager : Event: ======'machine_var_audits_switches_s_u_rollover'====== Args={'value': 1, 'prev_value': None, 'change': True}
2026-04-24 15:52:59,004 : INFO : EventManager : Event: ======'machine_var_audits_switches_s_u_target'====== Args={'value': 1, 'prev_value': None, 'change': True}
2026-04-24 15:52:59,004 : INFO : EventManager : Event: ======'machine_var_audits_switches_s_vuk_back'====== Args={'value': 101, 'prev_value': None, 'change': True}
2026-04-24 15:52:59,004 : INFO : EventManager : Event: ======'machine_var_audits_switches_s_vuk_upper'====== Args={'value': 63, 'prev_value': None, 'change': True}
2026-04-24 15:52:59,004 : INFO : EventManager : Event: ======'init_phase_5'====== Args={}
2026-04-24 15:52:59,006 : INFO : EventManager : Event: ======'init_done'====== Args={}
2026-04-24 15:52:59,006 : INFO : EventManager : Event: ======'machine_reset_phase_1'====== Args={}
2026-04-24 15:52:59,006 : INFO : EventManager : Event: ======'machine_reset_phase_2'====== Args={}
2026-04-24 15:52:59,006 : INFO : EventManager : Event: ======'machine_reset_phase_3'====== Args={}
2026-04-24 15:52:59,006 : INFO : EventManager : Event: ======'diverter_d_middle_diverter_deactivating'====== Args={}
2026-04-24 15:52:59,006 : INFO : coil.c_diverter : Disabling Driver
2026-04-24 15:52:59,006 : INFO : EventManager : Event: ======'reset_complete'====== Args={}
2026-04-24 15:52:59,007 : INFO : EventManager : Event: ======'mode_attract_will_start'====== Args={}
2026-04-24 15:52:59,007 : INFO : EventManager : Event: ======'mode_attract_starting'====== Args={}
2026-04-24 15:52:59,007 : INFO : Mode.attract : Started. Priority: 10
2026-04-24 15:52:59,007 : INFO : EventManager : Event: ======'modes_active_modes_changed'====== Args={}
2026-04-24 15:52:59,007 : INFO : EventManager : Event: ======'mode_attract_started'====== Args={}
2026-04-24 15:52:59,007 : INFO : EventManager : Event: ======'collecting_balls_complete'====== Args={}
2026-04-24 15:52:59,007 : INFO : Machine : Starting the main run loop with active modes: [<Mode.attract>]
2026-04-24 15:52:59,295 : INFO : BcpServer : New client connected.
2026-04-24 15:53:19,989 : INFO : SwitchController : <<<<<<< 's_trough_4' active >>>>>>>
2026-04-24 15:53:20,490 : INFO : EventManager : Event: ======'balldevice_bd_trough_ball_count_changed'====== Args={'balls': 1}
2026-04-24 15:53:20,490 : INFO : ball_device.bd_trough : Received unexpected ball
2026-04-24 15:53:20,490 : INFO : EventManager : Event: ======'balldevice_captured_from_playfield'====== Args={'balls': 1}
2026-04-24 15:53:20,491 : INFO : EventManager : Event: ======'sw_playfield_active'====== Args={'balls': 1}
2026-04-24 15:53:20,491 : INFO : EventManager : Event: ======'playfield_active'====== Args={'source': None}
2026-04-24 15:53:20,491 : INFO : EventManager : Event: ======'unexpected_ball_on_playfield'====== Args={}
2026-04-24 15:53:20,491 : INFO : EventManager : Event: ======'playfield_ball_count_change'====== Args={'balls': -1, 'change': -1}
2026-04-24 15:53:20,491 : INFO : EventManager : Event: ======'balldevice_playfield_ball_enter'====== Args={'new_balls': 1, 'unclaimed_balls': 1, 'device': <playfield.playfield>}
2026-04-24 15:53:20,491 : INFO : EventManager : Event: ======'playfield_ball_count_change'====== Args={'balls': 0, 'change': 1}
2026-04-24 15:53:20,491 : INFO : BallController : Found a new ball which was captured from playfield. Known balls: 1
2026-04-24 15:53:20,491 : INFO : EventManager : Event: ======'found_new_ball'====== Args={}
2026-04-24 15:53:20,491 : INFO : EventManager : Event: ======'balldevice_bd_trough_ball_enter'====== Args={'new_balls': 1, 'unclaimed_balls': 1, 'new_available_balls': 1, 'device': <ball_device.bd_trough>}
2026-04-24 15:53:20,491 : INFO : EventManager : Event: ======'ball_drain'====== Args={'device': <ball_device.bd_trough>, 'balls': 1}
2026-04-24 15:53:20,492 : INFO : EventManager : Event: ======'balldevice_balls_available'====== Args={}
2026-04-24 15:53:20,492 : INFO : EventManager : Event: ======'balldevice_bd_trough_ball_entered'====== Args={'new_balls': 1, 'device': <ball_device.bd_trough>}
2026-04-24 15:53:21,239 : INFO : SwitchController : <<<<<<< 's_trough_5' active >>>>>>>
2026-04-24 15:53:23,295 : INFO : SwitchController : <<<<<<< 's_start' active >>>>>>>
2026-04-24 15:53:23,394 : INFO : SwitchController : <<<<<<< 's_start' inactive >>>>>>>
2026-04-24 15:53:23,395 : INFO : EventManager : Event: ======'request_to_start_game'====== Args={}
2026-04-24 15:53:23,395 : INFO : EventManager : Event: ======'game_start'====== Args={'buttons': [], 'hold_time': 0.10013966698898003}
2026-04-24 15:53:23,395 : INFO : EventManager : Event: ======'mode_game_will_start'====== Args={'buttons': [], 'hold_time': 0.10013966698898003}
2026-04-24 15:53:23,398 : INFO : EventManager : Event: ======'mode_game_starting'====== Args={'buttons': [], 'hold_time': 0.10013966698898003}
2026-04-24 15:53:23,399 : INFO : EventManager : Event: ======'mode_attract_will_stop'====== Args={}
2026-04-24 15:53:23,399 : INFO : EventManager : Event: ======'mode_attract_stopping'====== Args={}
2026-04-24 15:53:23,399 : INFO : Mode.attract : Stopped.
2026-04-24 15:53:23,399 : INFO : EventManager : Event: ======'modes_active_modes_changed'====== Args={}
2026-04-24 15:53:23,400 : INFO : EventManager : Event: ======'mode_attract_stopped'====== Args={}
2026-04-24 15:53:23,400 : INFO : EventManager : Event: ======'clear'====== Args={'key': 'attract'}
2026-04-24 15:53:23,400 : INFO : Mode.game : Started. Priority: 20
2026-04-24 15:53:23,401 : INFO : EventManager : Event: ======'modes_active_modes_changed'====== Args={}
2026-04-24 15:53:23,401 : INFO : EventManager : Event: ======'mode_game_started'====== Args={'buttons': [], 'hold_time': 0.10013966698898003}
2026-04-24 15:53:23,401 : INFO : EventManager : Event: ======'game_will_start'====== Args={}
2026-04-24 15:53:23,401 : INFO : EventManager : Event: ======'game_starting'====== Args={'game': <Mode.game>}
2026-04-24 15:53:23,401 : INFO : EventManager : Unordered handler for class <Auditor> on event game_ended with priority 1. Handlers: [RegisteredHandler(callback=<bound method Auditor.disable of <Auditor>>, priority=1, kwargs={}, key=UUID('e795a8a9-5309-4d47-9f02-933d16f078e2'), condition=None, blocking_facility=None), RegisteredHandler(callback=<bound method Auditor._save_audits of <Auditor>>, priority=1, kwargs={}, key=UUID('f6d647a0-35d2-4e64-8a14-02b901f5797f'), condition=None, blocking_facility=None)]. The order of those handlers is not defined and they will be executed in random order. This might lead to race conditions and potential bugs.
2026-04-24 15:53:23,401 : INFO : EventManager : Event: ======'player_add_request'====== Args={}
2026-04-24 15:53:23,401 : INFO : EventManager : Event: ======'player_will_add'====== Args={'number': 1}
2026-04-24 15:53:23,402 : INFO : EventManager : Event: ======'player_adding'====== Args={'player': <Player 1>, 'number': 1}
2026-04-24 15:53:23,402 : INFO : EventManager : Event: ======'player_added'====== Args={'player': <Player 1>, 'num': 1}
2026-04-24 15:53:23,402 : INFO : Mode.game : Player added successfully. Total players: 1
2026-04-24 15:53:23,402 : INFO : EventManager : Event: ======'player_index'====== Args={'value': 0, 'prev_value': 0, 'change': 0, 'player_num': 1}
2026-04-24 15:53:23,402 : INFO : EventManager : Event: ======'player_number'====== Args={'value': 1, 'prev_value': 1, 'change': 0, 'player_num': 1}
2026-04-24 15:53:23,402 : INFO : EventManager : Event: ======'player_score'====== Args={'value': 0, 'prev_value': 0, 'change': 0, 'player_num': 1}
2026-04-24 15:53:23,402 : INFO : EventManager : Event: ======'game_started'====== Args={}
2026-04-24 15:53:23,402 : INFO : EventManager : Event: ======'player_turn_will_start'====== Args={'player': <Player 1>, 'number': 1}
2026-04-24 15:53:23,408 : INFO : EventManager : Event: ======'player_turn_starting'====== Args={'player': <Player 1>, 'number': 1}
2026-04-24 15:53:23,409 : INFO : EventManager : Event: ======'player_ball'====== Args={'value': 1, 'prev_value': 0, 'change': 1, 'player_num': 1}
2026-04-24 15:53:23,409 : INFO : EventManager : Event: ======'player_turn_started'====== Args={'player': <Player 1>, 'number': 1}
2026-04-24 15:53:23,409 : INFO : EventManager : Event: ======'ball_will_start'====== Args={'player': 1, 'ball': 1, 'balls_remaining': 2, 'is_extra_ball': False}
2026-04-24 15:53:23,409 : INFO : EventManager : Event: ======'ball_starting'====== Args={'player': 1, 'ball': 1, 'balls_remaining': 2, 'is_extra_ball': False}
2026-04-24 15:53:23,409 : INFO : EventManager : Event: ======'mode_misc_launch_shows_will_start'====== Args={'queue': <QueuedEvent>, 'player': 1, 'ball': 1, 'balls_remaining': 2, 'is_extra_ball': False}
2026-04-24 15:53:23,410 : INFO : EventManager : Event: ======'mode_misc_launch_shows_starting'====== Args={'queue': <QueuedEvent>, 'player': 1, 'ball': 1, 'balls_remaining': 2, 'is_extra_ball': False}
2026-04-24 15:53:23,410 : INFO : EventManager : Event: ======'mode_diverter_activation_will_start'====== Args={'queue': <QueuedEvent>, 'player': 1, 'ball': 1, 'balls_remaining': 2, 'is_extra_ball': False}
2026-04-24 15:53:23,410 : INFO : EventManager : Event: ======'player_shot_r_orbit_small_r_div_enabled'====== Args={'value': True, 'prev_value': 0, 'change': 1, 'player_num': 1}
2026-04-24 15:53:23,410 : INFO : EventManager : Event: ======'player_shot_r_orbit_small_l_div_enabled'====== Args={'value': True, 'prev_value': 0, 'change': 1, 'player_num': 1}
2026-04-24 15:53:23,410 : INFO : EventManager : Event: ======'player_shot_r_captive_l_div_enabled'====== Args={'value': True, 'prev_value': 0, 'change': 1, 'player_num': 1}
2026-04-24 15:53:23,410 : INFO : EventManager : Event: ======'player_shot_r_stationary_r_div_enabled'====== Args={'value': True, 'prev_value': 0, 'change': 1, 'player_num': 1}
2026-04-24 15:53:23,410 : INFO : EventManager : Event: ======'mode_diverter_activation_starting'====== Args={'queue': <QueuedEvent>, 'player': 1, 'ball': 1, 'balls_remaining': 2, 'is_extra_ball': False}
2026-04-24 15:53:23,411 : INFO : EventManager : Event: ======'mode_base_gi_control_will_start'====== Args={'queue': <QueuedEvent>, 'player': 1, 'ball': 1, 'balls_remaining': 2, 'is_extra_ball': False}
2026-04-24 15:53:23,411 : INFO : EventManager : Event: ======'mode_base_gi_control_starting'====== Args={'queue': <QueuedEvent>, 'player': 1, 'ball': 1, 'balls_remaining': 2, 'is_extra_ball': False}
2026-04-24 15:53:23,411 : INFO : EventManager : Event: ======'mode_misc_drop_bank_will_start'====== Args={'queue': <QueuedEvent>, 'player': 1, 'ball': 1, 'balls_remaining': 2, 'is_extra_ball': False}
2026-04-24 15:53:23,411 : INFO : EventManager : Event: ======'player_shot_r_drop_l_misc_enabled'====== Args={'value': True, 'prev_value': 0, 'change': 1, 'player_num': 1}
2026-04-24 15:53:23,411 : INFO : EventManager : Event: ======'player_shot_r_drop_m_misc_enabled'====== Args={'value': True, 'prev_value': 0, 'change': 1, 'player_num': 1}
2026-04-24 15:53:23,411 : INFO : EventManager : Event: ======'player_shot_r_drop_r_misc_enabled'====== Args={'value': True, 'prev_value': 0, 'change': 1, 'player_num': 1}
2026-04-24 15:53:23,411 : INFO : EventManager : Event: ======'sg_drops_misc_complete'====== Args={'state': 'drop_lit'}
2026-04-24 15:53:23,411 : INFO : EventManager : Event: ======'sg_drops_misc_drop_lit_complete'====== Args={}
2026-04-24 15:53:23,412 : INFO : EventManager : Event: ======'mode_misc_drop_bank_starting'====== Args={'queue': <QueuedEvent>, 'player': 1, 'ball': 1, 'balls_remaining': 2, 'is_extra_ball': False}
2026-04-24 15:53:23,412 : INFO : EventManager : Event: ======'mode_base_will_start'====== Args={'queue': <QueuedEvent>, 'player': 1, 'ball': 1, 'balls_remaining': 2, 'is_extra_ball': False}
2026-04-24 15:53:23,412 : INFO : EventManager : Event: ======'player_shot_r_orbit_small_r_base_enabled'====== Args={'value': True, 'prev_value': 0, 'change': 1, 'player_num': 1}
2026-04-24 15:53:23,412 : INFO : EventManager : Event: ======'player_shot_r_orbit_small_l_base_enabled'====== Args={'value': True, 'prev_value': 0, 'change': 1, 'player_num': 1}
2026-04-24 15:53:23,412 : INFO : EventManager : Event: ======'player_shot_r_pop_enabled'====== Args={'value': True, 'prev_value': 0, 'change': 1, 'player_num': 1}
2026-04-24 15:53:23,412 : INFO : EventManager : Event: ======'player_shot_r_sling_l_enabled'====== Args={'value': True, 'prev_value': 0, 'change': 1, 'player_num': 1}
2026-04-24 15:53:23,412 : INFO : EventManager : Event: ======'player_shot_r_sling_r_enabled'====== Args={'value': True, 'prev_value': 0, 'change': 1, 'player_num': 1}
2026-04-24 15:53:23,412 : INFO : EventManager : Event: ======'player_shot_r_scoop_enabled'====== Args={'value': True, 'prev_value': 0, 'change': 1, 'player_num': 1}
2026-04-24 15:53:23,412 : INFO : EventManager : Event: ======'mode_base_starting'====== Args={'queue': <QueuedEvent>, 'player': 1, 'ball': 1, 'balls_remaining': 2, 'is_extra_ball': False}
2026-04-24 15:53:23,413 : INFO : Mode.base : Started. Priority: 100
2026-04-24 15:53:23,413 : INFO : EventManager : Event: ======'modes_active_modes_changed'====== Args={}
2026-04-24 15:53:23,413 : INFO : EventManager : Event: ======'mode_base_started'====== Args={'queue': <QueuedEvent>, 'player': 1, 'ball': 1, 'balls_remaining': 2, 'is_extra_ball': False}
2026-04-24 15:53:23,413 : INFO : Mode.misc_drop_bank : Started. Priority: 100
2026-04-24 15:53:23,413 : INFO : EventManager : Event: ======'modes_active_modes_changed'====== Args={}
2026-04-24 15:53:23,413 : INFO : EventManager : Event: ======'mode_misc_drop_bank_started'====== Args={'queue': <QueuedEvent>, 'player': 1, 'ball': 1, 'balls_remaining': 2, 'is_extra_ball': False}
2026-04-24 15:53:23,413 : INFO : Mode.base_gi_control : Started. Priority: 100
2026-04-24 15:53:23,413 : INFO : EventManager : Event: ======'modes_active_modes_changed'====== Args={}
2026-04-24 15:53:23,413 : INFO : EventManager : Event: ======'mode_base_gi_control_started'====== Args={'queue': <QueuedEvent>, 'player': 1, 'ball': 1, 'balls_remaining': 2, 'is_extra_ball': False}
2026-04-24 15:53:23,413 : INFO : Mode.diverter_activation : Started. Priority: 101
2026-04-24 15:53:23,413 : INFO : EventManager : Event: ======'modes_active_modes_changed'====== Args={}
2026-04-24 15:53:23,413 : INFO : EventManager : Event: ======'mode_diverter_activation_started'====== Args={'queue': <QueuedEvent>, 'player': 1, 'ball': 1, 'balls_remaining': 2, 'is_extra_ball': False}
2026-04-24 15:53:23,413 : INFO : EventManager : Event: ======'player_v_right_ramp'====== Args={'value': 0, 'prev_value': 0, 'change': 0, 'player_num': 1, 'source': 'diverter_activation'}
2026-04-24 15:53:23,413 : INFO : Mode.misc_launch_shows : Started. Priority: 1000
2026-04-24 15:53:23,413 : INFO : EventManager : Event: ======'modes_active_modes_changed'====== Args={}
2026-04-24 15:53:23,413 : INFO : EventManager : Event: ======'mode_misc_launch_shows_started'====== Args={'queue': <QueuedEvent>, 'player': 1, 'ball': 1, 'balls_remaining': 2, 'is_extra_ball': False}
2026-04-24 15:53:23,413 : INFO : EventManager : Event: ======'balls_in_play'====== Args={'balls': 1}
2026-04-24 15:53:23,413 : INFO : EventManager : Event: ======'ball_started'====== Args={'player': 1, 'ball': 1, 'balls_remaining': 2, 'is_extra_ball': False}
2026-04-24 15:53:23,414 : INFO : EventManager : Event: ======'diverter_d_middle_diverter_enabling'====== Args={'auto': False}
2026-04-24 15:53:23,414 : INFO : drop_target_bank.dt_bank : All targets are already up. Will not reset bank.
2026-04-24 15:53:23,414 : INFO : EventManager : Event: ======'single_player_ball_started'====== Args={}
2026-04-24 15:53:23,414 : INFO : EventManager : Event: ======'ball_start_target'====== Args={'target': 'playfield'}
2026-04-24 15:53:23,415 : INFO : ball_device.bd_autolauncher : Setting up player-controlled eject. Balls: 1, Target: <playfield.playfield>, player_controlled_eject_event: sw_launch
2026-04-24 15:53:23,415 : INFO : EventManager : Event: ======'balldevice_balls_available'====== Args={}
2026-04-24 15:53:23,415 : INFO : ball_device.bd_trough : State: waiting_for_target_ready
2026-04-24 15:53:23,415 : INFO : EventManager : Event: ======'balldevice_bd_trough_ball_eject_attempt'====== Args={'balls': 1, 'target': <ball_device.bd_autolauncher>, 'source': <ball_device.bd_trough>, 'mechanical_eject': True, 'num_attempts': 0}
2026-04-24 15:53:23,415 : INFO : ball_device.bd_autolauncher : State: waiting_for_ball
2026-04-24 15:53:23,415 : INFO : ball_device.bd_trough : State: ejecting
2026-04-24 15:53:23,415 : INFO : ball_device.bd_trough : Ejecting ball to <ball_device.bd_autolauncher>
2026-04-24 15:53:23,415 : INFO : EventManager : Event: ======'balldevice_bd_trough_ejecting_ball'====== Args={'balls': 1, 'target': <ball_device.bd_autolauncher>, 'source': <ball_device.bd_trough>, 'mechanical_eject': True, 'num_attempts': 0}
2026-04-24 15:53:23,415 : INFO : ball_device.bd_trough : Wait for ball to leave device
2026-04-24 15:53:23,416 : INFO : coil.c_trough : Pulsing Driver for 12ms (1.0 pulse_power)
2026-04-24 15:53:24,417 : INFO : EventManager : Event: ======'balldevice_bd_trough_ball_eject_failed'====== Args={'target': <ball_device.bd_autolauncher>, 'balls': 1, 'retry': True, 'num_attempts': 1}
2026-04-24 15:53:24,418 : INFO : ball_device.bd_trough : State: waiting_for_target_ready
2026-04-24 15:53:24,418 : INFO : EventManager : Event: ======'balldevice_bd_trough_ball_eject_attempt'====== Args={'balls': 1, 'target': <ball_device.bd_autolauncher>, 'source': <ball_device.bd_trough>, 'mechanical_eject': True, 'num_attempts': 1}
2026-04-24 15:53:24,418 : INFO : ball_device.bd_trough : State: ejecting
2026-04-24 15:53:24,419 : INFO : ball_device.bd_trough : Ejecting ball to <ball_device.bd_autolauncher>
2026-04-24 15:53:24,419 : INFO : EventManager : Event: ======'balldevice_bd_trough_ejecting_ball'====== Args={'balls': 1, 'target': <ball_device.bd_autolauncher>, 'source': <ball_device.bd_trough>, 'mechanical_eject': True, 'num_attempts': 1}
2026-04-24 15:53:24,420 : INFO : ball_device.bd_trough : Wait for ball to leave device
2026-04-24 15:53:24,420 : INFO : coil.c_trough : Pulsing Driver for 12ms (1.0 pulse_power)
2026-04-24 15:53:25,421 : INFO : EventManager : Event: ======'balldevice_bd_trough_ball_eject_failed'====== Args={'target': <ball_device.bd_autolauncher>, 'balls': 1, 'retry': True, 'num_attempts': 2}
2026-04-24 15:53:25,422 : INFO : ball_device.bd_trough : State: waiting_for_target_ready
2026-04-24 15:53:25,423 : INFO : EventManager : Event: ======'balldevice_bd_trough_ball_eject_attempt'====== Args={'balls': 1, 'target': <ball_device.bd_autolauncher>, 'source': <ball_device.bd_trough>, 'mechanical_eject': True, 'num_attempts': 2}
2026-04-24 15:53:25,423 : INFO : ball_device.bd_trough : State: ejecting
2026-04-24 15:53:25,424 : INFO : ball_device.bd_trough : Ejecting ball to <ball_device.bd_autolauncher>
2026-04-24 15:53:25,424 : INFO : EventManager : Event: ======'balldevice_bd_trough_ejecting_ball'====== Args={'balls': 1, 'target': <ball_device.bd_autolauncher>, 'source': <ball_device.bd_trough>, 'mechanical_eject': True, 'num_attempts': 2}
2026-04-24 15:53:25,424 : INFO : ball_device.bd_trough : Wait for ball to leave device
2026-04-24 15:53:25,425 : INFO : coil.c_trough : Pulsing Driver for 12ms (1.0 pulse_power)
2026-04-24 15:53:26,129 : INFO : SwitchController : <<<<<<< 's_trough_5' inactive >>>>>>>
2026-04-24 15:53:26,426 : INFO : EventManager : Event: ======'balldevice_bd_trough_ball_eject_failed'====== Args={'target': <ball_device.bd_autolauncher>, 'balls': 1, 'retry': True, 'num_attempts': 3}
2026-04-24 15:53:26,427 : INFO : ball_device.bd_trough : State: waiting_for_target_ready
2026-04-24 15:53:26,427 : INFO : EventManager : Event: ======'balldevice_bd_trough_ball_eject_attempt'====== Args={'balls': 1, 'target': <ball_device.bd_autolauncher>, 'source': <ball_device.bd_trough>, 'mechanical_eject': True, 'num_attempts': 3}
2026-04-24 15:53:26,427 : INFO : ball_device.bd_trough : State: ejecting
2026-04-24 15:53:26,428 : INFO : ball_device.bd_trough : Ejecting ball to <ball_device.bd_autolauncher>
2026-04-24 15:53:26,428 : INFO : EventManager : Event: ======'balldevice_bd_trough_ejecting_ball'====== Args={'balls': 1, 'target': <ball_device.bd_autolauncher>, 'source': <ball_device.bd_trough>, 'mechanical_eject': True, 'num_attempts': 3}
2026-04-24 15:53:26,430 : INFO : ball_device.bd_trough : Wait for ball to leave device
2026-04-24 15:53:26,430 : INFO : coil.c_trough : Pulsing Driver for 12ms (1.0 pulse_power)
2026-04-24 15:53:27,432 : INFO : EventManager : Event: ======'balldevice_bd_trough_ball_eject_failed'====== Args={'target': <ball_device.bd_autolauncher>, 'balls': 1, 'retry': True, 'num_attempts': 4}
2026-04-24 15:53:27,433 : INFO : ball_device.bd_trough : State: waiting_for_target_ready
2026-04-24 15:53:27,433 : INFO : EventManager : Event: ======'balldevice_bd_trough_ball_eject_attempt'====== Args={'balls': 1, 'target': <ball_device.bd_autolauncher>, 'source': <ball_device.bd_trough>, 'mechanical_eject': True, 'num_attempts': 4}
2026-04-24 15:53:27,434 : INFO : ball_device.bd_trough : State: ejecting
2026-04-24 15:53:27,434 : INFO : ball_device.bd_trough : Ejecting ball to <ball_device.bd_autolauncher>
2026-04-24 15:53:27,434 : INFO : EventManager : Event: ======'balldevice_bd_trough_ejecting_ball'====== Args={'balls': 1, 'target': <ball_device.bd_autolauncher>, 'source': <ball_device.bd_trough>, 'mechanical_eject': True, 'num_attempts': 4}
2026-04-24 15:53:27,435 : INFO : ball_device.bd_trough : Wait for ball to leave device
2026-04-24 15:53:27,435 : INFO : coil.c_trough : Pulsing Driver for 12ms (1.0 pulse_power)
2026-04-24 15:53:28,284 : INFO : SwitchController : <<<<<<< 's_trough_4' inactive >>>>>>>
2026-04-24 15:53:28,285 : INFO : ball_device.bd_trough : State: ball_left
2026-04-24 15:53:28,285 : INFO : ball_device.bd_trough : Ball left
2026-04-24 15:53:28,285 : INFO : ball_device.bd_trough : Wait for confirm with timeout 1.0
2026-04-24 15:53:29,286 : INFO : ball_device.bd_trough : State: failed_confirm
2026-04-24 15:53:29,287 : INFO : ball_device.bd_trough : Got timeout (1.0s) before confirm from <ball_device.bd_autolauncher>
2026-04-24 15:53:30,395 : INFO : SwitchController : <<<<<<< 's_autolauncher' active >>>>>>>
2026-04-24 15:53:30,396 : INFO : EventManager : Event: ======'machine_var_audits_switches_s_autolauncher'====== Args={'value': 133, 'prev_value': 132, 'change': 1}
2026-04-24 15:53:30,696 : INFO : ball_device.bd_autolauncher : Received ball from <ball_device.bd_trough>
2026-04-24 15:53:30,697 : INFO : EventManager : Event: ======'balldevice_bd_autolauncher_ball_enter'====== Args={'new_balls': 1, 'unclaimed_balls': 0, 'new_available_balls': 0, 'device': <ball_device.bd_autolauncher>}
2026-04-24 15:53:30,698 : INFO : EventManager : Event: ======'balldevice_bd_autolauncher_ball_entered'====== Args={'new_balls': 0, 'device': <ball_device.bd_autolauncher>}
2026-04-24 15:53:30,698 : INFO : EventManager : Event: ======'balldevice_bd_autolauncher_ball_count_changed'====== Args={'balls': 1}
2026-04-24 15:53:30,698 : INFO : ball_device.bd_trough : Eject successful
2026-04-24 15:53:30,698 : INFO : EventManager : Event: ======'balldevice_bd_trough_ball_eject_success'====== Args={'balls': 1, 'target': <ball_device.bd_autolauncher>}
2026-04-24 15:53:30,699 : INFO : EventManager : Event: ======'balldevice_bd_trough_ball_count_changed'====== Args={'balls': 0}
2026-04-24 15:53:30,699 : INFO : ball_device.bd_trough : State: idle
2026-04-24 15:53:30,700 : INFO : ball_device.bd_autolauncher : State: waiting_for_target_ready
2026-04-24 15:53:30,700 : INFO : EventManager : Event: ======'balldevice_bd_autolauncher_ball_eject_attempt'====== Args={'balls': 1, 'target': <playfield.playfield>, 'source': <ball_device.bd_autolauncher>, 'mechanical_eject': True, 'num_attempts': 0}
2026-04-24 15:53:30,700 : INFO : ball_device.bd_autolauncher : State: ejecting
2026-04-24 15:53:30,700 : INFO : ball_device.bd_autolauncher : Ejecting ball to <playfield.playfield>
2026-04-24 15:53:30,701 : INFO : EventManager : Event: ======'balldevice_bd_autolauncher_ejecting_ball'====== Args={'balls': 1, 'target': <playfield.playfield>, 'source': <ball_device.bd_autolauncher>, 'mechanical_eject': True, 'num_attempts': 0}
2026-04-24 15:53:30,701 : INFO : ball_device.bd_autolauncher : Wait for ball to leave device
2026-04-24 15:53:32,491 : INFO : SwitchController : <<<<<<< 's_autolauncher' inactive >>>>>>>
2026-04-24 15:53:32,494 : INFO : ball_device.bd_autolauncher : State: ball_left
2026-04-24 15:53:32,494 : INFO : ball_device.bd_autolauncher : Ball left
2026-04-24 15:53:32,494 : INFO : ball_device.bd_autolauncher : Wait for confirm with timeout 3.0
2026-04-24 15:53:35,496 : INFO : ball_device.bd_autolauncher : State: failed_confirm
2026-04-24 15:53:35,496 : INFO : ball_device.bd_autolauncher : Got timeout (3.0s) before confirm from <playfield.playfield>
2026-04-24 15:53:35,598 : INFO : ball_device.bd_autolauncher : Confirming eject because target is playfield and ball did not return.
2026-04-24 15:53:35,598 : INFO : ball_device.bd_autolauncher : Eject successful
2026-04-24 15:53:35,598 : INFO : EventManager : Event: ======'balldevice_bd_autolauncher_ball_eject_success'====== Args={'balls': 1, 'target': <playfield.playfield>}
2026-04-24 15:53:35,599 : INFO : EventManager : Event: ======'stop_launch_shows'====== Args={'priority': 0}
2026-04-24 15:53:35,600 : INFO : EventManager : Event: ======'balldevice_playfield_ball_enter'====== Args={'new_balls': 1, 'unclaimed_balls': 1, 'device': <playfield.playfield>}
2026-04-24 15:53:35,600 : INFO : EventManager : Event: ======'playfield_ball_count_change'====== Args={'balls': 1, 'change': 1}
2026-04-24 15:53:35,601 : INFO : EventManager : Event: ======'mode_misc_launch_shows_will_stop'====== Args={}
2026-04-24 15:53:35,601 : INFO : EventManager : Event: ======'mode_misc_launch_shows_stopping'====== Args={}
2026-04-24 15:53:35,601 : INFO : Mode.misc_launch_shows : Stopped.
2026-04-24 15:53:35,601 : INFO : EventManager : Event: ======'modes_active_modes_changed'====== Args={}
2026-04-24 15:53:35,602 : INFO : EventManager : Event: ======'mode_misc_launch_shows_stopped'====== Args={}
2026-04-24 15:53:35,602 : INFO : EventManager : Event: ======'clear'====== Args={'key': 'misc_launch_shows'}
2026-04-24 15:53:35,603 : INFO : EventManager : Event: ======'balldevice_bd_autolauncher_ball_count_changed'====== Args={'balls': 0}
2026-04-24 15:53:35,603 : INFO : ball_device.bd_autolauncher : State: idle
2026-04-24 15:53:40,895 : INFO : SwitchController : <<<<<<< 's_drop_l' active >>>>>>>
2026-04-24 15:53:40,895 : INFO : EventManager : Event: ======'s_drop_l_active'====== Args={}
2026-04-24 15:53:40,895 : INFO : EventManager : Event: ======'drop_target_left_down'====== Args={'device': <drop_target.left>}
2026-04-24 15:53:40,896 : INFO : EventManager : Event: ======'drop_target_bank_dt_bank_mixed'====== Args={'prev_value': <DropTargetBankState.UP: 'up'>, 'down': 1}
2026-04-24 15:53:40,896 : INFO : EventManager : Event: ======'machine_var_audits_switches_s_drop_l'====== Args={'value': 35, 'prev_value': 34, 'change': 1}
2026-04-24 15:53:40,897 : INFO : EventManager : Event: ======'player_shot_r_drop_l_misc'====== Args={'value': 1, 'prev_value': 0, 'change': 1, 'player_num': 1}
2026-04-24 15:53:40,898 : INFO : EventManager : Event: ======'machine_var_audits_shots_r_drop_l_misc'====== Args={'value': 27, 'prev_value': 26, 'change': 1}
2026-04-24 15:53:40,898 : INFO : EventManager : Event: ======'r_drop_l_misc_hit'====== Args={'profile': 'sp_drop_misc', 'state': 'drop_lit', 'advancing': True}
2026-04-24 15:53:40,898 : INFO : EventManager : Event: ======'r_drop_l_misc_sp_drop_misc_hit'====== Args={'profile': 'sp_drop_misc', 'state': 'drop_lit', 'advancing': True}
2026-04-24 15:53:40,898 : INFO : EventManager : Event: ======'r_drop_l_misc_sp_drop_misc_drop_lit_hit'====== Args={'profile': 'sp_drop_misc', 'state': 'drop_lit', 'advancing': True}
2026-04-24 15:53:40,899 : INFO : EventManager : Event: ======'r_drop_l_misc_drop_lit_hit'====== Args={'profile': 'sp_drop_misc', 'state': 'drop_lit', 'advancing': True}
2026-04-24 15:53:40,899 : INFO : EventManager : Event: ======'sg_drops_misc_hit'====== Args={'shot': 'r_drop_l_misc'}
2026-04-24 15:53:40,899 : INFO : EventManager : Event: ======'sg_drops_misc_drop_lit_hit'====== Args={'shot': 'r_drop_l_misc'}
2026-04-24 15:53:41,022 : INFO : SwitchController : <<<<<<< 's_drop_l' inactive >>>>>>>
2026-04-24 15:53:41,022 : INFO : EventManager : Event: ======'drop_target_left_up'====== Args={'device': <drop_target.left>}
2026-04-24 15:53:41,022 : INFO : EventManager : Event: ======'drop_target_bank_dt_bank_up'====== Args={}
2026-04-24 15:53:42,111 : INFO : SwitchController : <<<<<<< 's_drop_m' active >>>>>>>
2026-04-24 15:53:42,111 : INFO : EventManager : Event: ======'s_drop_m_active'====== Args={}
2026-04-24 15:53:42,112 : INFO : EventManager : Event: ======'drop_target_mid_down'====== Args={'device': <drop_target.mid>}
2026-04-24 15:53:42,113 : INFO : EventManager : Event: ======'drop_target_bank_dt_bank_mixed'====== Args={'prev_value': <DropTargetBankState.UP: 'up'>, 'down': 1}
2026-04-24 15:53:42,113 : INFO : EventManager : Event: ======'machine_var_audits_switches_s_drop_m'====== Args={'value': 49, 'prev_value': 48, 'change': 1}
2026-04-24 15:53:42,114 : INFO : EventManager : Event: ======'player_shot_r_drop_m_misc'====== Args={'value': 1, 'prev_value': 0, 'change': 1, 'player_num': 1}
2026-04-24 15:53:42,114 : INFO : EventManager : Event: ======'machine_var_audits_shots_r_drop_m_misc'====== Args={'value': 27, 'prev_value': 26, 'change': 1}
2026-04-24 15:53:42,115 : INFO : EventManager : Event: ======'r_drop_m_misc_hit'====== Args={'profile': 'sp_drop_misc', 'state': 'drop_lit', 'advancing': True}
2026-04-24 15:53:42,115 : INFO : EventManager : Event: ======'r_drop_m_misc_sp_drop_misc_hit'====== Args={'profile': 'sp_drop_misc', 'state': 'drop_lit', 'advancing': True}
2026-04-24 15:53:42,115 : INFO : EventManager : Event: ======'r_drop_m_misc_sp_drop_misc_drop_lit_hit'====== Args={'profile': 'sp_drop_misc', 'state': 'drop_lit', 'advancing': True}
2026-04-24 15:53:42,115 : INFO : EventManager : Event: ======'r_drop_m_misc_drop_lit_hit'====== Args={'profile': 'sp_drop_misc', 'state': 'drop_lit', 'advancing': True}
2026-04-24 15:53:42,116 : INFO : EventManager : Event: ======'sg_drops_misc_hit'====== Args={'shot': 'r_drop_m_misc'}
2026-04-24 15:53:42,116 : INFO : EventManager : Event: ======'sg_drops_misc_drop_lit_hit'====== Args={'shot': 'r_drop_m_misc'}
2026-04-24 15:53:42,262 : INFO : SwitchController : <<<<<<< 's_drop_m' inactive >>>>>>>
2026-04-24 15:53:42,262 : INFO : EventManager : Event: ======'drop_target_mid_up'====== Args={'device': <drop_target.mid>}
2026-04-24 15:53:42,262 : INFO : EventManager : Event: ======'drop_target_bank_dt_bank_up'====== Args={}
2026-04-24 15:53:43,461 : INFO : SwitchController : <<<<<<< 's_drop_r' active >>>>>>>
2026-04-24 15:53:43,461 : INFO : EventManager : Event: ======'s_drop_r_active'====== Args={}
2026-04-24 15:53:43,461 : INFO : EventManager : Event: ======'drop_target_right_down'====== Args={'device': <drop_target.right>}
2026-04-24 15:53:43,462 : INFO : EventManager : Event: ======'drop_target_bank_dt_bank_mixed'====== Args={'prev_value': <DropTargetBankState.UP: 'up'>, 'down': 1}
2026-04-24 15:53:43,462 : INFO : EventManager : Event: ======'machine_var_audits_switches_s_drop_r'====== Args={'value': 36, 'prev_value': 35, 'change': 1}
2026-04-24 15:53:43,462 : INFO : EventManager : Event: ======'player_shot_r_drop_r_misc'====== Args={'value': 1, 'prev_value': 0, 'change': 1, 'player_num': 1}
2026-04-24 15:53:43,463 : INFO : EventManager : Event: ======'machine_var_audits_shots_r_drop_r_misc'====== Args={'value': 29, 'prev_value': 28, 'change': 1}
2026-04-24 15:53:43,463 : INFO : EventManager : Event: ======'r_drop_r_misc_hit'====== Args={'profile': 'sp_drop_misc', 'state': 'drop_lit', 'advancing': True}
2026-04-24 15:53:43,463 : INFO : EventManager : Event: ======'r_drop_r_misc_sp_drop_misc_hit'====== Args={'profile': 'sp_drop_misc', 'state': 'drop_lit', 'advancing': True}
2026-04-24 15:53:43,463 : INFO : EventManager : Event: ======'r_drop_r_misc_sp_drop_misc_drop_lit_hit'====== Args={'profile': 'sp_drop_misc', 'state': 'drop_lit', 'advancing': True}
2026-04-24 15:53:43,463 : INFO : EventManager : Event: ======'r_drop_r_misc_drop_lit_hit'====== Args={'profile': 'sp_drop_misc', 'state': 'drop_lit', 'advancing': True}
2026-04-24 15:53:43,464 : INFO : EventManager : Event: ======'sg_drops_misc_complete'====== Args={'state': 'drop_hit'}
2026-04-24 15:53:43,464 : INFO : EventManager : Event: ======'sg_drops_misc_drop_hit_complete'====== Args={}
2026-04-24 15:53:43,464 : INFO : EventManager : Event: ======'enable_misc_drop_bank_lit'====== Args={'priority': 0}
2026-04-24 15:53:43,464 : INFO : EventManager : Event: ======'mode_misc_drop_bank_lit_will_start'====== Args={'priority': 0}
2026-04-24 15:53:43,464 : INFO : EventManager : Event: ======'player_shot_r_drop_behind_misc_enabled'====== Args={'value': True, 'prev_value': 0, 'change': 1, 'player_num': 1}
2026-04-24 15:53:43,465 : INFO : EventManager : Event: ======'mode_misc_drop_bank_lit_starting'====== Args={'priority': 0}
2026-04-24 15:53:43,465 : INFO : EventManager : Event: ======'sg_drops_misc_hit'====== Args={'shot': 'r_drop_r_misc'}
2026-04-24 15:53:43,465 : INFO : EventManager : Event: ======'sg_drops_misc_drop_lit_hit'====== Args={'shot': 'r_drop_r_misc'}
2026-04-24 15:53:43,465 : INFO : Mode.misc_drop_bank_lit : Started. Priority: 100
2026-04-24 15:53:43,465 : INFO : EventManager : Event: ======'modes_active_modes_changed'====== Args={}
2026-04-24 15:53:43,466 : INFO : EventManager : Event: ======'mode_misc_drop_bank_lit_started'====== Args={'priority': 0}
2026-04-24 15:53:43,581 : INFO : SwitchController : <<<<<<< 's_drop_r' inactive >>>>>>>
2026-04-24 15:53:43,581 : INFO : EventManager : Event: ======'drop_target_right_up'====== Args={'device': <drop_target.right>}
2026-04-24 15:53:43,581 : INFO : EventManager : Event: ======'drop_target_bank_dt_bank_up'====== Args={}
2026-04-24 15:53:51,594 : INFO : SwitchController : <<<<<<< 's_kicker_orbit' active >>>>>>>
2026-04-24 15:53:51,595 : INFO : EventManager : Event: ======'s_kicker_orbit_active'====== Args={}
2026-04-24 15:53:51,595 : INFO : EventManager : Event: ======'machine_var_audits_switches_s_kicker_orbit'====== Args={'value': 193, 'prev_value': 192, 'change': 1}
2026-04-24 15:53:51,596 : INFO : EventManager : Event: ======'machine_var_audits_shots_r_drop_behind_misc'====== Args={'value': 18, 'prev_value': 17, 'change': 1}
2026-04-24 15:53:51,596 : INFO : EventManager : Event: ======'r_drop_behind_misc_hit'====== Args={'profile': 'sp_drop_behind_misc', 'state': 'drop_behind_lit', 'advancing': False}
2026-04-24 15:53:51,601 : INFO : EventManager : Event: ======'r_drop_behind_misc_sp_drop_behind_misc_hit'====== Args={'profile': 'sp_drop_behind_misc', 'state': 'drop_behind_lit', 'advancing': False}
2026-04-24 15:53:51,601 : INFO : EventManager : Event: ======'r_drop_behind_misc_sp_drop_behind_misc_drop_behind_lit_hit'====== Args={'profile': 'sp_drop_behind_misc', 'state': 'drop_behind_lit', 'advancing': False}
2026-04-24 15:53:51,601 : INFO : EventManager : Event: ======'r_drop_behind_misc_drop_behind_lit_hit'====== Args={'profile': 'sp_drop_behind_misc', 'state': 'drop_behind_lit', 'advancing': False}
2026-04-24 15:53:51,601 : INFO : EventManager : Event: ======'reset_drop_bank'====== Args={'priority': 0}
2026-04-24 15:53:51,601 : INFO : EventManager : Event: ======'reset_sg_drops_misc'====== Args={'priority': 0}
2026-04-24 15:53:51,601 : INFO : EventManager : Event: ======'stop_misc_drop_bank_lit'====== Args={'priority': 0}
2026-04-24 15:53:51,602 : INFO : EventManager : Event: ======'start_misc_drops_bank'====== Args={'priority': 0}
2026-04-24 15:53:51,602 : INFO : drop_target_bank.dt_bank : All targets are already up. Will not reset bank.
2026-04-24 15:53:51,602 : INFO : EventManager : Event: ======'player_shot_r_drop_l_misc'====== Args={'value': 0, 'prev_value': 1, 'change': -1, 'player_num': 1}
2026-04-24 15:53:51,603 : INFO : EventManager : Event: ======'player_shot_r_drop_m_misc'====== Args={'value': 0, 'prev_value': 1, 'change': -1, 'player_num': 1}
2026-04-24 15:53:51,603 : INFO : EventManager : Event: ======'player_shot_r_drop_r_misc'====== Args={'value': 0, 'prev_value': 1, 'change': -1, 'player_num': 1}
2026-04-24 15:53:51,604 : INFO : EventManager : Event: ======'sg_drops_misc_complete'====== Args={'state': 'drop_lit'}
2026-04-24 15:53:51,604 : INFO : EventManager : Event: ======'sg_drops_misc_drop_lit_complete'====== Args={}
2026-04-24 15:53:51,604 : INFO : EventManager : Event: ======'enable_misc_drop_bank_lit'====== Args={'priority': 0}
2026-04-24 15:53:51,604 : INFO : EventManager : Event: ======'mode_misc_drop_bank_lit_will_stop'====== Args={}
2026-04-24 15:53:51,604 : INFO : EventManager : Event: ======'mode_misc_drop_bank_lit_stopping'====== Args={}
2026-04-24 15:53:51,605 : INFO : Mode.misc_drop_bank_lit : Stopped.
2026-04-24 15:53:51,605 : INFO : EventManager : Event: ======'modes_active_modes_changed'====== Args={}
2026-04-24 15:53:51,605 : INFO : EventManager : Event: ======'mode_misc_drop_bank_lit_stopped'====== Args={}
2026-04-24 15:53:51,605 : INFO : EventManager : Event: ======'clear'====== Args={'key': 'misc_drop_bank_lit'}
2026-04-24 15:53:51,729 : INFO : SwitchController : <<<<<<< 's_kicker_orbit' inactive >>>>>>>
2026-04-24 15:53:53,845 : INFO : SwitchController : <<<<<<< 's_drop_l' active >>>>>>>
2026-04-24 15:53:53,845 : INFO : EventManager : Event: ======'s_drop_l_active'====== Args={}
2026-04-24 15:53:53,846 : INFO : EventManager : Event: ======'drop_target_left_down'====== Args={'device': <drop_target.left>}
2026-04-24 15:53:53,847 : INFO : EventManager : Event: ======'drop_target_bank_dt_bank_mixed'====== Args={'prev_value': <DropTargetBankState.UP: 'up'>, 'down': 1}
2026-04-24 15:53:53,847 : INFO : EventManager : Event: ======'machine_var_audits_switches_s_drop_l'====== Args={'value': 36, 'prev_value': 35, 'change': 1}
2026-04-24 15:53:53,848 : INFO : EventManager : Event: ======'player_shot_r_drop_l_misc'====== Args={'value': 1, 'prev_value': 0, 'change': 1, 'player_num': 1}
2026-04-24 15:53:53,854 : INFO : EventManager : Event: ======'machine_var_audits_shots_r_drop_l_misc'====== Args={'value': 28, 'prev_value': 27, 'change': 1}
2026-04-24 15:53:53,854 : INFO : EventManager : Event: ======'r_drop_l_misc_hit'====== Args={'profile': 'sp_drop_misc', 'state': 'drop_lit', 'advancing': True}
2026-04-24 15:53:53,855 : INFO : EventManager : Event: ======'r_drop_l_misc_sp_drop_misc_hit'====== Args={'profile': 'sp_drop_misc', 'state': 'drop_lit', 'advancing': True}
2026-04-24 15:53:53,855 : INFO : EventManager : Event: ======'r_drop_l_misc_sp_drop_misc_drop_lit_hit'====== Args={'profile': 'sp_drop_misc', 'state': 'drop_lit', 'advancing': True}
2026-04-24 15:53:53,855 : INFO : EventManager : Event: ======'r_drop_l_misc_drop_lit_hit'====== Args={'profile': 'sp_drop_misc', 'state': 'drop_lit', 'advancing': True}
2026-04-24 15:53:53,856 : INFO : EventManager : Event: ======'sg_drops_misc_hit'====== Args={'shot': 'r_drop_l_misc'}
2026-04-24 15:53:53,856 : INFO : EventManager : Event: ======'sg_drops_misc_drop_lit_hit'====== Args={'shot': 'r_drop_l_misc'}
2026-04-24 15:53:53,967 : INFO : SwitchController : <<<<<<< 's_drop_l' inactive >>>>>>>
2026-04-24 15:53:53,967 : INFO : EventManager : Event: ======'drop_target_left_up'====== Args={'device': <drop_target.left>}
2026-04-24 15:53:53,967 : INFO : EventManager : Event: ======'drop_target_bank_dt_bank_up'====== Args={}
2026-04-24 15:53:54,527 : INFO : SwitchController : <<<<<<< 's_drop_m' active >>>>>>>
2026-04-24 15:53:54,527 : INFO : EventManager : Event: ======'s_drop_m_active'====== Args={}
2026-04-24 15:53:54,527 : INFO : EventManager : Event: ======'drop_target_mid_down'====== Args={'device': <drop_target.mid>}
2026-04-24 15:53:54,527 : INFO : EventManager : Event: ======'drop_target_bank_dt_bank_mixed'====== Args={'prev_value': <DropTargetBankState.UP: 'up'>, 'down': 1}
2026-04-24 15:53:54,528 : INFO : EventManager : Event: ======'machine_var_audits_switches_s_drop_m'====== Args={'value': 50, 'prev_value': 49, 'change': 1}
2026-04-24 15:53:54,528 : INFO : EventManager : Event: ======'player_shot_r_drop_m_misc'====== Args={'value': 1, 'prev_value': 0, 'change': 1, 'player_num': 1}
2026-04-24 15:53:54,528 : INFO : EventManager : Event: ======'machine_var_audits_shots_r_drop_m_misc'====== Args={'value': 28, 'prev_value': 27, 'change': 1}
2026-04-24 15:53:54,528 : INFO : EventManager : Event: ======'r_drop_m_misc_hit'====== Args={'profile': 'sp_drop_misc', 'state': 'drop_lit', 'advancing': True}
2026-04-24 15:53:54,528 : INFO : EventManager : Event: ======'r_drop_m_misc_sp_drop_misc_hit'====== Args={'profile': 'sp_drop_misc', 'state': 'drop_lit', 'advancing': True}
2026-04-24 15:53:54,529 : INFO : EventManager : Event: ======'r_drop_m_misc_sp_drop_misc_drop_lit_hit'====== Args={'profile': 'sp_drop_misc', 'state': 'drop_lit', 'advancing': True}
2026-04-24 15:53:54,529 : INFO : EventManager : Event: ======'r_drop_m_misc_drop_lit_hit'====== Args={'profile': 'sp_drop_misc', 'state': 'drop_lit', 'advancing': True}
2026-04-24 15:53:54,529 : INFO : EventManager : Event: ======'sg_drops_misc_hit'====== Args={'shot': 'r_drop_m_misc'}
2026-04-24 15:53:54,529 : INFO : EventManager : Event: ======'sg_drops_misc_drop_lit_hit'====== Args={'shot': 'r_drop_m_misc'}
2026-04-24 15:53:54,651 : INFO : SwitchController : <<<<<<< 's_drop_m' inactive >>>>>>>
2026-04-24 15:53:54,651 : INFO : EventManager : Event: ======'drop_target_mid_up'====== Args={'device': <drop_target.mid>}
2026-04-24 15:53:54,651 : INFO : EventManager : Event: ======'drop_target_bank_dt_bank_up'====== Args={}
2026-04-24 15:53:55,696 : INFO : SwitchController : <<<<<<< 's_drop_r' active >>>>>>>
2026-04-24 15:53:55,696 : INFO : EventManager : Event: ======'s_drop_r_active'====== Args={}
2026-04-24 15:53:55,697 : INFO : EventManager : Event: ======'drop_target_right_down'====== Args={'device': <drop_target.right>}
2026-04-24 15:53:55,698 : INFO : EventManager : Event: ======'drop_target_bank_dt_bank_mixed'====== Args={'prev_value': <DropTargetBankState.UP: 'up'>, 'down': 1}
2026-04-24 15:53:55,698 : INFO : EventManager : Event: ======'machine_var_audits_switches_s_drop_r'====== Args={'value': 37, 'prev_value': 36, 'change': 1}
2026-04-24 15:53:55,699 : INFO : EventManager : Event: ======'player_shot_r_drop_r_misc'====== Args={'value': 1, 'prev_value': 0, 'change': 1, 'player_num': 1}
2026-04-24 15:53:55,700 : INFO : EventManager : Event: ======'machine_var_audits_shots_r_drop_r_misc'====== Args={'value': 30, 'prev_value': 29, 'change': 1}
2026-04-24 15:53:55,700 : INFO : EventManager : Event: ======'r_drop_r_misc_hit'====== Args={'profile': 'sp_drop_misc', 'state': 'drop_lit', 'advancing': True}
2026-04-24 15:53:55,700 : INFO : EventManager : Event: ======'r_drop_r_misc_sp_drop_misc_hit'====== Args={'profile': 'sp_drop_misc', 'state': 'drop_lit', 'advancing': True}
2026-04-24 15:53:55,701 : INFO : EventManager : Event: ======'r_drop_r_misc_sp_drop_misc_drop_lit_hit'====== Args={'profile': 'sp_drop_misc', 'state': 'drop_lit', 'advancing': True}
2026-04-24 15:53:55,701 : INFO : EventManager : Event: ======'r_drop_r_misc_drop_lit_hit'====== Args={'profile': 'sp_drop_misc', 'state': 'drop_lit', 'advancing': True}
2026-04-24 15:53:55,701 : INFO : EventManager : Event: ======'sg_drops_misc_complete'====== Args={'state': 'drop_hit'}
2026-04-24 15:53:55,702 : INFO : EventManager : Event: ======'sg_drops_misc_drop_hit_complete'====== Args={}
2026-04-24 15:53:55,702 : INFO : EventManager : Event: ======'enable_misc_drop_bank_lit'====== Args={'priority': 0}
2026-04-24 15:53:55,702 : INFO : EventManager : Event: ======'mode_misc_drop_bank_lit_will_start'====== Args={'priority': 0}
2026-04-24 15:53:55,704 : INFO : EventManager : Event: ======'mode_misc_drop_bank_lit_starting'====== Args={'priority': 0}
2026-04-24 15:53:55,704 : INFO : EventManager : Event: ======'sg_drops_misc_hit'====== Args={'shot': 'r_drop_r_misc'}
2026-04-24 15:53:55,704 : INFO : EventManager : Event: ======'sg_drops_misc_drop_lit_hit'====== Args={'shot': 'r_drop_r_misc'}
2026-04-24 15:53:55,705 : INFO : Mode.misc_drop_bank_lit : Started. Priority: 100
2026-04-24 15:53:55,705 : INFO : EventManager : Event: ======'modes_active_modes_changed'====== Args={}
2026-04-24 15:53:55,706 : INFO : EventManager : Event: ======'mode_misc_drop_bank_lit_started'====== Args={'priority': 0}
2026-04-24 15:53:55,799 : INFO : SwitchController : <<<<<<< 's_drop_r' inactive >>>>>>>
2026-04-24 15:53:55,799 : INFO : EventManager : Event: ======'drop_target_right_up'====== Args={'device': <drop_target.right>}
2026-04-24 15:53:55,800 : INFO : EventManager : Event: ======'drop_target_bank_dt_bank_up'====== Args={}
2026-04-24 15:54:28,045 : INFO : SwitchController : <<<<<<< 's_kicker_orbit' active >>>>>>>
2026-04-24 15:54:28,062 : INFO : EventManager : Event: ======'s_kicker_orbit_active'====== Args={}
2026-04-24 15:54:28,064 : INFO : EventManager : Event: ======'machine_var_audits_switches_s_kicker_orbit'====== Args={'value': 194, 'prev_value': 193, 'change': 1}
2026-04-24 15:54:28,067 : INFO : EventManager : Event: ======'machine_var_audits_shots_r_drop_behind_misc'====== Args={'value': 19, 'prev_value': 18, 'change': 1}
2026-04-24 15:54:28,068 : INFO : EventManager : Event: ======'r_drop_behind_misc_hit'====== Args={'profile': 'sp_drop_behind_misc', 'state': 'drop_behind_lit', 'advancing': False}
2026-04-24 15:54:28,072 : INFO : EventManager : Event: ======'r_drop_behind_misc_sp_drop_behind_misc_hit'====== Args={'profile': 'sp_drop_behind_misc', 'state': 'drop_behind_lit', 'advancing': False}
2026-04-24 15:54:28,073 : INFO : EventManager : Event: ======'r_drop_behind_misc_sp_drop_behind_misc_drop_behind_lit_hit'====== Args={'profile': 'sp_drop_behind_misc', 'state': 'drop_behind_lit', 'advancing': False}
2026-04-24 15:54:28,073 : INFO : EventManager : Event: ======'r_drop_behind_misc_drop_behind_lit_hit'====== Args={'profile': 'sp_drop_behind_misc', 'state': 'drop_behind_lit', 'advancing': False}
2026-04-24 15:54:28,076 : INFO : EventManager : Event: ======'reset_drop_bank'====== Args={'priority': 0}
2026-04-24 15:54:28,076 : INFO : EventManager : Event: ======'reset_sg_drops_misc'====== Args={'priority': 0}
2026-04-24 15:54:28,076 : INFO : EventManager : Event: ======'stop_misc_drop_bank_lit'====== Args={'priority': 0}
2026-04-24 15:54:28,076 : INFO : EventManager : Event: ======'start_misc_drops_bank'====== Args={'priority': 0}
2026-04-24 15:54:28,076 : INFO : drop_target_bank.dt_bank : All targets are already up. Will not reset bank.
2026-04-24 15:54:28,076 : INFO : EventManager : Event: ======'player_shot_r_drop_l_misc'====== Args={'value': 0, 'prev_value': 1, 'change': -1, 'player_num': 1}
2026-04-24 15:54:28,076 : INFO : EventManager : Event: ======'player_shot_r_drop_m_misc'====== Args={'value': 0, 'prev_value': 1, 'change': -1, 'player_num': 1}
2026-04-24 15:54:28,077 : INFO : EventManager : Event: ======'player_shot_r_drop_r_misc'====== Args={'value': 0, 'prev_value': 1, 'change': -1, 'player_num': 1}
2026-04-24 15:54:28,077 : INFO : EventManager : Event: ======'sg_drops_misc_complete'====== Args={'state': 'drop_lit'}
2026-04-24 15:54:28,077 : INFO : EventManager : Event: ======'sg_drops_misc_drop_lit_complete'====== Args={}
2026-04-24 15:54:28,077 : INFO : EventManager : Event: ======'enable_misc_drop_bank_lit'====== Args={'priority': 0}
2026-04-24 15:54:28,077 : INFO : EventManager : Event: ======'mode_misc_drop_bank_lit_will_stop'====== Args={}
2026-04-24 15:54:28,077 : INFO : EventManager : Event: ======'mode_misc_drop_bank_lit_stopping'====== Args={}
2026-04-24 15:54:28,078 : INFO : Mode.misc_drop_bank_lit : Stopped.
2026-04-24 15:54:28,078 : INFO : EventManager : Event: ======'modes_active_modes_changed'====== Args={}
2026-04-24 15:54:28,078 : INFO : EventManager : Event: ======'mode_misc_drop_bank_lit_stopped'====== Args={}
2026-04-24 15:54:28,078 : INFO : EventManager : Event: ======'clear'====== Args={'key': 'misc_drop_bank_lit'}
2026-04-24 15:54:28,145 : INFO : SwitchController : <<<<<<< 's_kicker_orbit' inactive >>>>>>>
2026-04-24 15:55:35,090 : INFO : SwitchController : <<<<<<< 's_kicker_orbit' active >>>>>>>
2026-04-24 15:55:35,091 : INFO : EventManager : Event: ======'machine_var_audits_switches_s_kicker_orbit'====== Args={'value': 195, 'prev_value': 194, 'change': 1}
2026-04-24 15:55:35,205 : INFO : SwitchController : <<<<<<< 's_kicker_orbit' inactive >>>>>>>
2026-04-24 15:55:36,172 : INFO : SwitchController : <<<<<<< 's_kicker_orbit' active >>>>>>>
2026-04-24 15:55:36,172 : INFO : EventManager : Event: ======'machine_var_audits_switches_s_kicker_orbit'====== Args={'value': 196, 'prev_value': 195, 'change': 1}
2026-04-24 15:55:36,307 : INFO : SwitchController : <<<<<<< 's_kicker_orbit' inactive >>>>>>>
2026-04-24 15:56:42,758 : INFO : Machine : Shutting down...
2026-04-24 15:56:42,759 : INFO : EventManager : Event: ======'shutdown'====== Args={}
2026-04-24 15:56:42,769 : INFO : EventManager : Event: ======'mode_game_will_stop'====== Args={}
2026-04-24 15:56:42,770 : INFO : EventManager : Event: ======'mode_game_stopping'====== Args={}
2026-04-24 15:56:42,770 : INFO : EventManager : Event: ======'mode_base_gi_control_will_stop'====== Args={}
2026-04-24 15:56:42,770 : INFO : EventManager : Event: ======'mode_base_gi_control_stopping'====== Args={}
2026-04-24 15:56:42,770 : INFO : EventManager : Event: ======'mode_misc_drop_bank_will_stop'====== Args={}
2026-04-24 15:56:42,770 : INFO : EventManager : Event: ======'mode_misc_drop_bank_stopping'====== Args={}
2026-04-24 15:56:42,771 : INFO : EventManager : Event: ======'mode_base_will_stop'====== Args={}
2026-04-24 15:56:42,771 : INFO : EventManager : Event: ======'mode_base_stopping'====== Args={}
2026-04-24 15:56:42,771 : INFO : EventManager : Event: ======'mode_diverter_activation_will_stop'====== Args={}
2026-04-24 15:56:42,771 : INFO : EventManager : Event: ======'mode_diverter_activation_stopping'====== Args={}
2026-04-24 15:56:42,771 : INFO : Mode.diverter_activation : Stopped.
2026-04-24 15:56:42,771 : INFO : EventManager : Event: ======'modes_active_modes_changed'====== Args={}
2026-04-24 15:56:42,771 : INFO : EventManager : Event: ======'mode_diverter_activation_stopped'====== Args={}
2026-04-24 15:56:42,771 : INFO : EventManager : Event: ======'clear'====== Args={'key': 'diverter_activation'}
2026-04-24 15:56:42,771 : INFO : Mode.base : Stopped.
2026-04-24 15:56:42,771 : INFO : EventManager : Event: ======'modes_active_modes_changed'====== Args={}
2026-04-24 15:56:42,771 : INFO : EventManager : Event: ======'mode_base_stopped'====== Args={}
2026-04-24 15:56:42,771 : INFO : EventManager : Event: ======'clear'====== Args={'key': 'base'}
2026-04-24 15:56:42,772 : INFO : Mode.misc_drop_bank : Stopped.
2026-04-24 15:56:42,772 : INFO : EventManager : Event: ======'modes_active_modes_changed'====== Args={}
2026-04-24 15:56:42,772 : INFO : EventManager : Event: ======'mode_misc_drop_bank_stopped'====== Args={}
2026-04-24 15:56:42,772 : INFO : EventManager : Event: ======'clear'====== Args={'key': 'misc_drop_bank'}
2026-04-24 15:56:42,772 : INFO : Mode.base_gi_control : Stopped.
2026-04-24 15:56:42,772 : INFO : EventManager : Event: ======'modes_active_modes_changed'====== Args={}
2026-04-24 15:56:42,773 : INFO : EventManager : Event: ======'mode_base_gi_control_stopped'====== Args={}
2026-04-24 15:56:42,773 : INFO : EventManager : Event: ======'clear'====== Args={'key': 'base_gi_control'}
2026-04-24 15:56:42,773 : INFO : Mode.game : Stopped.
2026-04-24 15:56:42,773 : INFO : EventManager : Event: ======'modes_active_modes_changed'====== Args={}
2026-04-24 15:56:42,773 : INFO : EventManager : Event: ======'mode_game_stopped'====== Args={}
2026-04-24 15:56:42,773 : INFO : EventManager : Event: ======'clear'====== Args={'key': 'game'}
2026-04-24 15:56:42,774 : INFO : root : MPF run loop ended.
