2026-04-24 11:43:07,869 : INFO : root : Loading config.
2026-04-24 11:43:07,872 : INFO : YamlMultifileConfigLoader : Machine config file #1: config.yaml
2026-04-24 11:43:07,872 : INFO : ConfigProcessor : Loading config from cache: /var/folders/l2/q8hj_6s91xnb2jxg1sqm0h7r0000gn/T/9d21ea9a81fcfc5941f8ed75c4a080eb.mpf_cache
2026-04-24 11:43:07,901 : INFO : ConfigProcessor : Loading config from cache: /var/folders/l2/q8hj_6s91xnb2jxg1sqm0h7r0000gn/T/43115b802accf167344a214047a50cd4.mpf_cache
2026-04-24 11:43:07,901 : INFO : ConfigProcessor : Loading config from cache: /var/folders/l2/q8hj_6s91xnb2jxg1sqm0h7r0000gn/T/bd1387dfa7de7ffc5bacad015019c743.mpf_cache
2026-04-24 11:43:07,901 : INFO : ConfigProcessor : Loading config from cache: /var/folders/l2/q8hj_6s91xnb2jxg1sqm0h7r0000gn/T/d126ded0bd5e51d3c29826a335e85340.mpf_cache
2026-04-24 11:43:07,902 : INFO : ConfigProcessor : Loading config from cache: /var/folders/l2/q8hj_6s91xnb2jxg1sqm0h7r0000gn/T/43115b802accf167344a214047a50cd4.mpf_cache
2026-04-24 11:43:07,902 : INFO : ConfigProcessor : Loading config from cache: /var/folders/l2/q8hj_6s91xnb2jxg1sqm0h7r0000gn/T/fb286bdec51e83b76c44a07e18af10e7.mpf_cache
2026-04-24 11:43:07,902 : WARNING : ConfigProcessor : Config file in cache changed: /Users/tannerpetch/Documents/GitHub/trashland_3/modes/misc_drop_bank/config/misc_drop_bank.yaml
2026-04-24 11:43:07,902 : INFO : ConfigProcessor : Loading config from file /Users/tannerpetch/Documents/GitHub/trashland_3/modes/misc_drop_bank/config/misc_drop_bank.yaml.
2026-04-24 11:43:07,903 : INFO : ConfigProcessor : Loading config: /Users/tannerpetch/Documents/GitHub/trashland_3/modes/misc_drop_bank/config/misc_drop_bank.yaml
2026-04-24 11:43:07,903 : INFO : ConfigProcessor : Config file cache created: /var/folders/l2/q8hj_6s91xnb2jxg1sqm0h7r0000gn/T/4a0392f72066fff3dac8952634b7a9cd.mpf_cache
2026-04-24 11:43:07,903 : INFO : ConfigProcessor : Loading config from cache: /var/folders/l2/q8hj_6s91xnb2jxg1sqm0h7r0000gn/T/a4506495691bdf3563a8fd11a9d79f10.mpf_cache
2026-04-24 11:43:07,904 : INFO : ConfigProcessor : Loading config from cache: /var/folders/l2/q8hj_6s91xnb2jxg1sqm0h7r0000gn/T/7e62a906c63d3b7efc85393a80e94c06.mpf_cache
2026-04-24 11:43:07,904 : INFO : ConfigProcessor : Loading config from cache: /var/folders/l2/q8hj_6s91xnb2jxg1sqm0h7r0000gn/T/ca66b8f571437747b2f2875349d15af7.mpf_cache
2026-04-24 11:43:07,904 : INFO : Machine : Mission Pinball Framework Core Engine v0.80.0.dev14
2026-04-24 11:43:07,904 : INFO : Machine : Command line arguments: {'no_load_cache': False, 'create_config_cache': True, 'bcp': False, 'configfile': ['config.yaml'], 'force_assets_load': False, 'platform_integration_test': False, 'jsonlogging': False, 'logfile': 'logs/2026-04-24-11-43-07-mpf-Tanners-Laptop.localdomain.log', 'pause': False, 'production': False, 'text_ui': True, 'loglevel': 15, 'consoleloglevel': 20, 'force_platform': 'virtual', 'syslog_address': None, 'full_logfile_path': '/Users/tannerpetch/Documents/GitHub/trashland_3/logs/2026-04-24-11-43-07-mpf-Tanners-Laptop.localdomain.log'}
2026-04-24 11:43:07,904 : INFO : Machine : MPF path: /Library/Frameworks/Python.framework/Versions/3.11/lib/python3.11/site-packages/mpf
2026-04-24 11:43:07,904 : INFO : Machine : Machine path: /Users/tannerpetch/Documents/GitHub/trashland_3
2026-04-24 11:43:07,904 : INFO : Machine : Platform: darwin
2026-04-24 11:43:07,904 : INFO : Machine : Python executable location: /Library/Frameworks/Python.framework/Versions/3.11/bin/python3.11
2026-04-24 11:43:07,904 : INFO : Machine : Python version: 3.11.9 (64-bit)
2026-04-24 11:43:07,904 : INFO : Machine : Initializing MPF...
2026-04-24 11:43:07,926 : INFO : EventManager : Event: ======'machine_var_credits_string'====== Args={'value': 'FREE PLAY', 'prev_value': None, 'change': True}
2026-04-24 11:43:07,932 : INFO : EventManager : Event: ======'machine_var_master_volume'====== Args={'value': 0.5, 'prev_value': None, 'change': True}
2026-04-24 11:43:07,932 : INFO : EventManager : Event: ======'machine_var_player1_score'====== Args={'value': 310, 'prev_value': None, 'change': True}
2026-04-24 11:43:07,932 : INFO : EventManager : Event: ======'machine_var_mpf_version'====== Args={'value': 'Mission Pinball Framework v0.80.0.dev14', 'prev_value': None, 'change': True}
2026-04-24 11:43:07,932 : INFO : EventManager : Event: ======'machine_var_mpf_extended_version'====== Args={'value': 'Mission Pinball Framework v0.80.0.dev14, Config version:6, Show version: 6, BCP version:1.1', 'prev_value': None, 'change': True}
2026-04-24 11:43:07,932 : INFO : EventManager : Event: ======'machine_var_python_version'====== Args={'value': '3.11.9', 'prev_value': None, 'change': True}
2026-04-24 11:43:07,941 : INFO : EventManager : Event: ======'machine_var_platform'====== Args={'value': 'macOS-14.3-arm64-arm-64bit', 'prev_value': None, 'change': True}
2026-04-24 11:43:07,941 : INFO : EventManager : Event: ======'machine_var_platform_system'====== Args={'value': 'Darwin', 'prev_value': None, 'change': True}
2026-04-24 11:43:07,941 : INFO : EventManager : Event: ======'machine_var_platform_release'====== Args={'value': '23.3.0', 'prev_value': None, 'change': True}
2026-04-24 11:43:07,941 : INFO : EventManager : Event: ======'machine_var_platform_version'====== Args={'value': 'Darwin Kernel Version 23.3.0: Thu Dec 21 02:29:41 PST 2023; root:xnu-10002.81.5~11/RELEASE_ARM64_T8122', 'prev_value': None, 'change': True}
2026-04-24 11:43:07,941 : INFO : EventManager : Event: ======'machine_var_platform_machine'====== Args={'value': 'arm64', 'prev_value': None, 'change': True}
2026-04-24 11:43:07,941 : INFO : EventManager : Event: ======'machine_var_log_file_path'====== Args={'value': '/Users/tannerpetch/Documents/GitHub/trashland_3/logs/2026-04-24-11-43-07-mpf-Tanners-Laptop.localdomain.log', 'prev_value': None, 'change': True}
2026-04-24 11:43:07,941 : INFO : EventManager : Event: ======'init_phase_1'====== Args={}
2026-04-24 11:43:07,964 : INFO : EventManager : Event: ======'drop_target_bank_dt_single_up'====== Args={}
2026-04-24 11:43:07,964 : INFO : EventManager : Event: ======'drop_target_bank_dt_bank_up'====== Args={}
2026-04-24 11:43:07,964 : INFO : EventManager : Event: ======'init_phase_2'====== Args={}
2026-04-24 11:43:07,966 : INFO : ball_device.bd_scoop : BCH: Initial count: 0
2026-04-24 11:43:07,966 : INFO : ball_device.bd_scoop : State: idle
2026-04-24 11:43:07,966 : INFO : ball_device.bd_trough : BCH: Initial count: 0
2026-04-24 11:43:07,966 : INFO : ball_device.bd_trough : State: idle
2026-04-24 11:43:07,966 : INFO : ball_device.bd_autolauncher : BCH: Initial count: 0
2026-04-24 11:43:07,966 : INFO : ball_device.bd_autolauncher : State: idle
2026-04-24 11:43:07,967 : INFO : ball_device.bd_kicker_orbit : BCH: Initial count: 0
2026-04-24 11:43:07,967 : INFO : ball_device.bd_kicker_orbit : State: idle
2026-04-24 11:43:07,967 : INFO : ball_device.bd_lower_vuk : BCH: Initial count: 0
2026-04-24 11:43:07,967 : INFO : ball_device.bd_lower_vuk : State: idle
2026-04-24 11:43:07,967 : INFO : ball_device.bd_vuk_back : BCH: Initial count: 0
2026-04-24 11:43:07,967 : INFO : ball_device.bd_vuk_back : State: idle
2026-04-24 11:43:07,967 : INFO : ball_device.bd_vuk_upper : BCH: Initial count: 0
2026-04-24 11:43:07,967 : INFO : ball_device.bd_vuk_upper : State: idle
2026-04-24 11:43:07,967 : INFO : ball_device.bd_b_lock : BCH: Initial count: 0
2026-04-24 11:43:07,967 : INFO : ball_device.bd_b_lock : State: idle
2026-04-24 11:43:07,971 : INFO : EventManager : Event: ======'init_phase_3'====== Args={}
2026-04-24 11:43:07,973 : INFO : EventManager : Event: ======'init_phase_4'====== Args={}
2026-04-24 11:43:07,973 : INFO : BallController : Initial balls found: 0
2026-04-24 11:43:07,973 : INFO : EventManager : Event: ======'machine_var_audits_events_game_ended'====== Args={'value': 10, 'prev_value': None, 'change': True}
2026-04-24 11:43:07,973 : INFO : EventManager : Event: ======'machine_var_audits_events_game_started'====== Args={'value': 37, 'prev_value': None, 'change': True}
2026-04-24 11:43:07,973 : INFO : EventManager : Event: ======'machine_var_audits_missing_switches_s_autolauncher'====== Args={'value': 2, 'prev_value': None, 'change': True}
2026-04-24 11:43:07,974 : INFO : EventManager : Event: ======'machine_var_audits_missing_switches_s_b_eos'====== Args={'value': 2, 'prev_value': None, 'change': True}
2026-04-24 11:43:07,974 : INFO : EventManager : Event: ======'machine_var_audits_missing_switches_s_b_pop'====== Args={'value': 2, 'prev_value': None, 'change': True}
2026-04-24 11:43:07,974 : INFO : EventManager : Event: ======'machine_var_audits_missing_switches_s_b_rollover_interchange'====== Args={'value': 4, 'prev_value': None, 'change': True}
2026-04-24 11:43:07,974 : INFO : EventManager : Event: ======'machine_var_audits_missing_switches_s_b_rollover_loop'====== Args={'value': 3, 'prev_value': None, 'change': True}
2026-04-24 11:43:07,974 : INFO : EventManager : Event: ======'machine_var_audits_missing_switches_s_b_rollover_misc'====== Args={'value': 4, 'prev_value': None, 'change': True}
2026-04-24 11:43:07,974 : INFO : EventManager : Event: ======'machine_var_audits_missing_switches_s_b_target_left'====== Args={'value': 4, 'prev_value': None, 'change': True}
2026-04-24 11:43:07,974 : INFO : EventManager : Event: ======'machine_var_audits_missing_switches_s_b_target_right'====== Args={'value': 4, 'prev_value': None, 'change': True}
2026-04-24 11:43:07,974 : INFO : EventManager : Event: ======'machine_var_audits_missing_switches_s_bot'====== Args={'value': 4, 'prev_value': None, 'change': True}
2026-04-24 11:43:07,974 : INFO : EventManager : Event: ======'machine_var_audits_missing_switches_s_bot_mid'====== Args={'value': 2, 'prev_value': None, 'change': True}
2026-04-24 11:43:07,974 : INFO : EventManager : Event: ======'machine_var_audits_missing_switches_s_captive_l'====== Args={'value': 4, 'prev_value': None, 'change': True}
2026-04-24 11:43:07,974 : INFO : EventManager : Event: ======'machine_var_audits_missing_switches_s_captive_r'====== Args={'value': 4, 'prev_value': None, 'change': True}
2026-04-24 11:43:07,974 : INFO : EventManager : Event: ======'machine_var_audits_missing_switches_s_drop_single'====== Args={'value': 2, 'prev_value': None, 'change': True}
2026-04-24 11:43:07,974 : INFO : EventManager : Event: ======'machine_var_audits_missing_switches_s_flipper_but_l_1'====== Args={'value': 2, 'prev_value': None, 'change': True}
2026-04-24 11:43:07,974 : INFO : EventManager : Event: ======'machine_var_audits_missing_switches_s_flipper_but_l_2'====== Args={'value': 2, 'prev_value': None, 'change': True}
2026-04-24 11:43:07,974 : INFO : EventManager : Event: ======'machine_var_audits_missing_switches_s_flipper_but_r_1'====== Args={'value': 2, 'prev_value': None, 'change': True}
2026-04-24 11:43:07,974 : INFO : EventManager : Event: ======'machine_var_audits_missing_switches_s_flipper_but_r_2'====== Args={'value': 2, 'prev_value': None, 'change': True}
2026-04-24 11:43:07,974 : INFO : EventManager : Event: ======'machine_var_audits_missing_switches_s_flipper_l'====== Args={'value': 2, 'prev_value': None, 'change': True}
2026-04-24 11:43:07,974 : INFO : EventManager : Event: ======'machine_var_audits_missing_switches_s_flipper_r'====== Args={'value': 2, 'prev_value': None, 'change': True}
2026-04-24 11:43:07,974 : INFO : EventManager : Event: ======'machine_var_audits_missing_switches_s_flipper_upper_l'====== Args={'value': 2, 'prev_value': None, 'change': True}
2026-04-24 11:43:07,974 : INFO : EventManager : Event: ======'machine_var_audits_missing_switches_s_inlane_l'====== Args={'value': 35, 'prev_value': None, 'change': True}
2026-04-24 11:43:07,974 : INFO : EventManager : Event: ======'machine_var_audits_missing_switches_s_inlane_r'====== Args={'value': 2, 'prev_value': None, 'change': True}
2026-04-24 11:43:07,974 : INFO : EventManager : Event: ======'machine_var_audits_missing_switches_s_kicking_target'====== Args={'value': 2, 'prev_value': None, 'change': True}
2026-04-24 11:43:07,974 : INFO : EventManager : Event: ======'machine_var_audits_missing_switches_s_lock_1'====== Args={'value': 8, 'prev_value': None, 'change': True}
2026-04-24 11:43:07,974 : INFO : EventManager : Event: ======'machine_var_audits_missing_switches_s_lock_2'====== Args={'value': 2, 'prev_value': None, 'change': True}
2026-04-24 11:43:07,974 : INFO : EventManager : Event: ======'machine_var_audits_missing_switches_s_lock_3'====== Args={'value': 2, 'prev_value': None, 'change': True}
2026-04-24 11:43:07,974 : INFO : EventManager : Event: ======'machine_var_audits_missing_switches_s_lower_orbit'====== Args={'value': 4, 'prev_value': None, 'change': True}
2026-04-24 11:43:07,974 : INFO : EventManager : Event: ======'machine_var_audits_missing_switches_s_lower_single'====== Args={'value': 4, 'prev_value': None, 'change': True}
2026-04-24 11:43:07,974 : INFO : EventManager : Event: ======'machine_var_audits_missing_switches_s_lower_sling'====== Args={'value': 2, 'prev_value': None, 'change': True}
2026-04-24 11:43:07,974 : INFO : EventManager : Event: ======'machine_var_audits_missing_switches_s_lower_transfer'====== Args={'value': 4, 'prev_value': None, 'change': True}
2026-04-24 11:43:07,974 : INFO : EventManager : Event: ======'machine_var_audits_missing_switches_s_lower_vuk'====== Args={'value': 2, 'prev_value': None, 'change': True}
2026-04-24 11:43:07,974 : INFO : EventManager : Event: ======'machine_var_audits_missing_switches_s_middle_scoop'====== Args={'value': 2, 'prev_value': None, 'change': True}
2026-04-24 11:43:07,974 : INFO : EventManager : Event: ======'machine_var_audits_missing_switches_s_orbit_small_l'====== Args={'value': 2, 'prev_value': None, 'change': True}
2026-04-24 11:43:07,974 : INFO : EventManager : Event: ======'machine_var_audits_missing_switches_s_orbit_small_r'====== Args={'value': 4, 'prev_value': None, 'change': True}
2026-04-24 11:43:07,974 : INFO : EventManager : Event: ======'machine_var_audits_missing_switches_s_outlane_l'====== Args={'value': 37, 'prev_value': None, 'change': True}
2026-04-24 11:43:07,974 : INFO : EventManager : Event: ======'machine_var_audits_missing_switches_s_outlane_r'====== Args={'value': 37, 'prev_value': None, 'change': True}
2026-04-24 11:43:07,974 : INFO : EventManager : Event: ======'machine_var_audits_missing_switches_s_pop'====== Args={'value': 2, 'prev_value': None, 'change': True}
2026-04-24 11:43:07,974 : INFO : EventManager : Event: ======'machine_var_audits_missing_switches_s_scissor_save'====== Args={'value': 4, 'prev_value': None, 'change': True}
2026-04-24 11:43:07,974 : INFO : EventManager : Event: ======'machine_var_audits_missing_switches_s_sling_l'====== Args={'value': 2, 'prev_value': None, 'change': True}
2026-04-24 11:43:07,974 : INFO : EventManager : Event: ======'machine_var_audits_missing_switches_s_start'====== Args={'value': 4, 'prev_value': None, 'change': True}
2026-04-24 11:43:07,974 : INFO : EventManager : Event: ======'machine_var_audits_missing_switches_s_stationary_l'====== Args={'value': 2, 'prev_value': None, 'change': True}
2026-04-24 11:43:07,974 : INFO : EventManager : Event: ======'machine_var_audits_missing_switches_s_stationary_m'====== Args={'value': 2, 'prev_value': None, 'change': True}
2026-04-24 11:43:07,974 : INFO : EventManager : Event: ======'machine_var_audits_missing_switches_s_stationary_r'====== Args={'value': 2, 'prev_value': None, 'change': True}
2026-04-24 11:43:07,974 : INFO : EventManager : Event: ======'machine_var_audits_missing_switches_s_subway'====== Args={'value': 2, 'prev_value': None, 'change': True}
2026-04-24 11:43:07,974 : INFO : EventManager : Event: ======'machine_var_audits_missing_switches_s_tilt'====== Args={'value': 4, 'prev_value': None, 'change': True}
2026-04-24 11:43:07,974 : INFO : EventManager : Event: ======'machine_var_audits_missing_switches_s_top'====== Args={'value': 2, 'prev_value': None, 'change': True}
2026-04-24 11:43:07,974 : INFO : EventManager : Event: ======'machine_var_audits_missing_switches_s_top_mid'====== Args={'value': 4, 'prev_value': None, 'change': True}
2026-04-24 11:43:07,974 : INFO : EventManager : Event: ======'machine_var_audits_missing_switches_s_trough_1'====== Args={'value': 2, 'prev_value': None, 'change': True}
2026-04-24 11:43:07,974 : INFO : EventManager : Event: ======'machine_var_audits_missing_switches_s_trough_2'====== Args={'value': 2, 'prev_value': None, 'change': True}
2026-04-24 11:43:07,974 : INFO : EventManager : Event: ======'machine_var_audits_missing_switches_s_trough_3'====== Args={'value': 2, 'prev_value': None, 'change': True}
2026-04-24 11:43:07,974 : INFO : EventManager : Event: ======'machine_var_audits_missing_switches_s_trough_4'====== Args={'value': 2, 'prev_value': None, 'change': True}
2026-04-24 11:43:07,974 : INFO : EventManager : Event: ======'machine_var_audits_missing_switches_s_trough_5'====== Args={'value': 3, 'prev_value': None, 'change': True}
2026-04-24 11:43:07,974 : INFO : EventManager : Event: ======'machine_var_audits_missing_switches_s_trough_6'====== Args={'value': 3, 'prev_value': None, 'change': True}
2026-04-24 11:43:07,974 : INFO : EventManager : Event: ======'machine_var_audits_missing_switches_s_trough_jam'====== Args={'value': 2, 'prev_value': None, 'change': True}
2026-04-24 11:43:07,974 : INFO : EventManager : Event: ======'machine_var_audits_missing_switches_s_u_lane_l'====== Args={'value': 4, 'prev_value': None, 'change': True}
2026-04-24 11:43:07,974 : INFO : EventManager : Event: ======'machine_var_audits_missing_switches_s_u_lane_r'====== Args={'value': 4, 'prev_value': None, 'change': True}
2026-04-24 11:43:07,974 : INFO : EventManager : Event: ======'machine_var_audits_missing_switches_s_u_rollover'====== Args={'value': 4, 'prev_value': None, 'change': True}
2026-04-24 11:43:07,974 : INFO : EventManager : Event: ======'machine_var_audits_missing_switches_s_u_target'====== Args={'value': 4, 'prev_value': None, 'change': True}
2026-04-24 11:43:07,974 : INFO : EventManager : Event: ======'machine_var_audits_missing_switches_s_vuk_back'====== Args={'value': 2, 'prev_value': None, 'change': True}
2026-04-24 11:43:07,974 : INFO : EventManager : Event: ======'machine_var_audits_missing_switches_s_vuk_upper'====== Args={'value': 2, 'prev_value': None, 'change': True}
2026-04-24 11:43:07,974 : INFO : EventManager : Event: ======'machine_var_audits_player_score'====== Args={'value': {'average': 31, 'top': [310, 0, 0, 0, 0, 0, 0, 0, 0, 0], 'total': 10}, 'prev_value': None, 'change': True}
2026-04-24 11:43:07,975 : INFO : EventManager : Event: ======'machine_var_audits_shots_r_drop_behind_misc'====== Args={'value': 2, 'prev_value': None, 'change': True}
2026-04-24 11:43:07,975 : INFO : EventManager : Event: ======'machine_var_audits_shots_r_drop_l_misc'====== Args={'value': 2, 'prev_value': None, 'change': True}
2026-04-24 11:43:07,975 : INFO : EventManager : Event: ======'machine_var_audits_shots_r_drop_m_misc'====== Args={'value': 3, 'prev_value': None, 'change': True}
2026-04-24 11:43:07,975 : INFO : EventManager : Event: ======'machine_var_audits_shots_r_drop_r_misc'====== Args={'value': 3, 'prev_value': None, 'change': True}
2026-04-24 11:43:07,975 : INFO : EventManager : Event: ======'machine_var_audits_shots_r_orbit_small_l_base'====== Args={'value': 2, 'prev_value': None, 'change': True}
2026-04-24 11:43:07,975 : INFO : EventManager : Event: ======'machine_var_audits_shots_r_orbit_small_l_div'====== Args={'value': 2, 'prev_value': None, 'change': True}
2026-04-24 11:43:07,975 : INFO : EventManager : Event: ======'machine_var_audits_shots_r_pop'====== Args={'value': 22, 'prev_value': None, 'change': True}
2026-04-24 11:43:07,975 : INFO : EventManager : Event: ======'machine_var_audits_shots_r_scoop'====== Args={'value': 3, 'prev_value': None, 'change': True}
2026-04-24 11:43:07,975 : INFO : EventManager : Event: ======'machine_var_audits_shots_r_sling_l'====== Args={'value': 3, 'prev_value': None, 'change': True}
2026-04-24 11:43:07,975 : INFO : EventManager : Event: ======'machine_var_audits_shots_r_sling_r'====== Args={'value': 6, 'prev_value': None, 'change': True}
2026-04-24 11:43:07,975 : INFO : EventManager : Event: ======'machine_var_audits_shots_r_stationary_r_div'====== Args={'value': 6, 'prev_value': None, 'change': True}
2026-04-24 11:43:07,975 : INFO : EventManager : Event: ======'machine_var_audits_switches_s_autolauncher'====== Args={'value': 124, 'prev_value': None, 'change': True}
2026-04-24 11:43:07,975 : INFO : EventManager : Event: ======'machine_var_audits_switches_s_b_eos'====== Args={'value': 667, 'prev_value': None, 'change': True}
2026-04-24 11:43:07,975 : INFO : EventManager : Event: ======'machine_var_audits_switches_s_b_pop'====== Args={'value': 133, 'prev_value': None, 'change': True}
2026-04-24 11:43:07,975 : INFO : EventManager : Event: ======'machine_var_audits_switches_s_b_rollover_interchange'====== Args={'value': 1, 'prev_value': None, 'change': True}
2026-04-24 11:43:07,975 : INFO : EventManager : Event: ======'machine_var_audits_switches_s_b_rollover_loop'====== Args={'value': 8, 'prev_value': None, 'change': True}
2026-04-24 11:43:07,975 : INFO : EventManager : Event: ======'machine_var_audits_switches_s_b_rollover_misc'====== Args={'value': 1, 'prev_value': None, 'change': True}
2026-04-24 11:43:07,975 : INFO : EventManager : Event: ======'machine_var_audits_switches_s_b_target_left'====== Args={'value': 1, 'prev_value': None, 'change': True}
2026-04-24 11:43:07,975 : INFO : EventManager : Event: ======'machine_var_audits_switches_s_b_target_right'====== Args={'value': 1, 'prev_value': None, 'change': True}
2026-04-24 11:43:07,975 : INFO : EventManager : Event: ======'machine_var_audits_switches_s_bot'====== Args={'value': 1, 'prev_value': None, 'change': True}
2026-04-24 11:43:07,975 : INFO : EventManager : Event: ======'machine_var_audits_switches_s_bot_mid'====== Args={'value': 6, 'prev_value': None, 'change': True}
2026-04-24 11:43:07,975 : INFO : EventManager : Event: ======'machine_var_audits_switches_s_captive_l'====== Args={'value': 1, 'prev_value': None, 'change': True}
2026-04-24 11:43:07,975 : INFO : EventManager : Event: ======'machine_var_audits_switches_s_captive_r'====== Args={'value': 1, 'prev_value': None, 'change': True}
2026-04-24 11:43:07,975 : INFO : EventManager : Event: ======'machine_var_audits_switches_s_drop_l'====== Args={'value': 10, 'prev_value': None, 'change': True}
2026-04-24 11:43:07,975 : INFO : EventManager : Event: ======'machine_var_audits_switches_s_drop_m'====== Args={'value': 25, 'prev_value': None, 'change': True}
2026-04-24 11:43:07,975 : INFO : EventManager : Event: ======'machine_var_audits_switches_s_drop_r'====== Args={'value': 10, 'prev_value': None, 'change': True}
2026-04-24 11:43:07,975 : INFO : EventManager : Event: ======'machine_var_audits_switches_s_drop_single'====== Args={'value': 21, 'prev_value': None, 'change': True}
2026-04-24 11:43:07,975 : INFO : EventManager : Event: ======'machine_var_audits_switches_s_flipper_but_l_1'====== Args={'value': 440, 'prev_value': None, 'change': True}
2026-04-24 11:43:07,975 : INFO : EventManager : Event: ======'machine_var_audits_switches_s_flipper_but_l_2'====== Args={'value': 416, 'prev_value': None, 'change': True}
2026-04-24 11:43:07,975 : INFO : EventManager : Event: ======'machine_var_audits_switches_s_flipper_but_r_1'====== Args={'value': 792, 'prev_value': None, 'change': True}
2026-04-24 11:43:07,975 : INFO : EventManager : Event: ======'machine_var_audits_switches_s_flipper_but_r_2'====== Args={'value': 783, 'prev_value': None, 'change': True}
2026-04-24 11:43:07,975 : INFO : EventManager : Event: ======'machine_var_audits_switches_s_flipper_l'====== Args={'value': 416, 'prev_value': None, 'change': True}
2026-04-24 11:43:07,975 : INFO : EventManager : Event: ======'machine_var_audits_switches_s_flipper_r'====== Args={'value': 1731, 'prev_value': None, 'change': True}
2026-04-24 11:43:07,975 : INFO : EventManager : Event: ======'machine_var_audits_switches_s_flipper_upper_l'====== Args={'value': 393, 'prev_value': None, 'change': True}
2026-04-24 11:43:07,975 : INFO : EventManager : Event: ======'machine_var_audits_switches_s_inlane_l'====== Args={'value': 1, 'prev_value': None, 'change': True}
2026-04-24 11:43:07,975 : INFO : EventManager : Event: ======'machine_var_audits_switches_s_inlane_r'====== Args={'value': 80, 'prev_value': None, 'change': True}
2026-04-24 11:43:07,975 : INFO : EventManager : Event: ======'machine_var_audits_switches_s_kicker_orbit'====== Args={'value': 177, 'prev_value': None, 'change': True}
2026-04-24 11:43:07,975 : INFO : EventManager : Event: ======'machine_var_audits_switches_s_kicking_target'====== Args={'value': 538, 'prev_value': None, 'change': True}
2026-04-24 11:43:07,975 : INFO : EventManager : Event: ======'machine_var_audits_switches_s_launch'====== Args={'value': 121, 'prev_value': None, 'change': True}
2026-04-24 11:43:07,975 : INFO : EventManager : Event: ======'machine_var_audits_switches_s_lock_1'====== Args={'value': 10, 'prev_value': None, 'change': True}
2026-04-24 11:43:07,975 : INFO : EventManager : Event: ======'machine_var_audits_switches_s_lock_2'====== Args={'value': 5, 'prev_value': None, 'change': True}
2026-04-24 11:43:07,975 : INFO : EventManager : Event: ======'machine_var_audits_switches_s_lock_3'====== Args={'value': 5, 'prev_value': None, 'change': True}
2026-04-24 11:43:07,975 : INFO : EventManager : Event: ======'machine_var_audits_switches_s_lower_orbit'====== Args={'value': 5, 'prev_value': None, 'change': True}
2026-04-24 11:43:07,975 : INFO : EventManager : Event: ======'machine_var_audits_switches_s_lower_single'====== Args={'value': 1, 'prev_value': None, 'change': True}
2026-04-24 11:43:07,975 : INFO : EventManager : Event: ======'machine_var_audits_switches_s_lower_sling'====== Args={'value': 8, 'prev_value': None, 'change': True}
2026-04-24 11:43:07,975 : INFO : EventManager : Event: ======'machine_var_audits_switches_s_lower_transfer'====== Args={'value': 3, 'prev_value': None, 'change': True}
2026-04-24 11:43:07,975 : INFO : EventManager : Event: ======'machine_var_audits_switches_s_lower_vuk'====== Args={'value': 15, 'prev_value': None, 'change': True}
2026-04-24 11:43:07,975 : INFO : EventManager : Event: ======'machine_var_audits_switches_s_middle_scoop'====== Args={'value': 14, 'prev_value': None, 'change': True}
2026-04-24 11:43:07,975 : INFO : EventManager : Event: ======'machine_var_audits_switches_s_orbit_small_l'====== Args={'value': 38, 'prev_value': None, 'change': True}
2026-04-24 11:43:07,975 : INFO : EventManager : Event: ======'machine_var_audits_switches_s_orbit_small_r'====== Args={'value': 195, 'prev_value': None, 'change': True}
2026-04-24 11:43:07,975 : INFO : EventManager : Event: ======'machine_var_audits_switches_s_outlane_l'====== Args={'value': 0, 'prev_value': None, 'change': True}
2026-04-24 11:43:07,975 : INFO : EventManager : Event: ======'machine_var_audits_switches_s_outlane_r'====== Args={'value': 0, 'prev_value': None, 'change': True}
2026-04-24 11:43:07,975 : INFO : EventManager : Event: ======'machine_var_audits_switches_s_pop'====== Args={'value': 99, 'prev_value': None, 'change': True}
2026-04-24 11:43:07,975 : INFO : EventManager : Event: ======'machine_var_audits_switches_s_scissor_save'====== Args={'value': 3, 'prev_value': None, 'change': True}
2026-04-24 11:43:07,975 : INFO : EventManager : Event: ======'machine_var_audits_switches_s_sling_l'====== Args={'value': 19, 'prev_value': None, 'change': True}
2026-04-24 11:43:07,975 : INFO : EventManager : Event: ======'machine_var_audits_switches_s_start'====== Args={'value': 5, 'prev_value': None, 'change': True}
2026-04-24 11:43:07,976 : INFO : EventManager : Event: ======'machine_var_audits_switches_s_stationary_l'====== Args={'value': 111, 'prev_value': None, 'change': True}
2026-04-24 11:43:07,976 : INFO : EventManager : Event: ======'machine_var_audits_switches_s_stationary_m'====== Args={'value': 29, 'prev_value': None, 'change': True}
2026-04-24 11:43:07,976 : INFO : EventManager : Event: ======'machine_var_audits_switches_s_stationary_r'====== Args={'value': 35, 'prev_value': None, 'change': True}
2026-04-24 11:43:07,976 : INFO : EventManager : Event: ======'machine_var_audits_switches_s_subway'====== Args={'value': 168, 'prev_value': None, 'change': True}
2026-04-24 11:43:07,976 : INFO : EventManager : Event: ======'machine_var_audits_switches_s_tilt'====== Args={'value': 1, 'prev_value': None, 'change': True}
2026-04-24 11:43:07,976 : INFO : EventManager : Event: ======'machine_var_audits_switches_s_top'====== Args={'value': 6, 'prev_value': None, 'change': True}
2026-04-24 11:43:07,976 : INFO : EventManager : Event: ======'machine_var_audits_switches_s_top_mid'====== Args={'value': 1, 'prev_value': None, 'change': True}
2026-04-24 11:43:07,976 : INFO : EventManager : Event: ======'machine_var_audits_switches_s_trough_1'====== Args={'value': 101, 'prev_value': None, 'change': True}
2026-04-24 11:43:07,976 : INFO : EventManager : Event: ======'machine_var_audits_switches_s_trough_2'====== Args={'value': 60, 'prev_value': None, 'change': True}
2026-04-24 11:43:07,976 : INFO : EventManager : Event: ======'machine_var_audits_switches_s_trough_3'====== Args={'value': 61, 'prev_value': None, 'change': True}
2026-04-24 11:43:07,976 : INFO : EventManager : Event: ======'machine_var_audits_switches_s_trough_4'====== Args={'value': 141, 'prev_value': None, 'change': True}
2026-04-24 11:43:07,976 : INFO : EventManager : Event: ======'machine_var_audits_switches_s_trough_5'====== Args={'value': 48, 'prev_value': None, 'change': True}
2026-04-24 11:43:07,976 : INFO : EventManager : Event: ======'machine_var_audits_switches_s_trough_6'====== Args={'value': 100, 'prev_value': None, 'change': True}
2026-04-24 11:43:07,976 : INFO : EventManager : Event: ======'machine_var_audits_switches_s_trough_jam'====== Args={'value': 73, 'prev_value': None, 'change': True}
2026-04-24 11:43:07,976 : INFO : EventManager : Event: ======'machine_var_audits_switches_s_u_lane_l'====== Args={'value': 1, 'prev_value': None, 'change': True}
2026-04-24 11:43:07,976 : INFO : EventManager : Event: ======'machine_var_audits_switches_s_u_lane_r'====== Args={'value': 1, 'prev_value': None, 'change': True}
2026-04-24 11:43:07,976 : INFO : EventManager : Event: ======'machine_var_audits_switches_s_u_rollover'====== Args={'value': 1, 'prev_value': None, 'change': True}
2026-04-24 11:43:07,976 : INFO : EventManager : Event: ======'machine_var_audits_switches_s_u_target'====== Args={'value': 1, 'prev_value': None, 'change': True}
2026-04-24 11:43:07,976 : INFO : EventManager : Event: ======'machine_var_audits_switches_s_vuk_back'====== Args={'value': 101, 'prev_value': None, 'change': True}
2026-04-24 11:43:07,976 : INFO : EventManager : Event: ======'machine_var_audits_switches_s_vuk_upper'====== Args={'value': 63, 'prev_value': None, 'change': True}
2026-04-24 11:43:07,976 : INFO : EventManager : Event: ======'init_phase_5'====== Args={}
2026-04-24 11:43:07,977 : INFO : EventManager : Event: ======'init_done'====== Args={}
2026-04-24 11:43:07,977 : INFO : EventManager : Event: ======'machine_reset_phase_1'====== Args={}
2026-04-24 11:43:07,977 : INFO : EventManager : Event: ======'machine_reset_phase_2'====== Args={}
2026-04-24 11:43:07,977 : INFO : EventManager : Event: ======'machine_reset_phase_3'====== Args={}
2026-04-24 11:43:07,978 : INFO : EventManager : Event: ======'diverter_d_middle_diverter_deactivating'====== Args={}
2026-04-24 11:43:07,978 : INFO : coil.c_diverter : Disabling Driver
2026-04-24 11:43:07,978 : INFO : EventManager : Event: ======'reset_complete'====== Args={}
2026-04-24 11:43:07,978 : INFO : EventManager : Event: ======'mode_attract_will_start'====== Args={}
2026-04-24 11:43:07,978 : INFO : EventManager : Event: ======'mode_attract_starting'====== Args={}
2026-04-24 11:43:07,978 : INFO : Mode.attract : Started. Priority: 10
2026-04-24 11:43:07,978 : INFO : EventManager : Event: ======'modes_active_modes_changed'====== Args={}
2026-04-24 11:43:07,978 : INFO : EventManager : Event: ======'mode_attract_started'====== Args={}
2026-04-24 11:43:07,978 : INFO : EventManager : Event: ======'collecting_balls_complete'====== Args={}
2026-04-24 11:43:07,979 : INFO : Machine : Starting the main run loop with active modes: [<Mode.attract>]
2026-04-24 11:43:08,738 : INFO : BcpServer : New client connected.
2026-04-24 11:43:10,663 : INFO : SwitchController : <<<<<<< 's_trough_6' active >>>>>>>
2026-04-24 11:43:11,248 : INFO : SwitchController : <<<<<<< 's_trough_5' active >>>>>>>
2026-04-24 11:43:11,876 : INFO : SwitchController : <<<<<<< 's_trough_4' active >>>>>>>
2026-04-24 11:43:12,377 : INFO : EventManager : Event: ======'balldevice_bd_trough_ball_count_changed'====== Args={'balls': 1}
2026-04-24 11:43:12,377 : INFO : ball_device.bd_trough : Received unexpected ball
2026-04-24 11:43:12,377 : INFO : EventManager : Event: ======'balldevice_captured_from_playfield'====== Args={'balls': 1}
2026-04-24 11:43:12,377 : INFO : EventManager : Event: ======'sw_playfield_active'====== Args={'balls': 1}
2026-04-24 11:43:12,378 : INFO : EventManager : Event: ======'playfield_active'====== Args={'source': None}
2026-04-24 11:43:12,378 : INFO : EventManager : Event: ======'unexpected_ball_on_playfield'====== Args={}
2026-04-24 11:43:12,378 : INFO : EventManager : Event: ======'playfield_ball_count_change'====== Args={'balls': -1, 'change': -1}
2026-04-24 11:43:12,378 : INFO : EventManager : Event: ======'balldevice_playfield_ball_enter'====== Args={'new_balls': 1, 'unclaimed_balls': 1, 'device': <playfield.playfield>}
2026-04-24 11:43:12,378 : INFO : EventManager : Event: ======'playfield_ball_count_change'====== Args={'balls': 0, 'change': 1}
2026-04-24 11:43:12,378 : INFO : BallController : Found a new ball which was captured from playfield. Known balls: 1
2026-04-24 11:43:12,378 : INFO : EventManager : Event: ======'found_new_ball'====== Args={}
2026-04-24 11:43:12,378 : INFO : EventManager : Event: ======'balldevice_bd_trough_ball_enter'====== Args={'new_balls': 1, 'unclaimed_balls': 1, 'new_available_balls': 1, 'device': <ball_device.bd_trough>}
2026-04-24 11:43:12,378 : INFO : EventManager : Event: ======'ball_drain'====== Args={'device': <ball_device.bd_trough>, 'balls': 1}
2026-04-24 11:43:12,378 : INFO : EventManager : Event: ======'balldevice_balls_available'====== Args={}
2026-04-24 11:43:12,378 : INFO : EventManager : Event: ======'balldevice_bd_trough_ball_entered'====== Args={'new_balls': 1, 'device': <ball_device.bd_trough>}
2026-04-24 11:43:12,613 : INFO : SwitchController : <<<<<<< 's_start' active >>>>>>>
2026-04-24 11:43:12,713 : INFO : SwitchController : <<<<<<< 's_start' inactive >>>>>>>
2026-04-24 11:43:12,713 : INFO : EventManager : Event: ======'request_to_start_game'====== Args={}
2026-04-24 11:43:12,714 : INFO : EventManager : Event: ======'game_start'====== Args={'buttons': [], 'hold_time': 0.1003334580163937}
2026-04-24 11:43:12,714 : INFO : EventManager : Event: ======'mode_game_will_start'====== Args={'buttons': [], 'hold_time': 0.1003334580163937}
2026-04-24 11:43:12,714 : INFO : EventManager : Event: ======'mode_game_starting'====== Args={'buttons': [], 'hold_time': 0.1003334580163937}
2026-04-24 11:43:12,714 : INFO : EventManager : Event: ======'mode_attract_will_stop'====== Args={}
2026-04-24 11:43:12,714 : INFO : EventManager : Event: ======'mode_attract_stopping'====== Args={}
2026-04-24 11:43:12,714 : INFO : Mode.attract : Stopped.
2026-04-24 11:43:12,714 : INFO : EventManager : Event: ======'modes_active_modes_changed'====== Args={}
2026-04-24 11:43:12,715 : INFO : EventManager : Event: ======'mode_attract_stopped'====== Args={}
2026-04-24 11:43:12,715 : INFO : EventManager : Event: ======'clear'====== Args={'key': 'attract'}
2026-04-24 11:43:12,715 : INFO : Mode.game : Started. Priority: 20
2026-04-24 11:43:12,715 : INFO : EventManager : Event: ======'modes_active_modes_changed'====== Args={}
2026-04-24 11:43:12,715 : INFO : EventManager : Event: ======'mode_game_started'====== Args={'buttons': [], 'hold_time': 0.1003334580163937}
2026-04-24 11:43:12,715 : INFO : EventManager : Event: ======'game_will_start'====== Args={}
2026-04-24 11:43:12,715 : INFO : EventManager : Event: ======'game_starting'====== Args={'game': <Mode.game>}
2026-04-24 11:43:12,716 : INFO : EventManager : Unordered handler for class <Auditor> on event game_ended with priority 1. Handlers: [RegisteredHandler(callback=<bound method Auditor.disable of <Auditor>>, priority=1, kwargs={}, key=UUID('44d56880-e439-4a37-9a09-3f7b3ff246c3'), condition=None, blocking_facility=None), RegisteredHandler(callback=<bound method Auditor._save_audits of <Auditor>>, priority=1, kwargs={}, key=UUID('f5c4d1c2-4e32-4ab4-86f6-c90c3d6e2b39'), condition=None, blocking_facility=None)]. The order of those handlers is not defined and they will be executed in random order. This might lead to race conditions and potential bugs.
2026-04-24 11:43:12,716 : INFO : EventManager : Event: ======'player_add_request'====== Args={}
2026-04-24 11:43:12,716 : INFO : EventManager : Event: ======'player_will_add'====== Args={'number': 1}
2026-04-24 11:43:12,716 : INFO : EventManager : Event: ======'player_adding'====== Args={'player': <Player 1>, 'number': 1}
2026-04-24 11:43:12,716 : INFO : EventManager : Event: ======'player_added'====== Args={'player': <Player 1>, 'num': 1}
2026-04-24 11:43:12,716 : INFO : Mode.game : Player added successfully. Total players: 1
2026-04-24 11:43:12,716 : INFO : EventManager : Event: ======'player_index'====== Args={'value': 0, 'prev_value': 0, 'change': 0, 'player_num': 1}
2026-04-24 11:43:12,716 : INFO : EventManager : Event: ======'player_number'====== Args={'value': 1, 'prev_value': 1, 'change': 0, 'player_num': 1}
2026-04-24 11:43:12,716 : INFO : EventManager : Event: ======'player_score'====== Args={'value': 0, 'prev_value': 0, 'change': 0, 'player_num': 1}
2026-04-24 11:43:12,716 : INFO : EventManager : Event: ======'game_started'====== Args={}
2026-04-24 11:43:12,716 : INFO : EventManager : Event: ======'player_turn_will_start'====== Args={'player': <Player 1>, 'number': 1}
2026-04-24 11:43:12,716 : INFO : EventManager : Event: ======'player_turn_starting'====== Args={'player': <Player 1>, 'number': 1}
2026-04-24 11:43:12,718 : INFO : EventManager : Event: ======'player_ball'====== Args={'value': 1, 'prev_value': 0, 'change': 1, 'player_num': 1}
2026-04-24 11:43:12,718 : INFO : EventManager : Event: ======'player_turn_started'====== Args={'player': <Player 1>, 'number': 1}
2026-04-24 11:43:12,719 : INFO : EventManager : Event: ======'ball_will_start'====== Args={'player': 1, 'ball': 1, 'balls_remaining': 2, 'is_extra_ball': False}
2026-04-24 11:43:12,719 : INFO : EventManager : Event: ======'ball_starting'====== Args={'player': 1, 'ball': 1, 'balls_remaining': 2, 'is_extra_ball': False}
2026-04-24 11:43:12,719 : INFO : EventManager : Event: ======'mode_diverter_activation_will_start'====== Args={'queue': <QueuedEvent>, 'player': 1, 'ball': 1, 'balls_remaining': 2, 'is_extra_ball': False}
2026-04-24 11:43:12,719 : INFO : EventManager : Event: ======'player_shot_r_orbit_small_r_div_enabled'====== Args={'value': True, 'prev_value': 0, 'change': 1, 'player_num': 1}
2026-04-24 11:43:12,719 : INFO : EventManager : Event: ======'player_shot_r_orbit_small_l_div_enabled'====== Args={'value': True, 'prev_value': 0, 'change': 1, 'player_num': 1}
2026-04-24 11:43:12,719 : INFO : EventManager : Event: ======'player_shot_r_captive_l_div_enabled'====== Args={'value': True, 'prev_value': 0, 'change': 1, 'player_num': 1}
2026-04-24 11:43:12,719 : INFO : EventManager : Event: ======'player_shot_r_stationary_r_div_enabled'====== Args={'value': True, 'prev_value': 0, 'change': 1, 'player_num': 1}
2026-04-24 11:43:12,720 : INFO : EventManager : Event: ======'mode_diverter_activation_starting'====== Args={'queue': <QueuedEvent>, 'player': 1, 'ball': 1, 'balls_remaining': 2, 'is_extra_ball': False}
2026-04-24 11:43:12,720 : INFO : EventManager : Event: ======'mode_misc_drop_bank_will_start'====== Args={'queue': <QueuedEvent>, 'player': 1, 'ball': 1, 'balls_remaining': 2, 'is_extra_ball': False}
2026-04-24 11:43:12,720 : INFO : EventManager : Event: ======'player_shot_r_drop_l_misc_enabled'====== Args={'value': True, 'prev_value': 0, 'change': 1, 'player_num': 1}
2026-04-24 11:43:12,720 : INFO : EventManager : Event: ======'player_shot_r_drop_m_misc_enabled'====== Args={'value': True, 'prev_value': 0, 'change': 1, 'player_num': 1}
2026-04-24 11:43:12,720 : INFO : EventManager : Event: ======'player_shot_r_drop_r_misc_enabled'====== Args={'value': True, 'prev_value': 0, 'change': 1, 'player_num': 1}
2026-04-24 11:43:12,720 : INFO : EventManager : Event: ======'player_shot_r_drop_behind_misc_enabled'====== Args={'value': False, 'prev_value': 0, 'change': 0, 'player_num': 1}
2026-04-24 11:43:12,720 : INFO : EventManager : Event: ======'sg_drops_misc_complete'====== Args={'state': 'drop_lit'}
2026-04-24 11:43:12,720 : INFO : EventManager : Event: ======'sg_drops_misc_drop_lit_complete'====== Args={}
2026-04-24 11:43:12,721 : INFO : EventManager : Event: ======'mode_misc_drop_bank_starting'====== Args={'queue': <QueuedEvent>, 'player': 1, 'ball': 1, 'balls_remaining': 2, 'is_extra_ball': False}
2026-04-24 11:43:12,721 : INFO : EventManager : Event: ======'mode_base_will_start'====== Args={'queue': <QueuedEvent>, 'player': 1, 'ball': 1, 'balls_remaining': 2, 'is_extra_ball': False}
2026-04-24 11:43:12,721 : INFO : EventManager : Event: ======'player_shot_r_orbit_small_r_base_enabled'====== Args={'value': True, 'prev_value': 0, 'change': 1, 'player_num': 1}
2026-04-24 11:43:12,721 : INFO : EventManager : Event: ======'player_shot_r_orbit_small_l_base_enabled'====== Args={'value': True, 'prev_value': 0, 'change': 1, 'player_num': 1}
2026-04-24 11:43:12,721 : INFO : EventManager : Event: ======'player_shot_r_pop_enabled'====== Args={'value': True, 'prev_value': 0, 'change': 1, 'player_num': 1}
2026-04-24 11:43:12,721 : INFO : EventManager : Event: ======'player_shot_r_sling_l_enabled'====== Args={'value': True, 'prev_value': 0, 'change': 1, 'player_num': 1}
2026-04-24 11:43:12,721 : INFO : EventManager : Event: ======'player_shot_r_sling_r_enabled'====== Args={'value': True, 'prev_value': 0, 'change': 1, 'player_num': 1}
2026-04-24 11:43:12,721 : INFO : EventManager : Event: ======'player_shot_r_scoop_enabled'====== Args={'value': True, 'prev_value': 0, 'change': 1, 'player_num': 1}
2026-04-24 11:43:12,722 : INFO : EventManager : Event: ======'mode_base_starting'====== Args={'queue': <QueuedEvent>, 'player': 1, 'ball': 1, 'balls_remaining': 2, 'is_extra_ball': False}
2026-04-24 11:43:12,722 : INFO : EventManager : Event: ======'player_shot_r_drop_behind_misc_enabled'====== Args={'value': True, 'prev_value': False, 'change': 1, 'player_num': 1}
2026-04-24 11:43:12,722 : INFO : EventManager : Event: ======'player_shot_r_drop_behind_misc'====== Args={'value': 1, 'prev_value': 0, 'change': 1, 'player_num': 1}
2026-04-24 11:43:12,722 : INFO : EventManager : Event: ======'machine_var_audits_shots_r_drop_behind_misc'====== Args={'value': 3, 'prev_value': 2, 'change': 1}
2026-04-24 11:43:12,722 : INFO : EventManager : Event: ======'r_drop_behind_misc_hit'====== Args={'profile': 'sp_drop_behind_misc', 'state': 'drop_behind_unlit', 'advancing': True}
2026-04-24 11:43:12,722 : INFO : EventManager : Event: ======'r_drop_behind_misc_sp_drop_behind_misc_hit'====== Args={'profile': 'sp_drop_behind_misc', 'state': 'drop_behind_unlit', 'advancing': True}
2026-04-24 11:43:12,722 : INFO : EventManager : Event: ======'r_drop_behind_misc_sp_drop_behind_misc_drop_behind_unlit_hit'====== Args={'profile': 'sp_drop_behind_misc', 'state': 'drop_behind_unlit', 'advancing': True}
2026-04-24 11:43:12,722 : INFO : EventManager : Event: ======'r_drop_behind_misc_drop_behind_unlit_hit'====== Args={'profile': 'sp_drop_behind_misc', 'state': 'drop_behind_unlit', 'advancing': True}
2026-04-24 11:43:12,722 : INFO : EventManager : Event: ======'player_shot_r_drop_behind_misc_enabled'====== Args={'value': False, 'prev_value': True, 'change': -1, 'player_num': 1}
2026-04-24 11:43:12,722 : INFO : Mode.base : Started. Priority: 100
2026-04-24 11:43:12,722 : INFO : EventManager : Event: ======'modes_active_modes_changed'====== Args={}
2026-04-24 11:43:12,722 : INFO : EventManager : Event: ======'mode_base_started'====== Args={'queue': <QueuedEvent>, 'player': 1, 'ball': 1, 'balls_remaining': 2, 'is_extra_ball': False}
2026-04-24 11:43:12,723 : INFO : Mode.misc_drop_bank : Started. Priority: 100
2026-04-24 11:43:12,723 : INFO : EventManager : Event: ======'modes_active_modes_changed'====== Args={}
2026-04-24 11:43:12,723 : INFO : EventManager : Event: ======'mode_misc_drop_bank_started'====== Args={'queue': <QueuedEvent>, 'player': 1, 'ball': 1, 'balls_remaining': 2, 'is_extra_ball': False}
2026-04-24 11:43:12,723 : INFO : Mode.diverter_activation : Started. Priority: 101
2026-04-24 11:43:12,723 : INFO : EventManager : Event: ======'modes_active_modes_changed'====== Args={}
2026-04-24 11:43:12,723 : INFO : EventManager : Event: ======'mode_diverter_activation_started'====== Args={'queue': <QueuedEvent>, 'player': 1, 'ball': 1, 'balls_remaining': 2, 'is_extra_ball': False}
2026-04-24 11:43:12,723 : INFO : EventManager : Event: ======'player_v_right_ramp'====== Args={'value': 0, 'prev_value': 0, 'change': 0, 'player_num': 1, 'source': 'diverter_activation'}
2026-04-24 11:43:12,723 : INFO : EventManager : Event: ======'balls_in_play'====== Args={'balls': 1}
2026-04-24 11:43:12,723 : INFO : EventManager : Event: ======'ball_started'====== Args={'player': 1, 'ball': 1, 'balls_remaining': 2, 'is_extra_ball': False}
2026-04-24 11:43:12,723 : INFO : EventManager : Event: ======'diverter_d_middle_diverter_enabling'====== Args={'auto': False}
2026-04-24 11:43:12,723 : INFO : drop_target_bank.dt_bank : All targets are already up. Will not reset bank.
2026-04-24 11:43:12,724 : INFO : EventManager : Event: ======'single_player_ball_started'====== Args={}
2026-04-24 11:43:12,725 : INFO : EventManager : Event: ======'ball_start_target'====== Args={'target': 'playfield'}
2026-04-24 11:43:12,725 : INFO : ball_device.bd_autolauncher : Setting up player-controlled eject. Balls: 1, Target: <playfield.playfield>, player_controlled_eject_event: sw_launch
2026-04-24 11:43:12,725 : INFO : EventManager : Event: ======'balldevice_balls_available'====== Args={}
2026-04-24 11:43:12,726 : INFO : ball_device.bd_trough : State: waiting_for_target_ready
2026-04-24 11:43:12,726 : INFO : EventManager : Event: ======'balldevice_bd_trough_ball_eject_attempt'====== Args={'balls': 1, 'target': <ball_device.bd_autolauncher>, 'source': <ball_device.bd_trough>, 'mechanical_eject': True, 'num_attempts': 0}
2026-04-24 11:43:12,726 : INFO : ball_device.bd_autolauncher : State: waiting_for_ball
2026-04-24 11:43:12,726 : INFO : ball_device.bd_trough : State: ejecting
2026-04-24 11:43:12,726 : INFO : ball_device.bd_trough : Ejecting ball to <ball_device.bd_autolauncher>
2026-04-24 11:43:12,726 : INFO : EventManager : Event: ======'balldevice_bd_trough_ejecting_ball'====== Args={'balls': 1, 'target': <ball_device.bd_autolauncher>, 'source': <ball_device.bd_trough>, 'mechanical_eject': True, 'num_attempts': 0}
2026-04-24 11:43:12,727 : INFO : ball_device.bd_trough : Wait for ball to leave device
2026-04-24 11:43:12,727 : INFO : coil.c_trough : Pulsing Driver for 12ms (1.0 pulse_power)
2026-04-24 11:43:13,733 : INFO : EventManager : Event: ======'balldevice_bd_trough_ball_eject_failed'====== Args={'target': <ball_device.bd_autolauncher>, 'balls': 1, 'retry': True, 'num_attempts': 1}
2026-04-24 11:43:13,734 : INFO : ball_device.bd_trough : State: waiting_for_target_ready
2026-04-24 11:43:13,735 : INFO : EventManager : Event: ======'balldevice_bd_trough_ball_eject_attempt'====== Args={'balls': 1, 'target': <ball_device.bd_autolauncher>, 'source': <ball_device.bd_trough>, 'mechanical_eject': True, 'num_attempts': 1}
2026-04-24 11:43:13,735 : INFO : ball_device.bd_trough : State: ejecting
2026-04-24 11:43:13,736 : INFO : ball_device.bd_trough : Ejecting ball to <ball_device.bd_autolauncher>
2026-04-24 11:43:13,736 : INFO : EventManager : Event: ======'balldevice_bd_trough_ejecting_ball'====== Args={'balls': 1, 'target': <ball_device.bd_autolauncher>, 'source': <ball_device.bd_trough>, 'mechanical_eject': True, 'num_attempts': 1}
2026-04-24 11:43:13,737 : INFO : ball_device.bd_trough : Wait for ball to leave device
2026-04-24 11:43:13,737 : INFO : coil.c_trough : Pulsing Driver for 12ms (1.0 pulse_power)
2026-04-24 11:43:14,332 : INFO : SwitchController : <<<<<<< 's_launch' active >>>>>>>
2026-04-24 11:43:14,332 : INFO : EventManager : Event: ======'machine_var_audits_switches_s_launch'====== Args={'value': 122, 'prev_value': 121, 'change': 1}
2026-04-24 11:43:14,431 : INFO : SwitchController : <<<<<<< 's_launch' inactive >>>>>>>
2026-04-24 11:43:14,738 : INFO : EventManager : Event: ======'balldevice_bd_trough_ball_eject_failed'====== Args={'target': <ball_device.bd_autolauncher>, 'balls': 1, 'retry': True, 'num_attempts': 2}
2026-04-24 11:43:14,739 : INFO : ball_device.bd_trough : State: waiting_for_target_ready
2026-04-24 11:43:14,740 : INFO : EventManager : Event: ======'balldevice_bd_trough_ball_eject_attempt'====== Args={'balls': 1, 'target': <ball_device.bd_autolauncher>, 'source': <ball_device.bd_trough>, 'mechanical_eject': True, 'num_attempts': 2}
2026-04-24 11:43:14,741 : INFO : ball_device.bd_trough : State: ejecting
2026-04-24 11:43:14,743 : INFO : ball_device.bd_trough : Ejecting ball to <ball_device.bd_autolauncher>
2026-04-24 11:43:14,743 : INFO : EventManager : Event: ======'balldevice_bd_trough_ejecting_ball'====== Args={'balls': 1, 'target': <ball_device.bd_autolauncher>, 'source': <ball_device.bd_trough>, 'mechanical_eject': True, 'num_attempts': 2}
2026-04-24 11:43:14,755 : INFO : ball_device.bd_trough : Wait for ball to leave device
2026-04-24 11:43:14,755 : INFO : coil.c_trough : Pulsing Driver for 12ms (1.0 pulse_power)
2026-04-24 11:43:15,539 : INFO : SwitchController : <<<<<<< 's_trough_6' inactive >>>>>>>
2026-04-24 11:43:15,756 : INFO : EventManager : Event: ======'balldevice_bd_trough_ball_eject_failed'====== Args={'target': <ball_device.bd_autolauncher>, 'balls': 1, 'retry': True, 'num_attempts': 3}
2026-04-24 11:43:15,758 : INFO : ball_device.bd_trough : State: waiting_for_target_ready
2026-04-24 11:43:15,758 : INFO : EventManager : Event: ======'balldevice_bd_trough_ball_eject_attempt'====== Args={'balls': 1, 'target': <ball_device.bd_autolauncher>, 'source': <ball_device.bd_trough>, 'mechanical_eject': True, 'num_attempts': 3}
2026-04-24 11:43:15,759 : INFO : ball_device.bd_trough : State: ejecting
2026-04-24 11:43:15,759 : INFO : ball_device.bd_trough : Ejecting ball to <ball_device.bd_autolauncher>
2026-04-24 11:43:15,759 : INFO : EventManager : Event: ======'balldevice_bd_trough_ejecting_ball'====== Args={'balls': 1, 'target': <ball_device.bd_autolauncher>, 'source': <ball_device.bd_trough>, 'mechanical_eject': True, 'num_attempts': 3}
2026-04-24 11:43:15,760 : INFO : ball_device.bd_trough : Wait for ball to leave device
2026-04-24 11:43:15,760 : INFO : coil.c_trough : Pulsing Driver for 12ms (1.0 pulse_power)
2026-04-24 11:43:16,761 : INFO : EventManager : Event: ======'balldevice_bd_trough_ball_eject_failed'====== Args={'target': <ball_device.bd_autolauncher>, 'balls': 1, 'retry': True, 'num_attempts': 4}
2026-04-24 11:43:16,762 : INFO : ball_device.bd_trough : State: waiting_for_target_ready
2026-04-24 11:43:16,763 : INFO : EventManager : Event: ======'balldevice_bd_trough_ball_eject_attempt'====== Args={'balls': 1, 'target': <ball_device.bd_autolauncher>, 'source': <ball_device.bd_trough>, 'mechanical_eject': True, 'num_attempts': 4}
2026-04-24 11:43:16,763 : INFO : ball_device.bd_trough : State: ejecting
2026-04-24 11:43:16,764 : INFO : ball_device.bd_trough : Ejecting ball to <ball_device.bd_autolauncher>
2026-04-24 11:43:16,764 : INFO : EventManager : Event: ======'balldevice_bd_trough_ejecting_ball'====== Args={'balls': 1, 'target': <ball_device.bd_autolauncher>, 'source': <ball_device.bd_trough>, 'mechanical_eject': True, 'num_attempts': 4}
2026-04-24 11:43:16,764 : INFO : ball_device.bd_trough : Wait for ball to leave device
2026-04-24 11:43:16,765 : INFO : coil.c_trough : Pulsing Driver for 12ms (1.0 pulse_power)
2026-04-24 11:43:16,912 : INFO : SwitchController : <<<<<<< 's_drop_r' active >>>>>>>
2026-04-24 11:43:16,912 : INFO : EventManager : Event: ======'playfield_active'====== Args={'source': 'r_drop_r_misc'}
2026-04-24 11:43:16,912 : INFO : EventManager : Event: ======'unexpected_ball_on_playfield'====== Args={}
2026-04-24 11:43:16,912 : INFO : EventManager : Event: ======'s_drop_r_active'====== Args={}
2026-04-24 11:43:16,912 : INFO : EventManager : Event: ======'playfield_active'====== Args={'source': 'right'}
2026-04-24 11:43:16,912 : INFO : EventManager : Event: ======'unexpected_ball_on_playfield'====== Args={}
2026-04-24 11:43:16,912 : INFO : EventManager : Event: ======'drop_target_right_down'====== Args={'device': <drop_target.right>}
2026-04-24 11:43:16,912 : INFO : EventManager : Event: ======'drop_target_bank_dt_bank_mixed'====== Args={'prev_value': <DropTargetBankState.UP: 'up'>, 'down': 1}
2026-04-24 11:43:16,912 : INFO : EventManager : Event: ======'machine_var_audits_switches_s_drop_r'====== Args={'value': 11, 'prev_value': 10, 'change': 1}
2026-04-24 11:43:16,913 : INFO : EventManager : Event: ======'player_shot_r_drop_r_misc'====== Args={'value': 1, 'prev_value': 0, 'change': 1, 'player_num': 1}
2026-04-24 11:43:16,914 : INFO : EventManager : Event: ======'machine_var_audits_shots_r_drop_r_misc'====== Args={'value': 4, 'prev_value': 3, 'change': 1}
2026-04-24 11:43:16,914 : INFO : EventManager : Event: ======'r_drop_r_misc_hit'====== Args={'profile': 'sp_drop_misc', 'state': 'drop_lit', 'advancing': True}
2026-04-24 11:43:16,914 : INFO : EventManager : Event: ======'r_drop_r_misc_sp_drop_misc_hit'====== Args={'profile': 'sp_drop_misc', 'state': 'drop_lit', 'advancing': True}
2026-04-24 11:43:16,915 : INFO : EventManager : Event: ======'r_drop_r_misc_sp_drop_misc_drop_lit_hit'====== Args={'profile': 'sp_drop_misc', 'state': 'drop_lit', 'advancing': True}
2026-04-24 11:43:16,915 : INFO : EventManager : Event: ======'r_drop_r_misc_drop_lit_hit'====== Args={'profile': 'sp_drop_misc', 'state': 'drop_lit', 'advancing': True}
2026-04-24 11:43:16,915 : INFO : EventManager : Event: ======'sg_drops_misc_hit'====== Args={'shot': 'r_drop_r_misc'}
2026-04-24 11:43:16,915 : INFO : EventManager : Event: ======'sg_drops_misc_drop_lit_hit'====== Args={'shot': 'r_drop_r_misc'}
2026-04-24 11:43:16,982 : INFO : SwitchController : <<<<<<< 's_drop_r' inactive >>>>>>>
2026-04-24 11:43:16,982 : INFO : EventManager : Event: ======'playfield_active'====== Args={'source': 'right'}
2026-04-24 11:43:16,982 : INFO : EventManager : Event: ======'unexpected_ball_on_playfield'====== Args={}
2026-04-24 11:43:16,982 : INFO : EventManager : Event: ======'drop_target_right_up'====== Args={'device': <drop_target.right>}
2026-04-24 11:43:16,982 : INFO : EventManager : Event: ======'drop_target_bank_dt_bank_up'====== Args={}
2026-04-24 11:43:17,446 : INFO : SwitchController : <<<<<<< 's_drop_m' active >>>>>>>
2026-04-24 11:43:17,446 : INFO : EventManager : Event: ======'playfield_active'====== Args={'source': 'r_drop_m_misc'}
2026-04-24 11:43:17,447 : INFO : EventManager : Event: ======'unexpected_ball_on_playfield'====== Args={}
2026-04-24 11:43:17,447 : INFO : EventManager : Event: ======'s_drop_m_active'====== Args={}
2026-04-24 11:43:17,447 : INFO : EventManager : Event: ======'playfield_active'====== Args={'source': 'mid'}
2026-04-24 11:43:17,447 : INFO : EventManager : Event: ======'unexpected_ball_on_playfield'====== Args={}
2026-04-24 11:43:17,448 : INFO : EventManager : Event: ======'drop_target_mid_down'====== Args={'device': <drop_target.mid>}
2026-04-24 11:43:17,448 : INFO : EventManager : Event: ======'drop_target_bank_dt_bank_mixed'====== Args={'prev_value': <DropTargetBankState.UP: 'up'>, 'down': 1}
2026-04-24 11:43:17,449 : INFO : EventManager : Event: ======'machine_var_audits_switches_s_drop_m'====== Args={'value': 26, 'prev_value': 25, 'change': 1}
2026-04-24 11:43:17,449 : INFO : EventManager : Event: ======'player_shot_r_drop_m_misc'====== Args={'value': 1, 'prev_value': 0, 'change': 1, 'player_num': 1}
2026-04-24 11:43:17,450 : INFO : EventManager : Event: ======'machine_var_audits_shots_r_drop_m_misc'====== Args={'value': 4, 'prev_value': 3, 'change': 1}
2026-04-24 11:43:17,450 : INFO : EventManager : Event: ======'r_drop_m_misc_hit'====== Args={'profile': 'sp_drop_misc', 'state': 'drop_lit', 'advancing': True}
2026-04-24 11:43:17,450 : INFO : EventManager : Event: ======'r_drop_m_misc_sp_drop_misc_hit'====== Args={'profile': 'sp_drop_misc', 'state': 'drop_lit', 'advancing': True}
2026-04-24 11:43:17,451 : INFO : EventManager : Event: ======'r_drop_m_misc_sp_drop_misc_drop_lit_hit'====== Args={'profile': 'sp_drop_misc', 'state': 'drop_lit', 'advancing': True}
2026-04-24 11:43:17,451 : INFO : EventManager : Event: ======'r_drop_m_misc_drop_lit_hit'====== Args={'profile': 'sp_drop_misc', 'state': 'drop_lit', 'advancing': True}
2026-04-24 11:43:17,451 : INFO : EventManager : Event: ======'sg_drops_misc_hit'====== Args={'shot': 'r_drop_m_misc'}
2026-04-24 11:43:17,451 : INFO : EventManager : Event: ======'sg_drops_misc_drop_lit_hit'====== Args={'shot': 'r_drop_m_misc'}
2026-04-24 11:43:17,587 : INFO : SwitchController : <<<<<<< 's_drop_m' inactive >>>>>>>
2026-04-24 11:43:17,587 : INFO : EventManager : Event: ======'playfield_active'====== Args={'source': 'mid'}
2026-04-24 11:43:17,587 : INFO : EventManager : Event: ======'unexpected_ball_on_playfield'====== Args={}
2026-04-24 11:43:17,587 : INFO : EventManager : Event: ======'drop_target_mid_up'====== Args={'device': <drop_target.mid>}
2026-04-24 11:43:17,587 : INFO : EventManager : Event: ======'drop_target_bank_dt_bank_up'====== Args={}
2026-04-24 11:43:17,766 : INFO : EventManager : Event: ======'balldevice_bd_trough_ball_eject_failed'====== Args={'target': <ball_device.bd_autolauncher>, 'balls': 1, 'retry': True, 'num_attempts': 5}
2026-04-24 11:43:17,767 : INFO : ball_device.bd_trough : State: waiting_for_target_ready
2026-04-24 11:43:17,767 : INFO : EventManager : Event: ======'balldevice_bd_trough_ball_eject_attempt'====== Args={'balls': 1, 'target': <ball_device.bd_autolauncher>, 'source': <ball_device.bd_trough>, 'mechanical_eject': True, 'num_attempts': 5}
2026-04-24 11:43:17,767 : INFO : ball_device.bd_trough : State: ejecting
2026-04-24 11:43:17,767 : INFO : ball_device.bd_trough : Ejecting ball to <ball_device.bd_autolauncher>
2026-04-24 11:43:17,767 : INFO : EventManager : Event: ======'balldevice_bd_trough_ejecting_ball'====== Args={'balls': 1, 'target': <ball_device.bd_autolauncher>, 'source': <ball_device.bd_trough>, 'mechanical_eject': True, 'num_attempts': 5}
2026-04-24 11:43:17,767 : INFO : ball_device.bd_trough : Wait for ball to leave device
2026-04-24 11:43:17,767 : INFO : coil.c_trough : Pulsing Driver for 12ms (1.0 pulse_power)
2026-04-24 11:43:18,012 : INFO : SwitchController : <<<<<<< 's_drop_l' active >>>>>>>
2026-04-24 11:43:18,012 : INFO : EventManager : Event: ======'playfield_active'====== Args={'source': 'r_drop_l_misc'}
2026-04-24 11:43:18,012 : INFO : EventManager : Event: ======'unexpected_ball_on_playfield'====== Args={}
2026-04-24 11:43:18,012 : INFO : EventManager : Event: ======'s_drop_l_active'====== Args={}
2026-04-24 11:43:18,012 : INFO : EventManager : Event: ======'playfield_active'====== Args={'source': 'left'}
2026-04-24 11:43:18,013 : INFO : EventManager : Event: ======'unexpected_ball_on_playfield'====== Args={}
2026-04-24 11:43:18,013 : INFO : EventManager : Event: ======'drop_target_left_down'====== Args={'device': <drop_target.left>}
2026-04-24 11:43:18,013 : INFO : EventManager : Event: ======'drop_target_bank_dt_bank_mixed'====== Args={'prev_value': <DropTargetBankState.UP: 'up'>, 'down': 1}
2026-04-24 11:43:18,013 : INFO : EventManager : Event: ======'machine_var_audits_switches_s_drop_l'====== Args={'value': 11, 'prev_value': 10, 'change': 1}
2026-04-24 11:43:18,014 : INFO : EventManager : Event: ======'player_shot_r_drop_l_misc'====== Args={'value': 1, 'prev_value': 0, 'change': 1, 'player_num': 1}
2026-04-24 11:43:18,014 : INFO : EventManager : Event: ======'machine_var_audits_shots_r_drop_l_misc'====== Args={'value': 3, 'prev_value': 2, 'change': 1}
2026-04-24 11:43:18,014 : INFO : EventManager : Event: ======'r_drop_l_misc_hit'====== Args={'profile': 'sp_drop_misc', 'state': 'drop_lit', 'advancing': True}
2026-04-24 11:43:18,015 : INFO : EventManager : Event: ======'r_drop_l_misc_sp_drop_misc_hit'====== Args={'profile': 'sp_drop_misc', 'state': 'drop_lit', 'advancing': True}
2026-04-24 11:43:18,015 : INFO : EventManager : Event: ======'r_drop_l_misc_sp_drop_misc_drop_lit_hit'====== Args={'profile': 'sp_drop_misc', 'state': 'drop_lit', 'advancing': True}
2026-04-24 11:43:18,015 : INFO : EventManager : Event: ======'r_drop_l_misc_drop_lit_hit'====== Args={'profile': 'sp_drop_misc', 'state': 'drop_lit', 'advancing': True}
2026-04-24 11:43:18,015 : INFO : EventManager : Event: ======'sg_drops_misc_complete'====== Args={'state': 'drop_hit'}
2026-04-24 11:43:18,015 : INFO : EventManager : Event: ======'sg_drops_misc_drop_hit_complete'====== Args={}
2026-04-24 11:43:18,015 : INFO : EventManager : Event: ======'player_shot_r_drop_behind_misc_enabled'====== Args={'value': True, 'prev_value': False, 'change': 1, 'player_num': 1}
2026-04-24 11:43:18,016 : INFO : EventManager : Event: ======'machine_var_audits_shots_r_drop_behind_misc'====== Args={'value': 4, 'prev_value': 3, 'change': 1}
2026-04-24 11:43:18,016 : INFO : EventManager : Event: ======'r_drop_behind_misc_hit'====== Args={'profile': 'sp_drop_behind_misc', 'state': 'drop_behind_lit', 'advancing': False}
2026-04-24 11:43:18,016 : INFO : EventManager : Event: ======'r_drop_behind_misc_sp_drop_behind_misc_hit'====== Args={'profile': 'sp_drop_behind_misc', 'state': 'drop_behind_lit', 'advancing': False}
2026-04-24 11:43:18,016 : INFO : EventManager : Event: ======'r_drop_behind_misc_sp_drop_behind_misc_drop_behind_lit_hit'====== Args={'profile': 'sp_drop_behind_misc', 'state': 'drop_behind_lit', 'advancing': False}
2026-04-24 11:43:18,016 : INFO : EventManager : Event: ======'r_drop_behind_misc_drop_behind_lit_hit'====== Args={'profile': 'sp_drop_behind_misc', 'state': 'drop_behind_lit', 'advancing': False}
2026-04-24 11:43:18,016 : INFO : EventManager : Event: ======'reset_drop_bank'====== Args={'priority': 0}
2026-04-24 11:43:18,016 : INFO : EventManager : Event: ======'reset_sg_drops_misc'====== Args={'priority': 0}
2026-04-24 11:43:18,016 : INFO : EventManager : Event: ======'player_shot_r_drop_behind_misc_enabled'====== Args={'value': False, 'prev_value': True, 'change': -1, 'player_num': 1}
2026-04-24 11:43:18,017 : INFO : drop_target_bank.dt_bank : 1 targets are down. Will reset those.
2026-04-24 11:43:18,017 : INFO : coil.c_drop_reset : Pulsing Driver for 20ms (1.0 pulse_power)
2026-04-24 11:43:18,017 : INFO : EventManager : Event: ======'player_shot_r_drop_l_misc'====== Args={'value': 0, 'prev_value': 1, 'change': -1, 'player_num': 1}
2026-04-24 11:43:18,017 : INFO : EventManager : Event: ======'player_shot_r_drop_m_misc'====== Args={'value': 0, 'prev_value': 1, 'change': -1, 'player_num': 1}
2026-04-24 11:43:18,017 : INFO : EventManager : Event: ======'player_shot_r_drop_r_misc'====== Args={'value': 0, 'prev_value': 1, 'change': -1, 'player_num': 1}
2026-04-24 11:43:18,017 : INFO : EventManager : Event: ======'sg_drops_misc_complete'====== Args={'state': 'drop_lit'}
2026-04-24 11:43:18,017 : INFO : EventManager : Event: ======'sg_drops_misc_drop_lit_complete'====== Args={}
2026-04-24 11:43:18,017 : INFO : EventManager : Event: ======'player_shot_r_drop_behind_misc_enabled'====== Args={'value': True, 'prev_value': False, 'change': 1, 'player_num': 1}
2026-04-24 11:43:18,018 : INFO : EventManager : Event: ======'machine_var_audits_shots_r_drop_behind_misc'====== Args={'value': 5, 'prev_value': 4, 'change': 1}
2026-04-24 11:43:18,018 : INFO : EventManager : Event: ======'r_drop_behind_misc_hit'====== Args={'profile': 'sp_drop_behind_misc', 'state': 'drop_behind_lit', 'advancing': False}
2026-04-24 11:43:18,018 : INFO : EventManager : Event: ======'r_drop_behind_misc_sp_drop_behind_misc_hit'====== Args={'profile': 'sp_drop_behind_misc', 'state': 'drop_behind_lit', 'advancing': False}
2026-04-24 11:43:18,018 : INFO : EventManager : Event: ======'r_drop_behind_misc_sp_drop_behind_misc_drop_behind_lit_hit'====== Args={'profile': 'sp_drop_behind_misc', 'state': 'drop_behind_lit', 'advancing': False}
2026-04-24 11:43:18,018 : INFO : EventManager : Event: ======'r_drop_behind_misc_drop_behind_lit_hit'====== Args={'profile': 'sp_drop_behind_misc', 'state': 'drop_behind_lit', 'advancing': False}
2026-04-24 11:43:18,018 : INFO : EventManager : Event: ======'reset_drop_bank'====== Args={'priority': 0}
2026-04-24 11:43:18,018 : INFO : EventManager : Event: ======'reset_sg_drops_misc'====== Args={'priority': 0}
2026-04-24 11:43:18,018 : INFO : EventManager : Event: ======'player_shot_r_drop_behind_misc_enabled'====== Args={'value': False, 'prev_value': True, 'change': -1, 'player_num': 1}
2026-04-24 11:43:18,018 : INFO : drop_target_bank.dt_bank : 1 targets are down. Will reset those.
2026-04-24 11:43:18,018 : INFO : EventManager : Event: ======'sg_drops_misc_hit'====== Args={'shot': 'r_drop_l_misc'}
2026-04-24 11:43:18,019 : INFO : EventManager : Event: ======'sg_drops_misc_drop_lit_hit'====== Args={'shot': 'r_drop_l_misc'}
2026-04-24 11:43:18,047 : INFO : coil.c_drop_reset : Pulsing Driver for 20ms (1.0 pulse_power)
2026-04-24 11:43:18,145 : INFO : SwitchController : <<<<<<< 's_drop_l' inactive (muted) >>>>>>>
2026-04-24 11:43:18,549 : INFO : EventManager : Event: ======'drop_target_left_up'====== Args={'device': <drop_target.left>}
2026-04-24 11:43:18,551 : INFO : EventManager : Event: ======'drop_target_bank_dt_bank_up'====== Args={}
2026-04-24 11:43:18,769 : INFO : EventManager : Event: ======'balldevice_bd_trough_ball_eject_failed'====== Args={'target': <ball_device.bd_autolauncher>, 'balls': 1, 'retry': True, 'num_attempts': 6}
2026-04-24 11:43:18,769 : INFO : ball_device.bd_trough : State: waiting_for_target_ready
2026-04-24 11:43:18,769 : INFO : EventManager : Event: ======'balldevice_bd_trough_ball_eject_attempt'====== Args={'balls': 1, 'target': <ball_device.bd_autolauncher>, 'source': <ball_device.bd_trough>, 'mechanical_eject': True, 'num_attempts': 6}
2026-04-24 11:43:18,770 : INFO : ball_device.bd_trough : State: ejecting
2026-04-24 11:43:18,770 : INFO : ball_device.bd_trough : Ejecting ball to <ball_device.bd_autolauncher>
2026-04-24 11:43:18,770 : INFO : EventManager : Event: ======'balldevice_bd_trough_ejecting_ball'====== Args={'balls': 1, 'target': <ball_device.bd_autolauncher>, 'source': <ball_device.bd_trough>, 'mechanical_eject': True, 'num_attempts': 6}
2026-04-24 11:43:18,770 : INFO : ball_device.bd_trough : Wait for ball to leave device
2026-04-24 11:43:18,771 : INFO : coil.c_trough : Pulsing Driver for 12ms (1.0 pulse_power)
2026-04-24 11:43:19,772 : INFO : EventManager : Event: ======'balldevice_bd_trough_ball_eject_failed'====== Args={'target': <ball_device.bd_autolauncher>, 'balls': 1, 'retry': True, 'num_attempts': 7}
2026-04-24 11:43:19,774 : INFO : ball_device.bd_trough : State: waiting_for_target_ready
2026-04-24 11:43:19,774 : INFO : EventManager : Event: ======'balldevice_bd_trough_ball_eject_attempt'====== Args={'balls': 1, 'target': <ball_device.bd_autolauncher>, 'source': <ball_device.bd_trough>, 'mechanical_eject': True, 'num_attempts': 7}
2026-04-24 11:43:19,775 : INFO : ball_device.bd_trough : State: ejecting
2026-04-24 11:43:19,775 : INFO : ball_device.bd_trough : Ejecting ball to <ball_device.bd_autolauncher>
2026-04-24 11:43:19,775 : INFO : EventManager : Event: ======'balldevice_bd_trough_ejecting_ball'====== Args={'balls': 1, 'target': <ball_device.bd_autolauncher>, 'source': <ball_device.bd_trough>, 'mechanical_eject': True, 'num_attempts': 7}
2026-04-24 11:43:19,776 : INFO : ball_device.bd_trough : Wait for ball to leave device
2026-04-24 11:43:19,777 : INFO : coil.c_trough : Pulsing Driver for 12ms (1.0 pulse_power)
2026-04-24 11:43:20,778 : INFO : EventManager : Event: ======'balldevice_bd_trough_ball_eject_failed'====== Args={'target': <ball_device.bd_autolauncher>, 'balls': 1, 'retry': True, 'num_attempts': 8}
2026-04-24 11:43:20,779 : INFO : ball_device.bd_trough : State: waiting_for_target_ready
2026-04-24 11:43:20,780 : INFO : EventManager : Event: ======'balldevice_bd_trough_ball_eject_attempt'====== Args={'balls': 1, 'target': <ball_device.bd_autolauncher>, 'source': <ball_device.bd_trough>, 'mechanical_eject': True, 'num_attempts': 8}
2026-04-24 11:43:20,781 : INFO : ball_device.bd_trough : State: ejecting
2026-04-24 11:43:20,781 : INFO : ball_device.bd_trough : Ejecting ball to <ball_device.bd_autolauncher>
2026-04-24 11:43:20,781 : INFO : EventManager : Event: ======'balldevice_bd_trough_ejecting_ball'====== Args={'balls': 1, 'target': <ball_device.bd_autolauncher>, 'source': <ball_device.bd_trough>, 'mechanical_eject': True, 'num_attempts': 8}
2026-04-24 11:43:20,782 : INFO : ball_device.bd_trough : Wait for ball to leave device
2026-04-24 11:43:20,782 : INFO : coil.c_trough : Pulsing Driver for 12ms (1.0 pulse_power)
2026-04-24 11:43:20,877 : INFO : SwitchController : <<<<<<< 's_drop_r' active >>>>>>>
2026-04-24 11:43:20,877 : INFO : EventManager : Event: ======'playfield_active'====== Args={'source': 'r_drop_r_misc'}
2026-04-24 11:43:20,877 : INFO : EventManager : Event: ======'unexpected_ball_on_playfield'====== Args={}
2026-04-24 11:43:20,877 : INFO : EventManager : Event: ======'s_drop_r_active'====== Args={}
2026-04-24 11:43:20,878 : INFO : EventManager : Event: ======'playfield_active'====== Args={'source': 'right'}
2026-04-24 11:43:20,878 : INFO : EventManager : Event: ======'unexpected_ball_on_playfield'====== Args={}
2026-04-24 11:43:20,878 : INFO : EventManager : Event: ======'drop_target_right_down'====== Args={'device': <drop_target.right>}
2026-04-24 11:43:20,878 : INFO : EventManager : Event: ======'drop_target_bank_dt_bank_mixed'====== Args={'prev_value': <DropTargetBankState.UP: 'up'>, 'down': 1}
2026-04-24 11:43:20,878 : INFO : EventManager : Event: ======'machine_var_audits_switches_s_drop_r'====== Args={'value': 12, 'prev_value': 11, 'change': 1}
2026-04-24 11:43:20,878 : INFO : EventManager : Event: ======'player_shot_r_drop_r_misc'====== Args={'value': 1, 'prev_value': 0, 'change': 1, 'player_num': 1}
2026-04-24 11:43:20,878 : INFO : EventManager : Event: ======'machine_var_audits_shots_r_drop_r_misc'====== Args={'value': 5, 'prev_value': 4, 'change': 1}
2026-04-24 11:43:20,878 : INFO : EventManager : Event: ======'r_drop_r_misc_hit'====== Args={'profile': 'sp_drop_misc', 'state': 'drop_lit', 'advancing': True}
2026-04-24 11:43:20,878 : INFO : EventManager : Event: ======'r_drop_r_misc_sp_drop_misc_hit'====== Args={'profile': 'sp_drop_misc', 'state': 'drop_lit', 'advancing': True}
2026-04-24 11:43:20,878 : INFO : EventManager : Event: ======'r_drop_r_misc_sp_drop_misc_drop_lit_hit'====== Args={'profile': 'sp_drop_misc', 'state': 'drop_lit', 'advancing': True}
2026-04-24 11:43:20,878 : INFO : EventManager : Event: ======'r_drop_r_misc_drop_lit_hit'====== Args={'profile': 'sp_drop_misc', 'state': 'drop_lit', 'advancing': True}
2026-04-24 11:43:20,878 : INFO : EventManager : Event: ======'sg_drops_misc_hit'====== Args={'shot': 'r_drop_r_misc'}
2026-04-24 11:43:20,878 : INFO : EventManager : Event: ======'sg_drops_misc_drop_lit_hit'====== Args={'shot': 'r_drop_r_misc'}
2026-04-24 11:43:20,969 : INFO : SwitchController : <<<<<<< 's_drop_r' inactive >>>>>>>
2026-04-24 11:43:20,969 : INFO : EventManager : Event: ======'playfield_active'====== Args={'source': 'right'}
2026-04-24 11:43:20,969 : INFO : EventManager : Event: ======'unexpected_ball_on_playfield'====== Args={}
2026-04-24 11:43:20,969 : INFO : EventManager : Event: ======'drop_target_right_up'====== Args={'device': <drop_target.right>}
2026-04-24 11:43:20,969 : INFO : EventManager : Event: ======'drop_target_bank_dt_bank_up'====== Args={}
2026-04-24 11:43:21,330 : INFO : SwitchController : <<<<<<< 's_drop_m' active >>>>>>>
2026-04-24 11:43:21,330 : INFO : EventManager : Event: ======'playfield_active'====== Args={'source': 'r_drop_m_misc'}
2026-04-24 11:43:21,331 : INFO : EventManager : Event: ======'unexpected_ball_on_playfield'====== Args={}
2026-04-24 11:43:21,331 : INFO : EventManager : Event: ======'s_drop_m_active'====== Args={}
2026-04-24 11:43:21,331 : INFO : EventManager : Event: ======'playfield_active'====== Args={'source': 'mid'}
2026-04-24 11:43:21,331 : INFO : EventManager : Event: ======'unexpected_ball_on_playfield'====== Args={}
2026-04-24 11:43:21,332 : INFO : EventManager : Event: ======'drop_target_mid_down'====== Args={'device': <drop_target.mid>}
2026-04-24 11:43:21,333 : INFO : EventManager : Event: ======'drop_target_bank_dt_bank_mixed'====== Args={'prev_value': <DropTargetBankState.UP: 'up'>, 'down': 1}
2026-04-24 11:43:21,333 : INFO : EventManager : Event: ======'machine_var_audits_switches_s_drop_m'====== Args={'value': 27, 'prev_value': 26, 'change': 1}
2026-04-24 11:43:21,334 : INFO : EventManager : Event: ======'player_shot_r_drop_m_misc'====== Args={'value': 1, 'prev_value': 0, 'change': 1, 'player_num': 1}
2026-04-24 11:43:21,334 : INFO : EventManager : Event: ======'machine_var_audits_shots_r_drop_m_misc'====== Args={'value': 5, 'prev_value': 4, 'change': 1}
2026-04-24 11:43:21,334 : INFO : EventManager : Event: ======'r_drop_m_misc_hit'====== Args={'profile': 'sp_drop_misc', 'state': 'drop_lit', 'advancing': True}
2026-04-24 11:43:21,335 : INFO : EventManager : Event: ======'r_drop_m_misc_sp_drop_misc_hit'====== Args={'profile': 'sp_drop_misc', 'state': 'drop_lit', 'advancing': True}
2026-04-24 11:43:21,335 : INFO : EventManager : Event: ======'r_drop_m_misc_sp_drop_misc_drop_lit_hit'====== Args={'profile': 'sp_drop_misc', 'state': 'drop_lit', 'advancing': True}
2026-04-24 11:43:21,335 : INFO : EventManager : Event: ======'r_drop_m_misc_drop_lit_hit'====== Args={'profile': 'sp_drop_misc', 'state': 'drop_lit', 'advancing': True}
2026-04-24 11:43:21,335 : INFO : EventManager : Event: ======'sg_drops_misc_hit'====== Args={'shot': 'r_drop_m_misc'}
2026-04-24 11:43:21,336 : INFO : EventManager : Event: ======'sg_drops_misc_drop_lit_hit'====== Args={'shot': 'r_drop_m_misc'}
2026-04-24 11:43:21,467 : INFO : SwitchController : <<<<<<< 's_drop_m' inactive >>>>>>>
2026-04-24 11:43:21,467 : INFO : EventManager : Event: ======'playfield_active'====== Args={'source': 'mid'}
2026-04-24 11:43:21,467 : INFO : EventManager : Event: ======'unexpected_ball_on_playfield'====== Args={}
2026-04-24 11:43:21,467 : INFO : EventManager : Event: ======'drop_target_mid_up'====== Args={'device': <drop_target.mid>}
2026-04-24 11:43:21,467 : INFO : EventManager : Event: ======'drop_target_bank_dt_bank_up'====== Args={}
2026-04-24 11:43:21,784 : INFO : EventManager : Event: ======'balldevice_bd_trough_ball_eject_failed'====== Args={'target': <ball_device.bd_autolauncher>, 'balls': 1, 'retry': True, 'num_attempts': 9}
2026-04-24 11:43:21,785 : INFO : ball_device.bd_trough : State: waiting_for_target_ready
2026-04-24 11:43:21,786 : INFO : EventManager : Event: ======'balldevice_bd_trough_ball_eject_attempt'====== Args={'balls': 1, 'target': <ball_device.bd_autolauncher>, 'source': <ball_device.bd_trough>, 'mechanical_eject': True, 'num_attempts': 9}
2026-04-24 11:43:21,786 : INFO : ball_device.bd_trough : State: ejecting
2026-04-24 11:43:21,786 : INFO : ball_device.bd_trough : Ejecting ball to <ball_device.bd_autolauncher>
2026-04-24 11:43:21,786 : INFO : EventManager : Event: ======'balldevice_bd_trough_ejecting_ball'====== Args={'balls': 1, 'target': <ball_device.bd_autolauncher>, 'source': <ball_device.bd_trough>, 'mechanical_eject': True, 'num_attempts': 9}
2026-04-24 11:43:21,787 : INFO : ball_device.bd_trough : Wait for ball to leave device
2026-04-24 11:43:21,787 : INFO : coil.c_trough : Pulsing Driver for 12ms (1.0 pulse_power)
2026-04-24 11:43:21,945 : INFO : SwitchController : <<<<<<< 's_drop_l' active >>>>>>>
2026-04-24 11:43:21,945 : INFO : EventManager : Event: ======'playfield_active'====== Args={'source': 'r_drop_l_misc'}
2026-04-24 11:43:21,945 : INFO : EventManager : Event: ======'unexpected_ball_on_playfield'====== Args={}
2026-04-24 11:43:21,945 : INFO : EventManager : Event: ======'s_drop_l_active'====== Args={}
2026-04-24 11:43:21,945 : INFO : EventManager : Event: ======'playfield_active'====== Args={'source': 'left'}
2026-04-24 11:43:21,945 : INFO : EventManager : Event: ======'unexpected_ball_on_playfield'====== Args={}
2026-04-24 11:43:21,945 : INFO : EventManager : Event: ======'drop_target_left_down'====== Args={'device': <drop_target.left>}
2026-04-24 11:43:21,945 : INFO : EventManager : Event: ======'drop_target_bank_dt_bank_mixed'====== Args={'prev_value': <DropTargetBankState.UP: 'up'>, 'down': 1}
2026-04-24 11:43:21,945 : INFO : EventManager : Event: ======'machine_var_audits_switches_s_drop_l'====== Args={'value': 12, 'prev_value': 11, 'change': 1}
2026-04-24 11:43:21,946 : INFO : EventManager : Event: ======'player_shot_r_drop_l_misc'====== Args={'value': 1, 'prev_value': 0, 'change': 1, 'player_num': 1}
2026-04-24 11:43:21,946 : INFO : EventManager : Event: ======'machine_var_audits_shots_r_drop_l_misc'====== Args={'value': 4, 'prev_value': 3, 'change': 1}
2026-04-24 11:43:21,946 : INFO : EventManager : Event: ======'r_drop_l_misc_hit'====== Args={'profile': 'sp_drop_misc', 'state': 'drop_lit', 'advancing': True}
2026-04-24 11:43:21,946 : INFO : EventManager : Event: ======'r_drop_l_misc_sp_drop_misc_hit'====== Args={'profile': 'sp_drop_misc', 'state': 'drop_lit', 'advancing': True}
2026-04-24 11:43:21,946 : INFO : EventManager : Event: ======'r_drop_l_misc_sp_drop_misc_drop_lit_hit'====== Args={'profile': 'sp_drop_misc', 'state': 'drop_lit', 'advancing': True}
2026-04-24 11:43:21,946 : INFO : EventManager : Event: ======'r_drop_l_misc_drop_lit_hit'====== Args={'profile': 'sp_drop_misc', 'state': 'drop_lit', 'advancing': True}
2026-04-24 11:43:21,946 : INFO : EventManager : Event: ======'sg_drops_misc_complete'====== Args={'state': 'drop_hit'}
2026-04-24 11:43:21,946 : INFO : EventManager : Event: ======'sg_drops_misc_drop_hit_complete'====== Args={}
2026-04-24 11:43:21,946 : INFO : EventManager : Event: ======'player_shot_r_drop_behind_misc_enabled'====== Args={'value': True, 'prev_value': False, 'change': 1, 'player_num': 1}
2026-04-24 11:43:21,946 : INFO : EventManager : Event: ======'machine_var_audits_shots_r_drop_behind_misc'====== Args={'value': 6, 'prev_value': 5, 'change': 1}
2026-04-24 11:43:21,947 : INFO : EventManager : Event: ======'r_drop_behind_misc_hit'====== Args={'profile': 'sp_drop_behind_misc', 'state': 'drop_behind_lit', 'advancing': False}
2026-04-24 11:43:21,947 : INFO : EventManager : Event: ======'r_drop_behind_misc_sp_drop_behind_misc_hit'====== Args={'profile': 'sp_drop_behind_misc', 'state': 'drop_behind_lit', 'advancing': False}
2026-04-24 11:43:21,947 : INFO : EventManager : Event: ======'r_drop_behind_misc_sp_drop_behind_misc_drop_behind_lit_hit'====== Args={'profile': 'sp_drop_behind_misc', 'state': 'drop_behind_lit', 'advancing': False}
2026-04-24 11:43:21,947 : INFO : EventManager : Event: ======'r_drop_behind_misc_drop_behind_lit_hit'====== Args={'profile': 'sp_drop_behind_misc', 'state': 'drop_behind_lit', 'advancing': False}
2026-04-24 11:43:21,947 : INFO : EventManager : Event: ======'reset_drop_bank'====== Args={'priority': 0}
2026-04-24 11:43:21,947 : INFO : EventManager : Event: ======'reset_sg_drops_misc'====== Args={'priority': 0}
2026-04-24 11:43:21,947 : INFO : EventManager : Event: ======'player_shot_r_drop_behind_misc_enabled'====== Args={'value': False, 'prev_value': True, 'change': -1, 'player_num': 1}
2026-04-24 11:43:21,947 : INFO : drop_target_bank.dt_bank : 1 targets are down. Will reset those.
2026-04-24 11:43:21,947 : INFO : coil.c_drop_reset : Pulsing Driver for 20ms (1.0 pulse_power)
2026-04-24 11:43:21,947 : INFO : EventManager : Event: ======'player_shot_r_drop_l_misc'====== Args={'value': 0, 'prev_value': 1, 'change': -1, 'player_num': 1}
2026-04-24 11:43:21,947 : INFO : EventManager : Event: ======'player_shot_r_drop_m_misc'====== Args={'value': 0, 'prev_value': 1, 'change': -1, 'player_num': 1}
2026-04-24 11:43:21,947 : INFO : EventManager : Event: ======'player_shot_r_drop_r_misc'====== Args={'value': 0, 'prev_value': 1, 'change': -1, 'player_num': 1}
2026-04-24 11:43:21,948 : INFO : EventManager : Event: ======'sg_drops_misc_complete'====== Args={'state': 'drop_lit'}
2026-04-24 11:43:21,948 : INFO : EventManager : Event: ======'sg_drops_misc_drop_lit_complete'====== Args={}
2026-04-24 11:43:21,948 : INFO : EventManager : Event: ======'player_shot_r_drop_behind_misc_enabled'====== Args={'value': True, 'prev_value': False, 'change': 1, 'player_num': 1}
2026-04-24 11:43:21,948 : INFO : EventManager : Event: ======'machine_var_audits_shots_r_drop_behind_misc'====== Args={'value': 7, 'prev_value': 6, 'change': 1}
2026-04-24 11:43:21,948 : INFO : EventManager : Event: ======'r_drop_behind_misc_hit'====== Args={'profile': 'sp_drop_behind_misc', 'state': 'drop_behind_lit', 'advancing': False}
2026-04-24 11:43:21,948 : INFO : EventManager : Event: ======'r_drop_behind_misc_sp_drop_behind_misc_hit'====== Args={'profile': 'sp_drop_behind_misc', 'state': 'drop_behind_lit', 'advancing': False}
2026-04-24 11:43:21,948 : INFO : EventManager : Event: ======'r_drop_behind_misc_sp_drop_behind_misc_drop_behind_lit_hit'====== Args={'profile': 'sp_drop_behind_misc', 'state': 'drop_behind_lit', 'advancing': False}
2026-04-24 11:43:21,948 : INFO : EventManager : Event: ======'r_drop_behind_misc_drop_behind_lit_hit'====== Args={'profile': 'sp_drop_behind_misc', 'state': 'drop_behind_lit', 'advancing': False}
2026-04-24 11:43:21,948 : INFO : EventManager : Event: ======'reset_drop_bank'====== Args={'priority': 0}
2026-04-24 11:43:21,948 : INFO : EventManager : Event: ======'reset_sg_drops_misc'====== Args={'priority': 0}
2026-04-24 11:43:21,949 : INFO : EventManager : Event: ======'player_shot_r_drop_behind_misc_enabled'====== Args={'value': False, 'prev_value': True, 'change': -1, 'player_num': 1}
2026-04-24 11:43:21,949 : INFO : drop_target_bank.dt_bank : 1 targets are down. Will reset those.
2026-04-24 11:43:21,949 : INFO : EventManager : Event: ======'sg_drops_misc_hit'====== Args={'shot': 'r_drop_l_misc'}
2026-04-24 11:43:21,949 : INFO : EventManager : Event: ======'sg_drops_misc_drop_lit_hit'====== Args={'shot': 'r_drop_l_misc'}
2026-04-24 11:43:21,977 : INFO : coil.c_drop_reset : Pulsing Driver for 20ms (1.0 pulse_power)
2026-04-24 11:43:22,050 : INFO : SwitchController : <<<<<<< 's_drop_l' inactive (muted) >>>>>>>
2026-04-24 11:43:22,478 : INFO : EventManager : Event: ======'drop_target_left_up'====== Args={'device': <drop_target.left>}
2026-04-24 11:43:22,480 : INFO : EventManager : Event: ======'drop_target_bank_dt_bank_up'====== Args={}
2026-04-24 11:43:22,788 : INFO : EventManager : Event: ======'balldevice_bd_trough_ball_eject_failed'====== Args={'target': <ball_device.bd_autolauncher>, 'balls': 1, 'retry': True, 'num_attempts': 10}
2026-04-24 11:43:22,790 : INFO : ball_device.bd_trough : State: waiting_for_target_ready
2026-04-24 11:43:22,791 : INFO : EventManager : Event: ======'balldevice_bd_trough_ball_eject_attempt'====== Args={'balls': 1, 'target': <ball_device.bd_autolauncher>, 'source': <ball_device.bd_trough>, 'mechanical_eject': True, 'num_attempts': 10}
2026-04-24 11:43:22,791 : INFO : ball_device.bd_trough : State: ejecting
2026-04-24 11:43:22,791 : INFO : ball_device.bd_trough : Ejecting ball to <ball_device.bd_autolauncher>
2026-04-24 11:43:22,792 : INFO : EventManager : Event: ======'balldevice_bd_trough_ejecting_ball'====== Args={'balls': 1, 'target': <ball_device.bd_autolauncher>, 'source': <ball_device.bd_trough>, 'mechanical_eject': True, 'num_attempts': 10}
2026-04-24 11:43:22,792 : INFO : ball_device.bd_trough : Wait for ball to leave device
2026-04-24 11:43:22,793 : INFO : coil.c_trough : Pulsing Driver for 12ms (1.0 pulse_power)
2026-04-24 11:43:23,794 : INFO : EventManager : Event: ======'balldevice_bd_trough_ball_eject_failed'====== Args={'target': <ball_device.bd_autolauncher>, 'balls': 1, 'retry': True, 'num_attempts': 11}
2026-04-24 11:43:23,796 : INFO : ball_device.bd_trough : State: waiting_for_target_ready
2026-04-24 11:43:23,796 : INFO : EventManager : Event: ======'balldevice_bd_trough_ball_eject_attempt'====== Args={'balls': 1, 'target': <ball_device.bd_autolauncher>, 'source': <ball_device.bd_trough>, 'mechanical_eject': True, 'num_attempts': 11}
2026-04-24 11:43:23,797 : INFO : ball_device.bd_trough : State: ejecting
2026-04-24 11:43:23,797 : INFO : ball_device.bd_trough : Ejecting ball to <ball_device.bd_autolauncher>
2026-04-24 11:43:23,797 : INFO : EventManager : Event: ======'balldevice_bd_trough_ejecting_ball'====== Args={'balls': 1, 'target': <ball_device.bd_autolauncher>, 'source': <ball_device.bd_trough>, 'mechanical_eject': True, 'num_attempts': 11}
2026-04-24 11:43:23,798 : INFO : ball_device.bd_trough : Wait for ball to leave device
2026-04-24 11:43:23,799 : INFO : coil.c_trough : Pulsing Driver for 12ms (1.0 pulse_power)
2026-04-24 11:43:24,800 : INFO : EventManager : Event: ======'balldevice_bd_trough_ball_eject_failed'====== Args={'target': <ball_device.bd_autolauncher>, 'balls': 1, 'retry': True, 'num_attempts': 12}
2026-04-24 11:43:24,801 : INFO : ball_device.bd_trough : State: waiting_for_target_ready
2026-04-24 11:43:24,802 : INFO : EventManager : Event: ======'balldevice_bd_trough_ball_eject_attempt'====== Args={'balls': 1, 'target': <ball_device.bd_autolauncher>, 'source': <ball_device.bd_trough>, 'mechanical_eject': True, 'num_attempts': 12}
2026-04-24 11:43:24,802 : INFO : ball_device.bd_trough : State: ejecting
2026-04-24 11:43:24,803 : INFO : ball_device.bd_trough : Ejecting ball to <ball_device.bd_autolauncher>
2026-04-24 11:43:24,803 : INFO : EventManager : Event: ======'balldevice_bd_trough_ejecting_ball'====== Args={'balls': 1, 'target': <ball_device.bd_autolauncher>, 'source': <ball_device.bd_trough>, 'mechanical_eject': True, 'num_attempts': 12}
2026-04-24 11:43:24,804 : INFO : ball_device.bd_trough : Wait for ball to leave device
2026-04-24 11:43:24,805 : INFO : coil.c_trough : Pulsing Driver for 12ms (1.0 pulse_power)
2026-04-24 11:43:25,806 : INFO : EventManager : Event: ======'balldevice_bd_trough_ball_eject_failed'====== Args={'target': <ball_device.bd_autolauncher>, 'balls': 1, 'retry': True, 'num_attempts': 13}
2026-04-24 11:43:25,808 : INFO : ball_device.bd_trough : State: waiting_for_target_ready
2026-04-24 11:43:25,808 : INFO : EventManager : Event: ======'balldevice_bd_trough_ball_eject_attempt'====== Args={'balls': 1, 'target': <ball_device.bd_autolauncher>, 'source': <ball_device.bd_trough>, 'mechanical_eject': True, 'num_attempts': 13}
2026-04-24 11:43:25,809 : INFO : ball_device.bd_trough : State: ejecting
2026-04-24 11:43:25,809 : INFO : ball_device.bd_trough : Ejecting ball to <ball_device.bd_autolauncher>
2026-04-24 11:43:25,809 : INFO : EventManager : Event: ======'balldevice_bd_trough_ejecting_ball'====== Args={'balls': 1, 'target': <ball_device.bd_autolauncher>, 'source': <ball_device.bd_trough>, 'mechanical_eject': True, 'num_attempts': 13}
2026-04-24 11:43:25,810 : INFO : ball_device.bd_trough : Wait for ball to leave device
2026-04-24 11:43:25,810 : INFO : coil.c_trough : Pulsing Driver for 12ms (1.0 pulse_power)
2026-04-24 11:43:26,811 : INFO : EventManager : Event: ======'balldevice_bd_trough_ball_eject_failed'====== Args={'target': <ball_device.bd_autolauncher>, 'balls': 1, 'retry': True, 'num_attempts': 14}
2026-04-24 11:43:26,812 : INFO : ball_device.bd_trough : State: waiting_for_target_ready
2026-04-24 11:43:26,812 : INFO : EventManager : Event: ======'balldevice_bd_trough_ball_eject_attempt'====== Args={'balls': 1, 'target': <ball_device.bd_autolauncher>, 'source': <ball_device.bd_trough>, 'mechanical_eject': True, 'num_attempts': 14}
2026-04-24 11:43:26,812 : INFO : ball_device.bd_trough : State: ejecting
2026-04-24 11:43:26,813 : INFO : ball_device.bd_trough : Ejecting ball to <ball_device.bd_autolauncher>
2026-04-24 11:43:26,813 : INFO : EventManager : Event: ======'balldevice_bd_trough_ejecting_ball'====== Args={'balls': 1, 'target': <ball_device.bd_autolauncher>, 'source': <ball_device.bd_trough>, 'mechanical_eject': True, 'num_attempts': 14}
2026-04-24 11:43:26,813 : INFO : ball_device.bd_trough : Wait for ball to leave device
2026-04-24 11:43:26,814 : INFO : coil.c_trough : Pulsing Driver for 12ms (1.0 pulse_power)
2026-04-24 11:43:27,815 : INFO : EventManager : Event: ======'balldevice_bd_trough_ball_eject_failed'====== Args={'target': <ball_device.bd_autolauncher>, 'balls': 1, 'retry': True, 'num_attempts': 15}
2026-04-24 11:43:27,816 : INFO : ball_device.bd_trough : State: waiting_for_target_ready
2026-04-24 11:43:27,816 : INFO : EventManager : Event: ======'balldevice_bd_trough_ball_eject_attempt'====== Args={'balls': 1, 'target': <ball_device.bd_autolauncher>, 'source': <ball_device.bd_trough>, 'mechanical_eject': True, 'num_attempts': 15}
2026-04-24 11:43:27,817 : INFO : ball_device.bd_trough : State: ejecting
2026-04-24 11:43:27,817 : INFO : ball_device.bd_trough : Ejecting ball to <ball_device.bd_autolauncher>
2026-04-24 11:43:27,817 : INFO : EventManager : Event: ======'balldevice_bd_trough_ejecting_ball'====== Args={'balls': 1, 'target': <ball_device.bd_autolauncher>, 'source': <ball_device.bd_trough>, 'mechanical_eject': True, 'num_attempts': 15}
2026-04-24 11:43:27,818 : INFO : ball_device.bd_trough : Wait for ball to leave device
2026-04-24 11:43:27,818 : INFO : coil.c_trough : Pulsing Driver for 12ms (1.0 pulse_power)
2026-04-24 11:43:28,737 : INFO : Machine : Shutting down...
2026-04-24 11:43:28,737 : INFO : EventManager : Event: ======'shutdown'====== Args={}
2026-04-24 11:43:28,744 : INFO : EventManager : Event: ======'mode_game_will_stop'====== Args={}
2026-04-24 11:43:28,745 : INFO : EventManager : Event: ======'mode_game_stopping'====== Args={}
2026-04-24 11:43:28,745 : INFO : EventManager : Event: ======'mode_diverter_activation_will_stop'====== Args={}
2026-04-24 11:43:28,745 : INFO : EventManager : Event: ======'mode_diverter_activation_stopping'====== Args={}
2026-04-24 11:43:28,745 : INFO : EventManager : Event: ======'mode_misc_drop_bank_will_stop'====== Args={}
2026-04-24 11:43:28,745 : INFO : EventManager : Event: ======'mode_misc_drop_bank_stopping'====== Args={}
2026-04-24 11:43:28,745 : INFO : EventManager : Event: ======'mode_base_will_stop'====== Args={}
2026-04-24 11:43:28,745 : INFO : EventManager : Event: ======'mode_base_stopping'====== Args={}
2026-04-24 11:43:28,746 : INFO : Mode.base : Stopped.
2026-04-24 11:43:28,746 : INFO : EventManager : Event: ======'modes_active_modes_changed'====== Args={}
2026-04-24 11:43:28,746 : INFO : EventManager : Event: ======'mode_base_stopped'====== Args={}
2026-04-24 11:43:28,747 : INFO : EventManager : Event: ======'clear'====== Args={'key': 'base'}
2026-04-24 11:43:28,747 : INFO : Mode.misc_drop_bank : Stopped.
2026-04-24 11:43:28,747 : INFO : EventManager : Event: ======'modes_active_modes_changed'====== Args={}
2026-04-24 11:43:28,747 : INFO : EventManager : Event: ======'mode_misc_drop_bank_stopped'====== Args={}
2026-04-24 11:43:28,747 : INFO : EventManager : Event: ======'clear'====== Args={'key': 'misc_drop_bank'}
2026-04-24 11:43:28,748 : INFO : Mode.diverter_activation : Stopped.
2026-04-24 11:43:28,748 : INFO : EventManager : Event: ======'modes_active_modes_changed'====== Args={}
2026-04-24 11:43:28,748 : INFO : EventManager : Event: ======'mode_diverter_activation_stopped'====== Args={}
2026-04-24 11:43:28,748 : INFO : EventManager : Event: ======'clear'====== Args={'key': 'diverter_activation'}
2026-04-24 11:43:28,748 : INFO : Mode.game : Stopped.
2026-04-24 11:43:28,748 : INFO : EventManager : Event: ======'modes_active_modes_changed'====== Args={}
2026-04-24 11:43:28,748 : INFO : EventManager : Event: ======'mode_game_stopped'====== Args={}
2026-04-24 11:43:28,748 : INFO : EventManager : Event: ======'clear'====== Args={'key': 'game'}
2026-04-24 11:43:28,751 : INFO : root : MPF run loop ended.
