2026-04-24 11:16:28,756 : INFO : root : Loading config.
2026-04-24 11:16:28,757 : INFO : YamlMultifileConfigLoader : Machine config file #1: config.yaml
2026-04-24 11:16:28,757 : INFO : ConfigProcessor : Loading config from cache: /var/folders/l2/q8hj_6s91xnb2jxg1sqm0h7r0000gn/T/9d21ea9a81fcfc5941f8ed75c4a080eb.mpf_cache
2026-04-24 11:16:28,785 : INFO : ConfigProcessor : Loading config from cache: /var/folders/l2/q8hj_6s91xnb2jxg1sqm0h7r0000gn/T/43115b802accf167344a214047a50cd4.mpf_cache
2026-04-24 11:16:28,785 : INFO : ConfigProcessor : Loading config from cache: /var/folders/l2/q8hj_6s91xnb2jxg1sqm0h7r0000gn/T/bd1387dfa7de7ffc5bacad015019c743.mpf_cache
2026-04-24 11:16:28,785 : INFO : ConfigProcessor : Loading config from cache: /var/folders/l2/q8hj_6s91xnb2jxg1sqm0h7r0000gn/T/d126ded0bd5e51d3c29826a335e85340.mpf_cache
2026-04-24 11:16:28,786 : INFO : ConfigProcessor : Loading config from cache: /var/folders/l2/q8hj_6s91xnb2jxg1sqm0h7r0000gn/T/43115b802accf167344a214047a50cd4.mpf_cache
2026-04-24 11:16:28,786 : INFO : ConfigProcessor : Loading config from cache: /var/folders/l2/q8hj_6s91xnb2jxg1sqm0h7r0000gn/T/fb286bdec51e83b76c44a07e18af10e7.mpf_cache
2026-04-24 11:16:28,786 : INFO : ConfigProcessor : Loading config from file /Users/tannerpetch/Documents/GitHub/trashland_3/modes/misc_drop_bank/config/misc_drop_bank.yaml.
2026-04-24 11:16:28,787 : INFO : ConfigProcessor : Loading config: /Users/tannerpetch/Documents/GitHub/trashland_3/modes/misc_drop_bank/config/misc_drop_bank.yaml
2026-04-24 11:16:28,787 : INFO : ConfigProcessor : Config file cache created: /var/folders/l2/q8hj_6s91xnb2jxg1sqm0h7r0000gn/T/4a0392f72066fff3dac8952634b7a9cd.mpf_cache
2026-04-24 11:16:28,787 : INFO : ConfigProcessor : Loading config from cache: /var/folders/l2/q8hj_6s91xnb2jxg1sqm0h7r0000gn/T/a4506495691bdf3563a8fd11a9d79f10.mpf_cache
2026-04-24 11:16:28,787 : WARNING : ConfigProcessor : Config file in cache changed: /Library/Frameworks/Python.framework/Versions/3.11/lib/python3.11/site-packages/mpf/config_spec.yaml
2026-04-24 11:16:28,787 : INFO : ConfigProcessor : Loading config from file /Users/tannerpetch/Documents/GitHub/trashland_3/modes/attract/shows/./attract_lcd.yaml.
2026-04-24 11:16:28,788 : INFO : ConfigProcessor : Loading config: /Users/tannerpetch/Documents/GitHub/trashland_3/modes/attract/shows/./attract_lcd.yaml
2026-04-24 11:16:28,788 : INFO : ConfigProcessor : Config file cache created: /var/folders/l2/q8hj_6s91xnb2jxg1sqm0h7r0000gn/T/a4506495691bdf3563a8fd11a9d79f10.mpf_cache
2026-04-24 11:16:28,788 : INFO : ConfigProcessor : Loading config from cache: /var/folders/l2/q8hj_6s91xnb2jxg1sqm0h7r0000gn/T/7e62a906c63d3b7efc85393a80e94c06.mpf_cache
2026-04-24 11:16:28,788 : WARNING : ConfigProcessor : Config file in cache changed: /Library/Frameworks/Python.framework/Versions/3.11/lib/python3.11/site-packages/mpf/config_spec.yaml
2026-04-24 11:16:28,788 : INFO : ConfigProcessor : Loading config from file /Users/tannerpetch/Documents/GitHub/trashland_3/modes/attract/shows/./attract_gi.yaml.
2026-04-24 11:16:28,789 : INFO : ConfigProcessor : Loading config: /Users/tannerpetch/Documents/GitHub/trashland_3/modes/attract/shows/./attract_gi.yaml
2026-04-24 11:16:28,789 : INFO : ConfigProcessor : Config file cache created: /var/folders/l2/q8hj_6s91xnb2jxg1sqm0h7r0000gn/T/7e62a906c63d3b7efc85393a80e94c06.mpf_cache
2026-04-24 11:16:28,789 : INFO : ConfigProcessor : Loading config from cache: /var/folders/l2/q8hj_6s91xnb2jxg1sqm0h7r0000gn/T/ca66b8f571437747b2f2875349d15af7.mpf_cache
2026-04-24 11:16:28,789 : WARNING : ConfigProcessor : Config file in cache changed: /Library/Frameworks/Python.framework/Versions/3.11/lib/python3.11/site-packages/mpf/config_spec.yaml
2026-04-24 11:16:28,790 : INFO : ConfigProcessor : Loading config from file /Users/tannerpetch/Documents/GitHub/trashland_3/modes/base/shows/./gi-on.yaml.
2026-04-24 11:16:28,790 : INFO : ConfigProcessor : Loading config: /Users/tannerpetch/Documents/GitHub/trashland_3/modes/base/shows/./gi-on.yaml
2026-04-24 11:16:28,790 : INFO : ConfigProcessor : Config file cache created: /var/folders/l2/q8hj_6s91xnb2jxg1sqm0h7r0000gn/T/ca66b8f571437747b2f2875349d15af7.mpf_cache
2026-04-24 11:16:28,791 : INFO : Machine : Mission Pinball Framework Core Engine v0.80.0.dev14
2026-04-24 11:16:28,791 : INFO : Machine : Command line arguments: {'no_load_cache': False, 'create_config_cache': True, 'bcp': False, 'configfile': ['config.yaml'], 'force_assets_load': False, 'platform_integration_test': False, 'jsonlogging': False, 'logfile': 'logs/2026-04-24-11-16-28-mpf-Tanners-Laptop.localdomain.log', 'pause': False, 'production': False, 'text_ui': True, 'loglevel': 15, 'consoleloglevel': 20, 'force_platform': 'virtual', 'syslog_address': None, 'full_logfile_path': '/Users/tannerpetch/Documents/GitHub/trashland_3/logs/2026-04-24-11-16-28-mpf-Tanners-Laptop.localdomain.log'}
2026-04-24 11:16:28,791 : INFO : Machine : MPF path: /Library/Frameworks/Python.framework/Versions/3.11/lib/python3.11/site-packages/mpf
2026-04-24 11:16:28,791 : INFO : Machine : Machine path: /Users/tannerpetch/Documents/GitHub/trashland_3
2026-04-24 11:16:28,791 : INFO : Machine : Platform: darwin
2026-04-24 11:16:28,791 : INFO : Machine : Python executable location: /Library/Frameworks/Python.framework/Versions/3.11/bin/python3.11
2026-04-24 11:16:28,791 : INFO : Machine : Python version: 3.11.9 (64-bit)
2026-04-24 11:16:28,791 : INFO : Machine : Initializing MPF...
2026-04-24 11:16:28,820 : INFO : EventManager : Event: ======'machine_var_credits_string'====== Args={'value': 'FREE PLAY', 'prev_value': None, 'change': True}
2026-04-24 11:16:28,828 : INFO : EventManager : Event: ======'machine_var_master_volume'====== Args={'value': 0.5, 'prev_value': None, 'change': True}
2026-04-24 11:16:28,828 : INFO : EventManager : Event: ======'machine_var_player1_score'====== Args={'value': 310, 'prev_value': None, 'change': True}
2026-04-24 11:16:28,828 : INFO : EventManager : Event: ======'machine_var_mpf_version'====== Args={'value': 'Mission Pinball Framework v0.80.0.dev14', 'prev_value': None, 'change': True}
2026-04-24 11:16:28,828 : INFO : EventManager : Event: ======'machine_var_mpf_extended_version'====== Args={'value': 'Mission Pinball Framework v0.80.0.dev14, Config version:6, Show version: 6, BCP version:1.1', 'prev_value': None, 'change': True}
2026-04-24 11:16:28,828 : INFO : EventManager : Event: ======'machine_var_python_version'====== Args={'value': '3.11.9', 'prev_value': None, 'change': True}
2026-04-24 11:16:28,837 : INFO : EventManager : Event: ======'machine_var_platform'====== Args={'value': 'macOS-14.3-arm64-arm-64bit', 'prev_value': None, 'change': True}
2026-04-24 11:16:28,837 : INFO : EventManager : Event: ======'machine_var_platform_system'====== Args={'value': 'Darwin', 'prev_value': None, 'change': True}
2026-04-24 11:16:28,837 : INFO : EventManager : Event: ======'machine_var_platform_release'====== Args={'value': '23.3.0', 'prev_value': None, 'change': True}
2026-04-24 11:16:28,837 : INFO : EventManager : Event: ======'machine_var_platform_version'====== Args={'value': 'Darwin Kernel Version 23.3.0: Thu Dec 21 02:29:41 PST 2023; root:xnu-10002.81.5~11/RELEASE_ARM64_T8122', 'prev_value': None, 'change': True}
2026-04-24 11:16:28,837 : INFO : EventManager : Event: ======'machine_var_platform_machine'====== Args={'value': 'arm64', 'prev_value': None, 'change': True}
2026-04-24 11:16:28,837 : INFO : EventManager : Event: ======'machine_var_log_file_path'====== Args={'value': '/Users/tannerpetch/Documents/GitHub/trashland_3/logs/2026-04-24-11-16-28-mpf-Tanners-Laptop.localdomain.log', 'prev_value': None, 'change': True}
2026-04-24 11:16:28,837 : INFO : EventManager : Event: ======'init_phase_1'====== Args={}
2026-04-24 11:16:28,860 : INFO : EventManager : Event: ======'drop_target_bank_dt_single_up'====== Args={}
2026-04-24 11:16:28,860 : INFO : EventManager : Event: ======'drop_target_bank_dt_bank_up'====== Args={}
2026-04-24 11:16:28,861 : INFO : EventManager : Event: ======'init_phase_2'====== Args={}
2026-04-24 11:16:28,862 : INFO : ball_device.bd_scoop : BCH: Initial count: 0
2026-04-24 11:16:28,863 : INFO : ball_device.bd_scoop : State: idle
2026-04-24 11:16:28,863 : INFO : ball_device.bd_trough : BCH: Initial count: 0
2026-04-24 11:16:28,863 : INFO : ball_device.bd_trough : State: idle
2026-04-24 11:16:28,863 : INFO : ball_device.bd_autolauncher : BCH: Initial count: 0
2026-04-24 11:16:28,863 : INFO : ball_device.bd_autolauncher : State: idle
2026-04-24 11:16:28,863 : INFO : ball_device.bd_kicker_orbit : BCH: Initial count: 0
2026-04-24 11:16:28,863 : INFO : ball_device.bd_kicker_orbit : State: idle
2026-04-24 11:16:28,863 : INFO : ball_device.bd_lower_vuk : BCH: Initial count: 0
2026-04-24 11:16:28,863 : INFO : ball_device.bd_lower_vuk : State: idle
2026-04-24 11:16:28,863 : INFO : ball_device.bd_vuk_back : BCH: Initial count: 0
2026-04-24 11:16:28,863 : INFO : ball_device.bd_vuk_back : State: idle
2026-04-24 11:16:28,864 : INFO : ball_device.bd_vuk_upper : BCH: Initial count: 0
2026-04-24 11:16:28,864 : INFO : ball_device.bd_vuk_upper : State: idle
2026-04-24 11:16:28,864 : INFO : ball_device.bd_b_lock : BCH: Initial count: 0
2026-04-24 11:16:28,864 : INFO : ball_device.bd_b_lock : State: idle
2026-04-24 11:16:28,868 : INFO : EventManager : Event: ======'init_phase_3'====== Args={}
2026-04-24 11:16:28,869 : INFO : EventManager : Event: ======'init_phase_4'====== Args={}
2026-04-24 11:16:28,869 : INFO : BallController : Initial balls found: 0
2026-04-24 11:16:28,870 : INFO : EventManager : Event: ======'machine_var_audits_events_game_ended'====== Args={'value': 10, 'prev_value': None, 'change': True}
2026-04-24 11:16:28,870 : INFO : EventManager : Event: ======'machine_var_audits_events_game_started'====== Args={'value': 35, 'prev_value': None, 'change': True}
2026-04-24 11:16:28,870 : INFO : EventManager : Event: ======'machine_var_audits_missing_switches_s_b_rollover_interchange'====== Args={'value': 2, 'prev_value': None, 'change': True}
2026-04-24 11:16:28,870 : INFO : EventManager : Event: ======'machine_var_audits_missing_switches_s_b_rollover_loop'====== Args={'value': 1, 'prev_value': None, 'change': True}
2026-04-24 11:16:28,870 : INFO : EventManager : Event: ======'machine_var_audits_missing_switches_s_b_rollover_misc'====== Args={'value': 2, 'prev_value': None, 'change': True}
2026-04-24 11:16:28,870 : INFO : EventManager : Event: ======'machine_var_audits_missing_switches_s_b_target_left'====== Args={'value': 2, 'prev_value': None, 'change': True}
2026-04-24 11:16:28,870 : INFO : EventManager : Event: ======'machine_var_audits_missing_switches_s_b_target_right'====== Args={'value': 2, 'prev_value': None, 'change': True}
2026-04-24 11:16:28,870 : INFO : EventManager : Event: ======'machine_var_audits_missing_switches_s_bot'====== Args={'value': 2, 'prev_value': None, 'change': True}
2026-04-24 11:16:28,870 : INFO : EventManager : Event: ======'machine_var_audits_missing_switches_s_captive_l'====== Args={'value': 2, 'prev_value': None, 'change': True}
2026-04-24 11:16:28,870 : INFO : EventManager : Event: ======'machine_var_audits_missing_switches_s_captive_r'====== Args={'value': 2, 'prev_value': None, 'change': True}
2026-04-24 11:16:28,870 : INFO : EventManager : Event: ======'machine_var_audits_missing_switches_s_inlane_l'====== Args={'value': 33, 'prev_value': None, 'change': True}
2026-04-24 11:16:28,870 : INFO : EventManager : Event: ======'machine_var_audits_missing_switches_s_launch'====== Args={'value': 1, 'prev_value': None, 'change': True}
2026-04-24 11:16:28,870 : INFO : EventManager : Event: ======'machine_var_audits_missing_switches_s_lock_1'====== Args={'value': 6, 'prev_value': None, 'change': True}
2026-04-24 11:16:28,870 : INFO : EventManager : Event: ======'machine_var_audits_missing_switches_s_lower_orbit'====== Args={'value': 2, 'prev_value': None, 'change': True}
2026-04-24 11:16:28,870 : INFO : EventManager : Event: ======'machine_var_audits_missing_switches_s_lower_single'====== Args={'value': 2, 'prev_value': None, 'change': True}
2026-04-24 11:16:28,870 : INFO : EventManager : Event: ======'machine_var_audits_missing_switches_s_lower_transfer'====== Args={'value': 2, 'prev_value': None, 'change': True}
2026-04-24 11:16:28,870 : INFO : EventManager : Event: ======'machine_var_audits_missing_switches_s_orbit_small_r'====== Args={'value': 2, 'prev_value': None, 'change': True}
2026-04-24 11:16:28,870 : INFO : EventManager : Event: ======'machine_var_audits_missing_switches_s_outlane_l'====== Args={'value': 35, 'prev_value': None, 'change': True}
2026-04-24 11:16:28,870 : INFO : EventManager : Event: ======'machine_var_audits_missing_switches_s_outlane_r'====== Args={'value': 35, 'prev_value': None, 'change': True}
2026-04-24 11:16:28,870 : INFO : EventManager : Event: ======'machine_var_audits_missing_switches_s_scissor_save'====== Args={'value': 2, 'prev_value': None, 'change': True}
2026-04-24 11:16:28,870 : INFO : EventManager : Event: ======'machine_var_audits_missing_switches_s_start'====== Args={'value': 2, 'prev_value': None, 'change': True}
2026-04-24 11:16:28,870 : INFO : EventManager : Event: ======'machine_var_audits_missing_switches_s_tilt'====== Args={'value': 2, 'prev_value': None, 'change': True}
2026-04-24 11:16:28,870 : INFO : EventManager : Event: ======'machine_var_audits_missing_switches_s_top_mid'====== Args={'value': 2, 'prev_value': None, 'change': True}
2026-04-24 11:16:28,870 : INFO : EventManager : Event: ======'machine_var_audits_missing_switches_s_trough_5'====== Args={'value': 1, 'prev_value': None, 'change': True}
2026-04-24 11:16:28,870 : INFO : EventManager : Event: ======'machine_var_audits_missing_switches_s_trough_6'====== Args={'value': 1, 'prev_value': None, 'change': True}
2026-04-24 11:16:28,870 : INFO : EventManager : Event: ======'machine_var_audits_missing_switches_s_u_lane_l'====== Args={'value': 2, 'prev_value': None, 'change': True}
2026-04-24 11:16:28,870 : INFO : EventManager : Event: ======'machine_var_audits_missing_switches_s_u_lane_r'====== Args={'value': 2, 'prev_value': None, 'change': True}
2026-04-24 11:16:28,870 : INFO : EventManager : Event: ======'machine_var_audits_missing_switches_s_u_rollover'====== Args={'value': 2, 'prev_value': None, 'change': True}
2026-04-24 11:16:28,870 : INFO : EventManager : Event: ======'machine_var_audits_missing_switches_s_u_target'====== Args={'value': 2, 'prev_value': None, 'change': True}
2026-04-24 11:16:28,870 : INFO : EventManager : Event: ======'machine_var_audits_player_score'====== Args={'value': {'average': 31, 'top': [310, 0, 0, 0, 0, 0, 0, 0, 0, 0], 'total': 10}, 'prev_value': None, 'change': True}
2026-04-24 11:16:28,870 : INFO : EventManager : Event: ======'machine_var_audits_shots_r_orbit_small_l_base'====== Args={'value': 2, 'prev_value': None, 'change': True}
2026-04-24 11:16:28,870 : INFO : EventManager : Event: ======'machine_var_audits_shots_r_orbit_small_l_div'====== Args={'value': 2, 'prev_value': None, 'change': True}
2026-04-24 11:16:28,870 : INFO : EventManager : Event: ======'machine_var_audits_shots_r_pop'====== Args={'value': 22, 'prev_value': None, 'change': True}
2026-04-24 11:16:28,870 : INFO : EventManager : Event: ======'machine_var_audits_shots_r_scoop'====== Args={'value': 3, 'prev_value': None, 'change': True}
2026-04-24 11:16:28,870 : INFO : EventManager : Event: ======'machine_var_audits_shots_r_sling_l'====== Args={'value': 3, 'prev_value': None, 'change': True}
2026-04-24 11:16:28,870 : INFO : EventManager : Event: ======'machine_var_audits_shots_r_sling_r'====== Args={'value': 6, 'prev_value': None, 'change': True}
2026-04-24 11:16:28,870 : INFO : EventManager : Event: ======'machine_var_audits_shots_r_stationary_r_div'====== Args={'value': 6, 'prev_value': None, 'change': True}
2026-04-24 11:16:28,870 : INFO : EventManager : Event: ======'machine_var_audits_switches_s_autolauncher'====== Args={'value': 124, 'prev_value': None, 'change': True}
2026-04-24 11:16:28,870 : INFO : EventManager : Event: ======'machine_var_audits_switches_s_b_eos'====== Args={'value': 667, 'prev_value': None, 'change': True}
2026-04-24 11:16:28,870 : INFO : EventManager : Event: ======'machine_var_audits_switches_s_b_pop'====== Args={'value': 133, 'prev_value': None, 'change': True}
2026-04-24 11:16:28,870 : INFO : EventManager : Event: ======'machine_var_audits_switches_s_b_rollover_interchange'====== Args={'value': 1, 'prev_value': None, 'change': True}
2026-04-24 11:16:28,870 : INFO : EventManager : Event: ======'machine_var_audits_switches_s_b_rollover_loop'====== Args={'value': 8, 'prev_value': None, 'change': True}
2026-04-24 11:16:28,870 : INFO : EventManager : Event: ======'machine_var_audits_switches_s_b_rollover_misc'====== Args={'value': 1, 'prev_value': None, 'change': True}
2026-04-24 11:16:28,870 : INFO : EventManager : Event: ======'machine_var_audits_switches_s_b_target_left'====== Args={'value': 1, 'prev_value': None, 'change': True}
2026-04-24 11:16:28,870 : INFO : EventManager : Event: ======'machine_var_audits_switches_s_b_target_right'====== Args={'value': 1, 'prev_value': None, 'change': True}
2026-04-24 11:16:28,870 : INFO : EventManager : Event: ======'machine_var_audits_switches_s_bot'====== Args={'value': 1, 'prev_value': None, 'change': True}
2026-04-24 11:16:28,870 : INFO : EventManager : Event: ======'machine_var_audits_switches_s_bot_mid'====== Args={'value': 6, 'prev_value': None, 'change': True}
2026-04-24 11:16:28,870 : INFO : EventManager : Event: ======'machine_var_audits_switches_s_captive_l'====== Args={'value': 1, 'prev_value': None, 'change': True}
2026-04-24 11:16:28,870 : INFO : EventManager : Event: ======'machine_var_audits_switches_s_captive_r'====== Args={'value': 1, 'prev_value': None, 'change': True}
2026-04-24 11:16:28,870 : INFO : EventManager : Event: ======'machine_var_audits_switches_s_drop_l'====== Args={'value': 8, 'prev_value': None, 'change': True}
2026-04-24 11:16:28,870 : INFO : EventManager : Event: ======'machine_var_audits_switches_s_drop_m'====== Args={'value': 22, 'prev_value': None, 'change': True}
2026-04-24 11:16:28,870 : INFO : EventManager : Event: ======'machine_var_audits_switches_s_drop_r'====== Args={'value': 7, 'prev_value': None, 'change': True}
2026-04-24 11:16:28,870 : INFO : EventManager : Event: ======'machine_var_audits_switches_s_drop_single'====== Args={'value': 21, 'prev_value': None, 'change': True}
2026-04-24 11:16:28,870 : INFO : EventManager : Event: ======'machine_var_audits_switches_s_flipper_but_l_1'====== Args={'value': 440, 'prev_value': None, 'change': True}
2026-04-24 11:16:28,870 : INFO : EventManager : Event: ======'machine_var_audits_switches_s_flipper_but_l_2'====== Args={'value': 416, 'prev_value': None, 'change': True}
2026-04-24 11:16:28,870 : INFO : EventManager : Event: ======'machine_var_audits_switches_s_flipper_but_r_1'====== Args={'value': 792, 'prev_value': None, 'change': True}
2026-04-24 11:16:28,870 : INFO : EventManager : Event: ======'machine_var_audits_switches_s_flipper_but_r_2'====== Args={'value': 783, 'prev_value': None, 'change': True}
2026-04-24 11:16:28,871 : INFO : EventManager : Event: ======'machine_var_audits_switches_s_flipper_l'====== Args={'value': 416, 'prev_value': None, 'change': True}
2026-04-24 11:16:28,871 : INFO : EventManager : Event: ======'machine_var_audits_switches_s_flipper_r'====== Args={'value': 1731, 'prev_value': None, 'change': True}
2026-04-24 11:16:28,871 : INFO : EventManager : Event: ======'machine_var_audits_switches_s_flipper_upper_l'====== Args={'value': 393, 'prev_value': None, 'change': True}
2026-04-24 11:16:28,871 : INFO : EventManager : Event: ======'machine_var_audits_switches_s_inlane_l'====== Args={'value': 1, 'prev_value': None, 'change': True}
2026-04-24 11:16:28,871 : INFO : EventManager : Event: ======'machine_var_audits_switches_s_inlane_r'====== Args={'value': 80, 'prev_value': None, 'change': True}
2026-04-24 11:16:28,871 : INFO : EventManager : Event: ======'machine_var_audits_switches_s_kicker_orbit'====== Args={'value': 175, 'prev_value': None, 'change': True}
2026-04-24 11:16:28,871 : INFO : EventManager : Event: ======'machine_var_audits_switches_s_kicking_target'====== Args={'value': 538, 'prev_value': None, 'change': True}
2026-04-24 11:16:28,871 : INFO : EventManager : Event: ======'machine_var_audits_switches_s_launch'====== Args={'value': 119, 'prev_value': None, 'change': True}
2026-04-24 11:16:28,871 : INFO : EventManager : Event: ======'machine_var_audits_switches_s_lock_1'====== Args={'value': 10, 'prev_value': None, 'change': True}
2026-04-24 11:16:28,871 : INFO : EventManager : Event: ======'machine_var_audits_switches_s_lock_2'====== Args={'value': 5, 'prev_value': None, 'change': True}
2026-04-24 11:16:28,871 : INFO : EventManager : Event: ======'machine_var_audits_switches_s_lock_3'====== Args={'value': 5, 'prev_value': None, 'change': True}
2026-04-24 11:16:28,871 : INFO : EventManager : Event: ======'machine_var_audits_switches_s_lower_orbit'====== Args={'value': 5, 'prev_value': None, 'change': True}
2026-04-24 11:16:28,871 : INFO : EventManager : Event: ======'machine_var_audits_switches_s_lower_single'====== Args={'value': 1, 'prev_value': None, 'change': True}
2026-04-24 11:16:28,871 : INFO : EventManager : Event: ======'machine_var_audits_switches_s_lower_sling'====== Args={'value': 8, 'prev_value': None, 'change': True}
2026-04-24 11:16:28,871 : INFO : EventManager : Event: ======'machine_var_audits_switches_s_lower_transfer'====== Args={'value': 3, 'prev_value': None, 'change': True}
2026-04-24 11:16:28,871 : INFO : EventManager : Event: ======'machine_var_audits_switches_s_lower_vuk'====== Args={'value': 15, 'prev_value': None, 'change': True}
2026-04-24 11:16:28,871 : INFO : EventManager : Event: ======'machine_var_audits_switches_s_middle_scoop'====== Args={'value': 14, 'prev_value': None, 'change': True}
2026-04-24 11:16:28,871 : INFO : EventManager : Event: ======'machine_var_audits_switches_s_orbit_small_l'====== Args={'value': 38, 'prev_value': None, 'change': True}
2026-04-24 11:16:28,871 : INFO : EventManager : Event: ======'machine_var_audits_switches_s_orbit_small_r'====== Args={'value': 195, 'prev_value': None, 'change': True}
2026-04-24 11:16:28,871 : INFO : EventManager : Event: ======'machine_var_audits_switches_s_outlane_l'====== Args={'value': 0, 'prev_value': None, 'change': True}
2026-04-24 11:16:28,871 : INFO : EventManager : Event: ======'machine_var_audits_switches_s_outlane_r'====== Args={'value': 0, 'prev_value': None, 'change': True}
2026-04-24 11:16:28,871 : INFO : EventManager : Event: ======'machine_var_audits_switches_s_pop'====== Args={'value': 99, 'prev_value': None, 'change': True}
2026-04-24 11:16:28,871 : INFO : EventManager : Event: ======'machine_var_audits_switches_s_scissor_save'====== Args={'value': 3, 'prev_value': None, 'change': True}
2026-04-24 11:16:28,871 : INFO : EventManager : Event: ======'machine_var_audits_switches_s_sling_l'====== Args={'value': 19, 'prev_value': None, 'change': True}
2026-04-24 11:16:28,871 : INFO : EventManager : Event: ======'machine_var_audits_switches_s_start'====== Args={'value': 5, 'prev_value': None, 'change': True}
2026-04-24 11:16:28,871 : INFO : EventManager : Event: ======'machine_var_audits_switches_s_stationary_l'====== Args={'value': 111, 'prev_value': None, 'change': True}
2026-04-24 11:16:28,871 : INFO : EventManager : Event: ======'machine_var_audits_switches_s_stationary_m'====== Args={'value': 29, 'prev_value': None, 'change': True}
2026-04-24 11:16:28,871 : INFO : EventManager : Event: ======'machine_var_audits_switches_s_stationary_r'====== Args={'value': 35, 'prev_value': None, 'change': True}
2026-04-24 11:16:28,871 : INFO : EventManager : Event: ======'machine_var_audits_switches_s_subway'====== Args={'value': 168, 'prev_value': None, 'change': True}
2026-04-24 11:16:28,871 : INFO : EventManager : Event: ======'machine_var_audits_switches_s_tilt'====== Args={'value': 1, 'prev_value': None, 'change': True}
2026-04-24 11:16:28,871 : INFO : EventManager : Event: ======'machine_var_audits_switches_s_top'====== Args={'value': 6, 'prev_value': None, 'change': True}
2026-04-24 11:16:28,871 : INFO : EventManager : Event: ======'machine_var_audits_switches_s_top_mid'====== Args={'value': 1, 'prev_value': None, 'change': True}
2026-04-24 11:16:28,871 : INFO : EventManager : Event: ======'machine_var_audits_switches_s_trough_1'====== Args={'value': 101, 'prev_value': None, 'change': True}
2026-04-24 11:16:28,871 : INFO : EventManager : Event: ======'machine_var_audits_switches_s_trough_2'====== Args={'value': 60, 'prev_value': None, 'change': True}
2026-04-24 11:16:28,871 : INFO : EventManager : Event: ======'machine_var_audits_switches_s_trough_3'====== Args={'value': 61, 'prev_value': None, 'change': True}
2026-04-24 11:16:28,871 : INFO : EventManager : Event: ======'machine_var_audits_switches_s_trough_4'====== Args={'value': 141, 'prev_value': None, 'change': True}
2026-04-24 11:16:28,871 : INFO : EventManager : Event: ======'machine_var_audits_switches_s_trough_5'====== Args={'value': 48, 'prev_value': None, 'change': True}
2026-04-24 11:16:28,871 : INFO : EventManager : Event: ======'machine_var_audits_switches_s_trough_6'====== Args={'value': 100, 'prev_value': None, 'change': True}
2026-04-24 11:16:28,871 : INFO : EventManager : Event: ======'machine_var_audits_switches_s_trough_jam'====== Args={'value': 73, 'prev_value': None, 'change': True}
2026-04-24 11:16:28,871 : INFO : EventManager : Event: ======'machine_var_audits_switches_s_u_lane_l'====== Args={'value': 1, 'prev_value': None, 'change': True}
2026-04-24 11:16:28,871 : INFO : EventManager : Event: ======'machine_var_audits_switches_s_u_lane_r'====== Args={'value': 1, 'prev_value': None, 'change': True}
2026-04-24 11:16:28,871 : INFO : EventManager : Event: ======'machine_var_audits_switches_s_u_rollover'====== Args={'value': 1, 'prev_value': None, 'change': True}
2026-04-24 11:16:28,871 : INFO : EventManager : Event: ======'machine_var_audits_switches_s_u_target'====== Args={'value': 1, 'prev_value': None, 'change': True}
2026-04-24 11:16:28,871 : INFO : EventManager : Event: ======'machine_var_audits_switches_s_vuk_back'====== Args={'value': 101, 'prev_value': None, 'change': True}
2026-04-24 11:16:28,871 : INFO : EventManager : Event: ======'machine_var_audits_switches_s_vuk_upper'====== Args={'value': 63, 'prev_value': None, 'change': True}
2026-04-24 11:16:28,871 : INFO : EventManager : Event: ======'init_phase_5'====== Args={}
2026-04-24 11:16:28,871 : INFO : EventManager : Event: ======'init_done'====== Args={}
2026-04-24 11:16:28,872 : INFO : EventManager : Event: ======'machine_reset_phase_1'====== Args={}
2026-04-24 11:16:28,872 : INFO : EventManager : Event: ======'machine_reset_phase_2'====== Args={}
2026-04-24 11:16:28,872 : INFO : EventManager : Event: ======'machine_reset_phase_3'====== Args={}
2026-04-24 11:16:28,872 : INFO : EventManager : Event: ======'diverter_d_middle_diverter_deactivating'====== Args={}
2026-04-24 11:16:28,872 : INFO : coil.c_diverter : Disabling Driver
2026-04-24 11:16:28,872 : INFO : EventManager : Event: ======'reset_complete'====== Args={}
2026-04-24 11:16:28,872 : INFO : EventManager : Event: ======'mode_attract_will_start'====== Args={}
2026-04-24 11:16:28,872 : INFO : EventManager : Event: ======'mode_attract_starting'====== Args={}
2026-04-24 11:16:28,872 : INFO : Mode.attract : Started. Priority: 10
2026-04-24 11:16:28,872 : INFO : EventManager : Event: ======'modes_active_modes_changed'====== Args={}
2026-04-24 11:16:28,872 : INFO : EventManager : Event: ======'mode_attract_started'====== Args={}
2026-04-24 11:16:28,872 : INFO : EventManager : Event: ======'collecting_balls_complete'====== Args={}
2026-04-24 11:16:28,874 : INFO : Machine : Starting the main run loop with active modes: [<Mode.attract>]
2026-04-24 11:16:29,233 : INFO : BcpServer : New client connected.
2026-04-24 11:16:39,767 : INFO : BcpServer : New client connected.
2026-04-24 11:16:39,772 : INFO : EventManager : Unordered handler for class <BCP Interface> on event modes_active_modes_changed with priority 1. Handlers: [RegisteredHandler(callback=<bound method BcpInterface._send_mode_list of <BCP Interface>>, priority=1, kwargs={}, key=UUID('a3657db2-7b6b-489f-b7e5-be685b3daff5'), condition=None, blocking_facility=None), RegisteredHandler(callback=<bound method BcpInterface._send_mode_list of <BCP Interface>>, priority=1, kwargs={}, key=UUID('e5ce1b9a-56b4-43f4-a672-b1ab81d066b1'), condition=None, blocking_facility=None)]. The order of those handlers is not defined and they will be executed in random order. This might lead to race conditions and potential bugs.
2026-04-24 11:16:42,272 : INFO : SwitchController : <<<<<<< 's_trough_6' active >>>>>>>
2026-04-24 11:16:43,931 : INFO : SwitchController : <<<<<<< 's_start' active >>>>>>>
2026-04-24 11:16:44,042 : INFO : SwitchController : <<<<<<< 's_start' inactive >>>>>>>
2026-04-24 11:16:44,042 : INFO : EventManager : Event: ======'request_to_start_game'====== Args={}
2026-04-24 11:16:44,042 : INFO : BallController : Known balls: 0
2026-04-24 11:16:44,042 : INFO : BallController : bd_scoop contains 0 balls. Tags []
2026-04-24 11:16:44,042 : INFO : BallController : bd_trough contains 0 balls. Tags ['trough', 'home', 'drain']
2026-04-24 11:16:44,042 : INFO : BallController : bd_autolauncher contains 0 balls. Tags []
2026-04-24 11:16:44,043 : INFO : BallController : bd_kicker_orbit contains 0 balls. Tags []
2026-04-24 11:16:44,043 : INFO : BallController : bd_lower_vuk contains 0 balls. Tags []
2026-04-24 11:16:44,043 : INFO : BallController : bd_vuk_back contains 0 balls. Tags []
2026-04-24 11:16:44,043 : INFO : BallController : bd_vuk_upper contains 0 balls. Tags []
2026-04-24 11:16:44,043 : INFO : BallController : bd_b_lock contains 0 balls. Tags []
2026-04-24 11:16:44,043 : INFO : BallController : playfield contains 0 balls. Tags ['default']
2026-04-24 11:16:44,043 : WARNING : BallController : BallController denies game start. Not enough balls. 0 found. 1 required
2026-04-24 11:16:44,043 : INFO : BallController : Triggering ball search.
2026-04-24 11:16:45,130 : INFO : SwitchController : <<<<<<< 's_launch' active >>>>>>>
2026-04-24 11:16:45,244 : INFO : SwitchController : <<<<<<< 's_launch' inactive >>>>>>>
2026-04-24 11:16:46,202 : INFO : SwitchController : <<<<<<< 's_trough_5' active >>>>>>>
2026-04-24 11:16:46,819 : INFO : SwitchController : <<<<<<< 's_trough_4' active >>>>>>>
2026-04-24 11:16:47,320 : INFO : EventManager : Event: ======'balldevice_bd_trough_ball_count_changed'====== Args={'balls': 1}
2026-04-24 11:16:47,320 : INFO : ball_device.bd_trough : Received unexpected ball
2026-04-24 11:16:47,320 : INFO : EventManager : Event: ======'balldevice_captured_from_playfield'====== Args={'balls': 1}
2026-04-24 11:16:47,321 : INFO : EventManager : Event: ======'sw_playfield_active'====== Args={'balls': 1}
2026-04-24 11:16:47,321 : INFO : EventManager : Event: ======'playfield_active'====== Args={'source': None}
2026-04-24 11:16:47,321 : INFO : EventManager : Event: ======'unexpected_ball_on_playfield'====== Args={}
2026-04-24 11:16:47,321 : INFO : EventManager : Event: ======'playfield_ball_count_change'====== Args={'balls': -1, 'change': -1}
2026-04-24 11:16:47,321 : INFO : EventManager : Event: ======'balldevice_playfield_ball_enter'====== Args={'new_balls': 1, 'unclaimed_balls': 1, 'device': <playfield.playfield>}
2026-04-24 11:16:47,321 : INFO : EventManager : Event: ======'playfield_ball_count_change'====== Args={'balls': 0, 'change': 1}
2026-04-24 11:16:47,321 : INFO : BallController : Found a new ball which was captured from playfield. Known balls: 1
2026-04-24 11:16:47,321 : INFO : EventManager : Event: ======'found_new_ball'====== Args={}
2026-04-24 11:16:47,321 : INFO : EventManager : Event: ======'balldevice_bd_trough_ball_enter'====== Args={'new_balls': 1, 'unclaimed_balls': 1, 'new_available_balls': 1, 'device': <ball_device.bd_trough>}
2026-04-24 11:16:47,321 : INFO : EventManager : Event: ======'ball_drain'====== Args={'device': <ball_device.bd_trough>, 'balls': 1}
2026-04-24 11:16:47,322 : INFO : EventManager : Event: ======'balldevice_balls_available'====== Args={}
2026-04-24 11:16:47,322 : INFO : EventManager : Event: ======'balldevice_bd_trough_ball_entered'====== Args={'new_balls': 1, 'device': <ball_device.bd_trough>}
2026-04-24 11:16:47,403 : INFO : SwitchController : <<<<<<< 's_trough_3' active >>>>>>>
2026-04-24 11:16:47,906 : INFO : EventManager : Event: ======'balldevice_bd_trough_ball_count_changed'====== Args={'balls': 2}
2026-04-24 11:16:47,906 : INFO : ball_device.bd_trough : Received unexpected ball
2026-04-24 11:16:47,906 : INFO : EventManager : Event: ======'balldevice_captured_from_playfield'====== Args={'balls': 1}
2026-04-24 11:16:47,907 : INFO : EventManager : Event: ======'sw_playfield_active'====== Args={'balls': 1}
2026-04-24 11:16:47,907 : INFO : EventManager : Event: ======'playfield_active'====== Args={'source': None}
2026-04-24 11:16:47,907 : INFO : EventManager : Event: ======'unexpected_ball_on_playfield'====== Args={}
2026-04-24 11:16:47,907 : INFO : EventManager : Event: ======'playfield_ball_count_change'====== Args={'balls': -1, 'change': -1}
2026-04-24 11:16:47,907 : INFO : EventManager : Event: ======'balldevice_playfield_ball_enter'====== Args={'new_balls': 1, 'unclaimed_balls': 1, 'device': <playfield.playfield>}
2026-04-24 11:16:47,907 : INFO : EventManager : Event: ======'playfield_ball_count_change'====== Args={'balls': 0, 'change': 1}
2026-04-24 11:16:47,907 : INFO : BallController : Found a new ball which was captured from playfield. Known balls: 2
2026-04-24 11:16:47,907 : INFO : EventManager : Event: ======'found_new_ball'====== Args={}
2026-04-24 11:16:47,907 : INFO : EventManager : Event: ======'balldevice_bd_trough_ball_enter'====== Args={'new_balls': 1, 'unclaimed_balls': 1, 'new_available_balls': 1, 'device': <ball_device.bd_trough>}
2026-04-24 11:16:47,907 : INFO : EventManager : Event: ======'ball_drain'====== Args={'device': <ball_device.bd_trough>, 'balls': 1}
2026-04-24 11:16:47,907 : INFO : EventManager : Event: ======'balldevice_balls_available'====== Args={}
2026-04-24 11:16:47,907 : INFO : EventManager : Event: ======'balldevice_bd_trough_ball_entered'====== Args={'new_balls': 1, 'device': <ball_device.bd_trough>}
2026-04-24 11:16:49,293 : INFO : SwitchController : <<<<<<< 's_launch' active >>>>>>>
2026-04-24 11:16:49,411 : INFO : SwitchController : <<<<<<< 's_launch' inactive >>>>>>>
2026-04-24 11:16:50,644 : INFO : SwitchController : <<<<<<< 's_start' active >>>>>>>
2026-04-24 11:16:50,761 : INFO : SwitchController : <<<<<<< 's_start' inactive >>>>>>>
2026-04-24 11:16:50,761 : INFO : EventManager : Event: ======'request_to_start_game'====== Args={}
2026-04-24 11:16:50,761 : INFO : EventManager : Event: ======'game_start'====== Args={'buttons': [], 'hold_time': 0.11705979102407582}
2026-04-24 11:16:50,761 : INFO : EventManager : Event: ======'mode_game_will_start'====== Args={'buttons': [], 'hold_time': 0.11705979102407582}
2026-04-24 11:16:50,761 : INFO : EventManager : Event: ======'mode_game_starting'====== Args={'buttons': [], 'hold_time': 0.11705979102407582}
2026-04-24 11:16:50,761 : INFO : EventManager : Event: ======'mode_attract_will_stop'====== Args={}
2026-04-24 11:16:50,761 : INFO : EventManager : Event: ======'mode_attract_stopping'====== Args={}
2026-04-24 11:16:50,761 : INFO : Mode.attract : Stopped.
2026-04-24 11:16:50,761 : INFO : EventManager : Event: ======'modes_active_modes_changed'====== Args={}
2026-04-24 11:16:50,762 : INFO : EventManager : Event: ======'mode_attract_stopped'====== Args={}
2026-04-24 11:16:50,762 : INFO : EventManager : Event: ======'clear'====== Args={'key': 'attract'}
2026-04-24 11:16:50,762 : INFO : Mode.game : Started. Priority: 20
2026-04-24 11:16:50,762 : INFO : EventManager : Event: ======'modes_active_modes_changed'====== Args={}
2026-04-24 11:16:50,762 : INFO : EventManager : Event: ======'mode_game_started'====== Args={'buttons': [], 'hold_time': 0.11705979102407582}
2026-04-24 11:16:50,762 : INFO : EventManager : Event: ======'game_will_start'====== Args={}
2026-04-24 11:16:50,763 : INFO : EventManager : Event: ======'game_starting'====== Args={'game': <Mode.game>}
2026-04-24 11:16:50,763 : INFO : EventManager : Unordered handler for class <Auditor> on event game_ended with priority 1. Handlers: [RegisteredHandler(callback=<bound method Auditor.disable of <Auditor>>, priority=1, kwargs={}, key=UUID('4cc1b0b7-8ba4-4e96-990c-dc527ef9b862'), condition=None, blocking_facility=None), RegisteredHandler(callback=<bound method Auditor._save_audits of <Auditor>>, priority=1, kwargs={}, key=UUID('7ba78a41-c410-41c8-8232-dee050ec4e6b'), condition=None, blocking_facility=None)]. The order of those handlers is not defined and they will be executed in random order. This might lead to race conditions and potential bugs.
2026-04-24 11:16:50,763 : INFO : EventManager : Event: ======'player_add_request'====== Args={}
2026-04-24 11:16:50,763 : INFO : EventManager : Event: ======'player_will_add'====== Args={'number': 1}
2026-04-24 11:16:50,763 : INFO : EventManager : Event: ======'player_adding'====== Args={'player': <Player 1>, 'number': 1}
2026-04-24 11:16:50,763 : INFO : EventManager : Event: ======'player_added'====== Args={'player': <Player 1>, 'num': 1}
2026-04-24 11:16:50,763 : INFO : Mode.game : Player added successfully. Total players: 1
2026-04-24 11:16:50,763 : INFO : EventManager : Event: ======'player_index'====== Args={'value': 0, 'prev_value': 0, 'change': 0, 'player_num': 1}
2026-04-24 11:16:50,763 : INFO : EventManager : Event: ======'player_number'====== Args={'value': 1, 'prev_value': 1, 'change': 0, 'player_num': 1}
2026-04-24 11:16:50,763 : INFO : EventManager : Event: ======'player_score'====== Args={'value': 0, 'prev_value': 0, 'change': 0, 'player_num': 1}
2026-04-24 11:16:50,764 : INFO : EventManager : Event: ======'game_started'====== Args={}
2026-04-24 11:16:50,764 : INFO : EventManager : Event: ======'player_turn_will_start'====== Args={'player': <Player 1>, 'number': 1}
2026-04-24 11:16:50,766 : INFO : EventManager : Event: ======'player_turn_starting'====== Args={'player': <Player 1>, 'number': 1}
2026-04-24 11:16:50,766 : INFO : EventManager : Event: ======'player_ball'====== Args={'value': 1, 'prev_value': 0, 'change': 1, 'player_num': 1}
2026-04-24 11:16:50,766 : INFO : EventManager : Event: ======'player_turn_started'====== Args={'player': <Player 1>, 'number': 1}
2026-04-24 11:16:50,766 : INFO : EventManager : Event: ======'ball_will_start'====== Args={'player': 1, 'ball': 1, 'balls_remaining': 2, 'is_extra_ball': False}
2026-04-24 11:16:50,766 : INFO : EventManager : Event: ======'ball_starting'====== Args={'player': 1, 'ball': 1, 'balls_remaining': 2, 'is_extra_ball': False}
2026-04-24 11:16:50,767 : INFO : EventManager : Event: ======'mode_diverter_activation_will_start'====== Args={'queue': <QueuedEvent>, 'player': 1, 'ball': 1, 'balls_remaining': 2, 'is_extra_ball': False}
2026-04-24 11:16:50,767 : INFO : EventManager : Event: ======'player_shot_r_orbit_small_r_div_enabled'====== Args={'value': True, 'prev_value': 0, 'change': 1, 'player_num': 1}
2026-04-24 11:16:50,767 : INFO : EventManager : Event: ======'player_shot_r_orbit_small_l_div_enabled'====== Args={'value': True, 'prev_value': 0, 'change': 1, 'player_num': 1}
2026-04-24 11:16:50,767 : INFO : EventManager : Event: ======'player_shot_r_captive_l_div_enabled'====== Args={'value': True, 'prev_value': 0, 'change': 1, 'player_num': 1}
2026-04-24 11:16:50,767 : INFO : EventManager : Event: ======'player_shot_r_stationary_r_div_enabled'====== Args={'value': True, 'prev_value': 0, 'change': 1, 'player_num': 1}
2026-04-24 11:16:50,768 : INFO : EventManager : Event: ======'mode_diverter_activation_starting'====== Args={'queue': <QueuedEvent>, 'player': 1, 'ball': 1, 'balls_remaining': 2, 'is_extra_ball': False}
2026-04-24 11:16:50,768 : INFO : EventManager : Event: ======'mode_misc_drop_bank_will_start'====== Args={'queue': <QueuedEvent>, 'player': 1, 'ball': 1, 'balls_remaining': 2, 'is_extra_ball': False}
2026-04-24 11:16:50,768 : INFO : EventManager : Event: ======'player_shot_r_drop_l_misc_enabled'====== Args={'value': True, 'prev_value': 0, 'change': 1, 'player_num': 1}
2026-04-24 11:16:50,768 : INFO : EventManager : Event: ======'player_shot_r_drop_m_misc_enabled'====== Args={'value': True, 'prev_value': 0, 'change': 1, 'player_num': 1}
2026-04-24 11:16:50,768 : INFO : EventManager : Event: ======'player_shot_r_drop_r_misc_enabled'====== Args={'value': True, 'prev_value': 0, 'change': 1, 'player_num': 1}
2026-04-24 11:16:50,769 : INFO : EventManager : Event: ======'mode_misc_drop_bank_starting'====== Args={'queue': <QueuedEvent>, 'player': 1, 'ball': 1, 'balls_remaining': 2, 'is_extra_ball': False}
2026-04-24 11:16:50,769 : INFO : EventManager : Event: ======'mode_base_will_start'====== Args={'queue': <QueuedEvent>, 'player': 1, 'ball': 1, 'balls_remaining': 2, 'is_extra_ball': False}
2026-04-24 11:16:50,769 : INFO : EventManager : Event: ======'player_shot_r_orbit_small_r_base_enabled'====== Args={'value': True, 'prev_value': 0, 'change': 1, 'player_num': 1}
2026-04-24 11:16:50,769 : INFO : EventManager : Event: ======'player_shot_r_orbit_small_l_base_enabled'====== Args={'value': True, 'prev_value': 0, 'change': 1, 'player_num': 1}
2026-04-24 11:16:50,769 : INFO : EventManager : Event: ======'player_shot_r_pop_enabled'====== Args={'value': True, 'prev_value': 0, 'change': 1, 'player_num': 1}
2026-04-24 11:16:50,769 : INFO : EventManager : Event: ======'player_shot_r_sling_l_enabled'====== Args={'value': True, 'prev_value': 0, 'change': 1, 'player_num': 1}
2026-04-24 11:16:50,769 : INFO : EventManager : Event: ======'player_shot_r_sling_r_enabled'====== Args={'value': True, 'prev_value': 0, 'change': 1, 'player_num': 1}
2026-04-24 11:16:50,769 : INFO : EventManager : Event: ======'player_shot_r_scoop_enabled'====== Args={'value': True, 'prev_value': 0, 'change': 1, 'player_num': 1}
2026-04-24 11:16:50,769 : INFO : EventManager : Event: ======'mode_base_starting'====== Args={'queue': <QueuedEvent>, 'player': 1, 'ball': 1, 'balls_remaining': 2, 'is_extra_ball': False}
2026-04-24 11:16:50,770 : INFO : Mode.base : Started. Priority: 100
2026-04-24 11:16:50,770 : INFO : EventManager : Event: ======'modes_active_modes_changed'====== Args={}
2026-04-24 11:16:50,770 : INFO : EventManager : Event: ======'mode_base_started'====== Args={'queue': <QueuedEvent>, 'player': 1, 'ball': 1, 'balls_remaining': 2, 'is_extra_ball': False}
2026-04-24 11:16:50,770 : INFO : Mode.misc_drop_bank : Started. Priority: 100
2026-04-24 11:16:50,770 : INFO : EventManager : Event: ======'modes_active_modes_changed'====== Args={}
2026-04-24 11:16:50,770 : INFO : EventManager : Event: ======'mode_misc_drop_bank_started'====== Args={'queue': <QueuedEvent>, 'player': 1, 'ball': 1, 'balls_remaining': 2, 'is_extra_ball': False}
2026-04-24 11:16:50,770 : INFO : Mode.diverter_activation : Started. Priority: 101
2026-04-24 11:16:50,770 : INFO : EventManager : Event: ======'modes_active_modes_changed'====== Args={}
2026-04-24 11:16:50,770 : INFO : EventManager : Event: ======'mode_diverter_activation_started'====== Args={'queue': <QueuedEvent>, 'player': 1, 'ball': 1, 'balls_remaining': 2, 'is_extra_ball': False}
2026-04-24 11:16:50,770 : INFO : EventManager : Event: ======'player_v_right_ramp'====== Args={'value': 0, 'prev_value': 0, 'change': 0, 'player_num': 1, 'source': 'diverter_activation'}
2026-04-24 11:16:50,770 : INFO : EventManager : Event: ======'balls_in_play'====== Args={'balls': 1}
2026-04-24 11:16:50,770 : INFO : EventManager : Event: ======'ball_started'====== Args={'player': 1, 'ball': 1, 'balls_remaining': 2, 'is_extra_ball': False}
2026-04-24 11:16:50,771 : INFO : EventManager : Event: ======'diverter_d_middle_diverter_enabling'====== Args={'auto': False}
2026-04-24 11:16:50,771 : INFO : drop_target_bank.dt_bank : All targets are already up. Will not reset bank.
2026-04-24 11:16:50,771 : INFO : EventManager : Event: ======'single_player_ball_started'====== Args={}
2026-04-24 11:16:50,773 : INFO : EventManager : Event: ======'ball_start_target'====== Args={'target': 'playfield'}
2026-04-24 11:16:50,775 : INFO : ball_device.bd_autolauncher : Setting up player-controlled eject. Balls: 1, Target: <playfield.playfield>, player_controlled_eject_event: sw_launch
2026-04-24 11:16:50,775 : INFO : EventManager : Event: ======'balldevice_balls_available'====== Args={}
2026-04-24 11:16:50,776 : INFO : ball_device.bd_trough : State: waiting_for_target_ready
2026-04-24 11:16:50,776 : INFO : EventManager : Event: ======'balldevice_bd_trough_ball_eject_attempt'====== Args={'balls': 1, 'target': <ball_device.bd_autolauncher>, 'source': <ball_device.bd_trough>, 'mechanical_eject': True, 'num_attempts': 0}
2026-04-24 11:16:50,776 : INFO : ball_device.bd_autolauncher : State: waiting_for_ball
2026-04-24 11:16:50,776 : INFO : ball_device.bd_trough : State: ejecting
2026-04-24 11:16:50,776 : INFO : ball_device.bd_trough : Ejecting ball to <ball_device.bd_autolauncher>
2026-04-24 11:16:50,776 : INFO : EventManager : Event: ======'balldevice_bd_trough_ejecting_ball'====== Args={'balls': 1, 'target': <ball_device.bd_autolauncher>, 'source': <ball_device.bd_trough>, 'mechanical_eject': True, 'num_attempts': 0}
2026-04-24 11:16:50,776 : INFO : ball_device.bd_trough : Wait for ball to leave device
2026-04-24 11:16:50,776 : INFO : coil.c_trough : Pulsing Driver for 12ms (1.0 pulse_power)
2026-04-24 11:16:51,777 : INFO : EventManager : Event: ======'balldevice_bd_trough_ball_eject_failed'====== Args={'target': <ball_device.bd_autolauncher>, 'balls': 1, 'retry': True, 'num_attempts': 1}
2026-04-24 11:16:51,780 : INFO : ball_device.bd_trough : State: waiting_for_target_ready
2026-04-24 11:16:51,780 : INFO : EventManager : Event: ======'balldevice_bd_trough_ball_eject_attempt'====== Args={'balls': 1, 'target': <ball_device.bd_autolauncher>, 'source': <ball_device.bd_trough>, 'mechanical_eject': True, 'num_attempts': 1}
2026-04-24 11:16:51,781 : INFO : ball_device.bd_trough : State: ejecting
2026-04-24 11:16:51,781 : INFO : ball_device.bd_trough : Ejecting ball to <ball_device.bd_autolauncher>
2026-04-24 11:16:51,781 : INFO : EventManager : Event: ======'balldevice_bd_trough_ejecting_ball'====== Args={'balls': 1, 'target': <ball_device.bd_autolauncher>, 'source': <ball_device.bd_trough>, 'mechanical_eject': True, 'num_attempts': 1}
2026-04-24 11:16:51,782 : INFO : ball_device.bd_trough : Wait for ball to leave device
2026-04-24 11:16:51,782 : INFO : coil.c_trough : Pulsing Driver for 12ms (1.0 pulse_power)
2026-04-24 11:16:52,277 : INFO : SwitchController : <<<<<<< 's_launch' active >>>>>>>
2026-04-24 11:16:52,277 : INFO : EventManager : Event: ======'machine_var_audits_switches_s_launch'====== Args={'value': 120, 'prev_value': 119, 'change': 1}
2026-04-24 11:16:52,410 : INFO : SwitchController : <<<<<<< 's_launch' inactive >>>>>>>
2026-04-24 11:16:52,784 : INFO : EventManager : Event: ======'balldevice_bd_trough_ball_eject_failed'====== Args={'target': <ball_device.bd_autolauncher>, 'balls': 1, 'retry': True, 'num_attempts': 2}
2026-04-24 11:16:52,785 : INFO : ball_device.bd_trough : State: waiting_for_target_ready
2026-04-24 11:16:52,786 : INFO : EventManager : Event: ======'balldevice_bd_trough_ball_eject_attempt'====== Args={'balls': 1, 'target': <ball_device.bd_autolauncher>, 'source': <ball_device.bd_trough>, 'mechanical_eject': True, 'num_attempts': 2}
2026-04-24 11:16:52,787 : INFO : ball_device.bd_trough : State: ejecting
2026-04-24 11:16:52,787 : INFO : ball_device.bd_trough : Ejecting ball to <ball_device.bd_autolauncher>
2026-04-24 11:16:52,787 : INFO : EventManager : Event: ======'balldevice_bd_trough_ejecting_ball'====== Args={'balls': 1, 'target': <ball_device.bd_autolauncher>, 'source': <ball_device.bd_trough>, 'mechanical_eject': True, 'num_attempts': 2}
2026-04-24 11:16:52,788 : INFO : ball_device.bd_trough : Wait for ball to leave device
2026-04-24 11:16:52,789 : INFO : coil.c_trough : Pulsing Driver for 12ms (1.0 pulse_power)
2026-04-24 11:16:53,493 : INFO : SwitchController : <<<<<<< 's_trough_6' inactive >>>>>>>
2026-04-24 11:16:53,789 : INFO : EventManager : Event: ======'balldevice_bd_trough_ball_eject_failed'====== Args={'target': <ball_device.bd_autolauncher>, 'balls': 1, 'retry': True, 'num_attempts': 3}
2026-04-24 11:16:53,791 : INFO : ball_device.bd_trough : State: waiting_for_target_ready
2026-04-24 11:16:53,791 : INFO : EventManager : Event: ======'balldevice_bd_trough_ball_eject_attempt'====== Args={'balls': 1, 'target': <ball_device.bd_autolauncher>, 'source': <ball_device.bd_trough>, 'mechanical_eject': True, 'num_attempts': 3}
2026-04-24 11:16:53,792 : INFO : ball_device.bd_trough : State: ejecting
2026-04-24 11:16:53,792 : INFO : ball_device.bd_trough : Ejecting ball to <ball_device.bd_autolauncher>
2026-04-24 11:16:53,792 : INFO : EventManager : Event: ======'balldevice_bd_trough_ejecting_ball'====== Args={'balls': 1, 'target': <ball_device.bd_autolauncher>, 'source': <ball_device.bd_trough>, 'mechanical_eject': True, 'num_attempts': 3}
2026-04-24 11:16:53,793 : INFO : ball_device.bd_trough : Wait for ball to leave device
2026-04-24 11:16:53,793 : INFO : coil.c_trough : Pulsing Driver for 12ms (1.0 pulse_power)
2026-04-24 11:16:54,794 : INFO : EventManager : Event: ======'balldevice_bd_trough_ball_eject_failed'====== Args={'target': <ball_device.bd_autolauncher>, 'balls': 1, 'retry': True, 'num_attempts': 4}
2026-04-24 11:16:54,795 : INFO : ball_device.bd_trough : State: waiting_for_target_ready
2026-04-24 11:16:54,796 : INFO : EventManager : Event: ======'balldevice_bd_trough_ball_eject_attempt'====== Args={'balls': 1, 'target': <ball_device.bd_autolauncher>, 'source': <ball_device.bd_trough>, 'mechanical_eject': True, 'num_attempts': 4}
2026-04-24 11:16:54,796 : INFO : ball_device.bd_trough : State: ejecting
2026-04-24 11:16:54,797 : INFO : ball_device.bd_trough : Ejecting ball to <ball_device.bd_autolauncher>
2026-04-24 11:16:54,797 : INFO : EventManager : Event: ======'balldevice_bd_trough_ejecting_ball'====== Args={'balls': 1, 'target': <ball_device.bd_autolauncher>, 'source': <ball_device.bd_trough>, 'mechanical_eject': True, 'num_attempts': 4}
2026-04-24 11:16:54,797 : INFO : ball_device.bd_trough : Wait for ball to leave device
2026-04-24 11:16:54,798 : INFO : coil.c_trough : Pulsing Driver for 12ms (1.0 pulse_power)
2026-04-24 11:16:55,799 : INFO : EventManager : Event: ======'balldevice_bd_trough_ball_eject_failed'====== Args={'target': <ball_device.bd_autolauncher>, 'balls': 1, 'retry': True, 'num_attempts': 5}
2026-04-24 11:16:55,801 : INFO : ball_device.bd_trough : State: waiting_for_target_ready
2026-04-24 11:16:55,801 : INFO : EventManager : Event: ======'balldevice_bd_trough_ball_eject_attempt'====== Args={'balls': 1, 'target': <ball_device.bd_autolauncher>, 'source': <ball_device.bd_trough>, 'mechanical_eject': True, 'num_attempts': 5}
2026-04-24 11:16:55,802 : INFO : ball_device.bd_trough : State: ejecting
2026-04-24 11:16:55,802 : INFO : ball_device.bd_trough : Ejecting ball to <ball_device.bd_autolauncher>
2026-04-24 11:16:55,802 : INFO : EventManager : Event: ======'balldevice_bd_trough_ejecting_ball'====== Args={'balls': 1, 'target': <ball_device.bd_autolauncher>, 'source': <ball_device.bd_trough>, 'mechanical_eject': True, 'num_attempts': 5}
2026-04-24 11:16:55,803 : INFO : ball_device.bd_trough : Wait for ball to leave device
2026-04-24 11:16:55,803 : INFO : coil.c_trough : Pulsing Driver for 12ms (1.0 pulse_power)
2026-04-24 11:16:56,326 : INFO : SwitchController : <<<<<<< 's_drop_r' active >>>>>>>
2026-04-24 11:16:56,327 : INFO : EventManager : Event: ======'playfield_active'====== Args={'source': 'r_drop_r_misc'}
2026-04-24 11:16:56,327 : INFO : EventManager : Event: ======'unexpected_ball_on_playfield'====== Args={}
2026-04-24 11:16:56,327 : INFO : EventManager : Event: ======'s_drop_r_active'====== Args={}
2026-04-24 11:16:56,327 : INFO : EventManager : Event: ======'playfield_active'====== Args={'source': 'right'}
2026-04-24 11:16:56,327 : INFO : EventManager : Event: ======'unexpected_ball_on_playfield'====== Args={}
2026-04-24 11:16:56,328 : INFO : EventManager : Event: ======'drop_target_right_down'====== Args={'device': <drop_target.right>}
2026-04-24 11:16:56,328 : INFO : EventManager : Event: ======'drop_target_bank_dt_bank_mixed'====== Args={'prev_value': <DropTargetBankState.UP: 'up'>, 'down': 1}
2026-04-24 11:16:56,328 : INFO : EventManager : Event: ======'machine_var_audits_switches_s_drop_r'====== Args={'value': 8, 'prev_value': 7, 'change': 1}
2026-04-24 11:16:56,330 : INFO : EventManager : Event: ======'player_shot_r_drop_r_misc'====== Args={'value': 1, 'prev_value': 0, 'change': 1, 'player_num': 1}
2026-04-24 11:16:56,330 : INFO : EventManager : Event: ======'machine_var_audits_shots_r_drop_r_misc'====== Args={'value': 1, 'prev_value': None, 'change': True}
2026-04-24 11:16:56,336 : INFO : EventManager : Event: ======'r_drop_r_misc_hit'====== Args={'profile': 'sp_drop_misc', 'state': 'drop_lit', 'advancing': True}
2026-04-24 11:16:56,336 : INFO : EventManager : Event: ======'r_drop_r_misc_sp_drop_misc_hit'====== Args={'profile': 'sp_drop_misc', 'state': 'drop_lit', 'advancing': True}
2026-04-24 11:16:56,336 : INFO : EventManager : Event: ======'r_drop_r_misc_sp_drop_misc_drop_lit_hit'====== Args={'profile': 'sp_drop_misc', 'state': 'drop_lit', 'advancing': True}
2026-04-24 11:16:56,336 : INFO : EventManager : Event: ======'r_drop_r_misc_drop_lit_hit'====== Args={'profile': 'sp_drop_misc', 'state': 'drop_lit', 'advancing': True}
2026-04-24 11:16:56,408 : INFO : SwitchController : <<<<<<< 's_drop_r' inactive >>>>>>>
2026-04-24 11:16:56,409 : INFO : EventManager : Event: ======'playfield_active'====== Args={'source': 'right'}
2026-04-24 11:16:56,409 : INFO : EventManager : Event: ======'unexpected_ball_on_playfield'====== Args={}
2026-04-24 11:16:56,409 : INFO : EventManager : Event: ======'drop_target_right_up'====== Args={'device': <drop_target.right>}
2026-04-24 11:16:56,409 : INFO : EventManager : Event: ======'drop_target_bank_dt_bank_up'====== Args={}
2026-04-24 11:16:56,804 : INFO : EventManager : Event: ======'balldevice_bd_trough_ball_eject_failed'====== Args={'target': <ball_device.bd_autolauncher>, 'balls': 1, 'retry': True, 'num_attempts': 6}
2026-04-24 11:16:56,805 : INFO : ball_device.bd_trough : State: waiting_for_target_ready
2026-04-24 11:16:56,806 : INFO : EventManager : Event: ======'balldevice_bd_trough_ball_eject_attempt'====== Args={'balls': 1, 'target': <ball_device.bd_autolauncher>, 'source': <ball_device.bd_trough>, 'mechanical_eject': True, 'num_attempts': 6}
2026-04-24 11:16:56,806 : INFO : ball_device.bd_trough : State: ejecting
2026-04-24 11:16:56,807 : INFO : ball_device.bd_trough : Ejecting ball to <ball_device.bd_autolauncher>
2026-04-24 11:16:56,808 : INFO : EventManager : Event: ======'balldevice_bd_trough_ejecting_ball'====== Args={'balls': 1, 'target': <ball_device.bd_autolauncher>, 'source': <ball_device.bd_trough>, 'mechanical_eject': True, 'num_attempts': 6}
2026-04-24 11:16:56,809 : INFO : ball_device.bd_trough : Wait for ball to leave device
2026-04-24 11:16:56,810 : INFO : coil.c_trough : Pulsing Driver for 12ms (1.0 pulse_power)
2026-04-24 11:16:57,510 : INFO : SwitchController : <<<<<<< 's_drop_m' active >>>>>>>
2026-04-24 11:16:57,510 : INFO : EventManager : Event: ======'playfield_active'====== Args={'source': 'r_drop_m_misc'}
2026-04-24 11:16:57,510 : INFO : EventManager : Event: ======'unexpected_ball_on_playfield'====== Args={}
2026-04-24 11:16:57,511 : INFO : EventManager : Event: ======'s_drop_m_active'====== Args={}
2026-04-24 11:16:57,511 : INFO : EventManager : Event: ======'playfield_active'====== Args={'source': 'mid'}
2026-04-24 11:16:57,511 : INFO : EventManager : Event: ======'unexpected_ball_on_playfield'====== Args={}
2026-04-24 11:16:57,512 : INFO : EventManager : Event: ======'drop_target_mid_down'====== Args={'device': <drop_target.mid>}
2026-04-24 11:16:57,513 : INFO : EventManager : Event: ======'drop_target_bank_dt_bank_mixed'====== Args={'prev_value': <DropTargetBankState.UP: 'up'>, 'down': 1}
2026-04-24 11:16:57,513 : INFO : EventManager : Event: ======'machine_var_audits_switches_s_drop_m'====== Args={'value': 23, 'prev_value': 22, 'change': 1}
2026-04-24 11:16:57,514 : INFO : EventManager : Event: ======'player_shot_r_drop_m_misc'====== Args={'value': 1, 'prev_value': 0, 'change': 1, 'player_num': 1}
2026-04-24 11:16:57,515 : INFO : EventManager : Event: ======'machine_var_audits_shots_r_drop_m_misc'====== Args={'value': 1, 'prev_value': None, 'change': True}
2026-04-24 11:16:57,515 : INFO : EventManager : Event: ======'r_drop_m_misc_hit'====== Args={'profile': 'sp_drop_misc', 'state': 'drop_lit', 'advancing': True}
2026-04-24 11:16:57,515 : INFO : EventManager : Event: ======'r_drop_m_misc_sp_drop_misc_hit'====== Args={'profile': 'sp_drop_misc', 'state': 'drop_lit', 'advancing': True}
2026-04-24 11:16:57,515 : INFO : EventManager : Event: ======'r_drop_m_misc_sp_drop_misc_drop_lit_hit'====== Args={'profile': 'sp_drop_misc', 'state': 'drop_lit', 'advancing': True}
2026-04-24 11:16:57,516 : INFO : EventManager : Event: ======'r_drop_m_misc_drop_lit_hit'====== Args={'profile': 'sp_drop_misc', 'state': 'drop_lit', 'advancing': True}
2026-04-24 11:16:57,659 : INFO : SwitchController : <<<<<<< 's_drop_m' inactive >>>>>>>
2026-04-24 11:16:57,659 : INFO : EventManager : Event: ======'playfield_active'====== Args={'source': 'mid'}
2026-04-24 11:16:57,659 : INFO : EventManager : Event: ======'unexpected_ball_on_playfield'====== Args={}
2026-04-24 11:16:57,660 : INFO : EventManager : Event: ======'drop_target_mid_up'====== Args={'device': <drop_target.mid>}
2026-04-24 11:16:57,660 : INFO : EventManager : Event: ======'drop_target_bank_dt_bank_up'====== Args={}
2026-04-24 11:16:57,811 : INFO : EventManager : Event: ======'balldevice_bd_trough_ball_eject_failed'====== Args={'target': <ball_device.bd_autolauncher>, 'balls': 1, 'retry': True, 'num_attempts': 7}
2026-04-24 11:16:57,815 : INFO : ball_device.bd_trough : State: waiting_for_target_ready
2026-04-24 11:16:57,816 : INFO : EventManager : Event: ======'balldevice_bd_trough_ball_eject_attempt'====== Args={'balls': 1, 'target': <ball_device.bd_autolauncher>, 'source': <ball_device.bd_trough>, 'mechanical_eject': True, 'num_attempts': 7}
2026-04-24 11:16:57,817 : INFO : ball_device.bd_trough : State: ejecting
2026-04-24 11:16:57,817 : INFO : ball_device.bd_trough : Ejecting ball to <ball_device.bd_autolauncher>
2026-04-24 11:16:57,817 : INFO : EventManager : Event: ======'balldevice_bd_trough_ejecting_ball'====== Args={'balls': 1, 'target': <ball_device.bd_autolauncher>, 'source': <ball_device.bd_trough>, 'mechanical_eject': True, 'num_attempts': 7}
2026-04-24 11:16:57,818 : INFO : ball_device.bd_trough : Wait for ball to leave device
2026-04-24 11:16:57,818 : INFO : coil.c_trough : Pulsing Driver for 12ms (1.0 pulse_power)
2026-04-24 11:16:57,961 : INFO : SwitchController : <<<<<<< 's_drop_l' active >>>>>>>
2026-04-24 11:16:57,961 : INFO : EventManager : Event: ======'playfield_active'====== Args={'source': 'r_drop_l_misc'}
2026-04-24 11:16:57,961 : INFO : EventManager : Event: ======'unexpected_ball_on_playfield'====== Args={}
2026-04-24 11:16:57,961 : INFO : EventManager : Event: ======'s_drop_l_active'====== Args={}
2026-04-24 11:16:57,962 : INFO : EventManager : Event: ======'playfield_active'====== Args={'source': 'left'}
2026-04-24 11:16:57,962 : INFO : EventManager : Event: ======'unexpected_ball_on_playfield'====== Args={}
2026-04-24 11:16:57,962 : INFO : EventManager : Event: ======'drop_target_left_down'====== Args={'device': <drop_target.left>}
2026-04-24 11:16:57,963 : INFO : EventManager : Event: ======'drop_target_bank_dt_bank_mixed'====== Args={'prev_value': <DropTargetBankState.UP: 'up'>, 'down': 1}
2026-04-24 11:16:57,963 : INFO : EventManager : Event: ======'machine_var_audits_switches_s_drop_l'====== Args={'value': 9, 'prev_value': 8, 'change': 1}
2026-04-24 11:16:57,963 : INFO : EventManager : Event: ======'player_shot_r_drop_l_misc'====== Args={'value': 1, 'prev_value': 0, 'change': 1, 'player_num': 1}
2026-04-24 11:16:57,964 : INFO : EventManager : Event: ======'machine_var_audits_shots_r_drop_l_misc'====== Args={'value': 1, 'prev_value': None, 'change': True}
2026-04-24 11:16:57,964 : INFO : EventManager : Event: ======'r_drop_l_misc_hit'====== Args={'profile': 'sp_drop_misc', 'state': 'drop_lit', 'advancing': True}
2026-04-24 11:16:57,964 : INFO : EventManager : Event: ======'r_drop_l_misc_sp_drop_misc_hit'====== Args={'profile': 'sp_drop_misc', 'state': 'drop_lit', 'advancing': True}
2026-04-24 11:16:57,964 : INFO : EventManager : Event: ======'r_drop_l_misc_sp_drop_misc_drop_lit_hit'====== Args={'profile': 'sp_drop_misc', 'state': 'drop_lit', 'advancing': True}
2026-04-24 11:16:57,965 : INFO : EventManager : Event: ======'r_drop_l_misc_drop_lit_hit'====== Args={'profile': 'sp_drop_misc', 'state': 'drop_lit', 'advancing': True}
2026-04-24 11:16:58,094 : INFO : SwitchController : <<<<<<< 's_drop_l' inactive >>>>>>>
2026-04-24 11:16:58,095 : INFO : EventManager : Event: ======'playfield_active'====== Args={'source': 'left'}
2026-04-24 11:16:58,095 : INFO : EventManager : Event: ======'unexpected_ball_on_playfield'====== Args={}
2026-04-24 11:16:58,095 : INFO : EventManager : Event: ======'drop_target_left_up'====== Args={'device': <drop_target.left>}
2026-04-24 11:16:58,095 : INFO : EventManager : Event: ======'drop_target_bank_dt_bank_up'====== Args={}
2026-04-24 11:16:58,819 : INFO : EventManager : Event: ======'balldevice_bd_trough_ball_eject_failed'====== Args={'target': <ball_device.bd_autolauncher>, 'balls': 1, 'retry': True, 'num_attempts': 8}
2026-04-24 11:16:58,820 : INFO : ball_device.bd_trough : State: waiting_for_target_ready
2026-04-24 11:16:58,821 : INFO : EventManager : Event: ======'balldevice_bd_trough_ball_eject_attempt'====== Args={'balls': 1, 'target': <ball_device.bd_autolauncher>, 'source': <ball_device.bd_trough>, 'mechanical_eject': True, 'num_attempts': 8}
2026-04-24 11:16:58,822 : INFO : ball_device.bd_trough : State: ejecting
2026-04-24 11:16:58,822 : INFO : ball_device.bd_trough : Ejecting ball to <ball_device.bd_autolauncher>
2026-04-24 11:16:58,822 : INFO : EventManager : Event: ======'balldevice_bd_trough_ejecting_ball'====== Args={'balls': 1, 'target': <ball_device.bd_autolauncher>, 'source': <ball_device.bd_trough>, 'mechanical_eject': True, 'num_attempts': 8}
2026-04-24 11:16:58,826 : INFO : ball_device.bd_trough : Wait for ball to leave device
2026-04-24 11:16:58,827 : INFO : coil.c_trough : Pulsing Driver for 12ms (1.0 pulse_power)
2026-04-24 11:16:59,828 : INFO : EventManager : Event: ======'balldevice_bd_trough_ball_eject_failed'====== Args={'target': <ball_device.bd_autolauncher>, 'balls': 1, 'retry': True, 'num_attempts': 9}
2026-04-24 11:16:59,829 : INFO : ball_device.bd_trough : State: waiting_for_target_ready
2026-04-24 11:16:59,829 : INFO : EventManager : Event: ======'balldevice_bd_trough_ball_eject_attempt'====== Args={'balls': 1, 'target': <ball_device.bd_autolauncher>, 'source': <ball_device.bd_trough>, 'mechanical_eject': True, 'num_attempts': 9}
2026-04-24 11:16:59,830 : INFO : ball_device.bd_trough : State: ejecting
2026-04-24 11:16:59,830 : INFO : ball_device.bd_trough : Ejecting ball to <ball_device.bd_autolauncher>
2026-04-24 11:16:59,830 : INFO : EventManager : Event: ======'balldevice_bd_trough_ejecting_ball'====== Args={'balls': 1, 'target': <ball_device.bd_autolauncher>, 'source': <ball_device.bd_trough>, 'mechanical_eject': True, 'num_attempts': 9}
2026-04-24 11:16:59,830 : INFO : ball_device.bd_trough : Wait for ball to leave device
2026-04-24 11:16:59,831 : INFO : coil.c_trough : Pulsing Driver for 12ms (1.0 pulse_power)
2026-04-24 11:17:00,832 : INFO : EventManager : Event: ======'balldevice_bd_trough_ball_eject_failed'====== Args={'target': <ball_device.bd_autolauncher>, 'balls': 1, 'retry': True, 'num_attempts': 10}
2026-04-24 11:17:00,833 : INFO : ball_device.bd_trough : State: waiting_for_target_ready
2026-04-24 11:17:00,833 : INFO : EventManager : Event: ======'balldevice_bd_trough_ball_eject_attempt'====== Args={'balls': 1, 'target': <ball_device.bd_autolauncher>, 'source': <ball_device.bd_trough>, 'mechanical_eject': True, 'num_attempts': 10}
2026-04-24 11:17:00,834 : INFO : ball_device.bd_trough : State: ejecting
2026-04-24 11:17:00,834 : INFO : ball_device.bd_trough : Ejecting ball to <ball_device.bd_autolauncher>
2026-04-24 11:17:00,834 : INFO : EventManager : Event: ======'balldevice_bd_trough_ejecting_ball'====== Args={'balls': 1, 'target': <ball_device.bd_autolauncher>, 'source': <ball_device.bd_trough>, 'mechanical_eject': True, 'num_attempts': 10}
2026-04-24 11:17:00,835 : INFO : ball_device.bd_trough : Wait for ball to leave device
2026-04-24 11:17:00,835 : INFO : coil.c_trough : Pulsing Driver for 12ms (1.0 pulse_power)
2026-04-24 11:17:01,836 : INFO : EventManager : Event: ======'balldevice_bd_trough_ball_eject_failed'====== Args={'target': <ball_device.bd_autolauncher>, 'balls': 1, 'retry': True, 'num_attempts': 11}
2026-04-24 11:17:01,838 : INFO : ball_device.bd_trough : State: waiting_for_target_ready
2026-04-24 11:17:01,838 : INFO : EventManager : Event: ======'balldevice_bd_trough_ball_eject_attempt'====== Args={'balls': 1, 'target': <ball_device.bd_autolauncher>, 'source': <ball_device.bd_trough>, 'mechanical_eject': True, 'num_attempts': 11}
2026-04-24 11:17:01,838 : INFO : ball_device.bd_trough : State: ejecting
2026-04-24 11:17:01,839 : INFO : ball_device.bd_trough : Ejecting ball to <ball_device.bd_autolauncher>
2026-04-24 11:17:01,839 : INFO : EventManager : Event: ======'balldevice_bd_trough_ejecting_ball'====== Args={'balls': 1, 'target': <ball_device.bd_autolauncher>, 'source': <ball_device.bd_trough>, 'mechanical_eject': True, 'num_attempts': 11}
2026-04-24 11:17:01,839 : INFO : ball_device.bd_trough : Wait for ball to leave device
2026-04-24 11:17:01,840 : INFO : coil.c_trough : Pulsing Driver for 12ms (1.0 pulse_power)
2026-04-24 11:17:02,840 : INFO : EventManager : Event: ======'balldevice_bd_trough_ball_eject_failed'====== Args={'target': <ball_device.bd_autolauncher>, 'balls': 1, 'retry': True, 'num_attempts': 12}
2026-04-24 11:17:02,841 : INFO : ball_device.bd_trough : State: waiting_for_target_ready
2026-04-24 11:17:02,842 : INFO : EventManager : Event: ======'balldevice_bd_trough_ball_eject_attempt'====== Args={'balls': 1, 'target': <ball_device.bd_autolauncher>, 'source': <ball_device.bd_trough>, 'mechanical_eject': True, 'num_attempts': 12}
2026-04-24 11:17:02,842 : INFO : ball_device.bd_trough : State: ejecting
2026-04-24 11:17:02,843 : INFO : ball_device.bd_trough : Ejecting ball to <ball_device.bd_autolauncher>
2026-04-24 11:17:02,843 : INFO : EventManager : Event: ======'balldevice_bd_trough_ejecting_ball'====== Args={'balls': 1, 'target': <ball_device.bd_autolauncher>, 'source': <ball_device.bd_trough>, 'mechanical_eject': True, 'num_attempts': 12}
2026-04-24 11:17:02,844 : INFO : ball_device.bd_trough : Wait for ball to leave device
2026-04-24 11:17:02,844 : INFO : coil.c_trough : Pulsing Driver for 12ms (1.0 pulse_power)
2026-04-24 11:17:03,845 : INFO : EventManager : Event: ======'balldevice_bd_trough_ball_eject_failed'====== Args={'target': <ball_device.bd_autolauncher>, 'balls': 1, 'retry': True, 'num_attempts': 13}
2026-04-24 11:17:03,846 : INFO : ball_device.bd_trough : State: waiting_for_target_ready
2026-04-24 11:17:03,846 : INFO : EventManager : Event: ======'balldevice_bd_trough_ball_eject_attempt'====== Args={'balls': 1, 'target': <ball_device.bd_autolauncher>, 'source': <ball_device.bd_trough>, 'mechanical_eject': True, 'num_attempts': 13}
2026-04-24 11:17:03,847 : INFO : ball_device.bd_trough : State: ejecting
2026-04-24 11:17:03,847 : INFO : ball_device.bd_trough : Ejecting ball to <ball_device.bd_autolauncher>
2026-04-24 11:17:03,847 : INFO : EventManager : Event: ======'balldevice_bd_trough_ejecting_ball'====== Args={'balls': 1, 'target': <ball_device.bd_autolauncher>, 'source': <ball_device.bd_trough>, 'mechanical_eject': True, 'num_attempts': 13}
2026-04-24 11:17:03,847 : INFO : ball_device.bd_trough : Wait for ball to leave device
2026-04-24 11:17:03,848 : INFO : coil.c_trough : Pulsing Driver for 12ms (1.0 pulse_power)
2026-04-24 11:17:04,849 : INFO : EventManager : Event: ======'balldevice_bd_trough_ball_eject_failed'====== Args={'target': <ball_device.bd_autolauncher>, 'balls': 1, 'retry': True, 'num_attempts': 14}
2026-04-24 11:17:04,851 : INFO : ball_device.bd_trough : State: waiting_for_target_ready
2026-04-24 11:17:04,851 : INFO : EventManager : Event: ======'balldevice_bd_trough_ball_eject_attempt'====== Args={'balls': 1, 'target': <ball_device.bd_autolauncher>, 'source': <ball_device.bd_trough>, 'mechanical_eject': True, 'num_attempts': 14}
2026-04-24 11:17:04,852 : INFO : ball_device.bd_trough : State: ejecting
2026-04-24 11:17:04,852 : INFO : ball_device.bd_trough : Ejecting ball to <ball_device.bd_autolauncher>
2026-04-24 11:17:04,852 : INFO : EventManager : Event: ======'balldevice_bd_trough_ejecting_ball'====== Args={'balls': 1, 'target': <ball_device.bd_autolauncher>, 'source': <ball_device.bd_trough>, 'mechanical_eject': True, 'num_attempts': 14}
2026-04-24 11:17:04,852 : INFO : ball_device.bd_trough : Wait for ball to leave device
2026-04-24 11:17:04,853 : INFO : coil.c_trough : Pulsing Driver for 12ms (1.0 pulse_power)
2026-04-24 11:17:05,854 : INFO : EventManager : Event: ======'balldevice_bd_trough_ball_eject_failed'====== Args={'target': <ball_device.bd_autolauncher>, 'balls': 1, 'retry': True, 'num_attempts': 15}
2026-04-24 11:17:05,858 : INFO : ball_device.bd_trough : State: waiting_for_target_ready
2026-04-24 11:17:05,858 : INFO : EventManager : Event: ======'balldevice_bd_trough_ball_eject_attempt'====== Args={'balls': 1, 'target': <ball_device.bd_autolauncher>, 'source': <ball_device.bd_trough>, 'mechanical_eject': True, 'num_attempts': 15}
2026-04-24 11:17:05,859 : INFO : ball_device.bd_trough : State: ejecting
2026-04-24 11:17:05,859 : INFO : ball_device.bd_trough : Ejecting ball to <ball_device.bd_autolauncher>
2026-04-24 11:17:05,859 : INFO : EventManager : Event: ======'balldevice_bd_trough_ejecting_ball'====== Args={'balls': 1, 'target': <ball_device.bd_autolauncher>, 'source': <ball_device.bd_trough>, 'mechanical_eject': True, 'num_attempts': 15}
2026-04-24 11:17:05,860 : INFO : ball_device.bd_trough : Wait for ball to leave device
2026-04-24 11:17:05,860 : INFO : coil.c_trough : Pulsing Driver for 12ms (1.0 pulse_power)
2026-04-24 11:17:06,861 : INFO : EventManager : Event: ======'balldevice_bd_trough_ball_eject_failed'====== Args={'target': <ball_device.bd_autolauncher>, 'balls': 1, 'retry': True, 'num_attempts': 16}
2026-04-24 11:17:06,864 : INFO : ball_device.bd_trough : State: waiting_for_target_ready
2026-04-24 11:17:06,864 : INFO : EventManager : Event: ======'balldevice_bd_trough_ball_eject_attempt'====== Args={'balls': 1, 'target': <ball_device.bd_autolauncher>, 'source': <ball_device.bd_trough>, 'mechanical_eject': True, 'num_attempts': 16}
2026-04-24 11:17:06,865 : INFO : ball_device.bd_trough : State: ejecting
2026-04-24 11:17:06,865 : INFO : ball_device.bd_trough : Ejecting ball to <ball_device.bd_autolauncher>
2026-04-24 11:17:06,865 : INFO : EventManager : Event: ======'balldevice_bd_trough_ejecting_ball'====== Args={'balls': 1, 'target': <ball_device.bd_autolauncher>, 'source': <ball_device.bd_trough>, 'mechanical_eject': True, 'num_attempts': 16}
2026-04-24 11:17:06,866 : INFO : ball_device.bd_trough : Wait for ball to leave device
2026-04-24 11:17:06,866 : INFO : coil.c_trough : Pulsing Driver for 12ms (1.0 pulse_power)
2026-04-24 11:17:07,868 : INFO : EventManager : Event: ======'balldevice_bd_trough_ball_eject_failed'====== Args={'target': <ball_device.bd_autolauncher>, 'balls': 1, 'retry': True, 'num_attempts': 17}
2026-04-24 11:17:07,869 : INFO : ball_device.bd_trough : State: waiting_for_target_ready
2026-04-24 11:17:07,869 : INFO : EventManager : Event: ======'balldevice_bd_trough_ball_eject_attempt'====== Args={'balls': 1, 'target': <ball_device.bd_autolauncher>, 'source': <ball_device.bd_trough>, 'mechanical_eject': True, 'num_attempts': 17}
2026-04-24 11:17:07,870 : INFO : ball_device.bd_trough : State: ejecting
2026-04-24 11:17:07,871 : INFO : ball_device.bd_trough : Ejecting ball to <ball_device.bd_autolauncher>
2026-04-24 11:17:07,871 : INFO : EventManager : Event: ======'balldevice_bd_trough_ejecting_ball'====== Args={'balls': 1, 'target': <ball_device.bd_autolauncher>, 'source': <ball_device.bd_trough>, 'mechanical_eject': True, 'num_attempts': 17}
2026-04-24 11:17:07,872 : INFO : ball_device.bd_trough : Wait for ball to leave device
2026-04-24 11:17:07,872 : INFO : coil.c_trough : Pulsing Driver for 12ms (1.0 pulse_power)
2026-04-24 11:17:08,873 : INFO : EventManager : Event: ======'balldevice_bd_trough_ball_eject_failed'====== Args={'target': <ball_device.bd_autolauncher>, 'balls': 1, 'retry': True, 'num_attempts': 18}
2026-04-24 11:17:08,875 : INFO : ball_device.bd_trough : State: waiting_for_target_ready
2026-04-24 11:17:08,876 : INFO : EventManager : Event: ======'balldevice_bd_trough_ball_eject_attempt'====== Args={'balls': 1, 'target': <ball_device.bd_autolauncher>, 'source': <ball_device.bd_trough>, 'mechanical_eject': True, 'num_attempts': 18}
2026-04-24 11:17:08,876 : INFO : ball_device.bd_trough : State: ejecting
2026-04-24 11:17:08,876 : INFO : ball_device.bd_trough : Ejecting ball to <ball_device.bd_autolauncher>
2026-04-24 11:17:08,876 : INFO : EventManager : Event: ======'balldevice_bd_trough_ejecting_ball'====== Args={'balls': 1, 'target': <ball_device.bd_autolauncher>, 'source': <ball_device.bd_trough>, 'mechanical_eject': True, 'num_attempts': 18}
2026-04-24 11:17:08,877 : INFO : ball_device.bd_trough : Wait for ball to leave device
2026-04-24 11:17:08,877 : INFO : coil.c_trough : Pulsing Driver for 12ms (1.0 pulse_power)
2026-04-24 11:17:09,879 : INFO : EventManager : Event: ======'balldevice_bd_trough_ball_eject_failed'====== Args={'target': <ball_device.bd_autolauncher>, 'balls': 1, 'retry': True, 'num_attempts': 19}
2026-04-24 11:17:09,881 : INFO : ball_device.bd_trough : State: waiting_for_target_ready
2026-04-24 11:17:09,881 : INFO : EventManager : Event: ======'balldevice_bd_trough_ball_eject_attempt'====== Args={'balls': 1, 'target': <ball_device.bd_autolauncher>, 'source': <ball_device.bd_trough>, 'mechanical_eject': True, 'num_attempts': 19}
2026-04-24 11:17:09,881 : INFO : ball_device.bd_trough : State: ejecting
2026-04-24 11:17:09,882 : INFO : ball_device.bd_trough : Ejecting ball to <ball_device.bd_autolauncher>
2026-04-24 11:17:09,882 : INFO : EventManager : Event: ======'balldevice_bd_trough_ejecting_ball'====== Args={'balls': 1, 'target': <ball_device.bd_autolauncher>, 'source': <ball_device.bd_trough>, 'mechanical_eject': True, 'num_attempts': 19}
2026-04-24 11:17:09,882 : INFO : ball_device.bd_trough : Wait for ball to leave device
2026-04-24 11:17:09,882 : INFO : coil.c_trough : Pulsing Driver for 12ms (1.0 pulse_power)
2026-04-24 11:17:10,884 : INFO : EventManager : Event: ======'balldevice_bd_trough_ball_eject_failed'====== Args={'target': <ball_device.bd_autolauncher>, 'balls': 1, 'retry': True, 'num_attempts': 20}
2026-04-24 11:17:10,885 : INFO : ball_device.bd_trough : State: waiting_for_target_ready
2026-04-24 11:17:10,885 : INFO : EventManager : Event: ======'balldevice_bd_trough_ball_eject_attempt'====== Args={'balls': 1, 'target': <ball_device.bd_autolauncher>, 'source': <ball_device.bd_trough>, 'mechanical_eject': True, 'num_attempts': 20}
2026-04-24 11:17:10,886 : INFO : ball_device.bd_trough : State: ejecting
2026-04-24 11:17:10,886 : INFO : ball_device.bd_trough : Ejecting ball to <ball_device.bd_autolauncher>
2026-04-24 11:17:10,886 : INFO : EventManager : Event: ======'balldevice_bd_trough_ejecting_ball'====== Args={'balls': 1, 'target': <ball_device.bd_autolauncher>, 'source': <ball_device.bd_trough>, 'mechanical_eject': True, 'num_attempts': 20}
2026-04-24 11:17:10,887 : INFO : ball_device.bd_trough : Wait for ball to leave device
2026-04-24 11:17:10,887 : INFO : coil.c_trough : Pulsing Driver for 12ms (1.0 pulse_power)
2026-04-24 11:17:11,875 : INFO : Machine : Shutting down...
2026-04-24 11:17:11,875 : INFO : EventManager : Event: ======'shutdown'====== Args={}
2026-04-24 11:17:11,877 : INFO : EventManager : Event: ======'mode_game_will_stop'====== Args={}
2026-04-24 11:17:11,877 : INFO : EventManager : Event: ======'mode_game_stopping'====== Args={}
2026-04-24 11:17:11,877 : INFO : EventManager : Event: ======'mode_diverter_activation_will_stop'====== Args={}
2026-04-24 11:17:11,877 : INFO : EventManager : Event: ======'mode_diverter_activation_stopping'====== Args={}
2026-04-24 11:17:11,877 : INFO : EventManager : Event: ======'mode_misc_drop_bank_will_stop'====== Args={}
2026-04-24 11:17:11,877 : INFO : EventManager : Event: ======'mode_misc_drop_bank_stopping'====== Args={}
2026-04-24 11:17:11,877 : INFO : EventManager : Event: ======'mode_base_will_stop'====== Args={}
2026-04-24 11:17:11,877 : INFO : EventManager : Event: ======'mode_base_stopping'====== Args={}
2026-04-24 11:17:11,877 : INFO : Mode.base : Stopped.
2026-04-24 11:17:11,877 : INFO : EventManager : Event: ======'modes_active_modes_changed'====== Args={}
2026-04-24 11:17:11,877 : INFO : EventManager : Event: ======'mode_base_stopped'====== Args={}
2026-04-24 11:17:11,877 : INFO : EventManager : Event: ======'clear'====== Args={'key': 'base'}
2026-04-24 11:17:11,878 : INFO : Mode.misc_drop_bank : Stopped.
2026-04-24 11:17:11,878 : INFO : EventManager : Event: ======'modes_active_modes_changed'====== Args={}
2026-04-24 11:17:11,878 : INFO : EventManager : Event: ======'mode_misc_drop_bank_stopped'====== Args={}
2026-04-24 11:17:11,878 : INFO : EventManager : Event: ======'clear'====== Args={'key': 'misc_drop_bank'}
2026-04-24 11:17:11,878 : INFO : Mode.diverter_activation : Stopped.
2026-04-24 11:17:11,878 : INFO : EventManager : Event: ======'modes_active_modes_changed'====== Args={}
2026-04-24 11:17:11,878 : INFO : EventManager : Event: ======'mode_diverter_activation_stopped'====== Args={}
2026-04-24 11:17:11,878 : INFO : EventManager : Event: ======'clear'====== Args={'key': 'diverter_activation'}
2026-04-24 11:17:11,878 : INFO : Mode.game : Stopped.
2026-04-24 11:17:11,878 : INFO : EventManager : Event: ======'modes_active_modes_changed'====== Args={}
2026-04-24 11:17:11,878 : INFO : EventManager : Event: ======'mode_game_stopped'====== Args={}
2026-04-24 11:17:11,878 : INFO : EventManager : Event: ======'clear'====== Args={'key': 'game'}
2026-04-24 11:17:11,880 : INFO : root : MPF run loop ended.
