2026-04-24 14:13:31,184 : INFO : root : Loading config.
2026-04-24 14:13:31,186 : INFO : YamlMultifileConfigLoader : Machine config file #1: config.yaml
2026-04-24 14:13:31,186 : INFO : ConfigProcessor : Loading config from cache: /var/folders/l2/q8hj_6s91xnb2jxg1sqm0h7r0000gn/T/9d21ea9a81fcfc5941f8ed75c4a080eb.mpf_cache
2026-04-24 14:13:31,215 : INFO : ConfigProcessor : Loading config from cache: /var/folders/l2/q8hj_6s91xnb2jxg1sqm0h7r0000gn/T/43115b802accf167344a214047a50cd4.mpf_cache
2026-04-24 14:13:31,215 : INFO : ConfigProcessor : Loading config from cache: /var/folders/l2/q8hj_6s91xnb2jxg1sqm0h7r0000gn/T/bd1387dfa7de7ffc5bacad015019c743.mpf_cache
2026-04-24 14:13:31,215 : INFO : ConfigProcessor : Loading config from cache: /var/folders/l2/q8hj_6s91xnb2jxg1sqm0h7r0000gn/T/d126ded0bd5e51d3c29826a335e85340.mpf_cache
2026-04-24 14:13:31,216 : INFO : ConfigProcessor : Loading config from cache: /var/folders/l2/q8hj_6s91xnb2jxg1sqm0h7r0000gn/T/43115b802accf167344a214047a50cd4.mpf_cache
2026-04-24 14:13:31,216 : INFO : ConfigProcessor : Loading config from cache: /var/folders/l2/q8hj_6s91xnb2jxg1sqm0h7r0000gn/T/fb286bdec51e83b76c44a07e18af10e7.mpf_cache
2026-04-24 14:13:31,216 : INFO : ConfigProcessor : Loading config from cache: /var/folders/l2/q8hj_6s91xnb2jxg1sqm0h7r0000gn/T/4a0392f72066fff3dac8952634b7a9cd.mpf_cache
2026-04-24 14:13:31,217 : INFO : ConfigProcessor : Loading config from cache: /var/folders/l2/q8hj_6s91xnb2jxg1sqm0h7r0000gn/T/9740e98676f8796777039fba8e7d5e82.mpf_cache
2026-04-24 14:13:31,217 : WARNING : ConfigProcessor : Config file in cache changed: /Users/tannerpetch/Documents/GitHub/trashland_3/modes/misc_launch_shows/config/misc_launch_shows.yaml
2026-04-24 14:13:31,217 : INFO : ConfigProcessor : Loading config from file /Users/tannerpetch/Documents/GitHub/trashland_3/modes/misc_launch_shows/config/misc_launch_shows.yaml.
2026-04-24 14:13:31,218 : INFO : ConfigProcessor : Loading config: /Users/tannerpetch/Documents/GitHub/trashland_3/modes/misc_launch_shows/config/misc_launch_shows.yaml
2026-04-24 14:13:31,218 : INFO : ConfigProcessor : Config file cache created: /var/folders/l2/q8hj_6s91xnb2jxg1sqm0h7r0000gn/T/a181a17d50eb4ab7db55e27ff85926c7.mpf_cache
2026-04-24 14:13:31,218 : INFO : ConfigProcessor : Loading config from cache: /var/folders/l2/q8hj_6s91xnb2jxg1sqm0h7r0000gn/T/a4506495691bdf3563a8fd11a9d79f10.mpf_cache
2026-04-24 14:13:31,218 : INFO : ConfigProcessor : Loading config from cache: /var/folders/l2/q8hj_6s91xnb2jxg1sqm0h7r0000gn/T/7e62a906c63d3b7efc85393a80e94c06.mpf_cache
2026-04-24 14:13:31,218 : INFO : ConfigProcessor : Loading config from cache: /var/folders/l2/q8hj_6s91xnb2jxg1sqm0h7r0000gn/T/ca66b8f571437747b2f2875349d15af7.mpf_cache
2026-04-24 14:13:31,219 : INFO : Machine : Mission Pinball Framework Core Engine v0.80.0.dev14
2026-04-24 14:13:31,219 : INFO : Machine : Command line arguments: {'no_load_cache': False, 'create_config_cache': True, 'bcp': True, 'configfile': ['config.yaml'], 'force_assets_load': False, 'platform_integration_test': False, 'jsonlogging': False, 'logfile': 'logs/2026-04-24-14-13-31-mpf-Tanners-Laptop.home.local.log', 'pause': False, 'production': False, 'text_ui': True, 'loglevel': 15, 'consoleloglevel': 20, 'force_platform': 'virtual', 'syslog_address': None, 'full_logfile_path': '/Users/tannerpetch/Documents/GitHub/trashland_3/logs/2026-04-24-14-13-31-mpf-Tanners-Laptop.home.local.log'}
2026-04-24 14:13:31,219 : INFO : Machine : MPF path: /Library/Frameworks/Python.framework/Versions/3.11/lib/python3.11/site-packages/mpf
2026-04-24 14:13:31,219 : INFO : Machine : Machine path: /Users/tannerpetch/Documents/GitHub/trashland_3
2026-04-24 14:13:31,219 : INFO : Machine : Platform: darwin
2026-04-24 14:13:31,219 : INFO : Machine : Python executable location: /Library/Frameworks/Python.framework/Versions/3.11/bin/python3.11
2026-04-24 14:13:31,219 : INFO : Machine : Python version: 3.11.9 (64-bit)
2026-04-24 14:13:31,219 : INFO : Machine : Initializing MPF...
2026-04-24 14:13:31,247 : INFO : EventManager : Event: ======'machine_var_credits_string'====== Args={'value': 'FREE PLAY', 'prev_value': None, 'change': True}
2026-04-24 14:13:31,253 : INFO : EventManager : Event: ======'machine_var_master_volume'====== Args={'value': 0.5, 'prev_value': None, 'change': True}
2026-04-24 14:13:31,253 : INFO : EventManager : Event: ======'machine_var_player1_score'====== Args={'value': 310, 'prev_value': None, 'change': True}
2026-04-24 14:13:31,253 : INFO : EventManager : Event: ======'machine_var_mpf_version'====== Args={'value': 'Mission Pinball Framework v0.80.0.dev14', 'prev_value': None, 'change': True}
2026-04-24 14:13:31,253 : INFO : EventManager : Event: ======'machine_var_mpf_extended_version'====== Args={'value': 'Mission Pinball Framework v0.80.0.dev14, Config version:6, Show version: 6, BCP version:1.1', 'prev_value': None, 'change': True}
2026-04-24 14:13:31,253 : INFO : EventManager : Event: ======'machine_var_python_version'====== Args={'value': '3.11.9', 'prev_value': None, 'change': True}
2026-04-24 14:13:31,261 : INFO : EventManager : Event: ======'machine_var_platform'====== Args={'value': 'macOS-14.3-arm64-arm-64bit', 'prev_value': None, 'change': True}
2026-04-24 14:13:31,261 : INFO : EventManager : Event: ======'machine_var_platform_system'====== Args={'value': 'Darwin', 'prev_value': None, 'change': True}
2026-04-24 14:13:31,261 : INFO : EventManager : Event: ======'machine_var_platform_release'====== Args={'value': '23.3.0', 'prev_value': None, 'change': True}
2026-04-24 14:13:31,261 : INFO : EventManager : Event: ======'machine_var_platform_version'====== Args={'value': 'Darwin Kernel Version 23.3.0: Thu Dec 21 02:29:41 PST 2023; root:xnu-10002.81.5~11/RELEASE_ARM64_T8122', 'prev_value': None, 'change': True}
2026-04-24 14:13:31,261 : INFO : EventManager : Event: ======'machine_var_platform_machine'====== Args={'value': 'arm64', 'prev_value': None, 'change': True}
2026-04-24 14:13:31,261 : INFO : EventManager : Event: ======'machine_var_log_file_path'====== Args={'value': '/Users/tannerpetch/Documents/GitHub/trashland_3/logs/2026-04-24-14-13-31-mpf-Tanners-Laptop.home.local.log', 'prev_value': None, 'change': True}
2026-04-24 14:13:31,261 : INFO : EventManager : Event: ======'init_phase_1'====== Args={}
2026-04-24 14:13:31,286 : INFO : EventManager : Event: ======'drop_target_bank_dt_single_up'====== Args={}
2026-04-24 14:13:31,286 : INFO : EventManager : Event: ======'drop_target_bank_dt_bank_up'====== Args={}
2026-04-24 14:13:31,286 : INFO : EventManager : Event: ======'init_phase_2'====== Args={}
2026-04-24 14:13:31,288 : INFO : EventManager : Event: ======'bcp_connection_attempt'====== Args={'name': 'local_display', 'host': 'localhost', 'port': 5050}
2026-04-24 14:13:31,288 : INFO : BCPClientSocket : Connecting BCP to 'local_display' at localhost:5050...
2026-04-24 14:13:38,238 : INFO : BCPClientSocket : Connected BCP to 'local_display' localhost:5050
2026-04-24 14:13:38,244 : INFO : EventManager : Event: ======'bcp_clients_connected'====== Args={}
2026-04-24 14:13:38,268 : INFO : ball_device.bd_scoop : BCH: Initial count: 0
2026-04-24 14:13:38,271 : INFO : ball_device.bd_scoop : State: idle
2026-04-24 14:13:38,271 : INFO : ball_device.bd_trough : BCH: Initial count: 0
2026-04-24 14:13:38,272 : INFO : ball_device.bd_trough : State: idle
2026-04-24 14:13:38,272 : INFO : ball_device.bd_autolauncher : BCH: Initial count: 0
2026-04-24 14:13:38,272 : INFO : ball_device.bd_autolauncher : State: idle
2026-04-24 14:13:38,272 : INFO : ball_device.bd_kicker_orbit : BCH: Initial count: 0
2026-04-24 14:13:38,272 : INFO : ball_device.bd_kicker_orbit : State: idle
2026-04-24 14:13:38,272 : INFO : ball_device.bd_lower_vuk : BCH: Initial count: 0
2026-04-24 14:13:38,272 : INFO : ball_device.bd_lower_vuk : State: idle
2026-04-24 14:13:38,272 : INFO : ball_device.bd_vuk_back : BCH: Initial count: 0
2026-04-24 14:13:38,273 : INFO : ball_device.bd_vuk_back : State: idle
2026-04-24 14:13:38,273 : INFO : ball_device.bd_vuk_upper : BCH: Initial count: 0
2026-04-24 14:13:38,273 : INFO : ball_device.bd_vuk_upper : State: idle
2026-04-24 14:13:38,273 : INFO : ball_device.bd_b_lock : BCH: Initial count: 0
2026-04-24 14:13:38,273 : INFO : ball_device.bd_b_lock : State: idle
2026-04-24 14:13:38,279 : INFO : EventManager : Event: ======'init_phase_3'====== Args={}
2026-04-24 14:13:38,281 : INFO : EventManager : Event: ======'init_phase_4'====== Args={}
2026-04-24 14:13:38,281 : INFO : BallController : Initial balls found: 0
2026-04-24 14:13:38,282 : INFO : EventManager : Event: ======'machine_var_audits_events_game_ended'====== Args={'value': 10, 'prev_value': None, 'change': True}
2026-04-24 14:13:38,282 : INFO : EventManager : Event: ======'machine_var_audits_events_game_started'====== Args={'value': 44, 'prev_value': None, 'change': True}
2026-04-24 14:13:38,282 : INFO : EventManager : Event: ======'machine_var_audits_missing_switches_s_b_eos'====== Args={'value': 9, 'prev_value': None, 'change': True}
2026-04-24 14:13:38,282 : INFO : EventManager : Event: ======'machine_var_audits_missing_switches_s_b_pop'====== Args={'value': 9, 'prev_value': None, 'change': True}
2026-04-24 14:13:38,282 : INFO : EventManager : Event: ======'machine_var_audits_missing_switches_s_b_rollover_interchange'====== Args={'value': 11, 'prev_value': None, 'change': True}
2026-04-24 14:13:38,282 : INFO : EventManager : Event: ======'machine_var_audits_missing_switches_s_b_rollover_loop'====== Args={'value': 10, 'prev_value': None, 'change': True}
2026-04-24 14:13:38,282 : INFO : EventManager : Event: ======'machine_var_audits_missing_switches_s_b_rollover_misc'====== Args={'value': 11, 'prev_value': None, 'change': True}
2026-04-24 14:13:38,282 : INFO : EventManager : Event: ======'machine_var_audits_missing_switches_s_b_target_left'====== Args={'value': 11, 'prev_value': None, 'change': True}
2026-04-24 14:13:38,282 : INFO : EventManager : Event: ======'machine_var_audits_missing_switches_s_b_target_right'====== Args={'value': 11, 'prev_value': None, 'change': True}
2026-04-24 14:13:38,282 : INFO : EventManager : Event: ======'machine_var_audits_missing_switches_s_bot'====== Args={'value': 11, 'prev_value': None, 'change': True}
2026-04-24 14:13:38,282 : INFO : EventManager : Event: ======'machine_var_audits_missing_switches_s_bot_mid'====== Args={'value': 9, 'prev_value': None, 'change': True}
2026-04-24 14:13:38,282 : INFO : EventManager : Event: ======'machine_var_audits_missing_switches_s_captive_l'====== Args={'value': 11, 'prev_value': None, 'change': True}
2026-04-24 14:13:38,282 : INFO : EventManager : Event: ======'machine_var_audits_missing_switches_s_captive_r'====== Args={'value': 11, 'prev_value': None, 'change': True}
2026-04-24 14:13:38,282 : INFO : EventManager : Event: ======'machine_var_audits_missing_switches_s_drop_l'====== Args={'value': 2, 'prev_value': None, 'change': True}
2026-04-24 14:13:38,282 : INFO : EventManager : Event: ======'machine_var_audits_missing_switches_s_drop_m'====== Args={'value': 2, 'prev_value': None, 'change': True}
2026-04-24 14:13:38,282 : INFO : EventManager : Event: ======'machine_var_audits_missing_switches_s_drop_r'====== Args={'value': 2, 'prev_value': None, 'change': True}
2026-04-24 14:13:38,282 : INFO : EventManager : Event: ======'machine_var_audits_missing_switches_s_drop_single'====== Args={'value': 9, 'prev_value': None, 'change': True}
2026-04-24 14:13:38,283 : INFO : EventManager : Event: ======'machine_var_audits_missing_switches_s_flipper_but_l_1'====== Args={'value': 9, 'prev_value': None, 'change': True}
2026-04-24 14:13:38,283 : INFO : EventManager : Event: ======'machine_var_audits_missing_switches_s_flipper_but_l_2'====== Args={'value': 9, 'prev_value': None, 'change': True}
2026-04-24 14:13:38,283 : INFO : EventManager : Event: ======'machine_var_audits_missing_switches_s_flipper_but_r_2'====== Args={'value': 9, 'prev_value': None, 'change': True}
2026-04-24 14:13:38,283 : INFO : EventManager : Event: ======'machine_var_audits_missing_switches_s_flipper_l'====== Args={'value': 9, 'prev_value': None, 'change': True}
2026-04-24 14:13:38,283 : INFO : EventManager : Event: ======'machine_var_audits_missing_switches_s_flipper_r'====== Args={'value': 9, 'prev_value': None, 'change': True}
2026-04-24 14:13:38,283 : INFO : EventManager : Event: ======'machine_var_audits_missing_switches_s_flipper_upper_l'====== Args={'value': 9, 'prev_value': None, 'change': True}
2026-04-24 14:13:38,283 : INFO : EventManager : Event: ======'machine_var_audits_missing_switches_s_inlane_l'====== Args={'value': 42, 'prev_value': None, 'change': True}
2026-04-24 14:13:38,283 : INFO : EventManager : Event: ======'machine_var_audits_missing_switches_s_inlane_r'====== Args={'value': 9, 'prev_value': None, 'change': True}
2026-04-24 14:13:38,283 : INFO : EventManager : Event: ======'machine_var_audits_missing_switches_s_kicker_orbit'====== Args={'value': 2, 'prev_value': None, 'change': True}
2026-04-24 14:13:38,283 : INFO : EventManager : Event: ======'machine_var_audits_missing_switches_s_kicking_target'====== Args={'value': 9, 'prev_value': None, 'change': True}
2026-04-24 14:13:38,283 : INFO : EventManager : Event: ======'machine_var_audits_missing_switches_s_lock_1'====== Args={'value': 15, 'prev_value': None, 'change': True}
2026-04-24 14:13:38,283 : INFO : EventManager : Event: ======'machine_var_audits_missing_switches_s_lock_2'====== Args={'value': 9, 'prev_value': None, 'change': True}
2026-04-24 14:13:38,283 : INFO : EventManager : Event: ======'machine_var_audits_missing_switches_s_lock_3'====== Args={'value': 9, 'prev_value': None, 'change': True}
2026-04-24 14:13:38,283 : INFO : EventManager : Event: ======'machine_var_audits_missing_switches_s_lower_orbit'====== Args={'value': 11, 'prev_value': None, 'change': True}
2026-04-24 14:13:38,283 : INFO : EventManager : Event: ======'machine_var_audits_missing_switches_s_lower_single'====== Args={'value': 11, 'prev_value': None, 'change': True}
2026-04-24 14:13:38,283 : INFO : EventManager : Event: ======'machine_var_audits_missing_switches_s_lower_sling'====== Args={'value': 9, 'prev_value': None, 'change': True}
2026-04-24 14:13:38,283 : INFO : EventManager : Event: ======'machine_var_audits_missing_switches_s_lower_transfer'====== Args={'value': 11, 'prev_value': None, 'change': True}
2026-04-24 14:13:38,283 : INFO : EventManager : Event: ======'machine_var_audits_missing_switches_s_lower_vuk'====== Args={'value': 9, 'prev_value': None, 'change': True}
2026-04-24 14:13:38,283 : INFO : EventManager : Event: ======'machine_var_audits_missing_switches_s_middle_scoop'====== Args={'value': 9, 'prev_value': None, 'change': True}
2026-04-24 14:13:38,283 : INFO : EventManager : Event: ======'machine_var_audits_missing_switches_s_orbit_small_l'====== Args={'value': 9, 'prev_value': None, 'change': True}
2026-04-24 14:13:38,283 : INFO : EventManager : Event: ======'machine_var_audits_missing_switches_s_orbit_small_r'====== Args={'value': 11, 'prev_value': None, 'change': True}
2026-04-24 14:13:38,283 : INFO : EventManager : Event: ======'machine_var_audits_missing_switches_s_outlane_l'====== Args={'value': 44, 'prev_value': None, 'change': True}
2026-04-24 14:13:38,283 : INFO : EventManager : Event: ======'machine_var_audits_missing_switches_s_outlane_r'====== Args={'value': 44, 'prev_value': None, 'change': True}
2026-04-24 14:13:38,283 : INFO : EventManager : Event: ======'machine_var_audits_missing_switches_s_pop'====== Args={'value': 9, 'prev_value': None, 'change': True}
2026-04-24 14:13:38,283 : INFO : EventManager : Event: ======'machine_var_audits_missing_switches_s_scissor_save'====== Args={'value': 11, 'prev_value': None, 'change': True}
2026-04-24 14:13:38,283 : INFO : EventManager : Event: ======'machine_var_audits_missing_switches_s_sling_l'====== Args={'value': 9, 'prev_value': None, 'change': True}
2026-04-24 14:13:38,283 : INFO : EventManager : Event: ======'machine_var_audits_missing_switches_s_start'====== Args={'value': 11, 'prev_value': None, 'change': True}
2026-04-24 14:13:38,283 : INFO : EventManager : Event: ======'machine_var_audits_missing_switches_s_stationary_l'====== Args={'value': 9, 'prev_value': None, 'change': True}
2026-04-24 14:13:38,283 : INFO : EventManager : Event: ======'machine_var_audits_missing_switches_s_stationary_m'====== Args={'value': 9, 'prev_value': None, 'change': True}
2026-04-24 14:13:38,283 : INFO : EventManager : Event: ======'machine_var_audits_missing_switches_s_stationary_r'====== Args={'value': 9, 'prev_value': None, 'change': True}
2026-04-24 14:13:38,283 : INFO : EventManager : Event: ======'machine_var_audits_missing_switches_s_subway'====== Args={'value': 9, 'prev_value': None, 'change': True}
2026-04-24 14:13:38,283 : INFO : EventManager : Event: ======'machine_var_audits_missing_switches_s_tilt'====== Args={'value': 11, 'prev_value': None, 'change': True}
2026-04-24 14:13:38,283 : INFO : EventManager : Event: ======'machine_var_audits_missing_switches_s_top'====== Args={'value': 9, 'prev_value': None, 'change': True}
2026-04-24 14:13:38,283 : INFO : EventManager : Event: ======'machine_var_audits_missing_switches_s_top_mid'====== Args={'value': 11, 'prev_value': None, 'change': True}
2026-04-24 14:13:38,283 : INFO : EventManager : Event: ======'machine_var_audits_missing_switches_s_trough_1'====== Args={'value': 9, 'prev_value': None, 'change': True}
2026-04-24 14:13:38,283 : INFO : EventManager : Event: ======'machine_var_audits_missing_switches_s_trough_2'====== Args={'value': 9, 'prev_value': None, 'change': True}
2026-04-24 14:13:38,283 : INFO : EventManager : Event: ======'machine_var_audits_missing_switches_s_trough_3'====== Args={'value': 3, 'prev_value': None, 'change': True}
2026-04-24 14:13:38,283 : INFO : EventManager : Event: ======'machine_var_audits_missing_switches_s_trough_5'====== Args={'value': 10, 'prev_value': None, 'change': True}
2026-04-24 14:13:38,283 : INFO : EventManager : Event: ======'machine_var_audits_missing_switches_s_trough_6'====== Args={'value': 10, 'prev_value': None, 'change': True}
2026-04-24 14:13:38,283 : INFO : EventManager : Event: ======'machine_var_audits_missing_switches_s_trough_jam'====== Args={'value': 9, 'prev_value': None, 'change': True}
2026-04-24 14:13:38,283 : INFO : EventManager : Event: ======'machine_var_audits_missing_switches_s_u_lane_l'====== Args={'value': 11, 'prev_value': None, 'change': True}
2026-04-24 14:13:38,283 : INFO : EventManager : Event: ======'machine_var_audits_missing_switches_s_u_lane_r'====== Args={'value': 11, 'prev_value': None, 'change': True}
2026-04-24 14:13:38,283 : INFO : EventManager : Event: ======'machine_var_audits_missing_switches_s_u_rollover'====== Args={'value': 11, 'prev_value': None, 'change': True}
2026-04-24 14:13:38,283 : INFO : EventManager : Event: ======'machine_var_audits_missing_switches_s_u_target'====== Args={'value': 11, 'prev_value': None, 'change': True}
2026-04-24 14:13:38,283 : INFO : EventManager : Event: ======'machine_var_audits_missing_switches_s_vuk_back'====== Args={'value': 9, 'prev_value': None, 'change': True}
2026-04-24 14:13:38,283 : INFO : EventManager : Event: ======'machine_var_audits_missing_switches_s_vuk_upper'====== Args={'value': 9, 'prev_value': None, 'change': True}
2026-04-24 14:13:38,283 : INFO : EventManager : Event: ======'machine_var_audits_player_score'====== Args={'value': {'average': 31, 'top': [310, 0, 0, 0, 0, 0, 0, 0, 0, 0], 'total': 10}, 'prev_value': None, 'change': True}
2026-04-24 14:13:38,283 : INFO : EventManager : Event: ======'machine_var_audits_shots_r_drop_behind_misc'====== Args={'value': 11, 'prev_value': None, 'change': True}
2026-04-24 14:13:38,283 : INFO : EventManager : Event: ======'machine_var_audits_shots_r_drop_l_misc'====== Args={'value': 14, 'prev_value': None, 'change': True}
2026-04-24 14:13:38,283 : INFO : EventManager : Event: ======'machine_var_audits_shots_r_drop_m_misc'====== Args={'value': 14, 'prev_value': None, 'change': True}
2026-04-24 14:13:38,284 : INFO : EventManager : Event: ======'machine_var_audits_shots_r_drop_r_misc'====== Args={'value': 16, 'prev_value': None, 'change': True}
2026-04-24 14:13:38,284 : INFO : EventManager : Event: ======'machine_var_audits_shots_r_orbit_small_l_base'====== Args={'value': 2, 'prev_value': None, 'change': True}
2026-04-24 14:13:38,284 : INFO : EventManager : Event: ======'machine_var_audits_shots_r_orbit_small_l_div'====== Args={'value': 2, 'prev_value': None, 'change': True}
2026-04-24 14:13:38,284 : INFO : EventManager : Event: ======'machine_var_audits_shots_r_pop'====== Args={'value': 22, 'prev_value': None, 'change': True}
2026-04-24 14:13:38,284 : INFO : EventManager : Event: ======'machine_var_audits_shots_r_scoop'====== Args={'value': 3, 'prev_value': None, 'change': True}
2026-04-24 14:13:38,284 : INFO : EventManager : Event: ======'machine_var_audits_shots_r_sling_l'====== Args={'value': 3, 'prev_value': None, 'change': True}
2026-04-24 14:13:38,284 : INFO : EventManager : Event: ======'machine_var_audits_shots_r_sling_r'====== Args={'value': 6, 'prev_value': None, 'change': True}
2026-04-24 14:13:38,284 : INFO : EventManager : Event: ======'machine_var_audits_shots_r_stationary_r_div'====== Args={'value': 6, 'prev_value': None, 'change': True}
2026-04-24 14:13:38,284 : INFO : EventManager : Event: ======'machine_var_audits_switches_s_autolauncher'====== Args={'value': 127, 'prev_value': None, 'change': True}
2026-04-24 14:13:38,284 : INFO : EventManager : Event: ======'machine_var_audits_switches_s_b_eos'====== Args={'value': 667, 'prev_value': None, 'change': True}
2026-04-24 14:13:38,284 : INFO : EventManager : Event: ======'machine_var_audits_switches_s_b_pop'====== Args={'value': 133, 'prev_value': None, 'change': True}
2026-04-24 14:13:38,284 : INFO : EventManager : Event: ======'machine_var_audits_switches_s_b_rollover_interchange'====== Args={'value': 1, 'prev_value': None, 'change': True}
2026-04-24 14:13:38,284 : INFO : EventManager : Event: ======'machine_var_audits_switches_s_b_rollover_loop'====== Args={'value': 8, 'prev_value': None, 'change': True}
2026-04-24 14:13:38,284 : INFO : EventManager : Event: ======'machine_var_audits_switches_s_b_rollover_misc'====== Args={'value': 1, 'prev_value': None, 'change': True}
2026-04-24 14:13:38,284 : INFO : EventManager : Event: ======'machine_var_audits_switches_s_b_target_left'====== Args={'value': 1, 'prev_value': None, 'change': True}
2026-04-24 14:13:38,284 : INFO : EventManager : Event: ======'machine_var_audits_switches_s_b_target_right'====== Args={'value': 1, 'prev_value': None, 'change': True}
2026-04-24 14:13:38,284 : INFO : EventManager : Event: ======'machine_var_audits_switches_s_bot'====== Args={'value': 1, 'prev_value': None, 'change': True}
2026-04-24 14:13:38,284 : INFO : EventManager : Event: ======'machine_var_audits_switches_s_bot_mid'====== Args={'value': 6, 'prev_value': None, 'change': True}
2026-04-24 14:13:38,284 : INFO : EventManager : Event: ======'machine_var_audits_switches_s_captive_l'====== Args={'value': 1, 'prev_value': None, 'change': True}
2026-04-24 14:13:38,284 : INFO : EventManager : Event: ======'machine_var_audits_switches_s_captive_r'====== Args={'value': 1, 'prev_value': None, 'change': True}
2026-04-24 14:13:38,284 : INFO : EventManager : Event: ======'machine_var_audits_switches_s_drop_l'====== Args={'value': 22, 'prev_value': None, 'change': True}
2026-04-24 14:13:38,284 : INFO : EventManager : Event: ======'machine_var_audits_switches_s_drop_m'====== Args={'value': 36, 'prev_value': None, 'change': True}
2026-04-24 14:13:38,284 : INFO : EventManager : Event: ======'machine_var_audits_switches_s_drop_r'====== Args={'value': 23, 'prev_value': None, 'change': True}
2026-04-24 14:13:38,284 : INFO : EventManager : Event: ======'machine_var_audits_switches_s_drop_single'====== Args={'value': 21, 'prev_value': None, 'change': True}
2026-04-24 14:13:38,284 : INFO : EventManager : Event: ======'machine_var_audits_switches_s_flipper_but_l_1'====== Args={'value': 440, 'prev_value': None, 'change': True}
2026-04-24 14:13:38,284 : INFO : EventManager : Event: ======'machine_var_audits_switches_s_flipper_but_l_2'====== Args={'value': 416, 'prev_value': None, 'change': True}
2026-04-24 14:13:38,284 : INFO : EventManager : Event: ======'machine_var_audits_switches_s_flipper_but_r_1'====== Args={'value': 793, 'prev_value': None, 'change': True}
2026-04-24 14:13:38,284 : INFO : EventManager : Event: ======'machine_var_audits_switches_s_flipper_but_r_2'====== Args={'value': 783, 'prev_value': None, 'change': True}
2026-04-24 14:13:38,284 : INFO : EventManager : Event: ======'machine_var_audits_switches_s_flipper_l'====== Args={'value': 416, 'prev_value': None, 'change': True}
2026-04-24 14:13:38,284 : INFO : EventManager : Event: ======'machine_var_audits_switches_s_flipper_r'====== Args={'value': 1731, 'prev_value': None, 'change': True}
2026-04-24 14:13:38,284 : INFO : EventManager : Event: ======'machine_var_audits_switches_s_flipper_upper_l'====== Args={'value': 393, 'prev_value': None, 'change': True}
2026-04-24 14:13:38,284 : INFO : EventManager : Event: ======'machine_var_audits_switches_s_inlane_l'====== Args={'value': 1, 'prev_value': None, 'change': True}
2026-04-24 14:13:38,284 : INFO : EventManager : Event: ======'machine_var_audits_switches_s_inlane_r'====== Args={'value': 80, 'prev_value': None, 'change': True}
2026-04-24 14:13:38,284 : INFO : EventManager : Event: ======'machine_var_audits_switches_s_kicker_orbit'====== Args={'value': 185, 'prev_value': None, 'change': True}
2026-04-24 14:13:38,284 : INFO : EventManager : Event: ======'machine_var_audits_switches_s_kicking_target'====== Args={'value': 538, 'prev_value': None, 'change': True}
2026-04-24 14:13:38,284 : INFO : EventManager : Event: ======'machine_var_audits_switches_s_launch'====== Args={'value': 145, 'prev_value': None, 'change': True}
2026-04-24 14:13:38,284 : INFO : EventManager : Event: ======'machine_var_audits_switches_s_lock_1'====== Args={'value': 10, 'prev_value': None, 'change': True}
2026-04-24 14:13:38,284 : INFO : EventManager : Event: ======'machine_var_audits_switches_s_lock_2'====== Args={'value': 5, 'prev_value': None, 'change': True}
2026-04-24 14:13:38,284 : INFO : EventManager : Event: ======'machine_var_audits_switches_s_lock_3'====== Args={'value': 5, 'prev_value': None, 'change': True}
2026-04-24 14:13:38,284 : INFO : EventManager : Event: ======'machine_var_audits_switches_s_lower_orbit'====== Args={'value': 5, 'prev_value': None, 'change': True}
2026-04-24 14:13:38,284 : INFO : EventManager : Event: ======'machine_var_audits_switches_s_lower_single'====== Args={'value': 1, 'prev_value': None, 'change': True}
2026-04-24 14:13:38,284 : INFO : EventManager : Event: ======'machine_var_audits_switches_s_lower_sling'====== Args={'value': 8, 'prev_value': None, 'change': True}
2026-04-24 14:13:38,284 : INFO : EventManager : Event: ======'machine_var_audits_switches_s_lower_transfer'====== Args={'value': 3, 'prev_value': None, 'change': True}
2026-04-24 14:13:38,284 : INFO : EventManager : Event: ======'machine_var_audits_switches_s_lower_vuk'====== Args={'value': 15, 'prev_value': None, 'change': True}
2026-04-24 14:13:38,284 : INFO : EventManager : Event: ======'machine_var_audits_switches_s_middle_scoop'====== Args={'value': 14, 'prev_value': None, 'change': True}
2026-04-24 14:13:38,284 : INFO : EventManager : Event: ======'machine_var_audits_switches_s_orbit_small_l'====== Args={'value': 38, 'prev_value': None, 'change': True}
2026-04-24 14:13:38,285 : INFO : EventManager : Event: ======'machine_var_audits_switches_s_orbit_small_r'====== Args={'value': 195, 'prev_value': None, 'change': True}
2026-04-24 14:13:38,285 : INFO : EventManager : Event: ======'machine_var_audits_switches_s_outlane_l'====== Args={'value': 0, 'prev_value': None, 'change': True}
2026-04-24 14:13:38,285 : INFO : EventManager : Event: ======'machine_var_audits_switches_s_outlane_r'====== Args={'value': 0, 'prev_value': None, 'change': True}
2026-04-24 14:13:38,285 : INFO : EventManager : Event: ======'machine_var_audits_switches_s_pop'====== Args={'value': 99, 'prev_value': None, 'change': True}
2026-04-24 14:13:38,285 : INFO : EventManager : Event: ======'machine_var_audits_switches_s_scissor_save'====== Args={'value': 3, 'prev_value': None, 'change': True}
2026-04-24 14:13:38,285 : INFO : EventManager : Event: ======'machine_var_audits_switches_s_sling_l'====== Args={'value': 19, 'prev_value': None, 'change': True}
2026-04-24 14:13:38,285 : INFO : EventManager : Event: ======'machine_var_audits_switches_s_start'====== Args={'value': 5, 'prev_value': None, 'change': True}
2026-04-24 14:13:38,285 : INFO : EventManager : Event: ======'machine_var_audits_switches_s_stationary_l'====== Args={'value': 111, 'prev_value': None, 'change': True}
2026-04-24 14:13:38,285 : INFO : EventManager : Event: ======'machine_var_audits_switches_s_stationary_m'====== Args={'value': 29, 'prev_value': None, 'change': True}
2026-04-24 14:13:38,285 : INFO : EventManager : Event: ======'machine_var_audits_switches_s_stationary_r'====== Args={'value': 35, 'prev_value': None, 'change': True}
2026-04-24 14:13:38,285 : INFO : EventManager : Event: ======'machine_var_audits_switches_s_subway'====== Args={'value': 168, 'prev_value': None, 'change': True}
2026-04-24 14:13:38,285 : INFO : EventManager : Event: ======'machine_var_audits_switches_s_tilt'====== Args={'value': 1, 'prev_value': None, 'change': True}
2026-04-24 14:13:38,285 : INFO : EventManager : Event: ======'machine_var_audits_switches_s_top'====== Args={'value': 6, 'prev_value': None, 'change': True}
2026-04-24 14:13:38,285 : INFO : EventManager : Event: ======'machine_var_audits_switches_s_top_mid'====== Args={'value': 1, 'prev_value': None, 'change': True}
2026-04-24 14:13:38,285 : INFO : EventManager : Event: ======'machine_var_audits_switches_s_trough_1'====== Args={'value': 101, 'prev_value': None, 'change': True}
2026-04-24 14:13:38,285 : INFO : EventManager : Event: ======'machine_var_audits_switches_s_trough_2'====== Args={'value': 60, 'prev_value': None, 'change': True}
2026-04-24 14:13:38,285 : INFO : EventManager : Event: ======'machine_var_audits_switches_s_trough_3'====== Args={'value': 63, 'prev_value': None, 'change': True}
2026-04-24 14:13:38,285 : INFO : EventManager : Event: ======'machine_var_audits_switches_s_trough_4'====== Args={'value': 142, 'prev_value': None, 'change': True}
2026-04-24 14:13:38,285 : INFO : EventManager : Event: ======'machine_var_audits_switches_s_trough_5'====== Args={'value': 48, 'prev_value': None, 'change': True}
2026-04-24 14:13:38,285 : INFO : EventManager : Event: ======'machine_var_audits_switches_s_trough_6'====== Args={'value': 100, 'prev_value': None, 'change': True}
2026-04-24 14:13:38,285 : INFO : EventManager : Event: ======'machine_var_audits_switches_s_trough_jam'====== Args={'value': 73, 'prev_value': None, 'change': True}
2026-04-24 14:13:38,285 : INFO : EventManager : Event: ======'machine_var_audits_switches_s_u_lane_l'====== Args={'value': 1, 'prev_value': None, 'change': True}
2026-04-24 14:13:38,285 : INFO : EventManager : Event: ======'machine_var_audits_switches_s_u_lane_r'====== Args={'value': 1, 'prev_value': None, 'change': True}
2026-04-24 14:13:38,285 : INFO : EventManager : Event: ======'machine_var_audits_switches_s_u_rollover'====== Args={'value': 1, 'prev_value': None, 'change': True}
2026-04-24 14:13:38,285 : INFO : EventManager : Event: ======'machine_var_audits_switches_s_u_target'====== Args={'value': 1, 'prev_value': None, 'change': True}
2026-04-24 14:13:38,285 : INFO : EventManager : Event: ======'machine_var_audits_switches_s_vuk_back'====== Args={'value': 101, 'prev_value': None, 'change': True}
2026-04-24 14:13:38,285 : INFO : EventManager : Event: ======'machine_var_audits_switches_s_vuk_upper'====== Args={'value': 63, 'prev_value': None, 'change': True}
2026-04-24 14:13:38,285 : INFO : EventManager : Event: ======'init_phase_5'====== Args={}
2026-04-24 14:13:38,286 : INFO : EventManager : Event: ======'init_done'====== Args={}
2026-04-24 14:13:38,286 : INFO : EventManager : Event: ======'machine_reset_phase_1'====== Args={}
2026-04-24 14:13:38,292 : INFO : EventManager : Event: ======'machine_reset_phase_2'====== Args={}
2026-04-24 14:13:38,292 : INFO : EventManager : Event: ======'machine_reset_phase_3'====== Args={}
2026-04-24 14:13:38,292 : INFO : EventManager : Event: ======'diverter_d_middle_diverter_deactivating'====== Args={}
2026-04-24 14:13:38,292 : INFO : coil.c_diverter : Disabling Driver
2026-04-24 14:13:38,292 : INFO : EventManager : Event: ======'reset_complete'====== Args={}
2026-04-24 14:13:38,294 : INFO : EventManager : Event: ======'mode_attract_will_start'====== Args={}
2026-04-24 14:13:38,294 : INFO : EventManager : Event: ======'mode_attract_starting'====== Args={}
2026-04-24 14:13:38,294 : INFO : Mode.attract : Started. Priority: 10
2026-04-24 14:13:38,294 : INFO : EventManager : Event: ======'modes_active_modes_changed'====== Args={}
2026-04-24 14:13:38,294 : INFO : EventManager : Event: ======'mode_attract_started'====== Args={}
2026-04-24 14:13:38,295 : INFO : EventManager : Event: ======'collecting_balls_complete'====== Args={}
2026-04-24 14:13:38,295 : INFO : Machine : Starting the main run loop with active modes: [<Mode.attract>]
2026-04-24 14:13:38,312 : INFO : EventManager : Event: ======'slide_attract_fast_created'====== Args={'_from_bcp': True}
2026-04-24 14:13:38,313 : INFO : EventManager : Event: ======'slide__removed'====== Args={'_from_bcp': True}
2026-04-24 14:13:38,313 : INFO : EventManager : Event: ======'slide_attract_fast_active'====== Args={'calling_context': 0, 'cmd': 'slides_play', 'context': 'show_2', 'priority': 10, 'show_tokens': {}, 'start_time': 182115.443757583, '_from_bcp': True}
2026-04-24 14:13:38,640 : INFO : BcpServer : New client connected.
2026-04-24 14:13:41,311 : INFO : EventManager : Event: ======'slide_attract_fast_created'====== Args={'_from_bcp': True}
2026-04-24 14:13:41,316 : INFO : EventManager : Event: ======'slide_attract_created'====== Args={'_from_bcp': True}
2026-04-24 14:13:41,316 : INFO : EventManager : Event: ======'slide_attract_fast_inactive'====== Args={'is_removing': True, '_from_bcp': True}
2026-04-24 14:13:41,316 : INFO : EventManager : Event: ======'slide_attract_active'====== Args={'calling_context': 1, 'cmd': 'slides_play', 'context': 'show_2', 'priority': 10, 'show_tokens': {}, 'start_time': 182118.443757583, '_from_bcp': True}
2026-04-24 14:13:41,317 : INFO : EventManager : Event: ======'slide_attract_fast_removed'====== Args={'_from_bcp': True}
2026-04-24 14:13:44,307 : INFO : EventManager : Event: ======'slide_attract_inactive'====== Args={'is_removing': True, '_from_bcp': True}
2026-04-24 14:13:44,307 : INFO : EventManager : Event: ======'slide_attract_fast_active'====== Args={'_from_bcp': True}
2026-04-24 14:13:44,308 : INFO : EventManager : Event: ======'slide_attract_removed'====== Args={'_from_bcp': True}
2026-04-24 14:13:46,038 : INFO : SwitchController : <<<<<<< 's_trough_4' active >>>>>>>
2026-04-24 14:13:46,540 : INFO : EventManager : Event: ======'balldevice_bd_trough_ball_count_changed'====== Args={'balls': 1}
2026-04-24 14:13:46,540 : INFO : ball_device.bd_trough : Received unexpected ball
2026-04-24 14:13:46,540 : INFO : EventManager : Event: ======'balldevice_captured_from_playfield'====== Args={'balls': 1}
2026-04-24 14:13:46,540 : INFO : EventManager : Event: ======'sw_playfield_active'====== Args={'balls': 1}
2026-04-24 14:13:46,540 : INFO : EventManager : Event: ======'playfield_active'====== Args={'source': None}
2026-04-24 14:13:46,540 : INFO : EventManager : Event: ======'unexpected_ball_on_playfield'====== Args={}
2026-04-24 14:13:46,540 : INFO : EventManager : Event: ======'playfield_ball_count_change'====== Args={'balls': -1, 'change': -1}
2026-04-24 14:13:46,541 : INFO : EventManager : Event: ======'balldevice_playfield_ball_enter'====== Args={'new_balls': 1, 'unclaimed_balls': 1, 'device': <playfield.playfield>}
2026-04-24 14:13:46,541 : INFO : EventManager : Event: ======'playfield_ball_count_change'====== Args={'balls': 0, 'change': 1}
2026-04-24 14:13:46,541 : INFO : BallController : Found a new ball which was captured from playfield. Known balls: 1
2026-04-24 14:13:46,541 : INFO : EventManager : Event: ======'found_new_ball'====== Args={}
2026-04-24 14:13:46,541 : INFO : EventManager : Event: ======'balldevice_bd_trough_ball_enter'====== Args={'new_balls': 1, 'unclaimed_balls': 1, 'new_available_balls': 1, 'device': <ball_device.bd_trough>}
2026-04-24 14:13:46,541 : INFO : EventManager : Event: ======'ball_drain'====== Args={'device': <ball_device.bd_trough>, 'balls': 1}
2026-04-24 14:13:46,541 : INFO : EventManager : Event: ======'balldevice_balls_available'====== Args={}
2026-04-24 14:13:46,541 : INFO : EventManager : Event: ======'balldevice_bd_trough_ball_entered'====== Args={'new_balls': 1, 'device': <ball_device.bd_trough>}
2026-04-24 14:13:46,851 : INFO : SwitchController : <<<<<<< 's_trough_3' active >>>>>>>
2026-04-24 14:13:47,307 : INFO : EventManager : Event: ======'slide_attract_fast_created'====== Args={'_from_bcp': True}
2026-04-24 14:13:47,307 : INFO : EventManager : Event: ======'slide_attract_created'====== Args={'_from_bcp': True}
2026-04-24 14:13:47,308 : INFO : EventManager : Event: ======'slide_attract_fast_inactive'====== Args={'is_removing': True, '_from_bcp': True}
2026-04-24 14:13:47,308 : INFO : EventManager : Event: ======'slide_attract_active'====== Args={'calling_context': 1, 'cmd': 'slides_play', 'context': 'show_2', 'priority': 10, 'show_tokens': {}, 'start_time': 182124.443757583, '_from_bcp': True}
2026-04-24 14:13:47,308 : INFO : EventManager : Event: ======'slide_attract_fast_removed'====== Args={'_from_bcp': True}
2026-04-24 14:13:47,351 : INFO : EventManager : Event: ======'balldevice_bd_trough_ball_count_changed'====== Args={'balls': 2}
2026-04-24 14:13:47,351 : INFO : ball_device.bd_trough : Received unexpected ball
2026-04-24 14:13:47,351 : INFO : EventManager : Event: ======'balldevice_captured_from_playfield'====== Args={'balls': 1}
2026-04-24 14:13:47,351 : INFO : EventManager : Event: ======'sw_playfield_active'====== Args={'balls': 1}
2026-04-24 14:13:47,351 : INFO : EventManager : Event: ======'playfield_active'====== Args={'source': None}
2026-04-24 14:13:47,351 : INFO : EventManager : Event: ======'unexpected_ball_on_playfield'====== Args={}
2026-04-24 14:13:47,351 : INFO : EventManager : Event: ======'playfield_ball_count_change'====== Args={'balls': -1, 'change': -1}
2026-04-24 14:13:47,351 : INFO : EventManager : Event: ======'balldevice_playfield_ball_enter'====== Args={'new_balls': 1, 'unclaimed_balls': 1, 'device': <playfield.playfield>}
2026-04-24 14:13:47,351 : INFO : EventManager : Event: ======'playfield_ball_count_change'====== Args={'balls': 0, 'change': 1}
2026-04-24 14:13:47,351 : INFO : BallController : Found a new ball which was captured from playfield. Known balls: 2
2026-04-24 14:13:47,351 : INFO : EventManager : Event: ======'found_new_ball'====== Args={}
2026-04-24 14:13:47,351 : INFO : EventManager : Event: ======'balldevice_bd_trough_ball_enter'====== Args={'new_balls': 1, 'unclaimed_balls': 1, 'new_available_balls': 1, 'device': <ball_device.bd_trough>}
2026-04-24 14:13:47,352 : INFO : EventManager : Event: ======'ball_drain'====== Args={'device': <ball_device.bd_trough>, 'balls': 1}
2026-04-24 14:13:47,352 : INFO : EventManager : Event: ======'balldevice_balls_available'====== Args={}
2026-04-24 14:13:47,352 : INFO : EventManager : Event: ======'balldevice_bd_trough_ball_entered'====== Args={'new_balls': 1, 'device': <ball_device.bd_trough>}
2026-04-24 14:13:47,779 : INFO : SwitchController : <<<<<<< 's_start' active >>>>>>>
2026-04-24 14:13:47,862 : INFO : SwitchController : <<<<<<< 's_start' inactive >>>>>>>
2026-04-24 14:13:47,863 : INFO : EventManager : Event: ======'request_to_start_game'====== Args={}
2026-04-24 14:13:47,863 : INFO : EventManager : Event: ======'game_start'====== Args={'buttons': [], 'hold_time': 0.08297212500474416}
2026-04-24 14:13:47,863 : INFO : EventManager : Event: ======'mode_game_will_start'====== Args={'buttons': [], 'hold_time': 0.08297212500474416}
2026-04-24 14:13:47,863 : INFO : EventManager : Event: ======'mode_game_starting'====== Args={'buttons': [], 'hold_time': 0.08297212500474416}
2026-04-24 14:13:47,864 : INFO : EventManager : Event: ======'mode_attract_will_stop'====== Args={}
2026-04-24 14:13:47,864 : INFO : EventManager : Event: ======'mode_attract_stopping'====== Args={}
2026-04-24 14:13:47,864 : INFO : Mode.attract : Stopped.
2026-04-24 14:13:47,864 : INFO : EventManager : Event: ======'modes_active_modes_changed'====== Args={}
2026-04-24 14:13:47,864 : INFO : EventManager : Event: ======'mode_attract_stopped'====== Args={}
2026-04-24 14:13:47,864 : INFO : EventManager : Event: ======'clear'====== Args={'key': 'attract'}
2026-04-24 14:13:47,865 : INFO : Mode.game : Started. Priority: 20
2026-04-24 14:13:47,865 : INFO : EventManager : Event: ======'modes_active_modes_changed'====== Args={}
2026-04-24 14:13:47,865 : INFO : EventManager : Event: ======'mode_game_started'====== Args={'buttons': [], 'hold_time': 0.08297212500474416}
2026-04-24 14:13:47,865 : INFO : EventManager : Event: ======'game_will_start'====== Args={}
2026-04-24 14:13:47,865 : INFO : EventManager : Event: ======'game_starting'====== Args={'game': <Mode.game>}
2026-04-24 14:13:47,865 : INFO : EventManager : Unordered handler for class <Auditor> on event game_ended with priority 1. Handlers: [RegisteredHandler(callback=<bound method Auditor.disable of <Auditor>>, priority=1, kwargs={}, key=UUID('9a6c1163-ba8f-4b6e-a096-15f1a45ac558'), condition=None, blocking_facility=None), RegisteredHandler(callback=<bound method Auditor._save_audits of <Auditor>>, priority=1, kwargs={}, key=UUID('b08b850a-793b-4ef3-b1ac-40802ee1cc32'), condition=None, blocking_facility=None)]. The order of those handlers is not defined and they will be executed in random order. This might lead to race conditions and potential bugs.
2026-04-24 14:13:47,865 : INFO : EventManager : Event: ======'player_add_request'====== Args={}
2026-04-24 14:13:47,865 : INFO : EventManager : Event: ======'player_will_add'====== Args={'number': 1}
2026-04-24 14:13:47,865 : INFO : EventManager : Event: ======'player_adding'====== Args={'player': <Player 1>, 'number': 1}
2026-04-24 14:13:47,865 : INFO : EventManager : Event: ======'player_added'====== Args={'player': <Player 1>, 'num': 1}
2026-04-24 14:13:47,866 : INFO : Mode.game : Player added successfully. Total players: 1
2026-04-24 14:13:47,866 : INFO : EventManager : Event: ======'player_index'====== Args={'value': 0, 'prev_value': 0, 'change': 0, 'player_num': 1}
2026-04-24 14:13:47,866 : INFO : EventManager : Event: ======'player_number'====== Args={'value': 1, 'prev_value': 1, 'change': 0, 'player_num': 1}
2026-04-24 14:13:47,866 : INFO : EventManager : Event: ======'player_score'====== Args={'value': 0, 'prev_value': 0, 'change': 0, 'player_num': 1}
2026-04-24 14:13:47,866 : INFO : EventManager : Event: ======'game_started'====== Args={}
2026-04-24 14:13:47,866 : INFO : EventManager : Event: ======'player_turn_will_start'====== Args={'player': <Player 1>, 'number': 1}
2026-04-24 14:13:47,868 : INFO : EventManager : Event: ======'player_turn_starting'====== Args={'player': <Player 1>, 'number': 1}
2026-04-24 14:13:47,868 : INFO : EventManager : Event: ======'player_ball'====== Args={'value': 1, 'prev_value': 0, 'change': 1, 'player_num': 1}
2026-04-24 14:13:47,869 : INFO : EventManager : Event: ======'player_turn_started'====== Args={'player': <Player 1>, 'number': 1}
2026-04-24 14:13:47,869 : INFO : EventManager : Event: ======'ball_will_start'====== Args={'player': 1, 'ball': 1, 'balls_remaining': 2, 'is_extra_ball': False}
2026-04-24 14:13:47,869 : INFO : EventManager : Event: ======'ball_starting'====== Args={'player': 1, 'ball': 1, 'balls_remaining': 2, 'is_extra_ball': False}
2026-04-24 14:13:47,869 : INFO : EventManager : Event: ======'mode_misc_launch_shows_will_start'====== Args={'queue': <QueuedEvent>, 'player': 1, 'ball': 1, 'balls_remaining': 2, 'is_extra_ball': False}
2026-04-24 14:13:47,869 : INFO : EventManager : Event: ======'mode_misc_launch_shows_starting'====== Args={'queue': <QueuedEvent>, 'player': 1, 'ball': 1, 'balls_remaining': 2, 'is_extra_ball': False}
2026-04-24 14:13:47,869 : INFO : EventManager : Event: ======'mode_diverter_activation_will_start'====== Args={'queue': <QueuedEvent>, 'player': 1, 'ball': 1, 'balls_remaining': 2, 'is_extra_ball': False}
2026-04-24 14:13:47,869 : INFO : EventManager : Event: ======'player_shot_r_orbit_small_r_div_enabled'====== Args={'value': True, 'prev_value': 0, 'change': 1, 'player_num': 1}
2026-04-24 14:13:47,870 : INFO : EventManager : Event: ======'player_shot_r_orbit_small_l_div_enabled'====== Args={'value': True, 'prev_value': 0, 'change': 1, 'player_num': 1}
2026-04-24 14:13:47,870 : INFO : EventManager : Event: ======'player_shot_r_captive_l_div_enabled'====== Args={'value': True, 'prev_value': 0, 'change': 1, 'player_num': 1}
2026-04-24 14:13:47,870 : INFO : EventManager : Event: ======'player_shot_r_stationary_r_div_enabled'====== Args={'value': True, 'prev_value': 0, 'change': 1, 'player_num': 1}
2026-04-24 14:13:47,870 : INFO : EventManager : Event: ======'mode_diverter_activation_starting'====== Args={'queue': <QueuedEvent>, 'player': 1, 'ball': 1, 'balls_remaining': 2, 'is_extra_ball': False}
2026-04-24 14:13:47,871 : INFO : EventManager : Event: ======'mode_misc_drop_bank_will_start'====== Args={'queue': <QueuedEvent>, 'player': 1, 'ball': 1, 'balls_remaining': 2, 'is_extra_ball': False}
2026-04-24 14:13:47,871 : INFO : EventManager : Event: ======'player_shot_r_drop_l_misc_enabled'====== Args={'value': True, 'prev_value': 0, 'change': 1, 'player_num': 1}
2026-04-24 14:13:47,871 : INFO : EventManager : Event: ======'player_shot_r_drop_m_misc_enabled'====== Args={'value': True, 'prev_value': 0, 'change': 1, 'player_num': 1}
2026-04-24 14:13:47,871 : INFO : EventManager : Event: ======'player_shot_r_drop_r_misc_enabled'====== Args={'value': True, 'prev_value': 0, 'change': 1, 'player_num': 1}
2026-04-24 14:13:47,871 : INFO : EventManager : Event: ======'sg_drops_misc_complete'====== Args={'state': 'drop_lit'}
2026-04-24 14:13:47,871 : INFO : EventManager : Event: ======'sg_drops_misc_drop_lit_complete'====== Args={}
2026-04-24 14:13:47,872 : INFO : EventManager : Event: ======'mode_misc_drop_bank_starting'====== Args={'queue': <QueuedEvent>, 'player': 1, 'ball': 1, 'balls_remaining': 2, 'is_extra_ball': False}
2026-04-24 14:13:47,872 : INFO : EventManager : Event: ======'mode_base_will_start'====== Args={'queue': <QueuedEvent>, 'player': 1, 'ball': 1, 'balls_remaining': 2, 'is_extra_ball': False}
2026-04-24 14:13:47,872 : INFO : EventManager : Event: ======'player_shot_r_orbit_small_r_base_enabled'====== Args={'value': True, 'prev_value': 0, 'change': 1, 'player_num': 1}
2026-04-24 14:13:47,872 : INFO : EventManager : Event: ======'player_shot_r_orbit_small_l_base_enabled'====== Args={'value': True, 'prev_value': 0, 'change': 1, 'player_num': 1}
2026-04-24 14:13:47,872 : INFO : EventManager : Event: ======'player_shot_r_pop_enabled'====== Args={'value': True, 'prev_value': 0, 'change': 1, 'player_num': 1}
2026-04-24 14:13:47,872 : INFO : EventManager : Event: ======'player_shot_r_sling_l_enabled'====== Args={'value': True, 'prev_value': 0, 'change': 1, 'player_num': 1}
2026-04-24 14:13:47,872 : INFO : EventManager : Event: ======'player_shot_r_sling_r_enabled'====== Args={'value': True, 'prev_value': 0, 'change': 1, 'player_num': 1}
2026-04-24 14:13:47,873 : INFO : EventManager : Event: ======'player_shot_r_scoop_enabled'====== Args={'value': True, 'prev_value': 0, 'change': 1, 'player_num': 1}
2026-04-24 14:13:47,873 : INFO : EventManager : Event: ======'mode_base_starting'====== Args={'queue': <QueuedEvent>, 'player': 1, 'ball': 1, 'balls_remaining': 2, 'is_extra_ball': False}
2026-04-24 14:13:47,873 : INFO : Mode.base : Started. Priority: 100
2026-04-24 14:13:47,873 : INFO : EventManager : Event: ======'modes_active_modes_changed'====== Args={}
2026-04-24 14:13:47,873 : INFO : EventManager : Event: ======'mode_base_started'====== Args={'queue': <QueuedEvent>, 'player': 1, 'ball': 1, 'balls_remaining': 2, 'is_extra_ball': False}
2026-04-24 14:13:47,873 : INFO : Mode.misc_drop_bank : Started. Priority: 100
2026-04-24 14:13:47,873 : INFO : EventManager : Event: ======'modes_active_modes_changed'====== Args={}
2026-04-24 14:13:47,874 : INFO : EventManager : Event: ======'mode_misc_drop_bank_started'====== Args={'queue': <QueuedEvent>, 'player': 1, 'ball': 1, 'balls_remaining': 2, 'is_extra_ball': False}
2026-04-24 14:13:47,874 : INFO : Mode.diverter_activation : Started. Priority: 101
2026-04-24 14:13:47,874 : INFO : EventManager : Event: ======'modes_active_modes_changed'====== Args={}
2026-04-24 14:13:47,874 : INFO : EventManager : Event: ======'mode_diverter_activation_started'====== Args={'queue': <QueuedEvent>, 'player': 1, 'ball': 1, 'balls_remaining': 2, 'is_extra_ball': False}
2026-04-24 14:13:47,874 : INFO : EventManager : Event: ======'player_v_right_ramp'====== Args={'value': 0, 'prev_value': 0, 'change': 0, 'player_num': 1, 'source': 'diverter_activation'}
2026-04-24 14:13:47,874 : INFO : Mode.misc_launch_shows : Started. Priority: 1000
2026-04-24 14:13:47,874 : INFO : EventManager : Event: ======'modes_active_modes_changed'====== Args={}
2026-04-24 14:13:47,874 : INFO : EventManager : Event: ======'mode_misc_launch_shows_started'====== Args={'queue': <QueuedEvent>, 'player': 1, 'ball': 1, 'balls_remaining': 2, 'is_extra_ball': False}
2026-04-24 14:13:47,874 : INFO : EventManager : Event: ======'balls_in_play'====== Args={'balls': 1}
2026-04-24 14:13:47,874 : INFO : EventManager : Event: ======'ball_started'====== Args={'player': 1, 'ball': 1, 'balls_remaining': 2, 'is_extra_ball': False}
2026-04-24 14:13:47,877 : INFO : EventManager : Event: ======'diverter_d_middle_diverter_enabling'====== Args={'auto': False}
2026-04-24 14:13:47,878 : INFO : drop_target_bank.dt_bank : All targets are already up. Will not reset bank.
2026-04-24 14:13:47,881 : INFO : EventManager : Event: ======'single_player_ball_started'====== Args={}
2026-04-24 14:13:47,881 : INFO : EventManager : Event: ======'slide_attract_fast_removed'====== Args={'_from_bcp': True}
2026-04-24 14:13:47,881 : INFO : EventManager : Event: ======'ball_start_target'====== Args={'target': 'playfield'}
2026-04-24 14:13:47,881 : INFO : ball_device.bd_autolauncher : Setting up player-controlled eject. Balls: 1, Target: <playfield.playfield>, player_controlled_eject_event: sw_launch
2026-04-24 14:13:47,881 : INFO : EventManager : Event: ======'balldevice_balls_available'====== Args={}
2026-04-24 14:13:47,881 : INFO : ball_device.bd_trough : State: waiting_for_target_ready
2026-04-24 14:13:47,881 : INFO : EventManager : Event: ======'balldevice_bd_trough_ball_eject_attempt'====== Args={'balls': 1, 'target': <ball_device.bd_autolauncher>, 'source': <ball_device.bd_trough>, 'mechanical_eject': True, 'num_attempts': 0}
2026-04-24 14:13:47,881 : INFO : ball_device.bd_autolauncher : State: waiting_for_ball
2026-04-24 14:13:47,881 : INFO : ball_device.bd_trough : State: ejecting
2026-04-24 14:13:47,882 : INFO : ball_device.bd_trough : Ejecting ball to <ball_device.bd_autolauncher>
2026-04-24 14:13:47,882 : INFO : EventManager : Event: ======'balldevice_bd_trough_ejecting_ball'====== Args={'balls': 1, 'target': <ball_device.bd_autolauncher>, 'source': <ball_device.bd_trough>, 'mechanical_eject': True, 'num_attempts': 0}
2026-04-24 14:13:47,882 : INFO : ball_device.bd_trough : Wait for ball to leave device
2026-04-24 14:13:47,882 : INFO : coil.c_trough : Pulsing Driver for 12ms (1.0 pulse_power)
2026-04-24 14:13:47,935 : INFO : EventManager : Event: ======'slide_base_created'====== Args={'_from_bcp': True}
2026-04-24 14:13:47,935 : INFO : EventManager : Event: ======'slide_attract_inactive'====== Args={'is_removing': True, '_from_bcp': True}
2026-04-24 14:13:47,935 : INFO : EventManager : Event: ======'slide_base_active'====== Args={'original_context': 'base', 'original_calling_context': 'mode_base_started', 'priority': 100.0, 'queue': '<QueuedEvent>', 'player': 1.0, 'ball': 1.0, 'balls_remaining': 2.0, 'is_extra_ball': False, 'cmd': 'slides_play', '_from_bcp': True}
2026-04-24 14:13:47,935 : INFO : EventManager : Event: ======'slide_attract_removed'====== Args={'_from_bcp': True}
2026-04-24 14:13:47,936 : INFO : EventManager : Event: ======'slide_launch_slide_created'====== Args={'_from_bcp': True}
2026-04-24 14:13:47,936 : INFO : EventManager : Event: ======'slide_base_inactive'====== Args={'is_removing': False, '_from_bcp': True}
2026-04-24 14:13:47,936 : INFO : EventManager : Event: ======'slide_launch_slide_active'====== Args={'original_context': 'misc_launch_shows', 'original_calling_context': 'mode_misc_launch_shows_started', 'priority': 1000.0, 'queue': '<QueuedEvent>', 'player': 1.0, 'ball': 1.0, 'balls_remaining': 2.0, 'is_extra_ball': False, 'cmd': 'slides_play', '_from_bcp': True}
2026-04-24 14:13:48,883 : INFO : EventManager : Event: ======'balldevice_bd_trough_ball_eject_failed'====== Args={'target': <ball_device.bd_autolauncher>, 'balls': 1, 'retry': True, 'num_attempts': 1}
2026-04-24 14:13:48,884 : INFO : ball_device.bd_trough : State: waiting_for_target_ready
2026-04-24 14:13:48,884 : INFO : EventManager : Event: ======'balldevice_bd_trough_ball_eject_attempt'====== Args={'balls': 1, 'target': <ball_device.bd_autolauncher>, 'source': <ball_device.bd_trough>, 'mechanical_eject': True, 'num_attempts': 1}
2026-04-24 14:13:48,885 : INFO : ball_device.bd_trough : State: ejecting
2026-04-24 14:13:48,885 : INFO : ball_device.bd_trough : Ejecting ball to <ball_device.bd_autolauncher>
2026-04-24 14:13:48,885 : INFO : EventManager : Event: ======'balldevice_bd_trough_ejecting_ball'====== Args={'balls': 1, 'target': <ball_device.bd_autolauncher>, 'source': <ball_device.bd_trough>, 'mechanical_eject': True, 'num_attempts': 1}
2026-04-24 14:13:48,885 : INFO : ball_device.bd_trough : Wait for ball to leave device
2026-04-24 14:13:48,886 : INFO : coil.c_trough : Pulsing Driver for 12ms (1.0 pulse_power)
2026-04-24 14:13:49,828 : INFO : SwitchController : <<<<<<< 's_launch' active >>>>>>>
2026-04-24 14:13:49,828 : INFO : EventManager : Event: ======'machine_var_audits_switches_s_launch'====== Args={'value': 146, 'prev_value': 145, 'change': 1}
2026-04-24 14:13:49,887 : INFO : EventManager : Event: ======'balldevice_bd_trough_ball_eject_failed'====== Args={'target': <ball_device.bd_autolauncher>, 'balls': 1, 'retry': True, 'num_attempts': 2}
2026-04-24 14:13:49,887 : INFO : ball_device.bd_trough : State: waiting_for_target_ready
2026-04-24 14:13:49,888 : INFO : EventManager : Event: ======'balldevice_bd_trough_ball_eject_attempt'====== Args={'balls': 1, 'target': <ball_device.bd_autolauncher>, 'source': <ball_device.bd_trough>, 'mechanical_eject': True, 'num_attempts': 2}
2026-04-24 14:13:49,888 : INFO : ball_device.bd_trough : State: ejecting
2026-04-24 14:13:49,888 : INFO : ball_device.bd_trough : Ejecting ball to <ball_device.bd_autolauncher>
2026-04-24 14:13:49,888 : INFO : EventManager : Event: ======'balldevice_bd_trough_ejecting_ball'====== Args={'balls': 1, 'target': <ball_device.bd_autolauncher>, 'source': <ball_device.bd_trough>, 'mechanical_eject': True, 'num_attempts': 2}
2026-04-24 14:13:49,889 : INFO : ball_device.bd_trough : Wait for ball to leave device
2026-04-24 14:13:49,889 : INFO : coil.c_trough : Pulsing Driver for 12ms (1.0 pulse_power)
2026-04-24 14:13:49,945 : INFO : SwitchController : <<<<<<< 's_launch' inactive >>>>>>>
2026-04-24 14:13:50,890 : INFO : EventManager : Event: ======'balldevice_bd_trough_ball_eject_failed'====== Args={'target': <ball_device.bd_autolauncher>, 'balls': 1, 'retry': True, 'num_attempts': 3}
2026-04-24 14:13:50,891 : INFO : ball_device.bd_trough : State: waiting_for_target_ready
2026-04-24 14:13:50,892 : INFO : EventManager : Event: ======'balldevice_bd_trough_ball_eject_attempt'====== Args={'balls': 1, 'target': <ball_device.bd_autolauncher>, 'source': <ball_device.bd_trough>, 'mechanical_eject': True, 'num_attempts': 3}
2026-04-24 14:13:50,893 : INFO : ball_device.bd_trough : State: ejecting
2026-04-24 14:13:50,893 : INFO : ball_device.bd_trough : Ejecting ball to <ball_device.bd_autolauncher>
2026-04-24 14:13:50,893 : INFO : EventManager : Event: ======'balldevice_bd_trough_ejecting_ball'====== Args={'balls': 1, 'target': <ball_device.bd_autolauncher>, 'source': <ball_device.bd_trough>, 'mechanical_eject': True, 'num_attempts': 3}
2026-04-24 14:13:50,894 : INFO : ball_device.bd_trough : Wait for ball to leave device
2026-04-24 14:13:50,895 : INFO : coil.c_trough : Pulsing Driver for 12ms (1.0 pulse_power)
2026-04-24 14:13:51,896 : INFO : EventManager : Event: ======'balldevice_bd_trough_ball_eject_failed'====== Args={'target': <ball_device.bd_autolauncher>, 'balls': 1, 'retry': True, 'num_attempts': 4}
2026-04-24 14:13:51,897 : INFO : ball_device.bd_trough : State: waiting_for_target_ready
2026-04-24 14:13:51,897 : INFO : EventManager : Event: ======'balldevice_bd_trough_ball_eject_attempt'====== Args={'balls': 1, 'target': <ball_device.bd_autolauncher>, 'source': <ball_device.bd_trough>, 'mechanical_eject': True, 'num_attempts': 4}
2026-04-24 14:13:51,898 : INFO : ball_device.bd_trough : State: ejecting
2026-04-24 14:13:51,898 : INFO : ball_device.bd_trough : Ejecting ball to <ball_device.bd_autolauncher>
2026-04-24 14:13:51,898 : INFO : EventManager : Event: ======'balldevice_bd_trough_ejecting_ball'====== Args={'balls': 1, 'target': <ball_device.bd_autolauncher>, 'source': <ball_device.bd_trough>, 'mechanical_eject': True, 'num_attempts': 4}
2026-04-24 14:13:51,898 : INFO : ball_device.bd_trough : Wait for ball to leave device
2026-04-24 14:13:51,899 : INFO : coil.c_trough : Pulsing Driver for 12ms (1.0 pulse_power)
2026-04-24 14:13:52,058 : INFO : SwitchController : <<<<<<< 's_trough_4' inactive >>>>>>>
2026-04-24 14:13:52,060 : INFO : ball_device.bd_trough : State: ball_left
2026-04-24 14:13:52,061 : INFO : ball_device.bd_trough : Ball left
2026-04-24 14:13:52,061 : INFO : ball_device.bd_trough : Wait for confirm with timeout 1.0
2026-04-24 14:13:52,929 : INFO : SwitchController : <<<<<<< 's_autolauncher' active >>>>>>>
2026-04-24 14:13:52,929 : INFO : EventManager : Event: ======'machine_var_audits_switches_s_autolauncher'====== Args={'value': 128, 'prev_value': 127, 'change': 1}
2026-04-24 14:13:53,062 : INFO : ball_device.bd_trough : State: failed_confirm
2026-04-24 14:13:53,062 : INFO : ball_device.bd_trough : Got timeout (1.0s) before confirm from <ball_device.bd_autolauncher>
2026-04-24 14:13:53,231 : INFO : EventManager : Event: ======'balldevice_bd_autolauncher_ball_count_changed'====== Args={'balls': 1}
2026-04-24 14:13:53,232 : INFO : ball_device.bd_autolauncher : Received ball from <ball_device.bd_trough>
2026-04-24 14:13:53,232 : INFO : EventManager : Event: ======'balldevice_bd_autolauncher_ball_enter'====== Args={'new_balls': 1, 'unclaimed_balls': 0, 'new_available_balls': 0, 'device': <ball_device.bd_autolauncher>}
2026-04-24 14:13:53,233 : INFO : EventManager : Event: ======'balldevice_bd_autolauncher_ball_entered'====== Args={'new_balls': 0, 'device': <ball_device.bd_autolauncher>}
2026-04-24 14:13:53,234 : INFO : ball_device.bd_trough : Got eject confirm (after recounting)
2026-04-24 14:13:53,234 : INFO : ball_device.bd_trough : Eject successful
2026-04-24 14:13:53,234 : INFO : EventManager : Event: ======'balldevice_bd_trough_ball_eject_success'====== Args={'balls': 1, 'target': <ball_device.bd_autolauncher>}
2026-04-24 14:13:53,234 : INFO : ball_device.bd_autolauncher : State: waiting_for_target_ready
2026-04-24 14:13:53,234 : INFO : EventManager : Event: ======'balldevice_bd_autolauncher_ball_eject_attempt'====== Args={'balls': 1, 'target': <playfield.playfield>, 'source': <ball_device.bd_autolauncher>, 'mechanical_eject': True, 'num_attempts': 0}
2026-04-24 14:13:53,235 : INFO : ball_device.bd_autolauncher : State: ejecting
2026-04-24 14:13:53,235 : INFO : ball_device.bd_autolauncher : Ejecting ball to <playfield.playfield>
2026-04-24 14:13:53,235 : INFO : EventManager : Event: ======'balldevice_bd_autolauncher_ejecting_ball'====== Args={'balls': 1, 'target': <playfield.playfield>, 'source': <ball_device.bd_autolauncher>, 'mechanical_eject': True, 'num_attempts': 0}
2026-04-24 14:13:53,235 : INFO : EventManager : Event: ======'balldevice_bd_trough_ball_count_changed'====== Args={'balls': 1}
2026-04-24 14:13:53,235 : INFO : ball_device.bd_trough : State: idle
2026-04-24 14:13:53,236 : INFO : ball_device.bd_autolauncher : Wait for ball to leave device
2026-04-24 14:13:55,265 : INFO : SwitchController : <<<<<<< 's_autolauncher' inactive >>>>>>>
2026-04-24 14:13:55,266 : INFO : ball_device.bd_autolauncher : State: ball_left
2026-04-24 14:13:55,266 : INFO : ball_device.bd_autolauncher : Ball left
2026-04-24 14:13:55,266 : INFO : ball_device.bd_autolauncher : Wait for confirm with timeout 3.0
2026-04-24 14:13:57,230 : INFO : SwitchController : <<<<<<< 's_launch' active >>>>>>>
2026-04-24 14:13:57,230 : INFO : EventManager : Event: ======'sw_launch'====== Args={}
2026-04-24 14:13:57,231 : INFO : EventManager : Event: ======'machine_var_audits_switches_s_launch'====== Args={'value': 147, 'prev_value': 146, 'change': 1}
2026-04-24 14:13:57,344 : INFO : SwitchController : <<<<<<< 's_launch' inactive >>>>>>>
2026-04-24 14:13:58,267 : INFO : ball_device.bd_autolauncher : State: failed_confirm
2026-04-24 14:13:58,267 : INFO : ball_device.bd_autolauncher : Got timeout (3.0s) before confirm from <playfield.playfield>
2026-04-24 14:13:58,368 : INFO : ball_device.bd_autolauncher : Confirming eject because target is playfield and ball did not return.
2026-04-24 14:13:58,368 : INFO : ball_device.bd_autolauncher : Eject successful
2026-04-24 14:13:58,368 : INFO : EventManager : Event: ======'balldevice_bd_autolauncher_ball_eject_success'====== Args={'balls': 1, 'target': <playfield.playfield>}
2026-04-24 14:13:58,369 : INFO : EventManager : Event: ======'stop_launch_shows'====== Args={'priority': 0}
2026-04-24 14:13:58,370 : INFO : EventManager : Event: ======'balldevice_playfield_ball_enter'====== Args={'new_balls': 1, 'unclaimed_balls': 1, 'device': <playfield.playfield>}
2026-04-24 14:13:58,370 : INFO : EventManager : Event: ======'playfield_ball_count_change'====== Args={'balls': 1, 'change': 1}
2026-04-24 14:13:58,371 : INFO : EventManager : Event: ======'mode_misc_launch_shows_will_stop'====== Args={}
2026-04-24 14:13:58,371 : INFO : EventManager : Event: ======'mode_misc_launch_shows_stopping'====== Args={}
2026-04-24 14:13:58,372 : INFO : Mode.misc_launch_shows : Stopped.
2026-04-24 14:13:58,372 : INFO : EventManager : Event: ======'modes_active_modes_changed'====== Args={}
2026-04-24 14:13:58,373 : INFO : EventManager : Event: ======'mode_misc_launch_shows_stopped'====== Args={}
2026-04-24 14:13:58,373 : INFO : EventManager : Event: ======'clear'====== Args={'key': 'misc_launch_shows'}
2026-04-24 14:13:58,375 : INFO : EventManager : Event: ======'balldevice_bd_autolauncher_ball_count_changed'====== Args={'balls': 0}
2026-04-24 14:13:58,376 : INFO : ball_device.bd_autolauncher : State: idle
2026-04-24 14:13:58,382 : INFO : EventManager : Event: ======'slide_launch_slide_inactive'====== Args={'is_removing': True, '_from_bcp': True}
2026-04-24 14:13:58,382 : INFO : EventManager : Event: ======'slide_base_active'====== Args={'_from_bcp': True}
2026-04-24 14:13:58,383 : INFO : EventManager : Event: ======'slide_launch_slide_removed'====== Args={'_from_bcp': True}
2026-04-24 14:14:02,115 : INFO : SwitchController : <<<<<<< 's_autolauncher' active >>>>>>>
2026-04-24 14:14:02,116 : INFO : EventManager : Event: ======'machine_var_audits_switches_s_autolauncher'====== Args={'value': 129, 'prev_value': 128, 'change': 1}
2026-04-24 14:14:02,417 : INFO : EventManager : Event: ======'balldevice_bd_autolauncher_ball_count_changed'====== Args={'balls': 1}
2026-04-24 14:14:02,418 : INFO : ball_device.bd_autolauncher : Received unexpected ball
2026-04-24 14:14:02,418 : INFO : EventManager : Event: ======'balldevice_captured_from_playfield'====== Args={'balls': 1}
2026-04-24 14:14:02,419 : INFO : EventManager : Event: ======'sw_playfield_active'====== Args={'balls': 1}
2026-04-24 14:14:02,419 : INFO : EventManager : Event: ======'playfield_ball_count_change'====== Args={'balls': 0, 'change': -1}
2026-04-24 14:14:02,420 : INFO : EventManager : Event: ======'balldevice_bd_autolauncher_ball_enter'====== Args={'new_balls': 1, 'unclaimed_balls': 1, 'new_available_balls': 1, 'device': <ball_device.bd_autolauncher>}
2026-04-24 14:14:02,421 : INFO : ball_device.bd_autolauncher : Ejecting 1 unexpected balls using path deque([<ball_device.bd_autolauncher>, <playfield.playfield>])
2026-04-24 14:14:02,421 : INFO : EventManager : Event: ======'balldevice_balls_available'====== Args={}
2026-04-24 14:14:02,422 : INFO : EventManager : Event: ======'balldevice_balls_available'====== Args={}
2026-04-24 14:14:02,422 : INFO : EventManager : Event: ======'balldevice_bd_autolauncher_ball_entered'====== Args={'new_balls': 1, 'device': <ball_device.bd_autolauncher>}
2026-04-24 14:14:02,423 : INFO : ball_device.bd_autolauncher : State: waiting_for_target_ready
2026-04-24 14:14:02,423 : INFO : EventManager : Event: ======'balldevice_bd_autolauncher_ball_eject_attempt'====== Args={'balls': 1, 'target': <playfield.playfield>, 'source': <ball_device.bd_autolauncher>, 'mechanical_eject': False, 'num_attempts': 0}
2026-04-24 14:14:02,424 : INFO : ball_device.bd_autolauncher : State: ejecting
2026-04-24 14:14:02,424 : INFO : ball_device.bd_autolauncher : Ejecting ball to <playfield.playfield>
2026-04-24 14:14:02,424 : INFO : EventManager : Event: ======'balldevice_bd_autolauncher_ejecting_ball'====== Args={'balls': 1, 'target': <playfield.playfield>, 'source': <ball_device.bd_autolauncher>, 'mechanical_eject': False, 'num_attempts': 0}
2026-04-24 14:14:02,425 : INFO : ball_device.bd_autolauncher : Wait for ball to leave device
2026-04-24 14:14:02,425 : INFO : coil.c_autolauncher : Pulsing Driver for 20ms (1.0 pulse_power)
2026-04-24 14:14:05,426 : INFO : EventManager : Event: ======'balldevice_bd_autolauncher_ball_eject_failed'====== Args={'target': <playfield.playfield>, 'balls': 1, 'retry': True, 'num_attempts': 1}
2026-04-24 14:14:05,431 : INFO : ball_device.bd_autolauncher : State: waiting_for_target_ready
2026-04-24 14:14:05,431 : INFO : EventManager : Event: ======'balldevice_bd_autolauncher_ball_eject_attempt'====== Args={'balls': 1, 'target': <playfield.playfield>, 'source': <ball_device.bd_autolauncher>, 'mechanical_eject': False, 'num_attempts': 1}
2026-04-24 14:14:05,432 : INFO : ball_device.bd_autolauncher : State: ejecting
2026-04-24 14:14:05,432 : INFO : ball_device.bd_autolauncher : Ejecting ball to <playfield.playfield>
2026-04-24 14:14:05,432 : INFO : EventManager : Event: ======'balldevice_bd_autolauncher_ejecting_ball'====== Args={'balls': 1, 'target': <playfield.playfield>, 'source': <ball_device.bd_autolauncher>, 'mechanical_eject': False, 'num_attempts': 1}
2026-04-24 14:14:05,433 : INFO : ball_device.bd_autolauncher : Wait for ball to leave device
2026-04-24 14:14:05,433 : INFO : coil.c_autolauncher : Pulsing Driver for 20ms (1.0 pulse_power)
2026-04-24 14:14:06,180 : INFO : SwitchController : <<<<<<< 's_autolauncher' inactive >>>>>>>
2026-04-24 14:14:06,182 : INFO : ball_device.bd_autolauncher : State: ball_left
2026-04-24 14:14:06,182 : INFO : ball_device.bd_autolauncher : Ball left
2026-04-24 14:14:06,182 : INFO : ball_device.bd_autolauncher : Wait for confirm with timeout 3.0
2026-04-24 14:14:09,182 : INFO : ball_device.bd_autolauncher : State: failed_confirm
2026-04-24 14:14:09,183 : INFO : ball_device.bd_autolauncher : Got timeout (3.0s) before confirm from <playfield.playfield>
2026-04-24 14:14:09,284 : INFO : ball_device.bd_autolauncher : Confirming eject because target is playfield and ball did not return.
2026-04-24 14:14:09,285 : INFO : ball_device.bd_autolauncher : Eject successful
2026-04-24 14:14:09,285 : INFO : EventManager : Event: ======'balldevice_bd_autolauncher_ball_eject_success'====== Args={'balls': 1, 'target': <playfield.playfield>}
2026-04-24 14:14:09,286 : INFO : EventManager : Event: ======'balldevice_playfield_ball_enter'====== Args={'new_balls': 1, 'unclaimed_balls': 1, 'device': <playfield.playfield>}
2026-04-24 14:14:09,286 : INFO : EventManager : Event: ======'playfield_ball_count_change'====== Args={'balls': 1, 'change': 1}
2026-04-24 14:14:09,287 : INFO : EventManager : Event: ======'balldevice_bd_autolauncher_ball_count_changed'====== Args={'balls': 0}
2026-04-24 14:14:09,287 : INFO : ball_device.bd_autolauncher : State: idle
2026-04-24 14:18:18,517 : INFO : Machine : Shutting down...
2026-04-24 14:18:18,518 : INFO : EventManager : Event: ======'shutdown'====== Args={}
2026-04-24 14:18:18,523 : INFO : EventManager : Event: ======'mode_game_will_stop'====== Args={}
2026-04-24 14:18:18,523 : INFO : EventManager : Event: ======'mode_game_stopping'====== Args={}
2026-04-24 14:18:18,524 : INFO : EventManager : Event: ======'mode_misc_drop_bank_will_stop'====== Args={}
2026-04-24 14:18:18,524 : INFO : EventManager : Event: ======'mode_misc_drop_bank_stopping'====== Args={}
2026-04-24 14:18:18,524 : INFO : EventManager : Event: ======'mode_base_will_stop'====== Args={}
2026-04-24 14:18:18,524 : INFO : EventManager : Event: ======'mode_base_stopping'====== Args={}
2026-04-24 14:18:18,524 : INFO : EventManager : Event: ======'mode_diverter_activation_will_stop'====== Args={}
2026-04-24 14:18:18,524 : INFO : EventManager : Event: ======'mode_diverter_activation_stopping'====== Args={}
2026-04-24 14:18:18,524 : INFO : Mode.diverter_activation : Stopped.
2026-04-24 14:18:18,525 : INFO : EventManager : Event: ======'modes_active_modes_changed'====== Args={}
2026-04-24 14:18:18,525 : INFO : EventManager : Event: ======'mode_diverter_activation_stopped'====== Args={}
2026-04-24 14:18:18,525 : INFO : EventManager : Event: ======'clear'====== Args={'key': 'diverter_activation'}
2026-04-24 14:18:18,526 : INFO : Mode.base : Stopped.
2026-04-24 14:18:18,526 : INFO : EventManager : Event: ======'modes_active_modes_changed'====== Args={}
2026-04-24 14:18:18,526 : INFO : EventManager : Event: ======'mode_base_stopped'====== Args={}
2026-04-24 14:18:18,526 : INFO : EventManager : Event: ======'clear'====== Args={'key': 'base'}
2026-04-24 14:18:18,527 : INFO : Mode.misc_drop_bank : Stopped.
2026-04-24 14:18:18,527 : INFO : EventManager : Event: ======'modes_active_modes_changed'====== Args={}
2026-04-24 14:18:18,527 : INFO : EventManager : Event: ======'mode_misc_drop_bank_stopped'====== Args={}
2026-04-24 14:18:18,527 : INFO : EventManager : Event: ======'clear'====== Args={'key': 'misc_drop_bank'}
2026-04-24 14:18:18,528 : INFO : Mode.game : Stopped.
2026-04-24 14:18:18,528 : INFO : EventManager : Event: ======'modes_active_modes_changed'====== Args={}
2026-04-24 14:18:18,528 : INFO : EventManager : Event: ======'mode_game_stopped'====== Args={}
2026-04-24 14:18:18,528 : INFO : EventManager : Event: ======'clear'====== Args={'key': 'game'}
2026-04-24 14:18:18,531 : INFO : root : MPF run loop ended.
