2026-04-24 15:35:45,193 : INFO : root : Loading config.
2026-04-24 15:35:45,194 : INFO : YamlMultifileConfigLoader : Machine config file #1: config.yaml
2026-04-24 15:35:45,194 : INFO : ConfigProcessor : Loading config from cache: /var/folders/l2/q8hj_6s91xnb2jxg1sqm0h7r0000gn/T/9d21ea9a81fcfc5941f8ed75c4a080eb.mpf_cache
2026-04-24 15:35:45,224 : INFO : ConfigProcessor : Loading config from cache: /var/folders/l2/q8hj_6s91xnb2jxg1sqm0h7r0000gn/T/43115b802accf167344a214047a50cd4.mpf_cache
2026-04-24 15:35:45,224 : INFO : ConfigProcessor : Loading config from cache: /var/folders/l2/q8hj_6s91xnb2jxg1sqm0h7r0000gn/T/bd1387dfa7de7ffc5bacad015019c743.mpf_cache
2026-04-24 15:35:45,224 : INFO : ConfigProcessor : Loading config from cache: /var/folders/l2/q8hj_6s91xnb2jxg1sqm0h7r0000gn/T/d126ded0bd5e51d3c29826a335e85340.mpf_cache
2026-04-24 15:35:45,225 : INFO : ConfigProcessor : Loading config from cache: /var/folders/l2/q8hj_6s91xnb2jxg1sqm0h7r0000gn/T/be96f90f770b10caeac161802eebb966.mpf_cache
2026-04-24 15:35:45,225 : INFO : ConfigProcessor : Loading config from cache: /var/folders/l2/q8hj_6s91xnb2jxg1sqm0h7r0000gn/T/43115b802accf167344a214047a50cd4.mpf_cache
2026-04-24 15:35:45,225 : INFO : ConfigProcessor : Loading config from cache: /var/folders/l2/q8hj_6s91xnb2jxg1sqm0h7r0000gn/T/fb286bdec51e83b76c44a07e18af10e7.mpf_cache
2026-04-24 15:35:45,225 : WARNING : ConfigProcessor : Config file in cache changed: /Users/tannerpetch/Documents/GitHub/trashland_3/modes/misc_drop_bank/config/misc_drop_bank.yaml
2026-04-24 15:35:45,225 : INFO : ConfigProcessor : Loading config from file /Users/tannerpetch/Documents/GitHub/trashland_3/modes/misc_drop_bank/config/misc_drop_bank.yaml.
2026-04-24 15:35:45,227 : INFO : ConfigProcessor : Loading config: /Users/tannerpetch/Documents/GitHub/trashland_3/modes/misc_drop_bank/config/misc_drop_bank.yaml
2026-04-24 15:35:45,228 : INFO : ConfigProcessor : Config file cache created: /var/folders/l2/q8hj_6s91xnb2jxg1sqm0h7r0000gn/T/4a0392f72066fff3dac8952634b7a9cd.mpf_cache
2026-04-24 15:35:45,228 : INFO : ConfigProcessor : Loading config from cache: /var/folders/l2/q8hj_6s91xnb2jxg1sqm0h7r0000gn/T/9740e98676f8796777039fba8e7d5e82.mpf_cache
2026-04-24 15:35:45,228 : INFO : ConfigProcessor : Loading config from cache: /var/folders/l2/q8hj_6s91xnb2jxg1sqm0h7r0000gn/T/a181a17d50eb4ab7db55e27ff85926c7.mpf_cache
2026-04-24 15:35:45,228 : INFO : ConfigProcessor : Loading config from cache: /var/folders/l2/q8hj_6s91xnb2jxg1sqm0h7r0000gn/T/a4506495691bdf3563a8fd11a9d79f10.mpf_cache
2026-04-24 15:35:45,229 : INFO : ConfigProcessor : Loading config from cache: /var/folders/l2/q8hj_6s91xnb2jxg1sqm0h7r0000gn/T/7e62a906c63d3b7efc85393a80e94c06.mpf_cache
2026-04-24 15:35:45,229 : INFO : ConfigProcessor : Loading config from cache: /var/folders/l2/q8hj_6s91xnb2jxg1sqm0h7r0000gn/T/ca66b8f571437747b2f2875349d15af7.mpf_cache
2026-04-24 15:35:45,229 : INFO : ConfigProcessor : Loading config from cache: /var/folders/l2/q8hj_6s91xnb2jxg1sqm0h7r0000gn/T/eeaf33bcbaf1c79f59b4ab00525b4fda.mpf_cache
2026-04-24 15:35:45,229 : INFO : Machine : Mission Pinball Framework Core Engine v0.80.0.dev14
2026-04-24 15:35:45,229 : INFO : Machine : Command line arguments: {'no_load_cache': False, 'create_config_cache': True, 'bcp': False, 'configfile': ['config.yaml'], 'force_assets_load': False, 'platform_integration_test': False, 'jsonlogging': False, 'logfile': 'logs/2026-04-24-15-35-45-mpf-Tanners-Laptop.home.local.log', 'pause': False, 'production': False, 'text_ui': True, 'loglevel': 15, 'consoleloglevel': 20, 'force_platform': 'virtual', 'syslog_address': None, 'full_logfile_path': '/Users/tannerpetch/Documents/GitHub/trashland_3/logs/2026-04-24-15-35-45-mpf-Tanners-Laptop.home.local.log'}
2026-04-24 15:35:45,229 : INFO : Machine : MPF path: /Library/Frameworks/Python.framework/Versions/3.11/lib/python3.11/site-packages/mpf
2026-04-24 15:35:45,229 : INFO : Machine : Machine path: /Users/tannerpetch/Documents/GitHub/trashland_3
2026-04-24 15:35:45,229 : INFO : Machine : Platform: darwin
2026-04-24 15:35:45,229 : INFO : Machine : Python executable location: /Library/Frameworks/Python.framework/Versions/3.11/bin/python3.11
2026-04-24 15:35:45,229 : INFO : Machine : Python version: 3.11.9 (64-bit)
2026-04-24 15:35:45,230 : INFO : Machine : Initializing MPF...
2026-04-24 15:35:45,264 : INFO : EventManager : Event: ======'machine_var_credits_string'====== Args={'value': 'FREE PLAY', 'prev_value': None, 'change': True}
2026-04-24 15:35:45,270 : INFO : EventManager : Event: ======'machine_var_master_volume'====== Args={'value': 0.5, 'prev_value': None, 'change': True}
2026-04-24 15:35:45,270 : INFO : EventManager : Event: ======'machine_var_player1_score'====== Args={'value': 310, 'prev_value': None, 'change': True}
2026-04-24 15:35:45,270 : INFO : EventManager : Event: ======'machine_var_mpf_version'====== Args={'value': 'Mission Pinball Framework v0.80.0.dev14', 'prev_value': None, 'change': True}
2026-04-24 15:35:45,270 : INFO : EventManager : Event: ======'machine_var_mpf_extended_version'====== Args={'value': 'Mission Pinball Framework v0.80.0.dev14, Config version:6, Show version: 6, BCP version:1.1', 'prev_value': None, 'change': True}
2026-04-24 15:35:45,270 : INFO : EventManager : Event: ======'machine_var_python_version'====== Args={'value': '3.11.9', 'prev_value': None, 'change': True}
2026-04-24 15:35:45,278 : INFO : EventManager : Event: ======'machine_var_platform'====== Args={'value': 'macOS-14.3-arm64-arm-64bit', 'prev_value': None, 'change': True}
2026-04-24 15:35:45,278 : INFO : EventManager : Event: ======'machine_var_platform_system'====== Args={'value': 'Darwin', 'prev_value': None, 'change': True}
2026-04-24 15:35:45,278 : INFO : EventManager : Event: ======'machine_var_platform_release'====== Args={'value': '23.3.0', 'prev_value': None, 'change': True}
2026-04-24 15:35:45,278 : INFO : EventManager : Event: ======'machine_var_platform_version'====== Args={'value': 'Darwin Kernel Version 23.3.0: Thu Dec 21 02:29:41 PST 2023; root:xnu-10002.81.5~11/RELEASE_ARM64_T8122', 'prev_value': None, 'change': True}
2026-04-24 15:35:45,278 : INFO : EventManager : Event: ======'machine_var_platform_machine'====== Args={'value': 'arm64', 'prev_value': None, 'change': True}
2026-04-24 15:35:45,278 : INFO : EventManager : Event: ======'machine_var_log_file_path'====== Args={'value': '/Users/tannerpetch/Documents/GitHub/trashland_3/logs/2026-04-24-15-35-45-mpf-Tanners-Laptop.home.local.log', 'prev_value': None, 'change': True}
2026-04-24 15:35:45,278 : INFO : EventManager : Event: ======'init_phase_1'====== Args={}
2026-04-24 15:35:45,302 : INFO : EventManager : Event: ======'drop_target_bank_dt_single_up'====== Args={}
2026-04-24 15:35:45,302 : INFO : EventManager : Event: ======'drop_target_bank_dt_bank_up'====== Args={}
2026-04-24 15:35:45,302 : INFO : EventManager : Event: ======'init_phase_2'====== Args={}
2026-04-24 15:35:45,304 : INFO : ball_device.bd_scoop : BCH: Initial count: 0
2026-04-24 15:35:45,305 : INFO : ball_device.bd_scoop : State: idle
2026-04-24 15:35:45,305 : INFO : ball_device.bd_trough : BCH: Initial count: 0
2026-04-24 15:35:45,305 : INFO : ball_device.bd_trough : State: idle
2026-04-24 15:35:45,305 : INFO : ball_device.bd_autolauncher : BCH: Initial count: 0
2026-04-24 15:35:45,305 : INFO : ball_device.bd_autolauncher : State: idle
2026-04-24 15:35:45,305 : INFO : ball_device.bd_kicker_orbit : BCH: Initial count: 0
2026-04-24 15:35:45,305 : INFO : ball_device.bd_kicker_orbit : State: idle
2026-04-24 15:35:45,305 : INFO : ball_device.bd_lower_vuk : BCH: Initial count: 0
2026-04-24 15:35:45,305 : INFO : ball_device.bd_lower_vuk : State: idle
2026-04-24 15:35:45,305 : INFO : ball_device.bd_vuk_back : BCH: Initial count: 0
2026-04-24 15:35:45,305 : INFO : ball_device.bd_vuk_back : State: idle
2026-04-24 15:35:45,306 : INFO : ball_device.bd_vuk_upper : BCH: Initial count: 0
2026-04-24 15:35:45,306 : INFO : ball_device.bd_vuk_upper : State: idle
2026-04-24 15:35:45,306 : INFO : ball_device.bd_b_lock : BCH: Initial count: 0
2026-04-24 15:35:45,306 : INFO : ball_device.bd_b_lock : State: idle
2026-04-24 15:35:45,310 : INFO : EventManager : Event: ======'init_phase_3'====== Args={}
2026-04-24 15:35:45,311 : INFO : EventManager : Event: ======'init_phase_4'====== Args={}
2026-04-24 15:35:45,312 : INFO : BallController : Initial balls found: 0
2026-04-24 15:35:45,312 : INFO : EventManager : Event: ======'machine_var_audits_events_game_ended'====== Args={'value': 10, 'prev_value': None, 'change': True}
2026-04-24 15:35:45,312 : INFO : EventManager : Event: ======'machine_var_audits_events_game_started'====== Args={'value': 48, 'prev_value': None, 'change': True}
2026-04-24 15:35:45,312 : INFO : EventManager : Event: ======'machine_var_audits_missing_switches_s_b_eos'====== Args={'value': 13, 'prev_value': None, 'change': True}
2026-04-24 15:35:45,312 : INFO : EventManager : Event: ======'machine_var_audits_missing_switches_s_b_pop'====== Args={'value': 13, 'prev_value': None, 'change': True}
2026-04-24 15:35:45,312 : INFO : EventManager : Event: ======'machine_var_audits_missing_switches_s_b_rollover_interchange'====== Args={'value': 15, 'prev_value': None, 'change': True}
2026-04-24 15:35:45,312 : INFO : EventManager : Event: ======'machine_var_audits_missing_switches_s_b_rollover_loop'====== Args={'value': 14, 'prev_value': None, 'change': True}
2026-04-24 15:35:45,312 : INFO : EventManager : Event: ======'machine_var_audits_missing_switches_s_b_rollover_misc'====== Args={'value': 15, 'prev_value': None, 'change': True}
2026-04-24 15:35:45,312 : INFO : EventManager : Event: ======'machine_var_audits_missing_switches_s_b_target_left'====== Args={'value': 15, 'prev_value': None, 'change': True}
2026-04-24 15:35:45,312 : INFO : EventManager : Event: ======'machine_var_audits_missing_switches_s_b_target_right'====== Args={'value': 15, 'prev_value': None, 'change': True}
2026-04-24 15:35:45,312 : INFO : EventManager : Event: ======'machine_var_audits_missing_switches_s_bot'====== Args={'value': 15, 'prev_value': None, 'change': True}
2026-04-24 15:35:45,312 : INFO : EventManager : Event: ======'machine_var_audits_missing_switches_s_bot_mid'====== Args={'value': 13, 'prev_value': None, 'change': True}
2026-04-24 15:35:45,312 : INFO : EventManager : Event: ======'machine_var_audits_missing_switches_s_captive_l'====== Args={'value': 15, 'prev_value': None, 'change': True}
2026-04-24 15:35:45,312 : INFO : EventManager : Event: ======'machine_var_audits_missing_switches_s_captive_r'====== Args={'value': 15, 'prev_value': None, 'change': True}
2026-04-24 15:35:45,312 : INFO : EventManager : Event: ======'machine_var_audits_missing_switches_s_drop_l'====== Args={'value': 2, 'prev_value': None, 'change': True}
2026-04-24 15:35:45,312 : INFO : EventManager : Event: ======'machine_var_audits_missing_switches_s_drop_m'====== Args={'value': 2, 'prev_value': None, 'change': True}
2026-04-24 15:35:45,312 : INFO : EventManager : Event: ======'machine_var_audits_missing_switches_s_drop_r'====== Args={'value': 2, 'prev_value': None, 'change': True}
2026-04-24 15:35:45,312 : INFO : EventManager : Event: ======'machine_var_audits_missing_switches_s_drop_single'====== Args={'value': 13, 'prev_value': None, 'change': True}
2026-04-24 15:35:45,312 : INFO : EventManager : Event: ======'machine_var_audits_missing_switches_s_flipper_but_l_1'====== Args={'value': 13, 'prev_value': None, 'change': True}
2026-04-24 15:35:45,312 : INFO : EventManager : Event: ======'machine_var_audits_missing_switches_s_flipper_but_l_2'====== Args={'value': 13, 'prev_value': None, 'change': True}
2026-04-24 15:35:45,312 : INFO : EventManager : Event: ======'machine_var_audits_missing_switches_s_flipper_but_r_1'====== Args={'value': 4, 'prev_value': None, 'change': True}
2026-04-24 15:35:45,312 : INFO : EventManager : Event: ======'machine_var_audits_missing_switches_s_flipper_but_r_2'====== Args={'value': 13, 'prev_value': None, 'change': True}
2026-04-24 15:35:45,312 : INFO : EventManager : Event: ======'machine_var_audits_missing_switches_s_flipper_l'====== Args={'value': 13, 'prev_value': None, 'change': True}
2026-04-24 15:35:45,312 : INFO : EventManager : Event: ======'machine_var_audits_missing_switches_s_flipper_r'====== Args={'value': 13, 'prev_value': None, 'change': True}
2026-04-24 15:35:45,312 : INFO : EventManager : Event: ======'machine_var_audits_missing_switches_s_flipper_upper_l'====== Args={'value': 13, 'prev_value': None, 'change': True}
2026-04-24 15:35:45,312 : INFO : EventManager : Event: ======'machine_var_audits_missing_switches_s_inlane_l'====== Args={'value': 46, 'prev_value': None, 'change': True}
2026-04-24 15:35:45,312 : INFO : EventManager : Event: ======'machine_var_audits_missing_switches_s_inlane_r'====== Args={'value': 13, 'prev_value': None, 'change': True}
2026-04-24 15:35:45,312 : INFO : EventManager : Event: ======'machine_var_audits_missing_switches_s_kicker_orbit'====== Args={'value': 2, 'prev_value': None, 'change': True}
2026-04-24 15:35:45,312 : INFO : EventManager : Event: ======'machine_var_audits_missing_switches_s_kicking_target'====== Args={'value': 13, 'prev_value': None, 'change': True}
2026-04-24 15:35:45,312 : INFO : EventManager : Event: ======'machine_var_audits_missing_switches_s_lock_1'====== Args={'value': 19, 'prev_value': None, 'change': True}
2026-04-24 15:35:45,312 : INFO : EventManager : Event: ======'machine_var_audits_missing_switches_s_lock_2'====== Args={'value': 13, 'prev_value': None, 'change': True}
2026-04-24 15:35:45,312 : INFO : EventManager : Event: ======'machine_var_audits_missing_switches_s_lock_3'====== Args={'value': 13, 'prev_value': None, 'change': True}
2026-04-24 15:35:45,312 : INFO : EventManager : Event: ======'machine_var_audits_missing_switches_s_lower_orbit'====== Args={'value': 15, 'prev_value': None, 'change': True}
2026-04-24 15:35:45,312 : INFO : EventManager : Event: ======'machine_var_audits_missing_switches_s_lower_single'====== Args={'value': 15, 'prev_value': None, 'change': True}
2026-04-24 15:35:45,312 : INFO : EventManager : Event: ======'machine_var_audits_missing_switches_s_lower_sling'====== Args={'value': 13, 'prev_value': None, 'change': True}
2026-04-24 15:35:45,313 : INFO : EventManager : Event: ======'machine_var_audits_missing_switches_s_lower_transfer'====== Args={'value': 15, 'prev_value': None, 'change': True}
2026-04-24 15:35:45,313 : INFO : EventManager : Event: ======'machine_var_audits_missing_switches_s_lower_vuk'====== Args={'value': 13, 'prev_value': None, 'change': True}
2026-04-24 15:35:45,313 : INFO : EventManager : Event: ======'machine_var_audits_missing_switches_s_middle_scoop'====== Args={'value': 13, 'prev_value': None, 'change': True}
2026-04-24 15:35:45,313 : INFO : EventManager : Event: ======'machine_var_audits_missing_switches_s_orbit_small_l'====== Args={'value': 13, 'prev_value': None, 'change': True}
2026-04-24 15:35:45,313 : INFO : EventManager : Event: ======'machine_var_audits_missing_switches_s_orbit_small_r'====== Args={'value': 15, 'prev_value': None, 'change': True}
2026-04-24 15:35:45,313 : INFO : EventManager : Event: ======'machine_var_audits_missing_switches_s_outlane_l'====== Args={'value': 48, 'prev_value': None, 'change': True}
2026-04-24 15:35:45,313 : INFO : EventManager : Event: ======'machine_var_audits_missing_switches_s_outlane_r'====== Args={'value': 48, 'prev_value': None, 'change': True}
2026-04-24 15:35:45,313 : INFO : EventManager : Event: ======'machine_var_audits_missing_switches_s_pop'====== Args={'value': 13, 'prev_value': None, 'change': True}
2026-04-24 15:35:45,313 : INFO : EventManager : Event: ======'machine_var_audits_missing_switches_s_scissor_save'====== Args={'value': 15, 'prev_value': None, 'change': True}
2026-04-24 15:35:45,313 : INFO : EventManager : Event: ======'machine_var_audits_missing_switches_s_sling_l'====== Args={'value': 13, 'prev_value': None, 'change': True}
2026-04-24 15:35:45,313 : INFO : EventManager : Event: ======'machine_var_audits_missing_switches_s_start'====== Args={'value': 15, 'prev_value': None, 'change': True}
2026-04-24 15:35:45,313 : INFO : EventManager : Event: ======'machine_var_audits_missing_switches_s_stationary_l'====== Args={'value': 13, 'prev_value': None, 'change': True}
2026-04-24 15:35:45,313 : INFO : EventManager : Event: ======'machine_var_audits_missing_switches_s_stationary_m'====== Args={'value': 13, 'prev_value': None, 'change': True}
2026-04-24 15:35:45,313 : INFO : EventManager : Event: ======'machine_var_audits_missing_switches_s_stationary_r'====== Args={'value': 13, 'prev_value': None, 'change': True}
2026-04-24 15:35:45,313 : INFO : EventManager : Event: ======'machine_var_audits_missing_switches_s_subway'====== Args={'value': 13, 'prev_value': None, 'change': True}
2026-04-24 15:35:45,313 : INFO : EventManager : Event: ======'machine_var_audits_missing_switches_s_tilt'====== Args={'value': 15, 'prev_value': None, 'change': True}
2026-04-24 15:35:45,313 : INFO : EventManager : Event: ======'machine_var_audits_missing_switches_s_top'====== Args={'value': 13, 'prev_value': None, 'change': True}
2026-04-24 15:35:45,313 : INFO : EventManager : Event: ======'machine_var_audits_missing_switches_s_top_mid'====== Args={'value': 15, 'prev_value': None, 'change': True}
2026-04-24 15:35:45,313 : INFO : EventManager : Event: ======'machine_var_audits_missing_switches_s_trough_1'====== Args={'value': 13, 'prev_value': None, 'change': True}
2026-04-24 15:35:45,313 : INFO : EventManager : Event: ======'machine_var_audits_missing_switches_s_trough_2'====== Args={'value': 13, 'prev_value': None, 'change': True}
2026-04-24 15:35:45,313 : INFO : EventManager : Event: ======'machine_var_audits_missing_switches_s_trough_3'====== Args={'value': 7, 'prev_value': None, 'change': True}
2026-04-24 15:35:45,313 : INFO : EventManager : Event: ======'machine_var_audits_missing_switches_s_trough_4'====== Args={'value': 4, 'prev_value': None, 'change': True}
2026-04-24 15:35:45,313 : INFO : EventManager : Event: ======'machine_var_audits_missing_switches_s_trough_5'====== Args={'value': 14, 'prev_value': None, 'change': True}
2026-04-24 15:35:45,313 : INFO : EventManager : Event: ======'machine_var_audits_missing_switches_s_trough_6'====== Args={'value': 14, 'prev_value': None, 'change': True}
2026-04-24 15:35:45,313 : INFO : EventManager : Event: ======'machine_var_audits_missing_switches_s_trough_jam'====== Args={'value': 13, 'prev_value': None, 'change': True}
2026-04-24 15:35:45,313 : INFO : EventManager : Event: ======'machine_var_audits_missing_switches_s_u_lane_l'====== Args={'value': 15, 'prev_value': None, 'change': True}
2026-04-24 15:35:45,313 : INFO : EventManager : Event: ======'machine_var_audits_missing_switches_s_u_lane_r'====== Args={'value': 15, 'prev_value': None, 'change': True}
2026-04-24 15:35:45,313 : INFO : EventManager : Event: ======'machine_var_audits_missing_switches_s_u_rollover'====== Args={'value': 15, 'prev_value': None, 'change': True}
2026-04-24 15:35:45,313 : INFO : EventManager : Event: ======'machine_var_audits_missing_switches_s_u_target'====== Args={'value': 15, 'prev_value': None, 'change': True}
2026-04-24 15:35:45,313 : INFO : EventManager : Event: ======'machine_var_audits_missing_switches_s_vuk_back'====== Args={'value': 13, 'prev_value': None, 'change': True}
2026-04-24 15:35:45,313 : INFO : EventManager : Event: ======'machine_var_audits_missing_switches_s_vuk_upper'====== Args={'value': 13, 'prev_value': None, 'change': True}
2026-04-24 15:35:45,313 : INFO : EventManager : Event: ======'machine_var_audits_player_score'====== Args={'value': {'average': 31, 'top': [310, 0, 0, 0, 0, 0, 0, 0, 0, 0], 'total': 10}, 'prev_value': None, 'change': True}
2026-04-24 15:35:45,313 : INFO : EventManager : Event: ======'machine_var_audits_shots_r_drop_behind_misc'====== Args={'value': 12, 'prev_value': None, 'change': True}
2026-04-24 15:35:45,313 : INFO : EventManager : Event: ======'machine_var_audits_shots_r_drop_l_misc'====== Args={'value': 15, 'prev_value': None, 'change': True}
2026-04-24 15:35:45,313 : INFO : EventManager : Event: ======'machine_var_audits_shots_r_drop_m_misc'====== Args={'value': 15, 'prev_value': None, 'change': True}
2026-04-24 15:35:45,313 : INFO : EventManager : Event: ======'machine_var_audits_shots_r_drop_r_misc'====== Args={'value': 17, 'prev_value': None, 'change': True}
2026-04-24 15:35:45,313 : INFO : EventManager : Event: ======'machine_var_audits_shots_r_orbit_small_l_base'====== Args={'value': 2, 'prev_value': None, 'change': True}
2026-04-24 15:35:45,313 : INFO : EventManager : Event: ======'machine_var_audits_shots_r_orbit_small_l_div'====== Args={'value': 2, 'prev_value': None, 'change': True}
2026-04-24 15:35:45,313 : INFO : EventManager : Event: ======'machine_var_audits_shots_r_pop'====== Args={'value': 22, 'prev_value': None, 'change': True}
2026-04-24 15:35:45,313 : INFO : EventManager : Event: ======'machine_var_audits_shots_r_scoop'====== Args={'value': 3, 'prev_value': None, 'change': True}
2026-04-24 15:35:45,313 : INFO : EventManager : Event: ======'machine_var_audits_shots_r_sling_l'====== Args={'value': 3, 'prev_value': None, 'change': True}
2026-04-24 15:35:45,313 : INFO : EventManager : Event: ======'machine_var_audits_shots_r_sling_r'====== Args={'value': 6, 'prev_value': None, 'change': True}
2026-04-24 15:35:45,313 : INFO : EventManager : Event: ======'machine_var_audits_shots_r_stationary_r_div'====== Args={'value': 6, 'prev_value': None, 'change': True}
2026-04-24 15:35:45,313 : INFO : EventManager : Event: ======'machine_var_audits_switches_s_autolauncher'====== Args={'value': 132, 'prev_value': None, 'change': True}
2026-04-24 15:35:45,313 : INFO : EventManager : Event: ======'machine_var_audits_switches_s_b_eos'====== Args={'value': 667, 'prev_value': None, 'change': True}
2026-04-24 15:35:45,313 : INFO : EventManager : Event: ======'machine_var_audits_switches_s_b_pop'====== Args={'value': 133, 'prev_value': None, 'change': True}
2026-04-24 15:35:45,313 : INFO : EventManager : Event: ======'machine_var_audits_switches_s_b_rollover_interchange'====== Args={'value': 1, 'prev_value': None, 'change': True}
2026-04-24 15:35:45,313 : INFO : EventManager : Event: ======'machine_var_audits_switches_s_b_rollover_loop'====== Args={'value': 8, 'prev_value': None, 'change': True}
2026-04-24 15:35:45,313 : INFO : EventManager : Event: ======'machine_var_audits_switches_s_b_rollover_misc'====== Args={'value': 1, 'prev_value': None, 'change': True}
2026-04-24 15:35:45,313 : INFO : EventManager : Event: ======'machine_var_audits_switches_s_b_target_left'====== Args={'value': 1, 'prev_value': None, 'change': True}
2026-04-24 15:35:45,313 : INFO : EventManager : Event: ======'machine_var_audits_switches_s_b_target_right'====== Args={'value': 1, 'prev_value': None, 'change': True}
2026-04-24 15:35:45,313 : INFO : EventManager : Event: ======'machine_var_audits_switches_s_bot'====== Args={'value': 1, 'prev_value': None, 'change': True}
2026-04-24 15:35:45,313 : INFO : EventManager : Event: ======'machine_var_audits_switches_s_bot_mid'====== Args={'value': 6, 'prev_value': None, 'change': True}
2026-04-24 15:35:45,313 : INFO : EventManager : Event: ======'machine_var_audits_switches_s_captive_l'====== Args={'value': 1, 'prev_value': None, 'change': True}
2026-04-24 15:35:45,313 : INFO : EventManager : Event: ======'machine_var_audits_switches_s_captive_r'====== Args={'value': 1, 'prev_value': None, 'change': True}
2026-04-24 15:35:45,313 : INFO : EventManager : Event: ======'machine_var_audits_switches_s_drop_l'====== Args={'value': 23, 'prev_value': None, 'change': True}
2026-04-24 15:35:45,313 : INFO : EventManager : Event: ======'machine_var_audits_switches_s_drop_m'====== Args={'value': 37, 'prev_value': None, 'change': True}
2026-04-24 15:35:45,313 : INFO : EventManager : Event: ======'machine_var_audits_switches_s_drop_r'====== Args={'value': 24, 'prev_value': None, 'change': True}
2026-04-24 15:35:45,314 : INFO : EventManager : Event: ======'machine_var_audits_switches_s_drop_single'====== Args={'value': 21, 'prev_value': None, 'change': True}
2026-04-24 15:35:45,314 : INFO : EventManager : Event: ======'machine_var_audits_switches_s_flipper_but_l_1'====== Args={'value': 440, 'prev_value': None, 'change': True}
2026-04-24 15:35:45,314 : INFO : EventManager : Event: ======'machine_var_audits_switches_s_flipper_but_l_2'====== Args={'value': 416, 'prev_value': None, 'change': True}
2026-04-24 15:35:45,314 : INFO : EventManager : Event: ======'machine_var_audits_switches_s_flipper_but_r_1'====== Args={'value': 793, 'prev_value': None, 'change': True}
2026-04-24 15:35:45,314 : INFO : EventManager : Event: ======'machine_var_audits_switches_s_flipper_but_r_2'====== Args={'value': 783, 'prev_value': None, 'change': True}
2026-04-24 15:35:45,314 : INFO : EventManager : Event: ======'machine_var_audits_switches_s_flipper_l'====== Args={'value': 416, 'prev_value': None, 'change': True}
2026-04-24 15:35:45,314 : INFO : EventManager : Event: ======'machine_var_audits_switches_s_flipper_r'====== Args={'value': 1731, 'prev_value': None, 'change': True}
2026-04-24 15:35:45,314 : INFO : EventManager : Event: ======'machine_var_audits_switches_s_flipper_upper_l'====== Args={'value': 393, 'prev_value': None, 'change': True}
2026-04-24 15:35:45,314 : INFO : EventManager : Event: ======'machine_var_audits_switches_s_inlane_l'====== Args={'value': 1, 'prev_value': None, 'change': True}
2026-04-24 15:35:45,314 : INFO : EventManager : Event: ======'machine_var_audits_switches_s_inlane_r'====== Args={'value': 80, 'prev_value': None, 'change': True}
2026-04-24 15:35:45,314 : INFO : EventManager : Event: ======'machine_var_audits_switches_s_kicker_orbit'====== Args={'value': 186, 'prev_value': None, 'change': True}
2026-04-24 15:35:45,314 : INFO : EventManager : Event: ======'machine_var_audits_switches_s_kicking_target'====== Args={'value': 538, 'prev_value': None, 'change': True}
2026-04-24 15:35:45,314 : INFO : EventManager : Event: ======'machine_var_audits_switches_s_launch'====== Args={'value': 150, 'prev_value': None, 'change': True}
2026-04-24 15:35:45,314 : INFO : EventManager : Event: ======'machine_var_audits_switches_s_lock_1'====== Args={'value': 10, 'prev_value': None, 'change': True}
2026-04-24 15:35:45,314 : INFO : EventManager : Event: ======'machine_var_audits_switches_s_lock_2'====== Args={'value': 5, 'prev_value': None, 'change': True}
2026-04-24 15:35:45,314 : INFO : EventManager : Event: ======'machine_var_audits_switches_s_lock_3'====== Args={'value': 5, 'prev_value': None, 'change': True}
2026-04-24 15:35:45,314 : INFO : EventManager : Event: ======'machine_var_audits_switches_s_lower_orbit'====== Args={'value': 5, 'prev_value': None, 'change': True}
2026-04-24 15:35:45,314 : INFO : EventManager : Event: ======'machine_var_audits_switches_s_lower_single'====== Args={'value': 1, 'prev_value': None, 'change': True}
2026-04-24 15:35:45,314 : INFO : EventManager : Event: ======'machine_var_audits_switches_s_lower_sling'====== Args={'value': 8, 'prev_value': None, 'change': True}
2026-04-24 15:35:45,314 : INFO : EventManager : Event: ======'machine_var_audits_switches_s_lower_transfer'====== Args={'value': 3, 'prev_value': None, 'change': True}
2026-04-24 15:35:45,314 : INFO : EventManager : Event: ======'machine_var_audits_switches_s_lower_vuk'====== Args={'value': 15, 'prev_value': None, 'change': True}
2026-04-24 15:35:45,314 : INFO : EventManager : Event: ======'machine_var_audits_switches_s_middle_scoop'====== Args={'value': 14, 'prev_value': None, 'change': True}
2026-04-24 15:35:45,314 : INFO : EventManager : Event: ======'machine_var_audits_switches_s_orbit_small_l'====== Args={'value': 38, 'prev_value': None, 'change': True}
2026-04-24 15:35:45,314 : INFO : EventManager : Event: ======'machine_var_audits_switches_s_orbit_small_r'====== Args={'value': 195, 'prev_value': None, 'change': True}
2026-04-24 15:35:45,314 : INFO : EventManager : Event: ======'machine_var_audits_switches_s_outlane_l'====== Args={'value': 0, 'prev_value': None, 'change': True}
2026-04-24 15:35:45,314 : INFO : EventManager : Event: ======'machine_var_audits_switches_s_outlane_r'====== Args={'value': 0, 'prev_value': None, 'change': True}
2026-04-24 15:35:45,314 : INFO : EventManager : Event: ======'machine_var_audits_switches_s_pop'====== Args={'value': 99, 'prev_value': None, 'change': True}
2026-04-24 15:35:45,314 : INFO : EventManager : Event: ======'machine_var_audits_switches_s_scissor_save'====== Args={'value': 3, 'prev_value': None, 'change': True}
2026-04-24 15:35:45,314 : INFO : EventManager : Event: ======'machine_var_audits_switches_s_sling_l'====== Args={'value': 19, 'prev_value': None, 'change': True}
2026-04-24 15:35:45,314 : INFO : EventManager : Event: ======'machine_var_audits_switches_s_start'====== Args={'value': 5, 'prev_value': None, 'change': True}
2026-04-24 15:35:45,314 : INFO : EventManager : Event: ======'machine_var_audits_switches_s_stationary_l'====== Args={'value': 111, 'prev_value': None, 'change': True}
2026-04-24 15:35:45,314 : INFO : EventManager : Event: ======'machine_var_audits_switches_s_stationary_m'====== Args={'value': 29, 'prev_value': None, 'change': True}
2026-04-24 15:35:45,314 : INFO : EventManager : Event: ======'machine_var_audits_switches_s_stationary_r'====== Args={'value': 35, 'prev_value': None, 'change': True}
2026-04-24 15:35:45,314 : INFO : EventManager : Event: ======'machine_var_audits_switches_s_subway'====== Args={'value': 168, 'prev_value': None, 'change': True}
2026-04-24 15:35:45,314 : INFO : EventManager : Event: ======'machine_var_audits_switches_s_tilt'====== Args={'value': 1, 'prev_value': None, 'change': True}
2026-04-24 15:35:45,314 : INFO : EventManager : Event: ======'machine_var_audits_switches_s_top'====== Args={'value': 6, 'prev_value': None, 'change': True}
2026-04-24 15:35:45,314 : INFO : EventManager : Event: ======'machine_var_audits_switches_s_top_mid'====== Args={'value': 1, 'prev_value': None, 'change': True}
2026-04-24 15:35:45,314 : INFO : EventManager : Event: ======'machine_var_audits_switches_s_trough_1'====== Args={'value': 101, 'prev_value': None, 'change': True}
2026-04-24 15:35:45,314 : INFO : EventManager : Event: ======'machine_var_audits_switches_s_trough_2'====== Args={'value': 60, 'prev_value': None, 'change': True}
2026-04-24 15:35:45,314 : INFO : EventManager : Event: ======'machine_var_audits_switches_s_trough_3'====== Args={'value': 63, 'prev_value': None, 'change': True}
2026-04-24 15:35:45,314 : INFO : EventManager : Event: ======'machine_var_audits_switches_s_trough_4'====== Args={'value': 142, 'prev_value': None, 'change': True}
2026-04-24 15:35:45,314 : INFO : EventManager : Event: ======'machine_var_audits_switches_s_trough_5'====== Args={'value': 48, 'prev_value': None, 'change': True}
2026-04-24 15:35:45,314 : INFO : EventManager : Event: ======'machine_var_audits_switches_s_trough_6'====== Args={'value': 100, 'prev_value': None, 'change': True}
2026-04-24 15:35:45,314 : INFO : EventManager : Event: ======'machine_var_audits_switches_s_trough_jam'====== Args={'value': 73, 'prev_value': None, 'change': True}
2026-04-24 15:35:45,314 : INFO : EventManager : Event: ======'machine_var_audits_switches_s_u_lane_l'====== Args={'value': 1, 'prev_value': None, 'change': True}
2026-04-24 15:35:45,314 : INFO : EventManager : Event: ======'machine_var_audits_switches_s_u_lane_r'====== Args={'value': 1, 'prev_value': None, 'change': True}
2026-04-24 15:35:45,314 : INFO : EventManager : Event: ======'machine_var_audits_switches_s_u_rollover'====== Args={'value': 1, 'prev_value': None, 'change': True}
2026-04-24 15:35:45,314 : INFO : EventManager : Event: ======'machine_var_audits_switches_s_u_target'====== Args={'value': 1, 'prev_value': None, 'change': True}
2026-04-24 15:35:45,314 : INFO : EventManager : Event: ======'machine_var_audits_switches_s_vuk_back'====== Args={'value': 101, 'prev_value': None, 'change': True}
2026-04-24 15:35:45,314 : INFO : EventManager : Event: ======'machine_var_audits_switches_s_vuk_upper'====== Args={'value': 63, 'prev_value': None, 'change': True}
2026-04-24 15:35:45,315 : INFO : EventManager : Event: ======'init_phase_5'====== Args={}
2026-04-24 15:35:45,317 : INFO : EventManager : Event: ======'init_done'====== Args={}
2026-04-24 15:35:45,317 : INFO : EventManager : Event: ======'machine_reset_phase_1'====== Args={}
2026-04-24 15:35:45,317 : INFO : EventManager : Event: ======'machine_reset_phase_2'====== Args={}
2026-04-24 15:35:45,317 : INFO : EventManager : Event: ======'machine_reset_phase_3'====== Args={}
2026-04-24 15:35:45,317 : INFO : EventManager : Event: ======'diverter_d_middle_diverter_deactivating'====== Args={}
2026-04-24 15:35:45,317 : INFO : coil.c_diverter : Disabling Driver
2026-04-24 15:35:45,317 : INFO : EventManager : Event: ======'reset_complete'====== Args={}
2026-04-24 15:35:45,317 : INFO : EventManager : Event: ======'mode_attract_will_start'====== Args={}
2026-04-24 15:35:45,317 : INFO : EventManager : Event: ======'mode_attract_starting'====== Args={}
2026-04-24 15:35:45,317 : INFO : Mode.attract : Started. Priority: 10
2026-04-24 15:35:45,317 : INFO : EventManager : Event: ======'modes_active_modes_changed'====== Args={}
2026-04-24 15:35:45,317 : INFO : EventManager : Event: ======'mode_attract_started'====== Args={}
2026-04-24 15:35:45,318 : INFO : EventManager : Event: ======'collecting_balls_complete'====== Args={}
2026-04-24 15:35:45,318 : INFO : Machine : Starting the main run loop with active modes: [<Mode.attract>]
2026-04-24 15:35:46,290 : INFO : BcpServer : New client connected.
2026-04-24 15:35:46,293 : INFO : SwitchController : <<<<<<< 's_subway' active >>>>>>>
2026-04-24 15:35:46,294 : INFO : SwitchController : <<<<<<< 's_subway' inactive >>>>>>>
2026-04-24 15:35:49,865 : INFO : SwitchController : <<<<<<< 's_trough_4' active >>>>>>>
2026-04-24 15:35:50,366 : INFO : EventManager : Event: ======'balldevice_bd_trough_ball_count_changed'====== Args={'balls': 1}
2026-04-24 15:35:50,366 : INFO : ball_device.bd_trough : Received unexpected ball
2026-04-24 15:35:50,366 : INFO : EventManager : Event: ======'balldevice_captured_from_playfield'====== Args={'balls': 1}
2026-04-24 15:35:50,367 : INFO : EventManager : Event: ======'sw_playfield_active'====== Args={'balls': 1}
2026-04-24 15:35:50,367 : INFO : EventManager : Event: ======'playfield_active'====== Args={'source': None}
2026-04-24 15:35:50,367 : INFO : EventManager : Event: ======'unexpected_ball_on_playfield'====== Args={}
2026-04-24 15:35:50,367 : INFO : EventManager : Event: ======'playfield_ball_count_change'====== Args={'balls': -1, 'change': -1}
2026-04-24 15:35:50,367 : INFO : EventManager : Event: ======'balldevice_playfield_ball_enter'====== Args={'new_balls': 1, 'unclaimed_balls': 1, 'device': <playfield.playfield>}
2026-04-24 15:35:50,367 : INFO : EventManager : Event: ======'playfield_ball_count_change'====== Args={'balls': 0, 'change': 1}
2026-04-24 15:35:50,367 : INFO : BallController : Found a new ball which was captured from playfield. Known balls: 1
2026-04-24 15:35:50,367 : INFO : EventManager : Event: ======'found_new_ball'====== Args={}
2026-04-24 15:35:50,367 : INFO : EventManager : Event: ======'balldevice_bd_trough_ball_enter'====== Args={'new_balls': 1, 'unclaimed_balls': 1, 'new_available_balls': 1, 'device': <ball_device.bd_trough>}
2026-04-24 15:35:50,367 : INFO : EventManager : Event: ======'ball_drain'====== Args={'device': <ball_device.bd_trough>, 'balls': 1}
2026-04-24 15:35:50,367 : INFO : EventManager : Event: ======'balldevice_balls_available'====== Args={}
2026-04-24 15:35:50,368 : INFO : EventManager : Event: ======'balldevice_bd_trough_ball_entered'====== Args={'new_balls': 1, 'device': <ball_device.bd_trough>}
2026-04-24 15:35:50,502 : INFO : SwitchController : <<<<<<< 's_trough_5' active >>>>>>>
2026-04-24 15:35:52,026 : INFO : SwitchController : <<<<<<< 's_start' active >>>>>>>
2026-04-24 15:35:52,143 : INFO : SwitchController : <<<<<<< 's_start' inactive >>>>>>>
2026-04-24 15:35:52,143 : INFO : EventManager : Event: ======'request_to_start_game'====== Args={}
2026-04-24 15:35:52,143 : INFO : EventManager : Event: ======'game_start'====== Args={'buttons': [], 'hold_time': 0.11744724999880418}
2026-04-24 15:35:52,143 : INFO : EventManager : Event: ======'mode_game_will_start'====== Args={'buttons': [], 'hold_time': 0.11744724999880418}
2026-04-24 15:35:52,144 : INFO : EventManager : Event: ======'mode_game_starting'====== Args={'buttons': [], 'hold_time': 0.11744724999880418}
2026-04-24 15:35:52,144 : INFO : EventManager : Event: ======'mode_attract_will_stop'====== Args={}
2026-04-24 15:35:52,144 : INFO : EventManager : Event: ======'mode_attract_stopping'====== Args={}
2026-04-24 15:35:52,144 : INFO : Mode.attract : Stopped.
2026-04-24 15:35:52,144 : INFO : EventManager : Event: ======'modes_active_modes_changed'====== Args={}
2026-04-24 15:35:52,144 : INFO : EventManager : Event: ======'mode_attract_stopped'====== Args={}
2026-04-24 15:35:52,145 : INFO : EventManager : Event: ======'clear'====== Args={'key': 'attract'}
2026-04-24 15:35:52,145 : INFO : Mode.game : Started. Priority: 20
2026-04-24 15:35:52,145 : INFO : EventManager : Event: ======'modes_active_modes_changed'====== Args={}
2026-04-24 15:35:52,145 : INFO : EventManager : Event: ======'mode_game_started'====== Args={'buttons': [], 'hold_time': 0.11744724999880418}
2026-04-24 15:35:52,145 : INFO : EventManager : Event: ======'game_will_start'====== Args={}
2026-04-24 15:35:52,145 : INFO : EventManager : Event: ======'game_starting'====== Args={'game': <Mode.game>}
2026-04-24 15:35:52,145 : INFO : EventManager : Unordered handler for class <Auditor> on event game_ended with priority 1. Handlers: [RegisteredHandler(callback=<bound method Auditor.disable of <Auditor>>, priority=1, kwargs={}, key=UUID('e3326095-0a03-407e-bae2-8064bdaf4998'), condition=None, blocking_facility=None), RegisteredHandler(callback=<bound method Auditor._save_audits of <Auditor>>, priority=1, kwargs={}, key=UUID('717e80b4-d15d-46ff-b42a-cfd8524278b6'), condition=None, blocking_facility=None)]. The order of those handlers is not defined and they will be executed in random order. This might lead to race conditions and potential bugs.
2026-04-24 15:35:52,145 : INFO : EventManager : Event: ======'player_add_request'====== Args={}
2026-04-24 15:35:52,146 : INFO : EventManager : Event: ======'player_will_add'====== Args={'number': 1}
2026-04-24 15:35:52,146 : INFO : EventManager : Event: ======'player_adding'====== Args={'player': <Player 1>, 'number': 1}
2026-04-24 15:35:52,146 : INFO : EventManager : Event: ======'player_added'====== Args={'player': <Player 1>, 'num': 1}
2026-04-24 15:35:52,146 : INFO : Mode.game : Player added successfully. Total players: 1
2026-04-24 15:35:52,146 : INFO : EventManager : Event: ======'player_index'====== Args={'value': 0, 'prev_value': 0, 'change': 0, 'player_num': 1}
2026-04-24 15:35:52,146 : INFO : EventManager : Event: ======'player_number'====== Args={'value': 1, 'prev_value': 1, 'change': 0, 'player_num': 1}
2026-04-24 15:35:52,146 : INFO : EventManager : Event: ======'player_score'====== Args={'value': 0, 'prev_value': 0, 'change': 0, 'player_num': 1}
2026-04-24 15:35:52,146 : INFO : EventManager : Event: ======'game_started'====== Args={}
2026-04-24 15:35:52,146 : INFO : EventManager : Event: ======'player_turn_will_start'====== Args={'player': <Player 1>, 'number': 1}
2026-04-24 15:35:52,146 : INFO : EventManager : Event: ======'player_turn_starting'====== Args={'player': <Player 1>, 'number': 1}
2026-04-24 15:35:52,148 : INFO : EventManager : Event: ======'player_ball'====== Args={'value': 1, 'prev_value': 0, 'change': 1, 'player_num': 1}
2026-04-24 15:35:52,148 : INFO : EventManager : Event: ======'player_turn_started'====== Args={'player': <Player 1>, 'number': 1}
2026-04-24 15:35:52,149 : INFO : EventManager : Event: ======'ball_will_start'====== Args={'player': 1, 'ball': 1, 'balls_remaining': 2, 'is_extra_ball': False}
2026-04-24 15:35:52,149 : INFO : EventManager : Event: ======'ball_starting'====== Args={'player': 1, 'ball': 1, 'balls_remaining': 2, 'is_extra_ball': False}
2026-04-24 15:35:52,149 : INFO : EventManager : Event: ======'mode_misc_launch_shows_will_start'====== Args={'queue': <QueuedEvent>, 'player': 1, 'ball': 1, 'balls_remaining': 2, 'is_extra_ball': False}
2026-04-24 15:35:52,149 : INFO : EventManager : Event: ======'mode_misc_launch_shows_starting'====== Args={'queue': <QueuedEvent>, 'player': 1, 'ball': 1, 'balls_remaining': 2, 'is_extra_ball': False}
2026-04-24 15:35:52,149 : INFO : EventManager : Event: ======'mode_diverter_activation_will_start'====== Args={'queue': <QueuedEvent>, 'player': 1, 'ball': 1, 'balls_remaining': 2, 'is_extra_ball': False}
2026-04-24 15:35:52,149 : INFO : EventManager : Event: ======'player_shot_r_orbit_small_r_div_enabled'====== Args={'value': True, 'prev_value': 0, 'change': 1, 'player_num': 1}
2026-04-24 15:35:52,149 : INFO : EventManager : Event: ======'player_shot_r_orbit_small_l_div_enabled'====== Args={'value': True, 'prev_value': 0, 'change': 1, 'player_num': 1}
2026-04-24 15:35:52,150 : INFO : EventManager : Event: ======'player_shot_r_captive_l_div_enabled'====== Args={'value': True, 'prev_value': 0, 'change': 1, 'player_num': 1}
2026-04-24 15:35:52,150 : INFO : EventManager : Event: ======'player_shot_r_stationary_r_div_enabled'====== Args={'value': True, 'prev_value': 0, 'change': 1, 'player_num': 1}
2026-04-24 15:35:52,150 : INFO : EventManager : Event: ======'mode_diverter_activation_starting'====== Args={'queue': <QueuedEvent>, 'player': 1, 'ball': 1, 'balls_remaining': 2, 'is_extra_ball': False}
2026-04-24 15:35:52,150 : INFO : EventManager : Event: ======'mode_misc_drop_bank_will_start'====== Args={'queue': <QueuedEvent>, 'player': 1, 'ball': 1, 'balls_remaining': 2, 'is_extra_ball': False}
2026-04-24 15:35:52,150 : INFO : EventManager : Event: ======'player_shot_r_drop_l_misc_enabled'====== Args={'value': True, 'prev_value': 0, 'change': 1, 'player_num': 1}
2026-04-24 15:35:52,150 : INFO : Mode.diverter_activation : Started. Priority: 101
2026-04-24 15:35:52,150 : INFO : EventManager : Event: ======'modes_active_modes_changed'====== Args={}
2026-04-24 15:35:52,150 : INFO : EventManager : Event: ======'mode_diverter_activation_started'====== Args={'queue': <QueuedEvent>, 'player': 1, 'ball': 1, 'balls_remaining': 2, 'is_extra_ball': False}
2026-04-24 15:35:52,150 : INFO : EventManager : Event: ======'player_v_right_ramp'====== Args={'value': 0, 'prev_value': 0, 'change': 0, 'player_num': 1, 'source': 'diverter_activation'}
2026-04-24 15:35:52,150 : INFO : Mode.misc_launch_shows : Started. Priority: 1000
2026-04-24 15:35:52,150 : INFO : EventManager : Event: ======'modes_active_modes_changed'====== Args={}
2026-04-24 15:35:52,150 : INFO : EventManager : Event: ======'mode_misc_launch_shows_started'====== Args={'queue': <QueuedEvent>, 'player': 1, 'ball': 1, 'balls_remaining': 2, 'is_extra_ball': False}
2026-04-24 15:35:52,151 : ERROR : asyncio : Exception in callback EventManager._queue_task_done(<Task finishe... that name.")>)
handle: <Handle EventManager._queue_task_done(<Task finishe... that name.")>)>
Traceback (most recent call last):
  File "/Library/Frameworks/Python.framework/Versions/3.11/lib/python3.11/site-packages/mpf/core/show_controller.py", line 130, in replace_or_advance_show
    show_obj = self.machine.shows[config.name]
               ~~~~~~~~~~~~~~~~~~^^^^^^^^^^^^^
KeyError: 'drop_misc_blink'

During handling of the above exception, another exception occurred:

Traceback (most recent call last):
  File "/Library/Frameworks/Python.framework/Versions/3.11/lib/python3.11/asyncio/events.py", line 84, in _run
    self._context.run(self._callback, *self._args)
  File "/Library/Frameworks/Python.framework/Versions/3.11/lib/python3.11/site-packages/mpf/core/events.py", line 795, in _queue_task_done
    future.result()
  File "/Library/Frameworks/Python.framework/Versions/3.11/lib/python3.11/site-packages/mpf/core/events.py", line 708, in _run_handlers_sequential
    handler.callback(queue=queue, **merged_kwargs)
  File "/Library/Frameworks/Python.framework/Versions/3.11/lib/python3.11/site-packages/mpf/core/mode.py", line 198, in start
    self._add_mode_devices()
  File "/Library/Frameworks/Python.framework/Versions/3.11/lib/python3.11/site-packages/mpf/core/mode.py", line 408, in _add_mode_devices
    device.device_loaded_in_mode(mode=self, player=self.player)
  File "/Library/Frameworks/Python.framework/Versions/3.11/lib/python3.11/site-packages/mpf/devices/shot.py", line 75, in device_loaded_in_mode
    self._update_show()
  File "/Library/Frameworks/Python.framework/Versions/3.11/lib/python3.11/site-packages/mpf/devices/shot.py", line 214, in _update_show
    self._play_show(settings=state_settings)
  File "/Library/Frameworks/Python.framework/Versions/3.11/lib/python3.11/site-packages/mpf/devices/shot.py", line 268, in _play_show
    self.running_show = self.machine.show_controller.replace_or_advance_show(self.running_show, show_config,
                        ^^^^^^^^^^^^^^^^^^^^^^^^^^^^^^^^^^^^^^^^^^^^^^^^^^^^^^^^^^^^^^^^^^^^^^^^^^^^^^^^^^^^
  File "/Library/Frameworks/Python.framework/Versions/3.11/lib/python3.11/site-packages/mpf/core/show_controller.py", line 132, in replace_or_advance_show
    raise KeyError("Cannot play show '{}'. No show with that "
KeyError: "Cannot play show 'drop_misc_blink'. No show with that name."
2026-04-24 15:35:52,156 : INFO : Machine : Shutting down...
2026-04-24 15:35:52,156 : INFO : EventManager : Event: ======'shutdown'====== Args={}
2026-04-24 15:35:52,156 : INFO : EventManager : Event: ======'mode_game_will_stop'====== Args={}
2026-04-24 15:35:52,156 : INFO : EventManager : Event: ======'mode_game_stopping'====== Args={}
2026-04-24 15:35:52,156 : INFO : EventManager : Event: ======'mode_misc_launch_shows_will_stop'====== Args={}
2026-04-24 15:35:52,156 : INFO : EventManager : Event: ======'mode_misc_launch_shows_stopping'====== Args={}
2026-04-24 15:35:52,156 : INFO : EventManager : Event: ======'mode_diverter_activation_will_stop'====== Args={}
2026-04-24 15:35:52,156 : INFO : EventManager : Event: ======'mode_diverter_activation_stopping'====== Args={}
2026-04-24 15:35:52,156 : INFO : Mode.diverter_activation : Stopped.
2026-04-24 15:35:52,156 : INFO : EventManager : Event: ======'modes_active_modes_changed'====== Args={}
2026-04-24 15:35:52,156 : INFO : EventManager : Event: ======'mode_diverter_activation_stopped'====== Args={}
2026-04-24 15:35:52,156 : INFO : EventManager : Event: ======'clear'====== Args={'key': 'diverter_activation'}
2026-04-24 15:35:52,156 : INFO : Mode.misc_launch_shows : Stopped.
2026-04-24 15:35:52,156 : INFO : EventManager : Event: ======'modes_active_modes_changed'====== Args={}
2026-04-24 15:35:52,156 : INFO : EventManager : Event: ======'mode_misc_launch_shows_stopped'====== Args={}
2026-04-24 15:35:52,156 : INFO : EventManager : Event: ======'clear'====== Args={'key': 'misc_launch_shows'}
2026-04-24 15:35:52,157 : INFO : Mode.game : Stopped.
2026-04-24 15:35:52,157 : INFO : EventManager : Event: ======'modes_active_modes_changed'====== Args={}
2026-04-24 15:35:52,157 : INFO : EventManager : Event: ======'mode_game_stopped'====== Args={}
2026-04-24 15:35:52,157 : INFO : EventManager : Event: ======'clear'====== Args={'key': 'game'}
2026-04-24 15:35:52,158 : ERROR : Machine : Runtime Exception
Traceback (most recent call last):
  File "/Library/Frameworks/Python.framework/Versions/3.11/lib/python3.11/site-packages/mpf/core/show_controller.py", line 130, in replace_or_advance_show
    show_obj = self.machine.shows[config.name]
               ~~~~~~~~~~~~~~~~~~^^^^^^^^^^^^^
KeyError: 'drop_misc_blink'

During handling of the above exception, another exception occurred:

Traceback (most recent call last):
  File "/Library/Frameworks/Python.framework/Versions/3.11/lib/python3.11/site-packages/mpf/core/machine.py", line 810, in _run_loop
    raise self._exception['exception']
  File "/Library/Frameworks/Python.framework/Versions/3.11/lib/python3.11/asyncio/events.py", line 84, in _run
    self._context.run(self._callback, *self._args)
  File "/Library/Frameworks/Python.framework/Versions/3.11/lib/python3.11/site-packages/mpf/core/events.py", line 795, in _queue_task_done
    future.result()
  File "/Library/Frameworks/Python.framework/Versions/3.11/lib/python3.11/site-packages/mpf/core/events.py", line 708, in _run_handlers_sequential
    handler.callback(queue=queue, **merged_kwargs)
  File "/Library/Frameworks/Python.framework/Versions/3.11/lib/python3.11/site-packages/mpf/core/mode.py", line 198, in start
    self._add_mode_devices()
  File "/Library/Frameworks/Python.framework/Versions/3.11/lib/python3.11/site-packages/mpf/core/mode.py", line 408, in _add_mode_devices
    device.device_loaded_in_mode(mode=self, player=self.player)
  File "/Library/Frameworks/Python.framework/Versions/3.11/lib/python3.11/site-packages/mpf/devices/shot.py", line 75, in device_loaded_in_mode
    self._update_show()
  File "/Library/Frameworks/Python.framework/Versions/3.11/lib/python3.11/site-packages/mpf/devices/shot.py", line 214, in _update_show
    self._play_show(settings=state_settings)
  File "/Library/Frameworks/Python.framework/Versions/3.11/lib/python3.11/site-packages/mpf/devices/shot.py", line 268, in _play_show
    self.running_show = self.machine.show_controller.replace_or_advance_show(self.running_show, show_config,
                        ^^^^^^^^^^^^^^^^^^^^^^^^^^^^^^^^^^^^^^^^^^^^^^^^^^^^^^^^^^^^^^^^^^^^^^^^^^^^^^^^^^^^
  File "/Library/Frameworks/Python.framework/Versions/3.11/lib/python3.11/site-packages/mpf/core/show_controller.py", line 132, in replace_or_advance_show
    raise KeyError("Cannot play show '{}'. No show with that "
KeyError: "Cannot play show 'drop_misc_blink'. No show with that name."
2026-04-24 15:35:52,158 : INFO : root : MPF run loop ended.
