2026-04-23 12:34:14,351 : INFO : root : Loading config.
2026-04-23 12:34:14,354 : INFO : YamlMultifileConfigLoader : Machine config file #1: config.yaml
2026-04-23 12:34:14,355 : INFO : ConfigProcessor : Loading config from cache: /var/folders/l2/q8hj_6s91xnb2jxg1sqm0h7r0000gn/T/9d21ea9a81fcfc5941f8ed75c4a080eb.mpf_cache
2026-04-23 12:34:14,390 : INFO : ConfigProcessor : Loading config from cache: /var/folders/l2/q8hj_6s91xnb2jxg1sqm0h7r0000gn/T/43115b802accf167344a214047a50cd4.mpf_cache
2026-04-23 12:34:14,391 : INFO : ConfigProcessor : Loading config from cache: /var/folders/l2/q8hj_6s91xnb2jxg1sqm0h7r0000gn/T/bd1387dfa7de7ffc5bacad015019c743.mpf_cache
2026-04-23 12:34:14,391 : INFO : ConfigProcessor : Loading config from cache: /var/folders/l2/q8hj_6s91xnb2jxg1sqm0h7r0000gn/T/d126ded0bd5e51d3c29826a335e85340.mpf_cache
2026-04-23 12:34:14,391 : INFO : ConfigProcessor : Loading config from cache: /var/folders/l2/q8hj_6s91xnb2jxg1sqm0h7r0000gn/T/43115b802accf167344a214047a50cd4.mpf_cache
2026-04-23 12:34:14,391 : INFO : ConfigProcessor : Loading config from cache: /var/folders/l2/q8hj_6s91xnb2jxg1sqm0h7r0000gn/T/fb286bdec51e83b76c44a07e18af10e7.mpf_cache
2026-04-23 12:34:14,391 : INFO : ConfigProcessor : Loading config from cache: /var/folders/l2/q8hj_6s91xnb2jxg1sqm0h7r0000gn/T/a4506495691bdf3563a8fd11a9d79f10.mpf_cache
2026-04-23 12:34:14,391 : INFO : ConfigProcessor : Loading config from cache: /var/folders/l2/q8hj_6s91xnb2jxg1sqm0h7r0000gn/T/7e62a906c63d3b7efc85393a80e94c06.mpf_cache
2026-04-23 12:34:14,392 : INFO : ConfigProcessor : Loading config from cache: /var/folders/l2/q8hj_6s91xnb2jxg1sqm0h7r0000gn/T/ca66b8f571437747b2f2875349d15af7.mpf_cache
2026-04-23 12:34:14,392 : INFO : Machine : Mission Pinball Framework Core Engine v0.80.0.dev4
2026-04-23 12:34:14,392 : INFO : Machine : Command line arguments: {'no_load_cache': False, 'create_config_cache': True, 'bcp': False, 'configfile': ['config.yaml'], 'force_assets_load': False, 'platform_integration_test': False, 'jsonlogging': False, 'logfile': 'logs/2026-04-23-12-34-14-mpf-Tanners-Laptop.log', 'pause': False, 'production': False, 'text_ui': True, 'loglevel': 15, 'consoleloglevel': 20, 'force_platform': None, 'syslog_address': None, 'mc_file_name': None, 'no_sound': False, 'full_logfile_path': '/Users/tannerpetch/Documents/GitHub/trashland_3/logs/2026-04-23-12-34-14-mpf-Tanners-Laptop.log'}
2026-04-23 12:34:14,392 : INFO : Machine : MPF path: /Library/Frameworks/Python.framework/Versions/3.11/lib/python3.11/site-packages/mpf
2026-04-23 12:34:14,392 : INFO : Machine : Machine path: /Users/tannerpetch/Documents/GitHub/trashland_3
2026-04-23 12:34:14,392 : INFO : Machine : Platform: darwin
2026-04-23 12:34:14,392 : INFO : Machine : Python executable location: /Library/Frameworks/Python.framework/Versions/3.11/bin/python3.11
2026-04-23 12:34:14,392 : INFO : Machine : Python version: 3.11.9 (64-bit)
2026-04-23 12:34:14,392 : INFO : Machine : Initializing MPF...
2026-04-23 12:34:14,475 : INFO : FAST : Auto-detecting ports for the following connections: ['net', 'exp']
2026-04-23 12:34:14,653 : INFO : FAST : Detected NET on port /dev/cu.usbmodem101
2026-04-23 12:34:14,667 : INFO : FAST : Detected EXP on port /dev/cu.usbmodem103
2026-04-23 12:34:14,771 : INFO : FAST [NET] : Trying to connect to /dev/cu.usbmodem101 at 921600bps
2026-04-23 12:34:14,839 : INFO : FAST [NET] : Connected to /dev/cu.usbmodem101 at 921600bps
2026-04-23 12:34:14,841 : INFO : FAST [NET] : Connected to FP-CPU-2000 with firmware v02.21
2026-04-23 12:34:14,843 : INFO : FAST [NET] : Registered I/O Board 0: Model: FP-I/O-0804, Firmware: 01.10, Switches: 8, Drivers: 4
2026-04-23 12:34:14,851 : INFO : FAST [NET] : Registered I/O Board 1: Model: FP-I/O-0804, Firmware: 01.10, Switches: 8, Drivers: 4
2026-04-23 12:34:14,852 : INFO : FAST [NET] : Registered I/O Board 2: Model: FP-I/O-3208, Firmware: 01.10, Switches: 32, Drivers: 8
2026-04-23 12:34:14,853 : INFO : FAST [NET] : Registered I/O Board 3: Model: FP-I/O-1616, Firmware: 01.10, Switches: 16, Drivers: 16
2026-04-23 12:34:14,855 : INFO : FAST [NET] : Registered I/O Board 4: Model: FP-I/O-3208, Firmware: 01.10, Switches: 32, Drivers: 8
2026-04-23 12:34:14,856 : INFO : FAST [EXP] : Trying to connect to /dev/cu.usbmodem103 at 921600bps
2026-04-23 12:34:14,917 : INFO : FAST [EXP] : Connected to /dev/cu.usbmodem103 at 921600bps
2026-04-23 12:34:14,919 : INFO : FAST [EXP] : Verifying hardware for EXP "pf" (FP-EXP-0081, @84) with ID string "EXP FP-EXP-0081  0.48", board address 84
2026-04-23 12:34:14,920 : INFO : FAST [EXP] : Verifying hardware for EXP "pf" (FP-EXP-0081, @84) with ID string "BRK FP-EXP-0081  0.48", board address 840
2026-04-23 12:34:14,921 : INFO : FAST [EXP] : Verifying hardware for EXP "pf" (FP-EXP-0081, @84) with ID string "BRK FP-EXP-0081  0.48", board address 841
2026-04-23 12:34:14,922 : INFO : FAST [EXP] : Verifying hardware for EXP "pf_back" (FP-EXP-0071, @b4) with ID string "EXP FP-EXP-0071  0.48", board address b4
2026-04-23 12:34:14,923 : INFO : FAST [EXP] : Verifying hardware for EXP "pf_back" (FP-EXP-0071, @b4) with ID string "BRK FP-EXP-0071  0.48", board address b40
2026-04-23 12:34:14,924 : INFO : EventManager : Event: ======'machine_var_credits_string'====== Args={'value': 'FREE PLAY', 'prev_value': None, 'change': True}
2026-04-23 12:34:14,960 : INFO : EventManager : Event: ======'machine_var_master_volume'====== Args={'value': 0.5, 'prev_value': None, 'change': True}
2026-04-23 12:34:14,960 : INFO : EventManager : Event: ======'machine_var_player1_score'====== Args={'value': 310, 'prev_value': None, 'change': True}
2026-04-23 12:34:14,960 : INFO : EventManager : Event: ======'machine_var_mpf_version'====== Args={'value': 'Mission Pinball Framework v0.80.0.dev4', 'prev_value': None, 'change': True}
2026-04-23 12:34:14,960 : INFO : EventManager : Event: ======'machine_var_mpf_extended_version'====== Args={'value': 'Mission Pinball Framework v0.80.0.dev4, Config version:6, Show version: 6, BCP version:1.1', 'prev_value': None, 'change': True}
2026-04-23 12:34:14,960 : INFO : EventManager : Event: ======'machine_var_python_version'====== Args={'value': '3.11.9', 'prev_value': None, 'change': True}
2026-04-23 12:34:15,056 : INFO : EventManager : Event: ======'machine_var_platform'====== Args={'value': 'macOS-14.3-arm64-arm-64bit', 'prev_value': None, 'change': True}
2026-04-23 12:34:15,057 : INFO : EventManager : Event: ======'machine_var_platform_system'====== Args={'value': 'Darwin', 'prev_value': None, 'change': True}
2026-04-23 12:34:15,057 : INFO : EventManager : Event: ======'machine_var_platform_release'====== Args={'value': '23.3.0', 'prev_value': None, 'change': True}
2026-04-23 12:34:15,057 : INFO : EventManager : Event: ======'machine_var_platform_version'====== Args={'value': 'Darwin Kernel Version 23.3.0: Thu Dec 21 02:29:41 PST 2023; root:xnu-10002.81.5~11/RELEASE_ARM64_T8122', 'prev_value': None, 'change': True}
2026-04-23 12:34:15,057 : INFO : EventManager : Event: ======'machine_var_platform_machine'====== Args={'value': 'arm64', 'prev_value': None, 'change': True}
2026-04-23 12:34:15,057 : INFO : EventManager : Event: ======'machine_var_log_file_path'====== Args={'value': '/Users/tannerpetch/Documents/GitHub/trashland_3/logs/2026-04-23-12-34-14-mpf-Tanners-Laptop.log', 'prev_value': None, 'change': True}
2026-04-23 12:34:15,057 : INFO : EventManager : Event: ======'init_phase_1'====== Args={}
2026-04-23 12:34:15,105 : INFO : EventManager : Event: ======'drop_target_bank_dt_single_up'====== Args={}
2026-04-23 12:34:15,105 : INFO : EventManager : Event: ======'drop_target_bank_mid_up'====== Args={}
2026-04-23 12:34:15,447 : WARNING : Machine : Iterating device collections directly is deprecated and will be removed. Access by value(): device_collections[switches] -> device_collections['switches'].values()
2026-04-23 12:34:15,448 : INFO : SwitchController : <<<<<<< 's_lower_orbit' active >>>>>>>
2026-04-23 12:34:15,448 : INFO : SwitchController : <<<<<<< 's_lower_vuk' active >>>>>>>
2026-04-23 12:34:15,448 : INFO : SwitchController : <<<<<<< 's_outlane_l' active >>>>>>>
2026-04-23 12:34:15,452 : INFO : SwitchController : <<<<<<< 's_inlane_l' active >>>>>>>
2026-04-23 12:34:15,452 : INFO : SwitchController : <<<<<<< 's_outlane_r' active >>>>>>>
2026-04-23 12:34:15,452 : INFO : SwitchController : <<<<<<< 's_inlane_r' active >>>>>>>
2026-04-23 12:34:15,452 : INFO : SwitchController : <<<<<<< 's_trough_6' active >>>>>>>
2026-04-23 12:34:15,452 : INFO : SwitchController : <<<<<<< 's_trough_5' active >>>>>>>
2026-04-23 12:34:15,452 : INFO : SwitchController : <<<<<<< 's_trough_4' active >>>>>>>
2026-04-23 12:34:15,452 : INFO : SwitchController : <<<<<<< 's_trough_3' active >>>>>>>
2026-04-23 12:34:15,452 : INFO : SwitchController : <<<<<<< 's_trough_2' active >>>>>>>
2026-04-23 12:34:15,452 : INFO : SwitchController : <<<<<<< 's_trough_1' active >>>>>>>
2026-04-23 12:34:15,452 : INFO : SwitchController : <<<<<<< 's_trough_jam' active >>>>>>>
2026-04-23 12:34:15,452 : INFO : SwitchController : <<<<<<< 's_flipper_l' active >>>>>>>
2026-04-23 12:34:15,452 : INFO : SwitchController : <<<<<<< 's_flipper_r' active >>>>>>>
2026-04-23 12:34:15,452 : INFO : SwitchController : <<<<<<< 's_flipper_upper_l' active >>>>>>>
2026-04-23 12:34:15,452 : INFO : SwitchController : <<<<<<< 's_drop_r' active >>>>>>>
2026-04-23 12:34:15,452 : INFO : SwitchController : <<<<<<< 's_drop_m' active >>>>>>>
2026-04-23 12:34:15,452 : INFO : SwitchController : <<<<<<< 's_drop_single' active >>>>>>>
2026-04-23 12:34:15,452 : INFO : SwitchController : <<<<<<< 's_captive_r' active >>>>>>>
2026-04-23 12:34:15,452 : INFO : SwitchController : <<<<<<< 's_captive_l' active >>>>>>>
2026-04-23 12:34:15,549 : INFO : EventManager : Event: ======'init_phase_2'====== Args={}
2026-04-23 12:34:15,550 : INFO : SwitchController : Found active switch: (13, [FAST Platform Interface]) <switch.s_lower_orbit>
2026-04-23 12:34:15,550 : INFO : SwitchController : Found active switch: (15, [FAST Platform Interface]) <switch.s_lower_vuk>
2026-04-23 12:34:15,550 : INFO : SwitchController : Found active switch: (16, [FAST Platform Interface]) <switch.s_outlane_l>
2026-04-23 12:34:15,550 : INFO : SwitchController : Found active switch: (17, [FAST Platform Interface]) <switch.s_inlane_l>
2026-04-23 12:34:15,550 : INFO : SwitchController : Found active switch: (22, [FAST Platform Interface]) <switch.s_outlane_r>
2026-04-23 12:34:15,550 : INFO : SwitchController : Found active switch: (23, [FAST Platform Interface]) <switch.s_inlane_r>
2026-04-23 12:34:15,550 : INFO : SwitchController : Found active switch: (24, [FAST Platform Interface]) <switch.s_trough_6>
2026-04-23 12:34:15,550 : INFO : SwitchController : Found active switch: (25, [FAST Platform Interface]) <switch.s_trough_5>
2026-04-23 12:34:15,550 : INFO : SwitchController : Found active switch: (26, [FAST Platform Interface]) <switch.s_trough_4>
2026-04-23 12:34:15,550 : INFO : SwitchController : Found active switch: (27, [FAST Platform Interface]) <switch.s_trough_3>
2026-04-23 12:34:15,550 : INFO : SwitchController : Found active switch: (28, [FAST Platform Interface]) <switch.s_trough_2>
2026-04-23 12:34:15,550 : INFO : SwitchController : Found active switch: (30, [FAST Platform Interface]) <switch.s_trough_1>
2026-04-23 12:34:15,550 : INFO : SwitchController : Found active switch: (31, [FAST Platform Interface]) <switch.s_trough_jam>
2026-04-23 12:34:15,550 : INFO : SwitchController : Found active switch: (32, [FAST Platform Interface]) <switch.s_flipper_l>
2026-04-23 12:34:15,550 : INFO : SwitchController : Found active switch: (34, [FAST Platform Interface]) <switch.s_flipper_r>
2026-04-23 12:34:15,550 : INFO : SwitchController : Found active switch: (35, [FAST Platform Interface]) <switch.s_flipper_upper_l>
2026-04-23 12:34:15,550 : INFO : SwitchController : Found active switch: (49, [FAST Platform Interface]) <switch.s_drop_r>
2026-04-23 12:34:15,550 : INFO : SwitchController : Found active switch: (50, [FAST Platform Interface]) <switch.s_drop_m>
2026-04-23 12:34:15,550 : INFO : SwitchController : Found active switch: (57, [FAST Platform Interface]) <switch.s_drop_single>
2026-04-23 12:34:15,550 : INFO : SwitchController : Found active switch: (61, [FAST Platform Interface]) <switch.s_captive_r>
2026-04-23 12:34:15,550 : INFO : SwitchController : Found active switch: (62, [FAST Platform Interface]) <switch.s_captive_l>
2026-04-23 12:34:15,554 : INFO : ball_device.bd_scoop : BCH: Initial count: 0
2026-04-23 12:34:15,554 : INFO : ball_device.bd_scoop : State: idle
2026-04-23 12:34:15,953 : INFO : ball_device.bd_trough : BCH: Initial count: 5
2026-04-23 12:34:15,954 : INFO : ball_device.bd_trough : State: idle
2026-04-23 12:34:15,954 : INFO : ball_device.bd_autolauncher : BCH: Initial count: 0
2026-04-23 12:34:15,954 : INFO : ball_device.bd_autolauncher : State: idle
2026-04-23 12:34:15,954 : INFO : ball_device.bd_kicker_orbit : BCH: Initial count: 0
2026-04-23 12:34:15,954 : INFO : ball_device.bd_kicker_orbit : State: idle
2026-04-23 12:34:15,954 : INFO : ball_device.bd_lower_vuk : BCH: Initial count: 1
2026-04-23 12:34:15,954 : INFO : ball_device.bd_lower_vuk : State: idle
2026-04-23 12:34:15,955 : INFO : ball_device.bd_vuk_back : BCH: Initial count: 0
2026-04-23 12:34:15,955 : INFO : ball_device.bd_vuk_back : State: idle
2026-04-23 12:34:15,955 : INFO : ball_device.bd_vuk_upper : BCH: Initial count: 0
2026-04-23 12:34:15,955 : INFO : ball_device.bd_vuk_upper : State: idle
2026-04-23 12:34:15,955 : INFO : ball_device.bd_b_lock : BCH: Initial count: 0
2026-04-23 12:34:15,955 : INFO : ball_device.bd_b_lock : State: idle
2026-04-23 12:34:15,968 : INFO : EventManager : Event: ======'init_phase_3'====== Args={}
2026-04-23 12:34:15,971 : INFO : EventManager : Event: ======'init_phase_4'====== Args={}
2026-04-23 12:34:15,971 : INFO : EventManager : Event: ======'drop_target_d_drop_single_down'====== Args={'device': <drop_target.d_drop_single>}
2026-04-23 12:34:15,971 : INFO : EventManager : Event: ======'drop_target_right_down'====== Args={'device': <drop_target.right>}
2026-04-23 12:34:15,971 : INFO : EventManager : Event: ======'drop_target_mid_down'====== Args={'device': <drop_target.mid>}
2026-04-23 12:34:15,971 : INFO : BallController : Initial balls found: 6
2026-04-23 12:34:15,972 : INFO : EventManager : Event: ======'machine_var_audits_events_game_ended'====== Args={'value': 10, 'prev_value': None, 'change': True}
2026-04-23 12:34:15,972 : INFO : EventManager : Event: ======'machine_var_audits_events_game_started'====== Args={'value': 35, 'prev_value': None, 'change': True}
2026-04-23 12:34:15,972 : INFO : EventManager : Event: ======'machine_var_audits_missing_switches_s_b_rollover_interchange'====== Args={'value': 2, 'prev_value': None, 'change': True}
2026-04-23 12:34:15,972 : INFO : EventManager : Event: ======'machine_var_audits_missing_switches_s_b_rollover_loop'====== Args={'value': 1, 'prev_value': None, 'change': True}
2026-04-23 12:34:15,972 : INFO : EventManager : Event: ======'machine_var_audits_missing_switches_s_b_rollover_misc'====== Args={'value': 2, 'prev_value': None, 'change': True}
2026-04-23 12:34:15,972 : INFO : EventManager : Event: ======'machine_var_audits_missing_switches_s_b_target_left'====== Args={'value': 2, 'prev_value': None, 'change': True}
2026-04-23 12:34:15,972 : INFO : EventManager : Event: ======'machine_var_audits_missing_switches_s_b_target_right'====== Args={'value': 2, 'prev_value': None, 'change': True}
2026-04-23 12:34:15,972 : INFO : EventManager : Event: ======'machine_var_audits_missing_switches_s_bot'====== Args={'value': 2, 'prev_value': None, 'change': True}
2026-04-23 12:34:15,972 : INFO : EventManager : Event: ======'machine_var_audits_missing_switches_s_captive_l'====== Args={'value': 2, 'prev_value': None, 'change': True}
2026-04-23 12:34:15,972 : INFO : EventManager : Event: ======'machine_var_audits_missing_switches_s_captive_r'====== Args={'value': 2, 'prev_value': None, 'change': True}
2026-04-23 12:34:15,972 : INFO : EventManager : Event: ======'machine_var_audits_missing_switches_s_inlane_l'====== Args={'value': 33, 'prev_value': None, 'change': True}
2026-04-23 12:34:15,972 : INFO : EventManager : Event: ======'machine_var_audits_missing_switches_s_launch'====== Args={'value': 1, 'prev_value': None, 'change': True}
2026-04-23 12:34:15,972 : INFO : EventManager : Event: ======'machine_var_audits_missing_switches_s_lock_1'====== Args={'value': 6, 'prev_value': None, 'change': True}
2026-04-23 12:34:15,972 : INFO : EventManager : Event: ======'machine_var_audits_missing_switches_s_lower_orbit'====== Args={'value': 2, 'prev_value': None, 'change': True}
2026-04-23 12:34:15,972 : INFO : EventManager : Event: ======'machine_var_audits_missing_switches_s_lower_single'====== Args={'value': 2, 'prev_value': None, 'change': True}
2026-04-23 12:34:15,972 : INFO : EventManager : Event: ======'machine_var_audits_missing_switches_s_lower_transfer'====== Args={'value': 2, 'prev_value': None, 'change': True}
2026-04-23 12:34:15,972 : INFO : EventManager : Event: ======'machine_var_audits_missing_switches_s_orbit_small_r'====== Args={'value': 2, 'prev_value': None, 'change': True}
2026-04-23 12:34:15,972 : INFO : EventManager : Event: ======'machine_var_audits_missing_switches_s_outlane_l'====== Args={'value': 35, 'prev_value': None, 'change': True}
2026-04-23 12:34:15,973 : INFO : EventManager : Event: ======'machine_var_audits_missing_switches_s_outlane_r'====== Args={'value': 35, 'prev_value': None, 'change': True}
2026-04-23 12:34:15,973 : INFO : EventManager : Event: ======'machine_var_audits_missing_switches_s_scissor_save'====== Args={'value': 2, 'prev_value': None, 'change': True}
2026-04-23 12:34:15,973 : INFO : EventManager : Event: ======'machine_var_audits_missing_switches_s_start'====== Args={'value': 2, 'prev_value': None, 'change': True}
2026-04-23 12:34:15,973 : INFO : EventManager : Event: ======'machine_var_audits_missing_switches_s_tilt'====== Args={'value': 2, 'prev_value': None, 'change': True}
2026-04-23 12:34:15,973 : INFO : EventManager : Event: ======'machine_var_audits_missing_switches_s_top_mid'====== Args={'value': 2, 'prev_value': None, 'change': True}
2026-04-23 12:34:15,973 : INFO : EventManager : Event: ======'machine_var_audits_missing_switches_s_trough_5'====== Args={'value': 1, 'prev_value': None, 'change': True}
2026-04-23 12:34:15,973 : INFO : EventManager : Event: ======'machine_var_audits_missing_switches_s_trough_6'====== Args={'value': 1, 'prev_value': None, 'change': True}
2026-04-23 12:34:15,973 : INFO : EventManager : Event: ======'machine_var_audits_missing_switches_s_u_lane_l'====== Args={'value': 2, 'prev_value': None, 'change': True}
2026-04-23 12:34:15,973 : INFO : EventManager : Event: ======'machine_var_audits_missing_switches_s_u_lane_r'====== Args={'value': 2, 'prev_value': None, 'change': True}
2026-04-23 12:34:15,973 : INFO : EventManager : Event: ======'machine_var_audits_missing_switches_s_u_rollover'====== Args={'value': 2, 'prev_value': None, 'change': True}
2026-04-23 12:34:15,973 : INFO : EventManager : Event: ======'machine_var_audits_missing_switches_s_u_target'====== Args={'value': 2, 'prev_value': None, 'change': True}
2026-04-23 12:34:15,973 : INFO : EventManager : Event: ======'machine_var_audits_player_score'====== Args={'value': {'average': 31, 'top': [310, 0, 0, 0, 0, 0, 0, 0, 0, 0], 'total': 10}, 'prev_value': None, 'change': True}
2026-04-23 12:34:15,973 : INFO : EventManager : Event: ======'machine_var_audits_shots_r_orbit_small_l_base'====== Args={'value': 2, 'prev_value': None, 'change': True}
2026-04-23 12:34:15,973 : INFO : EventManager : Event: ======'machine_var_audits_shots_r_orbit_small_l_div'====== Args={'value': 2, 'prev_value': None, 'change': True}
2026-04-23 12:34:15,973 : INFO : EventManager : Event: ======'machine_var_audits_shots_r_pop'====== Args={'value': 22, 'prev_value': None, 'change': True}
2026-04-23 12:34:15,973 : INFO : EventManager : Event: ======'machine_var_audits_shots_r_scoop'====== Args={'value': 3, 'prev_value': None, 'change': True}
2026-04-23 12:34:15,973 : INFO : EventManager : Event: ======'machine_var_audits_shots_r_sling_l'====== Args={'value': 3, 'prev_value': None, 'change': True}
2026-04-23 12:34:15,973 : INFO : EventManager : Event: ======'machine_var_audits_shots_r_sling_r'====== Args={'value': 6, 'prev_value': None, 'change': True}
2026-04-23 12:34:15,973 : INFO : EventManager : Event: ======'machine_var_audits_shots_r_stationary_r_div'====== Args={'value': 6, 'prev_value': None, 'change': True}
2026-04-23 12:34:15,973 : INFO : EventManager : Event: ======'machine_var_audits_switches_s_autolauncher'====== Args={'value': 124, 'prev_value': None, 'change': True}
2026-04-23 12:34:15,973 : INFO : EventManager : Event: ======'machine_var_audits_switches_s_b_eos'====== Args={'value': 667, 'prev_value': None, 'change': True}
2026-04-23 12:34:15,973 : INFO : EventManager : Event: ======'machine_var_audits_switches_s_b_pop'====== Args={'value': 133, 'prev_value': None, 'change': True}
2026-04-23 12:34:15,973 : INFO : EventManager : Event: ======'machine_var_audits_switches_s_b_rollover_interchange'====== Args={'value': 1, 'prev_value': None, 'change': True}
2026-04-23 12:34:15,973 : INFO : EventManager : Event: ======'machine_var_audits_switches_s_b_rollover_loop'====== Args={'value': 8, 'prev_value': None, 'change': True}
2026-04-23 12:34:15,973 : INFO : EventManager : Event: ======'machine_var_audits_switches_s_b_rollover_misc'====== Args={'value': 1, 'prev_value': None, 'change': True}
2026-04-23 12:34:15,973 : INFO : EventManager : Event: ======'machine_var_audits_switches_s_b_target_left'====== Args={'value': 1, 'prev_value': None, 'change': True}
2026-04-23 12:34:15,973 : INFO : EventManager : Event: ======'machine_var_audits_switches_s_b_target_right'====== Args={'value': 1, 'prev_value': None, 'change': True}
2026-04-23 12:34:15,974 : INFO : EventManager : Event: ======'machine_var_audits_switches_s_bot'====== Args={'value': 1, 'prev_value': None, 'change': True}
2026-04-23 12:34:15,974 : INFO : EventManager : Event: ======'machine_var_audits_switches_s_bot_mid'====== Args={'value': 6, 'prev_value': None, 'change': True}
2026-04-23 12:34:15,974 : INFO : EventManager : Event: ======'machine_var_audits_switches_s_captive_l'====== Args={'value': 1, 'prev_value': None, 'change': True}
2026-04-23 12:34:15,974 : INFO : EventManager : Event: ======'machine_var_audits_switches_s_captive_r'====== Args={'value': 1, 'prev_value': None, 'change': True}
2026-04-23 12:34:15,974 : INFO : EventManager : Event: ======'machine_var_audits_switches_s_drop_l'====== Args={'value': 8, 'prev_value': None, 'change': True}
2026-04-23 12:34:15,974 : INFO : EventManager : Event: ======'machine_var_audits_switches_s_drop_m'====== Args={'value': 22, 'prev_value': None, 'change': True}
2026-04-23 12:34:15,974 : INFO : EventManager : Event: ======'machine_var_audits_switches_s_drop_r'====== Args={'value': 7, 'prev_value': None, 'change': True}
2026-04-23 12:34:15,974 : INFO : EventManager : Event: ======'machine_var_audits_switches_s_drop_single'====== Args={'value': 21, 'prev_value': None, 'change': True}
2026-04-23 12:34:15,974 : INFO : EventManager : Event: ======'machine_var_audits_switches_s_flipper_but_l_1'====== Args={'value': 440, 'prev_value': None, 'change': True}
2026-04-23 12:34:15,974 : INFO : EventManager : Event: ======'machine_var_audits_switches_s_flipper_but_l_2'====== Args={'value': 416, 'prev_value': None, 'change': True}
2026-04-23 12:34:15,974 : INFO : EventManager : Event: ======'machine_var_audits_switches_s_flipper_but_r_1'====== Args={'value': 792, 'prev_value': None, 'change': True}
2026-04-23 12:34:15,974 : INFO : EventManager : Event: ======'machine_var_audits_switches_s_flipper_but_r_2'====== Args={'value': 783, 'prev_value': None, 'change': True}
2026-04-23 12:34:15,974 : INFO : EventManager : Event: ======'machine_var_audits_switches_s_flipper_l'====== Args={'value': 416, 'prev_value': None, 'change': True}
2026-04-23 12:34:15,974 : INFO : EventManager : Event: ======'machine_var_audits_switches_s_flipper_r'====== Args={'value': 1731, 'prev_value': None, 'change': True}
2026-04-23 12:34:15,974 : INFO : EventManager : Event: ======'machine_var_audits_switches_s_flipper_upper_l'====== Args={'value': 393, 'prev_value': None, 'change': True}
2026-04-23 12:34:15,974 : INFO : EventManager : Event: ======'machine_var_audits_switches_s_inlane_l'====== Args={'value': 1, 'prev_value': None, 'change': True}
2026-04-23 12:34:15,974 : INFO : EventManager : Event: ======'machine_var_audits_switches_s_inlane_r'====== Args={'value': 80, 'prev_value': None, 'change': True}
2026-04-23 12:34:15,974 : INFO : EventManager : Event: ======'machine_var_audits_switches_s_kicker_orbit'====== Args={'value': 175, 'prev_value': None, 'change': True}
2026-04-23 12:34:15,974 : INFO : EventManager : Event: ======'machine_var_audits_switches_s_kicking_target'====== Args={'value': 538, 'prev_value': None, 'change': True}
2026-04-23 12:34:15,974 : INFO : EventManager : Event: ======'machine_var_audits_switches_s_launch'====== Args={'value': 119, 'prev_value': None, 'change': True}
2026-04-23 12:34:15,975 : INFO : EventManager : Event: ======'machine_var_audits_switches_s_lock_1'====== Args={'value': 10, 'prev_value': None, 'change': True}
2026-04-23 12:34:15,975 : INFO : EventManager : Event: ======'machine_var_audits_switches_s_lock_2'====== Args={'value': 5, 'prev_value': None, 'change': True}
2026-04-23 12:34:15,975 : INFO : EventManager : Event: ======'machine_var_audits_switches_s_lock_3'====== Args={'value': 5, 'prev_value': None, 'change': True}
2026-04-23 12:34:15,975 : INFO : EventManager : Event: ======'machine_var_audits_switches_s_lower_orbit'====== Args={'value': 5, 'prev_value': None, 'change': True}
2026-04-23 12:34:15,975 : INFO : EventManager : Event: ======'machine_var_audits_switches_s_lower_single'====== Args={'value': 1, 'prev_value': None, 'change': True}
2026-04-23 12:34:15,975 : INFO : EventManager : Event: ======'machine_var_audits_switches_s_lower_sling'====== Args={'value': 8, 'prev_value': None, 'change': True}
2026-04-23 12:34:15,975 : INFO : EventManager : Event: ======'machine_var_audits_switches_s_lower_transfer'====== Args={'value': 3, 'prev_value': None, 'change': True}
2026-04-23 12:34:15,975 : INFO : EventManager : Event: ======'machine_var_audits_switches_s_lower_vuk'====== Args={'value': 15, 'prev_value': None, 'change': True}
2026-04-23 12:34:15,975 : INFO : EventManager : Event: ======'machine_var_audits_switches_s_middle_scoop'====== Args={'value': 14, 'prev_value': None, 'change': True}
2026-04-23 12:34:15,975 : INFO : EventManager : Event: ======'machine_var_audits_switches_s_orbit_small_l'====== Args={'value': 38, 'prev_value': None, 'change': True}
2026-04-23 12:34:15,975 : INFO : EventManager : Event: ======'machine_var_audits_switches_s_orbit_small_r'====== Args={'value': 195, 'prev_value': None, 'change': True}
2026-04-23 12:34:15,975 : INFO : EventManager : Event: ======'machine_var_audits_switches_s_outlane_l'====== Args={'value': 0, 'prev_value': None, 'change': True}
2026-04-23 12:34:15,975 : INFO : EventManager : Event: ======'machine_var_audits_switches_s_outlane_r'====== Args={'value': 0, 'prev_value': None, 'change': True}
2026-04-23 12:34:15,975 : INFO : EventManager : Event: ======'machine_var_audits_switches_s_pop'====== Args={'value': 99, 'prev_value': None, 'change': True}
2026-04-23 12:34:15,975 : INFO : EventManager : Event: ======'machine_var_audits_switches_s_scissor_save'====== Args={'value': 3, 'prev_value': None, 'change': True}
2026-04-23 12:34:15,975 : INFO : EventManager : Event: ======'machine_var_audits_switches_s_sling_l'====== Args={'value': 19, 'prev_value': None, 'change': True}
2026-04-23 12:34:15,976 : INFO : EventManager : Event: ======'machine_var_audits_switches_s_start'====== Args={'value': 5, 'prev_value': None, 'change': True}
2026-04-23 12:34:15,976 : INFO : EventManager : Event: ======'machine_var_audits_switches_s_stationary_l'====== Args={'value': 111, 'prev_value': None, 'change': True}
2026-04-23 12:34:15,976 : INFO : EventManager : Event: ======'machine_var_audits_switches_s_stationary_m'====== Args={'value': 29, 'prev_value': None, 'change': True}
2026-04-23 12:34:15,976 : INFO : EventManager : Event: ======'machine_var_audits_switches_s_stationary_r'====== Args={'value': 35, 'prev_value': None, 'change': True}
2026-04-23 12:34:15,976 : INFO : EventManager : Event: ======'machine_var_audits_switches_s_subway'====== Args={'value': 168, 'prev_value': None, 'change': True}
2026-04-23 12:34:15,976 : INFO : EventManager : Event: ======'machine_var_audits_switches_s_tilt'====== Args={'value': 1, 'prev_value': None, 'change': True}
2026-04-23 12:34:15,976 : INFO : EventManager : Event: ======'machine_var_audits_switches_s_top'====== Args={'value': 6, 'prev_value': None, 'change': True}
2026-04-23 12:34:15,976 : INFO : EventManager : Event: ======'machine_var_audits_switches_s_top_mid'====== Args={'value': 1, 'prev_value': None, 'change': True}
2026-04-23 12:34:15,976 : INFO : EventManager : Event: ======'machine_var_audits_switches_s_trough_1'====== Args={'value': 101, 'prev_value': None, 'change': True}
2026-04-23 12:34:15,976 : INFO : EventManager : Event: ======'machine_var_audits_switches_s_trough_2'====== Args={'value': 60, 'prev_value': None, 'change': True}
2026-04-23 12:34:15,976 : INFO : EventManager : Event: ======'machine_var_audits_switches_s_trough_3'====== Args={'value': 61, 'prev_value': None, 'change': True}
2026-04-23 12:34:15,976 : INFO : EventManager : Event: ======'machine_var_audits_switches_s_trough_4'====== Args={'value': 141, 'prev_value': None, 'change': True}
2026-04-23 12:34:15,977 : INFO : EventManager : Event: ======'machine_var_audits_switches_s_trough_5'====== Args={'value': 48, 'prev_value': None, 'change': True}
2026-04-23 12:34:15,977 : INFO : EventManager : Event: ======'machine_var_audits_switches_s_trough_6'====== Args={'value': 100, 'prev_value': None, 'change': True}
2026-04-23 12:34:15,979 : INFO : EventManager : Event: ======'machine_var_audits_switches_s_trough_jam'====== Args={'value': 73, 'prev_value': None, 'change': True}
2026-04-23 12:34:15,980 : INFO : EventManager : Event: ======'machine_var_audits_switches_s_u_lane_l'====== Args={'value': 1, 'prev_value': None, 'change': True}
2026-04-23 12:34:15,981 : INFO : EventManager : Event: ======'machine_var_audits_switches_s_u_lane_r'====== Args={'value': 1, 'prev_value': None, 'change': True}
2026-04-23 12:34:15,981 : INFO : EventManager : Event: ======'machine_var_audits_switches_s_u_rollover'====== Args={'value': 1, 'prev_value': None, 'change': True}
2026-04-23 12:34:15,981 : INFO : EventManager : Event: ======'machine_var_audits_switches_s_u_target'====== Args={'value': 1, 'prev_value': None, 'change': True}
2026-04-23 12:34:15,982 : INFO : EventManager : Event: ======'machine_var_audits_switches_s_vuk_back'====== Args={'value': 101, 'prev_value': None, 'change': True}
2026-04-23 12:34:15,983 : INFO : EventManager : Event: ======'machine_var_audits_switches_s_vuk_upper'====== Args={'value': 63, 'prev_value': None, 'change': True}
2026-04-23 12:34:15,984 : INFO : EventManager : Event: ======'init_phase_5'====== Args={}
2026-04-23 12:34:15,990 : INFO : ball_device.bd_trough : BCH: Count is unstable. Trying to reorder balls.
2026-04-23 12:34:15,990 : WARNING : ball_device.bd_trough : Cannot reorder device because eject_coil_reorder_pulse is not configured
2026-04-23 12:34:15,990 : INFO : ball_device.bd_trough : BCH: Repulse done. Waiting for balls to settle.
2026-04-23 12:34:15,990 : INFO : ball_device.bd_trough : BCH: Reordered count: 5
2026-04-23 12:34:15,990 : INFO : EventManager : Event: ======'init_done'====== Args={}
2026-04-23 12:34:15,991 : INFO : EventManager : Event: ======'machine_reset_phase_1'====== Args={}
2026-04-23 12:34:15,991 : INFO : EventManager : Event: ======'machine_reset_phase_2'====== Args={}
2026-04-23 12:34:15,991 : INFO : EventManager : Event: ======'machine_reset_phase_3'====== Args={}
2026-04-23 12:34:15,991 : INFO : EventManager : Event: ======'diverter_d_middle_diverter_deactivating'====== Args={}
2026-04-23 12:34:15,991 : INFO : coil.c_diverter : Disabling Driver
2026-04-23 12:34:15,991 : INFO : EventManager : Event: ======'reset_complete'====== Args={}
2026-04-23 12:34:15,991 : INFO : EventManager : Event: ======'mode_attract_will_start'====== Args={}
2026-04-23 12:34:15,991 : INFO : EventManager : Event: ======'mode_attract_starting'====== Args={}
2026-04-23 12:34:15,991 : INFO : Mode.attract : Started. Priority: 10
2026-04-23 12:34:15,991 : INFO : EventManager : Event: ======'modes_active_modes_changed'====== Args={}
2026-04-23 12:34:15,991 : INFO : EventManager : Event: ======'mode_attract_started'====== Args={}
2026-04-23 12:34:15,992 : INFO : EventManager : Event: ======'collecting_balls'====== Args={}
2026-04-23 12:34:15,993 : INFO : ball_device.bd_lower_vuk : Adding 1 ball(s) to the eject_queue with target <playfield.playfield>.
2026-04-23 12:34:15,993 : INFO : EventManager : Event: ======'balldevice_balls_available'====== Args={}
2026-04-23 12:34:15,993 : INFO : Machine : Starting the main run loop.
2026-04-23 12:34:15,993 : INFO : ball_device.bd_lower_vuk : State: waiting_for_target_ready
2026-04-23 12:34:15,993 : INFO : EventManager : Event: ======'balldevice_bd_lower_vuk_ball_eject_attempt'====== Args={'balls': 1, 'target': <playfield.playfield>, 'source': <ball_device.bd_lower_vuk>, 'mechanical_eject': False, 'num_attempts': 0}
2026-04-23 12:34:15,994 : INFO : ball_device.bd_lower_vuk : State: ejecting
2026-04-23 12:34:15,994 : INFO : ball_device.bd_lower_vuk : Ejecting ball to <playfield.playfield>
2026-04-23 12:34:15,994 : INFO : EventManager : Event: ======'balldevice_bd_lower_vuk_ejecting_ball'====== Args={'balls': 1, 'target': <playfield.playfield>, 'source': <ball_device.bd_lower_vuk>, 'mechanical_eject': False, 'num_attempts': 0}
2026-04-23 12:34:15,994 : INFO : ball_device.bd_lower_vuk : Wait for ball to leave device
2026-04-23 12:34:15,994 : INFO : coil.c_lower_vuk : Pulsing Driver for 30ms (1.0 pulse_power)
2026-04-23 12:34:16,013 : WARNING : SwitchController : Received duplicate switch state 1 for switch s_lower_vuk from the platform interface. Log Code: Log-SwitchController-1 (https://missionpinball.org/logs)
2026-04-23 12:34:16,030 : WARNING : SwitchController : Received duplicate switch state 1 for switch s_trough_4 from the platform interface. Log Code: Log-SwitchController-1 (https://missionpinball.org/logs)
2026-04-23 12:34:16,068 : INFO : SwitchController : <<<<<<< 's_lower_vuk' inactive >>>>>>>
2026-04-23 12:34:16,068 : INFO : ball_device.bd_lower_vuk : State: ball_left
2026-04-23 12:34:16,068 : INFO : ball_device.bd_lower_vuk : Ball left
2026-04-23 12:34:16,068 : INFO : ball_device.bd_lower_vuk : Wait for confirm with timeout 1.0
2026-04-23 12:34:16,072 : INFO : SwitchController : <<<<<<< 's_trough_4' inactive >>>>>>>
2026-04-23 12:34:16,760 : INFO : BcpServer : New client connected.
2026-04-23 12:34:17,069 : INFO : ball_device.bd_lower_vuk : State: failed_confirm
2026-04-23 12:34:17,070 : INFO : ball_device.bd_lower_vuk : Got timeout (1.0s) before confirm from <playfield.playfield>
2026-04-23 12:34:17,172 : INFO : ball_device.bd_lower_vuk : Confirming eject because target is playfield and ball did not return.
2026-04-23 12:34:17,172 : INFO : ball_device.bd_lower_vuk : Eject successful
2026-04-23 12:34:17,172 : INFO : EventManager : Event: ======'balldevice_bd_lower_vuk_ball_eject_success'====== Args={'balls': 1, 'target': <playfield.playfield>}
2026-04-23 12:34:17,173 : INFO : EventManager : Event: ======'balldevice_playfield_ball_enter'====== Args={'new_balls': 1, 'unclaimed_balls': 1, 'device': <playfield.playfield>}
2026-04-23 12:34:17,173 : INFO : EventManager : Event: ======'playfield_ball_count_change'====== Args={'balls': 1, 'change': 1}
2026-04-23 12:34:17,177 : INFO : EventManager : Event: ======'balldevice_bd_lower_vuk_ball_count_changed'====== Args={'balls': 0}
2026-04-23 12:34:17,177 : INFO : ball_device.bd_lower_vuk : State: idle
2026-04-23 12:34:21,574 : INFO : EventManager : Event: ======'balldevice_bd_trough_ball_count_changed'====== Args={'balls': 4}
2026-04-23 12:34:21,574 : WARNING : ball_device.bd_trough : Ball disappeared while idle. This should not normally happen.
2026-04-23 12:34:21,574 : INFO : EventManager : Event: ======'balldevice_playfield_ball_enter'====== Args={'new_balls': 1, 'unclaimed_balls': 1, 'device': <playfield.playfield>}
2026-04-23 12:34:21,574 : INFO : EventManager : Event: ======'playfield_ball_count_change'====== Args={'balls': 2, 'change': 1}
2026-04-23 12:34:21,574 : INFO : ball_device.bd_trough : 1 ball(s) missing from device. Mechanical eject? False
2026-04-23 12:34:21,574 : INFO : EventManager : Event: ======'balldevice_bd_trough_ball_missing'====== Args={'balls': 1}
2026-04-23 12:34:21,574 : INFO : EventManager : Event: ======'balldevice_ball_missing'====== Args={'balls': 1, 'name': 'bd_trough'}
2026-04-23 12:34:28,438 : INFO : SwitchController : <<<<<<< 's_drop_m' inactive >>>>>>>
2026-04-23 12:34:28,438 : INFO : EventManager : Event: ======'drop_target_mid_up'====== Args={'device': <drop_target.mid>}
2026-04-23 12:34:28,439 : INFO : EventManager : Event: ======'drop_target_bank_mid_mixed'====== Args={'prev_value': <DropTargetBankState.UP: 'up'>, 'down': 1}
2026-04-23 12:34:28,442 : INFO : SwitchController : <<<<<<< 's_drop_m' active >>>>>>>
2026-04-23 12:34:28,442 : INFO : EventManager : Event: ======'drop_target_mid_down'====== Args={'device': <drop_target.mid>}
2026-04-23 12:34:28,443 : INFO : EventManager : Event: ======'drop_target_bank_mid_mixed'====== Args={'prev_value': <DropTargetBankState.MIXED: 'mixed'>, 'down': 2}
2026-04-23 12:37:48,394 : INFO : SwitchController : <<<<<<< 's_drop_m' inactive >>>>>>>
2026-04-23 12:37:48,395 : INFO : EventManager : Event: ======'drop_target_mid_up'====== Args={'device': <drop_target.mid>}
2026-04-23 12:37:48,396 : INFO : EventManager : Event: ======'drop_target_bank_mid_mixed'====== Args={'prev_value': <DropTargetBankState.MIXED: 'mixed'>, 'down': 1}
2026-04-23 12:37:48,617 : INFO : SwitchController : <<<<<<< 's_drop_m' active >>>>>>>
2026-04-23 12:37:48,618 : INFO : EventManager : Event: ======'drop_target_mid_down'====== Args={'device': <drop_target.mid>}
2026-04-23 12:37:48,618 : INFO : EventManager : Event: ======'drop_target_bank_mid_mixed'====== Args={'prev_value': <DropTargetBankState.MIXED: 'mixed'>, 'down': 2}
2026-04-23 12:37:53,055 : INFO : SwitchController : <<<<<<< 's_drop_m' inactive >>>>>>>
2026-04-23 12:37:53,055 : INFO : EventManager : Event: ======'drop_target_mid_up'====== Args={'device': <drop_target.mid>}
2026-04-23 12:37:53,056 : INFO : EventManager : Event: ======'drop_target_bank_mid_mixed'====== Args={'prev_value': <DropTargetBankState.MIXED: 'mixed'>, 'down': 1}
2026-04-23 12:37:53,177 : INFO : SwitchController : <<<<<<< 's_drop_m' active >>>>>>>
2026-04-23 12:37:53,177 : INFO : EventManager : Event: ======'drop_target_mid_down'====== Args={'device': <drop_target.mid>}
2026-04-23 12:37:53,177 : INFO : EventManager : Event: ======'drop_target_bank_mid_mixed'====== Args={'prev_value': <DropTargetBankState.MIXED: 'mixed'>, 'down': 2}
2026-04-23 12:37:53,666 : INFO : SwitchController : <<<<<<< 's_drop_m' inactive >>>>>>>
2026-04-23 12:37:53,666 : INFO : EventManager : Event: ======'drop_target_mid_up'====== Args={'device': <drop_target.mid>}
2026-04-23 12:37:53,667 : INFO : EventManager : Event: ======'drop_target_bank_mid_mixed'====== Args={'prev_value': <DropTargetBankState.MIXED: 'mixed'>, 'down': 1}
2026-04-23 12:37:53,724 : INFO : SwitchController : <<<<<<< 's_drop_m' active >>>>>>>
2026-04-23 12:37:53,724 : INFO : EventManager : Event: ======'drop_target_mid_down'====== Args={'device': <drop_target.mid>}
2026-04-23 12:37:53,725 : INFO : EventManager : Event: ======'drop_target_bank_mid_mixed'====== Args={'prev_value': <DropTargetBankState.MIXED: 'mixed'>, 'down': 2}
2026-04-23 12:38:02,611 : INFO : SwitchController : <<<<<<< 's_flipper_but_l_1' active >>>>>>>
2026-04-23 12:38:02,715 : INFO : SwitchController : <<<<<<< 's_flipper_but_l_1' inactive >>>>>>>
2026-04-23 12:43:03,580 : INFO : SwitchController : <<<<<<< 's_drop_m' inactive >>>>>>>
2026-04-23 12:43:03,580 : INFO : EventManager : Event: ======'drop_target_mid_up'====== Args={'device': <drop_target.mid>}
2026-04-23 12:43:03,581 : INFO : EventManager : Event: ======'drop_target_bank_mid_mixed'====== Args={'prev_value': <DropTargetBankState.MIXED: 'mixed'>, 'down': 1}
2026-04-23 12:43:03,602 : INFO : SwitchController : <<<<<<< 's_drop_m' active >>>>>>>
2026-04-23 12:43:03,602 : INFO : EventManager : Event: ======'drop_target_mid_down'====== Args={'device': <drop_target.mid>}
2026-04-23 12:43:03,603 : INFO : EventManager : Event: ======'drop_target_bank_mid_mixed'====== Args={'prev_value': <DropTargetBankState.MIXED: 'mixed'>, 'down': 2}
2026-04-23 12:45:29,710 : INFO : SwitchController : <<<<<<< 's_flipper_but_r_1' active >>>>>>>
2026-04-23 12:45:29,900 : INFO : SwitchController : <<<<<<< 's_flipper_but_r_1' inactive >>>>>>>
2026-04-23 12:53:01,806 : INFO : SwitchController : <<<<<<< 's_drop_m' inactive >>>>>>>
2026-04-23 12:53:01,806 : INFO : EventManager : Event: ======'drop_target_mid_up'====== Args={'device': <drop_target.mid>}
2026-04-23 12:53:01,807 : INFO : EventManager : Event: ======'drop_target_bank_mid_mixed'====== Args={'prev_value': <DropTargetBankState.MIXED: 'mixed'>, 'down': 1}
2026-04-23 12:53:02,067 : INFO : SwitchController : <<<<<<< 's_drop_m' active >>>>>>>
2026-04-23 12:53:02,067 : INFO : EventManager : Event: ======'drop_target_mid_down'====== Args={'device': <drop_target.mid>}
2026-04-23 12:53:02,067 : INFO : EventManager : Event: ======'drop_target_bank_mid_mixed'====== Args={'prev_value': <DropTargetBankState.MIXED: 'mixed'>, 'down': 2}
2026-04-23 12:53:21,862 : INFO : SwitchController : <<<<<<< 's_flipper_but_r_1' active >>>>>>>
2026-04-23 12:53:21,866 : INFO : SwitchController : <<<<<<< 's_flipper_but_r_2' active >>>>>>>
2026-04-23 12:53:22,084 : INFO : SwitchController : <<<<<<< 's_flipper_but_r_2' inactive >>>>>>>
2026-04-23 12:53:22,100 : INFO : SwitchController : <<<<<<< 's_flipper_but_r_1' inactive >>>>>>>
2026-04-23 12:53:22,448 : INFO : SwitchController : <<<<<<< 's_flipper_but_r_1' active >>>>>>>
2026-04-23 12:53:22,499 : INFO : SwitchController : <<<<<<< 's_flipper_but_r_2' active >>>>>>>
2026-04-23 12:53:22,741 : INFO : SwitchController : <<<<<<< 's_flipper_but_r_2' inactive >>>>>>>
2026-04-23 12:53:22,760 : INFO : SwitchController : <<<<<<< 's_flipper_but_r_1' inactive >>>>>>>
2026-04-23 12:53:23,554 : INFO : SwitchController : <<<<<<< 's_flipper_but_r_1' active >>>>>>>
2026-04-23 12:53:23,562 : INFO : SwitchController : <<<<<<< 's_flipper_but_r_2' active >>>>>>>
2026-04-23 12:53:23,679 : INFO : SwitchController : <<<<<<< 's_flipper_but_r_2' inactive >>>>>>>
2026-04-23 12:53:23,695 : INFO : SwitchController : <<<<<<< 's_flipper_but_r_1' inactive >>>>>>>
2026-04-23 12:53:28,811 : INFO : SwitchController : <<<<<<< 's_flipper_but_r_1' active >>>>>>>
2026-04-23 12:53:28,829 : INFO : SwitchController : <<<<<<< 's_flipper_but_r_2' active >>>>>>>
2026-04-23 12:53:29,147 : INFO : SwitchController : <<<<<<< 's_flipper_but_r_2' inactive >>>>>>>
2026-04-23 12:53:29,155 : INFO : SwitchController : <<<<<<< 's_flipper_but_r_1' inactive >>>>>>>
2026-04-23 12:53:31,652 : INFO : SwitchController : <<<<<<< 's_flipper_but_r_1' active >>>>>>>
2026-04-23 12:53:31,669 : INFO : SwitchController : <<<<<<< 's_flipper_but_r_2' active >>>>>>>
2026-04-23 12:53:31,769 : INFO : SwitchController : <<<<<<< 's_flipper_but_r_2' inactive >>>>>>>
2026-04-23 12:53:31,785 : INFO : SwitchController : <<<<<<< 's_flipper_but_r_1' inactive >>>>>>>
2026-04-23 12:53:37,181 : INFO : SwitchController : <<<<<<< 's_trough_4' active >>>>>>>
2026-04-23 12:53:37,209 : INFO : SwitchController : <<<<<<< 's_trough_4' inactive >>>>>>>
2026-04-23 12:53:37,424 : INFO : SwitchController : <<<<<<< 's_trough_4' active >>>>>>>
2026-04-23 12:53:37,430 : INFO : SwitchController : <<<<<<< 's_trough_4' inactive >>>>>>>
2026-04-23 12:53:37,679 : INFO : SwitchController : <<<<<<< 's_trough_4' active >>>>>>>
2026-04-23 12:53:37,694 : INFO : SwitchController : <<<<<<< 's_trough_4' inactive >>>>>>>
2026-04-23 12:53:38,038 : INFO : SwitchController : <<<<<<< 's_trough_4' active >>>>>>>
2026-04-23 12:53:38,539 : INFO : EventManager : Event: ======'balldevice_bd_trough_ball_count_changed'====== Args={'balls': 5}
2026-04-23 12:53:38,539 : INFO : ball_device.bd_trough : Received unexpected ball
2026-04-23 12:53:38,539 : INFO : EventManager : Event: ======'balldevice_captured_from_playfield'====== Args={'balls': 1}
2026-04-23 12:53:38,541 : INFO : EventManager : Event: ======'sw_playfield_active'====== Args={'balls': 1}
2026-04-23 12:53:38,541 : INFO : EventManager : Event: ======'playfield_ball_count_change'====== Args={'balls': 1, 'change': -1}
2026-04-23 12:53:38,541 : INFO : EventManager : Event: ======'balldevice_bd_trough_ball_enter'====== Args={'new_balls': 1, 'unclaimed_balls': 1, 'new_available_balls': 1, 'device': <ball_device.bd_trough>}
2026-04-23 12:53:38,541 : INFO : EventManager : Event: ======'ball_drain'====== Args={'device': <ball_device.bd_trough>, 'balls': 1}
2026-04-23 12:53:38,542 : INFO : EventManager : Event: ======'balldevice_balls_available'====== Args={}
2026-04-23 12:53:38,542 : INFO : EventManager : Event: ======'balldevice_bd_trough_ball_entered'====== Args={'new_balls': 1, 'device': <ball_device.bd_trough>}
2026-04-23 12:53:38,679 : INFO : SwitchController : <<<<<<< 's_trough_4' inactive >>>>>>>
2026-04-23 12:53:38,758 : INFO : SwitchController : <<<<<<< 's_trough_4' active >>>>>>>
2026-04-23 12:53:38,797 : INFO : SwitchController : <<<<<<< 's_trough_4' inactive >>>>>>>
2026-04-23 12:53:39,042 : INFO : SwitchController : <<<<<<< 's_trough_4' active >>>>>>>
2026-04-23 12:53:39,059 : INFO : SwitchController : <<<<<<< 's_trough_4' inactive >>>>>>>
2026-04-23 12:53:39,104 : INFO : SwitchController : <<<<<<< 's_trough_4' active >>>>>>>
2026-04-23 12:53:39,128 : INFO : SwitchController : <<<<<<< 's_trough_4' inactive >>>>>>>
2026-04-23 12:53:39,178 : INFO : SwitchController : <<<<<<< 's_trough_4' active >>>>>>>
2026-04-23 12:53:39,201 : INFO : SwitchController : <<<<<<< 's_trough_4' inactive >>>>>>>
2026-04-23 12:53:39,281 : INFO : SwitchController : <<<<<<< 's_trough_4' active >>>>>>>
2026-04-23 12:53:39,358 : INFO : SwitchController : <<<<<<< 's_trough_4' inactive >>>>>>>
2026-04-23 12:53:39,556 : WARNING : SwitchController : Received duplicate switch state 1 for switch s_trough_3 from the platform interface. Log Code: Log-SwitchController-1 (https://missionpinball.org/logs)
2026-04-23 12:53:39,824 : INFO : SwitchController : <<<<<<< 's_trough_3' inactive >>>>>>>
2026-04-23 12:53:42,927 : INFO : SwitchController : <<<<<<< 's_trough_4' active >>>>>>>
2026-04-23 12:53:42,961 : INFO : SwitchController : <<<<<<< 's_trough_4' inactive >>>>>>>
2026-04-23 12:53:45,326 : INFO : EventManager : Event: ======'balldevice_bd_trough_ball_count_changed'====== Args={'balls': 3}
2026-04-23 12:53:45,326 : WARNING : ball_device.bd_trough : Ball disappeared while idle. This should not normally happen.
2026-04-23 12:53:45,326 : INFO : EventManager : Event: ======'balldevice_playfield_ball_enter'====== Args={'new_balls': 1, 'unclaimed_balls': 1, 'device': <playfield.playfield>}
2026-04-23 12:53:45,326 : INFO : EventManager : Event: ======'playfield_ball_count_change'====== Args={'balls': 2, 'change': 1}
2026-04-23 12:53:45,326 : INFO : ball_device.bd_trough : 1 ball(s) missing from device. Mechanical eject? False
2026-04-23 12:53:45,326 : INFO : EventManager : Event: ======'balldevice_bd_trough_ball_missing'====== Args={'balls': 1}
2026-04-23 12:53:45,326 : INFO : EventManager : Event: ======'balldevice_ball_missing'====== Args={'balls': 1, 'name': 'bd_trough'}
2026-04-23 12:53:45,327 : WARNING : ball_device.bd_trough : Ball disappeared while idle. This should not normally happen.
2026-04-23 12:53:45,327 : INFO : EventManager : Event: ======'balldevice_playfield_ball_enter'====== Args={'new_balls': 1, 'unclaimed_balls': 1, 'device': <playfield.playfield>}
2026-04-23 12:53:45,327 : INFO : EventManager : Event: ======'playfield_ball_count_change'====== Args={'balls': 3, 'change': 1}
2026-04-23 12:53:45,327 : INFO : ball_device.bd_trough : 1 ball(s) missing from device. Mechanical eject? False
2026-04-23 12:53:45,327 : INFO : EventManager : Event: ======'balldevice_bd_trough_ball_missing'====== Args={'balls': 1}
2026-04-23 12:53:45,327 : INFO : EventManager : Event: ======'balldevice_ball_missing'====== Args={'balls': 1, 'name': 'bd_trough'}
2026-04-23 12:53:50,506 : INFO : SwitchController : <<<<<<< 's_flipper_but_r_1' active >>>>>>>
2026-04-23 12:53:50,513 : INFO : SwitchController : <<<<<<< 's_flipper_but_r_2' active >>>>>>>
2026-04-23 12:53:50,857 : INFO : SwitchController : <<<<<<< 's_flipper_but_r_2' inactive >>>>>>>
2026-04-23 12:53:50,874 : INFO : SwitchController : <<<<<<< 's_flipper_but_r_1' inactive >>>>>>>
2026-04-23 12:53:51,653 : INFO : SwitchController : <<<<<<< 's_flipper_but_l_1' active >>>>>>>
2026-04-23 12:53:51,654 : INFO : SwitchController : <<<<<<< 's_flipper_but_l_2' active >>>>>>>
2026-04-23 12:53:51,847 : INFO : SwitchController : <<<<<<< 's_flipper_but_l_2' inactive >>>>>>>
2026-04-23 12:53:51,851 : INFO : SwitchController : <<<<<<< 's_flipper_but_l_1' inactive >>>>>>>
2026-04-23 12:53:52,250 : INFO : SwitchController : <<<<<<< 's_flipper_but_l_1' active >>>>>>>
2026-04-23 12:53:52,257 : INFO : SwitchController : <<<<<<< 's_flipper_but_l_2' active >>>>>>>
2026-04-23 12:53:52,438 : INFO : SwitchController : <<<<<<< 's_flipper_but_l_2' inactive >>>>>>>
2026-04-23 12:53:52,444 : INFO : SwitchController : <<<<<<< 's_flipper_but_l_1' inactive >>>>>>>
2026-04-23 12:53:52,753 : INFO : SwitchController : <<<<<<< 's_flipper_but_r_1' active >>>>>>>
2026-04-23 12:53:52,758 : INFO : SwitchController : <<<<<<< 's_flipper_but_r_2' active >>>>>>>
2026-04-23 12:53:52,912 : INFO : SwitchController : <<<<<<< 's_flipper_but_r_2' inactive >>>>>>>
2026-04-23 12:53:52,920 : INFO : SwitchController : <<<<<<< 's_flipper_but_r_1' inactive >>>>>>>
2026-04-23 12:53:58,922 : INFO : SwitchController : <<<<<<< 's_drop_r' inactive >>>>>>>
2026-04-23 12:53:58,922 : INFO : EventManager : Event: ======'drop_target_right_up'====== Args={'device': <drop_target.right>}
2026-04-23 12:53:58,922 : INFO : EventManager : Event: ======'drop_target_bank_mid_mixed'====== Args={'prev_value': <DropTargetBankState.MIXED: 'mixed'>, 'down': 1}
2026-04-23 12:53:58,968 : INFO : SwitchController : <<<<<<< 's_drop_m' inactive >>>>>>>
2026-04-23 12:53:58,968 : INFO : EventManager : Event: ======'drop_target_mid_up'====== Args={'device': <drop_target.mid>}
2026-04-23 12:53:58,968 : INFO : EventManager : Event: ======'drop_target_bank_mid_up'====== Args={}
2026-04-23 12:59:41,865 : INFO : Machine : Shutting down...
2026-04-23 12:59:41,877 : INFO : EventManager : Event: ======'shutdown'====== Args={}
2026-04-23 12:59:42,062 : INFO : root : MPF run loop ended.
